[2023-09-02T15:41:06.563+0900] {taskinstance.py:1159} INFO - Dependencies all met for dep_context=non-requeueable deps ti=<TaskInstance: naver-search-pipeline.creating_table manual__2023-09-02T06:41:03.348219+00:00 [queued]>
[2023-09-02T15:41:06.567+0900] {taskinstance.py:1159} INFO - Dependencies all met for dep_context=requeueable deps ti=<TaskInstance: naver-search-pipeline.creating_table manual__2023-09-02T06:41:03.348219+00:00 [queued]>
[2023-09-02T15:41:06.568+0900] {taskinstance.py:1361} INFO - Starting attempt 1 of 1
[2023-09-02T15:41:06.577+0900] {taskinstance.py:1382} INFO - Executing <Task(SqliteOperator): creating_table> on 2023-09-02 06:41:03.348219+00:00
[2023-09-02T15:41:06.585+0900] {standard_task_runner.py:57} INFO - Started process 51572 to run task
[2023-09-02T15:41:06.589+0900] {standard_task_runner.py:84} INFO - Running: ['airflow', 'tasks', 'run', 'naver-search-pipeline', 'creating_table', 'manual__2023-09-02T06:41:03.348219+00:00', '--job-id', '28', '--raw', '--subdir', 'DAGS_FOLDER/naver_search_pipeline.py', '--cfg-path', '/tmp/tmp977f8koy']
[2023-09-02T15:41:06.589+0900] {standard_task_runner.py:85} INFO - Job 28: Subtask creating_table
[2023-09-02T15:41:06.610+0900] {task_command.py:415} INFO - Running <TaskInstance: naver-search-pipeline.creating_table manual__2023-09-02T06:41:03.348219+00:00 [running]> on host e2ca8eff8ec8
[2023-09-02T15:41:06.637+0900] {taskinstance.py:1660} INFO - Exporting env vars: AIRFLOW_CTX_DAG_OWNER='airflow' AIRFLOW_CTX_DAG_ID='naver-search-pipeline' AIRFLOW_CTX_TASK_ID='creating_table' AIRFLOW_CTX_EXECUTION_DATE='2023-09-02T06:41:03.348219+00:00' AIRFLOW_CTX_TRY_NUMBER='1' AIRFLOW_CTX_DAG_RUN_ID='manual__2023-09-02T06:41:03.348219+00:00'
[2023-09-02T15:41:06.638+0900] {sql.py:274} INFO - Executing: 
            CREATE TABLE IF NOT EXISTS naver_search_result( 
                title TEXT,
                address TEXT,
                category TEXT,
                description TEXT,
                link TEXT
            )
        
[2023-09-02T15:41:06.643+0900] {base.py:73} INFO - Using connection ID 'db_sqlite' for task execution.
[2023-09-02T15:41:06.672+0900] {base.py:73} INFO - Using connection ID 'db_sqlite' for task execution.
[2023-09-02T15:41:06.673+0900] {sql.py:418} INFO - Running statement: 
            CREATE TABLE IF NOT EXISTS naver_search_result( 
                title TEXT,
                address TEXT,
                category TEXT,
                description TEXT,
                link TEXT
            )
        , parameters: None
[2023-09-02T15:41:06.675+0900] {taskinstance.py:1400} INFO - Marking task as SUCCESS. dag_id=naver-search-pipeline, task_id=creating_table, execution_date=20230902T064103, start_date=20230902T064106, end_date=20230902T064106
[2023-09-02T15:41:06.725+0900] {local_task_job_runner.py:228} INFO - Task exited with return code 0
[2023-09-02T15:41:06.736+0900] {taskinstance.py:2784} INFO - 1 downstream tasks scheduled from follow-on schedule check
