[2023-09-01T13:07:24.593+0900] {processor.py:157} INFO - Started process (PID=1367) to work on /usr/local/lib/python3.8/dist-packages/airflow/example_dags/plugins/event_listener.py
[2023-09-01T13:07:24.593+0900] {processor.py:829} INFO - Processing file /usr/local/lib/python3.8/dist-packages/airflow/example_dags/plugins/event_listener.py for tasks to queue
[2023-09-01T13:07:24.595+0900] {logging_mixin.py:151} INFO - [2023-09-01T13:07:24.594+0900] {dagbag.py:539} INFO - Filling up the DagBag from /usr/local/lib/python3.8/dist-packages/airflow/example_dags/plugins/event_listener.py
[2023-09-01T13:07:24.597+0900] {processor.py:841} WARNING - No viable dags retrieved from /usr/local/lib/python3.8/dist-packages/airflow/example_dags/plugins/event_listener.py
[2023-09-01T13:07:24.604+0900] {processor.py:179} INFO - Processing /usr/local/lib/python3.8/dist-packages/airflow/example_dags/plugins/event_listener.py took 0.013 seconds
[2023-09-01T13:08:14.794+0900] {processor.py:157} INFO - Started process (PID=2379) to work on /usr/local/lib/python3.8/dist-packages/airflow/example_dags/plugins/event_listener.py
[2023-09-01T13:08:14.796+0900] {processor.py:829} INFO - Processing file /usr/local/lib/python3.8/dist-packages/airflow/example_dags/plugins/event_listener.py for tasks to queue
[2023-09-01T13:08:14.798+0900] {logging_mixin.py:151} INFO - [2023-09-01T13:08:14.797+0900] {dagbag.py:539} INFO - Filling up the DagBag from /usr/local/lib/python3.8/dist-packages/airflow/example_dags/plugins/event_listener.py
[2023-09-01T13:08:14.800+0900] {processor.py:841} WARNING - No viable dags retrieved from /usr/local/lib/python3.8/dist-packages/airflow/example_dags/plugins/event_listener.py
[2023-09-01T13:08:14.806+0900] {processor.py:179} INFO - Processing /usr/local/lib/python3.8/dist-packages/airflow/example_dags/plugins/event_listener.py took 0.015 seconds
[2023-09-01T13:08:53.346+0900] {processor.py:157} INFO - Started process (PID=3951) to work on /usr/local/lib/python3.8/dist-packages/airflow/example_dags/plugins/event_listener.py
[2023-09-01T13:08:53.348+0900] {processor.py:829} INFO - Processing file /usr/local/lib/python3.8/dist-packages/airflow/example_dags/plugins/event_listener.py for tasks to queue
[2023-09-01T13:08:53.350+0900] {logging_mixin.py:151} INFO - [2023-09-01T13:08:53.349+0900] {dagbag.py:539} INFO - Filling up the DagBag from /usr/local/lib/python3.8/dist-packages/airflow/example_dags/plugins/event_listener.py
[2023-09-01T13:08:53.353+0900] {processor.py:841} WARNING - No viable dags retrieved from /usr/local/lib/python3.8/dist-packages/airflow/example_dags/plugins/event_listener.py
[2023-09-01T13:08:53.360+0900] {processor.py:179} INFO - Processing /usr/local/lib/python3.8/dist-packages/airflow/example_dags/plugins/event_listener.py took 0.020 seconds
[2023-09-01T13:09:31.094+0900] {processor.py:157} INFO - Started process (PID=4339) to work on /usr/local/lib/python3.8/dist-packages/airflow/example_dags/plugins/event_listener.py
[2023-09-01T13:09:31.096+0900] {processor.py:829} INFO - Processing file /usr/local/lib/python3.8/dist-packages/airflow/example_dags/plugins/event_listener.py for tasks to queue
[2023-09-01T13:09:31.098+0900] {logging_mixin.py:151} INFO - [2023-09-01T13:09:31.097+0900] {dagbag.py:539} INFO - Filling up the DagBag from /usr/local/lib/python3.8/dist-packages/airflow/example_dags/plugins/event_listener.py
[2023-09-01T13:09:31.101+0900] {processor.py:841} WARNING - No viable dags retrieved from /usr/local/lib/python3.8/dist-packages/airflow/example_dags/plugins/event_listener.py
[2023-09-01T13:09:31.113+0900] {processor.py:179} INFO - Processing /usr/local/lib/python3.8/dist-packages/airflow/example_dags/plugins/event_listener.py took 0.023 seconds
[2023-09-01T13:10:16.253+0900] {processor.py:157} INFO - Started process (PID=4770) to work on /usr/local/lib/python3.8/dist-packages/airflow/example_dags/plugins/event_listener.py
[2023-09-01T13:10:16.255+0900] {processor.py:829} INFO - Processing file /usr/local/lib/python3.8/dist-packages/airflow/example_dags/plugins/event_listener.py for tasks to queue
[2023-09-01T13:10:16.257+0900] {logging_mixin.py:151} INFO - [2023-09-01T13:10:16.256+0900] {dagbag.py:539} INFO - Filling up the DagBag from /usr/local/lib/python3.8/dist-packages/airflow/example_dags/plugins/event_listener.py
[2023-09-01T13:10:16.261+0900] {processor.py:841} WARNING - No viable dags retrieved from /usr/local/lib/python3.8/dist-packages/airflow/example_dags/plugins/event_listener.py
[2023-09-01T13:10:16.273+0900] {processor.py:179} INFO - Processing /usr/local/lib/python3.8/dist-packages/airflow/example_dags/plugins/event_listener.py took 0.025 seconds
[2023-09-01T13:11:00.578+0900] {processor.py:157} INFO - Started process (PID=5195) to work on /usr/local/lib/python3.8/dist-packages/airflow/example_dags/plugins/event_listener.py
[2023-09-01T13:11:00.579+0900] {processor.py:829} INFO - Processing file /usr/local/lib/python3.8/dist-packages/airflow/example_dags/plugins/event_listener.py for tasks to queue
[2023-09-01T13:11:00.581+0900] {logging_mixin.py:151} INFO - [2023-09-01T13:11:00.580+0900] {dagbag.py:539} INFO - Filling up the DagBag from /usr/local/lib/python3.8/dist-packages/airflow/example_dags/plugins/event_listener.py
[2023-09-01T13:11:00.584+0900] {processor.py:841} WARNING - No viable dags retrieved from /usr/local/lib/python3.8/dist-packages/airflow/example_dags/plugins/event_listener.py
[2023-09-01T13:11:00.593+0900] {processor.py:179} INFO - Processing /usr/local/lib/python3.8/dist-packages/airflow/example_dags/plugins/event_listener.py took 0.021 seconds
[2023-09-01T13:11:35.168+0900] {processor.py:157} INFO - Started process (PID=5561) to work on /usr/local/lib/python3.8/dist-packages/airflow/example_dags/plugins/event_listener.py
[2023-09-01T13:11:35.169+0900] {processor.py:829} INFO - Processing file /usr/local/lib/python3.8/dist-packages/airflow/example_dags/plugins/event_listener.py for tasks to queue
[2023-09-01T13:11:35.170+0900] {logging_mixin.py:151} INFO - [2023-09-01T13:11:35.169+0900] {dagbag.py:539} INFO - Filling up the DagBag from /usr/local/lib/python3.8/dist-packages/airflow/example_dags/plugins/event_listener.py
[2023-09-01T13:11:35.173+0900] {processor.py:841} WARNING - No viable dags retrieved from /usr/local/lib/python3.8/dist-packages/airflow/example_dags/plugins/event_listener.py
[2023-09-01T13:11:35.183+0900] {processor.py:179} INFO - Processing /usr/local/lib/python3.8/dist-packages/airflow/example_dags/plugins/event_listener.py took 0.020 seconds
[2023-09-01T13:12:49.620+0900] {processor.py:157} INFO - Started process (PID=5813) to work on /usr/local/lib/python3.8/dist-packages/airflow/example_dags/plugins/event_listener.py
[2023-09-01T13:12:49.621+0900] {processor.py:829} INFO - Processing file /usr/local/lib/python3.8/dist-packages/airflow/example_dags/plugins/event_listener.py for tasks to queue
[2023-09-01T13:12:49.622+0900] {logging_mixin.py:151} INFO - [2023-09-01T13:12:49.621+0900] {dagbag.py:539} INFO - Filling up the DagBag from /usr/local/lib/python3.8/dist-packages/airflow/example_dags/plugins/event_listener.py
[2023-09-01T13:12:49.623+0900] {processor.py:841} WARNING - No viable dags retrieved from /usr/local/lib/python3.8/dist-packages/airflow/example_dags/plugins/event_listener.py
[2023-09-01T13:12:49.630+0900] {processor.py:179} INFO - Processing /usr/local/lib/python3.8/dist-packages/airflow/example_dags/plugins/event_listener.py took 0.012 seconds
[2023-09-01T13:13:27.828+0900] {processor.py:157} INFO - Started process (PID=6214) to work on /usr/local/lib/python3.8/dist-packages/airflow/example_dags/plugins/event_listener.py
[2023-09-01T13:13:27.829+0900] {processor.py:829} INFO - Processing file /usr/local/lib/python3.8/dist-packages/airflow/example_dags/plugins/event_listener.py for tasks to queue
[2023-09-01T13:13:27.831+0900] {logging_mixin.py:151} INFO - [2023-09-01T13:13:27.830+0900] {dagbag.py:539} INFO - Filling up the DagBag from /usr/local/lib/python3.8/dist-packages/airflow/example_dags/plugins/event_listener.py
[2023-09-01T13:13:27.835+0900] {processor.py:841} WARNING - No viable dags retrieved from /usr/local/lib/python3.8/dist-packages/airflow/example_dags/plugins/event_listener.py
[2023-09-01T13:13:27.847+0900] {processor.py:179} INFO - Processing /usr/local/lib/python3.8/dist-packages/airflow/example_dags/plugins/event_listener.py took 0.025 seconds
[2023-09-01T13:14:09.606+0900] {processor.py:157} INFO - Started process (PID=6615) to work on /usr/local/lib/python3.8/dist-packages/airflow/example_dags/plugins/event_listener.py
[2023-09-01T13:14:09.608+0900] {processor.py:829} INFO - Processing file /usr/local/lib/python3.8/dist-packages/airflow/example_dags/plugins/event_listener.py for tasks to queue
[2023-09-01T13:14:09.609+0900] {logging_mixin.py:151} INFO - [2023-09-01T13:14:09.609+0900] {dagbag.py:539} INFO - Filling up the DagBag from /usr/local/lib/python3.8/dist-packages/airflow/example_dags/plugins/event_listener.py
[2023-09-01T13:14:09.613+0900] {processor.py:841} WARNING - No viable dags retrieved from /usr/local/lib/python3.8/dist-packages/airflow/example_dags/plugins/event_listener.py
[2023-09-01T13:14:09.626+0900] {processor.py:179} INFO - Processing /usr/local/lib/python3.8/dist-packages/airflow/example_dags/plugins/event_listener.py took 0.027 seconds
[2023-09-01T13:14:52.884+0900] {processor.py:157} INFO - Started process (PID=7519) to work on /usr/local/lib/python3.8/dist-packages/airflow/example_dags/plugins/event_listener.py
[2023-09-01T13:14:52.885+0900] {processor.py:829} INFO - Processing file /usr/local/lib/python3.8/dist-packages/airflow/example_dags/plugins/event_listener.py for tasks to queue
[2023-09-01T13:14:52.886+0900] {logging_mixin.py:151} INFO - [2023-09-01T13:14:52.885+0900] {dagbag.py:539} INFO - Filling up the DagBag from /usr/local/lib/python3.8/dist-packages/airflow/example_dags/plugins/event_listener.py
[2023-09-01T13:14:52.888+0900] {processor.py:841} WARNING - No viable dags retrieved from /usr/local/lib/python3.8/dist-packages/airflow/example_dags/plugins/event_listener.py
[2023-09-01T13:14:52.894+0900] {processor.py:179} INFO - Processing /usr/local/lib/python3.8/dist-packages/airflow/example_dags/plugins/event_listener.py took 0.013 seconds
[2023-09-01T13:15:36.440+0900] {processor.py:157} INFO - Started process (PID=8072) to work on /usr/local/lib/python3.8/dist-packages/airflow/example_dags/plugins/event_listener.py
[2023-09-01T13:15:36.442+0900] {processor.py:829} INFO - Processing file /usr/local/lib/python3.8/dist-packages/airflow/example_dags/plugins/event_listener.py for tasks to queue
[2023-09-01T13:15:36.443+0900] {logging_mixin.py:151} INFO - [2023-09-01T13:15:36.442+0900] {dagbag.py:539} INFO - Filling up the DagBag from /usr/local/lib/python3.8/dist-packages/airflow/example_dags/plugins/event_listener.py
[2023-09-01T13:15:36.445+0900] {processor.py:841} WARNING - No viable dags retrieved from /usr/local/lib/python3.8/dist-packages/airflow/example_dags/plugins/event_listener.py
[2023-09-01T13:15:36.455+0900] {processor.py:179} INFO - Processing /usr/local/lib/python3.8/dist-packages/airflow/example_dags/plugins/event_listener.py took 0.019 seconds
[2023-09-01T13:16:21.545+0900] {processor.py:157} INFO - Started process (PID=8509) to work on /usr/local/lib/python3.8/dist-packages/airflow/example_dags/plugins/event_listener.py
[2023-09-01T13:16:21.546+0900] {processor.py:829} INFO - Processing file /usr/local/lib/python3.8/dist-packages/airflow/example_dags/plugins/event_listener.py for tasks to queue
[2023-09-01T13:16:21.548+0900] {logging_mixin.py:151} INFO - [2023-09-01T13:16:21.547+0900] {dagbag.py:539} INFO - Filling up the DagBag from /usr/local/lib/python3.8/dist-packages/airflow/example_dags/plugins/event_listener.py
[2023-09-01T13:16:21.552+0900] {processor.py:841} WARNING - No viable dags retrieved from /usr/local/lib/python3.8/dist-packages/airflow/example_dags/plugins/event_listener.py
[2023-09-01T13:16:21.563+0900] {processor.py:179} INFO - Processing /usr/local/lib/python3.8/dist-packages/airflow/example_dags/plugins/event_listener.py took 0.025 seconds
[2023-09-01T13:17:05.051+0900] {processor.py:157} INFO - Started process (PID=8921) to work on /usr/local/lib/python3.8/dist-packages/airflow/example_dags/plugins/event_listener.py
[2023-09-01T13:17:05.052+0900] {processor.py:829} INFO - Processing file /usr/local/lib/python3.8/dist-packages/airflow/example_dags/plugins/event_listener.py for tasks to queue
[2023-09-01T13:17:05.054+0900] {logging_mixin.py:151} INFO - [2023-09-01T13:17:05.053+0900] {dagbag.py:539} INFO - Filling up the DagBag from /usr/local/lib/python3.8/dist-packages/airflow/example_dags/plugins/event_listener.py
[2023-09-01T13:17:05.058+0900] {processor.py:841} WARNING - No viable dags retrieved from /usr/local/lib/python3.8/dist-packages/airflow/example_dags/plugins/event_listener.py
[2023-09-01T13:17:05.068+0900] {processor.py:179} INFO - Processing /usr/local/lib/python3.8/dist-packages/airflow/example_dags/plugins/event_listener.py took 0.023 seconds
[2023-09-01T13:17:51.339+0900] {processor.py:157} INFO - Started process (PID=9372) to work on /usr/local/lib/python3.8/dist-packages/airflow/example_dags/plugins/event_listener.py
[2023-09-01T13:17:51.340+0900] {processor.py:829} INFO - Processing file /usr/local/lib/python3.8/dist-packages/airflow/example_dags/plugins/event_listener.py for tasks to queue
[2023-09-01T13:17:51.342+0900] {logging_mixin.py:151} INFO - [2023-09-01T13:17:51.341+0900] {dagbag.py:539} INFO - Filling up the DagBag from /usr/local/lib/python3.8/dist-packages/airflow/example_dags/plugins/event_listener.py
[2023-09-01T13:17:51.345+0900] {processor.py:841} WARNING - No viable dags retrieved from /usr/local/lib/python3.8/dist-packages/airflow/example_dags/plugins/event_listener.py
[2023-09-01T13:17:51.357+0900] {processor.py:179} INFO - Processing /usr/local/lib/python3.8/dist-packages/airflow/example_dags/plugins/event_listener.py took 0.023 seconds
[2023-09-01T13:18:36.945+0900] {processor.py:157} INFO - Started process (PID=9865) to work on /usr/local/lib/python3.8/dist-packages/airflow/example_dags/plugins/event_listener.py
[2023-09-01T13:18:36.946+0900] {processor.py:829} INFO - Processing file /usr/local/lib/python3.8/dist-packages/airflow/example_dags/plugins/event_listener.py for tasks to queue
[2023-09-01T13:18:36.947+0900] {logging_mixin.py:151} INFO - [2023-09-01T13:18:36.946+0900] {dagbag.py:539} INFO - Filling up the DagBag from /usr/local/lib/python3.8/dist-packages/airflow/example_dags/plugins/event_listener.py
[2023-09-01T13:18:36.950+0900] {processor.py:841} WARNING - No viable dags retrieved from /usr/local/lib/python3.8/dist-packages/airflow/example_dags/plugins/event_listener.py
[2023-09-01T13:18:36.961+0900] {processor.py:179} INFO - Processing /usr/local/lib/python3.8/dist-packages/airflow/example_dags/plugins/event_listener.py took 0.021 seconds
[2023-09-01T13:19:21.533+0900] {processor.py:157} INFO - Started process (PID=10303) to work on /usr/local/lib/python3.8/dist-packages/airflow/example_dags/plugins/event_listener.py
[2023-09-01T13:19:21.535+0900] {processor.py:829} INFO - Processing file /usr/local/lib/python3.8/dist-packages/airflow/example_dags/plugins/event_listener.py for tasks to queue
[2023-09-01T13:19:21.536+0900] {logging_mixin.py:151} INFO - [2023-09-01T13:19:21.535+0900] {dagbag.py:539} INFO - Filling up the DagBag from /usr/local/lib/python3.8/dist-packages/airflow/example_dags/plugins/event_listener.py
[2023-09-01T13:19:21.540+0900] {processor.py:841} WARNING - No viable dags retrieved from /usr/local/lib/python3.8/dist-packages/airflow/example_dags/plugins/event_listener.py
[2023-09-01T13:19:21.551+0900] {processor.py:179} INFO - Processing /usr/local/lib/python3.8/dist-packages/airflow/example_dags/plugins/event_listener.py took 0.023 seconds
[2023-09-01T13:20:07.263+0900] {processor.py:157} INFO - Started process (PID=10731) to work on /usr/local/lib/python3.8/dist-packages/airflow/example_dags/plugins/event_listener.py
[2023-09-01T13:20:07.264+0900] {processor.py:829} INFO - Processing file /usr/local/lib/python3.8/dist-packages/airflow/example_dags/plugins/event_listener.py for tasks to queue
[2023-09-01T13:20:07.264+0900] {logging_mixin.py:151} INFO - [2023-09-01T13:20:07.264+0900] {dagbag.py:539} INFO - Filling up the DagBag from /usr/local/lib/python3.8/dist-packages/airflow/example_dags/plugins/event_listener.py
[2023-09-01T13:20:07.266+0900] {processor.py:841} WARNING - No viable dags retrieved from /usr/local/lib/python3.8/dist-packages/airflow/example_dags/plugins/event_listener.py
[2023-09-01T13:20:07.273+0900] {processor.py:179} INFO - Processing /usr/local/lib/python3.8/dist-packages/airflow/example_dags/plugins/event_listener.py took 0.015 seconds
[2023-09-01T13:20:49.716+0900] {processor.py:157} INFO - Started process (PID=11170) to work on /usr/local/lib/python3.8/dist-packages/airflow/example_dags/plugins/event_listener.py
[2023-09-01T13:20:49.718+0900] {processor.py:829} INFO - Processing file /usr/local/lib/python3.8/dist-packages/airflow/example_dags/plugins/event_listener.py for tasks to queue
[2023-09-01T13:20:49.719+0900] {logging_mixin.py:151} INFO - [2023-09-01T13:20:49.718+0900] {dagbag.py:539} INFO - Filling up the DagBag from /usr/local/lib/python3.8/dist-packages/airflow/example_dags/plugins/event_listener.py
[2023-09-01T13:20:49.722+0900] {processor.py:841} WARNING - No viable dags retrieved from /usr/local/lib/python3.8/dist-packages/airflow/example_dags/plugins/event_listener.py
[2023-09-01T13:20:49.734+0900] {processor.py:179} INFO - Processing /usr/local/lib/python3.8/dist-packages/airflow/example_dags/plugins/event_listener.py took 0.023 seconds
[2023-09-01T13:21:31.578+0900] {processor.py:157} INFO - Started process (PID=11501) to work on /usr/local/lib/python3.8/dist-packages/airflow/example_dags/plugins/event_listener.py
[2023-09-01T13:21:31.580+0900] {processor.py:829} INFO - Processing file /usr/local/lib/python3.8/dist-packages/airflow/example_dags/plugins/event_listener.py for tasks to queue
[2023-09-01T13:21:31.581+0900] {logging_mixin.py:151} INFO - [2023-09-01T13:21:31.580+0900] {dagbag.py:539} INFO - Filling up the DagBag from /usr/local/lib/python3.8/dist-packages/airflow/example_dags/plugins/event_listener.py
[2023-09-01T13:21:31.584+0900] {processor.py:841} WARNING - No viable dags retrieved from /usr/local/lib/python3.8/dist-packages/airflow/example_dags/plugins/event_listener.py
[2023-09-01T13:21:31.592+0900] {processor.py:179} INFO - Processing /usr/local/lib/python3.8/dist-packages/airflow/example_dags/plugins/event_listener.py took 0.018 seconds
[2023-09-01T13:22:08.841+0900] {processor.py:157} INFO - Started process (PID=11848) to work on /usr/local/lib/python3.8/dist-packages/airflow/example_dags/plugins/event_listener.py
[2023-09-01T13:22:08.842+0900] {processor.py:829} INFO - Processing file /usr/local/lib/python3.8/dist-packages/airflow/example_dags/plugins/event_listener.py for tasks to queue
[2023-09-01T13:22:08.843+0900] {logging_mixin.py:151} INFO - [2023-09-01T13:22:08.843+0900] {dagbag.py:539} INFO - Filling up the DagBag from /usr/local/lib/python3.8/dist-packages/airflow/example_dags/plugins/event_listener.py
[2023-09-01T13:22:08.846+0900] {processor.py:841} WARNING - No viable dags retrieved from /usr/local/lib/python3.8/dist-packages/airflow/example_dags/plugins/event_listener.py
[2023-09-01T13:22:08.857+0900] {processor.py:179} INFO - Processing /usr/local/lib/python3.8/dist-packages/airflow/example_dags/plugins/event_listener.py took 0.021 seconds
[2023-09-01T13:22:51.518+0900] {processor.py:157} INFO - Started process (PID=12271) to work on /usr/local/lib/python3.8/dist-packages/airflow/example_dags/plugins/event_listener.py
[2023-09-01T13:22:51.519+0900] {processor.py:829} INFO - Processing file /usr/local/lib/python3.8/dist-packages/airflow/example_dags/plugins/event_listener.py for tasks to queue
[2023-09-01T13:22:51.521+0900] {logging_mixin.py:151} INFO - [2023-09-01T13:22:51.520+0900] {dagbag.py:539} INFO - Filling up the DagBag from /usr/local/lib/python3.8/dist-packages/airflow/example_dags/plugins/event_listener.py
[2023-09-01T13:22:51.524+0900] {processor.py:841} WARNING - No viable dags retrieved from /usr/local/lib/python3.8/dist-packages/airflow/example_dags/plugins/event_listener.py
[2023-09-01T13:22:51.535+0900] {processor.py:179} INFO - Processing /usr/local/lib/python3.8/dist-packages/airflow/example_dags/plugins/event_listener.py took 0.022 seconds
[2023-09-01T13:23:34.382+0900] {processor.py:157} INFO - Started process (PID=12720) to work on /usr/local/lib/python3.8/dist-packages/airflow/example_dags/plugins/event_listener.py
[2023-09-01T13:23:34.384+0900] {processor.py:829} INFO - Processing file /usr/local/lib/python3.8/dist-packages/airflow/example_dags/plugins/event_listener.py for tasks to queue
[2023-09-01T13:23:34.385+0900] {logging_mixin.py:151} INFO - [2023-09-01T13:23:34.384+0900] {dagbag.py:539} INFO - Filling up the DagBag from /usr/local/lib/python3.8/dist-packages/airflow/example_dags/plugins/event_listener.py
[2023-09-01T13:23:34.388+0900] {processor.py:841} WARNING - No viable dags retrieved from /usr/local/lib/python3.8/dist-packages/airflow/example_dags/plugins/event_listener.py
[2023-09-01T13:23:34.401+0900] {processor.py:179} INFO - Processing /usr/local/lib/python3.8/dist-packages/airflow/example_dags/plugins/event_listener.py took 0.022 seconds
[2023-09-01T13:24:18.570+0900] {processor.py:157} INFO - Started process (PID=13133) to work on /usr/local/lib/python3.8/dist-packages/airflow/example_dags/plugins/event_listener.py
[2023-09-01T13:24:18.571+0900] {processor.py:829} INFO - Processing file /usr/local/lib/python3.8/dist-packages/airflow/example_dags/plugins/event_listener.py for tasks to queue
[2023-09-01T13:24:18.573+0900] {logging_mixin.py:151} INFO - [2023-09-01T13:24:18.572+0900] {dagbag.py:539} INFO - Filling up the DagBag from /usr/local/lib/python3.8/dist-packages/airflow/example_dags/plugins/event_listener.py
[2023-09-01T13:24:18.575+0900] {processor.py:841} WARNING - No viable dags retrieved from /usr/local/lib/python3.8/dist-packages/airflow/example_dags/plugins/event_listener.py
[2023-09-01T13:24:18.581+0900] {processor.py:179} INFO - Processing /usr/local/lib/python3.8/dist-packages/airflow/example_dags/plugins/event_listener.py took 0.015 seconds
[2023-09-01T13:25:04.472+0900] {processor.py:157} INFO - Started process (PID=13609) to work on /usr/local/lib/python3.8/dist-packages/airflow/example_dags/plugins/event_listener.py
[2023-09-01T13:25:04.473+0900] {processor.py:829} INFO - Processing file /usr/local/lib/python3.8/dist-packages/airflow/example_dags/plugins/event_listener.py for tasks to queue
[2023-09-01T13:25:04.474+0900] {logging_mixin.py:151} INFO - [2023-09-01T13:25:04.473+0900] {dagbag.py:539} INFO - Filling up the DagBag from /usr/local/lib/python3.8/dist-packages/airflow/example_dags/plugins/event_listener.py
[2023-09-01T13:25:04.476+0900] {processor.py:841} WARNING - No viable dags retrieved from /usr/local/lib/python3.8/dist-packages/airflow/example_dags/plugins/event_listener.py
[2023-09-01T13:25:04.487+0900] {processor.py:179} INFO - Processing /usr/local/lib/python3.8/dist-packages/airflow/example_dags/plugins/event_listener.py took 0.018 seconds
[2023-09-01T13:25:51.018+0900] {processor.py:157} INFO - Started process (PID=14347) to work on /usr/local/lib/python3.8/dist-packages/airflow/example_dags/plugins/event_listener.py
[2023-09-01T13:25:51.020+0900] {processor.py:829} INFO - Processing file /usr/local/lib/python3.8/dist-packages/airflow/example_dags/plugins/event_listener.py for tasks to queue
[2023-09-01T13:25:51.022+0900] {logging_mixin.py:151} INFO - [2023-09-01T13:25:51.021+0900] {dagbag.py:539} INFO - Filling up the DagBag from /usr/local/lib/python3.8/dist-packages/airflow/example_dags/plugins/event_listener.py
[2023-09-01T13:25:51.027+0900] {processor.py:841} WARNING - No viable dags retrieved from /usr/local/lib/python3.8/dist-packages/airflow/example_dags/plugins/event_listener.py
[2023-09-01T13:25:51.038+0900] {processor.py:179} INFO - Processing /usr/local/lib/python3.8/dist-packages/airflow/example_dags/plugins/event_listener.py took 0.026 seconds
[2023-09-01T13:26:34.785+0900] {processor.py:157} INFO - Started process (PID=14766) to work on /usr/local/lib/python3.8/dist-packages/airflow/example_dags/plugins/event_listener.py
[2023-09-01T13:26:34.787+0900] {processor.py:829} INFO - Processing file /usr/local/lib/python3.8/dist-packages/airflow/example_dags/plugins/event_listener.py for tasks to queue
[2023-09-01T13:26:34.788+0900] {logging_mixin.py:151} INFO - [2023-09-01T13:26:34.787+0900] {dagbag.py:539} INFO - Filling up the DagBag from /usr/local/lib/python3.8/dist-packages/airflow/example_dags/plugins/event_listener.py
[2023-09-01T13:26:34.792+0900] {processor.py:841} WARNING - No viable dags retrieved from /usr/local/lib/python3.8/dist-packages/airflow/example_dags/plugins/event_listener.py
[2023-09-01T13:26:34.802+0900] {processor.py:179} INFO - Processing /usr/local/lib/python3.8/dist-packages/airflow/example_dags/plugins/event_listener.py took 0.022 seconds
[2023-09-01T13:27:17.691+0900] {processor.py:157} INFO - Started process (PID=15183) to work on /usr/local/lib/python3.8/dist-packages/airflow/example_dags/plugins/event_listener.py
[2023-09-01T13:27:17.693+0900] {processor.py:829} INFO - Processing file /usr/local/lib/python3.8/dist-packages/airflow/example_dags/plugins/event_listener.py for tasks to queue
[2023-09-01T13:27:17.694+0900] {logging_mixin.py:151} INFO - [2023-09-01T13:27:17.693+0900] {dagbag.py:539} INFO - Filling up the DagBag from /usr/local/lib/python3.8/dist-packages/airflow/example_dags/plugins/event_listener.py
[2023-09-01T13:27:17.697+0900] {processor.py:841} WARNING - No viable dags retrieved from /usr/local/lib/python3.8/dist-packages/airflow/example_dags/plugins/event_listener.py
[2023-09-01T13:27:17.708+0900] {processor.py:179} INFO - Processing /usr/local/lib/python3.8/dist-packages/airflow/example_dags/plugins/event_listener.py took 0.021 seconds
[2023-09-01T13:28:02.546+0900] {processor.py:157} INFO - Started process (PID=15622) to work on /usr/local/lib/python3.8/dist-packages/airflow/example_dags/plugins/event_listener.py
[2023-09-01T13:28:02.548+0900] {processor.py:829} INFO - Processing file /usr/local/lib/python3.8/dist-packages/airflow/example_dags/plugins/event_listener.py for tasks to queue
[2023-09-01T13:28:02.549+0900] {logging_mixin.py:151} INFO - [2023-09-01T13:28:02.549+0900] {dagbag.py:539} INFO - Filling up the DagBag from /usr/local/lib/python3.8/dist-packages/airflow/example_dags/plugins/event_listener.py
[2023-09-01T13:28:02.553+0900] {processor.py:841} WARNING - No viable dags retrieved from /usr/local/lib/python3.8/dist-packages/airflow/example_dags/plugins/event_listener.py
[2023-09-01T13:28:02.563+0900] {processor.py:179} INFO - Processing /usr/local/lib/python3.8/dist-packages/airflow/example_dags/plugins/event_listener.py took 0.021 seconds
[2023-09-01T13:28:49.312+0900] {processor.py:157} INFO - Started process (PID=16092) to work on /usr/local/lib/python3.8/dist-packages/airflow/example_dags/plugins/event_listener.py
[2023-09-01T13:28:49.313+0900] {processor.py:829} INFO - Processing file /usr/local/lib/python3.8/dist-packages/airflow/example_dags/plugins/event_listener.py for tasks to queue
[2023-09-01T13:28:49.315+0900] {logging_mixin.py:151} INFO - [2023-09-01T13:28:49.314+0900] {dagbag.py:539} INFO - Filling up the DagBag from /usr/local/lib/python3.8/dist-packages/airflow/example_dags/plugins/event_listener.py
[2023-09-01T13:28:49.318+0900] {processor.py:841} WARNING - No viable dags retrieved from /usr/local/lib/python3.8/dist-packages/airflow/example_dags/plugins/event_listener.py
[2023-09-01T13:28:49.330+0900] {processor.py:179} INFO - Processing /usr/local/lib/python3.8/dist-packages/airflow/example_dags/plugins/event_listener.py took 0.023 seconds
[2023-09-01T13:29:33.779+0900] {processor.py:157} INFO - Started process (PID=16526) to work on /usr/local/lib/python3.8/dist-packages/airflow/example_dags/plugins/event_listener.py
[2023-09-01T13:29:33.781+0900] {processor.py:829} INFO - Processing file /usr/local/lib/python3.8/dist-packages/airflow/example_dags/plugins/event_listener.py for tasks to queue
[2023-09-01T13:29:33.782+0900] {logging_mixin.py:151} INFO - [2023-09-01T13:29:33.781+0900] {dagbag.py:539} INFO - Filling up the DagBag from /usr/local/lib/python3.8/dist-packages/airflow/example_dags/plugins/event_listener.py
[2023-09-01T13:29:33.784+0900] {processor.py:841} WARNING - No viable dags retrieved from /usr/local/lib/python3.8/dist-packages/airflow/example_dags/plugins/event_listener.py
[2023-09-01T13:29:33.791+0900] {processor.py:179} INFO - Processing /usr/local/lib/python3.8/dist-packages/airflow/example_dags/plugins/event_listener.py took 0.016 seconds
[2023-09-01T13:30:21.354+0900] {processor.py:157} INFO - Started process (PID=16987) to work on /usr/local/lib/python3.8/dist-packages/airflow/example_dags/plugins/event_listener.py
[2023-09-01T13:30:21.355+0900] {processor.py:829} INFO - Processing file /usr/local/lib/python3.8/dist-packages/airflow/example_dags/plugins/event_listener.py for tasks to queue
[2023-09-01T13:30:21.356+0900] {logging_mixin.py:151} INFO - [2023-09-01T13:30:21.355+0900] {dagbag.py:539} INFO - Filling up the DagBag from /usr/local/lib/python3.8/dist-packages/airflow/example_dags/plugins/event_listener.py
[2023-09-01T13:30:21.359+0900] {processor.py:841} WARNING - No viable dags retrieved from /usr/local/lib/python3.8/dist-packages/airflow/example_dags/plugins/event_listener.py
[2023-09-01T13:30:21.370+0900] {processor.py:179} INFO - Processing /usr/local/lib/python3.8/dist-packages/airflow/example_dags/plugins/event_listener.py took 0.020 seconds
[2023-09-01T13:31:02.521+0900] {processor.py:157} INFO - Started process (PID=17383) to work on /usr/local/lib/python3.8/dist-packages/airflow/example_dags/plugins/event_listener.py
[2023-09-01T13:31:02.523+0900] {processor.py:829} INFO - Processing file /usr/local/lib/python3.8/dist-packages/airflow/example_dags/plugins/event_listener.py for tasks to queue
[2023-09-01T13:31:02.524+0900] {logging_mixin.py:151} INFO - [2023-09-01T13:31:02.523+0900] {dagbag.py:539} INFO - Filling up the DagBag from /usr/local/lib/python3.8/dist-packages/airflow/example_dags/plugins/event_listener.py
[2023-09-01T13:31:02.528+0900] {processor.py:841} WARNING - No viable dags retrieved from /usr/local/lib/python3.8/dist-packages/airflow/example_dags/plugins/event_listener.py
[2023-09-01T13:31:02.540+0900] {processor.py:179} INFO - Processing /usr/local/lib/python3.8/dist-packages/airflow/example_dags/plugins/event_listener.py took 0.023 seconds
[2023-09-01T13:31:46.830+0900] {processor.py:157} INFO - Started process (PID=17809) to work on /usr/local/lib/python3.8/dist-packages/airflow/example_dags/plugins/event_listener.py
[2023-09-01T13:31:46.831+0900] {processor.py:829} INFO - Processing file /usr/local/lib/python3.8/dist-packages/airflow/example_dags/plugins/event_listener.py for tasks to queue
[2023-09-01T13:31:46.833+0900] {logging_mixin.py:151} INFO - [2023-09-01T13:31:46.832+0900] {dagbag.py:539} INFO - Filling up the DagBag from /usr/local/lib/python3.8/dist-packages/airflow/example_dags/plugins/event_listener.py
[2023-09-01T13:31:46.836+0900] {processor.py:841} WARNING - No viable dags retrieved from /usr/local/lib/python3.8/dist-packages/airflow/example_dags/plugins/event_listener.py
[2023-09-01T13:31:46.847+0900] {processor.py:179} INFO - Processing /usr/local/lib/python3.8/dist-packages/airflow/example_dags/plugins/event_listener.py took 0.022 seconds
[2023-09-01T13:32:32.755+0900] {processor.py:157} INFO - Started process (PID=18254) to work on /usr/local/lib/python3.8/dist-packages/airflow/example_dags/plugins/event_listener.py
[2023-09-01T13:32:32.757+0900] {processor.py:829} INFO - Processing file /usr/local/lib/python3.8/dist-packages/airflow/example_dags/plugins/event_listener.py for tasks to queue
[2023-09-01T13:32:32.759+0900] {logging_mixin.py:151} INFO - [2023-09-01T13:32:32.758+0900] {dagbag.py:539} INFO - Filling up the DagBag from /usr/local/lib/python3.8/dist-packages/airflow/example_dags/plugins/event_listener.py
[2023-09-01T13:32:32.763+0900] {processor.py:841} WARNING - No viable dags retrieved from /usr/local/lib/python3.8/dist-packages/airflow/example_dags/plugins/event_listener.py
[2023-09-01T13:32:32.774+0900] {processor.py:179} INFO - Processing /usr/local/lib/python3.8/dist-packages/airflow/example_dags/plugins/event_listener.py took 0.025 seconds
[2023-09-01T13:33:16.778+0900] {processor.py:157} INFO - Started process (PID=18689) to work on /usr/local/lib/python3.8/dist-packages/airflow/example_dags/plugins/event_listener.py
[2023-09-01T13:33:16.780+0900] {processor.py:829} INFO - Processing file /usr/local/lib/python3.8/dist-packages/airflow/example_dags/plugins/event_listener.py for tasks to queue
[2023-09-01T13:33:16.781+0900] {logging_mixin.py:151} INFO - [2023-09-01T13:33:16.780+0900] {dagbag.py:539} INFO - Filling up the DagBag from /usr/local/lib/python3.8/dist-packages/airflow/example_dags/plugins/event_listener.py
[2023-09-01T13:33:16.784+0900] {processor.py:841} WARNING - No viable dags retrieved from /usr/local/lib/python3.8/dist-packages/airflow/example_dags/plugins/event_listener.py
[2023-09-01T13:33:16.794+0900] {processor.py:179} INFO - Processing /usr/local/lib/python3.8/dist-packages/airflow/example_dags/plugins/event_listener.py took 0.020 seconds
[2023-09-01T13:33:50.001+0900] {processor.py:157} INFO - Started process (PID=19027) to work on /usr/local/lib/python3.8/dist-packages/airflow/example_dags/plugins/event_listener.py
[2023-09-01T13:33:50.002+0900] {processor.py:829} INFO - Processing file /usr/local/lib/python3.8/dist-packages/airflow/example_dags/plugins/event_listener.py for tasks to queue
[2023-09-01T13:33:50.004+0900] {logging_mixin.py:151} INFO - [2023-09-01T13:33:50.003+0900] {dagbag.py:539} INFO - Filling up the DagBag from /usr/local/lib/python3.8/dist-packages/airflow/example_dags/plugins/event_listener.py
[2023-09-01T13:33:50.007+0900] {processor.py:841} WARNING - No viable dags retrieved from /usr/local/lib/python3.8/dist-packages/airflow/example_dags/plugins/event_listener.py
[2023-09-01T13:33:50.018+0900] {processor.py:179} INFO - Processing /usr/local/lib/python3.8/dist-packages/airflow/example_dags/plugins/event_listener.py took 0.021 seconds
[2023-09-01T13:34:33.754+0900] {processor.py:157} INFO - Started process (PID=19453) to work on /usr/local/lib/python3.8/dist-packages/airflow/example_dags/plugins/event_listener.py
[2023-09-01T13:34:33.756+0900] {processor.py:829} INFO - Processing file /usr/local/lib/python3.8/dist-packages/airflow/example_dags/plugins/event_listener.py for tasks to queue
[2023-09-01T13:34:33.757+0900] {logging_mixin.py:151} INFO - [2023-09-01T13:34:33.756+0900] {dagbag.py:539} INFO - Filling up the DagBag from /usr/local/lib/python3.8/dist-packages/airflow/example_dags/plugins/event_listener.py
[2023-09-01T13:34:33.761+0900] {processor.py:841} WARNING - No viable dags retrieved from /usr/local/lib/python3.8/dist-packages/airflow/example_dags/plugins/event_listener.py
[2023-09-01T13:34:33.773+0900] {processor.py:179} INFO - Processing /usr/local/lib/python3.8/dist-packages/airflow/example_dags/plugins/event_listener.py took 0.024 seconds
[2023-09-01T13:35:17.358+0900] {processor.py:157} INFO - Started process (PID=19881) to work on /usr/local/lib/python3.8/dist-packages/airflow/example_dags/plugins/event_listener.py
[2023-09-01T13:35:17.359+0900] {processor.py:829} INFO - Processing file /usr/local/lib/python3.8/dist-packages/airflow/example_dags/plugins/event_listener.py for tasks to queue
[2023-09-01T13:35:17.360+0900] {logging_mixin.py:151} INFO - [2023-09-01T13:35:17.360+0900] {dagbag.py:539} INFO - Filling up the DagBag from /usr/local/lib/python3.8/dist-packages/airflow/example_dags/plugins/event_listener.py
[2023-09-01T13:35:17.364+0900] {processor.py:841} WARNING - No viable dags retrieved from /usr/local/lib/python3.8/dist-packages/airflow/example_dags/plugins/event_listener.py
[2023-09-01T13:35:17.374+0900] {processor.py:179} INFO - Processing /usr/local/lib/python3.8/dist-packages/airflow/example_dags/plugins/event_listener.py took 0.020 seconds
[2023-09-01T13:36:00.275+0900] {processor.py:157} INFO - Started process (PID=20292) to work on /usr/local/lib/python3.8/dist-packages/airflow/example_dags/plugins/event_listener.py
[2023-09-01T13:36:00.277+0900] {processor.py:829} INFO - Processing file /usr/local/lib/python3.8/dist-packages/airflow/example_dags/plugins/event_listener.py for tasks to queue
[2023-09-01T13:36:00.279+0900] {logging_mixin.py:151} INFO - [2023-09-01T13:36:00.278+0900] {dagbag.py:539} INFO - Filling up the DagBag from /usr/local/lib/python3.8/dist-packages/airflow/example_dags/plugins/event_listener.py
[2023-09-01T13:36:00.282+0900] {processor.py:841} WARNING - No viable dags retrieved from /usr/local/lib/python3.8/dist-packages/airflow/example_dags/plugins/event_listener.py
[2023-09-01T13:36:00.294+0900] {processor.py:179} INFO - Processing /usr/local/lib/python3.8/dist-packages/airflow/example_dags/plugins/event_listener.py took 0.025 seconds
[2023-09-01T13:36:34.057+0900] {processor.py:157} INFO - Started process (PID=20615) to work on /usr/local/lib/python3.8/dist-packages/airflow/example_dags/plugins/event_listener.py
[2023-09-01T13:36:34.060+0900] {processor.py:829} INFO - Processing file /usr/local/lib/python3.8/dist-packages/airflow/example_dags/plugins/event_listener.py for tasks to queue
[2023-09-01T13:36:34.062+0900] {logging_mixin.py:151} INFO - [2023-09-01T13:36:34.061+0900] {dagbag.py:539} INFO - Filling up the DagBag from /usr/local/lib/python3.8/dist-packages/airflow/example_dags/plugins/event_listener.py
[2023-09-01T13:36:34.065+0900] {processor.py:841} WARNING - No viable dags retrieved from /usr/local/lib/python3.8/dist-packages/airflow/example_dags/plugins/event_listener.py
[2023-09-01T13:36:34.078+0900] {processor.py:179} INFO - Processing /usr/local/lib/python3.8/dist-packages/airflow/example_dags/plugins/event_listener.py took 0.025 seconds
[2023-09-01T13:37:18.082+0900] {processor.py:157} INFO - Started process (PID=21047) to work on /usr/local/lib/python3.8/dist-packages/airflow/example_dags/plugins/event_listener.py
[2023-09-01T13:37:18.085+0900] {processor.py:829} INFO - Processing file /usr/local/lib/python3.8/dist-packages/airflow/example_dags/plugins/event_listener.py for tasks to queue
[2023-09-01T13:37:18.086+0900] {logging_mixin.py:151} INFO - [2023-09-01T13:37:18.085+0900] {dagbag.py:539} INFO - Filling up the DagBag from /usr/local/lib/python3.8/dist-packages/airflow/example_dags/plugins/event_listener.py
[2023-09-01T13:37:18.090+0900] {processor.py:841} WARNING - No viable dags retrieved from /usr/local/lib/python3.8/dist-packages/airflow/example_dags/plugins/event_listener.py
[2023-09-01T13:37:18.101+0900] {processor.py:179} INFO - Processing /usr/local/lib/python3.8/dist-packages/airflow/example_dags/plugins/event_listener.py took 0.024 seconds
[2023-09-01T13:37:52.063+0900] {processor.py:157} INFO - Started process (PID=21367) to work on /usr/local/lib/python3.8/dist-packages/airflow/example_dags/plugins/event_listener.py
[2023-09-01T13:37:52.065+0900] {processor.py:829} INFO - Processing file /usr/local/lib/python3.8/dist-packages/airflow/example_dags/plugins/event_listener.py for tasks to queue
[2023-09-01T13:37:52.066+0900] {logging_mixin.py:151} INFO - [2023-09-01T13:37:52.065+0900] {dagbag.py:539} INFO - Filling up the DagBag from /usr/local/lib/python3.8/dist-packages/airflow/example_dags/plugins/event_listener.py
[2023-09-01T13:37:52.070+0900] {processor.py:841} WARNING - No viable dags retrieved from /usr/local/lib/python3.8/dist-packages/airflow/example_dags/plugins/event_listener.py
[2023-09-01T13:37:52.080+0900] {processor.py:179} INFO - Processing /usr/local/lib/python3.8/dist-packages/airflow/example_dags/plugins/event_listener.py took 0.021 seconds
[2023-09-01T13:38:36.468+0900] {processor.py:157} INFO - Started process (PID=21797) to work on /usr/local/lib/python3.8/dist-packages/airflow/example_dags/plugins/event_listener.py
[2023-09-01T13:38:36.470+0900] {processor.py:829} INFO - Processing file /usr/local/lib/python3.8/dist-packages/airflow/example_dags/plugins/event_listener.py for tasks to queue
[2023-09-01T13:38:36.471+0900] {logging_mixin.py:151} INFO - [2023-09-01T13:38:36.470+0900] {dagbag.py:539} INFO - Filling up the DagBag from /usr/local/lib/python3.8/dist-packages/airflow/example_dags/plugins/event_listener.py
[2023-09-01T13:38:36.474+0900] {processor.py:841} WARNING - No viable dags retrieved from /usr/local/lib/python3.8/dist-packages/airflow/example_dags/plugins/event_listener.py
[2023-09-01T13:38:36.485+0900] {processor.py:179} INFO - Processing /usr/local/lib/python3.8/dist-packages/airflow/example_dags/plugins/event_listener.py took 0.021 seconds
