[2023-09-01T13:07:23.446+0900] {processor.py:157} INFO - Started process (PID=1359) to work on /usr/local/lib/python3.8/dist-packages/airflow/example_dags/plugins/listener_plugin.py
[2023-09-01T13:07:23.446+0900] {processor.py:829} INFO - Processing file /usr/local/lib/python3.8/dist-packages/airflow/example_dags/plugins/listener_plugin.py for tasks to queue
[2023-09-01T13:07:23.447+0900] {logging_mixin.py:151} INFO - [2023-09-01T13:07:23.447+0900] {dagbag.py:539} INFO - Filling up the DagBag from /usr/local/lib/python3.8/dist-packages/airflow/example_dags/plugins/listener_plugin.py
[2023-09-01T13:07:23.449+0900] {processor.py:841} WARNING - No viable dags retrieved from /usr/local/lib/python3.8/dist-packages/airflow/example_dags/plugins/listener_plugin.py
[2023-09-01T13:07:23.457+0900] {processor.py:179} INFO - Processing /usr/local/lib/python3.8/dist-packages/airflow/example_dags/plugins/listener_plugin.py took 0.014 seconds
[2023-09-01T13:08:13.637+0900] {processor.py:157} INFO - Started process (PID=2371) to work on /usr/local/lib/python3.8/dist-packages/airflow/example_dags/plugins/listener_plugin.py
[2023-09-01T13:08:13.639+0900] {processor.py:829} INFO - Processing file /usr/local/lib/python3.8/dist-packages/airflow/example_dags/plugins/listener_plugin.py for tasks to queue
[2023-09-01T13:08:13.641+0900] {logging_mixin.py:151} INFO - [2023-09-01T13:08:13.640+0900] {dagbag.py:539} INFO - Filling up the DagBag from /usr/local/lib/python3.8/dist-packages/airflow/example_dags/plugins/listener_plugin.py
[2023-09-01T13:08:13.646+0900] {processor.py:841} WARNING - No viable dags retrieved from /usr/local/lib/python3.8/dist-packages/airflow/example_dags/plugins/listener_plugin.py
[2023-09-01T13:08:13.658+0900] {processor.py:179} INFO - Processing /usr/local/lib/python3.8/dist-packages/airflow/example_dags/plugins/listener_plugin.py took 0.026 seconds
[2023-09-01T13:08:52.194+0900] {processor.py:157} INFO - Started process (PID=3915) to work on /usr/local/lib/python3.8/dist-packages/airflow/example_dags/plugins/listener_plugin.py
[2023-09-01T13:08:52.195+0900] {processor.py:829} INFO - Processing file /usr/local/lib/python3.8/dist-packages/airflow/example_dags/plugins/listener_plugin.py for tasks to queue
[2023-09-01T13:08:52.197+0900] {logging_mixin.py:151} INFO - [2023-09-01T13:08:52.196+0900] {dagbag.py:539} INFO - Filling up the DagBag from /usr/local/lib/python3.8/dist-packages/airflow/example_dags/plugins/listener_plugin.py
[2023-09-01T13:08:52.200+0900] {processor.py:841} WARNING - No viable dags retrieved from /usr/local/lib/python3.8/dist-packages/airflow/example_dags/plugins/listener_plugin.py
[2023-09-01T13:08:52.208+0900] {processor.py:179} INFO - Processing /usr/local/lib/python3.8/dist-packages/airflow/example_dags/plugins/listener_plugin.py took 0.017 seconds
[2023-09-01T13:09:29.919+0900] {processor.py:157} INFO - Started process (PID=4331) to work on /usr/local/lib/python3.8/dist-packages/airflow/example_dags/plugins/listener_plugin.py
[2023-09-01T13:09:29.921+0900] {processor.py:829} INFO - Processing file /usr/local/lib/python3.8/dist-packages/airflow/example_dags/plugins/listener_plugin.py for tasks to queue
[2023-09-01T13:09:29.922+0900] {logging_mixin.py:151} INFO - [2023-09-01T13:09:29.921+0900] {dagbag.py:539} INFO - Filling up the DagBag from /usr/local/lib/python3.8/dist-packages/airflow/example_dags/plugins/listener_plugin.py
[2023-09-01T13:09:29.927+0900] {processor.py:841} WARNING - No viable dags retrieved from /usr/local/lib/python3.8/dist-packages/airflow/example_dags/plugins/listener_plugin.py
[2023-09-01T13:09:29.937+0900] {processor.py:179} INFO - Processing /usr/local/lib/python3.8/dist-packages/airflow/example_dags/plugins/listener_plugin.py took 0.023 seconds
[2023-09-01T13:10:15.712+0900] {processor.py:157} INFO - Started process (PID=4765) to work on /usr/local/lib/python3.8/dist-packages/airflow/example_dags/plugins/listener_plugin.py
[2023-09-01T13:10:15.714+0900] {processor.py:829} INFO - Processing file /usr/local/lib/python3.8/dist-packages/airflow/example_dags/plugins/listener_plugin.py for tasks to queue
[2023-09-01T13:10:15.715+0900] {logging_mixin.py:151} INFO - [2023-09-01T13:10:15.715+0900] {dagbag.py:539} INFO - Filling up the DagBag from /usr/local/lib/python3.8/dist-packages/airflow/example_dags/plugins/listener_plugin.py
[2023-09-01T13:10:15.719+0900] {processor.py:841} WARNING - No viable dags retrieved from /usr/local/lib/python3.8/dist-packages/airflow/example_dags/plugins/listener_plugin.py
[2023-09-01T13:10:15.729+0900] {processor.py:179} INFO - Processing /usr/local/lib/python3.8/dist-packages/airflow/example_dags/plugins/listener_plugin.py took 0.023 seconds
[2023-09-01T13:10:59.758+0900] {processor.py:157} INFO - Started process (PID=5191) to work on /usr/local/lib/python3.8/dist-packages/airflow/example_dags/plugins/listener_plugin.py
[2023-09-01T13:10:59.759+0900] {processor.py:829} INFO - Processing file /usr/local/lib/python3.8/dist-packages/airflow/example_dags/plugins/listener_plugin.py for tasks to queue
[2023-09-01T13:10:59.760+0900] {logging_mixin.py:151} INFO - [2023-09-01T13:10:59.759+0900] {dagbag.py:539} INFO - Filling up the DagBag from /usr/local/lib/python3.8/dist-packages/airflow/example_dags/plugins/listener_plugin.py
[2023-09-01T13:10:59.763+0900] {processor.py:841} WARNING - No viable dags retrieved from /usr/local/lib/python3.8/dist-packages/airflow/example_dags/plugins/listener_plugin.py
[2023-09-01T13:10:59.770+0900] {processor.py:179} INFO - Processing /usr/local/lib/python3.8/dist-packages/airflow/example_dags/plugins/listener_plugin.py took 0.015 seconds
[2023-09-01T13:11:34.002+0900] {processor.py:157} INFO - Started process (PID=5550) to work on /usr/local/lib/python3.8/dist-packages/airflow/example_dags/plugins/listener_plugin.py
[2023-09-01T13:11:34.003+0900] {processor.py:829} INFO - Processing file /usr/local/lib/python3.8/dist-packages/airflow/example_dags/plugins/listener_plugin.py for tasks to queue
[2023-09-01T13:11:34.005+0900] {logging_mixin.py:151} INFO - [2023-09-01T13:11:34.004+0900] {dagbag.py:539} INFO - Filling up the DagBag from /usr/local/lib/python3.8/dist-packages/airflow/example_dags/plugins/listener_plugin.py
[2023-09-01T13:11:34.009+0900] {processor.py:841} WARNING - No viable dags retrieved from /usr/local/lib/python3.8/dist-packages/airflow/example_dags/plugins/listener_plugin.py
[2023-09-01T13:11:34.020+0900] {processor.py:179} INFO - Processing /usr/local/lib/python3.8/dist-packages/airflow/example_dags/plugins/listener_plugin.py took 0.023 seconds
[2023-09-01T13:12:48.463+0900] {processor.py:157} INFO - Started process (PID=5802) to work on /usr/local/lib/python3.8/dist-packages/airflow/example_dags/plugins/listener_plugin.py
[2023-09-01T13:12:48.464+0900] {processor.py:829} INFO - Processing file /usr/local/lib/python3.8/dist-packages/airflow/example_dags/plugins/listener_plugin.py for tasks to queue
[2023-09-01T13:12:48.465+0900] {logging_mixin.py:151} INFO - [2023-09-01T13:12:48.464+0900] {dagbag.py:539} INFO - Filling up the DagBag from /usr/local/lib/python3.8/dist-packages/airflow/example_dags/plugins/listener_plugin.py
[2023-09-01T13:12:48.466+0900] {processor.py:841} WARNING - No viable dags retrieved from /usr/local/lib/python3.8/dist-packages/airflow/example_dags/plugins/listener_plugin.py
[2023-09-01T13:12:48.477+0900] {processor.py:179} INFO - Processing /usr/local/lib/python3.8/dist-packages/airflow/example_dags/plugins/listener_plugin.py took 0.018 seconds
[2023-09-01T13:13:26.671+0900] {processor.py:157} INFO - Started process (PID=6206) to work on /usr/local/lib/python3.8/dist-packages/airflow/example_dags/plugins/listener_plugin.py
[2023-09-01T13:13:26.673+0900] {processor.py:829} INFO - Processing file /usr/local/lib/python3.8/dist-packages/airflow/example_dags/plugins/listener_plugin.py for tasks to queue
[2023-09-01T13:13:26.674+0900] {logging_mixin.py:151} INFO - [2023-09-01T13:13:26.673+0900] {dagbag.py:539} INFO - Filling up the DagBag from /usr/local/lib/python3.8/dist-packages/airflow/example_dags/plugins/listener_plugin.py
[2023-09-01T13:13:26.676+0900] {processor.py:841} WARNING - No viable dags retrieved from /usr/local/lib/python3.8/dist-packages/airflow/example_dags/plugins/listener_plugin.py
[2023-09-01T13:13:26.683+0900] {processor.py:179} INFO - Processing /usr/local/lib/python3.8/dist-packages/airflow/example_dags/plugins/listener_plugin.py took 0.015 seconds
[2023-09-01T13:14:08.437+0900] {processor.py:157} INFO - Started process (PID=6607) to work on /usr/local/lib/python3.8/dist-packages/airflow/example_dags/plugins/listener_plugin.py
[2023-09-01T13:14:08.438+0900] {processor.py:829} INFO - Processing file /usr/local/lib/python3.8/dist-packages/airflow/example_dags/plugins/listener_plugin.py for tasks to queue
[2023-09-01T13:14:08.439+0900] {logging_mixin.py:151} INFO - [2023-09-01T13:14:08.438+0900] {dagbag.py:539} INFO - Filling up the DagBag from /usr/local/lib/python3.8/dist-packages/airflow/example_dags/plugins/listener_plugin.py
[2023-09-01T13:14:08.441+0900] {processor.py:841} WARNING - No viable dags retrieved from /usr/local/lib/python3.8/dist-packages/airflow/example_dags/plugins/listener_plugin.py
[2023-09-01T13:14:08.449+0900] {processor.py:179} INFO - Processing /usr/local/lib/python3.8/dist-packages/airflow/example_dags/plugins/listener_plugin.py took 0.015 seconds
[2023-09-01T13:14:51.728+0900] {processor.py:157} INFO - Started process (PID=7504) to work on /usr/local/lib/python3.8/dist-packages/airflow/example_dags/plugins/listener_plugin.py
[2023-09-01T13:14:51.729+0900] {processor.py:829} INFO - Processing file /usr/local/lib/python3.8/dist-packages/airflow/example_dags/plugins/listener_plugin.py for tasks to queue
[2023-09-01T13:14:51.730+0900] {logging_mixin.py:151} INFO - [2023-09-01T13:14:51.730+0900] {dagbag.py:539} INFO - Filling up the DagBag from /usr/local/lib/python3.8/dist-packages/airflow/example_dags/plugins/listener_plugin.py
[2023-09-01T13:14:51.734+0900] {processor.py:841} WARNING - No viable dags retrieved from /usr/local/lib/python3.8/dist-packages/airflow/example_dags/plugins/listener_plugin.py
[2023-09-01T13:14:51.744+0900] {processor.py:179} INFO - Processing /usr/local/lib/python3.8/dist-packages/airflow/example_dags/plugins/listener_plugin.py took 0.019 seconds
[2023-09-01T13:15:35.297+0900] {processor.py:157} INFO - Started process (PID=8057) to work on /usr/local/lib/python3.8/dist-packages/airflow/example_dags/plugins/listener_plugin.py
[2023-09-01T13:15:35.299+0900] {processor.py:829} INFO - Processing file /usr/local/lib/python3.8/dist-packages/airflow/example_dags/plugins/listener_plugin.py for tasks to queue
[2023-09-01T13:15:35.300+0900] {logging_mixin.py:151} INFO - [2023-09-01T13:15:35.299+0900] {dagbag.py:539} INFO - Filling up the DagBag from /usr/local/lib/python3.8/dist-packages/airflow/example_dags/plugins/listener_plugin.py
[2023-09-01T13:15:35.303+0900] {processor.py:841} WARNING - No viable dags retrieved from /usr/local/lib/python3.8/dist-packages/airflow/example_dags/plugins/listener_plugin.py
[2023-09-01T13:15:35.313+0900] {processor.py:179} INFO - Processing /usr/local/lib/python3.8/dist-packages/airflow/example_dags/plugins/listener_plugin.py took 0.021 seconds
[2023-09-01T13:16:20.386+0900] {processor.py:157} INFO - Started process (PID=8501) to work on /usr/local/lib/python3.8/dist-packages/airflow/example_dags/plugins/listener_plugin.py
[2023-09-01T13:16:20.387+0900] {processor.py:829} INFO - Processing file /usr/local/lib/python3.8/dist-packages/airflow/example_dags/plugins/listener_plugin.py for tasks to queue
[2023-09-01T13:16:20.389+0900] {logging_mixin.py:151} INFO - [2023-09-01T13:16:20.388+0900] {dagbag.py:539} INFO - Filling up the DagBag from /usr/local/lib/python3.8/dist-packages/airflow/example_dags/plugins/listener_plugin.py
[2023-09-01T13:16:20.394+0900] {processor.py:841} WARNING - No viable dags retrieved from /usr/local/lib/python3.8/dist-packages/airflow/example_dags/plugins/listener_plugin.py
[2023-09-01T13:16:20.405+0900] {processor.py:179} INFO - Processing /usr/local/lib/python3.8/dist-packages/airflow/example_dags/plugins/listener_plugin.py took 0.026 seconds
[2023-09-01T13:17:03.889+0900] {processor.py:157} INFO - Started process (PID=8910) to work on /usr/local/lib/python3.8/dist-packages/airflow/example_dags/plugins/listener_plugin.py
[2023-09-01T13:17:03.890+0900] {processor.py:829} INFO - Processing file /usr/local/lib/python3.8/dist-packages/airflow/example_dags/plugins/listener_plugin.py for tasks to queue
[2023-09-01T13:17:03.892+0900] {logging_mixin.py:151} INFO - [2023-09-01T13:17:03.891+0900] {dagbag.py:539} INFO - Filling up the DagBag from /usr/local/lib/python3.8/dist-packages/airflow/example_dags/plugins/listener_plugin.py
[2023-09-01T13:17:03.895+0900] {processor.py:841} WARNING - No viable dags retrieved from /usr/local/lib/python3.8/dist-packages/airflow/example_dags/plugins/listener_plugin.py
[2023-09-01T13:17:03.906+0900] {processor.py:179} INFO - Processing /usr/local/lib/python3.8/dist-packages/airflow/example_dags/plugins/listener_plugin.py took 0.023 seconds
[2023-09-01T13:17:50.175+0900] {processor.py:157} INFO - Started process (PID=9361) to work on /usr/local/lib/python3.8/dist-packages/airflow/example_dags/plugins/listener_plugin.py
[2023-09-01T13:17:50.177+0900] {processor.py:829} INFO - Processing file /usr/local/lib/python3.8/dist-packages/airflow/example_dags/plugins/listener_plugin.py for tasks to queue
[2023-09-01T13:17:50.178+0900] {logging_mixin.py:151} INFO - [2023-09-01T13:17:50.177+0900] {dagbag.py:539} INFO - Filling up the DagBag from /usr/local/lib/python3.8/dist-packages/airflow/example_dags/plugins/listener_plugin.py
[2023-09-01T13:17:50.180+0900] {processor.py:841} WARNING - No viable dags retrieved from /usr/local/lib/python3.8/dist-packages/airflow/example_dags/plugins/listener_plugin.py
[2023-09-01T13:17:50.187+0900] {processor.py:179} INFO - Processing /usr/local/lib/python3.8/dist-packages/airflow/example_dags/plugins/listener_plugin.py took 0.015 seconds
[2023-09-01T13:18:35.792+0900] {processor.py:157} INFO - Started process (PID=9853) to work on /usr/local/lib/python3.8/dist-packages/airflow/example_dags/plugins/listener_plugin.py
[2023-09-01T13:18:35.793+0900] {processor.py:829} INFO - Processing file /usr/local/lib/python3.8/dist-packages/airflow/example_dags/plugins/listener_plugin.py for tasks to queue
[2023-09-01T13:18:35.794+0900] {logging_mixin.py:151} INFO - [2023-09-01T13:18:35.794+0900] {dagbag.py:539} INFO - Filling up the DagBag from /usr/local/lib/python3.8/dist-packages/airflow/example_dags/plugins/listener_plugin.py
[2023-09-01T13:18:35.797+0900] {processor.py:841} WARNING - No viable dags retrieved from /usr/local/lib/python3.8/dist-packages/airflow/example_dags/plugins/listener_plugin.py
[2023-09-01T13:18:35.804+0900] {processor.py:179} INFO - Processing /usr/local/lib/python3.8/dist-packages/airflow/example_dags/plugins/listener_plugin.py took 0.015 seconds
[2023-09-01T13:19:20.375+0900] {processor.py:157} INFO - Started process (PID=10288) to work on /usr/local/lib/python3.8/dist-packages/airflow/example_dags/plugins/listener_plugin.py
[2023-09-01T13:19:20.378+0900] {processor.py:829} INFO - Processing file /usr/local/lib/python3.8/dist-packages/airflow/example_dags/plugins/listener_plugin.py for tasks to queue
[2023-09-01T13:19:20.379+0900] {logging_mixin.py:151} INFO - [2023-09-01T13:19:20.378+0900] {dagbag.py:539} INFO - Filling up the DagBag from /usr/local/lib/python3.8/dist-packages/airflow/example_dags/plugins/listener_plugin.py
[2023-09-01T13:19:20.383+0900] {processor.py:841} WARNING - No viable dags retrieved from /usr/local/lib/python3.8/dist-packages/airflow/example_dags/plugins/listener_plugin.py
[2023-09-01T13:19:20.394+0900] {processor.py:179} INFO - Processing /usr/local/lib/python3.8/dist-packages/airflow/example_dags/plugins/listener_plugin.py took 0.024 seconds
[2023-09-01T13:20:06.080+0900] {processor.py:157} INFO - Started process (PID=10720) to work on /usr/local/lib/python3.8/dist-packages/airflow/example_dags/plugins/listener_plugin.py
[2023-09-01T13:20:06.082+0900] {processor.py:829} INFO - Processing file /usr/local/lib/python3.8/dist-packages/airflow/example_dags/plugins/listener_plugin.py for tasks to queue
[2023-09-01T13:20:06.082+0900] {logging_mixin.py:151} INFO - [2023-09-01T13:20:06.082+0900] {dagbag.py:539} INFO - Filling up the DagBag from /usr/local/lib/python3.8/dist-packages/airflow/example_dags/plugins/listener_plugin.py
[2023-09-01T13:20:06.084+0900] {processor.py:841} WARNING - No viable dags retrieved from /usr/local/lib/python3.8/dist-packages/airflow/example_dags/plugins/listener_plugin.py
[2023-09-01T13:20:06.090+0900] {processor.py:179} INFO - Processing /usr/local/lib/python3.8/dist-packages/airflow/example_dags/plugins/listener_plugin.py took 0.015 seconds
[2023-09-01T13:20:48.561+0900] {processor.py:157} INFO - Started process (PID=11158) to work on /usr/local/lib/python3.8/dist-packages/airflow/example_dags/plugins/listener_plugin.py
[2023-09-01T13:20:48.563+0900] {processor.py:829} INFO - Processing file /usr/local/lib/python3.8/dist-packages/airflow/example_dags/plugins/listener_plugin.py for tasks to queue
[2023-09-01T13:20:48.565+0900] {logging_mixin.py:151} INFO - [2023-09-01T13:20:48.563+0900] {dagbag.py:539} INFO - Filling up the DagBag from /usr/local/lib/python3.8/dist-packages/airflow/example_dags/plugins/listener_plugin.py
[2023-09-01T13:20:48.569+0900] {processor.py:841} WARNING - No viable dags retrieved from /usr/local/lib/python3.8/dist-packages/airflow/example_dags/plugins/listener_plugin.py
[2023-09-01T13:20:48.585+0900] {processor.py:179} INFO - Processing /usr/local/lib/python3.8/dist-packages/airflow/example_dags/plugins/listener_plugin.py took 0.031 seconds
[2023-09-01T13:21:30.434+0900] {processor.py:157} INFO - Started process (PID=11489) to work on /usr/local/lib/python3.8/dist-packages/airflow/example_dags/plugins/listener_plugin.py
[2023-09-01T13:21:30.437+0900] {processor.py:829} INFO - Processing file /usr/local/lib/python3.8/dist-packages/airflow/example_dags/plugins/listener_plugin.py for tasks to queue
[2023-09-01T13:21:30.438+0900] {logging_mixin.py:151} INFO - [2023-09-01T13:21:30.437+0900] {dagbag.py:539} INFO - Filling up the DagBag from /usr/local/lib/python3.8/dist-packages/airflow/example_dags/plugins/listener_plugin.py
[2023-09-01T13:21:30.443+0900] {processor.py:841} WARNING - No viable dags retrieved from /usr/local/lib/python3.8/dist-packages/airflow/example_dags/plugins/listener_plugin.py
[2023-09-01T13:21:30.454+0900] {processor.py:179} INFO - Processing /usr/local/lib/python3.8/dist-packages/airflow/example_dags/plugins/listener_plugin.py took 0.026 seconds
[2023-09-01T13:22:07.668+0900] {processor.py:157} INFO - Started process (PID=11840) to work on /usr/local/lib/python3.8/dist-packages/airflow/example_dags/plugins/listener_plugin.py
[2023-09-01T13:22:07.669+0900] {processor.py:829} INFO - Processing file /usr/local/lib/python3.8/dist-packages/airflow/example_dags/plugins/listener_plugin.py for tasks to queue
[2023-09-01T13:22:07.671+0900] {logging_mixin.py:151} INFO - [2023-09-01T13:22:07.670+0900] {dagbag.py:539} INFO - Filling up the DagBag from /usr/local/lib/python3.8/dist-packages/airflow/example_dags/plugins/listener_plugin.py
[2023-09-01T13:22:07.675+0900] {processor.py:841} WARNING - No viable dags retrieved from /usr/local/lib/python3.8/dist-packages/airflow/example_dags/plugins/listener_plugin.py
[2023-09-01T13:22:07.687+0900] {processor.py:179} INFO - Processing /usr/local/lib/python3.8/dist-packages/airflow/example_dags/plugins/listener_plugin.py took 0.023 seconds
[2023-09-01T13:22:51.087+0900] {processor.py:157} INFO - Started process (PID=12266) to work on /usr/local/lib/python3.8/dist-packages/airflow/example_dags/plugins/listener_plugin.py
[2023-09-01T13:22:51.088+0900] {processor.py:829} INFO - Processing file /usr/local/lib/python3.8/dist-packages/airflow/example_dags/plugins/listener_plugin.py for tasks to queue
[2023-09-01T13:22:51.090+0900] {logging_mixin.py:151} INFO - [2023-09-01T13:22:51.089+0900] {dagbag.py:539} INFO - Filling up the DagBag from /usr/local/lib/python3.8/dist-packages/airflow/example_dags/plugins/listener_plugin.py
[2023-09-01T13:22:51.094+0900] {processor.py:841} WARNING - No viable dags retrieved from /usr/local/lib/python3.8/dist-packages/airflow/example_dags/plugins/listener_plugin.py
[2023-09-01T13:22:51.105+0900] {processor.py:179} INFO - Processing /usr/local/lib/python3.8/dist-packages/airflow/example_dags/plugins/listener_plugin.py took 0.024 seconds
[2023-09-01T13:23:33.241+0900] {processor.py:157} INFO - Started process (PID=12709) to work on /usr/local/lib/python3.8/dist-packages/airflow/example_dags/plugins/listener_plugin.py
[2023-09-01T13:23:33.242+0900] {processor.py:829} INFO - Processing file /usr/local/lib/python3.8/dist-packages/airflow/example_dags/plugins/listener_plugin.py for tasks to queue
[2023-09-01T13:23:33.243+0900] {logging_mixin.py:151} INFO - [2023-09-01T13:23:33.242+0900] {dagbag.py:539} INFO - Filling up the DagBag from /usr/local/lib/python3.8/dist-packages/airflow/example_dags/plugins/listener_plugin.py
[2023-09-01T13:23:33.245+0900] {processor.py:841} WARNING - No viable dags retrieved from /usr/local/lib/python3.8/dist-packages/airflow/example_dags/plugins/listener_plugin.py
[2023-09-01T13:23:33.252+0900] {processor.py:179} INFO - Processing /usr/local/lib/python3.8/dist-packages/airflow/example_dags/plugins/listener_plugin.py took 0.013 seconds
[2023-09-01T13:24:17.427+0900] {processor.py:157} INFO - Started process (PID=13120) to work on /usr/local/lib/python3.8/dist-packages/airflow/example_dags/plugins/listener_plugin.py
[2023-09-01T13:24:17.428+0900] {processor.py:829} INFO - Processing file /usr/local/lib/python3.8/dist-packages/airflow/example_dags/plugins/listener_plugin.py for tasks to queue
[2023-09-01T13:24:17.429+0900] {logging_mixin.py:151} INFO - [2023-09-01T13:24:17.428+0900] {dagbag.py:539} INFO - Filling up the DagBag from /usr/local/lib/python3.8/dist-packages/airflow/example_dags/plugins/listener_plugin.py
[2023-09-01T13:24:17.432+0900] {processor.py:841} WARNING - No viable dags retrieved from /usr/local/lib/python3.8/dist-packages/airflow/example_dags/plugins/listener_plugin.py
[2023-09-01T13:24:17.442+0900] {processor.py:179} INFO - Processing /usr/local/lib/python3.8/dist-packages/airflow/example_dags/plugins/listener_plugin.py took 0.018 seconds
[2023-09-01T13:25:03.321+0900] {processor.py:157} INFO - Started process (PID=13595) to work on /usr/local/lib/python3.8/dist-packages/airflow/example_dags/plugins/listener_plugin.py
[2023-09-01T13:25:03.322+0900] {processor.py:829} INFO - Processing file /usr/local/lib/python3.8/dist-packages/airflow/example_dags/plugins/listener_plugin.py for tasks to queue
[2023-09-01T13:25:03.324+0900] {logging_mixin.py:151} INFO - [2023-09-01T13:25:03.323+0900] {dagbag.py:539} INFO - Filling up the DagBag from /usr/local/lib/python3.8/dist-packages/airflow/example_dags/plugins/listener_plugin.py
[2023-09-01T13:25:03.327+0900] {processor.py:841} WARNING - No viable dags retrieved from /usr/local/lib/python3.8/dist-packages/airflow/example_dags/plugins/listener_plugin.py
[2023-09-01T13:25:03.337+0900] {processor.py:179} INFO - Processing /usr/local/lib/python3.8/dist-packages/airflow/example_dags/plugins/listener_plugin.py took 0.021 seconds
[2023-09-01T13:25:49.848+0900] {processor.py:157} INFO - Started process (PID=14336) to work on /usr/local/lib/python3.8/dist-packages/airflow/example_dags/plugins/listener_plugin.py
[2023-09-01T13:25:49.849+0900] {processor.py:829} INFO - Processing file /usr/local/lib/python3.8/dist-packages/airflow/example_dags/plugins/listener_plugin.py for tasks to queue
[2023-09-01T13:25:49.850+0900] {logging_mixin.py:151} INFO - [2023-09-01T13:25:49.849+0900] {dagbag.py:539} INFO - Filling up the DagBag from /usr/local/lib/python3.8/dist-packages/airflow/example_dags/plugins/listener_plugin.py
[2023-09-01T13:25:49.853+0900] {processor.py:841} WARNING - No viable dags retrieved from /usr/local/lib/python3.8/dist-packages/airflow/example_dags/plugins/listener_plugin.py
[2023-09-01T13:25:49.860+0900] {processor.py:179} INFO - Processing /usr/local/lib/python3.8/dist-packages/airflow/example_dags/plugins/listener_plugin.py took 0.015 seconds
[2023-09-01T13:26:33.627+0900] {processor.py:157} INFO - Started process (PID=14755) to work on /usr/local/lib/python3.8/dist-packages/airflow/example_dags/plugins/listener_plugin.py
[2023-09-01T13:26:33.629+0900] {processor.py:829} INFO - Processing file /usr/local/lib/python3.8/dist-packages/airflow/example_dags/plugins/listener_plugin.py for tasks to queue
[2023-09-01T13:26:33.630+0900] {logging_mixin.py:151} INFO - [2023-09-01T13:26:33.629+0900] {dagbag.py:539} INFO - Filling up the DagBag from /usr/local/lib/python3.8/dist-packages/airflow/example_dags/plugins/listener_plugin.py
[2023-09-01T13:26:33.634+0900] {processor.py:841} WARNING - No viable dags retrieved from /usr/local/lib/python3.8/dist-packages/airflow/example_dags/plugins/listener_plugin.py
[2023-09-01T13:26:33.645+0900] {processor.py:179} INFO - Processing /usr/local/lib/python3.8/dist-packages/airflow/example_dags/plugins/listener_plugin.py took 0.024 seconds
[2023-09-01T13:27:16.530+0900] {processor.py:157} INFO - Started process (PID=15173) to work on /usr/local/lib/python3.8/dist-packages/airflow/example_dags/plugins/listener_plugin.py
[2023-09-01T13:27:16.531+0900] {processor.py:829} INFO - Processing file /usr/local/lib/python3.8/dist-packages/airflow/example_dags/plugins/listener_plugin.py for tasks to queue
[2023-09-01T13:27:16.533+0900] {logging_mixin.py:151} INFO - [2023-09-01T13:27:16.532+0900] {dagbag.py:539} INFO - Filling up the DagBag from /usr/local/lib/python3.8/dist-packages/airflow/example_dags/plugins/listener_plugin.py
[2023-09-01T13:27:16.538+0900] {processor.py:841} WARNING - No viable dags retrieved from /usr/local/lib/python3.8/dist-packages/airflow/example_dags/plugins/listener_plugin.py
[2023-09-01T13:27:16.551+0900] {processor.py:179} INFO - Processing /usr/local/lib/python3.8/dist-packages/airflow/example_dags/plugins/listener_plugin.py took 0.027 seconds
[2023-09-01T13:28:01.392+0900] {processor.py:157} INFO - Started process (PID=15610) to work on /usr/local/lib/python3.8/dist-packages/airflow/example_dags/plugins/listener_plugin.py
[2023-09-01T13:28:01.394+0900] {processor.py:829} INFO - Processing file /usr/local/lib/python3.8/dist-packages/airflow/example_dags/plugins/listener_plugin.py for tasks to queue
[2023-09-01T13:28:01.395+0900] {logging_mixin.py:151} INFO - [2023-09-01T13:28:01.394+0900] {dagbag.py:539} INFO - Filling up the DagBag from /usr/local/lib/python3.8/dist-packages/airflow/example_dags/plugins/listener_plugin.py
[2023-09-01T13:28:01.400+0900] {processor.py:841} WARNING - No viable dags retrieved from /usr/local/lib/python3.8/dist-packages/airflow/example_dags/plugins/listener_plugin.py
[2023-09-01T13:28:01.410+0900] {processor.py:179} INFO - Processing /usr/local/lib/python3.8/dist-packages/airflow/example_dags/plugins/listener_plugin.py took 0.024 seconds
[2023-09-01T13:28:48.184+0900] {processor.py:157} INFO - Started process (PID=16078) to work on /usr/local/lib/python3.8/dist-packages/airflow/example_dags/plugins/listener_plugin.py
[2023-09-01T13:28:48.185+0900] {processor.py:829} INFO - Processing file /usr/local/lib/python3.8/dist-packages/airflow/example_dags/plugins/listener_plugin.py for tasks to queue
[2023-09-01T13:28:48.187+0900] {logging_mixin.py:151} INFO - [2023-09-01T13:28:48.186+0900] {dagbag.py:539} INFO - Filling up the DagBag from /usr/local/lib/python3.8/dist-packages/airflow/example_dags/plugins/listener_plugin.py
[2023-09-01T13:28:48.192+0900] {processor.py:841} WARNING - No viable dags retrieved from /usr/local/lib/python3.8/dist-packages/airflow/example_dags/plugins/listener_plugin.py
[2023-09-01T13:28:48.203+0900] {processor.py:179} INFO - Processing /usr/local/lib/python3.8/dist-packages/airflow/example_dags/plugins/listener_plugin.py took 0.025 seconds
[2023-09-01T13:29:32.624+0900] {processor.py:157} INFO - Started process (PID=16515) to work on /usr/local/lib/python3.8/dist-packages/airflow/example_dags/plugins/listener_plugin.py
[2023-09-01T13:29:32.625+0900] {processor.py:829} INFO - Processing file /usr/local/lib/python3.8/dist-packages/airflow/example_dags/plugins/listener_plugin.py for tasks to queue
[2023-09-01T13:29:32.626+0900] {logging_mixin.py:151} INFO - [2023-09-01T13:29:32.625+0900] {dagbag.py:539} INFO - Filling up the DagBag from /usr/local/lib/python3.8/dist-packages/airflow/example_dags/plugins/listener_plugin.py
[2023-09-01T13:29:32.629+0900] {processor.py:841} WARNING - No viable dags retrieved from /usr/local/lib/python3.8/dist-packages/airflow/example_dags/plugins/listener_plugin.py
[2023-09-01T13:29:32.640+0900] {processor.py:179} INFO - Processing /usr/local/lib/python3.8/dist-packages/airflow/example_dags/plugins/listener_plugin.py took 0.020 seconds
[2023-09-01T13:30:20.204+0900] {processor.py:157} INFO - Started process (PID=16972) to work on /usr/local/lib/python3.8/dist-packages/airflow/example_dags/plugins/listener_plugin.py
[2023-09-01T13:30:20.205+0900] {processor.py:829} INFO - Processing file /usr/local/lib/python3.8/dist-packages/airflow/example_dags/plugins/listener_plugin.py for tasks to queue
[2023-09-01T13:30:20.207+0900] {logging_mixin.py:151} INFO - [2023-09-01T13:30:20.206+0900] {dagbag.py:539} INFO - Filling up the DagBag from /usr/local/lib/python3.8/dist-packages/airflow/example_dags/plugins/listener_plugin.py
[2023-09-01T13:30:20.212+0900] {processor.py:841} WARNING - No viable dags retrieved from /usr/local/lib/python3.8/dist-packages/airflow/example_dags/plugins/listener_plugin.py
[2023-09-01T13:30:20.223+0900] {processor.py:179} INFO - Processing /usr/local/lib/python3.8/dist-packages/airflow/example_dags/plugins/listener_plugin.py took 0.025 seconds
[2023-09-01T13:31:01.364+0900] {processor.py:157} INFO - Started process (PID=17372) to work on /usr/local/lib/python3.8/dist-packages/airflow/example_dags/plugins/listener_plugin.py
[2023-09-01T13:31:01.366+0900] {processor.py:829} INFO - Processing file /usr/local/lib/python3.8/dist-packages/airflow/example_dags/plugins/listener_plugin.py for tasks to queue
[2023-09-01T13:31:01.367+0900] {logging_mixin.py:151} INFO - [2023-09-01T13:31:01.366+0900] {dagbag.py:539} INFO - Filling up the DagBag from /usr/local/lib/python3.8/dist-packages/airflow/example_dags/plugins/listener_plugin.py
[2023-09-01T13:31:01.372+0900] {processor.py:841} WARNING - No viable dags retrieved from /usr/local/lib/python3.8/dist-packages/airflow/example_dags/plugins/listener_plugin.py
[2023-09-01T13:31:01.383+0900] {processor.py:179} INFO - Processing /usr/local/lib/python3.8/dist-packages/airflow/example_dags/plugins/listener_plugin.py took 0.024 seconds
[2023-09-01T13:31:45.671+0900] {processor.py:157} INFO - Started process (PID=17801) to work on /usr/local/lib/python3.8/dist-packages/airflow/example_dags/plugins/listener_plugin.py
[2023-09-01T13:31:45.672+0900] {processor.py:829} INFO - Processing file /usr/local/lib/python3.8/dist-packages/airflow/example_dags/plugins/listener_plugin.py for tasks to queue
[2023-09-01T13:31:45.673+0900] {logging_mixin.py:151} INFO - [2023-09-01T13:31:45.672+0900] {dagbag.py:539} INFO - Filling up the DagBag from /usr/local/lib/python3.8/dist-packages/airflow/example_dags/plugins/listener_plugin.py
[2023-09-01T13:31:45.676+0900] {processor.py:841} WARNING - No viable dags retrieved from /usr/local/lib/python3.8/dist-packages/airflow/example_dags/plugins/listener_plugin.py
[2023-09-01T13:31:45.685+0900] {processor.py:179} INFO - Processing /usr/local/lib/python3.8/dist-packages/airflow/example_dags/plugins/listener_plugin.py took 0.018 seconds
[2023-09-01T13:32:31.594+0900] {processor.py:157} INFO - Started process (PID=18246) to work on /usr/local/lib/python3.8/dist-packages/airflow/example_dags/plugins/listener_plugin.py
[2023-09-01T13:32:31.596+0900] {processor.py:829} INFO - Processing file /usr/local/lib/python3.8/dist-packages/airflow/example_dags/plugins/listener_plugin.py for tasks to queue
[2023-09-01T13:32:31.597+0900] {logging_mixin.py:151} INFO - [2023-09-01T13:32:31.596+0900] {dagbag.py:539} INFO - Filling up the DagBag from /usr/local/lib/python3.8/dist-packages/airflow/example_dags/plugins/listener_plugin.py
[2023-09-01T13:32:31.601+0900] {processor.py:841} WARNING - No viable dags retrieved from /usr/local/lib/python3.8/dist-packages/airflow/example_dags/plugins/listener_plugin.py
[2023-09-01T13:32:31.613+0900] {processor.py:179} INFO - Processing /usr/local/lib/python3.8/dist-packages/airflow/example_dags/plugins/listener_plugin.py took 0.023 seconds
[2023-09-01T13:33:15.858+0900] {processor.py:157} INFO - Started process (PID=18678) to work on /usr/local/lib/python3.8/dist-packages/airflow/example_dags/plugins/listener_plugin.py
[2023-09-01T13:33:15.859+0900] {processor.py:829} INFO - Processing file /usr/local/lib/python3.8/dist-packages/airflow/example_dags/plugins/listener_plugin.py for tasks to queue
[2023-09-01T13:33:15.861+0900] {logging_mixin.py:151} INFO - [2023-09-01T13:33:15.860+0900] {dagbag.py:539} INFO - Filling up the DagBag from /usr/local/lib/python3.8/dist-packages/airflow/example_dags/plugins/listener_plugin.py
[2023-09-01T13:33:15.866+0900] {processor.py:841} WARNING - No viable dags retrieved from /usr/local/lib/python3.8/dist-packages/airflow/example_dags/plugins/listener_plugin.py
[2023-09-01T13:33:15.877+0900] {processor.py:179} INFO - Processing /usr/local/lib/python3.8/dist-packages/airflow/example_dags/plugins/listener_plugin.py took 0.024 seconds
[2023-09-01T13:33:48.841+0900] {processor.py:157} INFO - Started process (PID=19012) to work on /usr/local/lib/python3.8/dist-packages/airflow/example_dags/plugins/listener_plugin.py
[2023-09-01T13:33:48.843+0900] {processor.py:829} INFO - Processing file /usr/local/lib/python3.8/dist-packages/airflow/example_dags/plugins/listener_plugin.py for tasks to queue
[2023-09-01T13:33:48.845+0900] {logging_mixin.py:151} INFO - [2023-09-01T13:33:48.844+0900] {dagbag.py:539} INFO - Filling up the DagBag from /usr/local/lib/python3.8/dist-packages/airflow/example_dags/plugins/listener_plugin.py
[2023-09-01T13:33:48.850+0900] {processor.py:841} WARNING - No viable dags retrieved from /usr/local/lib/python3.8/dist-packages/airflow/example_dags/plugins/listener_plugin.py
[2023-09-01T13:33:48.862+0900] {processor.py:179} INFO - Processing /usr/local/lib/python3.8/dist-packages/airflow/example_dags/plugins/listener_plugin.py took 0.027 seconds
[2023-09-01T13:34:33.117+0900] {processor.py:157} INFO - Started process (PID=19448) to work on /usr/local/lib/python3.8/dist-packages/airflow/example_dags/plugins/listener_plugin.py
[2023-09-01T13:34:33.120+0900] {processor.py:829} INFO - Processing file /usr/local/lib/python3.8/dist-packages/airflow/example_dags/plugins/listener_plugin.py for tasks to queue
[2023-09-01T13:34:33.126+0900] {logging_mixin.py:151} INFO - [2023-09-01T13:34:33.125+0900] {dagbag.py:539} INFO - Filling up the DagBag from /usr/local/lib/python3.8/dist-packages/airflow/example_dags/plugins/listener_plugin.py
[2023-09-01T13:34:33.131+0900] {processor.py:841} WARNING - No viable dags retrieved from /usr/local/lib/python3.8/dist-packages/airflow/example_dags/plugins/listener_plugin.py
[2023-09-01T13:34:33.144+0900] {processor.py:179} INFO - Processing /usr/local/lib/python3.8/dist-packages/airflow/example_dags/plugins/listener_plugin.py took 0.031 seconds
[2023-09-01T13:35:16.201+0900] {processor.py:157} INFO - Started process (PID=19867) to work on /usr/local/lib/python3.8/dist-packages/airflow/example_dags/plugins/listener_plugin.py
[2023-09-01T13:35:16.203+0900] {processor.py:829} INFO - Processing file /usr/local/lib/python3.8/dist-packages/airflow/example_dags/plugins/listener_plugin.py for tasks to queue
[2023-09-01T13:35:16.204+0900] {logging_mixin.py:151} INFO - [2023-09-01T13:35:16.204+0900] {dagbag.py:539} INFO - Filling up the DagBag from /usr/local/lib/python3.8/dist-packages/airflow/example_dags/plugins/listener_plugin.py
[2023-09-01T13:35:16.208+0900] {processor.py:841} WARNING - No viable dags retrieved from /usr/local/lib/python3.8/dist-packages/airflow/example_dags/plugins/listener_plugin.py
[2023-09-01T13:35:16.219+0900] {processor.py:179} INFO - Processing /usr/local/lib/python3.8/dist-packages/airflow/example_dags/plugins/listener_plugin.py took 0.022 seconds
[2023-09-01T13:35:59.274+0900] {processor.py:157} INFO - Started process (PID=20281) to work on /usr/local/lib/python3.8/dist-packages/airflow/example_dags/plugins/listener_plugin.py
[2023-09-01T13:35:59.276+0900] {processor.py:829} INFO - Processing file /usr/local/lib/python3.8/dist-packages/airflow/example_dags/plugins/listener_plugin.py for tasks to queue
[2023-09-01T13:35:59.277+0900] {logging_mixin.py:151} INFO - [2023-09-01T13:35:59.276+0900] {dagbag.py:539} INFO - Filling up the DagBag from /usr/local/lib/python3.8/dist-packages/airflow/example_dags/plugins/listener_plugin.py
[2023-09-01T13:35:59.282+0900] {processor.py:841} WARNING - No viable dags retrieved from /usr/local/lib/python3.8/dist-packages/airflow/example_dags/plugins/listener_plugin.py
[2023-09-01T13:35:59.293+0900] {processor.py:179} INFO - Processing /usr/local/lib/python3.8/dist-packages/airflow/example_dags/plugins/listener_plugin.py took 0.024 seconds
[2023-09-01T13:36:32.898+0900] {processor.py:157} INFO - Started process (PID=20605) to work on /usr/local/lib/python3.8/dist-packages/airflow/example_dags/plugins/listener_plugin.py
[2023-09-01T13:36:32.900+0900] {processor.py:829} INFO - Processing file /usr/local/lib/python3.8/dist-packages/airflow/example_dags/plugins/listener_plugin.py for tasks to queue
[2023-09-01T13:36:32.901+0900] {logging_mixin.py:151} INFO - [2023-09-01T13:36:32.900+0900] {dagbag.py:539} INFO - Filling up the DagBag from /usr/local/lib/python3.8/dist-packages/airflow/example_dags/plugins/listener_plugin.py
[2023-09-01T13:36:32.904+0900] {processor.py:841} WARNING - No viable dags retrieved from /usr/local/lib/python3.8/dist-packages/airflow/example_dags/plugins/listener_plugin.py
[2023-09-01T13:36:32.912+0900] {processor.py:179} INFO - Processing /usr/local/lib/python3.8/dist-packages/airflow/example_dags/plugins/listener_plugin.py took 0.017 seconds
[2023-09-01T13:37:17.276+0900] {processor.py:157} INFO - Started process (PID=21037) to work on /usr/local/lib/python3.8/dist-packages/airflow/example_dags/plugins/listener_plugin.py
[2023-09-01T13:37:17.278+0900] {processor.py:829} INFO - Processing file /usr/local/lib/python3.8/dist-packages/airflow/example_dags/plugins/listener_plugin.py for tasks to queue
[2023-09-01T13:37:17.280+0900] {logging_mixin.py:151} INFO - [2023-09-01T13:37:17.279+0900] {dagbag.py:539} INFO - Filling up the DagBag from /usr/local/lib/python3.8/dist-packages/airflow/example_dags/plugins/listener_plugin.py
[2023-09-01T13:37:17.286+0900] {processor.py:841} WARNING - No viable dags retrieved from /usr/local/lib/python3.8/dist-packages/airflow/example_dags/plugins/listener_plugin.py
[2023-09-01T13:37:17.299+0900] {processor.py:179} INFO - Processing /usr/local/lib/python3.8/dist-packages/airflow/example_dags/plugins/listener_plugin.py took 0.028 seconds
[2023-09-01T13:37:50.906+0900] {processor.py:157} INFO - Started process (PID=21352) to work on /usr/local/lib/python3.8/dist-packages/airflow/example_dags/plugins/listener_plugin.py
[2023-09-01T13:37:50.907+0900] {processor.py:829} INFO - Processing file /usr/local/lib/python3.8/dist-packages/airflow/example_dags/plugins/listener_plugin.py for tasks to queue
[2023-09-01T13:37:50.909+0900] {logging_mixin.py:151} INFO - [2023-09-01T13:37:50.908+0900] {dagbag.py:539} INFO - Filling up the DagBag from /usr/local/lib/python3.8/dist-packages/airflow/example_dags/plugins/listener_plugin.py
[2023-09-01T13:37:50.914+0900] {processor.py:841} WARNING - No viable dags retrieved from /usr/local/lib/python3.8/dist-packages/airflow/example_dags/plugins/listener_plugin.py
[2023-09-01T13:37:50.926+0900] {processor.py:179} INFO - Processing /usr/local/lib/python3.8/dist-packages/airflow/example_dags/plugins/listener_plugin.py took 0.026 seconds
[2023-09-01T13:38:35.302+0900] {processor.py:157} INFO - Started process (PID=21789) to work on /usr/local/lib/python3.8/dist-packages/airflow/example_dags/plugins/listener_plugin.py
[2023-09-01T13:38:35.304+0900] {processor.py:829} INFO - Processing file /usr/local/lib/python3.8/dist-packages/airflow/example_dags/plugins/listener_plugin.py for tasks to queue
[2023-09-01T13:38:35.306+0900] {logging_mixin.py:151} INFO - [2023-09-01T13:38:35.305+0900] {dagbag.py:539} INFO - Filling up the DagBag from /usr/local/lib/python3.8/dist-packages/airflow/example_dags/plugins/listener_plugin.py
[2023-09-01T13:38:35.310+0900] {processor.py:841} WARNING - No viable dags retrieved from /usr/local/lib/python3.8/dist-packages/airflow/example_dags/plugins/listener_plugin.py
[2023-09-01T13:38:35.322+0900] {processor.py:179} INFO - Processing /usr/local/lib/python3.8/dist-packages/airflow/example_dags/plugins/listener_plugin.py took 0.026 seconds
