[2023-09-02T15:03:51.439+0900] {taskinstance.py:1159} INFO - Dependencies all met for dep_context=non-requeueable deps ti=<TaskInstance: naver-search-pipeline.creating_table __airflow_temporary_run_2023-09-02T06:03:50.385701+00:00__ [queued]>
[2023-09-02T15:03:51.442+0900] {taskinstance.py:1159} INFO - Dependencies all met for dep_context=requeueable deps ti=<TaskInstance: naver-search-pipeline.creating_table __airflow_temporary_run_2023-09-02T06:03:50.385701+00:00__ [queued]>
[2023-09-02T15:03:51.442+0900] {taskinstance.py:1361} INFO - Starting attempt 1 of 1
[2023-09-02T15:03:51.482+0900] {taskinstance.py:1382} INFO - Executing <Task(SqliteOperator): creating_table> on 2021-01-01 00:00:00+00:00
[2023-09-02T15:03:51.484+0900] {standard_task_runner.py:57} INFO - Started process 28399 to run task
[2023-09-02T15:03:51.486+0900] {standard_task_runner.py:84} INFO - Running: ['airflow', 'tasks', 'run', 'naver-search-pipeline', 'creating_table', '__airflow_temporary_run_2023-09-02T06:03:50.385701+00:00__', '--job-id', '22', '--raw', '--subdir', 'DAGS_FOLDER/naver_search_pipeline.py', '--cfg-path', '/tmp/tmpnazfyxi8']
[2023-09-02T15:03:51.487+0900] {standard_task_runner.py:85} INFO - Job 22: Subtask creating_table
[2023-09-02T15:03:51.504+0900] {task_command.py:415} INFO - Running <TaskInstance: naver-search-pipeline.creating_table __airflow_temporary_run_2023-09-02T06:03:50.385701+00:00__ [running]> on host e2ca8eff8ec8
[2023-09-02T15:03:51.525+0900] {taskinstance.py:1660} INFO - Exporting env vars: AIRFLOW_CTX_DAG_OWNER='airflow' AIRFLOW_CTX_DAG_ID='naver-search-pipeline' AIRFLOW_CTX_TASK_ID='creating_table' AIRFLOW_CTX_EXECUTION_DATE='2021-01-01T00:00:00+00:00' AIRFLOW_CTX_TRY_NUMBER='1' AIRFLOW_CTX_DAG_RUN_ID='__airflow_temporary_run_2023-09-02T06:03:50.385701+00:00__'
[2023-09-02T15:03:51.526+0900] {sql.py:274} INFO - Executing: 
            CREATE TABLE IF NOT EXISTS naver_search_result( 
                title TEXT,
                address TEXT,
                category TEXT,
                description TEXT,
                link TEXT
            )
        
[2023-09-02T15:03:51.527+0900] {base.py:73} INFO - Using connection ID 'db_sqlite' for task execution.
[2023-09-02T15:03:51.550+0900] {base.py:73} INFO - Using connection ID 'db_sqlite' for task execution.
[2023-09-02T15:03:51.551+0900] {sql.py:418} INFO - Running statement: 
            CREATE TABLE IF NOT EXISTS naver_search_result( 
                title TEXT,
                address TEXT,
                category TEXT,
                description TEXT,
                link TEXT
            )
        , parameters: None
[2023-09-02T15:03:51.553+0900] {taskinstance.py:1400} INFO - Marking task as SUCCESS. dag_id=naver-search-pipeline, task_id=creating_table, execution_date=20210101T000000, start_date=20230902T060351, end_date=20230902T060351
[2023-09-02T15:03:51.579+0900] {local_task_job_runner.py:228} INFO - Task exited with return code 0
[2023-09-02T15:03:51.584+0900] {taskinstance.py:2784} INFO - 0 downstream tasks scheduled from follow-on schedule check
