[2023-09-01T13:07:34.905+0900] {processor.py:157} INFO - Started process (PID=1985) to work on /usr/local/lib/python3.8/dist-packages/airflow/example_dags/example_task_group_decorator.py
[2023-09-01T13:07:34.906+0900] {processor.py:829} INFO - Processing file /usr/local/lib/python3.8/dist-packages/airflow/example_dags/example_task_group_decorator.py for tasks to queue
[2023-09-01T13:07:34.907+0900] {logging_mixin.py:151} INFO - [2023-09-01T13:07:34.906+0900] {dagbag.py:539} INFO - Filling up the DagBag from /usr/local/lib/python3.8/dist-packages/airflow/example_dags/example_task_group_decorator.py
[2023-09-01T13:07:34.924+0900] {processor.py:839} INFO - DAG(s) dict_keys(['example_task_group_decorator']) retrieved from /usr/local/lib/python3.8/dist-packages/airflow/example_dags/example_task_group_decorator.py
[2023-09-01T13:07:35.041+0900] {logging_mixin.py:151} INFO - [2023-09-01T13:07:35.041+0900] {manager.py:501} INFO - Created Permission View: can delete on DAG:example_task_group_decorator
[2023-09-01T13:07:35.045+0900] {logging_mixin.py:151} INFO - [2023-09-01T13:07:35.045+0900] {manager.py:501} INFO - Created Permission View: can read on DAG:example_task_group_decorator
[2023-09-01T13:07:35.048+0900] {logging_mixin.py:151} INFO - [2023-09-01T13:07:35.048+0900] {manager.py:501} INFO - Created Permission View: can edit on DAG:example_task_group_decorator
[2023-09-01T13:07:35.052+0900] {logging_mixin.py:151} INFO - [2023-09-01T13:07:35.052+0900] {dag.py:2907} INFO - Sync 1 DAGs
[2023-09-01T13:07:35.056+0900] {logging_mixin.py:151} INFO - [2023-09-01T13:07:35.056+0900] {dag.py:2929} INFO - Creating ORM DAG for example_task_group_decorator
[2023-09-01T13:07:35.059+0900] {logging_mixin.py:151} INFO - [2023-09-01T13:07:35.059+0900] {dag.py:3677} INFO - Setting next_dagrun for example_task_group_decorator to 2023-08-31T04:07:35.059062+00:00, run_after=2023-09-01T04:07:35.059062+00:00
[2023-09-01T13:07:35.067+0900] {processor.py:179} INFO - Processing /usr/local/lib/python3.8/dist-packages/airflow/example_dags/example_task_group_decorator.py took 0.166 seconds
[2023-09-01T13:08:22.786+0900] {processor.py:157} INFO - Started process (PID=2465) to work on /usr/local/lib/python3.8/dist-packages/airflow/example_dags/example_task_group_decorator.py
[2023-09-01T13:08:22.787+0900] {processor.py:829} INFO - Processing file /usr/local/lib/python3.8/dist-packages/airflow/example_dags/example_task_group_decorator.py for tasks to queue
[2023-09-01T13:08:22.788+0900] {logging_mixin.py:151} INFO - [2023-09-01T13:08:22.787+0900] {dagbag.py:539} INFO - Filling up the DagBag from /usr/local/lib/python3.8/dist-packages/airflow/example_dags/example_task_group_decorator.py
[2023-09-01T13:08:22.805+0900] {processor.py:839} INFO - DAG(s) dict_keys(['example_task_group_decorator']) retrieved from /usr/local/lib/python3.8/dist-packages/airflow/example_dags/example_task_group_decorator.py
[2023-09-01T13:08:22.822+0900] {logging_mixin.py:151} INFO - [2023-09-01T13:08:22.822+0900] {dag.py:2907} INFO - Sync 1 DAGs
[2023-09-01T13:08:22.833+0900] {logging_mixin.py:151} INFO - [2023-09-01T13:08:22.833+0900] {dag.py:3677} INFO - Setting next_dagrun for example_task_group_decorator to 2023-08-31T04:08:22.833526+00:00, run_after=2023-09-01T04:08:22.833526+00:00
[2023-09-01T13:08:22.844+0900] {processor.py:179} INFO - Processing /usr/local/lib/python3.8/dist-packages/airflow/example_dags/example_task_group_decorator.py took 0.062 seconds
[2023-09-01T13:09:12.742+0900] {processor.py:157} INFO - Started process (PID=4161) to work on /usr/local/lib/python3.8/dist-packages/airflow/example_dags/example_task_group_decorator.py
[2023-09-01T13:09:12.743+0900] {processor.py:829} INFO - Processing file /usr/local/lib/python3.8/dist-packages/airflow/example_dags/example_task_group_decorator.py for tasks to queue
[2023-09-01T13:09:12.744+0900] {logging_mixin.py:151} INFO - [2023-09-01T13:09:12.743+0900] {dagbag.py:539} INFO - Filling up the DagBag from /usr/local/lib/python3.8/dist-packages/airflow/example_dags/example_task_group_decorator.py
[2023-09-01T13:09:12.756+0900] {processor.py:839} INFO - DAG(s) dict_keys(['example_task_group_decorator']) retrieved from /usr/local/lib/python3.8/dist-packages/airflow/example_dags/example_task_group_decorator.py
[2023-09-01T13:09:12.767+0900] {logging_mixin.py:151} INFO - [2023-09-01T13:09:12.767+0900] {dag.py:2907} INFO - Sync 1 DAGs
[2023-09-01T13:09:12.776+0900] {logging_mixin.py:151} INFO - [2023-09-01T13:09:12.776+0900] {dag.py:3677} INFO - Setting next_dagrun for example_task_group_decorator to 2023-08-31T04:09:12.776357+00:00, run_after=2023-09-01T04:09:12.776357+00:00
[2023-09-01T13:09:12.786+0900] {processor.py:179} INFO - Processing /usr/local/lib/python3.8/dist-packages/airflow/example_dags/example_task_group_decorator.py took 0.047 seconds
[2023-09-01T13:09:57.990+0900] {processor.py:157} INFO - Started process (PID=4594) to work on /usr/local/lib/python3.8/dist-packages/airflow/example_dags/example_task_group_decorator.py
[2023-09-01T13:09:57.990+0900] {processor.py:829} INFO - Processing file /usr/local/lib/python3.8/dist-packages/airflow/example_dags/example_task_group_decorator.py for tasks to queue
[2023-09-01T13:09:57.991+0900] {logging_mixin.py:151} INFO - [2023-09-01T13:09:57.991+0900] {dagbag.py:539} INFO - Filling up the DagBag from /usr/local/lib/python3.8/dist-packages/airflow/example_dags/example_task_group_decorator.py
[2023-09-01T13:09:58.001+0900] {processor.py:839} INFO - DAG(s) dict_keys(['example_task_group_decorator']) retrieved from /usr/local/lib/python3.8/dist-packages/airflow/example_dags/example_task_group_decorator.py
[2023-09-01T13:09:58.011+0900] {logging_mixin.py:151} INFO - [2023-09-01T13:09:58.011+0900] {dag.py:2907} INFO - Sync 1 DAGs
[2023-09-01T13:09:58.020+0900] {logging_mixin.py:151} INFO - [2023-09-01T13:09:58.020+0900] {dag.py:3677} INFO - Setting next_dagrun for example_task_group_decorator to 2023-08-31T04:09:58.019869+00:00, run_after=2023-09-01T04:09:58.019869+00:00
[2023-09-01T13:09:58.029+0900] {processor.py:179} INFO - Processing /usr/local/lib/python3.8/dist-packages/airflow/example_dags/example_task_group_decorator.py took 0.042 seconds
[2023-09-01T13:10:45.458+0900] {processor.py:157} INFO - Started process (PID=5054) to work on /usr/local/lib/python3.8/dist-packages/airflow/example_dags/example_task_group_decorator.py
[2023-09-01T13:10:45.460+0900] {processor.py:829} INFO - Processing file /usr/local/lib/python3.8/dist-packages/airflow/example_dags/example_task_group_decorator.py for tasks to queue
[2023-09-01T13:10:45.461+0900] {logging_mixin.py:151} INFO - [2023-09-01T13:10:45.460+0900] {dagbag.py:539} INFO - Filling up the DagBag from /usr/local/lib/python3.8/dist-packages/airflow/example_dags/example_task_group_decorator.py
[2023-09-01T13:10:45.479+0900] {processor.py:839} INFO - DAG(s) dict_keys(['example_task_group_decorator']) retrieved from /usr/local/lib/python3.8/dist-packages/airflow/example_dags/example_task_group_decorator.py
[2023-09-01T13:10:45.495+0900] {logging_mixin.py:151} INFO - [2023-09-01T13:10:45.495+0900] {dag.py:2907} INFO - Sync 1 DAGs
[2023-09-01T13:10:45.505+0900] {logging_mixin.py:151} INFO - [2023-09-01T13:10:45.505+0900] {dag.py:3677} INFO - Setting next_dagrun for example_task_group_decorator to 2023-08-31T04:10:45.505482+00:00, run_after=2023-09-01T04:10:45.505482+00:00
[2023-09-01T13:10:45.516+0900] {processor.py:179} INFO - Processing /usr/local/lib/python3.8/dist-packages/airflow/example_dags/example_task_group_decorator.py took 0.063 seconds
[2023-09-01T13:11:37.474+0900] {processor.py:157} INFO - Started process (PID=5584) to work on /usr/local/lib/python3.8/dist-packages/airflow/example_dags/example_task_group_decorator.py
[2023-09-01T13:11:37.475+0900] {processor.py:829} INFO - Processing file /usr/local/lib/python3.8/dist-packages/airflow/example_dags/example_task_group_decorator.py for tasks to queue
[2023-09-01T13:11:37.477+0900] {logging_mixin.py:151} INFO - [2023-09-01T13:11:37.476+0900] {dagbag.py:539} INFO - Filling up the DagBag from /usr/local/lib/python3.8/dist-packages/airflow/example_dags/example_task_group_decorator.py
[2023-09-01T13:11:37.493+0900] {processor.py:839} INFO - DAG(s) dict_keys(['example_task_group_decorator']) retrieved from /usr/local/lib/python3.8/dist-packages/airflow/example_dags/example_task_group_decorator.py
[2023-09-01T13:11:37.508+0900] {logging_mixin.py:151} INFO - [2023-09-01T13:11:37.508+0900] {dag.py:2907} INFO - Sync 1 DAGs
[2023-09-01T13:11:37.519+0900] {logging_mixin.py:151} INFO - [2023-09-01T13:11:37.519+0900] {dag.py:3677} INFO - Setting next_dagrun for example_task_group_decorator to 2023-08-31T04:11:37.519097+00:00, run_after=2023-09-01T04:11:37.519097+00:00
[2023-09-01T13:11:37.529+0900] {processor.py:179} INFO - Processing /usr/local/lib/python3.8/dist-packages/airflow/example_dags/example_task_group_decorator.py took 0.060 seconds
[2023-09-01T13:12:57.795+0900] {processor.py:157} INFO - Started process (PID=5890) to work on /usr/local/lib/python3.8/dist-packages/airflow/example_dags/example_task_group_decorator.py
[2023-09-01T13:12:57.796+0900] {processor.py:829} INFO - Processing file /usr/local/lib/python3.8/dist-packages/airflow/example_dags/example_task_group_decorator.py for tasks to queue
[2023-09-01T13:12:57.796+0900] {logging_mixin.py:151} INFO - [2023-09-01T13:12:57.796+0900] {dagbag.py:539} INFO - Filling up the DagBag from /usr/local/lib/python3.8/dist-packages/airflow/example_dags/example_task_group_decorator.py
[2023-09-01T13:12:57.806+0900] {processor.py:839} INFO - DAG(s) dict_keys(['example_task_group_decorator']) retrieved from /usr/local/lib/python3.8/dist-packages/airflow/example_dags/example_task_group_decorator.py
[2023-09-01T13:12:57.817+0900] {logging_mixin.py:151} INFO - [2023-09-01T13:12:57.816+0900] {dag.py:2907} INFO - Sync 1 DAGs
[2023-09-01T13:12:57.825+0900] {logging_mixin.py:151} INFO - [2023-09-01T13:12:57.825+0900] {dag.py:3677} INFO - Setting next_dagrun for example_task_group_decorator to 2023-08-31T04:12:57.825477+00:00, run_after=2023-09-01T04:12:57.825477+00:00
[2023-09-01T13:12:57.834+0900] {processor.py:179} INFO - Processing /usr/local/lib/python3.8/dist-packages/airflow/example_dags/example_task_group_decorator.py took 0.042 seconds
[2023-09-01T13:13:40.969+0900] {processor.py:157} INFO - Started process (PID=6341) to work on /usr/local/lib/python3.8/dist-packages/airflow/example_dags/example_task_group_decorator.py
[2023-09-01T13:13:40.971+0900] {processor.py:829} INFO - Processing file /usr/local/lib/python3.8/dist-packages/airflow/example_dags/example_task_group_decorator.py for tasks to queue
[2023-09-01T13:13:40.972+0900] {logging_mixin.py:151} INFO - [2023-09-01T13:13:40.971+0900] {dagbag.py:539} INFO - Filling up the DagBag from /usr/local/lib/python3.8/dist-packages/airflow/example_dags/example_task_group_decorator.py
[2023-09-01T13:13:40.981+0900] {processor.py:839} INFO - DAG(s) dict_keys(['example_task_group_decorator']) retrieved from /usr/local/lib/python3.8/dist-packages/airflow/example_dags/example_task_group_decorator.py
[2023-09-01T13:13:40.992+0900] {logging_mixin.py:151} INFO - [2023-09-01T13:13:40.992+0900] {dag.py:2907} INFO - Sync 1 DAGs
[2023-09-01T13:13:41.004+0900] {logging_mixin.py:151} INFO - [2023-09-01T13:13:41.004+0900] {dag.py:3677} INFO - Setting next_dagrun for example_task_group_decorator to 2023-08-31T04:13:41.003969+00:00, run_after=2023-09-01T04:13:41.003969+00:00
[2023-09-01T13:13:41.015+0900] {processor.py:179} INFO - Processing /usr/local/lib/python3.8/dist-packages/airflow/example_dags/example_task_group_decorator.py took 0.049 seconds
[2023-09-01T13:14:26.001+0900] {processor.py:157} INFO - Started process (PID=7263) to work on /usr/local/lib/python3.8/dist-packages/airflow/example_dags/example_task_group_decorator.py
[2023-09-01T13:14:26.003+0900] {processor.py:829} INFO - Processing file /usr/local/lib/python3.8/dist-packages/airflow/example_dags/example_task_group_decorator.py for tasks to queue
[2023-09-01T13:14:26.005+0900] {logging_mixin.py:151} INFO - [2023-09-01T13:14:26.004+0900] {dagbag.py:539} INFO - Filling up the DagBag from /usr/local/lib/python3.8/dist-packages/airflow/example_dags/example_task_group_decorator.py
[2023-09-01T13:14:26.023+0900] {processor.py:839} INFO - DAG(s) dict_keys(['example_task_group_decorator']) retrieved from /usr/local/lib/python3.8/dist-packages/airflow/example_dags/example_task_group_decorator.py
[2023-09-01T13:14:26.039+0900] {logging_mixin.py:151} INFO - [2023-09-01T13:14:26.039+0900] {dag.py:2907} INFO - Sync 1 DAGs
[2023-09-01T13:14:26.051+0900] {logging_mixin.py:151} INFO - [2023-09-01T13:14:26.051+0900] {dag.py:3677} INFO - Setting next_dagrun for example_task_group_decorator to 2023-08-31T04:14:26.051020+00:00, run_after=2023-09-01T04:14:26.051020+00:00
[2023-09-01T13:14:26.062+0900] {processor.py:179} INFO - Processing /usr/local/lib/python3.8/dist-packages/airflow/example_dags/example_task_group_decorator.py took 0.067 seconds
[2023-09-01T13:15:08.317+0900] {processor.py:157} INFO - Started process (PID=7757) to work on /usr/local/lib/python3.8/dist-packages/airflow/example_dags/example_task_group_decorator.py
[2023-09-01T13:15:08.319+0900] {processor.py:829} INFO - Processing file /usr/local/lib/python3.8/dist-packages/airflow/example_dags/example_task_group_decorator.py for tasks to queue
[2023-09-01T13:15:08.321+0900] {logging_mixin.py:151} INFO - [2023-09-01T13:15:08.320+0900] {dagbag.py:539} INFO - Filling up the DagBag from /usr/local/lib/python3.8/dist-packages/airflow/example_dags/example_task_group_decorator.py
[2023-09-01T13:15:08.337+0900] {processor.py:839} INFO - DAG(s) dict_keys(['example_task_group_decorator']) retrieved from /usr/local/lib/python3.8/dist-packages/airflow/example_dags/example_task_group_decorator.py
[2023-09-01T13:15:08.351+0900] {logging_mixin.py:151} INFO - [2023-09-01T13:15:08.351+0900] {dag.py:2907} INFO - Sync 1 DAGs
[2023-09-01T13:15:08.362+0900] {logging_mixin.py:151} INFO - [2023-09-01T13:15:08.362+0900] {dag.py:3677} INFO - Setting next_dagrun for example_task_group_decorator to 2023-08-31T04:15:08.362184+00:00, run_after=2023-09-01T04:15:08.362184+00:00
[2023-09-01T13:15:08.372+0900] {processor.py:179} INFO - Processing /usr/local/lib/python3.8/dist-packages/airflow/example_dags/example_task_group_decorator.py took 0.060 seconds
[2023-09-01T13:15:53.065+0900] {processor.py:157} INFO - Started process (PID=8227) to work on /usr/local/lib/python3.8/dist-packages/airflow/example_dags/example_task_group_decorator.py
[2023-09-01T13:15:53.067+0900] {processor.py:829} INFO - Processing file /usr/local/lib/python3.8/dist-packages/airflow/example_dags/example_task_group_decorator.py for tasks to queue
[2023-09-01T13:15:53.068+0900] {logging_mixin.py:151} INFO - [2023-09-01T13:15:53.067+0900] {dagbag.py:539} INFO - Filling up the DagBag from /usr/local/lib/python3.8/dist-packages/airflow/example_dags/example_task_group_decorator.py
[2023-09-01T13:15:53.085+0900] {processor.py:839} INFO - DAG(s) dict_keys(['example_task_group_decorator']) retrieved from /usr/local/lib/python3.8/dist-packages/airflow/example_dags/example_task_group_decorator.py
[2023-09-01T13:15:53.100+0900] {logging_mixin.py:151} INFO - [2023-09-01T13:15:53.100+0900] {dag.py:2907} INFO - Sync 1 DAGs
[2023-09-01T13:15:53.111+0900] {logging_mixin.py:151} INFO - [2023-09-01T13:15:53.111+0900] {dag.py:3677} INFO - Setting next_dagrun for example_task_group_decorator to 2023-08-31T04:15:53.111663+00:00, run_after=2023-09-01T04:15:53.111663+00:00
[2023-09-01T13:15:53.123+0900] {processor.py:179} INFO - Processing /usr/local/lib/python3.8/dist-packages/airflow/example_dags/example_task_group_decorator.py took 0.063 seconds
[2023-09-01T13:16:36.985+0900] {processor.py:157} INFO - Started process (PID=8655) to work on /usr/local/lib/python3.8/dist-packages/airflow/example_dags/example_task_group_decorator.py
[2023-09-01T13:16:36.987+0900] {processor.py:829} INFO - Processing file /usr/local/lib/python3.8/dist-packages/airflow/example_dags/example_task_group_decorator.py for tasks to queue
[2023-09-01T13:16:36.988+0900] {logging_mixin.py:151} INFO - [2023-09-01T13:16:36.987+0900] {dagbag.py:539} INFO - Filling up the DagBag from /usr/local/lib/python3.8/dist-packages/airflow/example_dags/example_task_group_decorator.py
[2023-09-01T13:16:37.003+0900] {processor.py:839} INFO - DAG(s) dict_keys(['example_task_group_decorator']) retrieved from /usr/local/lib/python3.8/dist-packages/airflow/example_dags/example_task_group_decorator.py
[2023-09-01T13:16:37.017+0900] {logging_mixin.py:151} INFO - [2023-09-01T13:16:37.017+0900] {dag.py:2907} INFO - Sync 1 DAGs
[2023-09-01T13:16:37.028+0900] {logging_mixin.py:151} INFO - [2023-09-01T13:16:37.028+0900] {dag.py:3677} INFO - Setting next_dagrun for example_task_group_decorator to 2023-08-31T04:16:37.027863+00:00, run_after=2023-09-01T04:16:37.027863+00:00
[2023-09-01T13:16:37.038+0900] {processor.py:179} INFO - Processing /usr/local/lib/python3.8/dist-packages/airflow/example_dags/example_task_group_decorator.py took 0.059 seconds
[2023-09-01T13:17:24.462+0900] {processor.py:157} INFO - Started process (PID=9116) to work on /usr/local/lib/python3.8/dist-packages/airflow/example_dags/example_task_group_decorator.py
[2023-09-01T13:17:24.464+0900] {processor.py:829} INFO - Processing file /usr/local/lib/python3.8/dist-packages/airflow/example_dags/example_task_group_decorator.py for tasks to queue
[2023-09-01T13:17:24.465+0900] {logging_mixin.py:151} INFO - [2023-09-01T13:17:24.465+0900] {dagbag.py:539} INFO - Filling up the DagBag from /usr/local/lib/python3.8/dist-packages/airflow/example_dags/example_task_group_decorator.py
[2023-09-01T13:17:24.484+0900] {processor.py:839} INFO - DAG(s) dict_keys(['example_task_group_decorator']) retrieved from /usr/local/lib/python3.8/dist-packages/airflow/example_dags/example_task_group_decorator.py
[2023-09-01T13:17:24.500+0900] {logging_mixin.py:151} INFO - [2023-09-01T13:17:24.500+0900] {dag.py:2907} INFO - Sync 1 DAGs
[2023-09-01T13:17:24.511+0900] {logging_mixin.py:151} INFO - [2023-09-01T13:17:24.511+0900] {dag.py:3677} INFO - Setting next_dagrun for example_task_group_decorator to 2023-08-31T04:17:24.511360+00:00, run_after=2023-09-01T04:17:24.511360+00:00
[2023-09-01T13:17:24.521+0900] {processor.py:179} INFO - Processing /usr/local/lib/python3.8/dist-packages/airflow/example_dags/example_task_group_decorator.py took 0.065 seconds
[2023-09-01T13:18:10.766+0900] {processor.py:157} INFO - Started process (PID=9581) to work on /usr/local/lib/python3.8/dist-packages/airflow/example_dags/example_task_group_decorator.py
[2023-09-01T13:18:10.768+0900] {processor.py:829} INFO - Processing file /usr/local/lib/python3.8/dist-packages/airflow/example_dags/example_task_group_decorator.py for tasks to queue
[2023-09-01T13:18:10.770+0900] {logging_mixin.py:151} INFO - [2023-09-01T13:18:10.769+0900] {dagbag.py:539} INFO - Filling up the DagBag from /usr/local/lib/python3.8/dist-packages/airflow/example_dags/example_task_group_decorator.py
[2023-09-01T13:18:10.787+0900] {processor.py:839} INFO - DAG(s) dict_keys(['example_task_group_decorator']) retrieved from /usr/local/lib/python3.8/dist-packages/airflow/example_dags/example_task_group_decorator.py
[2023-09-01T13:18:10.802+0900] {logging_mixin.py:151} INFO - [2023-09-01T13:18:10.802+0900] {dag.py:2907} INFO - Sync 1 DAGs
[2023-09-01T13:18:10.814+0900] {logging_mixin.py:151} INFO - [2023-09-01T13:18:10.814+0900] {dag.py:3677} INFO - Setting next_dagrun for example_task_group_decorator to 2023-08-31T04:18:10.813991+00:00, run_after=2023-09-01T04:18:10.813991+00:00
[2023-09-01T13:18:10.824+0900] {processor.py:179} INFO - Processing /usr/local/lib/python3.8/dist-packages/airflow/example_dags/example_task_group_decorator.py took 0.064 seconds
[2023-09-01T13:18:55.288+0900] {processor.py:157} INFO - Started process (PID=10037) to work on /usr/local/lib/python3.8/dist-packages/airflow/example_dags/example_task_group_decorator.py
[2023-09-01T13:18:55.289+0900] {processor.py:829} INFO - Processing file /usr/local/lib/python3.8/dist-packages/airflow/example_dags/example_task_group_decorator.py for tasks to queue
[2023-09-01T13:18:55.291+0900] {logging_mixin.py:151} INFO - [2023-09-01T13:18:55.290+0900] {dagbag.py:539} INFO - Filling up the DagBag from /usr/local/lib/python3.8/dist-packages/airflow/example_dags/example_task_group_decorator.py
[2023-09-01T13:18:55.309+0900] {processor.py:839} INFO - DAG(s) dict_keys(['example_task_group_decorator']) retrieved from /usr/local/lib/python3.8/dist-packages/airflow/example_dags/example_task_group_decorator.py
[2023-09-01T13:18:55.326+0900] {logging_mixin.py:151} INFO - [2023-09-01T13:18:55.326+0900] {dag.py:2907} INFO - Sync 1 DAGs
[2023-09-01T13:18:55.337+0900] {logging_mixin.py:151} INFO - [2023-09-01T13:18:55.337+0900] {dag.py:3677} INFO - Setting next_dagrun for example_task_group_decorator to 2023-08-31T04:18:55.337540+00:00, run_after=2023-09-01T04:18:55.337540+00:00
[2023-09-01T13:18:55.347+0900] {processor.py:179} INFO - Processing /usr/local/lib/python3.8/dist-packages/airflow/example_dags/example_task_group_decorator.py took 0.065 seconds
[2023-09-01T13:19:40.688+0900] {processor.py:157} INFO - Started process (PID=10478) to work on /usr/local/lib/python3.8/dist-packages/airflow/example_dags/example_task_group_decorator.py
[2023-09-01T13:19:40.689+0900] {processor.py:829} INFO - Processing file /usr/local/lib/python3.8/dist-packages/airflow/example_dags/example_task_group_decorator.py for tasks to queue
[2023-09-01T13:19:40.691+0900] {logging_mixin.py:151} INFO - [2023-09-01T13:19:40.690+0900] {dagbag.py:539} INFO - Filling up the DagBag from /usr/local/lib/python3.8/dist-packages/airflow/example_dags/example_task_group_decorator.py
[2023-09-01T13:19:40.707+0900] {processor.py:839} INFO - DAG(s) dict_keys(['example_task_group_decorator']) retrieved from /usr/local/lib/python3.8/dist-packages/airflow/example_dags/example_task_group_decorator.py
[2023-09-01T13:19:40.721+0900] {logging_mixin.py:151} INFO - [2023-09-01T13:19:40.721+0900] {dag.py:2907} INFO - Sync 1 DAGs
[2023-09-01T13:19:40.732+0900] {logging_mixin.py:151} INFO - [2023-09-01T13:19:40.732+0900] {dag.py:3677} INFO - Setting next_dagrun for example_task_group_decorator to 2023-08-31T04:19:40.732513+00:00, run_after=2023-09-01T04:19:40.732513+00:00
[2023-09-01T13:19:40.743+0900] {processor.py:179} INFO - Processing /usr/local/lib/python3.8/dist-packages/airflow/example_dags/example_task_group_decorator.py took 0.060 seconds
[2023-09-01T13:20:22.691+0900] {processor.py:157} INFO - Started process (PID=10895) to work on /usr/local/lib/python3.8/dist-packages/airflow/example_dags/example_task_group_decorator.py
[2023-09-01T13:20:22.693+0900] {processor.py:829} INFO - Processing file /usr/local/lib/python3.8/dist-packages/airflow/example_dags/example_task_group_decorator.py for tasks to queue
[2023-09-01T13:20:22.695+0900] {logging_mixin.py:151} INFO - [2023-09-01T13:20:22.694+0900] {dagbag.py:539} INFO - Filling up the DagBag from /usr/local/lib/python3.8/dist-packages/airflow/example_dags/example_task_group_decorator.py
[2023-09-01T13:20:22.711+0900] {processor.py:839} INFO - DAG(s) dict_keys(['example_task_group_decorator']) retrieved from /usr/local/lib/python3.8/dist-packages/airflow/example_dags/example_task_group_decorator.py
[2023-09-01T13:20:22.727+0900] {logging_mixin.py:151} INFO - [2023-09-01T13:20:22.727+0900] {dag.py:2907} INFO - Sync 1 DAGs
[2023-09-01T13:20:22.738+0900] {logging_mixin.py:151} INFO - [2023-09-01T13:20:22.737+0900] {dag.py:3677} INFO - Setting next_dagrun for example_task_group_decorator to 2023-08-31T04:20:22.737784+00:00, run_after=2023-09-01T04:20:22.737784+00:00
[2023-09-01T13:20:22.748+0900] {processor.py:179} INFO - Processing /usr/local/lib/python3.8/dist-packages/airflow/example_dags/example_task_group_decorator.py took 0.062 seconds
[2023-09-01T13:21:20.282+0900] {processor.py:157} INFO - Started process (PID=11381) to work on /usr/local/lib/python3.8/dist-packages/airflow/example_dags/example_task_group_decorator.py
[2023-09-01T13:21:20.283+0900] {processor.py:829} INFO - Processing file /usr/local/lib/python3.8/dist-packages/airflow/example_dags/example_task_group_decorator.py for tasks to queue
[2023-09-01T13:21:20.285+0900] {logging_mixin.py:151} INFO - [2023-09-01T13:21:20.284+0900] {dagbag.py:539} INFO - Filling up the DagBag from /usr/local/lib/python3.8/dist-packages/airflow/example_dags/example_task_group_decorator.py
[2023-09-01T13:21:20.298+0900] {processor.py:839} INFO - DAG(s) dict_keys(['example_task_group_decorator']) retrieved from /usr/local/lib/python3.8/dist-packages/airflow/example_dags/example_task_group_decorator.py
[2023-09-01T13:21:20.312+0900] {logging_mixin.py:151} INFO - [2023-09-01T13:21:20.311+0900] {dag.py:2907} INFO - Sync 1 DAGs
[2023-09-01T13:21:20.324+0900] {logging_mixin.py:151} INFO - [2023-09-01T13:21:20.323+0900] {dag.py:3677} INFO - Setting next_dagrun for example_task_group_decorator to 2023-08-31T04:21:20.323746+00:00, run_after=2023-09-01T04:21:20.323746+00:00
[2023-09-01T13:21:20.337+0900] {processor.py:179} INFO - Processing /usr/local/lib/python3.8/dist-packages/airflow/example_dags/example_task_group_decorator.py took 0.058 seconds
[2023-09-01T13:21:59.665+0900] {processor.py:157} INFO - Started process (PID=11764) to work on /usr/local/lib/python3.8/dist-packages/airflow/example_dags/example_task_group_decorator.py
[2023-09-01T13:21:59.666+0900] {processor.py:829} INFO - Processing file /usr/local/lib/python3.8/dist-packages/airflow/example_dags/example_task_group_decorator.py for tasks to queue
[2023-09-01T13:21:59.668+0900] {logging_mixin.py:151} INFO - [2023-09-01T13:21:59.667+0900] {dagbag.py:539} INFO - Filling up the DagBag from /usr/local/lib/python3.8/dist-packages/airflow/example_dags/example_task_group_decorator.py
[2023-09-01T13:21:59.686+0900] {processor.py:839} INFO - DAG(s) dict_keys(['example_task_group_decorator']) retrieved from /usr/local/lib/python3.8/dist-packages/airflow/example_dags/example_task_group_decorator.py
[2023-09-01T13:21:59.702+0900] {logging_mixin.py:151} INFO - [2023-09-01T13:21:59.702+0900] {dag.py:2907} INFO - Sync 1 DAGs
[2023-09-01T13:21:59.713+0900] {logging_mixin.py:151} INFO - [2023-09-01T13:21:59.713+0900] {dag.py:3677} INFO - Setting next_dagrun for example_task_group_decorator to 2023-08-31T04:21:59.713238+00:00, run_after=2023-09-01T04:21:59.713238+00:00
[2023-09-01T13:21:59.724+0900] {processor.py:179} INFO - Processing /usr/local/lib/python3.8/dist-packages/airflow/example_dags/example_task_group_decorator.py took 0.064 seconds
[2023-09-01T13:22:42.978+0900] {processor.py:157} INFO - Started process (PID=12190) to work on /usr/local/lib/python3.8/dist-packages/airflow/example_dags/example_task_group_decorator.py
[2023-09-01T13:22:42.979+0900] {processor.py:829} INFO - Processing file /usr/local/lib/python3.8/dist-packages/airflow/example_dags/example_task_group_decorator.py for tasks to queue
[2023-09-01T13:22:42.981+0900] {logging_mixin.py:151} INFO - [2023-09-01T13:22:42.980+0900] {dagbag.py:539} INFO - Filling up the DagBag from /usr/local/lib/python3.8/dist-packages/airflow/example_dags/example_task_group_decorator.py
[2023-09-01T13:22:42.996+0900] {processor.py:839} INFO - DAG(s) dict_keys(['example_task_group_decorator']) retrieved from /usr/local/lib/python3.8/dist-packages/airflow/example_dags/example_task_group_decorator.py
[2023-09-01T13:22:43.009+0900] {logging_mixin.py:151} INFO - [2023-09-01T13:22:43.009+0900] {dag.py:2907} INFO - Sync 1 DAGs
[2023-09-01T13:22:43.021+0900] {logging_mixin.py:151} INFO - [2023-09-01T13:22:43.021+0900] {dag.py:3677} INFO - Setting next_dagrun for example_task_group_decorator to 2023-08-31T04:22:43.021084+00:00, run_after=2023-09-01T04:22:43.021084+00:00
[2023-09-01T13:22:43.032+0900] {processor.py:179} INFO - Processing /usr/local/lib/python3.8/dist-packages/airflow/example_dags/example_task_group_decorator.py took 0.058 seconds
[2023-09-01T13:23:25.907+0900] {processor.py:157} INFO - Started process (PID=12629) to work on /usr/local/lib/python3.8/dist-packages/airflow/example_dags/example_task_group_decorator.py
[2023-09-01T13:23:25.909+0900] {processor.py:829} INFO - Processing file /usr/local/lib/python3.8/dist-packages/airflow/example_dags/example_task_group_decorator.py for tasks to queue
[2023-09-01T13:23:25.911+0900] {logging_mixin.py:151} INFO - [2023-09-01T13:23:25.909+0900] {dagbag.py:539} INFO - Filling up the DagBag from /usr/local/lib/python3.8/dist-packages/airflow/example_dags/example_task_group_decorator.py
[2023-09-01T13:23:25.928+0900] {processor.py:839} INFO - DAG(s) dict_keys(['example_task_group_decorator']) retrieved from /usr/local/lib/python3.8/dist-packages/airflow/example_dags/example_task_group_decorator.py
[2023-09-01T13:23:25.941+0900] {logging_mixin.py:151} INFO - [2023-09-01T13:23:25.941+0900] {dag.py:2907} INFO - Sync 1 DAGs
[2023-09-01T13:23:25.953+0900] {logging_mixin.py:151} INFO - [2023-09-01T13:23:25.953+0900] {dag.py:3677} INFO - Setting next_dagrun for example_task_group_decorator to 2023-08-31T04:23:25.952886+00:00, run_after=2023-09-01T04:23:25.952886+00:00
[2023-09-01T13:23:25.964+0900] {processor.py:179} INFO - Processing /usr/local/lib/python3.8/dist-packages/airflow/example_dags/example_task_group_decorator.py took 0.063 seconds
[2023-09-01T13:24:08.277+0900] {processor.py:157} INFO - Started process (PID=13036) to work on /usr/local/lib/python3.8/dist-packages/airflow/example_dags/example_task_group_decorator.py
[2023-09-01T13:24:08.278+0900] {processor.py:829} INFO - Processing file /usr/local/lib/python3.8/dist-packages/airflow/example_dags/example_task_group_decorator.py for tasks to queue
[2023-09-01T13:24:08.279+0900] {logging_mixin.py:151} INFO - [2023-09-01T13:24:08.278+0900] {dagbag.py:539} INFO - Filling up the DagBag from /usr/local/lib/python3.8/dist-packages/airflow/example_dags/example_task_group_decorator.py
[2023-09-01T13:24:08.288+0900] {processor.py:839} INFO - DAG(s) dict_keys(['example_task_group_decorator']) retrieved from /usr/local/lib/python3.8/dist-packages/airflow/example_dags/example_task_group_decorator.py
[2023-09-01T13:24:08.299+0900] {logging_mixin.py:151} INFO - [2023-09-01T13:24:08.299+0900] {dag.py:2907} INFO - Sync 1 DAGs
[2023-09-01T13:24:08.307+0900] {logging_mixin.py:151} INFO - [2023-09-01T13:24:08.307+0900] {dag.py:3677} INFO - Setting next_dagrun for example_task_group_decorator to 2023-08-31T04:24:08.307303+00:00, run_after=2023-09-01T04:24:08.307303+00:00
[2023-09-01T13:24:08.316+0900] {processor.py:179} INFO - Processing /usr/local/lib/python3.8/dist-packages/airflow/example_dags/example_task_group_decorator.py took 0.041 seconds
[2023-09-01T13:24:55.470+0900] {processor.py:157} INFO - Started process (PID=13522) to work on /usr/local/lib/python3.8/dist-packages/airflow/example_dags/example_task_group_decorator.py
[2023-09-01T13:24:55.471+0900] {processor.py:829} INFO - Processing file /usr/local/lib/python3.8/dist-packages/airflow/example_dags/example_task_group_decorator.py for tasks to queue
[2023-09-01T13:24:55.472+0900] {logging_mixin.py:151} INFO - [2023-09-01T13:24:55.471+0900] {dagbag.py:539} INFO - Filling up the DagBag from /usr/local/lib/python3.8/dist-packages/airflow/example_dags/example_task_group_decorator.py
[2023-09-01T13:24:55.488+0900] {processor.py:839} INFO - DAG(s) dict_keys(['example_task_group_decorator']) retrieved from /usr/local/lib/python3.8/dist-packages/airflow/example_dags/example_task_group_decorator.py
[2023-09-01T13:24:55.504+0900] {logging_mixin.py:151} INFO - [2023-09-01T13:24:55.504+0900] {dag.py:2907} INFO - Sync 1 DAGs
[2023-09-01T13:24:55.516+0900] {logging_mixin.py:151} INFO - [2023-09-01T13:24:55.516+0900] {dag.py:3677} INFO - Setting next_dagrun for example_task_group_decorator to 2023-08-31T04:24:55.516018+00:00, run_after=2023-09-01T04:24:55.516018+00:00
[2023-09-01T13:24:55.526+0900] {processor.py:179} INFO - Processing /usr/local/lib/python3.8/dist-packages/airflow/example_dags/example_task_group_decorator.py took 0.060 seconds
[2023-09-01T13:26:00.002+0900] {processor.py:157} INFO - Started process (PID=14438) to work on /usr/local/lib/python3.8/dist-packages/airflow/example_dags/example_task_group_decorator.py
[2023-09-01T13:26:00.004+0900] {processor.py:829} INFO - Processing file /usr/local/lib/python3.8/dist-packages/airflow/example_dags/example_task_group_decorator.py for tasks to queue
[2023-09-01T13:26:00.005+0900] {logging_mixin.py:151} INFO - [2023-09-01T13:26:00.004+0900] {dagbag.py:539} INFO - Filling up the DagBag from /usr/local/lib/python3.8/dist-packages/airflow/example_dags/example_task_group_decorator.py
[2023-09-01T13:26:00.026+0900] {processor.py:839} INFO - DAG(s) dict_keys(['example_task_group_decorator']) retrieved from /usr/local/lib/python3.8/dist-packages/airflow/example_dags/example_task_group_decorator.py
[2023-09-01T13:26:00.042+0900] {logging_mixin.py:151} INFO - [2023-09-01T13:26:00.042+0900] {dag.py:2907} INFO - Sync 1 DAGs
[2023-09-01T13:26:00.053+0900] {logging_mixin.py:151} INFO - [2023-09-01T13:26:00.053+0900] {dag.py:3677} INFO - Setting next_dagrun for example_task_group_decorator to 2023-08-31T04:26:00.053151+00:00, run_after=2023-09-01T04:26:00.053151+00:00
[2023-09-01T13:26:00.063+0900] {processor.py:179} INFO - Processing /usr/local/lib/python3.8/dist-packages/airflow/example_dags/example_task_group_decorator.py took 0.067 seconds
[2023-09-01T13:26:45.614+0900] {processor.py:157} INFO - Started process (PID=14869) to work on /usr/local/lib/python3.8/dist-packages/airflow/example_dags/example_task_group_decorator.py
[2023-09-01T13:26:45.616+0900] {processor.py:829} INFO - Processing file /usr/local/lib/python3.8/dist-packages/airflow/example_dags/example_task_group_decorator.py for tasks to queue
[2023-09-01T13:26:45.618+0900] {logging_mixin.py:151} INFO - [2023-09-01T13:26:45.617+0900] {dagbag.py:539} INFO - Filling up the DagBag from /usr/local/lib/python3.8/dist-packages/airflow/example_dags/example_task_group_decorator.py
[2023-09-01T13:26:45.637+0900] {processor.py:839} INFO - DAG(s) dict_keys(['example_task_group_decorator']) retrieved from /usr/local/lib/python3.8/dist-packages/airflow/example_dags/example_task_group_decorator.py
[2023-09-01T13:26:45.653+0900] {logging_mixin.py:151} INFO - [2023-09-01T13:26:45.653+0900] {dag.py:2907} INFO - Sync 1 DAGs
[2023-09-01T13:26:45.664+0900] {logging_mixin.py:151} INFO - [2023-09-01T13:26:45.663+0900] {dag.py:3677} INFO - Setting next_dagrun for example_task_group_decorator to 2023-08-31T04:26:45.663783+00:00, run_after=2023-09-01T04:26:45.663783+00:00
[2023-09-01T13:26:45.675+0900] {processor.py:179} INFO - Processing /usr/local/lib/python3.8/dist-packages/airflow/example_dags/example_task_group_decorator.py took 0.067 seconds
[2023-09-01T13:27:27.968+0900] {processor.py:157} INFO - Started process (PID=15282) to work on /usr/local/lib/python3.8/dist-packages/airflow/example_dags/example_task_group_decorator.py
[2023-09-01T13:27:27.970+0900] {processor.py:829} INFO - Processing file /usr/local/lib/python3.8/dist-packages/airflow/example_dags/example_task_group_decorator.py for tasks to queue
[2023-09-01T13:27:27.971+0900] {logging_mixin.py:151} INFO - [2023-09-01T13:27:27.970+0900] {dagbag.py:539} INFO - Filling up the DagBag from /usr/local/lib/python3.8/dist-packages/airflow/example_dags/example_task_group_decorator.py
[2023-09-01T13:27:27.986+0900] {processor.py:839} INFO - DAG(s) dict_keys(['example_task_group_decorator']) retrieved from /usr/local/lib/python3.8/dist-packages/airflow/example_dags/example_task_group_decorator.py
[2023-09-01T13:27:28.003+0900] {logging_mixin.py:151} INFO - [2023-09-01T13:27:28.003+0900] {dag.py:2907} INFO - Sync 1 DAGs
[2023-09-01T13:27:28.016+0900] {logging_mixin.py:151} INFO - [2023-09-01T13:27:28.016+0900] {dag.py:3677} INFO - Setting next_dagrun for example_task_group_decorator to 2023-08-31T04:27:28.015962+00:00, run_after=2023-09-01T04:27:28.015962+00:00
[2023-09-01T13:27:28.027+0900] {processor.py:179} INFO - Processing /usr/local/lib/python3.8/dist-packages/airflow/example_dags/example_task_group_decorator.py took 0.062 seconds
[2023-09-01T13:28:12.696+0900] {processor.py:157} INFO - Started process (PID=15718) to work on /usr/local/lib/python3.8/dist-packages/airflow/example_dags/example_task_group_decorator.py
[2023-09-01T13:28:12.698+0900] {processor.py:829} INFO - Processing file /usr/local/lib/python3.8/dist-packages/airflow/example_dags/example_task_group_decorator.py for tasks to queue
[2023-09-01T13:28:12.699+0900] {logging_mixin.py:151} INFO - [2023-09-01T13:28:12.698+0900] {dagbag.py:539} INFO - Filling up the DagBag from /usr/local/lib/python3.8/dist-packages/airflow/example_dags/example_task_group_decorator.py
[2023-09-01T13:28:12.716+0900] {processor.py:839} INFO - DAG(s) dict_keys(['example_task_group_decorator']) retrieved from /usr/local/lib/python3.8/dist-packages/airflow/example_dags/example_task_group_decorator.py
[2023-09-01T13:28:12.731+0900] {logging_mixin.py:151} INFO - [2023-09-01T13:28:12.731+0900] {dag.py:2907} INFO - Sync 1 DAGs
[2023-09-01T13:28:12.741+0900] {logging_mixin.py:151} INFO - [2023-09-01T13:28:12.741+0900] {dag.py:3677} INFO - Setting next_dagrun for example_task_group_decorator to 2023-08-31T04:28:12.741484+00:00, run_after=2023-09-01T04:28:12.741484+00:00
[2023-09-01T13:28:12.752+0900] {processor.py:179} INFO - Processing /usr/local/lib/python3.8/dist-packages/airflow/example_dags/example_task_group_decorator.py took 0.061 seconds
[2023-09-01T13:28:59.579+0900] {processor.py:157} INFO - Started process (PID=16195) to work on /usr/local/lib/python3.8/dist-packages/airflow/example_dags/example_task_group_decorator.py
[2023-09-01T13:28:59.580+0900] {processor.py:829} INFO - Processing file /usr/local/lib/python3.8/dist-packages/airflow/example_dags/example_task_group_decorator.py for tasks to queue
[2023-09-01T13:28:59.581+0900] {logging_mixin.py:151} INFO - [2023-09-01T13:28:59.580+0900] {dagbag.py:539} INFO - Filling up the DagBag from /usr/local/lib/python3.8/dist-packages/airflow/example_dags/example_task_group_decorator.py
[2023-09-01T13:28:59.597+0900] {processor.py:839} INFO - DAG(s) dict_keys(['example_task_group_decorator']) retrieved from /usr/local/lib/python3.8/dist-packages/airflow/example_dags/example_task_group_decorator.py
[2023-09-01T13:28:59.611+0900] {logging_mixin.py:151} INFO - [2023-09-01T13:28:59.611+0900] {dag.py:2907} INFO - Sync 1 DAGs
[2023-09-01T13:28:59.622+0900] {logging_mixin.py:151} INFO - [2023-09-01T13:28:59.622+0900] {dag.py:3677} INFO - Setting next_dagrun for example_task_group_decorator to 2023-08-31T04:28:59.621843+00:00, run_after=2023-09-01T04:28:59.621843+00:00
[2023-09-01T13:28:59.631+0900] {processor.py:179} INFO - Processing /usr/local/lib/python3.8/dist-packages/airflow/example_dags/example_task_group_decorator.py took 0.057 seconds
[2023-09-01T13:29:42.793+0900] {processor.py:157} INFO - Started process (PID=16610) to work on /usr/local/lib/python3.8/dist-packages/airflow/example_dags/example_task_group_decorator.py
[2023-09-01T13:29:42.794+0900] {processor.py:829} INFO - Processing file /usr/local/lib/python3.8/dist-packages/airflow/example_dags/example_task_group_decorator.py for tasks to queue
[2023-09-01T13:29:42.796+0900] {logging_mixin.py:151} INFO - [2023-09-01T13:29:42.795+0900] {dagbag.py:539} INFO - Filling up the DagBag from /usr/local/lib/python3.8/dist-packages/airflow/example_dags/example_task_group_decorator.py
[2023-09-01T13:29:42.815+0900] {processor.py:839} INFO - DAG(s) dict_keys(['example_task_group_decorator']) retrieved from /usr/local/lib/python3.8/dist-packages/airflow/example_dags/example_task_group_decorator.py
[2023-09-01T13:29:42.833+0900] {logging_mixin.py:151} INFO - [2023-09-01T13:29:42.833+0900] {dag.py:2907} INFO - Sync 1 DAGs
[2023-09-01T13:29:42.845+0900] {logging_mixin.py:151} INFO - [2023-09-01T13:29:42.845+0900] {dag.py:3677} INFO - Setting next_dagrun for example_task_group_decorator to 2023-08-31T04:29:42.845510+00:00, run_after=2023-09-01T04:29:42.845510+00:00
[2023-09-01T13:29:42.856+0900] {processor.py:179} INFO - Processing /usr/local/lib/python3.8/dist-packages/airflow/example_dags/example_task_group_decorator.py took 0.069 seconds
[2023-09-01T13:30:28.452+0900] {processor.py:157} INFO - Started process (PID=17054) to work on /usr/local/lib/python3.8/dist-packages/airflow/example_dags/example_task_group_decorator.py
[2023-09-01T13:30:28.454+0900] {processor.py:829} INFO - Processing file /usr/local/lib/python3.8/dist-packages/airflow/example_dags/example_task_group_decorator.py for tasks to queue
[2023-09-01T13:30:28.455+0900] {logging_mixin.py:151} INFO - [2023-09-01T13:30:28.454+0900] {dagbag.py:539} INFO - Filling up the DagBag from /usr/local/lib/python3.8/dist-packages/airflow/example_dags/example_task_group_decorator.py
[2023-09-01T13:30:28.474+0900] {processor.py:839} INFO - DAG(s) dict_keys(['example_task_group_decorator']) retrieved from /usr/local/lib/python3.8/dist-packages/airflow/example_dags/example_task_group_decorator.py
[2023-09-01T13:30:28.492+0900] {logging_mixin.py:151} INFO - [2023-09-01T13:30:28.491+0900] {dag.py:2907} INFO - Sync 1 DAGs
[2023-09-01T13:30:28.504+0900] {logging_mixin.py:151} INFO - [2023-09-01T13:30:28.504+0900] {dag.py:3677} INFO - Setting next_dagrun for example_task_group_decorator to 2023-08-31T04:30:28.504499+00:00, run_after=2023-09-01T04:30:28.504499+00:00
[2023-09-01T13:30:28.516+0900] {processor.py:179} INFO - Processing /usr/local/lib/python3.8/dist-packages/airflow/example_dags/example_task_group_decorator.py took 0.068 seconds
[2023-09-01T13:31:11.657+0900] {processor.py:157} INFO - Started process (PID=17474) to work on /usr/local/lib/python3.8/dist-packages/airflow/example_dags/example_task_group_decorator.py
[2023-09-01T13:31:11.658+0900] {processor.py:829} INFO - Processing file /usr/local/lib/python3.8/dist-packages/airflow/example_dags/example_task_group_decorator.py for tasks to queue
[2023-09-01T13:31:11.660+0900] {logging_mixin.py:151} INFO - [2023-09-01T13:31:11.659+0900] {dagbag.py:539} INFO - Filling up the DagBag from /usr/local/lib/python3.8/dist-packages/airflow/example_dags/example_task_group_decorator.py
[2023-09-01T13:31:11.676+0900] {processor.py:839} INFO - DAG(s) dict_keys(['example_task_group_decorator']) retrieved from /usr/local/lib/python3.8/dist-packages/airflow/example_dags/example_task_group_decorator.py
[2023-09-01T13:31:11.691+0900] {logging_mixin.py:151} INFO - [2023-09-01T13:31:11.691+0900] {dag.py:2907} INFO - Sync 1 DAGs
[2023-09-01T13:31:11.702+0900] {logging_mixin.py:151} INFO - [2023-09-01T13:31:11.701+0900] {dag.py:3677} INFO - Setting next_dagrun for example_task_group_decorator to 2023-08-31T04:31:11.701814+00:00, run_after=2023-09-01T04:31:11.701814+00:00
[2023-09-01T13:31:11.712+0900] {processor.py:179} INFO - Processing /usr/local/lib/python3.8/dist-packages/airflow/example_dags/example_task_group_decorator.py took 0.060 seconds
[2023-09-01T13:31:54.663+0900] {processor.py:157} INFO - Started process (PID=17894) to work on /usr/local/lib/python3.8/dist-packages/airflow/example_dags/example_task_group_decorator.py
[2023-09-01T13:31:54.663+0900] {processor.py:829} INFO - Processing file /usr/local/lib/python3.8/dist-packages/airflow/example_dags/example_task_group_decorator.py for tasks to queue
[2023-09-01T13:31:54.664+0900] {logging_mixin.py:151} INFO - [2023-09-01T13:31:54.664+0900] {dagbag.py:539} INFO - Filling up the DagBag from /usr/local/lib/python3.8/dist-packages/airflow/example_dags/example_task_group_decorator.py
[2023-09-01T13:31:54.674+0900] {processor.py:839} INFO - DAG(s) dict_keys(['example_task_group_decorator']) retrieved from /usr/local/lib/python3.8/dist-packages/airflow/example_dags/example_task_group_decorator.py
[2023-09-01T13:31:54.685+0900] {logging_mixin.py:151} INFO - [2023-09-01T13:31:54.685+0900] {dag.py:2907} INFO - Sync 1 DAGs
[2023-09-01T13:31:54.694+0900] {logging_mixin.py:151} INFO - [2023-09-01T13:31:54.694+0900] {dag.py:3677} INFO - Setting next_dagrun for example_task_group_decorator to 2023-08-31T04:31:54.694439+00:00, run_after=2023-09-01T04:31:54.694439+00:00
[2023-09-01T13:31:54.704+0900] {processor.py:179} INFO - Processing /usr/local/lib/python3.8/dist-packages/airflow/example_dags/example_task_group_decorator.py took 0.044 seconds
[2023-09-01T13:32:40.750+0900] {processor.py:157} INFO - Started process (PID=18331) to work on /usr/local/lib/python3.8/dist-packages/airflow/example_dags/example_task_group_decorator.py
[2023-09-01T13:32:40.751+0900] {processor.py:829} INFO - Processing file /usr/local/lib/python3.8/dist-packages/airflow/example_dags/example_task_group_decorator.py for tasks to queue
[2023-09-01T13:32:40.752+0900] {logging_mixin.py:151} INFO - [2023-09-01T13:32:40.751+0900] {dagbag.py:539} INFO - Filling up the DagBag from /usr/local/lib/python3.8/dist-packages/airflow/example_dags/example_task_group_decorator.py
[2023-09-01T13:32:40.766+0900] {processor.py:839} INFO - DAG(s) dict_keys(['example_task_group_decorator']) retrieved from /usr/local/lib/python3.8/dist-packages/airflow/example_dags/example_task_group_decorator.py
[2023-09-01T13:32:40.783+0900] {logging_mixin.py:151} INFO - [2023-09-01T13:32:40.783+0900] {dag.py:2907} INFO - Sync 1 DAGs
[2023-09-01T13:32:40.795+0900] {logging_mixin.py:151} INFO - [2023-09-01T13:32:40.795+0900] {dag.py:3677} INFO - Setting next_dagrun for example_task_group_decorator to 2023-08-31T04:32:40.795487+00:00, run_after=2023-09-01T04:32:40.795487+00:00
[2023-09-01T13:32:40.807+0900] {processor.py:179} INFO - Processing /usr/local/lib/python3.8/dist-packages/airflow/example_dags/example_task_group_decorator.py took 0.061 seconds
[2023-09-01T13:33:26.011+0900] {processor.py:157} INFO - Started process (PID=18775) to work on /usr/local/lib/python3.8/dist-packages/airflow/example_dags/example_task_group_decorator.py
[2023-09-01T13:33:26.013+0900] {processor.py:829} INFO - Processing file /usr/local/lib/python3.8/dist-packages/airflow/example_dags/example_task_group_decorator.py for tasks to queue
[2023-09-01T13:33:26.014+0900] {logging_mixin.py:151} INFO - [2023-09-01T13:33:26.013+0900] {dagbag.py:539} INFO - Filling up the DagBag from /usr/local/lib/python3.8/dist-packages/airflow/example_dags/example_task_group_decorator.py
[2023-09-01T13:33:26.032+0900] {processor.py:839} INFO - DAG(s) dict_keys(['example_task_group_decorator']) retrieved from /usr/local/lib/python3.8/dist-packages/airflow/example_dags/example_task_group_decorator.py
[2023-09-01T13:33:26.046+0900] {logging_mixin.py:151} INFO - [2023-09-01T13:33:26.046+0900] {dag.py:2907} INFO - Sync 1 DAGs
[2023-09-01T13:33:26.057+0900] {logging_mixin.py:151} INFO - [2023-09-01T13:33:26.057+0900] {dag.py:3677} INFO - Setting next_dagrun for example_task_group_decorator to 2023-08-31T04:33:26.057271+00:00, run_after=2023-09-01T04:33:26.057271+00:00
[2023-09-01T13:33:26.067+0900] {processor.py:179} INFO - Processing /usr/local/lib/python3.8/dist-packages/airflow/example_dags/example_task_group_decorator.py took 0.060 seconds
[2023-09-01T13:34:13.124+0900] {processor.py:157} INFO - Started process (PID=19256) to work on /usr/local/lib/python3.8/dist-packages/airflow/example_dags/example_task_group_decorator.py
[2023-09-01T13:34:13.126+0900] {processor.py:829} INFO - Processing file /usr/local/lib/python3.8/dist-packages/airflow/example_dags/example_task_group_decorator.py for tasks to queue
[2023-09-01T13:34:13.127+0900] {logging_mixin.py:151} INFO - [2023-09-01T13:34:13.126+0900] {dagbag.py:539} INFO - Filling up the DagBag from /usr/local/lib/python3.8/dist-packages/airflow/example_dags/example_task_group_decorator.py
[2023-09-01T13:34:13.143+0900] {processor.py:839} INFO - DAG(s) dict_keys(['example_task_group_decorator']) retrieved from /usr/local/lib/python3.8/dist-packages/airflow/example_dags/example_task_group_decorator.py
[2023-09-01T13:34:13.158+0900] {logging_mixin.py:151} INFO - [2023-09-01T13:34:13.158+0900] {dag.py:2907} INFO - Sync 1 DAGs
[2023-09-01T13:34:13.169+0900] {logging_mixin.py:151} INFO - [2023-09-01T13:34:13.169+0900] {dag.py:3677} INFO - Setting next_dagrun for example_task_group_decorator to 2023-08-31T04:34:13.169548+00:00, run_after=2023-09-01T04:34:13.169548+00:00
[2023-09-01T13:34:13.180+0900] {processor.py:179} INFO - Processing /usr/local/lib/python3.8/dist-packages/airflow/example_dags/example_task_group_decorator.py took 0.061 seconds
[2023-09-01T13:34:56.685+0900] {processor.py:157} INFO - Started process (PID=19667) to work on /usr/local/lib/python3.8/dist-packages/airflow/example_dags/example_task_group_decorator.py
[2023-09-01T13:34:56.686+0900] {processor.py:829} INFO - Processing file /usr/local/lib/python3.8/dist-packages/airflow/example_dags/example_task_group_decorator.py for tasks to queue
[2023-09-01T13:34:56.686+0900] {logging_mixin.py:151} INFO - [2023-09-01T13:34:56.686+0900] {dagbag.py:539} INFO - Filling up the DagBag from /usr/local/lib/python3.8/dist-packages/airflow/example_dags/example_task_group_decorator.py
[2023-09-01T13:34:56.701+0900] {processor.py:839} INFO - DAG(s) dict_keys(['example_task_group_decorator']) retrieved from /usr/local/lib/python3.8/dist-packages/airflow/example_dags/example_task_group_decorator.py
[2023-09-01T13:34:56.715+0900] {logging_mixin.py:151} INFO - [2023-09-01T13:34:56.715+0900] {dag.py:2907} INFO - Sync 1 DAGs
[2023-09-01T13:34:56.732+0900] {logging_mixin.py:151} INFO - [2023-09-01T13:34:56.732+0900] {dag.py:3677} INFO - Setting next_dagrun for example_task_group_decorator to 2023-08-31T04:34:56.732242+00:00, run_after=2023-09-01T04:34:56.732242+00:00
[2023-09-01T13:34:56.743+0900] {processor.py:179} INFO - Processing /usr/local/lib/python3.8/dist-packages/airflow/example_dags/example_task_group_decorator.py took 0.062 seconds
[2023-09-01T13:35:40.203+0900] {processor.py:157} INFO - Started process (PID=20093) to work on /usr/local/lib/python3.8/dist-packages/airflow/example_dags/example_task_group_decorator.py
[2023-09-01T13:35:40.203+0900] {processor.py:829} INFO - Processing file /usr/local/lib/python3.8/dist-packages/airflow/example_dags/example_task_group_decorator.py for tasks to queue
[2023-09-01T13:35:40.204+0900] {logging_mixin.py:151} INFO - [2023-09-01T13:35:40.204+0900] {dagbag.py:539} INFO - Filling up the DagBag from /usr/local/lib/python3.8/dist-packages/airflow/example_dags/example_task_group_decorator.py
[2023-09-01T13:35:40.212+0900] {processor.py:839} INFO - DAG(s) dict_keys(['example_task_group_decorator']) retrieved from /usr/local/lib/python3.8/dist-packages/airflow/example_dags/example_task_group_decorator.py
[2023-09-01T13:35:40.221+0900] {logging_mixin.py:151} INFO - [2023-09-01T13:35:40.221+0900] {dag.py:2907} INFO - Sync 1 DAGs
[2023-09-01T13:35:40.229+0900] {logging_mixin.py:151} INFO - [2023-09-01T13:35:40.229+0900] {dag.py:3677} INFO - Setting next_dagrun for example_task_group_decorator to 2023-08-31T04:35:40.229521+00:00, run_after=2023-09-01T04:35:40.229521+00:00
[2023-09-01T13:35:40.240+0900] {processor.py:179} INFO - Processing /usr/local/lib/python3.8/dist-packages/airflow/example_dags/example_task_group_decorator.py took 0.041 seconds
[2023-09-01T13:36:26.751+0900] {processor.py:157} INFO - Started process (PID=20548) to work on /usr/local/lib/python3.8/dist-packages/airflow/example_dags/example_task_group_decorator.py
[2023-09-01T13:36:26.752+0900] {processor.py:829} INFO - Processing file /usr/local/lib/python3.8/dist-packages/airflow/example_dags/example_task_group_decorator.py for tasks to queue
[2023-09-01T13:36:26.753+0900] {logging_mixin.py:151} INFO - [2023-09-01T13:36:26.752+0900] {dagbag.py:539} INFO - Filling up the DagBag from /usr/local/lib/python3.8/dist-packages/airflow/example_dags/example_task_group_decorator.py
[2023-09-01T13:36:26.764+0900] {processor.py:839} INFO - DAG(s) dict_keys(['example_task_group_decorator']) retrieved from /usr/local/lib/python3.8/dist-packages/airflow/example_dags/example_task_group_decorator.py
[2023-09-01T13:36:26.775+0900] {logging_mixin.py:151} INFO - [2023-09-01T13:36:26.775+0900] {dag.py:2907} INFO - Sync 1 DAGs
[2023-09-01T13:36:26.784+0900] {logging_mixin.py:151} INFO - [2023-09-01T13:36:26.784+0900] {dag.py:3677} INFO - Setting next_dagrun for example_task_group_decorator to 2023-08-31T04:36:26.784359+00:00, run_after=2023-09-01T04:36:26.784359+00:00
[2023-09-01T13:36:26.794+0900] {processor.py:179} INFO - Processing /usr/local/lib/python3.8/dist-packages/airflow/example_dags/example_task_group_decorator.py took 0.046 seconds
[2023-09-01T13:37:12.925+0900] {processor.py:157} INFO - Started process (PID=20999) to work on /usr/local/lib/python3.8/dist-packages/airflow/example_dags/example_task_group_decorator.py
[2023-09-01T13:37:12.926+0900] {processor.py:829} INFO - Processing file /usr/local/lib/python3.8/dist-packages/airflow/example_dags/example_task_group_decorator.py for tasks to queue
[2023-09-01T13:37:12.927+0900] {logging_mixin.py:151} INFO - [2023-09-01T13:37:12.926+0900] {dagbag.py:539} INFO - Filling up the DagBag from /usr/local/lib/python3.8/dist-packages/airflow/example_dags/example_task_group_decorator.py
[2023-09-01T13:37:12.943+0900] {processor.py:839} INFO - DAG(s) dict_keys(['example_task_group_decorator']) retrieved from /usr/local/lib/python3.8/dist-packages/airflow/example_dags/example_task_group_decorator.py
[2023-09-01T13:37:12.958+0900] {logging_mixin.py:151} INFO - [2023-09-01T13:37:12.958+0900] {dag.py:2907} INFO - Sync 1 DAGs
[2023-09-01T13:37:12.969+0900] {logging_mixin.py:151} INFO - [2023-09-01T13:37:12.969+0900] {dag.py:3677} INFO - Setting next_dagrun for example_task_group_decorator to 2023-08-31T04:37:12.969424+00:00, run_after=2023-09-01T04:37:12.969424+00:00
[2023-09-01T13:37:12.979+0900] {processor.py:179} INFO - Processing /usr/local/lib/python3.8/dist-packages/airflow/example_dags/example_task_group_decorator.py took 0.058 seconds
[2023-09-01T13:38:01.052+0900] {processor.py:157} INFO - Started process (PID=21455) to work on /usr/local/lib/python3.8/dist-packages/airflow/example_dags/example_task_group_decorator.py
[2023-09-01T13:38:01.053+0900] {processor.py:829} INFO - Processing file /usr/local/lib/python3.8/dist-packages/airflow/example_dags/example_task_group_decorator.py for tasks to queue
[2023-09-01T13:38:01.055+0900] {logging_mixin.py:151} INFO - [2023-09-01T13:38:01.054+0900] {dagbag.py:539} INFO - Filling up the DagBag from /usr/local/lib/python3.8/dist-packages/airflow/example_dags/example_task_group_decorator.py
[2023-09-01T13:38:01.071+0900] {processor.py:839} INFO - DAG(s) dict_keys(['example_task_group_decorator']) retrieved from /usr/local/lib/python3.8/dist-packages/airflow/example_dags/example_task_group_decorator.py
[2023-09-01T13:38:01.086+0900] {logging_mixin.py:151} INFO - [2023-09-01T13:38:01.086+0900] {dag.py:2907} INFO - Sync 1 DAGs
[2023-09-01T13:38:01.097+0900] {logging_mixin.py:151} INFO - [2023-09-01T13:38:01.097+0900] {dag.py:3677} INFO - Setting next_dagrun for example_task_group_decorator to 2023-08-31T04:38:01.097391+00:00, run_after=2023-09-01T04:38:01.097391+00:00
[2023-09-01T13:38:01.108+0900] {processor.py:179} INFO - Processing /usr/local/lib/python3.8/dist-packages/airflow/example_dags/example_task_group_decorator.py took 0.060 seconds
[2023-09-01T13:38:45.440+0900] {processor.py:157} INFO - Started process (PID=21884) to work on /usr/local/lib/python3.8/dist-packages/airflow/example_dags/example_task_group_decorator.py
[2023-09-01T13:38:45.441+0900] {processor.py:829} INFO - Processing file /usr/local/lib/python3.8/dist-packages/airflow/example_dags/example_task_group_decorator.py for tasks to queue
[2023-09-01T13:38:45.443+0900] {logging_mixin.py:151} INFO - [2023-09-01T13:38:45.442+0900] {dagbag.py:539} INFO - Filling up the DagBag from /usr/local/lib/python3.8/dist-packages/airflow/example_dags/example_task_group_decorator.py
[2023-09-01T13:38:45.459+0900] {processor.py:839} INFO - DAG(s) dict_keys(['example_task_group_decorator']) retrieved from /usr/local/lib/python3.8/dist-packages/airflow/example_dags/example_task_group_decorator.py
[2023-09-01T13:38:45.474+0900] {logging_mixin.py:151} INFO - [2023-09-01T13:38:45.474+0900] {dag.py:2907} INFO - Sync 1 DAGs
[2023-09-01T13:38:45.484+0900] {logging_mixin.py:151} INFO - [2023-09-01T13:38:45.484+0900] {dag.py:3677} INFO - Setting next_dagrun for example_task_group_decorator to 2023-08-31T04:38:45.484695+00:00, run_after=2023-09-01T04:38:45.484695+00:00
[2023-09-01T13:38:45.495+0900] {processor.py:179} INFO - Processing /usr/local/lib/python3.8/dist-packages/airflow/example_dags/example_task_group_decorator.py took 0.060 seconds
