[2023-09-01T13:07:28.694+0900] {processor.py:157} INFO - Started process (PID=1580) to work on /usr/local/lib/python3.8/dist-packages/airflow/example_dags/example_xcomargs.py
[2023-09-01T13:07:28.695+0900] {processor.py:829} INFO - Processing file /usr/local/lib/python3.8/dist-packages/airflow/example_dags/example_xcomargs.py for tasks to queue
[2023-09-01T13:07:28.696+0900] {logging_mixin.py:151} INFO - [2023-09-01T13:07:28.695+0900] {dagbag.py:539} INFO - Filling up the DagBag from /usr/local/lib/python3.8/dist-packages/airflow/example_dags/example_xcomargs.py
[2023-09-01T13:07:28.722+0900] {processor.py:839} INFO - DAG(s) dict_keys(['example_xcom_args', 'example_xcom_args_with_operators']) retrieved from /usr/local/lib/python3.8/dist-packages/airflow/example_dags/example_xcomargs.py
[2023-09-01T13:07:29.182+0900] {logging_mixin.py:151} INFO - [2023-09-01T13:07:29.181+0900] {manager.py:501} INFO - Created Permission View: can delete on DAG:example_xcom_args
[2023-09-01T13:07:29.198+0900] {logging_mixin.py:151} INFO - [2023-09-01T13:07:29.197+0900] {manager.py:501} INFO - Created Permission View: can read on DAG:example_xcom_args
[2023-09-01T13:07:29.226+0900] {logging_mixin.py:151} INFO - [2023-09-01T13:07:29.225+0900] {manager.py:501} INFO - Created Permission View: can edit on DAG:example_xcom_args
[2023-09-01T13:07:29.271+0900] {logging_mixin.py:151} INFO - [2023-09-01T13:07:29.270+0900] {manager.py:501} INFO - Created Permission View: can delete on DAG:example_xcom_args_with_operators
[2023-09-01T13:07:29.278+0900] {logging_mixin.py:151} INFO - [2023-09-01T13:07:29.278+0900] {manager.py:501} INFO - Created Permission View: can read on DAG:example_xcom_args_with_operators
[2023-09-01T13:07:29.286+0900] {logging_mixin.py:151} INFO - [2023-09-01T13:07:29.285+0900] {manager.py:501} INFO - Created Permission View: can edit on DAG:example_xcom_args_with_operators
[2023-09-01T13:07:29.289+0900] {logging_mixin.py:151} INFO - [2023-09-01T13:07:29.288+0900] {dag.py:2907} INFO - Sync 2 DAGs
[2023-09-01T13:07:29.293+0900] {logging_mixin.py:151} INFO - [2023-09-01T13:07:29.293+0900] {dag.py:2929} INFO - Creating ORM DAG for example_xcom_args
[2023-09-01T13:07:29.294+0900] {logging_mixin.py:151} INFO - [2023-09-01T13:07:29.294+0900] {dag.py:2929} INFO - Creating ORM DAG for example_xcom_args_with_operators
[2023-09-01T13:07:29.294+0900] {logging_mixin.py:151} INFO - [2023-09-01T13:07:29.294+0900] {dag.py:3677} INFO - Setting next_dagrun for example_xcom_args to None, run_after=None
[2023-09-01T13:07:29.294+0900] {logging_mixin.py:151} INFO - [2023-09-01T13:07:29.294+0900] {dag.py:3677} INFO - Setting next_dagrun for example_xcom_args_with_operators to None, run_after=None
[2023-09-01T13:07:29.361+0900] {processor.py:179} INFO - Processing /usr/local/lib/python3.8/dist-packages/airflow/example_dags/example_xcomargs.py took 0.671 seconds
[2023-09-01T13:08:17.634+0900] {processor.py:157} INFO - Started process (PID=2412) to work on /usr/local/lib/python3.8/dist-packages/airflow/example_dags/example_xcomargs.py
[2023-09-01T13:08:17.636+0900] {processor.py:829} INFO - Processing file /usr/local/lib/python3.8/dist-packages/airflow/example_dags/example_xcomargs.py for tasks to queue
[2023-09-01T13:08:17.637+0900] {logging_mixin.py:151} INFO - [2023-09-01T13:08:17.636+0900] {dagbag.py:539} INFO - Filling up the DagBag from /usr/local/lib/python3.8/dist-packages/airflow/example_dags/example_xcomargs.py
[2023-09-01T13:08:17.644+0900] {processor.py:839} INFO - DAG(s) dict_keys(['example_xcom_args_with_operators', 'example_xcom_args']) retrieved from /usr/local/lib/python3.8/dist-packages/airflow/example_dags/example_xcomargs.py
[2023-09-01T13:08:17.659+0900] {logging_mixin.py:151} INFO - [2023-09-01T13:08:17.659+0900] {dag.py:2907} INFO - Sync 2 DAGs
[2023-09-01T13:08:17.667+0900] {logging_mixin.py:151} INFO - [2023-09-01T13:08:17.667+0900] {dag.py:3677} INFO - Setting next_dagrun for example_xcom_args to None, run_after=None
[2023-09-01T13:08:17.669+0900] {logging_mixin.py:151} INFO - [2023-09-01T13:08:17.669+0900] {dag.py:3677} INFO - Setting next_dagrun for example_xcom_args_with_operators to None, run_after=None
[2023-09-01T13:08:17.678+0900] {processor.py:179} INFO - Processing /usr/local/lib/python3.8/dist-packages/airflow/example_dags/example_xcomargs.py took 0.049 seconds
[2023-09-01T13:09:08.756+0900] {processor.py:157} INFO - Started process (PID=4114) to work on /usr/local/lib/python3.8/dist-packages/airflow/example_dags/example_xcomargs.py
[2023-09-01T13:09:08.757+0900] {processor.py:829} INFO - Processing file /usr/local/lib/python3.8/dist-packages/airflow/example_dags/example_xcomargs.py for tasks to queue
[2023-09-01T13:09:08.758+0900] {logging_mixin.py:151} INFO - [2023-09-01T13:09:08.757+0900] {dagbag.py:539} INFO - Filling up the DagBag from /usr/local/lib/python3.8/dist-packages/airflow/example_dags/example_xcomargs.py
[2023-09-01T13:09:08.769+0900] {processor.py:839} INFO - DAG(s) dict_keys(['example_xcom_args_with_operators', 'example_xcom_args']) retrieved from /usr/local/lib/python3.8/dist-packages/airflow/example_dags/example_xcomargs.py
[2023-09-01T13:09:08.787+0900] {logging_mixin.py:151} INFO - [2023-09-01T13:09:08.786+0900] {dag.py:2907} INFO - Sync 2 DAGs
[2023-09-01T13:09:08.795+0900] {logging_mixin.py:151} INFO - [2023-09-01T13:09:08.795+0900] {dag.py:3677} INFO - Setting next_dagrun for example_xcom_args to None, run_after=None
[2023-09-01T13:09:08.796+0900] {logging_mixin.py:151} INFO - [2023-09-01T13:09:08.796+0900] {dag.py:3677} INFO - Setting next_dagrun for example_xcom_args_with_operators to None, run_after=None
[2023-09-01T13:09:08.807+0900] {processor.py:179} INFO - Processing /usr/local/lib/python3.8/dist-packages/airflow/example_dags/example_xcomargs.py took 0.056 seconds
[2023-09-01T13:09:52.853+0900] {processor.py:157} INFO - Started process (PID=4545) to work on /usr/local/lib/python3.8/dist-packages/airflow/example_dags/example_xcomargs.py
[2023-09-01T13:09:52.855+0900] {processor.py:829} INFO - Processing file /usr/local/lib/python3.8/dist-packages/airflow/example_dags/example_xcomargs.py for tasks to queue
[2023-09-01T13:09:52.856+0900] {logging_mixin.py:151} INFO - [2023-09-01T13:09:52.855+0900] {dagbag.py:539} INFO - Filling up the DagBag from /usr/local/lib/python3.8/dist-packages/airflow/example_dags/example_xcomargs.py
[2023-09-01T13:09:52.867+0900] {processor.py:839} INFO - DAG(s) dict_keys(['example_xcom_args_with_operators', 'example_xcom_args']) retrieved from /usr/local/lib/python3.8/dist-packages/airflow/example_dags/example_xcomargs.py
[2023-09-01T13:09:52.884+0900] {logging_mixin.py:151} INFO - [2023-09-01T13:09:52.884+0900] {dag.py:2907} INFO - Sync 2 DAGs
[2023-09-01T13:09:52.892+0900] {logging_mixin.py:151} INFO - [2023-09-01T13:09:52.892+0900] {dag.py:3677} INFO - Setting next_dagrun for example_xcom_args to None, run_after=None
[2023-09-01T13:09:52.893+0900] {logging_mixin.py:151} INFO - [2023-09-01T13:09:52.893+0900] {dag.py:3677} INFO - Setting next_dagrun for example_xcom_args_with_operators to None, run_after=None
[2023-09-01T13:09:52.904+0900] {processor.py:179} INFO - Processing /usr/local/lib/python3.8/dist-packages/airflow/example_dags/example_xcomargs.py took 0.056 seconds
[2023-09-01T13:10:27.699+0900] {processor.py:157} INFO - Started process (PID=4889) to work on /usr/local/lib/python3.8/dist-packages/airflow/example_dags/example_xcomargs.py
[2023-09-01T13:10:27.700+0900] {processor.py:829} INFO - Processing file /usr/local/lib/python3.8/dist-packages/airflow/example_dags/example_xcomargs.py for tasks to queue
[2023-09-01T13:10:27.701+0900] {logging_mixin.py:151} INFO - [2023-09-01T13:10:27.701+0900] {dagbag.py:539} INFO - Filling up the DagBag from /usr/local/lib/python3.8/dist-packages/airflow/example_dags/example_xcomargs.py
[2023-09-01T13:10:27.710+0900] {processor.py:839} INFO - DAG(s) dict_keys(['example_xcom_args', 'example_xcom_args_with_operators']) retrieved from /usr/local/lib/python3.8/dist-packages/airflow/example_dags/example_xcomargs.py
[2023-09-01T13:10:27.725+0900] {logging_mixin.py:151} INFO - [2023-09-01T13:10:27.725+0900] {dag.py:2907} INFO - Sync 2 DAGs
[2023-09-01T13:10:27.732+0900] {logging_mixin.py:151} INFO - [2023-09-01T13:10:27.732+0900] {dag.py:3677} INFO - Setting next_dagrun for example_xcom_args to None, run_after=None
[2023-09-01T13:10:27.734+0900] {logging_mixin.py:151} INFO - [2023-09-01T13:10:27.734+0900] {dag.py:3677} INFO - Setting next_dagrun for example_xcom_args_with_operators to None, run_after=None
[2023-09-01T13:10:27.744+0900] {processor.py:179} INFO - Processing /usr/local/lib/python3.8/dist-packages/airflow/example_dags/example_xcomargs.py took 0.049 seconds
[2023-09-01T13:11:15.242+0900] {processor.py:157} INFO - Started process (PID=5341) to work on /usr/local/lib/python3.8/dist-packages/airflow/example_dags/example_xcomargs.py
[2023-09-01T13:11:15.244+0900] {processor.py:829} INFO - Processing file /usr/local/lib/python3.8/dist-packages/airflow/example_dags/example_xcomargs.py for tasks to queue
[2023-09-01T13:11:15.246+0900] {logging_mixin.py:151} INFO - [2023-09-01T13:11:15.245+0900] {dagbag.py:539} INFO - Filling up the DagBag from /usr/local/lib/python3.8/dist-packages/airflow/example_dags/example_xcomargs.py
[2023-09-01T13:11:15.271+0900] {processor.py:839} INFO - DAG(s) dict_keys(['example_xcom_args', 'example_xcom_args_with_operators']) retrieved from /usr/local/lib/python3.8/dist-packages/airflow/example_dags/example_xcomargs.py
[2023-09-01T13:11:15.294+0900] {logging_mixin.py:151} INFO - [2023-09-01T13:11:15.294+0900] {dag.py:2907} INFO - Sync 2 DAGs
[2023-09-01T13:11:15.304+0900] {logging_mixin.py:151} INFO - [2023-09-01T13:11:15.303+0900] {dag.py:3677} INFO - Setting next_dagrun for example_xcom_args to None, run_after=None
[2023-09-01T13:11:15.305+0900] {logging_mixin.py:151} INFO - [2023-09-01T13:11:15.305+0900] {dag.py:3677} INFO - Setting next_dagrun for example_xcom_args_with_operators to None, run_after=None
[2023-09-01T13:11:15.320+0900] {processor.py:179} INFO - Processing /usr/local/lib/python3.8/dist-packages/airflow/example_dags/example_xcomargs.py took 0.085 seconds
[2023-09-01T13:12:53.621+0900] {processor.py:157} INFO - Started process (PID=5851) to work on /usr/local/lib/python3.8/dist-packages/airflow/example_dags/example_xcomargs.py
[2023-09-01T13:12:53.623+0900] {processor.py:829} INFO - Processing file /usr/local/lib/python3.8/dist-packages/airflow/example_dags/example_xcomargs.py for tasks to queue
[2023-09-01T13:12:53.623+0900] {logging_mixin.py:151} INFO - [2023-09-01T13:12:53.623+0900] {dagbag.py:539} INFO - Filling up the DagBag from /usr/local/lib/python3.8/dist-packages/airflow/example_dags/example_xcomargs.py
[2023-09-01T13:12:53.631+0900] {processor.py:839} INFO - DAG(s) dict_keys(['example_xcom_args_with_operators', 'example_xcom_args']) retrieved from /usr/local/lib/python3.8/dist-packages/airflow/example_dags/example_xcomargs.py
[2023-09-01T13:12:53.644+0900] {logging_mixin.py:151} INFO - [2023-09-01T13:12:53.644+0900] {dag.py:2907} INFO - Sync 2 DAGs
[2023-09-01T13:12:53.650+0900] {logging_mixin.py:151} INFO - [2023-09-01T13:12:53.650+0900] {dag.py:3677} INFO - Setting next_dagrun for example_xcom_args to None, run_after=None
[2023-09-01T13:12:53.651+0900] {logging_mixin.py:151} INFO - [2023-09-01T13:12:53.651+0900] {dag.py:3677} INFO - Setting next_dagrun for example_xcom_args_with_operators to None, run_after=None
[2023-09-01T13:12:53.659+0900] {processor.py:179} INFO - Processing /usr/local/lib/python3.8/dist-packages/airflow/example_dags/example_xcomargs.py took 0.042 seconds
[2023-09-01T13:13:35.694+0900] {processor.py:157} INFO - Started process (PID=6291) to work on /usr/local/lib/python3.8/dist-packages/airflow/example_dags/example_xcomargs.py
[2023-09-01T13:13:35.695+0900] {processor.py:829} INFO - Processing file /usr/local/lib/python3.8/dist-packages/airflow/example_dags/example_xcomargs.py for tasks to queue
[2023-09-01T13:13:35.697+0900] {logging_mixin.py:151} INFO - [2023-09-01T13:13:35.696+0900] {dagbag.py:539} INFO - Filling up the DagBag from /usr/local/lib/python3.8/dist-packages/airflow/example_dags/example_xcomargs.py
[2023-09-01T13:13:35.707+0900] {processor.py:839} INFO - DAG(s) dict_keys(['example_xcom_args_with_operators', 'example_xcom_args']) retrieved from /usr/local/lib/python3.8/dist-packages/airflow/example_dags/example_xcomargs.py
[2023-09-01T13:13:35.724+0900] {logging_mixin.py:151} INFO - [2023-09-01T13:13:35.724+0900] {dag.py:2907} INFO - Sync 2 DAGs
[2023-09-01T13:13:35.732+0900] {logging_mixin.py:151} INFO - [2023-09-01T13:13:35.732+0900] {dag.py:3677} INFO - Setting next_dagrun for example_xcom_args to None, run_after=None
[2023-09-01T13:13:35.734+0900] {logging_mixin.py:151} INFO - [2023-09-01T13:13:35.734+0900] {dag.py:3677} INFO - Setting next_dagrun for example_xcom_args_with_operators to None, run_after=None
[2023-09-01T13:13:35.744+0900] {processor.py:179} INFO - Processing /usr/local/lib/python3.8/dist-packages/airflow/example_dags/example_xcomargs.py took 0.056 seconds
[2023-09-01T13:14:20.845+0900] {processor.py:157} INFO - Started process (PID=7184) to work on /usr/local/lib/python3.8/dist-packages/airflow/example_dags/example_xcomargs.py
[2023-09-01T13:14:20.847+0900] {processor.py:829} INFO - Processing file /usr/local/lib/python3.8/dist-packages/airflow/example_dags/example_xcomargs.py for tasks to queue
[2023-09-01T13:14:20.849+0900] {logging_mixin.py:151} INFO - [2023-09-01T13:14:20.847+0900] {dagbag.py:539} INFO - Filling up the DagBag from /usr/local/lib/python3.8/dist-packages/airflow/example_dags/example_xcomargs.py
[2023-09-01T13:14:20.857+0900] {processor.py:839} INFO - DAG(s) dict_keys(['example_xcom_args', 'example_xcom_args_with_operators']) retrieved from /usr/local/lib/python3.8/dist-packages/airflow/example_dags/example_xcomargs.py
[2023-09-01T13:14:20.873+0900] {logging_mixin.py:151} INFO - [2023-09-01T13:14:20.872+0900] {dag.py:2907} INFO - Sync 2 DAGs
[2023-09-01T13:14:20.881+0900] {logging_mixin.py:151} INFO - [2023-09-01T13:14:20.881+0900] {dag.py:3677} INFO - Setting next_dagrun for example_xcom_args to None, run_after=None
[2023-09-01T13:14:20.884+0900] {logging_mixin.py:151} INFO - [2023-09-01T13:14:20.883+0900] {dag.py:3677} INFO - Setting next_dagrun for example_xcom_args_with_operators to None, run_after=None
[2023-09-01T13:14:20.896+0900] {processor.py:179} INFO - Processing /usr/local/lib/python3.8/dist-packages/airflow/example_dags/example_xcomargs.py took 0.054 seconds
[2023-09-01T13:15:04.329+0900] {processor.py:157} INFO - Started process (PID=7710) to work on /usr/local/lib/python3.8/dist-packages/airflow/example_dags/example_xcomargs.py
[2023-09-01T13:15:04.331+0900] {processor.py:829} INFO - Processing file /usr/local/lib/python3.8/dist-packages/airflow/example_dags/example_xcomargs.py for tasks to queue
[2023-09-01T13:15:04.332+0900] {logging_mixin.py:151} INFO - [2023-09-01T13:15:04.331+0900] {dagbag.py:539} INFO - Filling up the DagBag from /usr/local/lib/python3.8/dist-packages/airflow/example_dags/example_xcomargs.py
[2023-09-01T13:15:04.343+0900] {processor.py:839} INFO - DAG(s) dict_keys(['example_xcom_args_with_operators', 'example_xcom_args']) retrieved from /usr/local/lib/python3.8/dist-packages/airflow/example_dags/example_xcomargs.py
[2023-09-01T13:15:04.359+0900] {logging_mixin.py:151} INFO - [2023-09-01T13:15:04.359+0900] {dag.py:2907} INFO - Sync 2 DAGs
[2023-09-01T13:15:04.367+0900] {logging_mixin.py:151} INFO - [2023-09-01T13:15:04.367+0900] {dag.py:3677} INFO - Setting next_dagrun for example_xcom_args to None, run_after=None
[2023-09-01T13:15:04.369+0900] {logging_mixin.py:151} INFO - [2023-09-01T13:15:04.369+0900] {dag.py:3677} INFO - Setting next_dagrun for example_xcom_args_with_operators to None, run_after=None
[2023-09-01T13:15:04.378+0900] {processor.py:179} INFO - Processing /usr/local/lib/python3.8/dist-packages/airflow/example_dags/example_xcomargs.py took 0.054 seconds
[2023-09-01T13:15:47.502+0900] {processor.py:157} INFO - Started process (PID=8175) to work on /usr/local/lib/python3.8/dist-packages/airflow/example_dags/example_xcomargs.py
[2023-09-01T13:15:47.504+0900] {processor.py:829} INFO - Processing file /usr/local/lib/python3.8/dist-packages/airflow/example_dags/example_xcomargs.py for tasks to queue
[2023-09-01T13:15:47.505+0900] {logging_mixin.py:151} INFO - [2023-09-01T13:15:47.504+0900] {dagbag.py:539} INFO - Filling up the DagBag from /usr/local/lib/python3.8/dist-packages/airflow/example_dags/example_xcomargs.py
[2023-09-01T13:15:47.516+0900] {processor.py:839} INFO - DAG(s) dict_keys(['example_xcom_args_with_operators', 'example_xcom_args']) retrieved from /usr/local/lib/python3.8/dist-packages/airflow/example_dags/example_xcomargs.py
[2023-09-01T13:15:47.533+0900] {logging_mixin.py:151} INFO - [2023-09-01T13:15:47.533+0900] {dag.py:2907} INFO - Sync 2 DAGs
[2023-09-01T13:15:47.540+0900] {logging_mixin.py:151} INFO - [2023-09-01T13:15:47.540+0900] {dag.py:3677} INFO - Setting next_dagrun for example_xcom_args to None, run_after=None
[2023-09-01T13:15:47.542+0900] {logging_mixin.py:151} INFO - [2023-09-01T13:15:47.542+0900] {dag.py:3677} INFO - Setting next_dagrun for example_xcom_args_with_operators to None, run_after=None
[2023-09-01T13:15:47.552+0900] {processor.py:179} INFO - Processing /usr/local/lib/python3.8/dist-packages/airflow/example_dags/example_xcomargs.py took 0.055 seconds
[2023-09-01T13:16:32.110+0900] {processor.py:157} INFO - Started process (PID=8613) to work on /usr/local/lib/python3.8/dist-packages/airflow/example_dags/example_xcomargs.py
[2023-09-01T13:16:32.112+0900] {processor.py:829} INFO - Processing file /usr/local/lib/python3.8/dist-packages/airflow/example_dags/example_xcomargs.py for tasks to queue
[2023-09-01T13:16:32.113+0900] {logging_mixin.py:151} INFO - [2023-09-01T13:16:32.112+0900] {dagbag.py:539} INFO - Filling up the DagBag from /usr/local/lib/python3.8/dist-packages/airflow/example_dags/example_xcomargs.py
[2023-09-01T13:16:32.123+0900] {processor.py:839} INFO - DAG(s) dict_keys(['example_xcom_args_with_operators', 'example_xcom_args']) retrieved from /usr/local/lib/python3.8/dist-packages/airflow/example_dags/example_xcomargs.py
[2023-09-01T13:16:32.138+0900] {logging_mixin.py:151} INFO - [2023-09-01T13:16:32.138+0900] {dag.py:2907} INFO - Sync 2 DAGs
[2023-09-01T13:16:32.145+0900] {logging_mixin.py:151} INFO - [2023-09-01T13:16:32.145+0900] {dag.py:3677} INFO - Setting next_dagrun for example_xcom_args to None, run_after=None
[2023-09-01T13:16:32.146+0900] {logging_mixin.py:151} INFO - [2023-09-01T13:16:32.146+0900] {dag.py:3677} INFO - Setting next_dagrun for example_xcom_args_with_operators to None, run_after=None
[2023-09-01T13:16:32.156+0900] {processor.py:179} INFO - Processing /usr/local/lib/python3.8/dist-packages/airflow/example_dags/example_xcomargs.py took 0.050 seconds
[2023-09-01T13:17:18.706+0900] {processor.py:157} INFO - Started process (PID=9060) to work on /usr/local/lib/python3.8/dist-packages/airflow/example_dags/example_xcomargs.py
[2023-09-01T13:17:18.708+0900] {processor.py:829} INFO - Processing file /usr/local/lib/python3.8/dist-packages/airflow/example_dags/example_xcomargs.py for tasks to queue
[2023-09-01T13:17:18.709+0900] {logging_mixin.py:151} INFO - [2023-09-01T13:17:18.708+0900] {dagbag.py:539} INFO - Filling up the DagBag from /usr/local/lib/python3.8/dist-packages/airflow/example_dags/example_xcomargs.py
[2023-09-01T13:17:18.719+0900] {processor.py:839} INFO - DAG(s) dict_keys(['example_xcom_args_with_operators', 'example_xcom_args']) retrieved from /usr/local/lib/python3.8/dist-packages/airflow/example_dags/example_xcomargs.py
[2023-09-01T13:17:18.735+0900] {logging_mixin.py:151} INFO - [2023-09-01T13:17:18.735+0900] {dag.py:2907} INFO - Sync 2 DAGs
[2023-09-01T13:17:18.742+0900] {logging_mixin.py:151} INFO - [2023-09-01T13:17:18.742+0900] {dag.py:3677} INFO - Setting next_dagrun for example_xcom_args to None, run_after=None
[2023-09-01T13:17:18.744+0900] {logging_mixin.py:151} INFO - [2023-09-01T13:17:18.744+0900] {dag.py:3677} INFO - Setting next_dagrun for example_xcom_args_with_operators to None, run_after=None
[2023-09-01T13:17:18.754+0900] {processor.py:179} INFO - Processing /usr/local/lib/python3.8/dist-packages/airflow/example_dags/example_xcomargs.py took 0.052 seconds
[2023-09-01T13:18:07.388+0900] {processor.py:157} INFO - Started process (PID=9540) to work on /usr/local/lib/python3.8/dist-packages/airflow/example_dags/example_xcomargs.py
[2023-09-01T13:18:07.389+0900] {processor.py:829} INFO - Processing file /usr/local/lib/python3.8/dist-packages/airflow/example_dags/example_xcomargs.py for tasks to queue
[2023-09-01T13:18:07.391+0900] {logging_mixin.py:151} INFO - [2023-09-01T13:18:07.390+0900] {dagbag.py:539} INFO - Filling up the DagBag from /usr/local/lib/python3.8/dist-packages/airflow/example_dags/example_xcomargs.py
[2023-09-01T13:18:07.405+0900] {processor.py:839} INFO - DAG(s) dict_keys(['example_xcom_args', 'example_xcom_args_with_operators']) retrieved from /usr/local/lib/python3.8/dist-packages/airflow/example_dags/example_xcomargs.py
[2023-09-01T13:18:07.423+0900] {logging_mixin.py:151} INFO - [2023-09-01T13:18:07.423+0900] {dag.py:2907} INFO - Sync 2 DAGs
[2023-09-01T13:18:07.430+0900] {logging_mixin.py:151} INFO - [2023-09-01T13:18:07.430+0900] {dag.py:3677} INFO - Setting next_dagrun for example_xcom_args to None, run_after=None
[2023-09-01T13:18:07.432+0900] {logging_mixin.py:151} INFO - [2023-09-01T13:18:07.432+0900] {dag.py:3677} INFO - Setting next_dagrun for example_xcom_args_with_operators to None, run_after=None
[2023-09-01T13:18:07.441+0900] {processor.py:179} INFO - Processing /usr/local/lib/python3.8/dist-packages/airflow/example_dags/example_xcomargs.py took 0.060 seconds
[2023-09-01T13:18:49.935+0900] {processor.py:157} INFO - Started process (PID=9984) to work on /usr/local/lib/python3.8/dist-packages/airflow/example_dags/example_xcomargs.py
[2023-09-01T13:18:49.936+0900] {processor.py:829} INFO - Processing file /usr/local/lib/python3.8/dist-packages/airflow/example_dags/example_xcomargs.py for tasks to queue
[2023-09-01T13:18:49.938+0900] {logging_mixin.py:151} INFO - [2023-09-01T13:18:49.937+0900] {dagbag.py:539} INFO - Filling up the DagBag from /usr/local/lib/python3.8/dist-packages/airflow/example_dags/example_xcomargs.py
[2023-09-01T13:18:49.947+0900] {processor.py:839} INFO - DAG(s) dict_keys(['example_xcom_args_with_operators', 'example_xcom_args']) retrieved from /usr/local/lib/python3.8/dist-packages/airflow/example_dags/example_xcomargs.py
[2023-09-01T13:18:49.966+0900] {logging_mixin.py:151} INFO - [2023-09-01T13:18:49.966+0900] {dag.py:2907} INFO - Sync 2 DAGs
[2023-09-01T13:18:49.975+0900] {logging_mixin.py:151} INFO - [2023-09-01T13:18:49.975+0900] {dag.py:3677} INFO - Setting next_dagrun for example_xcom_args to None, run_after=None
[2023-09-01T13:18:49.977+0900] {logging_mixin.py:151} INFO - [2023-09-01T13:18:49.977+0900] {dag.py:3677} INFO - Setting next_dagrun for example_xcom_args_with_operators to None, run_after=None
[2023-09-01T13:18:49.988+0900] {processor.py:179} INFO - Processing /usr/local/lib/python3.8/dist-packages/airflow/example_dags/example_xcomargs.py took 0.057 seconds
[2023-09-01T13:19:36.291+0900] {processor.py:157} INFO - Started process (PID=10439) to work on /usr/local/lib/python3.8/dist-packages/airflow/example_dags/example_xcomargs.py
[2023-09-01T13:19:36.293+0900] {processor.py:829} INFO - Processing file /usr/local/lib/python3.8/dist-packages/airflow/example_dags/example_xcomargs.py for tasks to queue
[2023-09-01T13:19:36.294+0900] {logging_mixin.py:151} INFO - [2023-09-01T13:19:36.293+0900] {dagbag.py:539} INFO - Filling up the DagBag from /usr/local/lib/python3.8/dist-packages/airflow/example_dags/example_xcomargs.py
[2023-09-01T13:19:36.305+0900] {processor.py:839} INFO - DAG(s) dict_keys(['example_xcom_args_with_operators', 'example_xcom_args']) retrieved from /usr/local/lib/python3.8/dist-packages/airflow/example_dags/example_xcomargs.py
[2023-09-01T13:19:36.323+0900] {logging_mixin.py:151} INFO - [2023-09-01T13:19:36.323+0900] {dag.py:2907} INFO - Sync 2 DAGs
[2023-09-01T13:19:36.331+0900] {logging_mixin.py:151} INFO - [2023-09-01T13:19:36.331+0900] {dag.py:3677} INFO - Setting next_dagrun for example_xcom_args to None, run_after=None
[2023-09-01T13:19:36.333+0900] {logging_mixin.py:151} INFO - [2023-09-01T13:19:36.332+0900] {dag.py:3677} INFO - Setting next_dagrun for example_xcom_args_with_operators to None, run_after=None
[2023-09-01T13:19:36.343+0900] {processor.py:179} INFO - Processing /usr/local/lib/python3.8/dist-packages/airflow/example_dags/example_xcomargs.py took 0.057 seconds
[2023-09-01T13:20:18.271+0900] {processor.py:157} INFO - Started process (PID=10846) to work on /usr/local/lib/python3.8/dist-packages/airflow/example_dags/example_xcomargs.py
[2023-09-01T13:20:18.272+0900] {processor.py:829} INFO - Processing file /usr/local/lib/python3.8/dist-packages/airflow/example_dags/example_xcomargs.py for tasks to queue
[2023-09-01T13:20:18.274+0900] {logging_mixin.py:151} INFO - [2023-09-01T13:20:18.273+0900] {dagbag.py:539} INFO - Filling up the DagBag from /usr/local/lib/python3.8/dist-packages/airflow/example_dags/example_xcomargs.py
[2023-09-01T13:20:18.282+0900] {processor.py:839} INFO - DAG(s) dict_keys(['example_xcom_args', 'example_xcom_args_with_operators']) retrieved from /usr/local/lib/python3.8/dist-packages/airflow/example_dags/example_xcomargs.py
[2023-09-01T13:20:18.295+0900] {logging_mixin.py:151} INFO - [2023-09-01T13:20:18.295+0900] {dag.py:2907} INFO - Sync 2 DAGs
[2023-09-01T13:20:18.302+0900] {logging_mixin.py:151} INFO - [2023-09-01T13:20:18.302+0900] {dag.py:3677} INFO - Setting next_dagrun for example_xcom_args to None, run_after=None
[2023-09-01T13:20:18.303+0900] {logging_mixin.py:151} INFO - [2023-09-01T13:20:18.303+0900] {dag.py:3677} INFO - Setting next_dagrun for example_xcom_args_with_operators to None, run_after=None
[2023-09-01T13:20:18.314+0900] {processor.py:179} INFO - Processing /usr/local/lib/python3.8/dist-packages/airflow/example_dags/example_xcomargs.py took 0.049 seconds
[2023-09-01T13:21:16.126+0900] {processor.py:157} INFO - Started process (PID=11337) to work on /usr/local/lib/python3.8/dist-packages/airflow/example_dags/example_xcomargs.py
[2023-09-01T13:21:16.127+0900] {processor.py:829} INFO - Processing file /usr/local/lib/python3.8/dist-packages/airflow/example_dags/example_xcomargs.py for tasks to queue
[2023-09-01T13:21:16.129+0900] {logging_mixin.py:151} INFO - [2023-09-01T13:21:16.128+0900] {dagbag.py:539} INFO - Filling up the DagBag from /usr/local/lib/python3.8/dist-packages/airflow/example_dags/example_xcomargs.py
[2023-09-01T13:21:16.139+0900] {processor.py:839} INFO - DAG(s) dict_keys(['example_xcom_args', 'example_xcom_args_with_operators']) retrieved from /usr/local/lib/python3.8/dist-packages/airflow/example_dags/example_xcomargs.py
[2023-09-01T13:21:16.157+0900] {logging_mixin.py:151} INFO - [2023-09-01T13:21:16.157+0900] {dag.py:2907} INFO - Sync 2 DAGs
[2023-09-01T13:21:16.165+0900] {logging_mixin.py:151} INFO - [2023-09-01T13:21:16.165+0900] {dag.py:3677} INFO - Setting next_dagrun for example_xcom_args to None, run_after=None
[2023-09-01T13:21:16.167+0900] {logging_mixin.py:151} INFO - [2023-09-01T13:21:16.166+0900] {dag.py:3677} INFO - Setting next_dagrun for example_xcom_args_with_operators to None, run_after=None
[2023-09-01T13:21:16.177+0900] {processor.py:179} INFO - Processing /usr/local/lib/python3.8/dist-packages/airflow/example_dags/example_xcomargs.py took 0.056 seconds
[2023-09-01T13:21:54.508+0900] {processor.py:157} INFO - Started process (PID=11718) to work on /usr/local/lib/python3.8/dist-packages/airflow/example_dags/example_xcomargs.py
[2023-09-01T13:21:54.509+0900] {processor.py:829} INFO - Processing file /usr/local/lib/python3.8/dist-packages/airflow/example_dags/example_xcomargs.py for tasks to queue
[2023-09-01T13:21:54.510+0900] {logging_mixin.py:151} INFO - [2023-09-01T13:21:54.509+0900] {dagbag.py:539} INFO - Filling up the DagBag from /usr/local/lib/python3.8/dist-packages/airflow/example_dags/example_xcomargs.py
[2023-09-01T13:21:54.515+0900] {processor.py:839} INFO - DAG(s) dict_keys(['example_xcom_args_with_operators', 'example_xcom_args']) retrieved from /usr/local/lib/python3.8/dist-packages/airflow/example_dags/example_xcomargs.py
[2023-09-01T13:21:54.526+0900] {logging_mixin.py:151} INFO - [2023-09-01T13:21:54.526+0900] {dag.py:2907} INFO - Sync 2 DAGs
[2023-09-01T13:21:54.532+0900] {logging_mixin.py:151} INFO - [2023-09-01T13:21:54.532+0900] {dag.py:3677} INFO - Setting next_dagrun for example_xcom_args to None, run_after=None
[2023-09-01T13:21:54.533+0900] {logging_mixin.py:151} INFO - [2023-09-01T13:21:54.533+0900] {dag.py:3677} INFO - Setting next_dagrun for example_xcom_args_with_operators to None, run_after=None
[2023-09-01T13:21:54.542+0900] {processor.py:179} INFO - Processing /usr/local/lib/python3.8/dist-packages/airflow/example_dags/example_xcomargs.py took 0.036 seconds
[2023-09-01T13:22:38.461+0900] {processor.py:157} INFO - Started process (PID=12148) to work on /usr/local/lib/python3.8/dist-packages/airflow/example_dags/example_xcomargs.py
[2023-09-01T13:22:38.464+0900] {processor.py:829} INFO - Processing file /usr/local/lib/python3.8/dist-packages/airflow/example_dags/example_xcomargs.py for tasks to queue
[2023-09-01T13:22:38.465+0900] {logging_mixin.py:151} INFO - [2023-09-01T13:22:38.464+0900] {dagbag.py:539} INFO - Filling up the DagBag from /usr/local/lib/python3.8/dist-packages/airflow/example_dags/example_xcomargs.py
[2023-09-01T13:22:38.476+0900] {processor.py:839} INFO - DAG(s) dict_keys(['example_xcom_args', 'example_xcom_args_with_operators']) retrieved from /usr/local/lib/python3.8/dist-packages/airflow/example_dags/example_xcomargs.py
[2023-09-01T13:22:38.493+0900] {logging_mixin.py:151} INFO - [2023-09-01T13:22:38.492+0900] {dag.py:2907} INFO - Sync 2 DAGs
[2023-09-01T13:22:38.500+0900] {logging_mixin.py:151} INFO - [2023-09-01T13:22:38.500+0900] {dag.py:3677} INFO - Setting next_dagrun for example_xcom_args to None, run_after=None
[2023-09-01T13:22:38.501+0900] {logging_mixin.py:151} INFO - [2023-09-01T13:22:38.501+0900] {dag.py:3677} INFO - Setting next_dagrun for example_xcom_args_with_operators to None, run_after=None
[2023-09-01T13:22:38.511+0900] {processor.py:179} INFO - Processing /usr/local/lib/python3.8/dist-packages/airflow/example_dags/example_xcomargs.py took 0.055 seconds
[2023-09-01T13:23:21.249+0900] {processor.py:157} INFO - Started process (PID=12582) to work on /usr/local/lib/python3.8/dist-packages/airflow/example_dags/example_xcomargs.py
[2023-09-01T13:23:21.252+0900] {processor.py:829} INFO - Processing file /usr/local/lib/python3.8/dist-packages/airflow/example_dags/example_xcomargs.py for tasks to queue
[2023-09-01T13:23:21.253+0900] {logging_mixin.py:151} INFO - [2023-09-01T13:23:21.252+0900] {dagbag.py:539} INFO - Filling up the DagBag from /usr/local/lib/python3.8/dist-packages/airflow/example_dags/example_xcomargs.py
[2023-09-01T13:23:21.262+0900] {processor.py:839} INFO - DAG(s) dict_keys(['example_xcom_args', 'example_xcom_args_with_operators']) retrieved from /usr/local/lib/python3.8/dist-packages/airflow/example_dags/example_xcomargs.py
[2023-09-01T13:23:21.278+0900] {logging_mixin.py:151} INFO - [2023-09-01T13:23:21.278+0900] {dag.py:2907} INFO - Sync 2 DAGs
[2023-09-01T13:23:21.285+0900] {logging_mixin.py:151} INFO - [2023-09-01T13:23:21.285+0900] {dag.py:3677} INFO - Setting next_dagrun for example_xcom_args to None, run_after=None
[2023-09-01T13:23:21.287+0900] {logging_mixin.py:151} INFO - [2023-09-01T13:23:21.287+0900] {dag.py:3677} INFO - Setting next_dagrun for example_xcom_args_with_operators to None, run_after=None
[2023-09-01T13:23:21.296+0900] {processor.py:179} INFO - Processing /usr/local/lib/python3.8/dist-packages/airflow/example_dags/example_xcomargs.py took 0.053 seconds
[2023-09-01T13:24:02.561+0900] {processor.py:157} INFO - Started process (PID=12984) to work on /usr/local/lib/python3.8/dist-packages/airflow/example_dags/example_xcomargs.py
[2023-09-01T13:24:02.563+0900] {processor.py:829} INFO - Processing file /usr/local/lib/python3.8/dist-packages/airflow/example_dags/example_xcomargs.py for tasks to queue
[2023-09-01T13:24:02.564+0900] {logging_mixin.py:151} INFO - [2023-09-01T13:24:02.563+0900] {dagbag.py:539} INFO - Filling up the DagBag from /usr/local/lib/python3.8/dist-packages/airflow/example_dags/example_xcomargs.py
[2023-09-01T13:24:02.574+0900] {processor.py:839} INFO - DAG(s) dict_keys(['example_xcom_args', 'example_xcom_args_with_operators']) retrieved from /usr/local/lib/python3.8/dist-packages/airflow/example_dags/example_xcomargs.py
[2023-09-01T13:24:02.591+0900] {logging_mixin.py:151} INFO - [2023-09-01T13:24:02.591+0900] {dag.py:2907} INFO - Sync 2 DAGs
[2023-09-01T13:24:02.598+0900] {logging_mixin.py:151} INFO - [2023-09-01T13:24:02.598+0900] {dag.py:3677} INFO - Setting next_dagrun for example_xcom_args to None, run_after=None
[2023-09-01T13:24:02.599+0900] {logging_mixin.py:151} INFO - [2023-09-01T13:24:02.599+0900] {dag.py:3677} INFO - Setting next_dagrun for example_xcom_args_with_operators to None, run_after=None
[2023-09-01T13:24:02.609+0900] {processor.py:179} INFO - Processing /usr/local/lib/python3.8/dist-packages/airflow/example_dags/example_xcomargs.py took 0.053 seconds
[2023-09-01T13:24:50.481+0900] {processor.py:157} INFO - Started process (PID=13474) to work on /usr/local/lib/python3.8/dist-packages/airflow/example_dags/example_xcomargs.py
[2023-09-01T13:24:50.485+0900] {processor.py:829} INFO - Processing file /usr/local/lib/python3.8/dist-packages/airflow/example_dags/example_xcomargs.py for tasks to queue
[2023-09-01T13:24:50.488+0900] {logging_mixin.py:151} INFO - [2023-09-01T13:24:50.486+0900] {dagbag.py:539} INFO - Filling up the DagBag from /usr/local/lib/python3.8/dist-packages/airflow/example_dags/example_xcomargs.py
[2023-09-01T13:24:50.505+0900] {processor.py:839} INFO - DAG(s) dict_keys(['example_xcom_args_with_operators', 'example_xcom_args']) retrieved from /usr/local/lib/python3.8/dist-packages/airflow/example_dags/example_xcomargs.py
[2023-09-01T13:24:50.543+0900] {logging_mixin.py:151} INFO - [2023-09-01T13:24:50.543+0900] {dag.py:2907} INFO - Sync 2 DAGs
[2023-09-01T13:24:50.552+0900] {logging_mixin.py:151} INFO - [2023-09-01T13:24:50.552+0900] {dag.py:3677} INFO - Setting next_dagrun for example_xcom_args to None, run_after=None
[2023-09-01T13:24:50.554+0900] {logging_mixin.py:151} INFO - [2023-09-01T13:24:50.554+0900] {dag.py:3677} INFO - Setting next_dagrun for example_xcom_args_with_operators to None, run_after=None
[2023-09-01T13:24:50.566+0900] {processor.py:179} INFO - Processing /usr/local/lib/python3.8/dist-packages/airflow/example_dags/example_xcomargs.py took 0.095 seconds
[2023-09-01T13:25:54.860+0900] {processor.py:157} INFO - Started process (PID=14378) to work on /usr/local/lib/python3.8/dist-packages/airflow/example_dags/example_xcomargs.py
[2023-09-01T13:25:54.861+0900] {processor.py:829} INFO - Processing file /usr/local/lib/python3.8/dist-packages/airflow/example_dags/example_xcomargs.py for tasks to queue
[2023-09-01T13:25:54.863+0900] {logging_mixin.py:151} INFO - [2023-09-01T13:25:54.862+0900] {dagbag.py:539} INFO - Filling up the DagBag from /usr/local/lib/python3.8/dist-packages/airflow/example_dags/example_xcomargs.py
[2023-09-01T13:25:54.873+0900] {processor.py:839} INFO - DAG(s) dict_keys(['example_xcom_args_with_operators', 'example_xcom_args']) retrieved from /usr/local/lib/python3.8/dist-packages/airflow/example_dags/example_xcomargs.py
[2023-09-01T13:25:54.891+0900] {logging_mixin.py:151} INFO - [2023-09-01T13:25:54.891+0900] {dag.py:2907} INFO - Sync 2 DAGs
[2023-09-01T13:25:54.899+0900] {logging_mixin.py:151} INFO - [2023-09-01T13:25:54.899+0900] {dag.py:3677} INFO - Setting next_dagrun for example_xcom_args to None, run_after=None
[2023-09-01T13:25:54.901+0900] {logging_mixin.py:151} INFO - [2023-09-01T13:25:54.901+0900] {dag.py:3677} INFO - Setting next_dagrun for example_xcom_args_with_operators to None, run_after=None
[2023-09-01T13:25:54.911+0900] {processor.py:179} INFO - Processing /usr/local/lib/python3.8/dist-packages/airflow/example_dags/example_xcomargs.py took 0.057 seconds
[2023-09-01T13:26:38.755+0900] {processor.py:157} INFO - Started process (PID=14804) to work on /usr/local/lib/python3.8/dist-packages/airflow/example_dags/example_xcomargs.py
[2023-09-01T13:26:38.755+0900] {processor.py:829} INFO - Processing file /usr/local/lib/python3.8/dist-packages/airflow/example_dags/example_xcomargs.py for tasks to queue
[2023-09-01T13:26:38.756+0900] {logging_mixin.py:151} INFO - [2023-09-01T13:26:38.756+0900] {dagbag.py:539} INFO - Filling up the DagBag from /usr/local/lib/python3.8/dist-packages/airflow/example_dags/example_xcomargs.py
[2023-09-01T13:26:38.760+0900] {processor.py:839} INFO - DAG(s) dict_keys(['example_xcom_args', 'example_xcom_args_with_operators']) retrieved from /usr/local/lib/python3.8/dist-packages/airflow/example_dags/example_xcomargs.py
[2023-09-01T13:26:38.770+0900] {logging_mixin.py:151} INFO - [2023-09-01T13:26:38.769+0900] {dag.py:2907} INFO - Sync 2 DAGs
[2023-09-01T13:26:38.774+0900] {logging_mixin.py:151} INFO - [2023-09-01T13:26:38.774+0900] {dag.py:3677} INFO - Setting next_dagrun for example_xcom_args to None, run_after=None
[2023-09-01T13:26:38.776+0900] {logging_mixin.py:151} INFO - [2023-09-01T13:26:38.775+0900] {dag.py:3677} INFO - Setting next_dagrun for example_xcom_args_with_operators to None, run_after=None
[2023-09-01T13:26:38.784+0900] {processor.py:179} INFO - Processing /usr/local/lib/python3.8/dist-packages/airflow/example_dags/example_xcomargs.py took 0.031 seconds
[2023-09-01T13:27:21.690+0900] {processor.py:157} INFO - Started process (PID=15221) to work on /usr/local/lib/python3.8/dist-packages/airflow/example_dags/example_xcomargs.py
[2023-09-01T13:27:21.691+0900] {processor.py:829} INFO - Processing file /usr/local/lib/python3.8/dist-packages/airflow/example_dags/example_xcomargs.py for tasks to queue
[2023-09-01T13:27:21.692+0900] {logging_mixin.py:151} INFO - [2023-09-01T13:27:21.691+0900] {dagbag.py:539} INFO - Filling up the DagBag from /usr/local/lib/python3.8/dist-packages/airflow/example_dags/example_xcomargs.py
[2023-09-01T13:27:21.700+0900] {processor.py:839} INFO - DAG(s) dict_keys(['example_xcom_args_with_operators', 'example_xcom_args']) retrieved from /usr/local/lib/python3.8/dist-packages/airflow/example_dags/example_xcomargs.py
[2023-09-01T13:27:21.715+0900] {logging_mixin.py:151} INFO - [2023-09-01T13:27:21.715+0900] {dag.py:2907} INFO - Sync 2 DAGs
[2023-09-01T13:27:21.723+0900] {logging_mixin.py:151} INFO - [2023-09-01T13:27:21.723+0900] {dag.py:3677} INFO - Setting next_dagrun for example_xcom_args to None, run_after=None
[2023-09-01T13:27:21.725+0900] {logging_mixin.py:151} INFO - [2023-09-01T13:27:21.725+0900] {dag.py:3677} INFO - Setting next_dagrun for example_xcom_args_with_operators to None, run_after=None
[2023-09-01T13:27:21.738+0900] {processor.py:179} INFO - Processing /usr/local/lib/python3.8/dist-packages/airflow/example_dags/example_xcomargs.py took 0.051 seconds
[2023-09-01T13:28:06.315+0900] {processor.py:157} INFO - Started process (PID=15656) to work on /usr/local/lib/python3.8/dist-packages/airflow/example_dags/example_xcomargs.py
[2023-09-01T13:28:06.316+0900] {processor.py:829} INFO - Processing file /usr/local/lib/python3.8/dist-packages/airflow/example_dags/example_xcomargs.py for tasks to queue
[2023-09-01T13:28:06.318+0900] {logging_mixin.py:151} INFO - [2023-09-01T13:28:06.317+0900] {dagbag.py:539} INFO - Filling up the DagBag from /usr/local/lib/python3.8/dist-packages/airflow/example_dags/example_xcomargs.py
[2023-09-01T13:28:06.328+0900] {processor.py:839} INFO - DAG(s) dict_keys(['example_xcom_args_with_operators', 'example_xcom_args']) retrieved from /usr/local/lib/python3.8/dist-packages/airflow/example_dags/example_xcomargs.py
[2023-09-01T13:28:06.345+0900] {logging_mixin.py:151} INFO - [2023-09-01T13:28:06.344+0900] {dag.py:2907} INFO - Sync 2 DAGs
[2023-09-01T13:28:06.352+0900] {logging_mixin.py:151} INFO - [2023-09-01T13:28:06.352+0900] {dag.py:3677} INFO - Setting next_dagrun for example_xcom_args to None, run_after=None
[2023-09-01T13:28:06.353+0900] {logging_mixin.py:151} INFO - [2023-09-01T13:28:06.353+0900] {dag.py:3677} INFO - Setting next_dagrun for example_xcom_args_with_operators to None, run_after=None
[2023-09-01T13:28:06.364+0900] {processor.py:179} INFO - Processing /usr/local/lib/python3.8/dist-packages/airflow/example_dags/example_xcomargs.py took 0.055 seconds
[2023-09-01T13:28:53.278+0900] {processor.py:157} INFO - Started process (PID=16135) to work on /usr/local/lib/python3.8/dist-packages/airflow/example_dags/example_xcomargs.py
[2023-09-01T13:28:53.280+0900] {processor.py:829} INFO - Processing file /usr/local/lib/python3.8/dist-packages/airflow/example_dags/example_xcomargs.py for tasks to queue
[2023-09-01T13:28:53.281+0900] {logging_mixin.py:151} INFO - [2023-09-01T13:28:53.280+0900] {dagbag.py:539} INFO - Filling up the DagBag from /usr/local/lib/python3.8/dist-packages/airflow/example_dags/example_xcomargs.py
[2023-09-01T13:28:53.291+0900] {processor.py:839} INFO - DAG(s) dict_keys(['example_xcom_args', 'example_xcom_args_with_operators']) retrieved from /usr/local/lib/python3.8/dist-packages/airflow/example_dags/example_xcomargs.py
[2023-09-01T13:28:53.305+0900] {logging_mixin.py:151} INFO - [2023-09-01T13:28:53.305+0900] {dag.py:2907} INFO - Sync 2 DAGs
[2023-09-01T13:28:53.313+0900] {logging_mixin.py:151} INFO - [2023-09-01T13:28:53.312+0900] {dag.py:3677} INFO - Setting next_dagrun for example_xcom_args to None, run_after=None
[2023-09-01T13:28:53.314+0900] {logging_mixin.py:151} INFO - [2023-09-01T13:28:53.314+0900] {dag.py:3677} INFO - Setting next_dagrun for example_xcom_args_with_operators to None, run_after=None
[2023-09-01T13:28:53.324+0900] {processor.py:179} INFO - Processing /usr/local/lib/python3.8/dist-packages/airflow/example_dags/example_xcomargs.py took 0.052 seconds
[2023-09-01T13:29:37.928+0900] {processor.py:157} INFO - Started process (PID=16567) to work on /usr/local/lib/python3.8/dist-packages/airflow/example_dags/example_xcomargs.py
[2023-09-01T13:29:37.929+0900] {processor.py:829} INFO - Processing file /usr/local/lib/python3.8/dist-packages/airflow/example_dags/example_xcomargs.py for tasks to queue
[2023-09-01T13:29:37.930+0900] {logging_mixin.py:151} INFO - [2023-09-01T13:29:37.929+0900] {dagbag.py:539} INFO - Filling up the DagBag from /usr/local/lib/python3.8/dist-packages/airflow/example_dags/example_xcomargs.py
[2023-09-01T13:29:37.935+0900] {processor.py:839} INFO - DAG(s) dict_keys(['example_xcom_args_with_operators', 'example_xcom_args']) retrieved from /usr/local/lib/python3.8/dist-packages/airflow/example_dags/example_xcomargs.py
[2023-09-01T13:29:37.948+0900] {logging_mixin.py:151} INFO - [2023-09-01T13:29:37.948+0900] {dag.py:2907} INFO - Sync 2 DAGs
[2023-09-01T13:29:37.955+0900] {logging_mixin.py:151} INFO - [2023-09-01T13:29:37.955+0900] {dag.py:3677} INFO - Setting next_dagrun for example_xcom_args to None, run_after=None
[2023-09-01T13:29:37.957+0900] {logging_mixin.py:151} INFO - [2023-09-01T13:29:37.957+0900] {dag.py:3677} INFO - Setting next_dagrun for example_xcom_args_with_operators to None, run_after=None
[2023-09-01T13:29:37.968+0900] {processor.py:179} INFO - Processing /usr/local/lib/python3.8/dist-packages/airflow/example_dags/example_xcomargs.py took 0.042 seconds
[2023-09-01T13:30:24.468+0900] {processor.py:157} INFO - Started process (PID=17015) to work on /usr/local/lib/python3.8/dist-packages/airflow/example_dags/example_xcomargs.py
[2023-09-01T13:30:24.469+0900] {processor.py:829} INFO - Processing file /usr/local/lib/python3.8/dist-packages/airflow/example_dags/example_xcomargs.py for tasks to queue
[2023-09-01T13:30:24.470+0900] {logging_mixin.py:151} INFO - [2023-09-01T13:30:24.470+0900] {dagbag.py:539} INFO - Filling up the DagBag from /usr/local/lib/python3.8/dist-packages/airflow/example_dags/example_xcomargs.py
[2023-09-01T13:30:24.480+0900] {processor.py:839} INFO - DAG(s) dict_keys(['example_xcom_args', 'example_xcom_args_with_operators']) retrieved from /usr/local/lib/python3.8/dist-packages/airflow/example_dags/example_xcomargs.py
[2023-09-01T13:30:24.502+0900] {logging_mixin.py:151} INFO - [2023-09-01T13:30:24.502+0900] {dag.py:2907} INFO - Sync 2 DAGs
[2023-09-01T13:30:24.512+0900] {logging_mixin.py:151} INFO - [2023-09-01T13:30:24.512+0900] {dag.py:3677} INFO - Setting next_dagrun for example_xcom_args to None, run_after=None
[2023-09-01T13:30:24.514+0900] {logging_mixin.py:151} INFO - [2023-09-01T13:30:24.514+0900] {dag.py:3677} INFO - Setting next_dagrun for example_xcom_args_with_operators to None, run_after=None
[2023-09-01T13:30:24.526+0900] {processor.py:179} INFO - Processing /usr/local/lib/python3.8/dist-packages/airflow/example_dags/example_xcomargs.py took 0.063 seconds
[2023-09-01T13:31:06.187+0900] {processor.py:157} INFO - Started process (PID=17425) to work on /usr/local/lib/python3.8/dist-packages/airflow/example_dags/example_xcomargs.py
[2023-09-01T13:31:06.189+0900] {processor.py:829} INFO - Processing file /usr/local/lib/python3.8/dist-packages/airflow/example_dags/example_xcomargs.py for tasks to queue
[2023-09-01T13:31:06.190+0900] {logging_mixin.py:151} INFO - [2023-09-01T13:31:06.189+0900] {dagbag.py:539} INFO - Filling up the DagBag from /usr/local/lib/python3.8/dist-packages/airflow/example_dags/example_xcomargs.py
[2023-09-01T13:31:06.201+0900] {processor.py:839} INFO - DAG(s) dict_keys(['example_xcom_args', 'example_xcom_args_with_operators']) retrieved from /usr/local/lib/python3.8/dist-packages/airflow/example_dags/example_xcomargs.py
[2023-09-01T13:31:06.218+0900] {logging_mixin.py:151} INFO - [2023-09-01T13:31:06.218+0900] {dag.py:2907} INFO - Sync 2 DAGs
[2023-09-01T13:31:06.225+0900] {logging_mixin.py:151} INFO - [2023-09-01T13:31:06.225+0900] {dag.py:3677} INFO - Setting next_dagrun for example_xcom_args to None, run_after=None
[2023-09-01T13:31:06.227+0900] {logging_mixin.py:151} INFO - [2023-09-01T13:31:06.227+0900] {dag.py:3677} INFO - Setting next_dagrun for example_xcom_args_with_operators to None, run_after=None
[2023-09-01T13:31:06.237+0900] {processor.py:179} INFO - Processing /usr/local/lib/python3.8/dist-packages/airflow/example_dags/example_xcomargs.py took 0.054 seconds
[2023-09-01T13:31:50.502+0900] {processor.py:157} INFO - Started process (PID=17844) to work on /usr/local/lib/python3.8/dist-packages/airflow/example_dags/example_xcomargs.py
[2023-09-01T13:31:50.503+0900] {processor.py:829} INFO - Processing file /usr/local/lib/python3.8/dist-packages/airflow/example_dags/example_xcomargs.py for tasks to queue
[2023-09-01T13:31:50.505+0900] {logging_mixin.py:151} INFO - [2023-09-01T13:31:50.504+0900] {dagbag.py:539} INFO - Filling up the DagBag from /usr/local/lib/python3.8/dist-packages/airflow/example_dags/example_xcomargs.py
[2023-09-01T13:31:50.517+0900] {processor.py:839} INFO - DAG(s) dict_keys(['example_xcom_args_with_operators', 'example_xcom_args']) retrieved from /usr/local/lib/python3.8/dist-packages/airflow/example_dags/example_xcomargs.py
[2023-09-01T13:31:50.539+0900] {logging_mixin.py:151} INFO - [2023-09-01T13:31:50.539+0900] {dag.py:2907} INFO - Sync 2 DAGs
[2023-09-01T13:31:50.549+0900] {logging_mixin.py:151} INFO - [2023-09-01T13:31:50.549+0900] {dag.py:3677} INFO - Setting next_dagrun for example_xcom_args to None, run_after=None
[2023-09-01T13:31:50.551+0900] {logging_mixin.py:151} INFO - [2023-09-01T13:31:50.551+0900] {dag.py:3677} INFO - Setting next_dagrun for example_xcom_args_with_operators to None, run_after=None
[2023-09-01T13:31:50.562+0900] {processor.py:179} INFO - Processing /usr/local/lib/python3.8/dist-packages/airflow/example_dags/example_xcomargs.py took 0.066 seconds
[2023-09-01T13:32:35.596+0900] {processor.py:157} INFO - Started process (PID=18285) to work on /usr/local/lib/python3.8/dist-packages/airflow/example_dags/example_xcomargs.py
[2023-09-01T13:32:35.597+0900] {processor.py:829} INFO - Processing file /usr/local/lib/python3.8/dist-packages/airflow/example_dags/example_xcomargs.py for tasks to queue
[2023-09-01T13:32:35.598+0900] {logging_mixin.py:151} INFO - [2023-09-01T13:32:35.598+0900] {dagbag.py:539} INFO - Filling up the DagBag from /usr/local/lib/python3.8/dist-packages/airflow/example_dags/example_xcomargs.py
[2023-09-01T13:32:35.608+0900] {processor.py:839} INFO - DAG(s) dict_keys(['example_xcom_args', 'example_xcom_args_with_operators']) retrieved from /usr/local/lib/python3.8/dist-packages/airflow/example_dags/example_xcomargs.py
[2023-09-01T13:32:35.625+0900] {logging_mixin.py:151} INFO - [2023-09-01T13:32:35.625+0900] {dag.py:2907} INFO - Sync 2 DAGs
[2023-09-01T13:32:35.633+0900] {logging_mixin.py:151} INFO - [2023-09-01T13:32:35.633+0900] {dag.py:3677} INFO - Setting next_dagrun for example_xcom_args to None, run_after=None
[2023-09-01T13:32:35.635+0900] {logging_mixin.py:151} INFO - [2023-09-01T13:32:35.635+0900] {dag.py:3677} INFO - Setting next_dagrun for example_xcom_args_with_operators to None, run_after=None
[2023-09-01T13:32:35.645+0900] {processor.py:179} INFO - Processing /usr/local/lib/python3.8/dist-packages/airflow/example_dags/example_xcomargs.py took 0.053 seconds
[2023-09-01T13:33:21.396+0900] {processor.py:157} INFO - Started process (PID=18729) to work on /usr/local/lib/python3.8/dist-packages/airflow/example_dags/example_xcomargs.py
[2023-09-01T13:33:21.397+0900] {processor.py:829} INFO - Processing file /usr/local/lib/python3.8/dist-packages/airflow/example_dags/example_xcomargs.py for tasks to queue
[2023-09-01T13:33:21.399+0900] {logging_mixin.py:151} INFO - [2023-09-01T13:33:21.398+0900] {dagbag.py:539} INFO - Filling up the DagBag from /usr/local/lib/python3.8/dist-packages/airflow/example_dags/example_xcomargs.py
[2023-09-01T13:33:21.411+0900] {processor.py:839} INFO - DAG(s) dict_keys(['example_xcom_args_with_operators', 'example_xcom_args']) retrieved from /usr/local/lib/python3.8/dist-packages/airflow/example_dags/example_xcomargs.py
[2023-09-01T13:33:21.429+0900] {logging_mixin.py:151} INFO - [2023-09-01T13:33:21.429+0900] {dag.py:2907} INFO - Sync 2 DAGs
[2023-09-01T13:33:21.437+0900] {logging_mixin.py:151} INFO - [2023-09-01T13:33:21.436+0900] {dag.py:3677} INFO - Setting next_dagrun for example_xcom_args to None, run_after=None
[2023-09-01T13:33:21.438+0900] {logging_mixin.py:151} INFO - [2023-09-01T13:33:21.438+0900] {dag.py:3677} INFO - Setting next_dagrun for example_xcom_args_with_operators to None, run_after=None
[2023-09-01T13:33:21.449+0900] {processor.py:179} INFO - Processing /usr/local/lib/python3.8/dist-packages/airflow/example_dags/example_xcomargs.py took 0.059 seconds
[2023-09-01T13:34:07.967+0900] {processor.py:157} INFO - Started process (PID=19207) to work on /usr/local/lib/python3.8/dist-packages/airflow/example_dags/example_xcomargs.py
[2023-09-01T13:34:07.968+0900] {processor.py:829} INFO - Processing file /usr/local/lib/python3.8/dist-packages/airflow/example_dags/example_xcomargs.py for tasks to queue
[2023-09-01T13:34:07.969+0900] {logging_mixin.py:151} INFO - [2023-09-01T13:34:07.969+0900] {dagbag.py:539} INFO - Filling up the DagBag from /usr/local/lib/python3.8/dist-packages/airflow/example_dags/example_xcomargs.py
[2023-09-01T13:34:07.977+0900] {processor.py:839} INFO - DAG(s) dict_keys(['example_xcom_args_with_operators', 'example_xcom_args']) retrieved from /usr/local/lib/python3.8/dist-packages/airflow/example_dags/example_xcomargs.py
[2023-09-01T13:34:07.990+0900] {logging_mixin.py:151} INFO - [2023-09-01T13:34:07.990+0900] {dag.py:2907} INFO - Sync 2 DAGs
[2023-09-01T13:34:07.996+0900] {logging_mixin.py:151} INFO - [2023-09-01T13:34:07.996+0900] {dag.py:3677} INFO - Setting next_dagrun for example_xcom_args to None, run_after=None
[2023-09-01T13:34:07.998+0900] {logging_mixin.py:151} INFO - [2023-09-01T13:34:07.997+0900] {dag.py:3677} INFO - Setting next_dagrun for example_xcom_args_with_operators to None, run_after=None
[2023-09-01T13:34:08.007+0900] {processor.py:179} INFO - Processing /usr/local/lib/python3.8/dist-packages/airflow/example_dags/example_xcomargs.py took 0.043 seconds
[2023-09-01T13:34:51.530+0900] {processor.py:157} INFO - Started process (PID=19618) to work on /usr/local/lib/python3.8/dist-packages/airflow/example_dags/example_xcomargs.py
[2023-09-01T13:34:51.532+0900] {processor.py:829} INFO - Processing file /usr/local/lib/python3.8/dist-packages/airflow/example_dags/example_xcomargs.py for tasks to queue
[2023-09-01T13:34:51.533+0900] {logging_mixin.py:151} INFO - [2023-09-01T13:34:51.532+0900] {dagbag.py:539} INFO - Filling up the DagBag from /usr/local/lib/python3.8/dist-packages/airflow/example_dags/example_xcomargs.py
[2023-09-01T13:34:51.541+0900] {processor.py:839} INFO - DAG(s) dict_keys(['example_xcom_args', 'example_xcom_args_with_operators']) retrieved from /usr/local/lib/python3.8/dist-packages/airflow/example_dags/example_xcomargs.py
[2023-09-01T13:34:51.555+0900] {logging_mixin.py:151} INFO - [2023-09-01T13:34:51.555+0900] {dag.py:2907} INFO - Sync 2 DAGs
[2023-09-01T13:34:51.564+0900] {logging_mixin.py:151} INFO - [2023-09-01T13:34:51.564+0900] {dag.py:3677} INFO - Setting next_dagrun for example_xcom_args to None, run_after=None
[2023-09-01T13:34:51.566+0900] {logging_mixin.py:151} INFO - [2023-09-01T13:34:51.566+0900] {dag.py:3677} INFO - Setting next_dagrun for example_xcom_args_with_operators to None, run_after=None
[2023-09-01T13:34:51.577+0900] {processor.py:179} INFO - Processing /usr/local/lib/python3.8/dist-packages/airflow/example_dags/example_xcomargs.py took 0.050 seconds
[2023-09-01T13:35:35.228+0900] {processor.py:157} INFO - Started process (PID=20049) to work on /usr/local/lib/python3.8/dist-packages/airflow/example_dags/example_xcomargs.py
[2023-09-01T13:35:35.231+0900] {processor.py:829} INFO - Processing file /usr/local/lib/python3.8/dist-packages/airflow/example_dags/example_xcomargs.py for tasks to queue
[2023-09-01T13:35:35.233+0900] {logging_mixin.py:151} INFO - [2023-09-01T13:35:35.232+0900] {dagbag.py:539} INFO - Filling up the DagBag from /usr/local/lib/python3.8/dist-packages/airflow/example_dags/example_xcomargs.py
[2023-09-01T13:35:35.243+0900] {processor.py:839} INFO - DAG(s) dict_keys(['example_xcom_args_with_operators', 'example_xcom_args']) retrieved from /usr/local/lib/python3.8/dist-packages/airflow/example_dags/example_xcomargs.py
[2023-09-01T13:35:35.257+0900] {logging_mixin.py:151} INFO - [2023-09-01T13:35:35.257+0900] {dag.py:2907} INFO - Sync 2 DAGs
[2023-09-01T13:35:35.267+0900] {logging_mixin.py:151} INFO - [2023-09-01T13:35:35.267+0900] {dag.py:3677} INFO - Setting next_dagrun for example_xcom_args to None, run_after=None
[2023-09-01T13:35:35.269+0900] {logging_mixin.py:151} INFO - [2023-09-01T13:35:35.269+0900] {dag.py:3677} INFO - Setting next_dagrun for example_xcom_args_with_operators to None, run_after=None
[2023-09-01T13:35:35.281+0900] {processor.py:179} INFO - Processing /usr/local/lib/python3.8/dist-packages/airflow/example_dags/example_xcomargs.py took 0.065 seconds
[2023-09-01T13:36:21.607+0900] {processor.py:157} INFO - Started process (PID=20499) to work on /usr/local/lib/python3.8/dist-packages/airflow/example_dags/example_xcomargs.py
[2023-09-01T13:36:21.609+0900] {processor.py:829} INFO - Processing file /usr/local/lib/python3.8/dist-packages/airflow/example_dags/example_xcomargs.py for tasks to queue
[2023-09-01T13:36:21.610+0900] {logging_mixin.py:151} INFO - [2023-09-01T13:36:21.609+0900] {dagbag.py:539} INFO - Filling up the DagBag from /usr/local/lib/python3.8/dist-packages/airflow/example_dags/example_xcomargs.py
[2023-09-01T13:36:21.620+0900] {processor.py:839} INFO - DAG(s) dict_keys(['example_xcom_args', 'example_xcom_args_with_operators']) retrieved from /usr/local/lib/python3.8/dist-packages/airflow/example_dags/example_xcomargs.py
[2023-09-01T13:36:21.638+0900] {logging_mixin.py:151} INFO - [2023-09-01T13:36:21.638+0900] {dag.py:2907} INFO - Sync 2 DAGs
[2023-09-01T13:36:21.649+0900] {logging_mixin.py:151} INFO - [2023-09-01T13:36:21.648+0900] {dag.py:3677} INFO - Setting next_dagrun for example_xcom_args to None, run_after=None
[2023-09-01T13:36:21.651+0900] {logging_mixin.py:151} INFO - [2023-09-01T13:36:21.651+0900] {dag.py:3677} INFO - Setting next_dagrun for example_xcom_args_with_operators to None, run_after=None
[2023-09-01T13:36:21.664+0900] {processor.py:179} INFO - Processing /usr/local/lib/python3.8/dist-packages/airflow/example_dags/example_xcomargs.py took 0.060 seconds
[2023-09-01T13:37:08.930+0900] {processor.py:157} INFO - Started process (PID=20960) to work on /usr/local/lib/python3.8/dist-packages/airflow/example_dags/example_xcomargs.py
[2023-09-01T13:37:08.932+0900] {processor.py:829} INFO - Processing file /usr/local/lib/python3.8/dist-packages/airflow/example_dags/example_xcomargs.py for tasks to queue
[2023-09-01T13:37:08.933+0900] {logging_mixin.py:151} INFO - [2023-09-01T13:37:08.932+0900] {dagbag.py:539} INFO - Filling up the DagBag from /usr/local/lib/python3.8/dist-packages/airflow/example_dags/example_xcomargs.py
[2023-09-01T13:37:08.944+0900] {processor.py:839} INFO - DAG(s) dict_keys(['example_xcom_args', 'example_xcom_args_with_operators']) retrieved from /usr/local/lib/python3.8/dist-packages/airflow/example_dags/example_xcomargs.py
[2023-09-01T13:37:08.962+0900] {logging_mixin.py:151} INFO - [2023-09-01T13:37:08.962+0900] {dag.py:2907} INFO - Sync 2 DAGs
[2023-09-01T13:37:08.970+0900] {logging_mixin.py:151} INFO - [2023-09-01T13:37:08.970+0900] {dag.py:3677} INFO - Setting next_dagrun for example_xcom_args to None, run_after=None
[2023-09-01T13:37:08.972+0900] {logging_mixin.py:151} INFO - [2023-09-01T13:37:08.972+0900] {dag.py:3677} INFO - Setting next_dagrun for example_xcom_args_with_operators to None, run_after=None
[2023-09-01T13:37:08.983+0900] {processor.py:179} INFO - Processing /usr/local/lib/python3.8/dist-packages/airflow/example_dags/example_xcomargs.py took 0.058 seconds
[2023-09-01T13:37:56.470+0900] {processor.py:157} INFO - Started process (PID=21405) to work on /usr/local/lib/python3.8/dist-packages/airflow/example_dags/example_xcomargs.py
[2023-09-01T13:37:56.471+0900] {processor.py:829} INFO - Processing file /usr/local/lib/python3.8/dist-packages/airflow/example_dags/example_xcomargs.py for tasks to queue
[2023-09-01T13:37:56.472+0900] {logging_mixin.py:151} INFO - [2023-09-01T13:37:56.472+0900] {dagbag.py:539} INFO - Filling up the DagBag from /usr/local/lib/python3.8/dist-packages/airflow/example_dags/example_xcomargs.py
[2023-09-01T13:37:56.483+0900] {processor.py:839} INFO - DAG(s) dict_keys(['example_xcom_args_with_operators', 'example_xcom_args']) retrieved from /usr/local/lib/python3.8/dist-packages/airflow/example_dags/example_xcomargs.py
[2023-09-01T13:37:56.499+0900] {logging_mixin.py:151} INFO - [2023-09-01T13:37:56.499+0900] {dag.py:2907} INFO - Sync 2 DAGs
[2023-09-01T13:37:56.506+0900] {logging_mixin.py:151} INFO - [2023-09-01T13:37:56.506+0900] {dag.py:3677} INFO - Setting next_dagrun for example_xcom_args to None, run_after=None
[2023-09-01T13:37:56.507+0900] {logging_mixin.py:151} INFO - [2023-09-01T13:37:56.507+0900] {dag.py:3677} INFO - Setting next_dagrun for example_xcom_args_with_operators to None, run_after=None
[2023-09-01T13:37:56.516+0900] {processor.py:179} INFO - Processing /usr/local/lib/python3.8/dist-packages/airflow/example_dags/example_xcomargs.py took 0.053 seconds
[2023-09-01T13:38:40.373+0900] {processor.py:157} INFO - Started process (PID=21835) to work on /usr/local/lib/python3.8/dist-packages/airflow/example_dags/example_xcomargs.py
[2023-09-01T13:38:40.374+0900] {processor.py:829} INFO - Processing file /usr/local/lib/python3.8/dist-packages/airflow/example_dags/example_xcomargs.py for tasks to queue
[2023-09-01T13:38:40.376+0900] {logging_mixin.py:151} INFO - [2023-09-01T13:38:40.375+0900] {dagbag.py:539} INFO - Filling up the DagBag from /usr/local/lib/python3.8/dist-packages/airflow/example_dags/example_xcomargs.py
[2023-09-01T13:38:40.386+0900] {processor.py:839} INFO - DAG(s) dict_keys(['example_xcom_args', 'example_xcom_args_with_operators']) retrieved from /usr/local/lib/python3.8/dist-packages/airflow/example_dags/example_xcomargs.py
[2023-09-01T13:38:40.403+0900] {logging_mixin.py:151} INFO - [2023-09-01T13:38:40.403+0900] {dag.py:2907} INFO - Sync 2 DAGs
[2023-09-01T13:38:40.412+0900] {logging_mixin.py:151} INFO - [2023-09-01T13:38:40.412+0900] {dag.py:3677} INFO - Setting next_dagrun for example_xcom_args to None, run_after=None
[2023-09-01T13:38:40.413+0900] {logging_mixin.py:151} INFO - [2023-09-01T13:38:40.413+0900] {dag.py:3677} INFO - Setting next_dagrun for example_xcom_args_with_operators to None, run_after=None
[2023-09-01T13:38:40.423+0900] {processor.py:179} INFO - Processing /usr/local/lib/python3.8/dist-packages/airflow/example_dags/example_xcomargs.py took 0.055 seconds
