[2023-09-01T13:08:04.576+0900] {processor.py:157} INFO - Started process (PID=2276) to work on /usr/local/lib/python3.8/dist-packages/airflow/example_dags/example_branch_day_of_week_operator.py
[2023-09-01T13:08:04.577+0900] {processor.py:829} INFO - Processing file /usr/local/lib/python3.8/dist-packages/airflow/example_dags/example_branch_day_of_week_operator.py for tasks to queue
[2023-09-01T13:08:04.578+0900] {logging_mixin.py:151} INFO - [2023-09-01T13:08:04.577+0900] {dagbag.py:539} INFO - Filling up the DagBag from /usr/local/lib/python3.8/dist-packages/airflow/example_dags/example_branch_day_of_week_operator.py
[2023-09-01T13:08:04.588+0900] {processor.py:839} INFO - DAG(s) dict_keys(['example_weekday_branch_operator']) retrieved from /usr/local/lib/python3.8/dist-packages/airflow/example_dags/example_branch_day_of_week_operator.py
[2023-09-01T13:08:04.645+0900] {logging_mixin.py:151} INFO - [2023-09-01T13:08:04.645+0900] {manager.py:501} INFO - Created Permission View: can delete on DAG:example_weekday_branch_operator
[2023-09-01T13:08:04.649+0900] {logging_mixin.py:151} INFO - [2023-09-01T13:08:04.649+0900] {manager.py:501} INFO - Created Permission View: can read on DAG:example_weekday_branch_operator
[2023-09-01T13:08:04.653+0900] {logging_mixin.py:151} INFO - [2023-09-01T13:08:04.652+0900] {manager.py:501} INFO - Created Permission View: can edit on DAG:example_weekday_branch_operator
[2023-09-01T13:08:04.658+0900] {logging_mixin.py:151} INFO - [2023-09-01T13:08:04.658+0900] {dag.py:2907} INFO - Sync 1 DAGs
[2023-09-01T13:08:04.661+0900] {logging_mixin.py:151} INFO - [2023-09-01T13:08:04.661+0900] {dag.py:2929} INFO - Creating ORM DAG for example_weekday_branch_operator
[2023-09-01T13:08:04.665+0900] {logging_mixin.py:151} INFO - [2023-09-01T13:08:04.665+0900] {dag.py:3677} INFO - Setting next_dagrun for example_weekday_branch_operator to 2023-08-31T00:00:00+00:00, run_after=2023-09-01T00:00:00+00:00
[2023-09-01T13:08:04.673+0900] {processor.py:179} INFO - Processing /usr/local/lib/python3.8/dist-packages/airflow/example_dags/example_branch_day_of_week_operator.py took 0.101 seconds
[2023-09-01T13:09:02.264+0900] {processor.py:157} INFO - Started process (PID=4051) to work on /usr/local/lib/python3.8/dist-packages/airflow/example_dags/example_branch_day_of_week_operator.py
[2023-09-01T13:09:02.265+0900] {processor.py:829} INFO - Processing file /usr/local/lib/python3.8/dist-packages/airflow/example_dags/example_branch_day_of_week_operator.py for tasks to queue
[2023-09-01T13:09:02.267+0900] {logging_mixin.py:151} INFO - [2023-09-01T13:09:02.266+0900] {dagbag.py:539} INFO - Filling up the DagBag from /usr/local/lib/python3.8/dist-packages/airflow/example_dags/example_branch_day_of_week_operator.py
[2023-09-01T13:09:02.278+0900] {processor.py:839} INFO - DAG(s) dict_keys(['example_weekday_branch_operator']) retrieved from /usr/local/lib/python3.8/dist-packages/airflow/example_dags/example_branch_day_of_week_operator.py
[2023-09-01T13:09:02.295+0900] {logging_mixin.py:151} INFO - [2023-09-01T13:09:02.295+0900] {dag.py:2907} INFO - Sync 1 DAGs
[2023-09-01T13:09:02.309+0900] {logging_mixin.py:151} INFO - [2023-09-01T13:09:02.309+0900] {dag.py:3677} INFO - Setting next_dagrun for example_weekday_branch_operator to 2023-08-31T00:00:00+00:00, run_after=2023-09-01T00:00:00+00:00
[2023-09-01T13:09:02.322+0900] {processor.py:179} INFO - Processing /usr/local/lib/python3.8/dist-packages/airflow/example_dags/example_branch_day_of_week_operator.py took 0.066 seconds
[2023-09-01T13:09:49.652+0900] {processor.py:157} INFO - Started process (PID=4512) to work on /usr/local/lib/python3.8/dist-packages/airflow/example_dags/example_branch_day_of_week_operator.py
[2023-09-01T13:09:49.653+0900] {processor.py:829} INFO - Processing file /usr/local/lib/python3.8/dist-packages/airflow/example_dags/example_branch_day_of_week_operator.py for tasks to queue
[2023-09-01T13:09:49.655+0900] {logging_mixin.py:151} INFO - [2023-09-01T13:09:49.654+0900] {dagbag.py:539} INFO - Filling up the DagBag from /usr/local/lib/python3.8/dist-packages/airflow/example_dags/example_branch_day_of_week_operator.py
[2023-09-01T13:09:49.666+0900] {processor.py:839} INFO - DAG(s) dict_keys(['example_weekday_branch_operator']) retrieved from /usr/local/lib/python3.8/dist-packages/airflow/example_dags/example_branch_day_of_week_operator.py
[2023-09-01T13:09:49.683+0900] {logging_mixin.py:151} INFO - [2023-09-01T13:09:49.682+0900] {dag.py:2907} INFO - Sync 1 DAGs
[2023-09-01T13:09:49.696+0900] {logging_mixin.py:151} INFO - [2023-09-01T13:09:49.696+0900] {dag.py:3677} INFO - Setting next_dagrun for example_weekday_branch_operator to 2023-08-31T00:00:00+00:00, run_after=2023-09-01T00:00:00+00:00
[2023-09-01T13:09:49.707+0900] {processor.py:179} INFO - Processing /usr/local/lib/python3.8/dist-packages/airflow/example_dags/example_branch_day_of_week_operator.py took 0.061 seconds
[2023-09-01T13:10:37.997+0900] {processor.py:157} INFO - Started process (PID=4986) to work on /usr/local/lib/python3.8/dist-packages/airflow/example_dags/example_branch_day_of_week_operator.py
[2023-09-01T13:10:37.999+0900] {processor.py:829} INFO - Processing file /usr/local/lib/python3.8/dist-packages/airflow/example_dags/example_branch_day_of_week_operator.py for tasks to queue
[2023-09-01T13:10:38.000+0900] {logging_mixin.py:151} INFO - [2023-09-01T13:10:38.000+0900] {dagbag.py:539} INFO - Filling up the DagBag from /usr/local/lib/python3.8/dist-packages/airflow/example_dags/example_branch_day_of_week_operator.py
[2023-09-01T13:10:38.009+0900] {processor.py:839} INFO - DAG(s) dict_keys(['example_weekday_branch_operator']) retrieved from /usr/local/lib/python3.8/dist-packages/airflow/example_dags/example_branch_day_of_week_operator.py
[2023-09-01T13:10:38.028+0900] {logging_mixin.py:151} INFO - [2023-09-01T13:10:38.028+0900] {dag.py:2907} INFO - Sync 1 DAGs
[2023-09-01T13:10:38.043+0900] {logging_mixin.py:151} INFO - [2023-09-01T13:10:38.043+0900] {dag.py:3677} INFO - Setting next_dagrun for example_weekday_branch_operator to 2023-08-31T00:00:00+00:00, run_after=2023-09-01T00:00:00+00:00
[2023-09-01T13:10:38.054+0900] {processor.py:179} INFO - Processing /usr/local/lib/python3.8/dist-packages/airflow/example_dags/example_branch_day_of_week_operator.py took 0.062 seconds
[2023-09-01T13:11:28.529+0900] {processor.py:157} INFO - Started process (PID=5499) to work on /usr/local/lib/python3.8/dist-packages/airflow/example_dags/example_branch_day_of_week_operator.py
[2023-09-01T13:11:28.530+0900] {processor.py:829} INFO - Processing file /usr/local/lib/python3.8/dist-packages/airflow/example_dags/example_branch_day_of_week_operator.py for tasks to queue
[2023-09-01T13:11:28.531+0900] {logging_mixin.py:151} INFO - [2023-09-01T13:11:28.530+0900] {dagbag.py:539} INFO - Filling up the DagBag from /usr/local/lib/python3.8/dist-packages/airflow/example_dags/example_branch_day_of_week_operator.py
[2023-09-01T13:11:28.539+0900] {processor.py:839} INFO - DAG(s) dict_keys(['example_weekday_branch_operator']) retrieved from /usr/local/lib/python3.8/dist-packages/airflow/example_dags/example_branch_day_of_week_operator.py
[2023-09-01T13:11:28.557+0900] {logging_mixin.py:151} INFO - [2023-09-01T13:11:28.556+0900] {dag.py:2907} INFO - Sync 1 DAGs
[2023-09-01T13:11:28.568+0900] {logging_mixin.py:151} INFO - [2023-09-01T13:11:28.568+0900] {dag.py:3677} INFO - Setting next_dagrun for example_weekday_branch_operator to 2023-08-31T00:00:00+00:00, run_after=2023-09-01T00:00:00+00:00
[2023-09-01T13:11:28.579+0900] {processor.py:179} INFO - Processing /usr/local/lib/python3.8/dist-packages/airflow/example_dags/example_branch_day_of_week_operator.py took 0.054 seconds
[2023-09-01T13:13:17.829+0900] {processor.py:157} INFO - Started process (PID=6123) to work on /usr/local/lib/python3.8/dist-packages/airflow/example_dags/example_branch_day_of_week_operator.py
[2023-09-01T13:13:17.830+0900] {processor.py:829} INFO - Processing file /usr/local/lib/python3.8/dist-packages/airflow/example_dags/example_branch_day_of_week_operator.py for tasks to queue
[2023-09-01T13:13:17.832+0900] {logging_mixin.py:151} INFO - [2023-09-01T13:13:17.831+0900] {dagbag.py:539} INFO - Filling up the DagBag from /usr/local/lib/python3.8/dist-packages/airflow/example_dags/example_branch_day_of_week_operator.py
[2023-09-01T13:13:17.841+0900] {processor.py:839} INFO - DAG(s) dict_keys(['example_weekday_branch_operator']) retrieved from /usr/local/lib/python3.8/dist-packages/airflow/example_dags/example_branch_day_of_week_operator.py
[2023-09-01T13:13:17.859+0900] {logging_mixin.py:151} INFO - [2023-09-01T13:13:17.858+0900] {dag.py:2907} INFO - Sync 1 DAGs
[2023-09-01T13:13:17.871+0900] {logging_mixin.py:151} INFO - [2023-09-01T13:13:17.871+0900] {dag.py:3677} INFO - Setting next_dagrun for example_weekday_branch_operator to 2023-08-31T00:00:00+00:00, run_after=2023-09-01T00:00:00+00:00
[2023-09-01T13:13:17.882+0900] {processor.py:179} INFO - Processing /usr/local/lib/python3.8/dist-packages/airflow/example_dags/example_branch_day_of_week_operator.py took 0.059 seconds
[2023-09-01T13:14:14.555+0900] {processor.py:157} INFO - Started process (PID=6666) to work on /usr/local/lib/python3.8/dist-packages/airflow/example_dags/example_branch_day_of_week_operator.py
[2023-09-01T13:14:14.556+0900] {processor.py:829} INFO - Processing file /usr/local/lib/python3.8/dist-packages/airflow/example_dags/example_branch_day_of_week_operator.py for tasks to queue
[2023-09-01T13:14:14.557+0900] {logging_mixin.py:151} INFO - [2023-09-01T13:14:14.556+0900] {dagbag.py:539} INFO - Filling up the DagBag from /usr/local/lib/python3.8/dist-packages/airflow/example_dags/example_branch_day_of_week_operator.py
[2023-09-01T13:14:14.563+0900] {processor.py:839} INFO - DAG(s) dict_keys(['example_weekday_branch_operator']) retrieved from /usr/local/lib/python3.8/dist-packages/airflow/example_dags/example_branch_day_of_week_operator.py
[2023-09-01T13:14:14.577+0900] {logging_mixin.py:151} INFO - [2023-09-01T13:14:14.577+0900] {dag.py:2907} INFO - Sync 1 DAGs
[2023-09-01T13:14:14.590+0900] {logging_mixin.py:151} INFO - [2023-09-01T13:14:14.590+0900] {dag.py:3677} INFO - Setting next_dagrun for example_weekday_branch_operator to 2023-08-31T00:00:00+00:00, run_after=2023-09-01T00:00:00+00:00
[2023-09-01T13:14:14.603+0900] {processor.py:179} INFO - Processing /usr/local/lib/python3.8/dist-packages/airflow/example_dags/example_branch_day_of_week_operator.py took 0.051 seconds
[2023-09-01T13:14:58.951+0900] {processor.py:157} INFO - Started process (PID=7628) to work on /usr/local/lib/python3.8/dist-packages/airflow/example_dags/example_branch_day_of_week_operator.py
[2023-09-01T13:14:58.953+0900] {processor.py:829} INFO - Processing file /usr/local/lib/python3.8/dist-packages/airflow/example_dags/example_branch_day_of_week_operator.py for tasks to queue
[2023-09-01T13:14:58.954+0900] {logging_mixin.py:151} INFO - [2023-09-01T13:14:58.953+0900] {dagbag.py:539} INFO - Filling up the DagBag from /usr/local/lib/python3.8/dist-packages/airflow/example_dags/example_branch_day_of_week_operator.py
[2023-09-01T13:14:58.964+0900] {processor.py:839} INFO - DAG(s) dict_keys(['example_weekday_branch_operator']) retrieved from /usr/local/lib/python3.8/dist-packages/airflow/example_dags/example_branch_day_of_week_operator.py
[2023-09-01T13:14:58.982+0900] {logging_mixin.py:151} INFO - [2023-09-01T13:14:58.981+0900] {dag.py:2907} INFO - Sync 1 DAGs
[2023-09-01T13:14:58.995+0900] {logging_mixin.py:151} INFO - [2023-09-01T13:14:58.995+0900] {dag.py:3677} INFO - Setting next_dagrun for example_weekday_branch_operator to 2023-08-31T00:00:00+00:00, run_after=2023-09-01T00:00:00+00:00
[2023-09-01T13:14:59.007+0900] {processor.py:179} INFO - Processing /usr/local/lib/python3.8/dist-packages/airflow/example_dags/example_branch_day_of_week_operator.py took 0.061 seconds
[2023-09-01T13:15:43.312+0900] {processor.py:157} INFO - Started process (PID=8133) to work on /usr/local/lib/python3.8/dist-packages/airflow/example_dags/example_branch_day_of_week_operator.py
[2023-09-01T13:15:43.312+0900] {processor.py:829} INFO - Processing file /usr/local/lib/python3.8/dist-packages/airflow/example_dags/example_branch_day_of_week_operator.py for tasks to queue
[2023-09-01T13:15:43.313+0900] {logging_mixin.py:151} INFO - [2023-09-01T13:15:43.313+0900] {dagbag.py:539} INFO - Filling up the DagBag from /usr/local/lib/python3.8/dist-packages/airflow/example_dags/example_branch_day_of_week_operator.py
[2023-09-01T13:15:43.318+0900] {processor.py:839} INFO - DAG(s) dict_keys(['example_weekday_branch_operator']) retrieved from /usr/local/lib/python3.8/dist-packages/airflow/example_dags/example_branch_day_of_week_operator.py
[2023-09-01T13:15:43.330+0900] {logging_mixin.py:151} INFO - [2023-09-01T13:15:43.330+0900] {dag.py:2907} INFO - Sync 1 DAGs
[2023-09-01T13:15:43.341+0900] {logging_mixin.py:151} INFO - [2023-09-01T13:15:43.341+0900] {dag.py:3677} INFO - Setting next_dagrun for example_weekday_branch_operator to 2023-08-31T00:00:00+00:00, run_after=2023-09-01T00:00:00+00:00
[2023-09-01T13:15:43.351+0900] {processor.py:179} INFO - Processing /usr/local/lib/python3.8/dist-packages/airflow/example_dags/example_branch_day_of_week_operator.py took 0.042 seconds
[2023-09-01T13:16:29.819+0900] {processor.py:157} INFO - Started process (PID=8587) to work on /usr/local/lib/python3.8/dist-packages/airflow/example_dags/example_branch_day_of_week_operator.py
[2023-09-01T13:16:29.821+0900] {processor.py:829} INFO - Processing file /usr/local/lib/python3.8/dist-packages/airflow/example_dags/example_branch_day_of_week_operator.py for tasks to queue
[2023-09-01T13:16:29.822+0900] {logging_mixin.py:151} INFO - [2023-09-01T13:16:29.821+0900] {dagbag.py:539} INFO - Filling up the DagBag from /usr/local/lib/python3.8/dist-packages/airflow/example_dags/example_branch_day_of_week_operator.py
[2023-09-01T13:16:29.829+0900] {processor.py:839} INFO - DAG(s) dict_keys(['example_weekday_branch_operator']) retrieved from /usr/local/lib/python3.8/dist-packages/airflow/example_dags/example_branch_day_of_week_operator.py
[2023-09-01T13:16:29.844+0900] {logging_mixin.py:151} INFO - [2023-09-01T13:16:29.844+0900] {dag.py:2907} INFO - Sync 1 DAGs
[2023-09-01T13:16:29.856+0900] {logging_mixin.py:151} INFO - [2023-09-01T13:16:29.856+0900] {dag.py:3677} INFO - Setting next_dagrun for example_weekday_branch_operator to 2023-08-31T00:00:00+00:00, run_after=2023-09-01T00:00:00+00:00
[2023-09-01T13:16:29.866+0900] {processor.py:179} INFO - Processing /usr/local/lib/python3.8/dist-packages/airflow/example_dags/example_branch_day_of_week_operator.py took 0.050 seconds
[2023-09-01T13:17:15.898+0900] {processor.py:157} INFO - Started process (PID=9031) to work on /usr/local/lib/python3.8/dist-packages/airflow/example_dags/example_branch_day_of_week_operator.py
[2023-09-01T13:17:15.899+0900] {processor.py:829} INFO - Processing file /usr/local/lib/python3.8/dist-packages/airflow/example_dags/example_branch_day_of_week_operator.py for tasks to queue
[2023-09-01T13:17:15.901+0900] {logging_mixin.py:151} INFO - [2023-09-01T13:17:15.900+0900] {dagbag.py:539} INFO - Filling up the DagBag from /usr/local/lib/python3.8/dist-packages/airflow/example_dags/example_branch_day_of_week_operator.py
[2023-09-01T13:17:15.911+0900] {processor.py:839} INFO - DAG(s) dict_keys(['example_weekday_branch_operator']) retrieved from /usr/local/lib/python3.8/dist-packages/airflow/example_dags/example_branch_day_of_week_operator.py
[2023-09-01T13:17:15.927+0900] {logging_mixin.py:151} INFO - [2023-09-01T13:17:15.927+0900] {dag.py:2907} INFO - Sync 1 DAGs
[2023-09-01T13:17:15.941+0900] {logging_mixin.py:151} INFO - [2023-09-01T13:17:15.941+0900] {dag.py:3677} INFO - Setting next_dagrun for example_weekday_branch_operator to 2023-08-31T00:00:00+00:00, run_after=2023-09-01T00:00:00+00:00
[2023-09-01T13:17:15.952+0900] {processor.py:179} INFO - Processing /usr/local/lib/python3.8/dist-packages/airflow/example_dags/example_branch_day_of_week_operator.py took 0.060 seconds
[2023-09-01T13:18:02.665+0900] {processor.py:157} INFO - Started process (PID=9502) to work on /usr/local/lib/python3.8/dist-packages/airflow/example_dags/example_branch_day_of_week_operator.py
[2023-09-01T13:18:02.666+0900] {processor.py:829} INFO - Processing file /usr/local/lib/python3.8/dist-packages/airflow/example_dags/example_branch_day_of_week_operator.py for tasks to queue
[2023-09-01T13:18:02.667+0900] {logging_mixin.py:151} INFO - [2023-09-01T13:18:02.667+0900] {dagbag.py:539} INFO - Filling up the DagBag from /usr/local/lib/python3.8/dist-packages/airflow/example_dags/example_branch_day_of_week_operator.py
[2023-09-01T13:18:02.674+0900] {processor.py:839} INFO - DAG(s) dict_keys(['example_weekday_branch_operator']) retrieved from /usr/local/lib/python3.8/dist-packages/airflow/example_dags/example_branch_day_of_week_operator.py
[2023-09-01T13:18:02.689+0900] {logging_mixin.py:151} INFO - [2023-09-01T13:18:02.689+0900] {dag.py:2907} INFO - Sync 1 DAGs
[2023-09-01T13:18:02.700+0900] {logging_mixin.py:151} INFO - [2023-09-01T13:18:02.699+0900] {dag.py:3677} INFO - Setting next_dagrun for example_weekday_branch_operator to 2023-08-31T00:00:00+00:00, run_after=2023-09-01T00:00:00+00:00
[2023-09-01T13:18:02.709+0900] {processor.py:179} INFO - Processing /usr/local/lib/python3.8/dist-packages/airflow/example_dags/example_branch_day_of_week_operator.py took 0.048 seconds
[2023-09-01T13:18:47.382+0900] {processor.py:157} INFO - Started process (PID=9961) to work on /usr/local/lib/python3.8/dist-packages/airflow/example_dags/example_branch_day_of_week_operator.py
[2023-09-01T13:18:47.384+0900] {processor.py:829} INFO - Processing file /usr/local/lib/python3.8/dist-packages/airflow/example_dags/example_branch_day_of_week_operator.py for tasks to queue
[2023-09-01T13:18:47.385+0900] {logging_mixin.py:151} INFO - [2023-09-01T13:18:47.385+0900] {dagbag.py:539} INFO - Filling up the DagBag from /usr/local/lib/python3.8/dist-packages/airflow/example_dags/example_branch_day_of_week_operator.py
[2023-09-01T13:18:47.391+0900] {processor.py:839} INFO - DAG(s) dict_keys(['example_weekday_branch_operator']) retrieved from /usr/local/lib/python3.8/dist-packages/airflow/example_dags/example_branch_day_of_week_operator.py
[2023-09-01T13:18:47.406+0900] {logging_mixin.py:151} INFO - [2023-09-01T13:18:47.406+0900] {dag.py:2907} INFO - Sync 1 DAGs
[2023-09-01T13:18:47.422+0900] {logging_mixin.py:151} INFO - [2023-09-01T13:18:47.421+0900] {dag.py:3677} INFO - Setting next_dagrun for example_weekday_branch_operator to 2023-08-31T00:00:00+00:00, run_after=2023-09-01T00:00:00+00:00
[2023-09-01T13:18:47.435+0900] {processor.py:179} INFO - Processing /usr/local/lib/python3.8/dist-packages/airflow/example_dags/example_branch_day_of_week_operator.py took 0.057 seconds
[2023-09-01T13:19:32.840+0900] {processor.py:157} INFO - Started process (PID=10406) to work on /usr/local/lib/python3.8/dist-packages/airflow/example_dags/example_branch_day_of_week_operator.py
[2023-09-01T13:19:32.841+0900] {processor.py:829} INFO - Processing file /usr/local/lib/python3.8/dist-packages/airflow/example_dags/example_branch_day_of_week_operator.py for tasks to queue
[2023-09-01T13:19:32.843+0900] {logging_mixin.py:151} INFO - [2023-09-01T13:19:32.842+0900] {dagbag.py:539} INFO - Filling up the DagBag from /usr/local/lib/python3.8/dist-packages/airflow/example_dags/example_branch_day_of_week_operator.py
[2023-09-01T13:19:32.854+0900] {processor.py:839} INFO - DAG(s) dict_keys(['example_weekday_branch_operator']) retrieved from /usr/local/lib/python3.8/dist-packages/airflow/example_dags/example_branch_day_of_week_operator.py
[2023-09-01T13:19:32.874+0900] {logging_mixin.py:151} INFO - [2023-09-01T13:19:32.874+0900] {dag.py:2907} INFO - Sync 1 DAGs
[2023-09-01T13:19:32.888+0900] {logging_mixin.py:151} INFO - [2023-09-01T13:19:32.887+0900] {dag.py:3677} INFO - Setting next_dagrun for example_weekday_branch_operator to 2023-08-31T00:00:00+00:00, run_after=2023-09-01T00:00:00+00:00
[2023-09-01T13:19:32.898+0900] {processor.py:179} INFO - Processing /usr/local/lib/python3.8/dist-packages/airflow/example_dags/example_branch_day_of_week_operator.py took 0.065 seconds
[2023-09-01T13:20:16.388+0900] {processor.py:157} INFO - Started process (PID=10825) to work on /usr/local/lib/python3.8/dist-packages/airflow/example_dags/example_branch_day_of_week_operator.py
[2023-09-01T13:20:16.389+0900] {processor.py:829} INFO - Processing file /usr/local/lib/python3.8/dist-packages/airflow/example_dags/example_branch_day_of_week_operator.py for tasks to queue
[2023-09-01T13:20:16.391+0900] {logging_mixin.py:151} INFO - [2023-09-01T13:20:16.390+0900] {dagbag.py:539} INFO - Filling up the DagBag from /usr/local/lib/python3.8/dist-packages/airflow/example_dags/example_branch_day_of_week_operator.py
[2023-09-01T13:20:16.401+0900] {processor.py:839} INFO - DAG(s) dict_keys(['example_weekday_branch_operator']) retrieved from /usr/local/lib/python3.8/dist-packages/airflow/example_dags/example_branch_day_of_week_operator.py
[2023-09-01T13:20:16.420+0900] {logging_mixin.py:151} INFO - [2023-09-01T13:20:16.420+0900] {dag.py:2907} INFO - Sync 1 DAGs
[2023-09-01T13:20:16.434+0900] {logging_mixin.py:151} INFO - [2023-09-01T13:20:16.434+0900] {dag.py:3677} INFO - Setting next_dagrun for example_weekday_branch_operator to 2023-08-31T00:00:00+00:00, run_after=2023-09-01T00:00:00+00:00
[2023-09-01T13:20:16.445+0900] {processor.py:179} INFO - Processing /usr/local/lib/python3.8/dist-packages/airflow/example_dags/example_branch_day_of_week_operator.py took 0.061 seconds
[2023-09-01T13:21:02.563+0900] {processor.py:157} INFO - Started process (PID=11288) to work on /usr/local/lib/python3.8/dist-packages/airflow/example_dags/example_branch_day_of_week_operator.py
[2023-09-01T13:21:02.564+0900] {processor.py:829} INFO - Processing file /usr/local/lib/python3.8/dist-packages/airflow/example_dags/example_branch_day_of_week_operator.py for tasks to queue
[2023-09-01T13:21:02.566+0900] {logging_mixin.py:151} INFO - [2023-09-01T13:21:02.565+0900] {dagbag.py:539} INFO - Filling up the DagBag from /usr/local/lib/python3.8/dist-packages/airflow/example_dags/example_branch_day_of_week_operator.py
[2023-09-01T13:21:02.575+0900] {processor.py:839} INFO - DAG(s) dict_keys(['example_weekday_branch_operator']) retrieved from /usr/local/lib/python3.8/dist-packages/airflow/example_dags/example_branch_day_of_week_operator.py
[2023-09-01T13:21:02.593+0900] {logging_mixin.py:151} INFO - [2023-09-01T13:21:02.593+0900] {dag.py:2907} INFO - Sync 1 DAGs
[2023-09-01T13:21:02.606+0900] {logging_mixin.py:151} INFO - [2023-09-01T13:21:02.606+0900] {dag.py:3677} INFO - Setting next_dagrun for example_weekday_branch_operator to 2023-08-31T00:00:00+00:00, run_after=2023-09-01T00:00:00+00:00
[2023-09-01T13:21:02.618+0900] {processor.py:179} INFO - Processing /usr/local/lib/python3.8/dist-packages/airflow/example_dags/example_branch_day_of_week_operator.py took 0.060 seconds
[2023-09-01T13:22:04.806+0900] {processor.py:157} INFO - Started process (PID=11813) to work on /usr/local/lib/python3.8/dist-packages/airflow/example_dags/example_branch_day_of_week_operator.py
[2023-09-01T13:22:04.806+0900] {processor.py:829} INFO - Processing file /usr/local/lib/python3.8/dist-packages/airflow/example_dags/example_branch_day_of_week_operator.py for tasks to queue
[2023-09-01T13:22:04.807+0900] {logging_mixin.py:151} INFO - [2023-09-01T13:22:04.807+0900] {dagbag.py:539} INFO - Filling up the DagBag from /usr/local/lib/python3.8/dist-packages/airflow/example_dags/example_branch_day_of_week_operator.py
[2023-09-01T13:22:04.813+0900] {processor.py:839} INFO - DAG(s) dict_keys(['example_weekday_branch_operator']) retrieved from /usr/local/lib/python3.8/dist-packages/airflow/example_dags/example_branch_day_of_week_operator.py
[2023-09-01T13:22:04.825+0900] {logging_mixin.py:151} INFO - [2023-09-01T13:22:04.825+0900] {dag.py:2907} INFO - Sync 1 DAGs
[2023-09-01T13:22:04.835+0900] {logging_mixin.py:151} INFO - [2023-09-01T13:22:04.835+0900] {dag.py:3677} INFO - Setting next_dagrun for example_weekday_branch_operator to 2023-08-31T00:00:00+00:00, run_after=2023-09-01T00:00:00+00:00
[2023-09-01T13:22:04.844+0900] {processor.py:179} INFO - Processing /usr/local/lib/python3.8/dist-packages/airflow/example_dags/example_branch_day_of_week_operator.py took 0.041 seconds
[2023-09-01T13:23:01.679+0900] {processor.py:157} INFO - Started process (PID=12366) to work on /usr/local/lib/python3.8/dist-packages/airflow/example_dags/example_branch_day_of_week_operator.py
[2023-09-01T13:23:01.680+0900] {processor.py:829} INFO - Processing file /usr/local/lib/python3.8/dist-packages/airflow/example_dags/example_branch_day_of_week_operator.py for tasks to queue
[2023-09-01T13:23:01.682+0900] {logging_mixin.py:151} INFO - [2023-09-01T13:23:01.681+0900] {dagbag.py:539} INFO - Filling up the DagBag from /usr/local/lib/python3.8/dist-packages/airflow/example_dags/example_branch_day_of_week_operator.py
[2023-09-01T13:23:01.691+0900] {processor.py:839} INFO - DAG(s) dict_keys(['example_weekday_branch_operator']) retrieved from /usr/local/lib/python3.8/dist-packages/airflow/example_dags/example_branch_day_of_week_operator.py
[2023-09-01T13:23:01.708+0900] {logging_mixin.py:151} INFO - [2023-09-01T13:23:01.707+0900] {dag.py:2907} INFO - Sync 1 DAGs
[2023-09-01T13:23:01.721+0900] {logging_mixin.py:151} INFO - [2023-09-01T13:23:01.720+0900] {dag.py:3677} INFO - Setting next_dagrun for example_weekday_branch_operator to 2023-08-31T00:00:00+00:00, run_after=2023-09-01T00:00:00+00:00
[2023-09-01T13:23:01.731+0900] {processor.py:179} INFO - Processing /usr/local/lib/python3.8/dist-packages/airflow/example_dags/example_branch_day_of_week_operator.py took 0.058 seconds
[2023-09-01T13:23:57.575+0900] {processor.py:157} INFO - Started process (PID=12935) to work on /usr/local/lib/python3.8/dist-packages/airflow/example_dags/example_branch_day_of_week_operator.py
[2023-09-01T13:23:57.576+0900] {processor.py:829} INFO - Processing file /usr/local/lib/python3.8/dist-packages/airflow/example_dags/example_branch_day_of_week_operator.py for tasks to queue
[2023-09-01T13:23:57.578+0900] {logging_mixin.py:151} INFO - [2023-09-01T13:23:57.577+0900] {dagbag.py:539} INFO - Filling up the DagBag from /usr/local/lib/python3.8/dist-packages/airflow/example_dags/example_branch_day_of_week_operator.py
[2023-09-01T13:23:57.587+0900] {processor.py:839} INFO - DAG(s) dict_keys(['example_weekday_branch_operator']) retrieved from /usr/local/lib/python3.8/dist-packages/airflow/example_dags/example_branch_day_of_week_operator.py
[2023-09-01T13:23:57.601+0900] {logging_mixin.py:151} INFO - [2023-09-01T13:23:57.601+0900] {dag.py:2907} INFO - Sync 1 DAGs
[2023-09-01T13:23:57.613+0900] {logging_mixin.py:151} INFO - [2023-09-01T13:23:57.613+0900] {dag.py:3677} INFO - Setting next_dagrun for example_weekday_branch_operator to 2023-08-31T00:00:00+00:00, run_after=2023-09-01T00:00:00+00:00
[2023-09-01T13:23:57.624+0900] {processor.py:179} INFO - Processing /usr/local/lib/python3.8/dist-packages/airflow/example_dags/example_branch_day_of_week_operator.py took 0.054 seconds
[2023-09-01T13:24:46.542+0900] {processor.py:157} INFO - Started process (PID=13436) to work on /usr/local/lib/python3.8/dist-packages/airflow/example_dags/example_branch_day_of_week_operator.py
[2023-09-01T13:24:46.544+0900] {processor.py:829} INFO - Processing file /usr/local/lib/python3.8/dist-packages/airflow/example_dags/example_branch_day_of_week_operator.py for tasks to queue
[2023-09-01T13:24:46.545+0900] {logging_mixin.py:151} INFO - [2023-09-01T13:24:46.544+0900] {dagbag.py:539} INFO - Filling up the DagBag from /usr/local/lib/python3.8/dist-packages/airflow/example_dags/example_branch_day_of_week_operator.py
[2023-09-01T13:24:46.555+0900] {processor.py:839} INFO - DAG(s) dict_keys(['example_weekday_branch_operator']) retrieved from /usr/local/lib/python3.8/dist-packages/airflow/example_dags/example_branch_day_of_week_operator.py
[2023-09-01T13:24:46.573+0900] {logging_mixin.py:151} INFO - [2023-09-01T13:24:46.572+0900] {dag.py:2907} INFO - Sync 1 DAGs
[2023-09-01T13:24:46.586+0900] {logging_mixin.py:151} INFO - [2023-09-01T13:24:46.586+0900] {dag.py:3677} INFO - Setting next_dagrun for example_weekday_branch_operator to 2023-08-31T00:00:00+00:00, run_after=2023-09-01T00:00:00+00:00
[2023-09-01T13:24:46.597+0900] {processor.py:179} INFO - Processing /usr/local/lib/python3.8/dist-packages/airflow/example_dags/example_branch_day_of_week_operator.py took 0.060 seconds
[2023-09-01T13:26:25.141+0900] {processor.py:157} INFO - Started process (PID=14672) to work on /usr/local/lib/python3.8/dist-packages/airflow/example_dags/example_branch_day_of_week_operator.py
[2023-09-01T13:26:25.143+0900] {processor.py:829} INFO - Processing file /usr/local/lib/python3.8/dist-packages/airflow/example_dags/example_branch_day_of_week_operator.py for tasks to queue
[2023-09-01T13:26:25.144+0900] {logging_mixin.py:151} INFO - [2023-09-01T13:26:25.143+0900] {dagbag.py:539} INFO - Filling up the DagBag from /usr/local/lib/python3.8/dist-packages/airflow/example_dags/example_branch_day_of_week_operator.py
[2023-09-01T13:26:25.154+0900] {processor.py:839} INFO - DAG(s) dict_keys(['example_weekday_branch_operator']) retrieved from /usr/local/lib/python3.8/dist-packages/airflow/example_dags/example_branch_day_of_week_operator.py
[2023-09-01T13:26:25.170+0900] {logging_mixin.py:151} INFO - [2023-09-01T13:26:25.170+0900] {dag.py:2907} INFO - Sync 1 DAGs
[2023-09-01T13:26:25.183+0900] {logging_mixin.py:151} INFO - [2023-09-01T13:26:25.183+0900] {dag.py:3677} INFO - Setting next_dagrun for example_weekday_branch_operator to 2023-08-31T00:00:00+00:00, run_after=2023-09-01T00:00:00+00:00
[2023-09-01T13:26:25.194+0900] {processor.py:179} INFO - Processing /usr/local/lib/python3.8/dist-packages/airflow/example_dags/example_branch_day_of_week_operator.py took 0.057 seconds
[2023-09-01T13:27:10.528+0900] {processor.py:157} INFO - Started process (PID=15115) to work on /usr/local/lib/python3.8/dist-packages/airflow/example_dags/example_branch_day_of_week_operator.py
[2023-09-01T13:27:10.529+0900] {processor.py:829} INFO - Processing file /usr/local/lib/python3.8/dist-packages/airflow/example_dags/example_branch_day_of_week_operator.py for tasks to queue
[2023-09-01T13:27:10.531+0900] {logging_mixin.py:151} INFO - [2023-09-01T13:27:10.530+0900] {dagbag.py:539} INFO - Filling up the DagBag from /usr/local/lib/python3.8/dist-packages/airflow/example_dags/example_branch_day_of_week_operator.py
[2023-09-01T13:27:10.542+0900] {processor.py:839} INFO - DAG(s) dict_keys(['example_weekday_branch_operator']) retrieved from /usr/local/lib/python3.8/dist-packages/airflow/example_dags/example_branch_day_of_week_operator.py
[2023-09-01T13:27:10.561+0900] {logging_mixin.py:151} INFO - [2023-09-01T13:27:10.560+0900] {dag.py:2907} INFO - Sync 1 DAGs
[2023-09-01T13:27:10.574+0900] {logging_mixin.py:151} INFO - [2023-09-01T13:27:10.573+0900] {dag.py:3677} INFO - Setting next_dagrun for example_weekday_branch_operator to 2023-08-31T00:00:00+00:00, run_after=2023-09-01T00:00:00+00:00
[2023-09-01T13:27:10.585+0900] {processor.py:179} INFO - Processing /usr/local/lib/python3.8/dist-packages/airflow/example_dags/example_branch_day_of_week_operator.py took 0.063 seconds
[2023-09-01T13:27:54.924+0900] {processor.py:157} INFO - Started process (PID=15545) to work on /usr/local/lib/python3.8/dist-packages/airflow/example_dags/example_branch_day_of_week_operator.py
[2023-09-01T13:27:54.925+0900] {processor.py:829} INFO - Processing file /usr/local/lib/python3.8/dist-packages/airflow/example_dags/example_branch_day_of_week_operator.py for tasks to queue
[2023-09-01T13:27:54.925+0900] {logging_mixin.py:151} INFO - [2023-09-01T13:27:54.925+0900] {dagbag.py:539} INFO - Filling up the DagBag from /usr/local/lib/python3.8/dist-packages/airflow/example_dags/example_branch_day_of_week_operator.py
[2023-09-01T13:27:54.930+0900] {processor.py:839} INFO - DAG(s) dict_keys(['example_weekday_branch_operator']) retrieved from /usr/local/lib/python3.8/dist-packages/airflow/example_dags/example_branch_day_of_week_operator.py
[2023-09-01T13:27:54.939+0900] {logging_mixin.py:151} INFO - [2023-09-01T13:27:54.939+0900] {dag.py:2907} INFO - Sync 1 DAGs
[2023-09-01T13:27:54.947+0900] {logging_mixin.py:151} INFO - [2023-09-01T13:27:54.947+0900] {dag.py:3677} INFO - Setting next_dagrun for example_weekday_branch_operator to 2023-08-31T00:00:00+00:00, run_after=2023-09-01T00:00:00+00:00
[2023-09-01T13:27:54.957+0900] {processor.py:179} INFO - Processing /usr/local/lib/python3.8/dist-packages/airflow/example_dags/example_branch_day_of_week_operator.py took 0.035 seconds
[2023-09-01T13:28:40.145+0900] {processor.py:157} INFO - Started process (PID=15975) to work on /usr/local/lib/python3.8/dist-packages/airflow/example_dags/example_branch_day_of_week_operator.py
[2023-09-01T13:28:40.147+0900] {processor.py:829} INFO - Processing file /usr/local/lib/python3.8/dist-packages/airflow/example_dags/example_branch_day_of_week_operator.py for tasks to queue
[2023-09-01T13:28:40.148+0900] {logging_mixin.py:151} INFO - [2023-09-01T13:28:40.147+0900] {dagbag.py:539} INFO - Filling up the DagBag from /usr/local/lib/python3.8/dist-packages/airflow/example_dags/example_branch_day_of_week_operator.py
[2023-09-01T13:28:40.158+0900] {processor.py:839} INFO - DAG(s) dict_keys(['example_weekday_branch_operator']) retrieved from /usr/local/lib/python3.8/dist-packages/airflow/example_dags/example_branch_day_of_week_operator.py
[2023-09-01T13:28:40.174+0900] {logging_mixin.py:151} INFO - [2023-09-01T13:28:40.174+0900] {dag.py:2907} INFO - Sync 1 DAGs
[2023-09-01T13:28:40.187+0900] {logging_mixin.py:151} INFO - [2023-09-01T13:28:40.187+0900] {dag.py:3677} INFO - Setting next_dagrun for example_weekday_branch_operator to 2023-08-31T00:00:00+00:00, run_after=2023-09-01T00:00:00+00:00
[2023-09-01T13:28:40.198+0900] {processor.py:179} INFO - Processing /usr/local/lib/python3.8/dist-packages/airflow/example_dags/example_branch_day_of_week_operator.py took 0.058 seconds
[2023-09-01T13:29:27.870+0900] {processor.py:157} INFO - Started process (PID=16472) to work on /usr/local/lib/python3.8/dist-packages/airflow/example_dags/example_branch_day_of_week_operator.py
[2023-09-01T13:29:27.871+0900] {processor.py:829} INFO - Processing file /usr/local/lib/python3.8/dist-packages/airflow/example_dags/example_branch_day_of_week_operator.py for tasks to queue
[2023-09-01T13:29:27.872+0900] {logging_mixin.py:151} INFO - [2023-09-01T13:29:27.872+0900] {dagbag.py:539} INFO - Filling up the DagBag from /usr/local/lib/python3.8/dist-packages/airflow/example_dags/example_branch_day_of_week_operator.py
[2023-09-01T13:29:27.882+0900] {processor.py:839} INFO - DAG(s) dict_keys(['example_weekday_branch_operator']) retrieved from /usr/local/lib/python3.8/dist-packages/airflow/example_dags/example_branch_day_of_week_operator.py
[2023-09-01T13:29:27.899+0900] {logging_mixin.py:151} INFO - [2023-09-01T13:29:27.898+0900] {dag.py:2907} INFO - Sync 1 DAGs
[2023-09-01T13:29:27.912+0900] {logging_mixin.py:151} INFO - [2023-09-01T13:29:27.912+0900] {dag.py:3677} INFO - Setting next_dagrun for example_weekday_branch_operator to 2023-08-31T00:00:00+00:00, run_after=2023-09-01T00:00:00+00:00
[2023-09-01T13:29:27.923+0900] {processor.py:179} INFO - Processing /usr/local/lib/python3.8/dist-packages/airflow/example_dags/example_branch_day_of_week_operator.py took 0.057 seconds
[2023-09-01T13:30:16.728+0900] {processor.py:157} INFO - Started process (PID=16940) to work on /usr/local/lib/python3.8/dist-packages/airflow/example_dags/example_branch_day_of_week_operator.py
[2023-09-01T13:30:16.729+0900] {processor.py:829} INFO - Processing file /usr/local/lib/python3.8/dist-packages/airflow/example_dags/example_branch_day_of_week_operator.py for tasks to queue
[2023-09-01T13:30:16.730+0900] {logging_mixin.py:151} INFO - [2023-09-01T13:30:16.730+0900] {dagbag.py:539} INFO - Filling up the DagBag from /usr/local/lib/python3.8/dist-packages/airflow/example_dags/example_branch_day_of_week_operator.py
[2023-09-01T13:30:16.740+0900] {processor.py:839} INFO - DAG(s) dict_keys(['example_weekday_branch_operator']) retrieved from /usr/local/lib/python3.8/dist-packages/airflow/example_dags/example_branch_day_of_week_operator.py
[2023-09-01T13:30:16.757+0900] {logging_mixin.py:151} INFO - [2023-09-01T13:30:16.756+0900] {dag.py:2907} INFO - Sync 1 DAGs
[2023-09-01T13:30:16.769+0900] {logging_mixin.py:151} INFO - [2023-09-01T13:30:16.769+0900] {dag.py:3677} INFO - Setting next_dagrun for example_weekday_branch_operator to 2023-08-31T00:00:00+00:00, run_after=2023-09-01T00:00:00+00:00
[2023-09-01T13:30:16.779+0900] {processor.py:179} INFO - Processing /usr/local/lib/python3.8/dist-packages/airflow/example_dags/example_branch_day_of_week_operator.py took 0.057 seconds
[2023-09-01T13:30:59.064+0900] {processor.py:157} INFO - Started process (PID=17353) to work on /usr/local/lib/python3.8/dist-packages/airflow/example_dags/example_branch_day_of_week_operator.py
[2023-09-01T13:30:59.065+0900] {processor.py:829} INFO - Processing file /usr/local/lib/python3.8/dist-packages/airflow/example_dags/example_branch_day_of_week_operator.py for tasks to queue
[2023-09-01T13:30:59.067+0900] {logging_mixin.py:151} INFO - [2023-09-01T13:30:59.066+0900] {dagbag.py:539} INFO - Filling up the DagBag from /usr/local/lib/python3.8/dist-packages/airflow/example_dags/example_branch_day_of_week_operator.py
[2023-09-01T13:30:59.076+0900] {processor.py:839} INFO - DAG(s) dict_keys(['example_weekday_branch_operator']) retrieved from /usr/local/lib/python3.8/dist-packages/airflow/example_dags/example_branch_day_of_week_operator.py
[2023-09-01T13:30:59.094+0900] {logging_mixin.py:151} INFO - [2023-09-01T13:30:59.094+0900] {dag.py:2907} INFO - Sync 1 DAGs
[2023-09-01T13:30:59.108+0900] {logging_mixin.py:151} INFO - [2023-09-01T13:30:59.107+0900] {dag.py:3677} INFO - Setting next_dagrun for example_weekday_branch_operator to 2023-08-31T00:00:00+00:00, run_after=2023-09-01T00:00:00+00:00
[2023-09-01T13:30:59.119+0900] {processor.py:179} INFO - Processing /usr/local/lib/python3.8/dist-packages/airflow/example_dags/example_branch_day_of_week_operator.py took 0.061 seconds
[2023-09-01T13:31:56.952+0900] {processor.py:157} INFO - Started process (PID=17913) to work on /usr/local/lib/python3.8/dist-packages/airflow/example_dags/example_branch_day_of_week_operator.py
[2023-09-01T13:31:56.954+0900] {processor.py:829} INFO - Processing file /usr/local/lib/python3.8/dist-packages/airflow/example_dags/example_branch_day_of_week_operator.py for tasks to queue
[2023-09-01T13:31:56.956+0900] {logging_mixin.py:151} INFO - [2023-09-01T13:31:56.954+0900] {dagbag.py:539} INFO - Filling up the DagBag from /usr/local/lib/python3.8/dist-packages/airflow/example_dags/example_branch_day_of_week_operator.py
[2023-09-01T13:31:56.967+0900] {processor.py:839} INFO - DAG(s) dict_keys(['example_weekday_branch_operator']) retrieved from /usr/local/lib/python3.8/dist-packages/airflow/example_dags/example_branch_day_of_week_operator.py
[2023-09-01T13:31:56.984+0900] {logging_mixin.py:151} INFO - [2023-09-01T13:31:56.984+0900] {dag.py:2907} INFO - Sync 1 DAGs
[2023-09-01T13:31:56.997+0900] {logging_mixin.py:151} INFO - [2023-09-01T13:31:56.997+0900] {dag.py:3677} INFO - Setting next_dagrun for example_weekday_branch_operator to 2023-08-31T00:00:00+00:00, run_after=2023-09-01T00:00:00+00:00
[2023-09-01T13:31:57.009+0900] {processor.py:179} INFO - Processing /usr/local/lib/python3.8/dist-packages/airflow/example_dags/example_branch_day_of_week_operator.py took 0.062 seconds
[2023-09-01T13:32:43.037+0900] {processor.py:157} INFO - Started process (PID=18350) to work on /usr/local/lib/python3.8/dist-packages/airflow/example_dags/example_branch_day_of_week_operator.py
[2023-09-01T13:32:43.038+0900] {processor.py:829} INFO - Processing file /usr/local/lib/python3.8/dist-packages/airflow/example_dags/example_branch_day_of_week_operator.py for tasks to queue
[2023-09-01T13:32:43.040+0900] {logging_mixin.py:151} INFO - [2023-09-01T13:32:43.039+0900] {dagbag.py:539} INFO - Filling up the DagBag from /usr/local/lib/python3.8/dist-packages/airflow/example_dags/example_branch_day_of_week_operator.py
[2023-09-01T13:32:43.049+0900] {processor.py:839} INFO - DAG(s) dict_keys(['example_weekday_branch_operator']) retrieved from /usr/local/lib/python3.8/dist-packages/airflow/example_dags/example_branch_day_of_week_operator.py
[2023-09-01T13:32:43.065+0900] {logging_mixin.py:151} INFO - [2023-09-01T13:32:43.065+0900] {dag.py:2907} INFO - Sync 1 DAGs
[2023-09-01T13:32:43.077+0900] {logging_mixin.py:151} INFO - [2023-09-01T13:32:43.077+0900] {dag.py:3677} INFO - Setting next_dagrun for example_weekday_branch_operator to 2023-08-31T00:00:00+00:00, run_after=2023-09-01T00:00:00+00:00
[2023-09-01T13:32:43.087+0900] {processor.py:179} INFO - Processing /usr/local/lib/python3.8/dist-packages/airflow/example_dags/example_branch_day_of_week_operator.py took 0.056 seconds
[2023-09-01T13:33:28.245+0900] {processor.py:157} INFO - Started process (PID=18794) to work on /usr/local/lib/python3.8/dist-packages/airflow/example_dags/example_branch_day_of_week_operator.py
[2023-09-01T13:33:28.246+0900] {processor.py:829} INFO - Processing file /usr/local/lib/python3.8/dist-packages/airflow/example_dags/example_branch_day_of_week_operator.py for tasks to queue
[2023-09-01T13:33:28.247+0900] {logging_mixin.py:151} INFO - [2023-09-01T13:33:28.247+0900] {dagbag.py:539} INFO - Filling up the DagBag from /usr/local/lib/python3.8/dist-packages/airflow/example_dags/example_branch_day_of_week_operator.py
[2023-09-01T13:33:28.258+0900] {processor.py:839} INFO - DAG(s) dict_keys(['example_weekday_branch_operator']) retrieved from /usr/local/lib/python3.8/dist-packages/airflow/example_dags/example_branch_day_of_week_operator.py
[2023-09-01T13:33:28.275+0900] {logging_mixin.py:151} INFO - [2023-09-01T13:33:28.275+0900] {dag.py:2907} INFO - Sync 1 DAGs
[2023-09-01T13:33:28.287+0900] {logging_mixin.py:151} INFO - [2023-09-01T13:33:28.287+0900] {dag.py:3677} INFO - Setting next_dagrun for example_weekday_branch_operator to 2023-08-31T00:00:00+00:00, run_after=2023-09-01T00:00:00+00:00
[2023-09-01T13:33:28.298+0900] {processor.py:179} INFO - Processing /usr/local/lib/python3.8/dist-packages/airflow/example_dags/example_branch_day_of_week_operator.py took 0.058 seconds
[2023-09-01T13:34:14.496+0900] {processor.py:157} INFO - Started process (PID=19269) to work on /usr/local/lib/python3.8/dist-packages/airflow/example_dags/example_branch_day_of_week_operator.py
[2023-09-01T13:34:14.497+0900] {processor.py:829} INFO - Processing file /usr/local/lib/python3.8/dist-packages/airflow/example_dags/example_branch_day_of_week_operator.py for tasks to queue
[2023-09-01T13:34:14.497+0900] {logging_mixin.py:151} INFO - [2023-09-01T13:34:14.497+0900] {dagbag.py:539} INFO - Filling up the DagBag from /usr/local/lib/python3.8/dist-packages/airflow/example_dags/example_branch_day_of_week_operator.py
[2023-09-01T13:34:14.501+0900] {processor.py:839} INFO - DAG(s) dict_keys(['example_weekday_branch_operator']) retrieved from /usr/local/lib/python3.8/dist-packages/airflow/example_dags/example_branch_day_of_week_operator.py
[2023-09-01T13:34:14.510+0900] {logging_mixin.py:151} INFO - [2023-09-01T13:34:14.510+0900] {dag.py:2907} INFO - Sync 1 DAGs
[2023-09-01T13:34:14.519+0900] {logging_mixin.py:151} INFO - [2023-09-01T13:34:14.519+0900] {dag.py:3677} INFO - Setting next_dagrun for example_weekday_branch_operator to 2023-08-31T00:00:00+00:00, run_after=2023-09-01T00:00:00+00:00
[2023-09-01T13:34:14.529+0900] {processor.py:179} INFO - Processing /usr/local/lib/python3.8/dist-packages/airflow/example_dags/example_branch_day_of_week_operator.py took 0.034 seconds
[2023-09-01T13:34:58.467+0900] {processor.py:157} INFO - Started process (PID=19694) to work on /usr/local/lib/python3.8/dist-packages/airflow/example_dags/example_branch_day_of_week_operator.py
[2023-09-01T13:34:58.469+0900] {processor.py:829} INFO - Processing file /usr/local/lib/python3.8/dist-packages/airflow/example_dags/example_branch_day_of_week_operator.py for tasks to queue
[2023-09-01T13:34:58.470+0900] {logging_mixin.py:151} INFO - [2023-09-01T13:34:58.469+0900] {dagbag.py:539} INFO - Filling up the DagBag from /usr/local/lib/python3.8/dist-packages/airflow/example_dags/example_branch_day_of_week_operator.py
[2023-09-01T13:34:58.479+0900] {processor.py:839} INFO - DAG(s) dict_keys(['example_weekday_branch_operator']) retrieved from /usr/local/lib/python3.8/dist-packages/airflow/example_dags/example_branch_day_of_week_operator.py
[2023-09-01T13:34:58.493+0900] {logging_mixin.py:151} INFO - [2023-09-01T13:34:58.493+0900] {dag.py:2907} INFO - Sync 1 DAGs
[2023-09-01T13:34:58.503+0900] {logging_mixin.py:151} INFO - [2023-09-01T13:34:58.503+0900] {dag.py:3677} INFO - Setting next_dagrun for example_weekday_branch_operator to 2023-08-31T00:00:00+00:00, run_after=2023-09-01T00:00:00+00:00
[2023-09-01T13:34:58.516+0900] {processor.py:179} INFO - Processing /usr/local/lib/python3.8/dist-packages/airflow/example_dags/example_branch_day_of_week_operator.py took 0.056 seconds
[2023-09-01T13:35:42.648+0900] {processor.py:157} INFO - Started process (PID=20120) to work on /usr/local/lib/python3.8/dist-packages/airflow/example_dags/example_branch_day_of_week_operator.py
[2023-09-01T13:35:42.649+0900] {processor.py:829} INFO - Processing file /usr/local/lib/python3.8/dist-packages/airflow/example_dags/example_branch_day_of_week_operator.py for tasks to queue
[2023-09-01T13:35:42.650+0900] {logging_mixin.py:151} INFO - [2023-09-01T13:35:42.650+0900] {dagbag.py:539} INFO - Filling up the DagBag from /usr/local/lib/python3.8/dist-packages/airflow/example_dags/example_branch_day_of_week_operator.py
[2023-09-01T13:35:42.660+0900] {processor.py:839} INFO - DAG(s) dict_keys(['example_weekday_branch_operator']) retrieved from /usr/local/lib/python3.8/dist-packages/airflow/example_dags/example_branch_day_of_week_operator.py
[2023-09-01T13:35:42.676+0900] {logging_mixin.py:151} INFO - [2023-09-01T13:35:42.676+0900] {dag.py:2907} INFO - Sync 1 DAGs
[2023-09-01T13:35:42.691+0900] {logging_mixin.py:151} INFO - [2023-09-01T13:35:42.691+0900] {dag.py:3677} INFO - Setting next_dagrun for example_weekday_branch_operator to 2023-08-31T00:00:00+00:00, run_after=2023-09-01T00:00:00+00:00
[2023-09-01T13:35:42.702+0900] {processor.py:179} INFO - Processing /usr/local/lib/python3.8/dist-packages/airflow/example_dags/example_branch_day_of_week_operator.py took 0.058 seconds
[2023-09-01T13:36:29.705+0900] {processor.py:157} INFO - Started process (PID=20575) to work on /usr/local/lib/python3.8/dist-packages/airflow/example_dags/example_branch_day_of_week_operator.py
[2023-09-01T13:36:29.706+0900] {processor.py:829} INFO - Processing file /usr/local/lib/python3.8/dist-packages/airflow/example_dags/example_branch_day_of_week_operator.py for tasks to queue
[2023-09-01T13:36:29.708+0900] {logging_mixin.py:151} INFO - [2023-09-01T13:36:29.707+0900] {dagbag.py:539} INFO - Filling up the DagBag from /usr/local/lib/python3.8/dist-packages/airflow/example_dags/example_branch_day_of_week_operator.py
[2023-09-01T13:36:29.719+0900] {processor.py:839} INFO - DAG(s) dict_keys(['example_weekday_branch_operator']) retrieved from /usr/local/lib/python3.8/dist-packages/airflow/example_dags/example_branch_day_of_week_operator.py
[2023-09-01T13:36:29.736+0900] {logging_mixin.py:151} INFO - [2023-09-01T13:36:29.736+0900] {dag.py:2907} INFO - Sync 1 DAGs
[2023-09-01T13:36:29.749+0900] {logging_mixin.py:151} INFO - [2023-09-01T13:36:29.749+0900] {dag.py:3677} INFO - Setting next_dagrun for example_weekday_branch_operator to 2023-08-31T00:00:00+00:00, run_after=2023-09-01T00:00:00+00:00
[2023-09-01T13:36:29.759+0900] {processor.py:179} INFO - Processing /usr/local/lib/python3.8/dist-packages/airflow/example_dags/example_branch_day_of_week_operator.py took 0.059 seconds
[2023-09-01T13:37:16.120+0900] {processor.py:157} INFO - Started process (PID=21027) to work on /usr/local/lib/python3.8/dist-packages/airflow/example_dags/example_branch_day_of_week_operator.py
[2023-09-01T13:37:16.121+0900] {processor.py:829} INFO - Processing file /usr/local/lib/python3.8/dist-packages/airflow/example_dags/example_branch_day_of_week_operator.py for tasks to queue
[2023-09-01T13:37:16.122+0900] {logging_mixin.py:151} INFO - [2023-09-01T13:37:16.122+0900] {dagbag.py:539} INFO - Filling up the DagBag from /usr/local/lib/python3.8/dist-packages/airflow/example_dags/example_branch_day_of_week_operator.py
[2023-09-01T13:37:16.132+0900] {processor.py:839} INFO - DAG(s) dict_keys(['example_weekday_branch_operator']) retrieved from /usr/local/lib/python3.8/dist-packages/airflow/example_dags/example_branch_day_of_week_operator.py
[2023-09-01T13:37:16.150+0900] {logging_mixin.py:151} INFO - [2023-09-01T13:37:16.149+0900] {dag.py:2907} INFO - Sync 1 DAGs
[2023-09-01T13:37:16.163+0900] {logging_mixin.py:151} INFO - [2023-09-01T13:37:16.163+0900] {dag.py:3677} INFO - Setting next_dagrun for example_weekday_branch_operator to 2023-08-31T00:00:00+00:00, run_after=2023-09-01T00:00:00+00:00
[2023-09-01T13:37:16.174+0900] {processor.py:179} INFO - Processing /usr/local/lib/python3.8/dist-packages/airflow/example_dags/example_branch_day_of_week_operator.py took 0.059 seconds
[2023-09-01T13:38:03.825+0900] {processor.py:157} INFO - Started process (PID=21485) to work on /usr/local/lib/python3.8/dist-packages/airflow/example_dags/example_branch_day_of_week_operator.py
[2023-09-01T13:38:03.827+0900] {processor.py:829} INFO - Processing file /usr/local/lib/python3.8/dist-packages/airflow/example_dags/example_branch_day_of_week_operator.py for tasks to queue
[2023-09-01T13:38:03.828+0900] {logging_mixin.py:151} INFO - [2023-09-01T13:38:03.827+0900] {dagbag.py:539} INFO - Filling up the DagBag from /usr/local/lib/python3.8/dist-packages/airflow/example_dags/example_branch_day_of_week_operator.py
[2023-09-01T13:38:03.838+0900] {processor.py:839} INFO - DAG(s) dict_keys(['example_weekday_branch_operator']) retrieved from /usr/local/lib/python3.8/dist-packages/airflow/example_dags/example_branch_day_of_week_operator.py
[2023-09-01T13:38:03.856+0900] {logging_mixin.py:151} INFO - [2023-09-01T13:38:03.856+0900] {dag.py:2907} INFO - Sync 1 DAGs
[2023-09-01T13:38:03.869+0900] {logging_mixin.py:151} INFO - [2023-09-01T13:38:03.869+0900] {dag.py:3677} INFO - Setting next_dagrun for example_weekday_branch_operator to 2023-08-31T00:00:00+00:00, run_after=2023-09-01T00:00:00+00:00
[2023-09-01T13:38:03.879+0900] {processor.py:179} INFO - Processing /usr/local/lib/python3.8/dist-packages/airflow/example_dags/example_branch_day_of_week_operator.py took 0.059 seconds
[2023-09-01T13:39:00.678+0900] {processor.py:157} INFO - Started process (PID=22078) to work on /usr/local/lib/python3.8/dist-packages/airflow/example_dags/example_branch_day_of_week_operator.py
[2023-09-01T13:39:00.679+0900] {processor.py:829} INFO - Processing file /usr/local/lib/python3.8/dist-packages/airflow/example_dags/example_branch_day_of_week_operator.py for tasks to queue
[2023-09-01T13:39:00.681+0900] {logging_mixin.py:151} INFO - [2023-09-01T13:39:00.680+0900] {dagbag.py:539} INFO - Filling up the DagBag from /usr/local/lib/python3.8/dist-packages/airflow/example_dags/example_branch_day_of_week_operator.py
[2023-09-01T13:39:00.690+0900] {processor.py:839} INFO - DAG(s) dict_keys(['example_weekday_branch_operator']) retrieved from /usr/local/lib/python3.8/dist-packages/airflow/example_dags/example_branch_day_of_week_operator.py
[2023-09-01T13:39:00.707+0900] {logging_mixin.py:151} INFO - [2023-09-01T13:39:00.706+0900] {dag.py:2907} INFO - Sync 1 DAGs
[2023-09-01T13:39:00.720+0900] {logging_mixin.py:151} INFO - [2023-09-01T13:39:00.720+0900] {dag.py:3677} INFO - Setting next_dagrun for example_weekday_branch_operator to 2023-08-31T00:00:00+00:00, run_after=2023-09-01T00:00:00+00:00
[2023-09-01T13:39:00.731+0900] {processor.py:179} INFO - Processing /usr/local/lib/python3.8/dist-packages/airflow/example_dags/example_branch_day_of_week_operator.py took 0.057 seconds
