[2023-09-01T13:08:03.329+0900] {processor.py:157} INFO - Started process (PID=2264) to work on /usr/local/lib/python3.8/dist-packages/airflow/example_dags/example_bash_operator.py
[2023-09-01T13:08:03.330+0900] {processor.py:829} INFO - Processing file /usr/local/lib/python3.8/dist-packages/airflow/example_dags/example_bash_operator.py for tasks to queue
[2023-09-01T13:08:03.332+0900] {logging_mixin.py:151} INFO - [2023-09-01T13:08:03.331+0900] {dagbag.py:539} INFO - Filling up the DagBag from /usr/local/lib/python3.8/dist-packages/airflow/example_dags/example_bash_operator.py
[2023-09-01T13:08:03.344+0900] {processor.py:839} INFO - DAG(s) dict_keys(['example_bash_operator']) retrieved from /usr/local/lib/python3.8/dist-packages/airflow/example_dags/example_bash_operator.py
[2023-09-01T13:08:03.402+0900] {logging_mixin.py:151} INFO - [2023-09-01T13:08:03.402+0900] {manager.py:501} INFO - Created Permission View: can delete on DAG:example_bash_operator
[2023-09-01T13:08:03.407+0900] {logging_mixin.py:151} INFO - [2023-09-01T13:08:03.407+0900] {manager.py:501} INFO - Created Permission View: can read on DAG:example_bash_operator
[2023-09-01T13:08:03.410+0900] {logging_mixin.py:151} INFO - [2023-09-01T13:08:03.410+0900] {manager.py:501} INFO - Created Permission View: can edit on DAG:example_bash_operator
[2023-09-01T13:08:03.415+0900] {logging_mixin.py:151} INFO - [2023-09-01T13:08:03.415+0900] {dag.py:2907} INFO - Sync 1 DAGs
[2023-09-01T13:08:03.419+0900] {logging_mixin.py:151} INFO - [2023-09-01T13:08:03.419+0900] {dag.py:2929} INFO - Creating ORM DAG for example_bash_operator
[2023-09-01T13:08:03.423+0900] {logging_mixin.py:151} INFO - [2023-09-01T13:08:03.423+0900] {dag.py:3677} INFO - Setting next_dagrun for example_bash_operator to 2023-08-31T00:00:00+00:00, run_after=2023-09-01T00:00:00+00:00
[2023-09-01T13:08:03.430+0900] {processor.py:179} INFO - Processing /usr/local/lib/python3.8/dist-packages/airflow/example_dags/example_bash_operator.py took 0.106 seconds
[2023-09-01T13:09:01.317+0900] {processor.py:157} INFO - Started process (PID=4043) to work on /usr/local/lib/python3.8/dist-packages/airflow/example_dags/example_bash_operator.py
[2023-09-01T13:09:01.318+0900] {processor.py:829} INFO - Processing file /usr/local/lib/python3.8/dist-packages/airflow/example_dags/example_bash_operator.py for tasks to queue
[2023-09-01T13:09:01.319+0900] {logging_mixin.py:151} INFO - [2023-09-01T13:09:01.318+0900] {dagbag.py:539} INFO - Filling up the DagBag from /usr/local/lib/python3.8/dist-packages/airflow/example_dags/example_bash_operator.py
[2023-09-01T13:09:01.331+0900] {processor.py:839} INFO - DAG(s) dict_keys(['example_bash_operator']) retrieved from /usr/local/lib/python3.8/dist-packages/airflow/example_dags/example_bash_operator.py
[2023-09-01T13:09:01.351+0900] {logging_mixin.py:151} INFO - [2023-09-01T13:09:01.351+0900] {dag.py:2907} INFO - Sync 1 DAGs
[2023-09-01T13:09:01.364+0900] {logging_mixin.py:151} INFO - [2023-09-01T13:09:01.364+0900] {dag.py:3677} INFO - Setting next_dagrun for example_bash_operator to 2023-08-31T00:00:00+00:00, run_after=2023-09-01T00:00:00+00:00
[2023-09-01T13:09:01.376+0900] {processor.py:179} INFO - Processing /usr/local/lib/python3.8/dist-packages/airflow/example_dags/example_bash_operator.py took 0.062 seconds
[2023-09-01T13:09:48.741+0900] {processor.py:157} INFO - Started process (PID=4507) to work on /usr/local/lib/python3.8/dist-packages/airflow/example_dags/example_bash_operator.py
[2023-09-01T13:09:48.742+0900] {processor.py:829} INFO - Processing file /usr/local/lib/python3.8/dist-packages/airflow/example_dags/example_bash_operator.py for tasks to queue
[2023-09-01T13:09:48.744+0900] {logging_mixin.py:151} INFO - [2023-09-01T13:09:48.743+0900] {dagbag.py:539} INFO - Filling up the DagBag from /usr/local/lib/python3.8/dist-packages/airflow/example_dags/example_bash_operator.py
[2023-09-01T13:09:48.758+0900] {processor.py:839} INFO - DAG(s) dict_keys(['example_bash_operator']) retrieved from /usr/local/lib/python3.8/dist-packages/airflow/example_dags/example_bash_operator.py
[2023-09-01T13:09:48.778+0900] {logging_mixin.py:151} INFO - [2023-09-01T13:09:48.778+0900] {dag.py:2907} INFO - Sync 1 DAGs
[2023-09-01T13:09:48.790+0900] {logging_mixin.py:151} INFO - [2023-09-01T13:09:48.790+0900] {dag.py:3677} INFO - Setting next_dagrun for example_bash_operator to 2023-08-31T00:00:00+00:00, run_after=2023-09-01T00:00:00+00:00
[2023-09-01T13:09:48.801+0900] {processor.py:179} INFO - Processing /usr/local/lib/python3.8/dist-packages/airflow/example_dags/example_bash_operator.py took 0.066 seconds
[2023-09-01T13:10:36.839+0900] {processor.py:157} INFO - Started process (PID=4975) to work on /usr/local/lib/python3.8/dist-packages/airflow/example_dags/example_bash_operator.py
[2023-09-01T13:10:36.840+0900] {processor.py:829} INFO - Processing file /usr/local/lib/python3.8/dist-packages/airflow/example_dags/example_bash_operator.py for tasks to queue
[2023-09-01T13:10:36.841+0900] {logging_mixin.py:151} INFO - [2023-09-01T13:10:36.841+0900] {dagbag.py:539} INFO - Filling up the DagBag from /usr/local/lib/python3.8/dist-packages/airflow/example_dags/example_bash_operator.py
[2023-09-01T13:10:36.851+0900] {processor.py:839} INFO - DAG(s) dict_keys(['example_bash_operator']) retrieved from /usr/local/lib/python3.8/dist-packages/airflow/example_dags/example_bash_operator.py
[2023-09-01T13:10:36.865+0900] {logging_mixin.py:151} INFO - [2023-09-01T13:10:36.864+0900] {dag.py:2907} INFO - Sync 1 DAGs
[2023-09-01T13:10:36.874+0900] {logging_mixin.py:151} INFO - [2023-09-01T13:10:36.874+0900] {dag.py:3677} INFO - Setting next_dagrun for example_bash_operator to 2023-08-31T00:00:00+00:00, run_after=2023-09-01T00:00:00+00:00
[2023-09-01T13:10:36.883+0900] {processor.py:179} INFO - Processing /usr/local/lib/python3.8/dist-packages/airflow/example_dags/example_bash_operator.py took 0.049 seconds
[2023-09-01T13:11:27.397+0900] {processor.py:157} INFO - Started process (PID=5488) to work on /usr/local/lib/python3.8/dist-packages/airflow/example_dags/example_bash_operator.py
[2023-09-01T13:11:27.400+0900] {processor.py:829} INFO - Processing file /usr/local/lib/python3.8/dist-packages/airflow/example_dags/example_bash_operator.py for tasks to queue
[2023-09-01T13:11:27.402+0900] {logging_mixin.py:151} INFO - [2023-09-01T13:11:27.401+0900] {dagbag.py:539} INFO - Filling up the DagBag from /usr/local/lib/python3.8/dist-packages/airflow/example_dags/example_bash_operator.py
[2023-09-01T13:11:27.421+0900] {processor.py:839} INFO - DAG(s) dict_keys(['example_bash_operator']) retrieved from /usr/local/lib/python3.8/dist-packages/airflow/example_dags/example_bash_operator.py
[2023-09-01T13:11:27.442+0900] {logging_mixin.py:151} INFO - [2023-09-01T13:11:27.442+0900] {dag.py:2907} INFO - Sync 1 DAGs
[2023-09-01T13:11:27.456+0900] {logging_mixin.py:151} INFO - [2023-09-01T13:11:27.456+0900] {dag.py:3677} INFO - Setting next_dagrun for example_bash_operator to 2023-08-31T00:00:00+00:00, run_after=2023-09-01T00:00:00+00:00
[2023-09-01T13:11:27.469+0900] {processor.py:179} INFO - Processing /usr/local/lib/python3.8/dist-packages/airflow/example_dags/example_bash_operator.py took 0.078 seconds
[2023-09-01T13:13:16.681+0900] {processor.py:157} INFO - Started process (PID=6109) to work on /usr/local/lib/python3.8/dist-packages/airflow/example_dags/example_bash_operator.py
[2023-09-01T13:13:16.684+0900] {processor.py:829} INFO - Processing file /usr/local/lib/python3.8/dist-packages/airflow/example_dags/example_bash_operator.py for tasks to queue
[2023-09-01T13:13:16.685+0900] {logging_mixin.py:151} INFO - [2023-09-01T13:13:16.684+0900] {dagbag.py:539} INFO - Filling up the DagBag from /usr/local/lib/python3.8/dist-packages/airflow/example_dags/example_bash_operator.py
[2023-09-01T13:13:16.696+0900] {processor.py:839} INFO - DAG(s) dict_keys(['example_bash_operator']) retrieved from /usr/local/lib/python3.8/dist-packages/airflow/example_dags/example_bash_operator.py
[2023-09-01T13:13:16.715+0900] {logging_mixin.py:151} INFO - [2023-09-01T13:13:16.715+0900] {dag.py:2907} INFO - Sync 1 DAGs
[2023-09-01T13:13:16.728+0900] {logging_mixin.py:151} INFO - [2023-09-01T13:13:16.728+0900] {dag.py:3677} INFO - Setting next_dagrun for example_bash_operator to 2023-08-31T00:00:00+00:00, run_after=2023-09-01T00:00:00+00:00
[2023-09-01T13:13:16.738+0900] {processor.py:179} INFO - Processing /usr/local/lib/python3.8/dist-packages/airflow/example_dags/example_bash_operator.py took 0.063 seconds
[2023-09-01T13:14:13.406+0900] {processor.py:157} INFO - Started process (PID=6655) to work on /usr/local/lib/python3.8/dist-packages/airflow/example_dags/example_bash_operator.py
[2023-09-01T13:14:13.408+0900] {processor.py:829} INFO - Processing file /usr/local/lib/python3.8/dist-packages/airflow/example_dags/example_bash_operator.py for tasks to queue
[2023-09-01T13:14:13.408+0900] {logging_mixin.py:151} INFO - [2023-09-01T13:14:13.408+0900] {dagbag.py:539} INFO - Filling up the DagBag from /usr/local/lib/python3.8/dist-packages/airflow/example_dags/example_bash_operator.py
[2023-09-01T13:14:13.414+0900] {processor.py:839} INFO - DAG(s) dict_keys(['example_bash_operator']) retrieved from /usr/local/lib/python3.8/dist-packages/airflow/example_dags/example_bash_operator.py
[2023-09-01T13:14:13.426+0900] {logging_mixin.py:151} INFO - [2023-09-01T13:14:13.426+0900] {dag.py:2907} INFO - Sync 1 DAGs
[2023-09-01T13:14:13.435+0900] {logging_mixin.py:151} INFO - [2023-09-01T13:14:13.435+0900] {dag.py:3677} INFO - Setting next_dagrun for example_bash_operator to 2023-08-31T00:00:00+00:00, run_after=2023-09-01T00:00:00+00:00
[2023-09-01T13:14:13.444+0900] {processor.py:179} INFO - Processing /usr/local/lib/python3.8/dist-packages/airflow/example_dags/example_bash_operator.py took 0.040 seconds
[2023-09-01T13:14:58.028+0900] {processor.py:157} INFO - Started process (PID=7620) to work on /usr/local/lib/python3.8/dist-packages/airflow/example_dags/example_bash_operator.py
[2023-09-01T13:14:58.029+0900] {processor.py:829} INFO - Processing file /usr/local/lib/python3.8/dist-packages/airflow/example_dags/example_bash_operator.py for tasks to queue
[2023-09-01T13:14:58.031+0900] {logging_mixin.py:151} INFO - [2023-09-01T13:14:58.030+0900] {dagbag.py:539} INFO - Filling up the DagBag from /usr/local/lib/python3.8/dist-packages/airflow/example_dags/example_bash_operator.py
[2023-09-01T13:14:58.045+0900] {processor.py:839} INFO - DAG(s) dict_keys(['example_bash_operator']) retrieved from /usr/local/lib/python3.8/dist-packages/airflow/example_dags/example_bash_operator.py
[2023-09-01T13:14:58.064+0900] {logging_mixin.py:151} INFO - [2023-09-01T13:14:58.064+0900] {dag.py:2907} INFO - Sync 1 DAGs
[2023-09-01T13:14:58.076+0900] {logging_mixin.py:151} INFO - [2023-09-01T13:14:58.076+0900] {dag.py:3677} INFO - Setting next_dagrun for example_bash_operator to 2023-08-31T00:00:00+00:00, run_after=2023-09-01T00:00:00+00:00
[2023-09-01T13:14:58.087+0900] {processor.py:179} INFO - Processing /usr/local/lib/python3.8/dist-packages/airflow/example_dags/example_bash_operator.py took 0.066 seconds
[2023-09-01T13:15:42.757+0900] {processor.py:157} INFO - Started process (PID=8132) to work on /usr/local/lib/python3.8/dist-packages/airflow/example_dags/example_bash_operator.py
[2023-09-01T13:15:42.758+0900] {processor.py:829} INFO - Processing file /usr/local/lib/python3.8/dist-packages/airflow/example_dags/example_bash_operator.py for tasks to queue
[2023-09-01T13:15:42.758+0900] {logging_mixin.py:151} INFO - [2023-09-01T13:15:42.758+0900] {dagbag.py:539} INFO - Filling up the DagBag from /usr/local/lib/python3.8/dist-packages/airflow/example_dags/example_bash_operator.py
[2023-09-01T13:15:42.767+0900] {processor.py:839} INFO - DAG(s) dict_keys(['example_bash_operator']) retrieved from /usr/local/lib/python3.8/dist-packages/airflow/example_dags/example_bash_operator.py
[2023-09-01T13:15:42.780+0900] {logging_mixin.py:151} INFO - [2023-09-01T13:15:42.780+0900] {dag.py:2907} INFO - Sync 1 DAGs
[2023-09-01T13:15:42.792+0900] {logging_mixin.py:151} INFO - [2023-09-01T13:15:42.792+0900] {dag.py:3677} INFO - Setting next_dagrun for example_bash_operator to 2023-08-31T00:00:00+00:00, run_after=2023-09-01T00:00:00+00:00
[2023-09-01T13:15:42.807+0900] {processor.py:179} INFO - Processing /usr/local/lib/python3.8/dist-packages/airflow/example_dags/example_bash_operator.py took 0.052 seconds
[2023-09-01T13:16:29.533+0900] {processor.py:157} INFO - Started process (PID=8586) to work on /usr/local/lib/python3.8/dist-packages/airflow/example_dags/example_bash_operator.py
[2023-09-01T13:16:29.534+0900] {processor.py:829} INFO - Processing file /usr/local/lib/python3.8/dist-packages/airflow/example_dags/example_bash_operator.py for tasks to queue
[2023-09-01T13:16:29.536+0900] {logging_mixin.py:151} INFO - [2023-09-01T13:16:29.535+0900] {dagbag.py:539} INFO - Filling up the DagBag from /usr/local/lib/python3.8/dist-packages/airflow/example_dags/example_bash_operator.py
[2023-09-01T13:16:29.548+0900] {processor.py:839} INFO - DAG(s) dict_keys(['example_bash_operator']) retrieved from /usr/local/lib/python3.8/dist-packages/airflow/example_dags/example_bash_operator.py
[2023-09-01T13:16:29.565+0900] {logging_mixin.py:151} INFO - [2023-09-01T13:16:29.565+0900] {dag.py:2907} INFO - Sync 1 DAGs
[2023-09-01T13:16:29.576+0900] {logging_mixin.py:151} INFO - [2023-09-01T13:16:29.576+0900] {dag.py:3677} INFO - Setting next_dagrun for example_bash_operator to 2023-08-31T00:00:00+00:00, run_after=2023-09-01T00:00:00+00:00
[2023-09-01T13:16:29.586+0900] {processor.py:179} INFO - Processing /usr/local/lib/python3.8/dist-packages/airflow/example_dags/example_bash_operator.py took 0.058 seconds
[2023-09-01T13:17:15.275+0900] {processor.py:157} INFO - Started process (PID=9023) to work on /usr/local/lib/python3.8/dist-packages/airflow/example_dags/example_bash_operator.py
[2023-09-01T13:17:15.276+0900] {processor.py:829} INFO - Processing file /usr/local/lib/python3.8/dist-packages/airflow/example_dags/example_bash_operator.py for tasks to queue
[2023-09-01T13:17:15.277+0900] {logging_mixin.py:151} INFO - [2023-09-01T13:17:15.276+0900] {dagbag.py:539} INFO - Filling up the DagBag from /usr/local/lib/python3.8/dist-packages/airflow/example_dags/example_bash_operator.py
[2023-09-01T13:17:15.290+0900] {processor.py:839} INFO - DAG(s) dict_keys(['example_bash_operator']) retrieved from /usr/local/lib/python3.8/dist-packages/airflow/example_dags/example_bash_operator.py
[2023-09-01T13:17:15.307+0900] {logging_mixin.py:151} INFO - [2023-09-01T13:17:15.307+0900] {dag.py:2907} INFO - Sync 1 DAGs
[2023-09-01T13:17:15.318+0900] {logging_mixin.py:151} INFO - [2023-09-01T13:17:15.318+0900] {dag.py:3677} INFO - Setting next_dagrun for example_bash_operator to 2023-08-31T00:00:00+00:00, run_after=2023-09-01T00:00:00+00:00
[2023-09-01T13:17:15.329+0900] {processor.py:179} INFO - Processing /usr/local/lib/python3.8/dist-packages/airflow/example_dags/example_bash_operator.py took 0.058 seconds
[2023-09-01T13:18:01.887+0900] {processor.py:157} INFO - Started process (PID=9491) to work on /usr/local/lib/python3.8/dist-packages/airflow/example_dags/example_bash_operator.py
[2023-09-01T13:18:01.889+0900] {processor.py:829} INFO - Processing file /usr/local/lib/python3.8/dist-packages/airflow/example_dags/example_bash_operator.py for tasks to queue
[2023-09-01T13:18:01.890+0900] {logging_mixin.py:151} INFO - [2023-09-01T13:18:01.889+0900] {dagbag.py:539} INFO - Filling up the DagBag from /usr/local/lib/python3.8/dist-packages/airflow/example_dags/example_bash_operator.py
[2023-09-01T13:18:01.904+0900] {processor.py:839} INFO - DAG(s) dict_keys(['example_bash_operator']) retrieved from /usr/local/lib/python3.8/dist-packages/airflow/example_dags/example_bash_operator.py
[2023-09-01T13:18:01.923+0900] {logging_mixin.py:151} INFO - [2023-09-01T13:18:01.923+0900] {dag.py:2907} INFO - Sync 1 DAGs
[2023-09-01T13:18:01.936+0900] {logging_mixin.py:151} INFO - [2023-09-01T13:18:01.935+0900] {dag.py:3677} INFO - Setting next_dagrun for example_bash_operator to 2023-08-31T00:00:00+00:00, run_after=2023-09-01T00:00:00+00:00
[2023-09-01T13:18:01.947+0900] {processor.py:179} INFO - Processing /usr/local/lib/python3.8/dist-packages/airflow/example_dags/example_bash_operator.py took 0.066 seconds
[2023-09-01T13:18:46.238+0900] {processor.py:157} INFO - Started process (PID=9953) to work on /usr/local/lib/python3.8/dist-packages/airflow/example_dags/example_bash_operator.py
[2023-09-01T13:18:46.239+0900] {processor.py:829} INFO - Processing file /usr/local/lib/python3.8/dist-packages/airflow/example_dags/example_bash_operator.py for tasks to queue
[2023-09-01T13:18:46.239+0900] {logging_mixin.py:151} INFO - [2023-09-01T13:18:46.239+0900] {dagbag.py:539} INFO - Filling up the DagBag from /usr/local/lib/python3.8/dist-packages/airflow/example_dags/example_bash_operator.py
[2023-09-01T13:18:46.246+0900] {processor.py:839} INFO - DAG(s) dict_keys(['example_bash_operator']) retrieved from /usr/local/lib/python3.8/dist-packages/airflow/example_dags/example_bash_operator.py
[2023-09-01T13:18:46.256+0900] {logging_mixin.py:151} INFO - [2023-09-01T13:18:46.256+0900] {dag.py:2907} INFO - Sync 1 DAGs
[2023-09-01T13:18:46.265+0900] {logging_mixin.py:151} INFO - [2023-09-01T13:18:46.264+0900] {dag.py:3677} INFO - Setting next_dagrun for example_bash_operator to 2023-08-31T00:00:00+00:00, run_after=2023-09-01T00:00:00+00:00
[2023-09-01T13:18:46.273+0900] {processor.py:179} INFO - Processing /usr/local/lib/python3.8/dist-packages/airflow/example_dags/example_bash_operator.py took 0.037 seconds
[2023-09-01T13:19:31.682+0900] {processor.py:157} INFO - Started process (PID=10398) to work on /usr/local/lib/python3.8/dist-packages/airflow/example_dags/example_bash_operator.py
[2023-09-01T13:19:31.684+0900] {processor.py:829} INFO - Processing file /usr/local/lib/python3.8/dist-packages/airflow/example_dags/example_bash_operator.py for tasks to queue
[2023-09-01T13:19:31.685+0900] {logging_mixin.py:151} INFO - [2023-09-01T13:19:31.684+0900] {dagbag.py:539} INFO - Filling up the DagBag from /usr/local/lib/python3.8/dist-packages/airflow/example_dags/example_bash_operator.py
[2023-09-01T13:19:31.699+0900] {processor.py:839} INFO - DAG(s) dict_keys(['example_bash_operator']) retrieved from /usr/local/lib/python3.8/dist-packages/airflow/example_dags/example_bash_operator.py
[2023-09-01T13:19:31.717+0900] {logging_mixin.py:151} INFO - [2023-09-01T13:19:31.717+0900] {dag.py:2907} INFO - Sync 1 DAGs
[2023-09-01T13:19:31.729+0900] {logging_mixin.py:151} INFO - [2023-09-01T13:19:31.729+0900] {dag.py:3677} INFO - Setting next_dagrun for example_bash_operator to 2023-08-31T00:00:00+00:00, run_after=2023-09-01T00:00:00+00:00
[2023-09-01T13:19:31.739+0900] {processor.py:179} INFO - Processing /usr/local/lib/python3.8/dist-packages/airflow/example_dags/example_bash_operator.py took 0.062 seconds
[2023-09-01T13:20:15.849+0900] {processor.py:157} INFO - Started process (PID=10820) to work on /usr/local/lib/python3.8/dist-packages/airflow/example_dags/example_bash_operator.py
[2023-09-01T13:20:15.851+0900] {processor.py:829} INFO - Processing file /usr/local/lib/python3.8/dist-packages/airflow/example_dags/example_bash_operator.py for tasks to queue
[2023-09-01T13:20:15.853+0900] {logging_mixin.py:151} INFO - [2023-09-01T13:20:15.851+0900] {dagbag.py:539} INFO - Filling up the DagBag from /usr/local/lib/python3.8/dist-packages/airflow/example_dags/example_bash_operator.py
[2023-09-01T13:20:15.868+0900] {processor.py:839} INFO - DAG(s) dict_keys(['example_bash_operator']) retrieved from /usr/local/lib/python3.8/dist-packages/airflow/example_dags/example_bash_operator.py
[2023-09-01T13:20:15.888+0900] {logging_mixin.py:151} INFO - [2023-09-01T13:20:15.888+0900] {dag.py:2907} INFO - Sync 1 DAGs
[2023-09-01T13:20:15.900+0900] {logging_mixin.py:151} INFO - [2023-09-01T13:20:15.900+0900] {dag.py:3677} INFO - Setting next_dagrun for example_bash_operator to 2023-08-31T00:00:00+00:00, run_after=2023-09-01T00:00:00+00:00
[2023-09-01T13:20:15.911+0900] {processor.py:179} INFO - Processing /usr/local/lib/python3.8/dist-packages/airflow/example_dags/example_bash_operator.py took 0.067 seconds
[2023-09-01T13:21:01.747+0900] {processor.py:157} INFO - Started process (PID=11284) to work on /usr/local/lib/python3.8/dist-packages/airflow/example_dags/example_bash_operator.py
[2023-09-01T13:21:01.749+0900] {processor.py:829} INFO - Processing file /usr/local/lib/python3.8/dist-packages/airflow/example_dags/example_bash_operator.py for tasks to queue
[2023-09-01T13:21:01.750+0900] {logging_mixin.py:151} INFO - [2023-09-01T13:21:01.749+0900] {dagbag.py:539} INFO - Filling up the DagBag from /usr/local/lib/python3.8/dist-packages/airflow/example_dags/example_bash_operator.py
[2023-09-01T13:21:01.764+0900] {processor.py:839} INFO - DAG(s) dict_keys(['example_bash_operator']) retrieved from /usr/local/lib/python3.8/dist-packages/airflow/example_dags/example_bash_operator.py
[2023-09-01T13:21:01.783+0900] {logging_mixin.py:151} INFO - [2023-09-01T13:21:01.782+0900] {dag.py:2907} INFO - Sync 1 DAGs
[2023-09-01T13:21:01.794+0900] {logging_mixin.py:151} INFO - [2023-09-01T13:21:01.794+0900] {dag.py:3677} INFO - Setting next_dagrun for example_bash_operator to 2023-08-31T00:00:00+00:00, run_after=2023-09-01T00:00:00+00:00
[2023-09-01T13:21:01.805+0900] {processor.py:179} INFO - Processing /usr/local/lib/python3.8/dist-packages/airflow/example_dags/example_bash_operator.py took 0.062 seconds
[2023-09-01T13:22:03.679+0900] {processor.py:157} INFO - Started process (PID=11802) to work on /usr/local/lib/python3.8/dist-packages/airflow/example_dags/example_bash_operator.py
[2023-09-01T13:22:03.680+0900] {processor.py:829} INFO - Processing file /usr/local/lib/python3.8/dist-packages/airflow/example_dags/example_bash_operator.py for tasks to queue
[2023-09-01T13:22:03.681+0900] {logging_mixin.py:151} INFO - [2023-09-01T13:22:03.681+0900] {dagbag.py:539} INFO - Filling up the DagBag from /usr/local/lib/python3.8/dist-packages/airflow/example_dags/example_bash_operator.py
[2023-09-01T13:22:03.694+0900] {processor.py:839} INFO - DAG(s) dict_keys(['example_bash_operator']) retrieved from /usr/local/lib/python3.8/dist-packages/airflow/example_dags/example_bash_operator.py
[2023-09-01T13:22:03.712+0900] {logging_mixin.py:151} INFO - [2023-09-01T13:22:03.712+0900] {dag.py:2907} INFO - Sync 1 DAGs
[2023-09-01T13:22:03.724+0900] {logging_mixin.py:151} INFO - [2023-09-01T13:22:03.723+0900] {dag.py:3677} INFO - Setting next_dagrun for example_bash_operator to 2023-08-31T00:00:00+00:00, run_after=2023-09-01T00:00:00+00:00
[2023-09-01T13:22:03.734+0900] {processor.py:179} INFO - Processing /usr/local/lib/python3.8/dist-packages/airflow/example_dags/example_bash_operator.py took 0.060 seconds
[2023-09-01T13:22:47.164+0900] {processor.py:157} INFO - Started process (PID=12228) to work on /usr/local/lib/python3.8/dist-packages/airflow/example_dags/example_bash_operator.py
[2023-09-01T13:22:47.166+0900] {processor.py:829} INFO - Processing file /usr/local/lib/python3.8/dist-packages/airflow/example_dags/example_bash_operator.py for tasks to queue
[2023-09-01T13:22:47.168+0900] {logging_mixin.py:151} INFO - [2023-09-01T13:22:47.167+0900] {dagbag.py:539} INFO - Filling up the DagBag from /usr/local/lib/python3.8/dist-packages/airflow/example_dags/example_bash_operator.py
[2023-09-01T13:22:47.183+0900] {processor.py:839} INFO - DAG(s) dict_keys(['example_bash_operator']) retrieved from /usr/local/lib/python3.8/dist-packages/airflow/example_dags/example_bash_operator.py
[2023-09-01T13:22:47.203+0900] {logging_mixin.py:151} INFO - [2023-09-01T13:22:47.203+0900] {dag.py:2907} INFO - Sync 1 DAGs
[2023-09-01T13:22:47.215+0900] {logging_mixin.py:151} INFO - [2023-09-01T13:22:47.215+0900] {dag.py:3677} INFO - Setting next_dagrun for example_bash_operator to 2023-08-31T00:00:00+00:00, run_after=2023-09-01T00:00:00+00:00
[2023-09-01T13:22:47.226+0900] {processor.py:179} INFO - Processing /usr/local/lib/python3.8/dist-packages/airflow/example_dags/example_bash_operator.py took 0.068 seconds
[2023-09-01T13:23:29.904+0900] {processor.py:157} INFO - Started process (PID=12668) to work on /usr/local/lib/python3.8/dist-packages/airflow/example_dags/example_bash_operator.py
[2023-09-01T13:23:29.905+0900] {processor.py:829} INFO - Processing file /usr/local/lib/python3.8/dist-packages/airflow/example_dags/example_bash_operator.py for tasks to queue
[2023-09-01T13:23:29.907+0900] {logging_mixin.py:151} INFO - [2023-09-01T13:23:29.906+0900] {dagbag.py:539} INFO - Filling up the DagBag from /usr/local/lib/python3.8/dist-packages/airflow/example_dags/example_bash_operator.py
[2023-09-01T13:23:29.922+0900] {processor.py:839} INFO - DAG(s) dict_keys(['example_bash_operator']) retrieved from /usr/local/lib/python3.8/dist-packages/airflow/example_dags/example_bash_operator.py
[2023-09-01T13:23:29.941+0900] {logging_mixin.py:151} INFO - [2023-09-01T13:23:29.941+0900] {dag.py:2907} INFO - Sync 1 DAGs
[2023-09-01T13:23:29.953+0900] {logging_mixin.py:151} INFO - [2023-09-01T13:23:29.953+0900] {dag.py:3677} INFO - Setting next_dagrun for example_bash_operator to 2023-08-31T00:00:00+00:00, run_after=2023-09-01T00:00:00+00:00
[2023-09-01T13:23:29.964+0900] {processor.py:179} INFO - Processing /usr/local/lib/python3.8/dist-packages/airflow/example_dags/example_bash_operator.py took 0.065 seconds
[2023-09-01T13:24:30.252+0900] {processor.py:157} INFO - Started process (PID=13252) to work on /usr/local/lib/python3.8/dist-packages/airflow/example_dags/example_bash_operator.py
[2023-09-01T13:24:30.255+0900] {processor.py:829} INFO - Processing file /usr/local/lib/python3.8/dist-packages/airflow/example_dags/example_bash_operator.py for tasks to queue
[2023-09-01T13:24:30.256+0900] {logging_mixin.py:151} INFO - [2023-09-01T13:24:30.255+0900] {dagbag.py:539} INFO - Filling up the DagBag from /usr/local/lib/python3.8/dist-packages/airflow/example_dags/example_bash_operator.py
[2023-09-01T13:24:30.269+0900] {processor.py:839} INFO - DAG(s) dict_keys(['example_bash_operator']) retrieved from /usr/local/lib/python3.8/dist-packages/airflow/example_dags/example_bash_operator.py
[2023-09-01T13:24:30.290+0900] {logging_mixin.py:151} INFO - [2023-09-01T13:24:30.290+0900] {dag.py:2907} INFO - Sync 1 DAGs
[2023-09-01T13:24:30.302+0900] {logging_mixin.py:151} INFO - [2023-09-01T13:24:30.302+0900] {dag.py:3677} INFO - Setting next_dagrun for example_bash_operator to 2023-08-31T00:00:00+00:00, run_after=2023-09-01T00:00:00+00:00
[2023-09-01T13:24:30.314+0900] {processor.py:179} INFO - Processing /usr/local/lib/python3.8/dist-packages/airflow/example_dags/example_bash_operator.py took 0.066 seconds
[2023-09-01T13:25:43.142+0900] {processor.py:157} INFO - Started process (PID=14211) to work on /usr/local/lib/python3.8/dist-packages/airflow/example_dags/example_bash_operator.py
[2023-09-01T13:25:43.144+0900] {processor.py:829} INFO - Processing file /usr/local/lib/python3.8/dist-packages/airflow/example_dags/example_bash_operator.py for tasks to queue
[2023-09-01T13:25:43.145+0900] {logging_mixin.py:151} INFO - [2023-09-01T13:25:43.144+0900] {dagbag.py:539} INFO - Filling up the DagBag from /usr/local/lib/python3.8/dist-packages/airflow/example_dags/example_bash_operator.py
[2023-09-01T13:25:43.154+0900] {processor.py:839} INFO - DAG(s) dict_keys(['example_bash_operator']) retrieved from /usr/local/lib/python3.8/dist-packages/airflow/example_dags/example_bash_operator.py
[2023-09-01T13:25:43.167+0900] {logging_mixin.py:151} INFO - [2023-09-01T13:25:43.167+0900] {dag.py:2907} INFO - Sync 1 DAGs
[2023-09-01T13:25:43.176+0900] {logging_mixin.py:151} INFO - [2023-09-01T13:25:43.176+0900] {dag.py:3677} INFO - Setting next_dagrun for example_bash_operator to 2023-08-31T00:00:00+00:00, run_after=2023-09-01T00:00:00+00:00
[2023-09-01T13:25:43.185+0900] {processor.py:179} INFO - Processing /usr/local/lib/python3.8/dist-packages/airflow/example_dags/example_bash_operator.py took 0.046 seconds
[2023-09-01T13:26:41.608+0900] {processor.py:157} INFO - Started process (PID=14832) to work on /usr/local/lib/python3.8/dist-packages/airflow/example_dags/example_bash_operator.py
[2023-09-01T13:26:41.610+0900] {processor.py:829} INFO - Processing file /usr/local/lib/python3.8/dist-packages/airflow/example_dags/example_bash_operator.py for tasks to queue
[2023-09-01T13:26:41.611+0900] {logging_mixin.py:151} INFO - [2023-09-01T13:26:41.610+0900] {dagbag.py:539} INFO - Filling up the DagBag from /usr/local/lib/python3.8/dist-packages/airflow/example_dags/example_bash_operator.py
[2023-09-01T13:26:41.625+0900] {processor.py:839} INFO - DAG(s) dict_keys(['example_bash_operator']) retrieved from /usr/local/lib/python3.8/dist-packages/airflow/example_dags/example_bash_operator.py
[2023-09-01T13:26:41.643+0900] {logging_mixin.py:151} INFO - [2023-09-01T13:26:41.643+0900] {dag.py:2907} INFO - Sync 1 DAGs
[2023-09-01T13:26:41.654+0900] {logging_mixin.py:151} INFO - [2023-09-01T13:26:41.654+0900] {dag.py:3677} INFO - Setting next_dagrun for example_bash_operator to 2023-08-31T00:00:00+00:00, run_after=2023-09-01T00:00:00+00:00
[2023-09-01T13:26:41.664+0900] {processor.py:179} INFO - Processing /usr/local/lib/python3.8/dist-packages/airflow/example_dags/example_bash_operator.py took 0.060 seconds
[2023-09-01T13:27:40.575+0900] {processor.py:157} INFO - Started process (PID=15402) to work on /usr/local/lib/python3.8/dist-packages/airflow/example_dags/example_bash_operator.py
[2023-09-01T13:27:40.576+0900] {processor.py:829} INFO - Processing file /usr/local/lib/python3.8/dist-packages/airflow/example_dags/example_bash_operator.py for tasks to queue
[2023-09-01T13:27:40.577+0900] {logging_mixin.py:151} INFO - [2023-09-01T13:27:40.577+0900] {dagbag.py:539} INFO - Filling up the DagBag from /usr/local/lib/python3.8/dist-packages/airflow/example_dags/example_bash_operator.py
[2023-09-01T13:27:40.590+0900] {processor.py:839} INFO - DAG(s) dict_keys(['example_bash_operator']) retrieved from /usr/local/lib/python3.8/dist-packages/airflow/example_dags/example_bash_operator.py
[2023-09-01T13:27:40.607+0900] {logging_mixin.py:151} INFO - [2023-09-01T13:27:40.607+0900] {dag.py:2907} INFO - Sync 1 DAGs
[2023-09-01T13:27:40.617+0900] {logging_mixin.py:151} INFO - [2023-09-01T13:27:40.617+0900] {dag.py:3677} INFO - Setting next_dagrun for example_bash_operator to 2023-08-31T00:00:00+00:00, run_after=2023-09-01T00:00:00+00:00
[2023-09-01T13:27:40.627+0900] {processor.py:179} INFO - Processing /usr/local/lib/python3.8/dist-packages/airflow/example_dags/example_bash_operator.py took 0.056 seconds
[2023-09-01T13:28:24.626+0900] {processor.py:157} INFO - Started process (PID=15830) to work on /usr/local/lib/python3.8/dist-packages/airflow/example_dags/example_bash_operator.py
[2023-09-01T13:28:24.627+0900] {processor.py:829} INFO - Processing file /usr/local/lib/python3.8/dist-packages/airflow/example_dags/example_bash_operator.py for tasks to queue
[2023-09-01T13:28:24.628+0900] {logging_mixin.py:151} INFO - [2023-09-01T13:28:24.627+0900] {dagbag.py:539} INFO - Filling up the DagBag from /usr/local/lib/python3.8/dist-packages/airflow/example_dags/example_bash_operator.py
[2023-09-01T13:28:24.642+0900] {processor.py:839} INFO - DAG(s) dict_keys(['example_bash_operator']) retrieved from /usr/local/lib/python3.8/dist-packages/airflow/example_dags/example_bash_operator.py
[2023-09-01T13:28:24.661+0900] {logging_mixin.py:151} INFO - [2023-09-01T13:28:24.661+0900] {dag.py:2907} INFO - Sync 1 DAGs
[2023-09-01T13:28:24.674+0900] {logging_mixin.py:151} INFO - [2023-09-01T13:28:24.674+0900] {dag.py:3677} INFO - Setting next_dagrun for example_bash_operator to 2023-08-31T00:00:00+00:00, run_after=2023-09-01T00:00:00+00:00
[2023-09-01T13:28:24.685+0900] {processor.py:179} INFO - Processing /usr/local/lib/python3.8/dist-packages/airflow/example_dags/example_bash_operator.py took 0.064 seconds
[2023-09-01T13:29:13.576+0900] {processor.py:157} INFO - Started process (PID=16333) to work on /usr/local/lib/python3.8/dist-packages/airflow/example_dags/example_bash_operator.py
[2023-09-01T13:29:13.577+0900] {processor.py:829} INFO - Processing file /usr/local/lib/python3.8/dist-packages/airflow/example_dags/example_bash_operator.py for tasks to queue
[2023-09-01T13:29:13.578+0900] {logging_mixin.py:151} INFO - [2023-09-01T13:29:13.578+0900] {dagbag.py:539} INFO - Filling up the DagBag from /usr/local/lib/python3.8/dist-packages/airflow/example_dags/example_bash_operator.py
[2023-09-01T13:29:13.592+0900] {processor.py:839} INFO - DAG(s) dict_keys(['example_bash_operator']) retrieved from /usr/local/lib/python3.8/dist-packages/airflow/example_dags/example_bash_operator.py
[2023-09-01T13:29:13.610+0900] {logging_mixin.py:151} INFO - [2023-09-01T13:29:13.610+0900] {dag.py:2907} INFO - Sync 1 DAGs
[2023-09-01T13:29:13.622+0900] {logging_mixin.py:151} INFO - [2023-09-01T13:29:13.621+0900] {dag.py:3677} INFO - Setting next_dagrun for example_bash_operator to 2023-08-31T00:00:00+00:00, run_after=2023-09-01T00:00:00+00:00
[2023-09-01T13:29:13.633+0900] {processor.py:179} INFO - Processing /usr/local/lib/python3.8/dist-packages/airflow/example_dags/example_bash_operator.py took 0.062 seconds
[2023-09-01T13:29:59.329+0900] {processor.py:157} INFO - Started process (PID=16773) to work on /usr/local/lib/python3.8/dist-packages/airflow/example_dags/example_bash_operator.py
[2023-09-01T13:29:59.330+0900] {processor.py:829} INFO - Processing file /usr/local/lib/python3.8/dist-packages/airflow/example_dags/example_bash_operator.py for tasks to queue
[2023-09-01T13:29:59.332+0900] {logging_mixin.py:151} INFO - [2023-09-01T13:29:59.331+0900] {dagbag.py:539} INFO - Filling up the DagBag from /usr/local/lib/python3.8/dist-packages/airflow/example_dags/example_bash_operator.py
[2023-09-01T13:29:59.347+0900] {processor.py:839} INFO - DAG(s) dict_keys(['example_bash_operator']) retrieved from /usr/local/lib/python3.8/dist-packages/airflow/example_dags/example_bash_operator.py
[2023-09-01T13:29:59.369+0900] {logging_mixin.py:151} INFO - [2023-09-01T13:29:59.368+0900] {dag.py:2907} INFO - Sync 1 DAGs
[2023-09-01T13:29:59.381+0900] {logging_mixin.py:151} INFO - [2023-09-01T13:29:59.380+0900] {dag.py:3677} INFO - Setting next_dagrun for example_bash_operator to 2023-08-31T00:00:00+00:00, run_after=2023-09-01T00:00:00+00:00
[2023-09-01T13:29:59.391+0900] {processor.py:179} INFO - Processing /usr/local/lib/python3.8/dist-packages/airflow/example_dags/example_bash_operator.py took 0.067 seconds
[2023-09-01T13:30:46.364+0900] {processor.py:157} INFO - Started process (PID=17222) to work on /usr/local/lib/python3.8/dist-packages/airflow/example_dags/example_bash_operator.py
[2023-09-01T13:30:46.366+0900] {processor.py:829} INFO - Processing file /usr/local/lib/python3.8/dist-packages/airflow/example_dags/example_bash_operator.py for tasks to queue
[2023-09-01T13:30:46.367+0900] {logging_mixin.py:151} INFO - [2023-09-01T13:30:46.366+0900] {dagbag.py:539} INFO - Filling up the DagBag from /usr/local/lib/python3.8/dist-packages/airflow/example_dags/example_bash_operator.py
[2023-09-01T13:30:46.380+0900] {processor.py:839} INFO - DAG(s) dict_keys(['example_bash_operator']) retrieved from /usr/local/lib/python3.8/dist-packages/airflow/example_dags/example_bash_operator.py
[2023-09-01T13:30:46.399+0900] {logging_mixin.py:151} INFO - [2023-09-01T13:30:46.398+0900] {dag.py:2907} INFO - Sync 1 DAGs
[2023-09-01T13:30:46.411+0900] {logging_mixin.py:151} INFO - [2023-09-01T13:30:46.410+0900] {dag.py:3677} INFO - Setting next_dagrun for example_bash_operator to 2023-08-31T00:00:00+00:00, run_after=2023-09-01T00:00:00+00:00
[2023-09-01T13:30:46.421+0900] {processor.py:179} INFO - Processing /usr/local/lib/python3.8/dist-packages/airflow/example_dags/example_bash_operator.py took 0.062 seconds
[2023-09-01T13:31:42.633+0900] {processor.py:157} INFO - Started process (PID=17770) to work on /usr/local/lib/python3.8/dist-packages/airflow/example_dags/example_bash_operator.py
[2023-09-01T13:31:42.635+0900] {processor.py:829} INFO - Processing file /usr/local/lib/python3.8/dist-packages/airflow/example_dags/example_bash_operator.py for tasks to queue
[2023-09-01T13:31:42.637+0900] {logging_mixin.py:151} INFO - [2023-09-01T13:31:42.636+0900] {dagbag.py:539} INFO - Filling up the DagBag from /usr/local/lib/python3.8/dist-packages/airflow/example_dags/example_bash_operator.py
[2023-09-01T13:31:42.651+0900] {processor.py:839} INFO - DAG(s) dict_keys(['example_bash_operator']) retrieved from /usr/local/lib/python3.8/dist-packages/airflow/example_dags/example_bash_operator.py
[2023-09-01T13:31:42.671+0900] {logging_mixin.py:151} INFO - [2023-09-01T13:31:42.671+0900] {dag.py:2907} INFO - Sync 1 DAGs
[2023-09-01T13:31:42.684+0900] {logging_mixin.py:151} INFO - [2023-09-01T13:31:42.684+0900] {dag.py:3677} INFO - Setting next_dagrun for example_bash_operator to 2023-08-31T00:00:00+00:00, run_after=2023-09-01T00:00:00+00:00
[2023-09-01T13:31:42.694+0900] {processor.py:179} INFO - Processing /usr/local/lib/python3.8/dist-packages/airflow/example_dags/example_bash_operator.py took 0.068 seconds
[2023-09-01T13:32:27.681+0900] {processor.py:157} INFO - Started process (PID=18208) to work on /usr/local/lib/python3.8/dist-packages/airflow/example_dags/example_bash_operator.py
[2023-09-01T13:32:27.682+0900] {processor.py:829} INFO - Processing file /usr/local/lib/python3.8/dist-packages/airflow/example_dags/example_bash_operator.py for tasks to queue
[2023-09-01T13:32:27.684+0900] {logging_mixin.py:151} INFO - [2023-09-01T13:32:27.683+0900] {dagbag.py:539} INFO - Filling up the DagBag from /usr/local/lib/python3.8/dist-packages/airflow/example_dags/example_bash_operator.py
[2023-09-01T13:32:27.693+0900] {processor.py:839} INFO - DAG(s) dict_keys(['example_bash_operator']) retrieved from /usr/local/lib/python3.8/dist-packages/airflow/example_dags/example_bash_operator.py
[2023-09-01T13:32:27.712+0900] {logging_mixin.py:151} INFO - [2023-09-01T13:32:27.711+0900] {dag.py:2907} INFO - Sync 1 DAGs
[2023-09-01T13:32:27.724+0900] {logging_mixin.py:151} INFO - [2023-09-01T13:32:27.724+0900] {dag.py:3677} INFO - Setting next_dagrun for example_bash_operator to 2023-08-31T00:00:00+00:00, run_after=2023-09-01T00:00:00+00:00
[2023-09-01T13:32:27.735+0900] {processor.py:179} INFO - Processing /usr/local/lib/python3.8/dist-packages/airflow/example_dags/example_bash_operator.py took 0.059 seconds
[2023-09-01T13:33:11.638+0900] {processor.py:157} INFO - Started process (PID=18637) to work on /usr/local/lib/python3.8/dist-packages/airflow/example_dags/example_bash_operator.py
[2023-09-01T13:33:11.640+0900] {processor.py:829} INFO - Processing file /usr/local/lib/python3.8/dist-packages/airflow/example_dags/example_bash_operator.py for tasks to queue
[2023-09-01T13:33:11.641+0900] {logging_mixin.py:151} INFO - [2023-09-01T13:33:11.640+0900] {dagbag.py:539} INFO - Filling up the DagBag from /usr/local/lib/python3.8/dist-packages/airflow/example_dags/example_bash_operator.py
[2023-09-01T13:33:11.654+0900] {processor.py:839} INFO - DAG(s) dict_keys(['example_bash_operator']) retrieved from /usr/local/lib/python3.8/dist-packages/airflow/example_dags/example_bash_operator.py
[2023-09-01T13:33:11.672+0900] {logging_mixin.py:151} INFO - [2023-09-01T13:33:11.672+0900] {dag.py:2907} INFO - Sync 1 DAGs
[2023-09-01T13:33:11.684+0900] {logging_mixin.py:151} INFO - [2023-09-01T13:33:11.684+0900] {dag.py:3677} INFO - Setting next_dagrun for example_bash_operator to 2023-08-31T00:00:00+00:00, run_after=2023-09-01T00:00:00+00:00
[2023-09-01T13:33:11.694+0900] {processor.py:179} INFO - Processing /usr/local/lib/python3.8/dist-packages/airflow/example_dags/example_bash_operator.py took 0.060 seconds
[2023-09-01T13:34:00.527+0900] {processor.py:157} INFO - Started process (PID=19134) to work on /usr/local/lib/python3.8/dist-packages/airflow/example_dags/example_bash_operator.py
[2023-09-01T13:34:00.528+0900] {processor.py:829} INFO - Processing file /usr/local/lib/python3.8/dist-packages/airflow/example_dags/example_bash_operator.py for tasks to queue
[2023-09-01T13:34:00.530+0900] {logging_mixin.py:151} INFO - [2023-09-01T13:34:00.529+0900] {dagbag.py:539} INFO - Filling up the DagBag from /usr/local/lib/python3.8/dist-packages/airflow/example_dags/example_bash_operator.py
[2023-09-01T13:34:00.545+0900] {processor.py:839} INFO - DAG(s) dict_keys(['example_bash_operator']) retrieved from /usr/local/lib/python3.8/dist-packages/airflow/example_dags/example_bash_operator.py
[2023-09-01T13:34:00.565+0900] {logging_mixin.py:151} INFO - [2023-09-01T13:34:00.565+0900] {dag.py:2907} INFO - Sync 1 DAGs
[2023-09-01T13:34:00.577+0900] {logging_mixin.py:151} INFO - [2023-09-01T13:34:00.577+0900] {dag.py:3677} INFO - Setting next_dagrun for example_bash_operator to 2023-08-31T00:00:00+00:00, run_after=2023-09-01T00:00:00+00:00
[2023-09-01T13:34:00.588+0900] {processor.py:179} INFO - Processing /usr/local/lib/python3.8/dist-packages/airflow/example_dags/example_bash_operator.py took 0.068 seconds
[2023-09-01T13:34:45.931+0900] {processor.py:157} INFO - Started process (PID=19570) to work on /usr/local/lib/python3.8/dist-packages/airflow/example_dags/example_bash_operator.py
[2023-09-01T13:34:45.933+0900] {processor.py:829} INFO - Processing file /usr/local/lib/python3.8/dist-packages/airflow/example_dags/example_bash_operator.py for tasks to queue
[2023-09-01T13:34:45.934+0900] {logging_mixin.py:151} INFO - [2023-09-01T13:34:45.934+0900] {dagbag.py:539} INFO - Filling up the DagBag from /usr/local/lib/python3.8/dist-packages/airflow/example_dags/example_bash_operator.py
[2023-09-01T13:34:45.949+0900] {processor.py:839} INFO - DAG(s) dict_keys(['example_bash_operator']) retrieved from /usr/local/lib/python3.8/dist-packages/airflow/example_dags/example_bash_operator.py
[2023-09-01T13:34:45.969+0900] {logging_mixin.py:151} INFO - [2023-09-01T13:34:45.969+0900] {dag.py:2907} INFO - Sync 1 DAGs
[2023-09-01T13:34:45.980+0900] {logging_mixin.py:151} INFO - [2023-09-01T13:34:45.980+0900] {dag.py:3677} INFO - Setting next_dagrun for example_bash_operator to 2023-08-31T00:00:00+00:00, run_after=2023-09-01T00:00:00+00:00
[2023-09-01T13:34:45.991+0900] {processor.py:179} INFO - Processing /usr/local/lib/python3.8/dist-packages/airflow/example_dags/example_bash_operator.py took 0.066 seconds
[2023-09-01T13:35:41.501+0900] {processor.py:157} INFO - Started process (PID=20109) to work on /usr/local/lib/python3.8/dist-packages/airflow/example_dags/example_bash_operator.py
[2023-09-01T13:35:41.502+0900] {processor.py:829} INFO - Processing file /usr/local/lib/python3.8/dist-packages/airflow/example_dags/example_bash_operator.py for tasks to queue
[2023-09-01T13:35:41.503+0900] {logging_mixin.py:151} INFO - [2023-09-01T13:35:41.503+0900] {dagbag.py:539} INFO - Filling up the DagBag from /usr/local/lib/python3.8/dist-packages/airflow/example_dags/example_bash_operator.py
[2023-09-01T13:35:41.518+0900] {processor.py:839} INFO - DAG(s) dict_keys(['example_bash_operator']) retrieved from /usr/local/lib/python3.8/dist-packages/airflow/example_dags/example_bash_operator.py
[2023-09-01T13:35:41.539+0900] {logging_mixin.py:151} INFO - [2023-09-01T13:35:41.539+0900] {dag.py:2907} INFO - Sync 1 DAGs
[2023-09-01T13:35:41.552+0900] {logging_mixin.py:151} INFO - [2023-09-01T13:35:41.552+0900] {dag.py:3677} INFO - Setting next_dagrun for example_bash_operator to 2023-08-31T00:00:00+00:00, run_after=2023-09-01T00:00:00+00:00
[2023-09-01T13:35:41.563+0900] {processor.py:179} INFO - Processing /usr/local/lib/python3.8/dist-packages/airflow/example_dags/example_bash_operator.py took 0.067 seconds
[2023-09-01T13:36:28.550+0900] {processor.py:157} INFO - Started process (PID=20564) to work on /usr/local/lib/python3.8/dist-packages/airflow/example_dags/example_bash_operator.py
[2023-09-01T13:36:28.552+0900] {processor.py:829} INFO - Processing file /usr/local/lib/python3.8/dist-packages/airflow/example_dags/example_bash_operator.py for tasks to queue
[2023-09-01T13:36:28.553+0900] {logging_mixin.py:151} INFO - [2023-09-01T13:36:28.552+0900] {dagbag.py:539} INFO - Filling up the DagBag from /usr/local/lib/python3.8/dist-packages/airflow/example_dags/example_bash_operator.py
[2023-09-01T13:36:28.565+0900] {processor.py:839} INFO - DAG(s) dict_keys(['example_bash_operator']) retrieved from /usr/local/lib/python3.8/dist-packages/airflow/example_dags/example_bash_operator.py
[2023-09-01T13:36:28.587+0900] {logging_mixin.py:151} INFO - [2023-09-01T13:36:28.586+0900] {dag.py:2907} INFO - Sync 1 DAGs
[2023-09-01T13:36:28.600+0900] {logging_mixin.py:151} INFO - [2023-09-01T13:36:28.599+0900] {dag.py:3677} INFO - Setting next_dagrun for example_bash_operator to 2023-08-31T00:00:00+00:00, run_after=2023-09-01T00:00:00+00:00
[2023-09-01T13:36:28.611+0900] {processor.py:179} INFO - Processing /usr/local/lib/python3.8/dist-packages/airflow/example_dags/example_bash_operator.py took 0.066 seconds
[2023-09-01T13:37:15.221+0900] {processor.py:157} INFO - Started process (PID=21018) to work on /usr/local/lib/python3.8/dist-packages/airflow/example_dags/example_bash_operator.py
[2023-09-01T13:37:15.223+0900] {processor.py:829} INFO - Processing file /usr/local/lib/python3.8/dist-packages/airflow/example_dags/example_bash_operator.py for tasks to queue
[2023-09-01T13:37:15.224+0900] {logging_mixin.py:151} INFO - [2023-09-01T13:37:15.223+0900] {dagbag.py:539} INFO - Filling up the DagBag from /usr/local/lib/python3.8/dist-packages/airflow/example_dags/example_bash_operator.py
[2023-09-01T13:37:15.238+0900] {processor.py:839} INFO - DAG(s) dict_keys(['example_bash_operator']) retrieved from /usr/local/lib/python3.8/dist-packages/airflow/example_dags/example_bash_operator.py
[2023-09-01T13:37:15.256+0900] {logging_mixin.py:151} INFO - [2023-09-01T13:37:15.256+0900] {dag.py:2907} INFO - Sync 1 DAGs
[2023-09-01T13:37:15.267+0900] {logging_mixin.py:151} INFO - [2023-09-01T13:37:15.267+0900] {dag.py:3677} INFO - Setting next_dagrun for example_bash_operator to 2023-08-31T00:00:00+00:00, run_after=2023-09-01T00:00:00+00:00
[2023-09-01T13:37:15.278+0900] {processor.py:179} INFO - Processing /usr/local/lib/python3.8/dist-packages/airflow/example_dags/example_bash_operator.py took 0.063 seconds
[2023-09-01T13:38:02.680+0900] {processor.py:157} INFO - Started process (PID=21474) to work on /usr/local/lib/python3.8/dist-packages/airflow/example_dags/example_bash_operator.py
[2023-09-01T13:38:02.682+0900] {processor.py:829} INFO - Processing file /usr/local/lib/python3.8/dist-packages/airflow/example_dags/example_bash_operator.py for tasks to queue
[2023-09-01T13:38:02.683+0900] {logging_mixin.py:151} INFO - [2023-09-01T13:38:02.682+0900] {dagbag.py:539} INFO - Filling up the DagBag from /usr/local/lib/python3.8/dist-packages/airflow/example_dags/example_bash_operator.py
[2023-09-01T13:38:02.699+0900] {processor.py:839} INFO - DAG(s) dict_keys(['example_bash_operator']) retrieved from /usr/local/lib/python3.8/dist-packages/airflow/example_dags/example_bash_operator.py
[2023-09-01T13:38:02.718+0900] {logging_mixin.py:151} INFO - [2023-09-01T13:38:02.718+0900] {dag.py:2907} INFO - Sync 1 DAGs
[2023-09-01T13:38:02.729+0900] {logging_mixin.py:151} INFO - [2023-09-01T13:38:02.729+0900] {dag.py:3677} INFO - Setting next_dagrun for example_bash_operator to 2023-08-31T00:00:00+00:00, run_after=2023-09-01T00:00:00+00:00
[2023-09-01T13:38:02.740+0900] {processor.py:179} INFO - Processing /usr/local/lib/python3.8/dist-packages/airflow/example_dags/example_bash_operator.py took 0.066 seconds
[2023-09-01T13:38:46.936+0900] {processor.py:157} INFO - Started process (PID=21915) to work on /usr/local/lib/python3.8/dist-packages/airflow/example_dags/example_bash_operator.py
[2023-09-01T13:38:46.937+0900] {processor.py:829} INFO - Processing file /usr/local/lib/python3.8/dist-packages/airflow/example_dags/example_bash_operator.py for tasks to queue
[2023-09-01T13:38:46.938+0900] {logging_mixin.py:151} INFO - [2023-09-01T13:38:46.938+0900] {dagbag.py:539} INFO - Filling up the DagBag from /usr/local/lib/python3.8/dist-packages/airflow/example_dags/example_bash_operator.py
[2023-09-01T13:38:46.946+0900] {processor.py:839} INFO - DAG(s) dict_keys(['example_bash_operator']) retrieved from /usr/local/lib/python3.8/dist-packages/airflow/example_dags/example_bash_operator.py
[2023-09-01T13:38:46.959+0900] {logging_mixin.py:151} INFO - [2023-09-01T13:38:46.958+0900] {dag.py:2907} INFO - Sync 1 DAGs
[2023-09-01T13:38:46.967+0900] {logging_mixin.py:151} INFO - [2023-09-01T13:38:46.967+0900] {dag.py:3677} INFO - Setting next_dagrun for example_bash_operator to 2023-08-31T00:00:00+00:00, run_after=2023-09-01T00:00:00+00:00
[2023-09-01T13:38:46.977+0900] {processor.py:179} INFO - Processing /usr/local/lib/python3.8/dist-packages/airflow/example_dags/example_bash_operator.py took 0.043 seconds
