[2023-09-01T13:07:47.674+0900] {processor.py:157} INFO - Started process (PID=2120) to work on /usr/local/lib/python3.8/dist-packages/airflow/example_dags/example_python_operator.py
[2023-09-01T13:07:47.674+0900] {processor.py:829} INFO - Processing file /usr/local/lib/python3.8/dist-packages/airflow/example_dags/example_python_operator.py for tasks to queue
[2023-09-01T13:07:47.675+0900] {logging_mixin.py:151} INFO - [2023-09-01T13:07:47.674+0900] {dagbag.py:539} INFO - Filling up the DagBag from /usr/local/lib/python3.8/dist-packages/airflow/example_dags/example_python_operator.py
[2023-09-01T13:07:47.682+0900] {logging_mixin.py:151} INFO - [2023-09-01T13:07:47.682+0900] {example_python_operator.py:89} WARNING - The virtalenv_python example task requires virtualenv, please install it.
[2023-09-01T13:07:47.683+0900] {processor.py:839} INFO - DAG(s) dict_keys(['example_python_operator']) retrieved from /usr/local/lib/python3.8/dist-packages/airflow/example_dags/example_python_operator.py
[2023-09-01T13:07:47.734+0900] {logging_mixin.py:151} INFO - [2023-09-01T13:07:47.734+0900] {manager.py:501} INFO - Created Permission View: can delete on DAG:example_python_operator
[2023-09-01T13:07:47.739+0900] {logging_mixin.py:151} INFO - [2023-09-01T13:07:47.739+0900] {manager.py:501} INFO - Created Permission View: can read on DAG:example_python_operator
[2023-09-01T13:07:47.742+0900] {logging_mixin.py:151} INFO - [2023-09-01T13:07:47.742+0900] {manager.py:501} INFO - Created Permission View: can edit on DAG:example_python_operator
[2023-09-01T13:07:47.746+0900] {logging_mixin.py:151} INFO - [2023-09-01T13:07:47.746+0900] {dag.py:2907} INFO - Sync 1 DAGs
[2023-09-01T13:07:47.750+0900] {logging_mixin.py:151} INFO - [2023-09-01T13:07:47.750+0900] {dag.py:2929} INFO - Creating ORM DAG for example_python_operator
[2023-09-01T13:07:47.750+0900] {logging_mixin.py:151} INFO - [2023-09-01T13:07:47.750+0900] {dag.py:3677} INFO - Setting next_dagrun for example_python_operator to None, run_after=None
[2023-09-01T13:07:47.760+0900] {processor.py:179} INFO - Processing /usr/local/lib/python3.8/dist-packages/airflow/example_dags/example_python_operator.py took 0.088 seconds
[2023-09-01T13:08:34.336+0900] {processor.py:157} INFO - Started process (PID=3061) to work on /usr/local/lib/python3.8/dist-packages/airflow/example_dags/example_python_operator.py
[2023-09-01T13:08:34.338+0900] {processor.py:829} INFO - Processing file /usr/local/lib/python3.8/dist-packages/airflow/example_dags/example_python_operator.py for tasks to queue
[2023-09-01T13:08:34.339+0900] {logging_mixin.py:151} INFO - [2023-09-01T13:08:34.338+0900] {dagbag.py:539} INFO - Filling up the DagBag from /usr/local/lib/python3.8/dist-packages/airflow/example_dags/example_python_operator.py
[2023-09-01T13:08:34.345+0900] {logging_mixin.py:151} INFO - [2023-09-01T13:08:34.345+0900] {example_python_operator.py:89} WARNING - The virtalenv_python example task requires virtualenv, please install it.
[2023-09-01T13:08:34.345+0900] {processor.py:839} INFO - DAG(s) dict_keys(['example_python_operator']) retrieved from /usr/local/lib/python3.8/dist-packages/airflow/example_dags/example_python_operator.py
[2023-09-01T13:08:34.357+0900] {logging_mixin.py:151} INFO - [2023-09-01T13:08:34.357+0900] {dag.py:2907} INFO - Sync 1 DAGs
[2023-09-01T13:08:34.362+0900] {logging_mixin.py:151} INFO - [2023-09-01T13:08:34.362+0900] {dag.py:3677} INFO - Setting next_dagrun for example_python_operator to None, run_after=None
[2023-09-01T13:08:34.373+0900] {processor.py:179} INFO - Processing /usr/local/lib/python3.8/dist-packages/airflow/example_dags/example_python_operator.py took 0.040 seconds
[2023-09-01T13:09:23.049+0900] {processor.py:157} INFO - Started process (PID=4266) to work on /usr/local/lib/python3.8/dist-packages/airflow/example_dags/example_python_operator.py
[2023-09-01T13:09:23.051+0900] {processor.py:829} INFO - Processing file /usr/local/lib/python3.8/dist-packages/airflow/example_dags/example_python_operator.py for tasks to queue
[2023-09-01T13:09:23.052+0900] {logging_mixin.py:151} INFO - [2023-09-01T13:09:23.051+0900] {dagbag.py:539} INFO - Filling up the DagBag from /usr/local/lib/python3.8/dist-packages/airflow/example_dags/example_python_operator.py
[2023-09-01T13:09:23.061+0900] {logging_mixin.py:151} INFO - [2023-09-01T13:09:23.060+0900] {example_python_operator.py:89} WARNING - The virtalenv_python example task requires virtualenv, please install it.
[2023-09-01T13:09:23.061+0900] {processor.py:839} INFO - DAG(s) dict_keys(['example_python_operator']) retrieved from /usr/local/lib/python3.8/dist-packages/airflow/example_dags/example_python_operator.py
[2023-09-01T13:09:23.075+0900] {logging_mixin.py:151} INFO - [2023-09-01T13:09:23.075+0900] {dag.py:2907} INFO - Sync 1 DAGs
[2023-09-01T13:09:23.081+0900] {logging_mixin.py:151} INFO - [2023-09-01T13:09:23.081+0900] {dag.py:3677} INFO - Setting next_dagrun for example_python_operator to None, run_after=None
[2023-09-01T13:09:23.092+0900] {processor.py:179} INFO - Processing /usr/local/lib/python3.8/dist-packages/airflow/example_dags/example_python_operator.py took 0.047 seconds
[2023-09-01T13:10:17.898+0900] {processor.py:157} INFO - Started process (PID=4787) to work on /usr/local/lib/python3.8/dist-packages/airflow/example_dags/example_python_operator.py
[2023-09-01T13:10:17.899+0900] {processor.py:829} INFO - Processing file /usr/local/lib/python3.8/dist-packages/airflow/example_dags/example_python_operator.py for tasks to queue
[2023-09-01T13:10:17.901+0900] {logging_mixin.py:151} INFO - [2023-09-01T13:10:17.900+0900] {dagbag.py:539} INFO - Filling up the DagBag from /usr/local/lib/python3.8/dist-packages/airflow/example_dags/example_python_operator.py
[2023-09-01T13:10:17.911+0900] {logging_mixin.py:151} INFO - [2023-09-01T13:10:17.911+0900] {example_python_operator.py:89} WARNING - The virtalenv_python example task requires virtualenv, please install it.
[2023-09-01T13:10:17.911+0900] {processor.py:839} INFO - DAG(s) dict_keys(['example_python_operator']) retrieved from /usr/local/lib/python3.8/dist-packages/airflow/example_dags/example_python_operator.py
[2023-09-01T13:10:17.927+0900] {logging_mixin.py:151} INFO - [2023-09-01T13:10:17.927+0900] {dag.py:2907} INFO - Sync 1 DAGs
[2023-09-01T13:10:17.934+0900] {logging_mixin.py:151} INFO - [2023-09-01T13:10:17.934+0900] {dag.py:3677} INFO - Setting next_dagrun for example_python_operator to None, run_after=None
[2023-09-01T13:10:17.948+0900] {processor.py:179} INFO - Processing /usr/local/lib/python3.8/dist-packages/airflow/example_dags/example_python_operator.py took 0.055 seconds
[2023-09-01T13:11:04.466+0900] {processor.py:157} INFO - Started process (PID=5233) to work on /usr/local/lib/python3.8/dist-packages/airflow/example_dags/example_python_operator.py
[2023-09-01T13:11:04.468+0900] {processor.py:829} INFO - Processing file /usr/local/lib/python3.8/dist-packages/airflow/example_dags/example_python_operator.py for tasks to queue
[2023-09-01T13:11:04.470+0900] {logging_mixin.py:151} INFO - [2023-09-01T13:11:04.469+0900] {dagbag.py:539} INFO - Filling up the DagBag from /usr/local/lib/python3.8/dist-packages/airflow/example_dags/example_python_operator.py
[2023-09-01T13:11:04.481+0900] {logging_mixin.py:151} INFO - [2023-09-01T13:11:04.481+0900] {example_python_operator.py:89} WARNING - The virtalenv_python example task requires virtualenv, please install it.
[2023-09-01T13:11:04.481+0900] {processor.py:839} INFO - DAG(s) dict_keys(['example_python_operator']) retrieved from /usr/local/lib/python3.8/dist-packages/airflow/example_dags/example_python_operator.py
[2023-09-01T13:11:04.497+0900] {logging_mixin.py:151} INFO - [2023-09-01T13:11:04.497+0900] {dag.py:2907} INFO - Sync 1 DAGs
[2023-09-01T13:11:04.504+0900] {logging_mixin.py:151} INFO - [2023-09-01T13:11:04.504+0900] {dag.py:3677} INFO - Setting next_dagrun for example_python_operator to None, run_after=None
[2023-09-01T13:11:04.515+0900] {processor.py:179} INFO - Processing /usr/local/lib/python3.8/dist-packages/airflow/example_dags/example_python_operator.py took 0.055 seconds
[2023-09-01T13:13:03.908+0900] {processor.py:157} INFO - Started process (PID=5950) to work on /usr/local/lib/python3.8/dist-packages/airflow/example_dags/example_python_operator.py
[2023-09-01T13:13:03.910+0900] {processor.py:829} INFO - Processing file /usr/local/lib/python3.8/dist-packages/airflow/example_dags/example_python_operator.py for tasks to queue
[2023-09-01T13:13:03.910+0900] {logging_mixin.py:151} INFO - [2023-09-01T13:13:03.910+0900] {dagbag.py:539} INFO - Filling up the DagBag from /usr/local/lib/python3.8/dist-packages/airflow/example_dags/example_python_operator.py
[2023-09-01T13:13:03.917+0900] {logging_mixin.py:151} INFO - [2023-09-01T13:13:03.917+0900] {example_python_operator.py:89} WARNING - The virtalenv_python example task requires virtualenv, please install it.
[2023-09-01T13:13:03.917+0900] {processor.py:839} INFO - DAG(s) dict_keys(['example_python_operator']) retrieved from /usr/local/lib/python3.8/dist-packages/airflow/example_dags/example_python_operator.py
[2023-09-01T13:13:03.928+0900] {logging_mixin.py:151} INFO - [2023-09-01T13:13:03.928+0900] {dag.py:2907} INFO - Sync 1 DAGs
[2023-09-01T13:13:03.934+0900] {logging_mixin.py:151} INFO - [2023-09-01T13:13:03.934+0900] {dag.py:3677} INFO - Setting next_dagrun for example_python_operator to None, run_after=None
[2023-09-01T13:13:03.943+0900] {processor.py:179} INFO - Processing /usr/local/lib/python3.8/dist-packages/airflow/example_dags/example_python_operator.py took 0.038 seconds
[2023-09-01T13:13:46.985+0900] {processor.py:157} INFO - Started process (PID=6394) to work on /usr/local/lib/python3.8/dist-packages/airflow/example_dags/example_python_operator.py
[2023-09-01T13:13:46.986+0900] {processor.py:829} INFO - Processing file /usr/local/lib/python3.8/dist-packages/airflow/example_dags/example_python_operator.py for tasks to queue
[2023-09-01T13:13:46.988+0900] {logging_mixin.py:151} INFO - [2023-09-01T13:13:46.987+0900] {dagbag.py:539} INFO - Filling up the DagBag from /usr/local/lib/python3.8/dist-packages/airflow/example_dags/example_python_operator.py
[2023-09-01T13:13:46.998+0900] {logging_mixin.py:151} INFO - [2023-09-01T13:13:46.998+0900] {example_python_operator.py:89} WARNING - The virtalenv_python example task requires virtualenv, please install it.
[2023-09-01T13:13:46.999+0900] {processor.py:839} INFO - DAG(s) dict_keys(['example_python_operator']) retrieved from /usr/local/lib/python3.8/dist-packages/airflow/example_dags/example_python_operator.py
[2023-09-01T13:13:47.014+0900] {logging_mixin.py:151} INFO - [2023-09-01T13:13:47.014+0900] {dag.py:2907} INFO - Sync 1 DAGs
[2023-09-01T13:13:47.021+0900] {logging_mixin.py:151} INFO - [2023-09-01T13:13:47.021+0900] {dag.py:3677} INFO - Setting next_dagrun for example_python_operator to None, run_after=None
[2023-09-01T13:13:47.033+0900] {processor.py:179} INFO - Processing /usr/local/lib/python3.8/dist-packages/airflow/example_dags/example_python_operator.py took 0.053 seconds
[2023-09-01T13:14:31.149+0900] {processor.py:157} INFO - Started process (PID=7313) to work on /usr/local/lib/python3.8/dist-packages/airflow/example_dags/example_python_operator.py
[2023-09-01T13:14:31.151+0900] {processor.py:829} INFO - Processing file /usr/local/lib/python3.8/dist-packages/airflow/example_dags/example_python_operator.py for tasks to queue
[2023-09-01T13:14:31.152+0900] {logging_mixin.py:151} INFO - [2023-09-01T13:14:31.151+0900] {dagbag.py:539} INFO - Filling up the DagBag from /usr/local/lib/python3.8/dist-packages/airflow/example_dags/example_python_operator.py
[2023-09-01T13:14:31.162+0900] {logging_mixin.py:151} INFO - [2023-09-01T13:14:31.162+0900] {example_python_operator.py:89} WARNING - The virtalenv_python example task requires virtualenv, please install it.
[2023-09-01T13:14:31.162+0900] {processor.py:839} INFO - DAG(s) dict_keys(['example_python_operator']) retrieved from /usr/local/lib/python3.8/dist-packages/airflow/example_dags/example_python_operator.py
[2023-09-01T13:14:31.177+0900] {logging_mixin.py:151} INFO - [2023-09-01T13:14:31.177+0900] {dag.py:2907} INFO - Sync 1 DAGs
[2023-09-01T13:14:31.185+0900] {logging_mixin.py:151} INFO - [2023-09-01T13:14:31.185+0900] {dag.py:3677} INFO - Setting next_dagrun for example_python_operator to None, run_after=None
[2023-09-01T13:14:31.197+0900] {processor.py:179} INFO - Processing /usr/local/lib/python3.8/dist-packages/airflow/example_dags/example_python_operator.py took 0.053 seconds
[2023-09-01T13:15:15.243+0900] {processor.py:157} INFO - Started process (PID=7819) to work on /usr/local/lib/python3.8/dist-packages/airflow/example_dags/example_python_operator.py
[2023-09-01T13:15:15.244+0900] {processor.py:829} INFO - Processing file /usr/local/lib/python3.8/dist-packages/airflow/example_dags/example_python_operator.py for tasks to queue
[2023-09-01T13:15:15.246+0900] {logging_mixin.py:151} INFO - [2023-09-01T13:15:15.245+0900] {dagbag.py:539} INFO - Filling up the DagBag from /usr/local/lib/python3.8/dist-packages/airflow/example_dags/example_python_operator.py
[2023-09-01T13:15:15.255+0900] {logging_mixin.py:151} INFO - [2023-09-01T13:15:15.254+0900] {example_python_operator.py:89} WARNING - The virtalenv_python example task requires virtualenv, please install it.
[2023-09-01T13:15:15.255+0900] {processor.py:839} INFO - DAG(s) dict_keys(['example_python_operator']) retrieved from /usr/local/lib/python3.8/dist-packages/airflow/example_dags/example_python_operator.py
[2023-09-01T13:15:15.271+0900] {logging_mixin.py:151} INFO - [2023-09-01T13:15:15.271+0900] {dag.py:2907} INFO - Sync 1 DAGs
[2023-09-01T13:15:15.279+0900] {logging_mixin.py:151} INFO - [2023-09-01T13:15:15.279+0900] {dag.py:3677} INFO - Setting next_dagrun for example_python_operator to None, run_after=None
[2023-09-01T13:15:15.291+0900] {processor.py:179} INFO - Processing /usr/local/lib/python3.8/dist-packages/airflow/example_dags/example_python_operator.py took 0.053 seconds
[2023-09-01T13:16:02.986+0900] {processor.py:157} INFO - Started process (PID=8322) to work on /usr/local/lib/python3.8/dist-packages/airflow/example_dags/example_python_operator.py
[2023-09-01T13:16:02.987+0900] {processor.py:829} INFO - Processing file /usr/local/lib/python3.8/dist-packages/airflow/example_dags/example_python_operator.py for tasks to queue
[2023-09-01T13:16:02.988+0900] {logging_mixin.py:151} INFO - [2023-09-01T13:16:02.987+0900] {dagbag.py:539} INFO - Filling up the DagBag from /usr/local/lib/python3.8/dist-packages/airflow/example_dags/example_python_operator.py
[2023-09-01T13:16:02.996+0900] {logging_mixin.py:151} INFO - [2023-09-01T13:16:02.996+0900] {example_python_operator.py:89} WARNING - The virtalenv_python example task requires virtualenv, please install it.
[2023-09-01T13:16:02.996+0900] {processor.py:839} INFO - DAG(s) dict_keys(['example_python_operator']) retrieved from /usr/local/lib/python3.8/dist-packages/airflow/example_dags/example_python_operator.py
[2023-09-01T13:16:03.009+0900] {logging_mixin.py:151} INFO - [2023-09-01T13:16:03.009+0900] {dag.py:2907} INFO - Sync 1 DAGs
[2023-09-01T13:16:03.016+0900] {logging_mixin.py:151} INFO - [2023-09-01T13:16:03.016+0900] {dag.py:3677} INFO - Setting next_dagrun for example_python_operator to None, run_after=None
[2023-09-01T13:16:03.027+0900] {processor.py:179} INFO - Processing /usr/local/lib/python3.8/dist-packages/airflow/example_dags/example_python_operator.py took 0.045 seconds
[2023-09-01T13:16:46.129+0900] {processor.py:157} INFO - Started process (PID=8739) to work on /usr/local/lib/python3.8/dist-packages/airflow/example_dags/example_python_operator.py
[2023-09-01T13:16:46.130+0900] {processor.py:829} INFO - Processing file /usr/local/lib/python3.8/dist-packages/airflow/example_dags/example_python_operator.py for tasks to queue
[2023-09-01T13:16:46.131+0900] {logging_mixin.py:151} INFO - [2023-09-01T13:16:46.130+0900] {dagbag.py:539} INFO - Filling up the DagBag from /usr/local/lib/python3.8/dist-packages/airflow/example_dags/example_python_operator.py
[2023-09-01T13:16:46.141+0900] {logging_mixin.py:151} INFO - [2023-09-01T13:16:46.141+0900] {example_python_operator.py:89} WARNING - The virtalenv_python example task requires virtualenv, please install it.
[2023-09-01T13:16:46.142+0900] {processor.py:839} INFO - DAG(s) dict_keys(['example_python_operator']) retrieved from /usr/local/lib/python3.8/dist-packages/airflow/example_dags/example_python_operator.py
[2023-09-01T13:16:46.157+0900] {logging_mixin.py:151} INFO - [2023-09-01T13:16:46.157+0900] {dag.py:2907} INFO - Sync 1 DAGs
[2023-09-01T13:16:46.165+0900] {logging_mixin.py:151} INFO - [2023-09-01T13:16:46.165+0900] {dag.py:3677} INFO - Setting next_dagrun for example_python_operator to None, run_after=None
[2023-09-01T13:16:46.177+0900] {processor.py:179} INFO - Processing /usr/local/lib/python3.8/dist-packages/airflow/example_dags/example_python_operator.py took 0.053 seconds
[2023-09-01T13:17:30.003+0900] {processor.py:157} INFO - Started process (PID=9170) to work on /usr/local/lib/python3.8/dist-packages/airflow/example_dags/example_python_operator.py
[2023-09-01T13:17:30.005+0900] {processor.py:829} INFO - Processing file /usr/local/lib/python3.8/dist-packages/airflow/example_dags/example_python_operator.py for tasks to queue
[2023-09-01T13:17:30.006+0900] {logging_mixin.py:151} INFO - [2023-09-01T13:17:30.005+0900] {dagbag.py:539} INFO - Filling up the DagBag from /usr/local/lib/python3.8/dist-packages/airflow/example_dags/example_python_operator.py
[2023-09-01T13:17:30.015+0900] {logging_mixin.py:151} INFO - [2023-09-01T13:17:30.015+0900] {example_python_operator.py:89} WARNING - The virtalenv_python example task requires virtualenv, please install it.
[2023-09-01T13:17:30.016+0900] {processor.py:839} INFO - DAG(s) dict_keys(['example_python_operator']) retrieved from /usr/local/lib/python3.8/dist-packages/airflow/example_dags/example_python_operator.py
[2023-09-01T13:17:30.031+0900] {logging_mixin.py:151} INFO - [2023-09-01T13:17:30.031+0900] {dag.py:2907} INFO - Sync 1 DAGs
[2023-09-01T13:17:30.038+0900] {logging_mixin.py:151} INFO - [2023-09-01T13:17:30.038+0900] {dag.py:3677} INFO - Setting next_dagrun for example_python_operator to None, run_after=None
[2023-09-01T13:17:30.050+0900] {processor.py:179} INFO - Processing /usr/local/lib/python3.8/dist-packages/airflow/example_dags/example_python_operator.py took 0.051 seconds
[2023-09-01T13:18:15.965+0900] {processor.py:157} INFO - Started process (PID=9661) to work on /usr/local/lib/python3.8/dist-packages/airflow/example_dags/example_python_operator.py
[2023-09-01T13:18:15.966+0900] {processor.py:829} INFO - Processing file /usr/local/lib/python3.8/dist-packages/airflow/example_dags/example_python_operator.py for tasks to queue
[2023-09-01T13:18:15.966+0900] {logging_mixin.py:151} INFO - [2023-09-01T13:18:15.966+0900] {dagbag.py:539} INFO - Filling up the DagBag from /usr/local/lib/python3.8/dist-packages/airflow/example_dags/example_python_operator.py
[2023-09-01T13:18:15.972+0900] {logging_mixin.py:151} INFO - [2023-09-01T13:18:15.972+0900] {example_python_operator.py:89} WARNING - The virtalenv_python example task requires virtualenv, please install it.
[2023-09-01T13:18:15.973+0900] {processor.py:839} INFO - DAG(s) dict_keys(['example_python_operator']) retrieved from /usr/local/lib/python3.8/dist-packages/airflow/example_dags/example_python_operator.py
[2023-09-01T13:18:15.982+0900] {logging_mixin.py:151} INFO - [2023-09-01T13:18:15.982+0900] {dag.py:2907} INFO - Sync 1 DAGs
[2023-09-01T13:18:15.987+0900] {logging_mixin.py:151} INFO - [2023-09-01T13:18:15.987+0900] {dag.py:3677} INFO - Setting next_dagrun for example_python_operator to None, run_after=None
[2023-09-01T13:18:15.998+0900] {processor.py:179} INFO - Processing /usr/local/lib/python3.8/dist-packages/airflow/example_dags/example_python_operator.py took 0.035 seconds
[2023-09-01T13:19:01.231+0900] {processor.py:157} INFO - Started process (PID=10094) to work on /usr/local/lib/python3.8/dist-packages/airflow/example_dags/example_python_operator.py
[2023-09-01T13:19:01.233+0900] {processor.py:829} INFO - Processing file /usr/local/lib/python3.8/dist-packages/airflow/example_dags/example_python_operator.py for tasks to queue
[2023-09-01T13:19:01.234+0900] {logging_mixin.py:151} INFO - [2023-09-01T13:19:01.233+0900] {dagbag.py:539} INFO - Filling up the DagBag from /usr/local/lib/python3.8/dist-packages/airflow/example_dags/example_python_operator.py
[2023-09-01T13:19:01.244+0900] {logging_mixin.py:151} INFO - [2023-09-01T13:19:01.244+0900] {example_python_operator.py:89} WARNING - The virtalenv_python example task requires virtualenv, please install it.
[2023-09-01T13:19:01.245+0900] {processor.py:839} INFO - DAG(s) dict_keys(['example_python_operator']) retrieved from /usr/local/lib/python3.8/dist-packages/airflow/example_dags/example_python_operator.py
[2023-09-01T13:19:01.261+0900] {logging_mixin.py:151} INFO - [2023-09-01T13:19:01.261+0900] {dag.py:2907} INFO - Sync 1 DAGs
[2023-09-01T13:19:01.269+0900] {logging_mixin.py:151} INFO - [2023-09-01T13:19:01.269+0900] {dag.py:3677} INFO - Setting next_dagrun for example_python_operator to None, run_after=None
[2023-09-01T13:19:01.281+0900] {processor.py:179} INFO - Processing /usr/local/lib/python3.8/dist-packages/airflow/example_dags/example_python_operator.py took 0.055 seconds
[2023-09-01T13:19:46.577+0900] {processor.py:157} INFO - Started process (PID=10535) to work on /usr/local/lib/python3.8/dist-packages/airflow/example_dags/example_python_operator.py
[2023-09-01T13:19:46.578+0900] {processor.py:829} INFO - Processing file /usr/local/lib/python3.8/dist-packages/airflow/example_dags/example_python_operator.py for tasks to queue
[2023-09-01T13:19:46.578+0900] {logging_mixin.py:151} INFO - [2023-09-01T13:19:46.578+0900] {dagbag.py:539} INFO - Filling up the DagBag from /usr/local/lib/python3.8/dist-packages/airflow/example_dags/example_python_operator.py
[2023-09-01T13:19:46.587+0900] {logging_mixin.py:151} INFO - [2023-09-01T13:19:46.587+0900] {example_python_operator.py:89} WARNING - The virtalenv_python example task requires virtualenv, please install it.
[2023-09-01T13:19:46.587+0900] {processor.py:839} INFO - DAG(s) dict_keys(['example_python_operator']) retrieved from /usr/local/lib/python3.8/dist-packages/airflow/example_dags/example_python_operator.py
[2023-09-01T13:19:46.602+0900] {logging_mixin.py:151} INFO - [2023-09-01T13:19:46.601+0900] {dag.py:2907} INFO - Sync 1 DAGs
[2023-09-01T13:19:46.611+0900] {logging_mixin.py:151} INFO - [2023-09-01T13:19:46.611+0900] {dag.py:3677} INFO - Setting next_dagrun for example_python_operator to None, run_after=None
[2023-09-01T13:19:46.623+0900] {processor.py:179} INFO - Processing /usr/local/lib/python3.8/dist-packages/airflow/example_dags/example_python_operator.py took 0.052 seconds
[2023-09-01T13:20:29.002+0900] {processor.py:157} INFO - Started process (PID=10952) to work on /usr/local/lib/python3.8/dist-packages/airflow/example_dags/example_python_operator.py
[2023-09-01T13:20:29.004+0900] {processor.py:829} INFO - Processing file /usr/local/lib/python3.8/dist-packages/airflow/example_dags/example_python_operator.py for tasks to queue
[2023-09-01T13:20:29.006+0900] {logging_mixin.py:151} INFO - [2023-09-01T13:20:29.004+0900] {dagbag.py:539} INFO - Filling up the DagBag from /usr/local/lib/python3.8/dist-packages/airflow/example_dags/example_python_operator.py
[2023-09-01T13:20:29.016+0900] {logging_mixin.py:151} INFO - [2023-09-01T13:20:29.016+0900] {example_python_operator.py:89} WARNING - The virtalenv_python example task requires virtualenv, please install it.
[2023-09-01T13:20:29.017+0900] {processor.py:839} INFO - DAG(s) dict_keys(['example_python_operator']) retrieved from /usr/local/lib/python3.8/dist-packages/airflow/example_dags/example_python_operator.py
[2023-09-01T13:20:29.035+0900] {logging_mixin.py:151} INFO - [2023-09-01T13:20:29.034+0900] {dag.py:2907} INFO - Sync 1 DAGs
[2023-09-01T13:20:29.043+0900] {logging_mixin.py:151} INFO - [2023-09-01T13:20:29.043+0900] {dag.py:3677} INFO - Setting next_dagrun for example_python_operator to None, run_after=None
[2023-09-01T13:20:29.055+0900] {processor.py:179} INFO - Processing /usr/local/lib/python3.8/dist-packages/airflow/example_dags/example_python_operator.py took 0.058 seconds
[2023-09-01T13:21:26.103+0900] {processor.py:157} INFO - Started process (PID=11443) to work on /usr/local/lib/python3.8/dist-packages/airflow/example_dags/example_python_operator.py
[2023-09-01T13:21:26.104+0900] {processor.py:829} INFO - Processing file /usr/local/lib/python3.8/dist-packages/airflow/example_dags/example_python_operator.py for tasks to queue
[2023-09-01T13:21:26.105+0900] {logging_mixin.py:151} INFO - [2023-09-01T13:21:26.104+0900] {dagbag.py:539} INFO - Filling up the DagBag from /usr/local/lib/python3.8/dist-packages/airflow/example_dags/example_python_operator.py
[2023-09-01T13:21:26.113+0900] {logging_mixin.py:151} INFO - [2023-09-01T13:21:26.113+0900] {example_python_operator.py:89} WARNING - The virtalenv_python example task requires virtualenv, please install it.
[2023-09-01T13:21:26.114+0900] {processor.py:839} INFO - DAG(s) dict_keys(['example_python_operator']) retrieved from /usr/local/lib/python3.8/dist-packages/airflow/example_dags/example_python_operator.py
[2023-09-01T13:21:26.128+0900] {logging_mixin.py:151} INFO - [2023-09-01T13:21:26.128+0900] {dag.py:2907} INFO - Sync 1 DAGs
[2023-09-01T13:21:26.134+0900] {logging_mixin.py:151} INFO - [2023-09-01T13:21:26.134+0900] {dag.py:3677} INFO - Setting next_dagrun for example_python_operator to None, run_after=None
[2023-09-01T13:21:26.145+0900] {processor.py:179} INFO - Processing /usr/local/lib/python3.8/dist-packages/airflow/example_dags/example_python_operator.py took 0.046 seconds
[2023-09-01T13:22:17.856+0900] {processor.py:157} INFO - Started process (PID=11937) to work on /usr/local/lib/python3.8/dist-packages/airflow/example_dags/example_python_operator.py
[2023-09-01T13:22:17.857+0900] {processor.py:829} INFO - Processing file /usr/local/lib/python3.8/dist-packages/airflow/example_dags/example_python_operator.py for tasks to queue
[2023-09-01T13:22:17.859+0900] {logging_mixin.py:151} INFO - [2023-09-01T13:22:17.858+0900] {dagbag.py:539} INFO - Filling up the DagBag from /usr/local/lib/python3.8/dist-packages/airflow/example_dags/example_python_operator.py
[2023-09-01T13:22:17.868+0900] {logging_mixin.py:151} INFO - [2023-09-01T13:22:17.868+0900] {example_python_operator.py:89} WARNING - The virtalenv_python example task requires virtualenv, please install it.
[2023-09-01T13:22:17.869+0900] {processor.py:839} INFO - DAG(s) dict_keys(['example_python_operator']) retrieved from /usr/local/lib/python3.8/dist-packages/airflow/example_dags/example_python_operator.py
[2023-09-01T13:22:17.885+0900] {logging_mixin.py:151} INFO - [2023-09-01T13:22:17.885+0900] {dag.py:2907} INFO - Sync 1 DAGs
[2023-09-01T13:22:17.892+0900] {logging_mixin.py:151} INFO - [2023-09-01T13:22:17.892+0900] {dag.py:3677} INFO - Setting next_dagrun for example_python_operator to None, run_after=None
[2023-09-01T13:22:17.903+0900] {processor.py:179} INFO - Processing /usr/local/lib/python3.8/dist-packages/airflow/example_dags/example_python_operator.py took 0.052 seconds
[2023-09-01T13:23:01.281+0900] {processor.py:157} INFO - Started process (PID=12361) to work on /usr/local/lib/python3.8/dist-packages/airflow/example_dags/example_python_operator.py
[2023-09-01T13:23:01.282+0900] {processor.py:829} INFO - Processing file /usr/local/lib/python3.8/dist-packages/airflow/example_dags/example_python_operator.py for tasks to queue
[2023-09-01T13:23:01.284+0900] {logging_mixin.py:151} INFO - [2023-09-01T13:23:01.283+0900] {dagbag.py:539} INFO - Filling up the DagBag from /usr/local/lib/python3.8/dist-packages/airflow/example_dags/example_python_operator.py
[2023-09-01T13:23:01.294+0900] {logging_mixin.py:151} INFO - [2023-09-01T13:23:01.294+0900] {example_python_operator.py:89} WARNING - The virtalenv_python example task requires virtualenv, please install it.
[2023-09-01T13:23:01.294+0900] {processor.py:839} INFO - DAG(s) dict_keys(['example_python_operator']) retrieved from /usr/local/lib/python3.8/dist-packages/airflow/example_dags/example_python_operator.py
[2023-09-01T13:23:01.311+0900] {logging_mixin.py:151} INFO - [2023-09-01T13:23:01.311+0900] {dag.py:2907} INFO - Sync 1 DAGs
[2023-09-01T13:23:01.319+0900] {logging_mixin.py:151} INFO - [2023-09-01T13:23:01.319+0900] {dag.py:3677} INFO - Setting next_dagrun for example_python_operator to None, run_after=None
[2023-09-01T13:23:01.331+0900] {processor.py:179} INFO - Processing /usr/local/lib/python3.8/dist-packages/airflow/example_dags/example_python_operator.py took 0.057 seconds
[2023-09-01T13:23:48.802+0900] {processor.py:157} INFO - Started process (PID=12854) to work on /usr/local/lib/python3.8/dist-packages/airflow/example_dags/example_python_operator.py
[2023-09-01T13:23:48.803+0900] {processor.py:829} INFO - Processing file /usr/local/lib/python3.8/dist-packages/airflow/example_dags/example_python_operator.py for tasks to queue
[2023-09-01T13:23:48.805+0900] {logging_mixin.py:151} INFO - [2023-09-01T13:23:48.804+0900] {dagbag.py:539} INFO - Filling up the DagBag from /usr/local/lib/python3.8/dist-packages/airflow/example_dags/example_python_operator.py
[2023-09-01T13:23:48.815+0900] {logging_mixin.py:151} INFO - [2023-09-01T13:23:48.815+0900] {example_python_operator.py:89} WARNING - The virtalenv_python example task requires virtualenv, please install it.
[2023-09-01T13:23:48.816+0900] {processor.py:839} INFO - DAG(s) dict_keys(['example_python_operator']) retrieved from /usr/local/lib/python3.8/dist-packages/airflow/example_dags/example_python_operator.py
[2023-09-01T13:23:48.832+0900] {logging_mixin.py:151} INFO - [2023-09-01T13:23:48.832+0900] {dag.py:2907} INFO - Sync 1 DAGs
[2023-09-01T13:23:48.840+0900] {logging_mixin.py:151} INFO - [2023-09-01T13:23:48.840+0900] {dag.py:3677} INFO - Setting next_dagrun for example_python_operator to None, run_after=None
[2023-09-01T13:23:48.854+0900] {processor.py:179} INFO - Processing /usr/local/lib/python3.8/dist-packages/airflow/example_dags/example_python_operator.py took 0.058 seconds
[2023-09-01T13:24:37.711+0900] {processor.py:157} INFO - Started process (PID=13328) to work on /usr/local/lib/python3.8/dist-packages/airflow/example_dags/example_python_operator.py
[2023-09-01T13:24:37.711+0900] {processor.py:829} INFO - Processing file /usr/local/lib/python3.8/dist-packages/airflow/example_dags/example_python_operator.py for tasks to queue
[2023-09-01T13:24:37.712+0900] {logging_mixin.py:151} INFO - [2023-09-01T13:24:37.712+0900] {dagbag.py:539} INFO - Filling up the DagBag from /usr/local/lib/python3.8/dist-packages/airflow/example_dags/example_python_operator.py
[2023-09-01T13:24:37.722+0900] {logging_mixin.py:151} INFO - [2023-09-01T13:24:37.722+0900] {example_python_operator.py:89} WARNING - The virtalenv_python example task requires virtualenv, please install it.
[2023-09-01T13:24:37.722+0900] {processor.py:839} INFO - DAG(s) dict_keys(['example_python_operator']) retrieved from /usr/local/lib/python3.8/dist-packages/airflow/example_dags/example_python_operator.py
[2023-09-01T13:24:37.740+0900] {logging_mixin.py:151} INFO - [2023-09-01T13:24:37.740+0900] {dag.py:2907} INFO - Sync 1 DAGs
[2023-09-01T13:24:37.748+0900] {logging_mixin.py:151} INFO - [2023-09-01T13:24:37.748+0900] {dag.py:3677} INFO - Setting next_dagrun for example_python_operator to None, run_after=None
[2023-09-01T13:24:37.761+0900] {processor.py:179} INFO - Processing /usr/local/lib/python3.8/dist-packages/airflow/example_dags/example_python_operator.py took 0.055 seconds
[2023-09-01T13:26:11.151+0900] {processor.py:157} INFO - Started process (PID=14541) to work on /usr/local/lib/python3.8/dist-packages/airflow/example_dags/example_python_operator.py
[2023-09-01T13:26:11.153+0900] {processor.py:829} INFO - Processing file /usr/local/lib/python3.8/dist-packages/airflow/example_dags/example_python_operator.py for tasks to queue
[2023-09-01T13:26:11.155+0900] {logging_mixin.py:151} INFO - [2023-09-01T13:26:11.153+0900] {dagbag.py:539} INFO - Filling up the DagBag from /usr/local/lib/python3.8/dist-packages/airflow/example_dags/example_python_operator.py
[2023-09-01T13:26:11.165+0900] {logging_mixin.py:151} INFO - [2023-09-01T13:26:11.165+0900] {example_python_operator.py:89} WARNING - The virtalenv_python example task requires virtualenv, please install it.
[2023-09-01T13:26:11.166+0900] {processor.py:839} INFO - DAG(s) dict_keys(['example_python_operator']) retrieved from /usr/local/lib/python3.8/dist-packages/airflow/example_dags/example_python_operator.py
[2023-09-01T13:26:11.183+0900] {logging_mixin.py:151} INFO - [2023-09-01T13:26:11.183+0900] {dag.py:2907} INFO - Sync 1 DAGs
[2023-09-01T13:26:11.190+0900] {logging_mixin.py:151} INFO - [2023-09-01T13:26:11.190+0900] {dag.py:3677} INFO - Setting next_dagrun for example_python_operator to None, run_after=None
[2023-09-01T13:26:11.202+0900] {processor.py:179} INFO - Processing /usr/local/lib/python3.8/dist-packages/airflow/example_dags/example_python_operator.py took 0.057 seconds
[2023-09-01T13:26:55.371+0900] {processor.py:157} INFO - Started process (PID=14967) to work on /usr/local/lib/python3.8/dist-packages/airflow/example_dags/example_python_operator.py
[2023-09-01T13:26:55.372+0900] {processor.py:829} INFO - Processing file /usr/local/lib/python3.8/dist-packages/airflow/example_dags/example_python_operator.py for tasks to queue
[2023-09-01T13:26:55.373+0900] {logging_mixin.py:151} INFO - [2023-09-01T13:26:55.372+0900] {dagbag.py:539} INFO - Filling up the DagBag from /usr/local/lib/python3.8/dist-packages/airflow/example_dags/example_python_operator.py
[2023-09-01T13:26:55.383+0900] {logging_mixin.py:151} INFO - [2023-09-01T13:26:55.383+0900] {example_python_operator.py:89} WARNING - The virtalenv_python example task requires virtualenv, please install it.
[2023-09-01T13:26:55.383+0900] {processor.py:839} INFO - DAG(s) dict_keys(['example_python_operator']) retrieved from /usr/local/lib/python3.8/dist-packages/airflow/example_dags/example_python_operator.py
[2023-09-01T13:26:55.399+0900] {logging_mixin.py:151} INFO - [2023-09-01T13:26:55.399+0900] {dag.py:2907} INFO - Sync 1 DAGs
[2023-09-01T13:26:55.407+0900] {logging_mixin.py:151} INFO - [2023-09-01T13:26:55.407+0900] {dag.py:3677} INFO - Setting next_dagrun for example_python_operator to None, run_after=None
[2023-09-01T13:26:55.418+0900] {processor.py:179} INFO - Processing /usr/local/lib/python3.8/dist-packages/airflow/example_dags/example_python_operator.py took 0.053 seconds
[2023-09-01T13:27:39.440+0900] {processor.py:157} INFO - Started process (PID=15391) to work on /usr/local/lib/python3.8/dist-packages/airflow/example_dags/example_python_operator.py
[2023-09-01T13:27:39.441+0900] {processor.py:829} INFO - Processing file /usr/local/lib/python3.8/dist-packages/airflow/example_dags/example_python_operator.py for tasks to queue
[2023-09-01T13:27:39.442+0900] {logging_mixin.py:151} INFO - [2023-09-01T13:27:39.442+0900] {dagbag.py:539} INFO - Filling up the DagBag from /usr/local/lib/python3.8/dist-packages/airflow/example_dags/example_python_operator.py
[2023-09-01T13:27:39.451+0900] {logging_mixin.py:151} INFO - [2023-09-01T13:27:39.451+0900] {example_python_operator.py:89} WARNING - The virtalenv_python example task requires virtualenv, please install it.
[2023-09-01T13:27:39.452+0900] {processor.py:839} INFO - DAG(s) dict_keys(['example_python_operator']) retrieved from /usr/local/lib/python3.8/dist-packages/airflow/example_dags/example_python_operator.py
[2023-09-01T13:27:39.468+0900] {logging_mixin.py:151} INFO - [2023-09-01T13:27:39.467+0900] {dag.py:2907} INFO - Sync 1 DAGs
[2023-09-01T13:27:39.475+0900] {logging_mixin.py:151} INFO - [2023-09-01T13:27:39.474+0900] {dag.py:3677} INFO - Setting next_dagrun for example_python_operator to None, run_after=None
[2023-09-01T13:27:39.486+0900] {processor.py:179} INFO - Processing /usr/local/lib/python3.8/dist-packages/airflow/example_dags/example_python_operator.py took 0.051 seconds
[2023-09-01T13:28:23.469+0900] {processor.py:157} INFO - Started process (PID=15819) to work on /usr/local/lib/python3.8/dist-packages/airflow/example_dags/example_python_operator.py
[2023-09-01T13:28:23.470+0900] {processor.py:829} INFO - Processing file /usr/local/lib/python3.8/dist-packages/airflow/example_dags/example_python_operator.py for tasks to queue
[2023-09-01T13:28:23.471+0900] {logging_mixin.py:151} INFO - [2023-09-01T13:28:23.470+0900] {dagbag.py:539} INFO - Filling up the DagBag from /usr/local/lib/python3.8/dist-packages/airflow/example_dags/example_python_operator.py
[2023-09-01T13:28:23.481+0900] {logging_mixin.py:151} INFO - [2023-09-01T13:28:23.480+0900] {example_python_operator.py:89} WARNING - The virtalenv_python example task requires virtualenv, please install it.
[2023-09-01T13:28:23.481+0900] {processor.py:839} INFO - DAG(s) dict_keys(['example_python_operator']) retrieved from /usr/local/lib/python3.8/dist-packages/airflow/example_dags/example_python_operator.py
[2023-09-01T13:28:23.497+0900] {logging_mixin.py:151} INFO - [2023-09-01T13:28:23.497+0900] {dag.py:2907} INFO - Sync 1 DAGs
[2023-09-01T13:28:23.505+0900] {logging_mixin.py:151} INFO - [2023-09-01T13:28:23.505+0900] {dag.py:3677} INFO - Setting next_dagrun for example_python_operator to None, run_after=None
[2023-09-01T13:28:23.517+0900] {processor.py:179} INFO - Processing /usr/local/lib/python3.8/dist-packages/airflow/example_dags/example_python_operator.py took 0.053 seconds
[2023-09-01T13:29:09.867+0900] {processor.py:157} INFO - Started process (PID=16298) to work on /usr/local/lib/python3.8/dist-packages/airflow/example_dags/example_python_operator.py
[2023-09-01T13:29:09.868+0900] {processor.py:829} INFO - Processing file /usr/local/lib/python3.8/dist-packages/airflow/example_dags/example_python_operator.py for tasks to queue
[2023-09-01T13:29:09.870+0900] {logging_mixin.py:151} INFO - [2023-09-01T13:29:09.869+0900] {dagbag.py:539} INFO - Filling up the DagBag from /usr/local/lib/python3.8/dist-packages/airflow/example_dags/example_python_operator.py
[2023-09-01T13:29:09.880+0900] {logging_mixin.py:151} INFO - [2023-09-01T13:29:09.880+0900] {example_python_operator.py:89} WARNING - The virtalenv_python example task requires virtualenv, please install it.
[2023-09-01T13:29:09.880+0900] {processor.py:839} INFO - DAG(s) dict_keys(['example_python_operator']) retrieved from /usr/local/lib/python3.8/dist-packages/airflow/example_dags/example_python_operator.py
[2023-09-01T13:29:09.897+0900] {logging_mixin.py:151} INFO - [2023-09-01T13:29:09.896+0900] {dag.py:2907} INFO - Sync 1 DAGs
[2023-09-01T13:29:09.904+0900] {logging_mixin.py:151} INFO - [2023-09-01T13:29:09.904+0900] {dag.py:3677} INFO - Setting next_dagrun for example_python_operator to None, run_after=None
[2023-09-01T13:29:09.915+0900] {processor.py:179} INFO - Processing /usr/local/lib/python3.8/dist-packages/airflow/example_dags/example_python_operator.py took 0.053 seconds
[2023-09-01T13:29:55.216+0900] {processor.py:157} INFO - Started process (PID=16735) to work on /usr/local/lib/python3.8/dist-packages/airflow/example_dags/example_python_operator.py
[2023-09-01T13:29:55.218+0900] {processor.py:829} INFO - Processing file /usr/local/lib/python3.8/dist-packages/airflow/example_dags/example_python_operator.py for tasks to queue
[2023-09-01T13:29:55.219+0900] {logging_mixin.py:151} INFO - [2023-09-01T13:29:55.218+0900] {dagbag.py:539} INFO - Filling up the DagBag from /usr/local/lib/python3.8/dist-packages/airflow/example_dags/example_python_operator.py
[2023-09-01T13:29:55.229+0900] {logging_mixin.py:151} INFO - [2023-09-01T13:29:55.229+0900] {example_python_operator.py:89} WARNING - The virtalenv_python example task requires virtualenv, please install it.
[2023-09-01T13:29:55.229+0900] {processor.py:839} INFO - DAG(s) dict_keys(['example_python_operator']) retrieved from /usr/local/lib/python3.8/dist-packages/airflow/example_dags/example_python_operator.py
[2023-09-01T13:29:55.244+0900] {logging_mixin.py:151} INFO - [2023-09-01T13:29:55.244+0900] {dag.py:2907} INFO - Sync 1 DAGs
[2023-09-01T13:29:55.252+0900] {logging_mixin.py:151} INFO - [2023-09-01T13:29:55.252+0900] {dag.py:3677} INFO - Setting next_dagrun for example_python_operator to None, run_after=None
[2023-09-01T13:29:55.264+0900] {processor.py:179} INFO - Processing /usr/local/lib/python3.8/dist-packages/airflow/example_dags/example_python_operator.py took 0.052 seconds
[2023-09-01T13:30:42.462+0900] {processor.py:157} INFO - Started process (PID=17184) to work on /usr/local/lib/python3.8/dist-packages/airflow/example_dags/example_python_operator.py
[2023-09-01T13:30:42.464+0900] {processor.py:829} INFO - Processing file /usr/local/lib/python3.8/dist-packages/airflow/example_dags/example_python_operator.py for tasks to queue
[2023-09-01T13:30:42.465+0900] {logging_mixin.py:151} INFO - [2023-09-01T13:30:42.464+0900] {dagbag.py:539} INFO - Filling up the DagBag from /usr/local/lib/python3.8/dist-packages/airflow/example_dags/example_python_operator.py
[2023-09-01T13:30:42.476+0900] {logging_mixin.py:151} INFO - [2023-09-01T13:30:42.476+0900] {example_python_operator.py:89} WARNING - The virtalenv_python example task requires virtualenv, please install it.
[2023-09-01T13:30:42.476+0900] {processor.py:839} INFO - DAG(s) dict_keys(['example_python_operator']) retrieved from /usr/local/lib/python3.8/dist-packages/airflow/example_dags/example_python_operator.py
[2023-09-01T13:30:42.493+0900] {logging_mixin.py:151} INFO - [2023-09-01T13:30:42.493+0900] {dag.py:2907} INFO - Sync 1 DAGs
[2023-09-01T13:30:42.501+0900] {logging_mixin.py:151} INFO - [2023-09-01T13:30:42.500+0900] {dag.py:3677} INFO - Setting next_dagrun for example_python_operator to None, run_after=None
[2023-09-01T13:30:42.512+0900] {processor.py:179} INFO - Processing /usr/local/lib/python3.8/dist-packages/airflow/example_dags/example_python_operator.py took 0.054 seconds
[2023-09-01T13:31:26.493+0900] {processor.py:157} INFO - Started process (PID=17617) to work on /usr/local/lib/python3.8/dist-packages/airflow/example_dags/example_python_operator.py
[2023-09-01T13:31:26.496+0900] {processor.py:829} INFO - Processing file /usr/local/lib/python3.8/dist-packages/airflow/example_dags/example_python_operator.py for tasks to queue
[2023-09-01T13:31:26.498+0900] {logging_mixin.py:151} INFO - [2023-09-01T13:31:26.497+0900] {dagbag.py:539} INFO - Filling up the DagBag from /usr/local/lib/python3.8/dist-packages/airflow/example_dags/example_python_operator.py
[2023-09-01T13:31:26.509+0900] {logging_mixin.py:151} INFO - [2023-09-01T13:31:26.509+0900] {example_python_operator.py:89} WARNING - The virtalenv_python example task requires virtualenv, please install it.
[2023-09-01T13:31:26.509+0900] {processor.py:839} INFO - DAG(s) dict_keys(['example_python_operator']) retrieved from /usr/local/lib/python3.8/dist-packages/airflow/example_dags/example_python_operator.py
[2023-09-01T13:31:26.526+0900] {logging_mixin.py:151} INFO - [2023-09-01T13:31:26.526+0900] {dag.py:2907} INFO - Sync 1 DAGs
[2023-09-01T13:31:26.535+0900] {logging_mixin.py:151} INFO - [2023-09-01T13:31:26.535+0900] {dag.py:3677} INFO - Setting next_dagrun for example_python_operator to None, run_after=None
[2023-09-01T13:31:26.546+0900] {processor.py:179} INFO - Processing /usr/local/lib/python3.8/dist-packages/airflow/example_dags/example_python_operator.py took 0.059 seconds
[2023-09-01T13:32:11.129+0900] {processor.py:157} INFO - Started process (PID=18053) to work on /usr/local/lib/python3.8/dist-packages/airflow/example_dags/example_python_operator.py
[2023-09-01T13:32:11.131+0900] {processor.py:829} INFO - Processing file /usr/local/lib/python3.8/dist-packages/airflow/example_dags/example_python_operator.py for tasks to queue
[2023-09-01T13:32:11.133+0900] {logging_mixin.py:151} INFO - [2023-09-01T13:32:11.132+0900] {dagbag.py:539} INFO - Filling up the DagBag from /usr/local/lib/python3.8/dist-packages/airflow/example_dags/example_python_operator.py
[2023-09-01T13:32:11.143+0900] {logging_mixin.py:151} INFO - [2023-09-01T13:32:11.143+0900] {example_python_operator.py:89} WARNING - The virtalenv_python example task requires virtualenv, please install it.
[2023-09-01T13:32:11.143+0900] {processor.py:839} INFO - DAG(s) dict_keys(['example_python_operator']) retrieved from /usr/local/lib/python3.8/dist-packages/airflow/example_dags/example_python_operator.py
[2023-09-01T13:32:11.159+0900] {logging_mixin.py:151} INFO - [2023-09-01T13:32:11.159+0900] {dag.py:2907} INFO - Sync 1 DAGs
[2023-09-01T13:32:11.167+0900] {logging_mixin.py:151} INFO - [2023-09-01T13:32:11.167+0900] {dag.py:3677} INFO - Setting next_dagrun for example_python_operator to None, run_after=None
[2023-09-01T13:32:11.179+0900] {processor.py:179} INFO - Processing /usr/local/lib/python3.8/dist-packages/airflow/example_dags/example_python_operator.py took 0.055 seconds
[2023-09-01T13:32:56.178+0900] {processor.py:157} INFO - Started process (PID=18484) to work on /usr/local/lib/python3.8/dist-packages/airflow/example_dags/example_python_operator.py
[2023-09-01T13:32:56.179+0900] {processor.py:829} INFO - Processing file /usr/local/lib/python3.8/dist-packages/airflow/example_dags/example_python_operator.py for tasks to queue
[2023-09-01T13:32:56.181+0900] {logging_mixin.py:151} INFO - [2023-09-01T13:32:56.180+0900] {dagbag.py:539} INFO - Filling up the DagBag from /usr/local/lib/python3.8/dist-packages/airflow/example_dags/example_python_operator.py
[2023-09-01T13:32:56.190+0900] {logging_mixin.py:151} INFO - [2023-09-01T13:32:56.190+0900] {example_python_operator.py:89} WARNING - The virtalenv_python example task requires virtualenv, please install it.
[2023-09-01T13:32:56.191+0900] {processor.py:839} INFO - DAG(s) dict_keys(['example_python_operator']) retrieved from /usr/local/lib/python3.8/dist-packages/airflow/example_dags/example_python_operator.py
[2023-09-01T13:32:56.206+0900] {logging_mixin.py:151} INFO - [2023-09-01T13:32:56.206+0900] {dag.py:2907} INFO - Sync 1 DAGs
[2023-09-01T13:32:56.214+0900] {logging_mixin.py:151} INFO - [2023-09-01T13:32:56.213+0900] {dag.py:3677} INFO - Setting next_dagrun for example_python_operator to None, run_after=None
[2023-09-01T13:32:56.226+0900] {processor.py:179} INFO - Processing /usr/local/lib/python3.8/dist-packages/airflow/example_dags/example_python_operator.py took 0.051 seconds
[2023-09-01T13:33:43.591+0900] {processor.py:157} INFO - Started process (PID=18938) to work on /usr/local/lib/python3.8/dist-packages/airflow/example_dags/example_python_operator.py
[2023-09-01T13:33:43.591+0900] {processor.py:829} INFO - Processing file /usr/local/lib/python3.8/dist-packages/airflow/example_dags/example_python_operator.py for tasks to queue
[2023-09-01T13:33:43.592+0900] {logging_mixin.py:151} INFO - [2023-09-01T13:33:43.592+0900] {dagbag.py:539} INFO - Filling up the DagBag from /usr/local/lib/python3.8/dist-packages/airflow/example_dags/example_python_operator.py
[2023-09-01T13:33:43.597+0900] {logging_mixin.py:151} INFO - [2023-09-01T13:33:43.596+0900] {example_python_operator.py:89} WARNING - The virtalenv_python example task requires virtualenv, please install it.
[2023-09-01T13:33:43.597+0900] {processor.py:839} INFO - DAG(s) dict_keys(['example_python_operator']) retrieved from /usr/local/lib/python3.8/dist-packages/airflow/example_dags/example_python_operator.py
[2023-09-01T13:33:43.605+0900] {logging_mixin.py:151} INFO - [2023-09-01T13:33:43.605+0900] {dag.py:2907} INFO - Sync 1 DAGs
[2023-09-01T13:33:43.610+0900] {logging_mixin.py:151} INFO - [2023-09-01T13:33:43.610+0900] {dag.py:3677} INFO - Setting next_dagrun for example_python_operator to None, run_after=None
[2023-09-01T13:33:43.619+0900] {processor.py:179} INFO - Processing /usr/local/lib/python3.8/dist-packages/airflow/example_dags/example_python_operator.py took 0.030 seconds
[2023-09-01T13:34:26.857+0900] {processor.py:157} INFO - Started process (PID=19388) to work on /usr/local/lib/python3.8/dist-packages/airflow/example_dags/example_python_operator.py
[2023-09-01T13:34:26.858+0900] {processor.py:829} INFO - Processing file /usr/local/lib/python3.8/dist-packages/airflow/example_dags/example_python_operator.py for tasks to queue
[2023-09-01T13:34:26.860+0900] {logging_mixin.py:151} INFO - [2023-09-01T13:34:26.859+0900] {dagbag.py:539} INFO - Filling up the DagBag from /usr/local/lib/python3.8/dist-packages/airflow/example_dags/example_python_operator.py
[2023-09-01T13:34:26.870+0900] {logging_mixin.py:151} INFO - [2023-09-01T13:34:26.870+0900] {example_python_operator.py:89} WARNING - The virtalenv_python example task requires virtualenv, please install it.
[2023-09-01T13:34:26.870+0900] {processor.py:839} INFO - DAG(s) dict_keys(['example_python_operator']) retrieved from /usr/local/lib/python3.8/dist-packages/airflow/example_dags/example_python_operator.py
[2023-09-01T13:34:26.887+0900] {logging_mixin.py:151} INFO - [2023-09-01T13:34:26.887+0900] {dag.py:2907} INFO - Sync 1 DAGs
[2023-09-01T13:34:26.895+0900] {logging_mixin.py:151} INFO - [2023-09-01T13:34:26.895+0900] {dag.py:3677} INFO - Setting next_dagrun for example_python_operator to None, run_after=None
[2023-09-01T13:34:26.907+0900] {processor.py:179} INFO - Processing /usr/local/lib/python3.8/dist-packages/airflow/example_dags/example_python_operator.py took 0.055 seconds
[2023-09-01T13:35:12.066+0900] {processor.py:157} INFO - Started process (PID=19828) to work on /usr/local/lib/python3.8/dist-packages/airflow/example_dags/example_python_operator.py
[2023-09-01T13:35:12.068+0900] {processor.py:829} INFO - Processing file /usr/local/lib/python3.8/dist-packages/airflow/example_dags/example_python_operator.py for tasks to queue
[2023-09-01T13:35:12.069+0900] {logging_mixin.py:151} INFO - [2023-09-01T13:35:12.068+0900] {dagbag.py:539} INFO - Filling up the DagBag from /usr/local/lib/python3.8/dist-packages/airflow/example_dags/example_python_operator.py
[2023-09-01T13:35:12.078+0900] {logging_mixin.py:151} INFO - [2023-09-01T13:35:12.078+0900] {example_python_operator.py:89} WARNING - The virtalenv_python example task requires virtualenv, please install it.
[2023-09-01T13:35:12.078+0900] {processor.py:839} INFO - DAG(s) dict_keys(['example_python_operator']) retrieved from /usr/local/lib/python3.8/dist-packages/airflow/example_dags/example_python_operator.py
[2023-09-01T13:35:12.099+0900] {logging_mixin.py:151} INFO - [2023-09-01T13:35:12.099+0900] {dag.py:2907} INFO - Sync 1 DAGs
[2023-09-01T13:35:12.108+0900] {logging_mixin.py:151} INFO - [2023-09-01T13:35:12.108+0900] {dag.py:3677} INFO - Setting next_dagrun for example_python_operator to None, run_after=None
[2023-09-01T13:35:12.121+0900] {processor.py:179} INFO - Processing /usr/local/lib/python3.8/dist-packages/airflow/example_dags/example_python_operator.py took 0.059 seconds
[2023-09-01T13:35:54.118+0900] {processor.py:157} INFO - Started process (PID=20227) to work on /usr/local/lib/python3.8/dist-packages/airflow/example_dags/example_python_operator.py
[2023-09-01T13:35:54.119+0900] {processor.py:829} INFO - Processing file /usr/local/lib/python3.8/dist-packages/airflow/example_dags/example_python_operator.py for tasks to queue
[2023-09-01T13:35:54.121+0900] {logging_mixin.py:151} INFO - [2023-09-01T13:35:54.120+0900] {dagbag.py:539} INFO - Filling up the DagBag from /usr/local/lib/python3.8/dist-packages/airflow/example_dags/example_python_operator.py
[2023-09-01T13:35:54.131+0900] {logging_mixin.py:151} INFO - [2023-09-01T13:35:54.131+0900] {example_python_operator.py:89} WARNING - The virtalenv_python example task requires virtualenv, please install it.
[2023-09-01T13:35:54.132+0900] {processor.py:839} INFO - DAG(s) dict_keys(['example_python_operator']) retrieved from /usr/local/lib/python3.8/dist-packages/airflow/example_dags/example_python_operator.py
[2023-09-01T13:35:54.147+0900] {logging_mixin.py:151} INFO - [2023-09-01T13:35:54.147+0900] {dag.py:2907} INFO - Sync 1 DAGs
[2023-09-01T13:35:54.155+0900] {logging_mixin.py:151} INFO - [2023-09-01T13:35:54.155+0900] {dag.py:3677} INFO - Setting next_dagrun for example_python_operator to None, run_after=None
[2023-09-01T13:35:54.167+0900] {processor.py:179} INFO - Processing /usr/local/lib/python3.8/dist-packages/airflow/example_dags/example_python_operator.py took 0.054 seconds
[2023-09-01T13:36:44.347+0900] {processor.py:157} INFO - Started process (PID=20712) to work on /usr/local/lib/python3.8/dist-packages/airflow/example_dags/example_python_operator.py
[2023-09-01T13:36:44.348+0900] {processor.py:829} INFO - Processing file /usr/local/lib/python3.8/dist-packages/airflow/example_dags/example_python_operator.py for tasks to queue
[2023-09-01T13:36:44.349+0900] {logging_mixin.py:151} INFO - [2023-09-01T13:36:44.349+0900] {dagbag.py:539} INFO - Filling up the DagBag from /usr/local/lib/python3.8/dist-packages/airflow/example_dags/example_python_operator.py
[2023-09-01T13:36:44.358+0900] {logging_mixin.py:151} INFO - [2023-09-01T13:36:44.358+0900] {example_python_operator.py:89} WARNING - The virtalenv_python example task requires virtualenv, please install it.
[2023-09-01T13:36:44.359+0900] {processor.py:839} INFO - DAG(s) dict_keys(['example_python_operator']) retrieved from /usr/local/lib/python3.8/dist-packages/airflow/example_dags/example_python_operator.py
[2023-09-01T13:36:44.374+0900] {logging_mixin.py:151} INFO - [2023-09-01T13:36:44.373+0900] {dag.py:2907} INFO - Sync 1 DAGs
[2023-09-01T13:36:44.381+0900] {logging_mixin.py:151} INFO - [2023-09-01T13:36:44.381+0900] {dag.py:3677} INFO - Setting next_dagrun for example_python_operator to None, run_after=None
[2023-09-01T13:36:44.391+0900] {processor.py:179} INFO - Processing /usr/local/lib/python3.8/dist-packages/airflow/example_dags/example_python_operator.py took 0.048 seconds
[2023-09-01T13:37:28.404+0900] {processor.py:157} INFO - Started process (PID=21142) to work on /usr/local/lib/python3.8/dist-packages/airflow/example_dags/example_python_operator.py
[2023-09-01T13:37:28.406+0900] {processor.py:829} INFO - Processing file /usr/local/lib/python3.8/dist-packages/airflow/example_dags/example_python_operator.py for tasks to queue
[2023-09-01T13:37:28.408+0900] {logging_mixin.py:151} INFO - [2023-09-01T13:37:28.407+0900] {dagbag.py:539} INFO - Filling up the DagBag from /usr/local/lib/python3.8/dist-packages/airflow/example_dags/example_python_operator.py
[2023-09-01T13:37:28.419+0900] {logging_mixin.py:151} INFO - [2023-09-01T13:37:28.419+0900] {example_python_operator.py:89} WARNING - The virtalenv_python example task requires virtualenv, please install it.
[2023-09-01T13:37:28.420+0900] {processor.py:839} INFO - DAG(s) dict_keys(['example_python_operator']) retrieved from /usr/local/lib/python3.8/dist-packages/airflow/example_dags/example_python_operator.py
[2023-09-01T13:37:28.438+0900] {logging_mixin.py:151} INFO - [2023-09-01T13:37:28.438+0900] {dag.py:2907} INFO - Sync 1 DAGs
[2023-09-01T13:37:28.447+0900] {logging_mixin.py:151} INFO - [2023-09-01T13:37:28.447+0900] {dag.py:3677} INFO - Setting next_dagrun for example_python_operator to None, run_after=None
[2023-09-01T13:37:28.459+0900] {processor.py:179} INFO - Processing /usr/local/lib/python3.8/dist-packages/airflow/example_dags/example_python_operator.py took 0.062 seconds
[2023-09-01T13:38:14.761+0900] {processor.py:157} INFO - Started process (PID=21593) to work on /usr/local/lib/python3.8/dist-packages/airflow/example_dags/example_python_operator.py
[2023-09-01T13:38:14.761+0900] {processor.py:829} INFO - Processing file /usr/local/lib/python3.8/dist-packages/airflow/example_dags/example_python_operator.py for tasks to queue
[2023-09-01T13:38:14.762+0900] {logging_mixin.py:151} INFO - [2023-09-01T13:38:14.762+0900] {dagbag.py:539} INFO - Filling up the DagBag from /usr/local/lib/python3.8/dist-packages/airflow/example_dags/example_python_operator.py
[2023-09-01T13:38:14.766+0900] {logging_mixin.py:151} INFO - [2023-09-01T13:38:14.766+0900] {example_python_operator.py:89} WARNING - The virtalenv_python example task requires virtualenv, please install it.
[2023-09-01T13:38:14.767+0900] {processor.py:839} INFO - DAG(s) dict_keys(['example_python_operator']) retrieved from /usr/local/lib/python3.8/dist-packages/airflow/example_dags/example_python_operator.py
[2023-09-01T13:38:14.775+0900] {logging_mixin.py:151} INFO - [2023-09-01T13:38:14.775+0900] {dag.py:2907} INFO - Sync 1 DAGs
[2023-09-01T13:38:14.780+0900] {logging_mixin.py:151} INFO - [2023-09-01T13:38:14.780+0900] {dag.py:3677} INFO - Setting next_dagrun for example_python_operator to None, run_after=None
[2023-09-01T13:38:14.788+0900] {processor.py:179} INFO - Processing /usr/local/lib/python3.8/dist-packages/airflow/example_dags/example_python_operator.py took 0.030 seconds
[2023-09-01T13:38:59.136+0900] {processor.py:157} INFO - Started process (PID=22040) to work on /usr/local/lib/python3.8/dist-packages/airflow/example_dags/example_python_operator.py
[2023-09-01T13:38:59.155+0900] {processor.py:829} INFO - Processing file /usr/local/lib/python3.8/dist-packages/airflow/example_dags/example_python_operator.py for tasks to queue
[2023-09-01T13:38:59.155+0900] {logging_mixin.py:151} INFO - [2023-09-01T13:38:59.155+0900] {dagbag.py:539} INFO - Filling up the DagBag from /usr/local/lib/python3.8/dist-packages/airflow/example_dags/example_python_operator.py
[2023-09-01T13:38:59.164+0900] {logging_mixin.py:151} INFO - [2023-09-01T13:38:59.164+0900] {example_python_operator.py:89} WARNING - The virtalenv_python example task requires virtualenv, please install it.
[2023-09-01T13:38:59.165+0900] {processor.py:839} INFO - DAG(s) dict_keys(['example_python_operator']) retrieved from /usr/local/lib/python3.8/dist-packages/airflow/example_dags/example_python_operator.py
[2023-09-01T13:38:59.176+0900] {logging_mixin.py:151} INFO - [2023-09-01T13:38:59.176+0900] {dag.py:2907} INFO - Sync 1 DAGs
[2023-09-01T13:38:59.181+0900] {logging_mixin.py:151} INFO - [2023-09-01T13:38:59.181+0900] {dag.py:3677} INFO - Setting next_dagrun for example_python_operator to None, run_after=None
[2023-09-01T13:38:59.192+0900] {processor.py:179} INFO - Processing /usr/local/lib/python3.8/dist-packages/airflow/example_dags/example_python_operator.py took 0.061 seconds
