[2023-09-01T13:07:41.144+0900] {processor.py:157} INFO - Started process (PID=2056) to work on /usr/local/lib/python3.8/dist-packages/airflow/example_dags/example_time_delta_sensor_async.py
[2023-09-01T13:07:41.144+0900] {processor.py:829} INFO - Processing file /usr/local/lib/python3.8/dist-packages/airflow/example_dags/example_time_delta_sensor_async.py for tasks to queue
[2023-09-01T13:07:41.145+0900] {logging_mixin.py:151} INFO - [2023-09-01T13:07:41.144+0900] {dagbag.py:539} INFO - Filling up the DagBag from /usr/local/lib/python3.8/dist-packages/airflow/example_dags/example_time_delta_sensor_async.py
[2023-09-01T13:07:41.150+0900] {processor.py:839} INFO - DAG(s) dict_keys(['example_time_delta_sensor_async']) retrieved from /usr/local/lib/python3.8/dist-packages/airflow/example_dags/example_time_delta_sensor_async.py
[2023-09-01T13:07:41.245+0900] {logging_mixin.py:151} INFO - [2023-09-01T13:07:41.245+0900] {manager.py:501} INFO - Created Permission View: can delete on DAG:example_time_delta_sensor_async
[2023-09-01T13:07:41.249+0900] {logging_mixin.py:151} INFO - [2023-09-01T13:07:41.249+0900] {manager.py:501} INFO - Created Permission View: can read on DAG:example_time_delta_sensor_async
[2023-09-01T13:07:41.252+0900] {logging_mixin.py:151} INFO - [2023-09-01T13:07:41.252+0900] {manager.py:501} INFO - Created Permission View: can edit on DAG:example_time_delta_sensor_async
[2023-09-01T13:07:41.257+0900] {logging_mixin.py:151} INFO - [2023-09-01T13:07:41.257+0900] {dag.py:2907} INFO - Sync 1 DAGs
[2023-09-01T13:07:41.260+0900] {logging_mixin.py:151} INFO - [2023-09-01T13:07:41.260+0900] {dag.py:2929} INFO - Creating ORM DAG for example_time_delta_sensor_async
[2023-09-01T13:07:41.260+0900] {logging_mixin.py:151} INFO - [2023-09-01T13:07:41.260+0900] {dag.py:3677} INFO - Setting next_dagrun for example_time_delta_sensor_async to None, run_after=None
[2023-09-01T13:07:41.267+0900] {processor.py:179} INFO - Processing /usr/local/lib/python3.8/dist-packages/airflow/example_dags/example_time_delta_sensor_async.py took 0.126 seconds
[2023-09-01T13:08:27.925+0900] {processor.py:157} INFO - Started process (PID=2848) to work on /usr/local/lib/python3.8/dist-packages/airflow/example_dags/example_time_delta_sensor_async.py
[2023-09-01T13:08:27.929+0900] {processor.py:829} INFO - Processing file /usr/local/lib/python3.8/dist-packages/airflow/example_dags/example_time_delta_sensor_async.py for tasks to queue
[2023-09-01T13:08:27.931+0900] {logging_mixin.py:151} INFO - [2023-09-01T13:08:27.930+0900] {dagbag.py:539} INFO - Filling up the DagBag from /usr/local/lib/python3.8/dist-packages/airflow/example_dags/example_time_delta_sensor_async.py
[2023-09-01T13:08:27.937+0900] {processor.py:839} INFO - DAG(s) dict_keys(['example_time_delta_sensor_async']) retrieved from /usr/local/lib/python3.8/dist-packages/airflow/example_dags/example_time_delta_sensor_async.py
[2023-09-01T13:08:27.959+0900] {logging_mixin.py:151} INFO - [2023-09-01T13:08:27.959+0900] {dag.py:2907} INFO - Sync 1 DAGs
[2023-09-01T13:08:27.992+0900] {logging_mixin.py:151} INFO - [2023-09-01T13:08:27.992+0900] {dag.py:3677} INFO - Setting next_dagrun for example_time_delta_sensor_async to None, run_after=None
[2023-09-01T13:08:28.024+0900] {processor.py:179} INFO - Processing /usr/local/lib/python3.8/dist-packages/airflow/example_dags/example_time_delta_sensor_async.py took 0.101 seconds
[2023-09-01T13:09:17.312+0900] {processor.py:157} INFO - Started process (PID=4202) to work on /usr/local/lib/python3.8/dist-packages/airflow/example_dags/example_time_delta_sensor_async.py
[2023-09-01T13:09:17.314+0900] {processor.py:829} INFO - Processing file /usr/local/lib/python3.8/dist-packages/airflow/example_dags/example_time_delta_sensor_async.py for tasks to queue
[2023-09-01T13:09:17.315+0900] {logging_mixin.py:151} INFO - [2023-09-01T13:09:17.314+0900] {dagbag.py:539} INFO - Filling up the DagBag from /usr/local/lib/python3.8/dist-packages/airflow/example_dags/example_time_delta_sensor_async.py
[2023-09-01T13:09:17.321+0900] {processor.py:839} INFO - DAG(s) dict_keys(['example_time_delta_sensor_async']) retrieved from /usr/local/lib/python3.8/dist-packages/airflow/example_dags/example_time_delta_sensor_async.py
[2023-09-01T13:09:17.337+0900] {logging_mixin.py:151} INFO - [2023-09-01T13:09:17.337+0900] {dag.py:2907} INFO - Sync 1 DAGs
[2023-09-01T13:09:17.345+0900] {logging_mixin.py:151} INFO - [2023-09-01T13:09:17.345+0900] {dag.py:3677} INFO - Setting next_dagrun for example_time_delta_sensor_async to None, run_after=None
[2023-09-01T13:09:17.357+0900] {processor.py:179} INFO - Processing /usr/local/lib/python3.8/dist-packages/airflow/example_dags/example_time_delta_sensor_async.py took 0.049 seconds
[2023-09-01T13:10:02.741+0900] {processor.py:157} INFO - Started process (PID=4636) to work on /usr/local/lib/python3.8/dist-packages/airflow/example_dags/example_time_delta_sensor_async.py
[2023-09-01T13:10:02.743+0900] {processor.py:829} INFO - Processing file /usr/local/lib/python3.8/dist-packages/airflow/example_dags/example_time_delta_sensor_async.py for tasks to queue
[2023-09-01T13:10:02.744+0900] {logging_mixin.py:151} INFO - [2023-09-01T13:10:02.743+0900] {dagbag.py:539} INFO - Filling up the DagBag from /usr/local/lib/python3.8/dist-packages/airflow/example_dags/example_time_delta_sensor_async.py
[2023-09-01T13:10:02.751+0900] {processor.py:839} INFO - DAG(s) dict_keys(['example_time_delta_sensor_async']) retrieved from /usr/local/lib/python3.8/dist-packages/airflow/example_dags/example_time_delta_sensor_async.py
[2023-09-01T13:10:02.768+0900] {logging_mixin.py:151} INFO - [2023-09-01T13:10:02.768+0900] {dag.py:2907} INFO - Sync 1 DAGs
[2023-09-01T13:10:02.776+0900] {logging_mixin.py:151} INFO - [2023-09-01T13:10:02.776+0900] {dag.py:3677} INFO - Setting next_dagrun for example_time_delta_sensor_async to None, run_after=None
[2023-09-01T13:10:02.788+0900] {processor.py:179} INFO - Processing /usr/local/lib/python3.8/dist-packages/airflow/example_dags/example_time_delta_sensor_async.py took 0.052 seconds
[2023-09-01T13:10:50.428+0900] {processor.py:157} INFO - Started process (PID=5100) to work on /usr/local/lib/python3.8/dist-packages/airflow/example_dags/example_time_delta_sensor_async.py
[2023-09-01T13:10:50.430+0900] {processor.py:829} INFO - Processing file /usr/local/lib/python3.8/dist-packages/airflow/example_dags/example_time_delta_sensor_async.py for tasks to queue
[2023-09-01T13:10:50.431+0900] {logging_mixin.py:151} INFO - [2023-09-01T13:10:50.430+0900] {dagbag.py:539} INFO - Filling up the DagBag from /usr/local/lib/python3.8/dist-packages/airflow/example_dags/example_time_delta_sensor_async.py
[2023-09-01T13:10:50.438+0900] {processor.py:839} INFO - DAG(s) dict_keys(['example_time_delta_sensor_async']) retrieved from /usr/local/lib/python3.8/dist-packages/airflow/example_dags/example_time_delta_sensor_async.py
[2023-09-01T13:10:50.456+0900] {logging_mixin.py:151} INFO - [2023-09-01T13:10:50.456+0900] {dag.py:2907} INFO - Sync 1 DAGs
[2023-09-01T13:10:50.464+0900] {logging_mixin.py:151} INFO - [2023-09-01T13:10:50.464+0900] {dag.py:3677} INFO - Setting next_dagrun for example_time_delta_sensor_async to None, run_after=None
[2023-09-01T13:10:50.476+0900] {processor.py:179} INFO - Processing /usr/local/lib/python3.8/dist-packages/airflow/example_dags/example_time_delta_sensor_async.py took 0.054 seconds
[2023-09-01T13:11:42.228+0900] {processor.py:157} INFO - Started process (PID=5626) to work on /usr/local/lib/python3.8/dist-packages/airflow/example_dags/example_time_delta_sensor_async.py
[2023-09-01T13:11:42.229+0900] {processor.py:829} INFO - Processing file /usr/local/lib/python3.8/dist-packages/airflow/example_dags/example_time_delta_sensor_async.py for tasks to queue
[2023-09-01T13:11:42.231+0900] {logging_mixin.py:151} INFO - [2023-09-01T13:11:42.230+0900] {dagbag.py:539} INFO - Filling up the DagBag from /usr/local/lib/python3.8/dist-packages/airflow/example_dags/example_time_delta_sensor_async.py
[2023-09-01T13:11:42.237+0900] {processor.py:839} INFO - DAG(s) dict_keys(['example_time_delta_sensor_async']) retrieved from /usr/local/lib/python3.8/dist-packages/airflow/example_dags/example_time_delta_sensor_async.py
[2023-09-01T13:11:42.254+0900] {logging_mixin.py:151} INFO - [2023-09-01T13:11:42.254+0900] {dag.py:2907} INFO - Sync 1 DAGs
[2023-09-01T13:11:42.263+0900] {logging_mixin.py:151} INFO - [2023-09-01T13:11:42.263+0900] {dag.py:3677} INFO - Setting next_dagrun for example_time_delta_sensor_async to None, run_after=None
[2023-09-01T13:11:42.275+0900] {processor.py:179} INFO - Processing /usr/local/lib/python3.8/dist-packages/airflow/example_dags/example_time_delta_sensor_async.py took 0.053 seconds
[2023-09-01T13:13:03.348+0900] {processor.py:157} INFO - Started process (PID=5939) to work on /usr/local/lib/python3.8/dist-packages/airflow/example_dags/example_time_delta_sensor_async.py
[2023-09-01T13:13:03.350+0900] {processor.py:829} INFO - Processing file /usr/local/lib/python3.8/dist-packages/airflow/example_dags/example_time_delta_sensor_async.py for tasks to queue
[2023-09-01T13:13:03.351+0900] {logging_mixin.py:151} INFO - [2023-09-01T13:13:03.350+0900] {dagbag.py:539} INFO - Filling up the DagBag from /usr/local/lib/python3.8/dist-packages/airflow/example_dags/example_time_delta_sensor_async.py
[2023-09-01T13:13:03.357+0900] {processor.py:839} INFO - DAG(s) dict_keys(['example_time_delta_sensor_async']) retrieved from /usr/local/lib/python3.8/dist-packages/airflow/example_dags/example_time_delta_sensor_async.py
[2023-09-01T13:13:03.373+0900] {logging_mixin.py:151} INFO - [2023-09-01T13:13:03.373+0900] {dag.py:2907} INFO - Sync 1 DAGs
[2023-09-01T13:13:03.382+0900] {logging_mixin.py:151} INFO - [2023-09-01T13:13:03.382+0900] {dag.py:3677} INFO - Setting next_dagrun for example_time_delta_sensor_async to None, run_after=None
[2023-09-01T13:13:03.396+0900] {processor.py:179} INFO - Processing /usr/local/lib/python3.8/dist-packages/airflow/example_dags/example_time_delta_sensor_async.py took 0.052 seconds
[2023-09-01T13:13:45.833+0900] {processor.py:157} INFO - Started process (PID=6386) to work on /usr/local/lib/python3.8/dist-packages/airflow/example_dags/example_time_delta_sensor_async.py
[2023-09-01T13:13:45.835+0900] {processor.py:829} INFO - Processing file /usr/local/lib/python3.8/dist-packages/airflow/example_dags/example_time_delta_sensor_async.py for tasks to queue
[2023-09-01T13:13:45.836+0900] {logging_mixin.py:151} INFO - [2023-09-01T13:13:45.836+0900] {dagbag.py:539} INFO - Filling up the DagBag from /usr/local/lib/python3.8/dist-packages/airflow/example_dags/example_time_delta_sensor_async.py
[2023-09-01T13:13:45.842+0900] {processor.py:839} INFO - DAG(s) dict_keys(['example_time_delta_sensor_async']) retrieved from /usr/local/lib/python3.8/dist-packages/airflow/example_dags/example_time_delta_sensor_async.py
[2023-09-01T13:13:45.859+0900] {logging_mixin.py:151} INFO - [2023-09-01T13:13:45.859+0900] {dag.py:2907} INFO - Sync 1 DAGs
[2023-09-01T13:13:45.868+0900] {logging_mixin.py:151} INFO - [2023-09-01T13:13:45.868+0900] {dag.py:3677} INFO - Setting next_dagrun for example_time_delta_sensor_async to None, run_after=None
[2023-09-01T13:13:45.880+0900] {processor.py:179} INFO - Processing /usr/local/lib/python3.8/dist-packages/airflow/example_dags/example_time_delta_sensor_async.py took 0.052 seconds
[2023-09-01T13:14:30.864+0900] {processor.py:157} INFO - Started process (PID=7309) to work on /usr/local/lib/python3.8/dist-packages/airflow/example_dags/example_time_delta_sensor_async.py
[2023-09-01T13:14:30.866+0900] {processor.py:829} INFO - Processing file /usr/local/lib/python3.8/dist-packages/airflow/example_dags/example_time_delta_sensor_async.py for tasks to queue
[2023-09-01T13:14:30.868+0900] {logging_mixin.py:151} INFO - [2023-09-01T13:14:30.867+0900] {dagbag.py:539} INFO - Filling up the DagBag from /usr/local/lib/python3.8/dist-packages/airflow/example_dags/example_time_delta_sensor_async.py
[2023-09-01T13:14:30.873+0900] {processor.py:839} INFO - DAG(s) dict_keys(['example_time_delta_sensor_async']) retrieved from /usr/local/lib/python3.8/dist-packages/airflow/example_dags/example_time_delta_sensor_async.py
[2023-09-01T13:14:30.891+0900] {logging_mixin.py:151} INFO - [2023-09-01T13:14:30.891+0900] {dag.py:2907} INFO - Sync 1 DAGs
[2023-09-01T13:14:30.900+0900] {logging_mixin.py:151} INFO - [2023-09-01T13:14:30.900+0900] {dag.py:3677} INFO - Setting next_dagrun for example_time_delta_sensor_async to None, run_after=None
[2023-09-01T13:14:30.912+0900] {processor.py:179} INFO - Processing /usr/local/lib/python3.8/dist-packages/airflow/example_dags/example_time_delta_sensor_async.py took 0.053 seconds
[2023-09-01T13:15:13.479+0900] {processor.py:157} INFO - Started process (PID=7804) to work on /usr/local/lib/python3.8/dist-packages/airflow/example_dags/example_time_delta_sensor_async.py
[2023-09-01T13:15:13.481+0900] {processor.py:829} INFO - Processing file /usr/local/lib/python3.8/dist-packages/airflow/example_dags/example_time_delta_sensor_async.py for tasks to queue
[2023-09-01T13:15:13.482+0900] {logging_mixin.py:151} INFO - [2023-09-01T13:15:13.481+0900] {dagbag.py:539} INFO - Filling up the DagBag from /usr/local/lib/python3.8/dist-packages/airflow/example_dags/example_time_delta_sensor_async.py
[2023-09-01T13:15:13.489+0900] {processor.py:839} INFO - DAG(s) dict_keys(['example_time_delta_sensor_async']) retrieved from /usr/local/lib/python3.8/dist-packages/airflow/example_dags/example_time_delta_sensor_async.py
[2023-09-01T13:15:13.506+0900] {logging_mixin.py:151} INFO - [2023-09-01T13:15:13.506+0900] {dag.py:2907} INFO - Sync 1 DAGs
[2023-09-01T13:15:13.514+0900] {logging_mixin.py:151} INFO - [2023-09-01T13:15:13.514+0900] {dag.py:3677} INFO - Setting next_dagrun for example_time_delta_sensor_async to None, run_after=None
[2023-09-01T13:15:13.524+0900] {processor.py:179} INFO - Processing /usr/local/lib/python3.8/dist-packages/airflow/example_dags/example_time_delta_sensor_async.py took 0.050 seconds
[2023-09-01T13:15:57.652+0900] {processor.py:157} INFO - Started process (PID=8270) to work on /usr/local/lib/python3.8/dist-packages/airflow/example_dags/example_time_delta_sensor_async.py
[2023-09-01T13:15:57.654+0900] {processor.py:829} INFO - Processing file /usr/local/lib/python3.8/dist-packages/airflow/example_dags/example_time_delta_sensor_async.py for tasks to queue
[2023-09-01T13:15:57.655+0900] {logging_mixin.py:151} INFO - [2023-09-01T13:15:57.654+0900] {dagbag.py:539} INFO - Filling up the DagBag from /usr/local/lib/python3.8/dist-packages/airflow/example_dags/example_time_delta_sensor_async.py
[2023-09-01T13:15:57.662+0900] {processor.py:839} INFO - DAG(s) dict_keys(['example_time_delta_sensor_async']) retrieved from /usr/local/lib/python3.8/dist-packages/airflow/example_dags/example_time_delta_sensor_async.py
[2023-09-01T13:15:57.678+0900] {logging_mixin.py:151} INFO - [2023-09-01T13:15:57.678+0900] {dag.py:2907} INFO - Sync 1 DAGs
[2023-09-01T13:15:57.686+0900] {logging_mixin.py:151} INFO - [2023-09-01T13:15:57.686+0900] {dag.py:3677} INFO - Setting next_dagrun for example_time_delta_sensor_async to None, run_after=None
[2023-09-01T13:15:57.698+0900] {processor.py:179} INFO - Processing /usr/local/lib/python3.8/dist-packages/airflow/example_dags/example_time_delta_sensor_async.py took 0.051 seconds
[2023-09-01T13:16:42.150+0900] {processor.py:157} INFO - Started process (PID=8701) to work on /usr/local/lib/python3.8/dist-packages/airflow/example_dags/example_time_delta_sensor_async.py
[2023-09-01T13:16:42.151+0900] {processor.py:829} INFO - Processing file /usr/local/lib/python3.8/dist-packages/airflow/example_dags/example_time_delta_sensor_async.py for tasks to queue
[2023-09-01T13:16:42.153+0900] {logging_mixin.py:151} INFO - [2023-09-01T13:16:42.152+0900] {dagbag.py:539} INFO - Filling up the DagBag from /usr/local/lib/python3.8/dist-packages/airflow/example_dags/example_time_delta_sensor_async.py
[2023-09-01T13:16:42.160+0900] {processor.py:839} INFO - DAG(s) dict_keys(['example_time_delta_sensor_async']) retrieved from /usr/local/lib/python3.8/dist-packages/airflow/example_dags/example_time_delta_sensor_async.py
[2023-09-01T13:16:42.178+0900] {logging_mixin.py:151} INFO - [2023-09-01T13:16:42.178+0900] {dag.py:2907} INFO - Sync 1 DAGs
[2023-09-01T13:16:42.186+0900] {logging_mixin.py:151} INFO - [2023-09-01T13:16:42.186+0900] {dag.py:3677} INFO - Setting next_dagrun for example_time_delta_sensor_async to None, run_after=None
[2023-09-01T13:16:42.199+0900] {processor.py:179} INFO - Processing /usr/local/lib/python3.8/dist-packages/airflow/example_dags/example_time_delta_sensor_async.py took 0.055 seconds
[2023-09-01T13:17:28.855+0900] {processor.py:157} INFO - Started process (PID=9159) to work on /usr/local/lib/python3.8/dist-packages/airflow/example_dags/example_time_delta_sensor_async.py
[2023-09-01T13:17:28.857+0900] {processor.py:829} INFO - Processing file /usr/local/lib/python3.8/dist-packages/airflow/example_dags/example_time_delta_sensor_async.py for tasks to queue
[2023-09-01T13:17:28.858+0900] {logging_mixin.py:151} INFO - [2023-09-01T13:17:28.857+0900] {dagbag.py:539} INFO - Filling up the DagBag from /usr/local/lib/python3.8/dist-packages/airflow/example_dags/example_time_delta_sensor_async.py
[2023-09-01T13:17:28.864+0900] {processor.py:839} INFO - DAG(s) dict_keys(['example_time_delta_sensor_async']) retrieved from /usr/local/lib/python3.8/dist-packages/airflow/example_dags/example_time_delta_sensor_async.py
[2023-09-01T13:17:28.881+0900] {logging_mixin.py:151} INFO - [2023-09-01T13:17:28.881+0900] {dag.py:2907} INFO - Sync 1 DAGs
[2023-09-01T13:17:28.890+0900] {logging_mixin.py:151} INFO - [2023-09-01T13:17:28.890+0900] {dag.py:3677} INFO - Setting next_dagrun for example_time_delta_sensor_async to None, run_after=None
[2023-09-01T13:17:28.902+0900] {processor.py:179} INFO - Processing /usr/local/lib/python3.8/dist-packages/airflow/example_dags/example_time_delta_sensor_async.py took 0.051 seconds
[2023-09-01T13:18:15.375+0900] {processor.py:157} INFO - Started process (PID=9653) to work on /usr/local/lib/python3.8/dist-packages/airflow/example_dags/example_time_delta_sensor_async.py
[2023-09-01T13:18:15.376+0900] {processor.py:829} INFO - Processing file /usr/local/lib/python3.8/dist-packages/airflow/example_dags/example_time_delta_sensor_async.py for tasks to queue
[2023-09-01T13:18:15.377+0900] {logging_mixin.py:151} INFO - [2023-09-01T13:18:15.376+0900] {dagbag.py:539} INFO - Filling up the DagBag from /usr/local/lib/python3.8/dist-packages/airflow/example_dags/example_time_delta_sensor_async.py
[2023-09-01T13:18:15.381+0900] {processor.py:839} INFO - DAG(s) dict_keys(['example_time_delta_sensor_async']) retrieved from /usr/local/lib/python3.8/dist-packages/airflow/example_dags/example_time_delta_sensor_async.py
[2023-09-01T13:18:15.396+0900] {logging_mixin.py:151} INFO - [2023-09-01T13:18:15.396+0900] {dag.py:2907} INFO - Sync 1 DAGs
[2023-09-01T13:18:15.404+0900] {logging_mixin.py:151} INFO - [2023-09-01T13:18:15.404+0900] {dag.py:3677} INFO - Setting next_dagrun for example_time_delta_sensor_async to None, run_after=None
[2023-09-01T13:18:15.420+0900] {processor.py:179} INFO - Processing /usr/local/lib/python3.8/dist-packages/airflow/example_dags/example_time_delta_sensor_async.py took 0.047 seconds
[2023-09-01T13:19:00.082+0900] {processor.py:157} INFO - Started process (PID=10079) to work on /usr/local/lib/python3.8/dist-packages/airflow/example_dags/example_time_delta_sensor_async.py
[2023-09-01T13:19:00.083+0900] {processor.py:829} INFO - Processing file /usr/local/lib/python3.8/dist-packages/airflow/example_dags/example_time_delta_sensor_async.py for tasks to queue
[2023-09-01T13:19:00.083+0900] {logging_mixin.py:151} INFO - [2023-09-01T13:19:00.083+0900] {dagbag.py:539} INFO - Filling up the DagBag from /usr/local/lib/python3.8/dist-packages/airflow/example_dags/example_time_delta_sensor_async.py
[2023-09-01T13:19:00.089+0900] {processor.py:839} INFO - DAG(s) dict_keys(['example_time_delta_sensor_async']) retrieved from /usr/local/lib/python3.8/dist-packages/airflow/example_dags/example_time_delta_sensor_async.py
[2023-09-01T13:19:00.098+0900] {logging_mixin.py:151} INFO - [2023-09-01T13:19:00.098+0900] {dag.py:2907} INFO - Sync 1 DAGs
[2023-09-01T13:19:00.107+0900] {logging_mixin.py:151} INFO - [2023-09-01T13:19:00.107+0900] {dag.py:3677} INFO - Setting next_dagrun for example_time_delta_sensor_async to None, run_after=None
[2023-09-01T13:19:00.120+0900] {processor.py:179} INFO - Processing /usr/local/lib/python3.8/dist-packages/airflow/example_dags/example_time_delta_sensor_async.py took 0.041 seconds
[2023-09-01T13:19:45.421+0900] {processor.py:157} INFO - Started process (PID=10524) to work on /usr/local/lib/python3.8/dist-packages/airflow/example_dags/example_time_delta_sensor_async.py
[2023-09-01T13:19:45.422+0900] {processor.py:829} INFO - Processing file /usr/local/lib/python3.8/dist-packages/airflow/example_dags/example_time_delta_sensor_async.py for tasks to queue
[2023-09-01T13:19:45.423+0900] {logging_mixin.py:151} INFO - [2023-09-01T13:19:45.422+0900] {dagbag.py:539} INFO - Filling up the DagBag from /usr/local/lib/python3.8/dist-packages/airflow/example_dags/example_time_delta_sensor_async.py
[2023-09-01T13:19:45.426+0900] {processor.py:839} INFO - DAG(s) dict_keys(['example_time_delta_sensor_async']) retrieved from /usr/local/lib/python3.8/dist-packages/airflow/example_dags/example_time_delta_sensor_async.py
[2023-09-01T13:19:45.436+0900] {logging_mixin.py:151} INFO - [2023-09-01T13:19:45.435+0900] {dag.py:2907} INFO - Sync 1 DAGs
[2023-09-01T13:19:45.441+0900] {logging_mixin.py:151} INFO - [2023-09-01T13:19:45.441+0900] {dag.py:3677} INFO - Setting next_dagrun for example_time_delta_sensor_async to None, run_after=None
[2023-09-01T13:19:45.450+0900] {processor.py:179} INFO - Processing /usr/local/lib/python3.8/dist-packages/airflow/example_dags/example_time_delta_sensor_async.py took 0.031 seconds
[2023-09-01T13:20:27.846+0900] {processor.py:157} INFO - Started process (PID=10944) to work on /usr/local/lib/python3.8/dist-packages/airflow/example_dags/example_time_delta_sensor_async.py
[2023-09-01T13:20:27.848+0900] {processor.py:829} INFO - Processing file /usr/local/lib/python3.8/dist-packages/airflow/example_dags/example_time_delta_sensor_async.py for tasks to queue
[2023-09-01T13:20:27.850+0900] {logging_mixin.py:151} INFO - [2023-09-01T13:20:27.849+0900] {dagbag.py:539} INFO - Filling up the DagBag from /usr/local/lib/python3.8/dist-packages/airflow/example_dags/example_time_delta_sensor_async.py
[2023-09-01T13:20:27.856+0900] {processor.py:839} INFO - DAG(s) dict_keys(['example_time_delta_sensor_async']) retrieved from /usr/local/lib/python3.8/dist-packages/airflow/example_dags/example_time_delta_sensor_async.py
[2023-09-01T13:20:27.874+0900] {logging_mixin.py:151} INFO - [2023-09-01T13:20:27.874+0900] {dag.py:2907} INFO - Sync 1 DAGs
[2023-09-01T13:20:27.883+0900] {logging_mixin.py:151} INFO - [2023-09-01T13:20:27.883+0900] {dag.py:3677} INFO - Setting next_dagrun for example_time_delta_sensor_async to None, run_after=None
[2023-09-01T13:20:27.896+0900] {processor.py:179} INFO - Processing /usr/local/lib/python3.8/dist-packages/airflow/example_dags/example_time_delta_sensor_async.py took 0.056 seconds
[2023-09-01T13:21:25.850+0900] {processor.py:157} INFO - Started process (PID=11442) to work on /usr/local/lib/python3.8/dist-packages/airflow/example_dags/example_time_delta_sensor_async.py
[2023-09-01T13:21:25.851+0900] {processor.py:829} INFO - Processing file /usr/local/lib/python3.8/dist-packages/airflow/example_dags/example_time_delta_sensor_async.py for tasks to queue
[2023-09-01T13:21:25.853+0900] {logging_mixin.py:151} INFO - [2023-09-01T13:21:25.852+0900] {dagbag.py:539} INFO - Filling up the DagBag from /usr/local/lib/python3.8/dist-packages/airflow/example_dags/example_time_delta_sensor_async.py
[2023-09-01T13:21:25.860+0900] {processor.py:839} INFO - DAG(s) dict_keys(['example_time_delta_sensor_async']) retrieved from /usr/local/lib/python3.8/dist-packages/airflow/example_dags/example_time_delta_sensor_async.py
[2023-09-01T13:21:25.877+0900] {logging_mixin.py:151} INFO - [2023-09-01T13:21:25.877+0900] {dag.py:2907} INFO - Sync 1 DAGs
[2023-09-01T13:21:25.886+0900] {logging_mixin.py:151} INFO - [2023-09-01T13:21:25.886+0900] {dag.py:3677} INFO - Setting next_dagrun for example_time_delta_sensor_async to None, run_after=None
[2023-09-01T13:21:25.899+0900] {processor.py:179} INFO - Processing /usr/local/lib/python3.8/dist-packages/airflow/example_dags/example_time_delta_sensor_async.py took 0.055 seconds
[2023-09-01T13:22:17.289+0900] {processor.py:157} INFO - Started process (PID=11931) to work on /usr/local/lib/python3.8/dist-packages/airflow/example_dags/example_time_delta_sensor_async.py
[2023-09-01T13:22:17.291+0900] {processor.py:829} INFO - Processing file /usr/local/lib/python3.8/dist-packages/airflow/example_dags/example_time_delta_sensor_async.py for tasks to queue
[2023-09-01T13:22:17.292+0900] {logging_mixin.py:151} INFO - [2023-09-01T13:22:17.291+0900] {dagbag.py:539} INFO - Filling up the DagBag from /usr/local/lib/python3.8/dist-packages/airflow/example_dags/example_time_delta_sensor_async.py
[2023-09-01T13:22:17.297+0900] {processor.py:839} INFO - DAG(s) dict_keys(['example_time_delta_sensor_async']) retrieved from /usr/local/lib/python3.8/dist-packages/airflow/example_dags/example_time_delta_sensor_async.py
[2023-09-01T13:22:17.313+0900] {logging_mixin.py:151} INFO - [2023-09-01T13:22:17.313+0900] {dag.py:2907} INFO - Sync 1 DAGs
[2023-09-01T13:22:17.321+0900] {logging_mixin.py:151} INFO - [2023-09-01T13:22:17.320+0900] {dag.py:3677} INFO - Setting next_dagrun for example_time_delta_sensor_async to None, run_after=None
[2023-09-01T13:22:17.331+0900] {processor.py:179} INFO - Processing /usr/local/lib/python3.8/dist-packages/airflow/example_dags/example_time_delta_sensor_async.py took 0.046 seconds
[2023-09-01T13:23:00.132+0900] {processor.py:157} INFO - Started process (PID=12350) to work on /usr/local/lib/python3.8/dist-packages/airflow/example_dags/example_time_delta_sensor_async.py
[2023-09-01T13:23:00.134+0900] {processor.py:829} INFO - Processing file /usr/local/lib/python3.8/dist-packages/airflow/example_dags/example_time_delta_sensor_async.py for tasks to queue
[2023-09-01T13:23:00.135+0900] {logging_mixin.py:151} INFO - [2023-09-01T13:23:00.134+0900] {dagbag.py:539} INFO - Filling up the DagBag from /usr/local/lib/python3.8/dist-packages/airflow/example_dags/example_time_delta_sensor_async.py
[2023-09-01T13:23:00.142+0900] {processor.py:839} INFO - DAG(s) dict_keys(['example_time_delta_sensor_async']) retrieved from /usr/local/lib/python3.8/dist-packages/airflow/example_dags/example_time_delta_sensor_async.py
[2023-09-01T13:23:00.157+0900] {logging_mixin.py:151} INFO - [2023-09-01T13:23:00.157+0900] {dag.py:2907} INFO - Sync 1 DAGs
[2023-09-01T13:23:00.164+0900] {logging_mixin.py:151} INFO - [2023-09-01T13:23:00.164+0900] {dag.py:3677} INFO - Setting next_dagrun for example_time_delta_sensor_async to None, run_after=None
[2023-09-01T13:23:00.174+0900] {processor.py:179} INFO - Processing /usr/local/lib/python3.8/dist-packages/airflow/example_dags/example_time_delta_sensor_async.py took 0.047 seconds
[2023-09-01T13:23:42.271+0900] {processor.py:157} INFO - Started process (PID=12793) to work on /usr/local/lib/python3.8/dist-packages/airflow/example_dags/example_time_delta_sensor_async.py
[2023-09-01T13:23:42.273+0900] {processor.py:829} INFO - Processing file /usr/local/lib/python3.8/dist-packages/airflow/example_dags/example_time_delta_sensor_async.py for tasks to queue
[2023-09-01T13:23:42.274+0900] {logging_mixin.py:151} INFO - [2023-09-01T13:23:42.273+0900] {dagbag.py:539} INFO - Filling up the DagBag from /usr/local/lib/python3.8/dist-packages/airflow/example_dags/example_time_delta_sensor_async.py
[2023-09-01T13:23:42.281+0900] {processor.py:839} INFO - DAG(s) dict_keys(['example_time_delta_sensor_async']) retrieved from /usr/local/lib/python3.8/dist-packages/airflow/example_dags/example_time_delta_sensor_async.py
[2023-09-01T13:23:42.299+0900] {logging_mixin.py:151} INFO - [2023-09-01T13:23:42.299+0900] {dag.py:2907} INFO - Sync 1 DAGs
[2023-09-01T13:23:42.307+0900] {logging_mixin.py:151} INFO - [2023-09-01T13:23:42.307+0900] {dag.py:3677} INFO - Setting next_dagrun for example_time_delta_sensor_async to None, run_after=None
[2023-09-01T13:23:42.320+0900] {processor.py:179} INFO - Processing /usr/local/lib/python3.8/dist-packages/airflow/example_dags/example_time_delta_sensor_async.py took 0.056 seconds
[2023-09-01T13:24:26.415+0900] {processor.py:157} INFO - Started process (PID=13214) to work on /usr/local/lib/python3.8/dist-packages/airflow/example_dags/example_time_delta_sensor_async.py
[2023-09-01T13:24:26.416+0900] {processor.py:829} INFO - Processing file /usr/local/lib/python3.8/dist-packages/airflow/example_dags/example_time_delta_sensor_async.py for tasks to queue
[2023-09-01T13:24:26.416+0900] {logging_mixin.py:151} INFO - [2023-09-01T13:24:26.416+0900] {dagbag.py:539} INFO - Filling up the DagBag from /usr/local/lib/python3.8/dist-packages/airflow/example_dags/example_time_delta_sensor_async.py
[2023-09-01T13:24:26.420+0900] {processor.py:839} INFO - DAG(s) dict_keys(['example_time_delta_sensor_async']) retrieved from /usr/local/lib/python3.8/dist-packages/airflow/example_dags/example_time_delta_sensor_async.py
[2023-09-01T13:24:26.437+0900] {logging_mixin.py:151} INFO - [2023-09-01T13:24:26.437+0900] {dag.py:2907} INFO - Sync 1 DAGs
[2023-09-01T13:24:26.445+0900] {logging_mixin.py:151} INFO - [2023-09-01T13:24:26.445+0900] {dag.py:3677} INFO - Setting next_dagrun for example_time_delta_sensor_async to None, run_after=None
[2023-09-01T13:24:26.458+0900] {processor.py:179} INFO - Processing /usr/local/lib/python3.8/dist-packages/airflow/example_dags/example_time_delta_sensor_async.py took 0.046 seconds
[2023-09-01T13:25:12.590+0900] {processor.py:157} INFO - Started process (PID=14163) to work on /usr/local/lib/python3.8/dist-packages/airflow/example_dags/example_time_delta_sensor_async.py
[2023-09-01T13:25:12.592+0900] {processor.py:829} INFO - Processing file /usr/local/lib/python3.8/dist-packages/airflow/example_dags/example_time_delta_sensor_async.py for tasks to queue
[2023-09-01T13:25:12.593+0900] {logging_mixin.py:151} INFO - [2023-09-01T13:25:12.592+0900] {dagbag.py:539} INFO - Filling up the DagBag from /usr/local/lib/python3.8/dist-packages/airflow/example_dags/example_time_delta_sensor_async.py
[2023-09-01T13:25:12.598+0900] {processor.py:839} INFO - DAG(s) dict_keys(['example_time_delta_sensor_async']) retrieved from /usr/local/lib/python3.8/dist-packages/airflow/example_dags/example_time_delta_sensor_async.py
[2023-09-01T13:25:12.616+0900] {logging_mixin.py:151} INFO - [2023-09-01T13:25:12.616+0900] {dag.py:2907} INFO - Sync 1 DAGs
[2023-09-01T13:25:12.628+0900] {logging_mixin.py:151} INFO - [2023-09-01T13:25:12.627+0900] {dag.py:3677} INFO - Setting next_dagrun for example_time_delta_sensor_async to None, run_after=None
[2023-09-01T13:25:12.643+0900] {processor.py:179} INFO - Processing /usr/local/lib/python3.8/dist-packages/airflow/example_dags/example_time_delta_sensor_async.py took 0.058 seconds
[2023-09-01T13:26:05.723+0900] {processor.py:157} INFO - Started process (PID=14487) to work on /usr/local/lib/python3.8/dist-packages/airflow/example_dags/example_time_delta_sensor_async.py
[2023-09-01T13:26:05.725+0900] {processor.py:829} INFO - Processing file /usr/local/lib/python3.8/dist-packages/airflow/example_dags/example_time_delta_sensor_async.py for tasks to queue
[2023-09-01T13:26:05.727+0900] {logging_mixin.py:151} INFO - [2023-09-01T13:26:05.726+0900] {dagbag.py:539} INFO - Filling up the DagBag from /usr/local/lib/python3.8/dist-packages/airflow/example_dags/example_time_delta_sensor_async.py
[2023-09-01T13:26:05.733+0900] {processor.py:839} INFO - DAG(s) dict_keys(['example_time_delta_sensor_async']) retrieved from /usr/local/lib/python3.8/dist-packages/airflow/example_dags/example_time_delta_sensor_async.py
[2023-09-01T13:26:05.750+0900] {logging_mixin.py:151} INFO - [2023-09-01T13:26:05.750+0900] {dag.py:2907} INFO - Sync 1 DAGs
[2023-09-01T13:26:05.758+0900] {logging_mixin.py:151} INFO - [2023-09-01T13:26:05.758+0900] {dag.py:3677} INFO - Setting next_dagrun for example_time_delta_sensor_async to None, run_after=None
[2023-09-01T13:26:05.770+0900] {processor.py:179} INFO - Processing /usr/local/lib/python3.8/dist-packages/airflow/example_dags/example_time_delta_sensor_async.py took 0.054 seconds
[2023-09-01T13:26:50.270+0900] {processor.py:157} INFO - Started process (PID=14909) to work on /usr/local/lib/python3.8/dist-packages/airflow/example_dags/example_time_delta_sensor_async.py
[2023-09-01T13:26:50.272+0900] {processor.py:829} INFO - Processing file /usr/local/lib/python3.8/dist-packages/airflow/example_dags/example_time_delta_sensor_async.py for tasks to queue
[2023-09-01T13:26:50.273+0900] {logging_mixin.py:151} INFO - [2023-09-01T13:26:50.272+0900] {dagbag.py:539} INFO - Filling up the DagBag from /usr/local/lib/python3.8/dist-packages/airflow/example_dags/example_time_delta_sensor_async.py
[2023-09-01T13:26:50.278+0900] {processor.py:839} INFO - DAG(s) dict_keys(['example_time_delta_sensor_async']) retrieved from /usr/local/lib/python3.8/dist-packages/airflow/example_dags/example_time_delta_sensor_async.py
[2023-09-01T13:26:50.296+0900] {logging_mixin.py:151} INFO - [2023-09-01T13:26:50.296+0900] {dag.py:2907} INFO - Sync 1 DAGs
[2023-09-01T13:26:50.305+0900] {logging_mixin.py:151} INFO - [2023-09-01T13:26:50.305+0900] {dag.py:3677} INFO - Setting next_dagrun for example_time_delta_sensor_async to None, run_after=None
[2023-09-01T13:26:50.316+0900] {processor.py:179} INFO - Processing /usr/local/lib/python3.8/dist-packages/airflow/example_dags/example_time_delta_sensor_async.py took 0.049 seconds
[2023-09-01T13:27:33.122+0900] {processor.py:157} INFO - Started process (PID=15331) to work on /usr/local/lib/python3.8/dist-packages/airflow/example_dags/example_time_delta_sensor_async.py
[2023-09-01T13:27:33.125+0900] {processor.py:829} INFO - Processing file /usr/local/lib/python3.8/dist-packages/airflow/example_dags/example_time_delta_sensor_async.py for tasks to queue
[2023-09-01T13:27:33.126+0900] {logging_mixin.py:151} INFO - [2023-09-01T13:27:33.125+0900] {dagbag.py:539} INFO - Filling up the DagBag from /usr/local/lib/python3.8/dist-packages/airflow/example_dags/example_time_delta_sensor_async.py
[2023-09-01T13:27:33.132+0900] {processor.py:839} INFO - DAG(s) dict_keys(['example_time_delta_sensor_async']) retrieved from /usr/local/lib/python3.8/dist-packages/airflow/example_dags/example_time_delta_sensor_async.py
[2023-09-01T13:27:33.149+0900] {logging_mixin.py:151} INFO - [2023-09-01T13:27:33.149+0900] {dag.py:2907} INFO - Sync 1 DAGs
[2023-09-01T13:27:33.159+0900] {logging_mixin.py:151} INFO - [2023-09-01T13:27:33.159+0900] {dag.py:3677} INFO - Setting next_dagrun for example_time_delta_sensor_async to None, run_after=None
[2023-09-01T13:27:33.172+0900] {processor.py:179} INFO - Processing /usr/local/lib/python3.8/dist-packages/airflow/example_dags/example_time_delta_sensor_async.py took 0.054 seconds
[2023-09-01T13:28:17.758+0900] {processor.py:157} INFO - Started process (PID=15769) to work on /usr/local/lib/python3.8/dist-packages/airflow/example_dags/example_time_delta_sensor_async.py
[2023-09-01T13:28:17.759+0900] {processor.py:829} INFO - Processing file /usr/local/lib/python3.8/dist-packages/airflow/example_dags/example_time_delta_sensor_async.py for tasks to queue
[2023-09-01T13:28:17.761+0900] {logging_mixin.py:151} INFO - [2023-09-01T13:28:17.760+0900] {dagbag.py:539} INFO - Filling up the DagBag from /usr/local/lib/python3.8/dist-packages/airflow/example_dags/example_time_delta_sensor_async.py
[2023-09-01T13:28:17.768+0900] {processor.py:839} INFO - DAG(s) dict_keys(['example_time_delta_sensor_async']) retrieved from /usr/local/lib/python3.8/dist-packages/airflow/example_dags/example_time_delta_sensor_async.py
[2023-09-01T13:28:17.787+0900] {logging_mixin.py:151} INFO - [2023-09-01T13:28:17.787+0900] {dag.py:2907} INFO - Sync 1 DAGs
[2023-09-01T13:28:17.796+0900] {logging_mixin.py:151} INFO - [2023-09-01T13:28:17.796+0900] {dag.py:3677} INFO - Setting next_dagrun for example_time_delta_sensor_async to None, run_after=None
[2023-09-01T13:28:17.810+0900] {processor.py:179} INFO - Processing /usr/local/lib/python3.8/dist-packages/airflow/example_dags/example_time_delta_sensor_async.py took 0.057 seconds
[2023-09-01T13:29:04.577+0900] {processor.py:157} INFO - Started process (PID=16248) to work on /usr/local/lib/python3.8/dist-packages/airflow/example_dags/example_time_delta_sensor_async.py
[2023-09-01T13:29:04.578+0900] {processor.py:829} INFO - Processing file /usr/local/lib/python3.8/dist-packages/airflow/example_dags/example_time_delta_sensor_async.py for tasks to queue
[2023-09-01T13:29:04.580+0900] {logging_mixin.py:151} INFO - [2023-09-01T13:29:04.579+0900] {dagbag.py:539} INFO - Filling up the DagBag from /usr/local/lib/python3.8/dist-packages/airflow/example_dags/example_time_delta_sensor_async.py
[2023-09-01T13:29:04.587+0900] {processor.py:839} INFO - DAG(s) dict_keys(['example_time_delta_sensor_async']) retrieved from /usr/local/lib/python3.8/dist-packages/airflow/example_dags/example_time_delta_sensor_async.py
[2023-09-01T13:29:04.605+0900] {logging_mixin.py:151} INFO - [2023-09-01T13:29:04.605+0900] {dag.py:2907} INFO - Sync 1 DAGs
[2023-09-01T13:29:04.614+0900] {logging_mixin.py:151} INFO - [2023-09-01T13:29:04.613+0900] {dag.py:3677} INFO - Setting next_dagrun for example_time_delta_sensor_async to None, run_after=None
[2023-09-01T13:29:04.626+0900] {processor.py:179} INFO - Processing /usr/local/lib/python3.8/dist-packages/airflow/example_dags/example_time_delta_sensor_async.py took 0.055 seconds
[2023-09-01T13:29:49.403+0900] {processor.py:157} INFO - Started process (PID=16670) to work on /usr/local/lib/python3.8/dist-packages/airflow/example_dags/example_time_delta_sensor_async.py
[2023-09-01T13:29:49.405+0900] {processor.py:829} INFO - Processing file /usr/local/lib/python3.8/dist-packages/airflow/example_dags/example_time_delta_sensor_async.py for tasks to queue
[2023-09-01T13:29:49.406+0900] {logging_mixin.py:151} INFO - [2023-09-01T13:29:49.405+0900] {dagbag.py:539} INFO - Filling up the DagBag from /usr/local/lib/python3.8/dist-packages/airflow/example_dags/example_time_delta_sensor_async.py
[2023-09-01T13:29:49.412+0900] {processor.py:839} INFO - DAG(s) dict_keys(['example_time_delta_sensor_async']) retrieved from /usr/local/lib/python3.8/dist-packages/airflow/example_dags/example_time_delta_sensor_async.py
[2023-09-01T13:29:49.429+0900] {logging_mixin.py:151} INFO - [2023-09-01T13:29:49.429+0900] {dag.py:2907} INFO - Sync 1 DAGs
[2023-09-01T13:29:49.439+0900] {logging_mixin.py:151} INFO - [2023-09-01T13:29:49.439+0900] {dag.py:3677} INFO - Setting next_dagrun for example_time_delta_sensor_async to None, run_after=None
[2023-09-01T13:29:49.453+0900] {processor.py:179} INFO - Processing /usr/local/lib/python3.8/dist-packages/airflow/example_dags/example_time_delta_sensor_async.py took 0.055 seconds
[2023-09-01T13:30:36.919+0900] {processor.py:157} INFO - Started process (PID=17134) to work on /usr/local/lib/python3.8/dist-packages/airflow/example_dags/example_time_delta_sensor_async.py
[2023-09-01T13:30:36.920+0900] {processor.py:829} INFO - Processing file /usr/local/lib/python3.8/dist-packages/airflow/example_dags/example_time_delta_sensor_async.py for tasks to queue
[2023-09-01T13:30:36.922+0900] {logging_mixin.py:151} INFO - [2023-09-01T13:30:36.921+0900] {dagbag.py:539} INFO - Filling up the DagBag from /usr/local/lib/python3.8/dist-packages/airflow/example_dags/example_time_delta_sensor_async.py
[2023-09-01T13:30:36.929+0900] {processor.py:839} INFO - DAG(s) dict_keys(['example_time_delta_sensor_async']) retrieved from /usr/local/lib/python3.8/dist-packages/airflow/example_dags/example_time_delta_sensor_async.py
[2023-09-01T13:30:36.947+0900] {logging_mixin.py:151} INFO - [2023-09-01T13:30:36.947+0900] {dag.py:2907} INFO - Sync 1 DAGs
[2023-09-01T13:30:36.956+0900] {logging_mixin.py:151} INFO - [2023-09-01T13:30:36.956+0900] {dag.py:3677} INFO - Setting next_dagrun for example_time_delta_sensor_async to None, run_after=None
[2023-09-01T13:30:36.970+0900] {processor.py:179} INFO - Processing /usr/local/lib/python3.8/dist-packages/airflow/example_dags/example_time_delta_sensor_async.py took 0.056 seconds
[2023-09-01T13:31:20.808+0900] {processor.py:157} INFO - Started process (PID=17560) to work on /usr/local/lib/python3.8/dist-packages/airflow/example_dags/example_time_delta_sensor_async.py
[2023-09-01T13:31:20.810+0900] {processor.py:829} INFO - Processing file /usr/local/lib/python3.8/dist-packages/airflow/example_dags/example_time_delta_sensor_async.py for tasks to queue
[2023-09-01T13:31:20.811+0900] {logging_mixin.py:151} INFO - [2023-09-01T13:31:20.810+0900] {dagbag.py:539} INFO - Filling up the DagBag from /usr/local/lib/python3.8/dist-packages/airflow/example_dags/example_time_delta_sensor_async.py
[2023-09-01T13:31:20.818+0900] {processor.py:839} INFO - DAG(s) dict_keys(['example_time_delta_sensor_async']) retrieved from /usr/local/lib/python3.8/dist-packages/airflow/example_dags/example_time_delta_sensor_async.py
[2023-09-01T13:31:20.834+0900] {logging_mixin.py:151} INFO - [2023-09-01T13:31:20.834+0900] {dag.py:2907} INFO - Sync 1 DAGs
[2023-09-01T13:31:20.843+0900] {logging_mixin.py:151} INFO - [2023-09-01T13:31:20.843+0900] {dag.py:3677} INFO - Setting next_dagrun for example_time_delta_sensor_async to None, run_after=None
[2023-09-01T13:31:20.854+0900] {processor.py:179} INFO - Processing /usr/local/lib/python3.8/dist-packages/airflow/example_dags/example_time_delta_sensor_async.py took 0.051 seconds
[2023-09-01T13:32:04.812+0900] {processor.py:157} INFO - Started process (PID=17993) to work on /usr/local/lib/python3.8/dist-packages/airflow/example_dags/example_time_delta_sensor_async.py
[2023-09-01T13:32:04.813+0900] {processor.py:829} INFO - Processing file /usr/local/lib/python3.8/dist-packages/airflow/example_dags/example_time_delta_sensor_async.py for tasks to queue
[2023-09-01T13:32:04.814+0900] {logging_mixin.py:151} INFO - [2023-09-01T13:32:04.813+0900] {dagbag.py:539} INFO - Filling up the DagBag from /usr/local/lib/python3.8/dist-packages/airflow/example_dags/example_time_delta_sensor_async.py
[2023-09-01T13:32:04.820+0900] {processor.py:839} INFO - DAG(s) dict_keys(['example_time_delta_sensor_async']) retrieved from /usr/local/lib/python3.8/dist-packages/airflow/example_dags/example_time_delta_sensor_async.py
[2023-09-01T13:32:04.836+0900] {logging_mixin.py:151} INFO - [2023-09-01T13:32:04.836+0900] {dag.py:2907} INFO - Sync 1 DAGs
[2023-09-01T13:32:04.845+0900] {logging_mixin.py:151} INFO - [2023-09-01T13:32:04.845+0900] {dag.py:3677} INFO - Setting next_dagrun for example_time_delta_sensor_async to None, run_after=None
[2023-09-01T13:32:04.858+0900] {processor.py:179} INFO - Processing /usr/local/lib/python3.8/dist-packages/airflow/example_dags/example_time_delta_sensor_async.py took 0.050 seconds
[2023-09-01T13:32:49.880+0900] {processor.py:157} INFO - Started process (PID=18419) to work on /usr/local/lib/python3.8/dist-packages/airflow/example_dags/example_time_delta_sensor_async.py
[2023-09-01T13:32:49.882+0900] {processor.py:829} INFO - Processing file /usr/local/lib/python3.8/dist-packages/airflow/example_dags/example_time_delta_sensor_async.py for tasks to queue
[2023-09-01T13:32:49.884+0900] {logging_mixin.py:151} INFO - [2023-09-01T13:32:49.883+0900] {dagbag.py:539} INFO - Filling up the DagBag from /usr/local/lib/python3.8/dist-packages/airflow/example_dags/example_time_delta_sensor_async.py
[2023-09-01T13:32:49.891+0900] {processor.py:839} INFO - DAG(s) dict_keys(['example_time_delta_sensor_async']) retrieved from /usr/local/lib/python3.8/dist-packages/airflow/example_dags/example_time_delta_sensor_async.py
[2023-09-01T13:32:49.905+0900] {logging_mixin.py:151} INFO - [2023-09-01T13:32:49.905+0900] {dag.py:2907} INFO - Sync 1 DAGs
[2023-09-01T13:32:49.912+0900] {logging_mixin.py:151} INFO - [2023-09-01T13:32:49.912+0900] {dag.py:3677} INFO - Setting next_dagrun for example_time_delta_sensor_async to None, run_after=None
[2023-09-01T13:32:49.923+0900] {processor.py:179} INFO - Processing /usr/local/lib/python3.8/dist-packages/airflow/example_dags/example_time_delta_sensor_async.py took 0.049 seconds
[2023-09-01T13:33:37.306+0900] {processor.py:157} INFO - Started process (PID=18878) to work on /usr/local/lib/python3.8/dist-packages/airflow/example_dags/example_time_delta_sensor_async.py
[2023-09-01T13:33:37.307+0900] {processor.py:829} INFO - Processing file /usr/local/lib/python3.8/dist-packages/airflow/example_dags/example_time_delta_sensor_async.py for tasks to queue
[2023-09-01T13:33:37.309+0900] {logging_mixin.py:151} INFO - [2023-09-01T13:33:37.308+0900] {dagbag.py:539} INFO - Filling up the DagBag from /usr/local/lib/python3.8/dist-packages/airflow/example_dags/example_time_delta_sensor_async.py
[2023-09-01T13:33:37.315+0900] {processor.py:839} INFO - DAG(s) dict_keys(['example_time_delta_sensor_async']) retrieved from /usr/local/lib/python3.8/dist-packages/airflow/example_dags/example_time_delta_sensor_async.py
[2023-09-01T13:33:37.332+0900] {logging_mixin.py:151} INFO - [2023-09-01T13:33:37.332+0900] {dag.py:2907} INFO - Sync 1 DAGs
[2023-09-01T13:33:37.339+0900] {logging_mixin.py:151} INFO - [2023-09-01T13:33:37.339+0900] {dag.py:3677} INFO - Setting next_dagrun for example_time_delta_sensor_async to None, run_after=None
[2023-09-01T13:33:37.360+0900] {processor.py:179} INFO - Processing /usr/local/lib/python3.8/dist-packages/airflow/example_dags/example_time_delta_sensor_async.py took 0.059 seconds
[2023-09-01T13:34:20.583+0900] {processor.py:157} INFO - Started process (PID=19328) to work on /usr/local/lib/python3.8/dist-packages/airflow/example_dags/example_time_delta_sensor_async.py
[2023-09-01T13:34:20.584+0900] {processor.py:829} INFO - Processing file /usr/local/lib/python3.8/dist-packages/airflow/example_dags/example_time_delta_sensor_async.py for tasks to queue
[2023-09-01T13:34:20.586+0900] {logging_mixin.py:151} INFO - [2023-09-01T13:34:20.585+0900] {dagbag.py:539} INFO - Filling up the DagBag from /usr/local/lib/python3.8/dist-packages/airflow/example_dags/example_time_delta_sensor_async.py
[2023-09-01T13:34:20.593+0900] {processor.py:839} INFO - DAG(s) dict_keys(['example_time_delta_sensor_async']) retrieved from /usr/local/lib/python3.8/dist-packages/airflow/example_dags/example_time_delta_sensor_async.py
[2023-09-01T13:34:20.610+0900] {logging_mixin.py:151} INFO - [2023-09-01T13:34:20.610+0900] {dag.py:2907} INFO - Sync 1 DAGs
[2023-09-01T13:34:20.618+0900] {logging_mixin.py:151} INFO - [2023-09-01T13:34:20.618+0900] {dag.py:3677} INFO - Setting next_dagrun for example_time_delta_sensor_async to None, run_after=None
[2023-09-01T13:34:20.630+0900] {processor.py:179} INFO - Processing /usr/local/lib/python3.8/dist-packages/airflow/example_dags/example_time_delta_sensor_async.py took 0.053 seconds
[2023-09-01T13:35:05.803+0900] {processor.py:157} INFO - Started process (PID=19760) to work on /usr/local/lib/python3.8/dist-packages/airflow/example_dags/example_time_delta_sensor_async.py
[2023-09-01T13:35:05.804+0900] {processor.py:829} INFO - Processing file /usr/local/lib/python3.8/dist-packages/airflow/example_dags/example_time_delta_sensor_async.py for tasks to queue
[2023-09-01T13:35:05.805+0900] {logging_mixin.py:151} INFO - [2023-09-01T13:35:05.804+0900] {dagbag.py:539} INFO - Filling up the DagBag from /usr/local/lib/python3.8/dist-packages/airflow/example_dags/example_time_delta_sensor_async.py
[2023-09-01T13:35:05.809+0900] {processor.py:839} INFO - DAG(s) dict_keys(['example_time_delta_sensor_async']) retrieved from /usr/local/lib/python3.8/dist-packages/airflow/example_dags/example_time_delta_sensor_async.py
[2023-09-01T13:35:05.820+0900] {logging_mixin.py:151} INFO - [2023-09-01T13:35:05.820+0900] {dag.py:2907} INFO - Sync 1 DAGs
[2023-09-01T13:35:05.828+0900] {logging_mixin.py:151} INFO - [2023-09-01T13:35:05.828+0900] {dag.py:3677} INFO - Setting next_dagrun for example_time_delta_sensor_async to None, run_after=None
[2023-09-01T13:35:05.842+0900] {processor.py:179} INFO - Processing /usr/local/lib/python3.8/dist-packages/airflow/example_dags/example_time_delta_sensor_async.py took 0.041 seconds
[2023-09-01T13:35:47.957+0900] {processor.py:157} INFO - Started process (PID=20170) to work on /usr/local/lib/python3.8/dist-packages/airflow/example_dags/example_time_delta_sensor_async.py
[2023-09-01T13:35:47.958+0900] {processor.py:829} INFO - Processing file /usr/local/lib/python3.8/dist-packages/airflow/example_dags/example_time_delta_sensor_async.py for tasks to queue
[2023-09-01T13:35:47.959+0900] {logging_mixin.py:151} INFO - [2023-09-01T13:35:47.959+0900] {dagbag.py:539} INFO - Filling up the DagBag from /usr/local/lib/python3.8/dist-packages/airflow/example_dags/example_time_delta_sensor_async.py
[2023-09-01T13:35:47.963+0900] {processor.py:839} INFO - DAG(s) dict_keys(['example_time_delta_sensor_async']) retrieved from /usr/local/lib/python3.8/dist-packages/airflow/example_dags/example_time_delta_sensor_async.py
[2023-09-01T13:35:47.974+0900] {logging_mixin.py:151} INFO - [2023-09-01T13:35:47.974+0900] {dag.py:2907} INFO - Sync 1 DAGs
[2023-09-01T13:35:47.980+0900] {logging_mixin.py:151} INFO - [2023-09-01T13:35:47.980+0900] {dag.py:3677} INFO - Setting next_dagrun for example_time_delta_sensor_async to None, run_after=None
[2023-09-01T13:35:47.989+0900] {processor.py:179} INFO - Processing /usr/local/lib/python3.8/dist-packages/airflow/example_dags/example_time_delta_sensor_async.py took 0.034 seconds
[2023-09-01T13:36:38.076+0900] {processor.py:157} INFO - Started process (PID=20651) to work on /usr/local/lib/python3.8/dist-packages/airflow/example_dags/example_time_delta_sensor_async.py
[2023-09-01T13:36:38.078+0900] {processor.py:829} INFO - Processing file /usr/local/lib/python3.8/dist-packages/airflow/example_dags/example_time_delta_sensor_async.py for tasks to queue
[2023-09-01T13:36:38.080+0900] {logging_mixin.py:151} INFO - [2023-09-01T13:36:38.079+0900] {dagbag.py:539} INFO - Filling up the DagBag from /usr/local/lib/python3.8/dist-packages/airflow/example_dags/example_time_delta_sensor_async.py
[2023-09-01T13:36:38.087+0900] {processor.py:839} INFO - DAG(s) dict_keys(['example_time_delta_sensor_async']) retrieved from /usr/local/lib/python3.8/dist-packages/airflow/example_dags/example_time_delta_sensor_async.py
[2023-09-01T13:36:38.105+0900] {logging_mixin.py:151} INFO - [2023-09-01T13:36:38.105+0900] {dag.py:2907} INFO - Sync 1 DAGs
[2023-09-01T13:36:38.114+0900] {logging_mixin.py:151} INFO - [2023-09-01T13:36:38.114+0900] {dag.py:3677} INFO - Setting next_dagrun for example_time_delta_sensor_async to None, run_after=None
[2023-09-01T13:36:38.129+0900] {processor.py:179} INFO - Processing /usr/local/lib/python3.8/dist-packages/airflow/example_dags/example_time_delta_sensor_async.py took 0.059 seconds
[2023-09-01T13:37:22.688+0900] {processor.py:157} INFO - Started process (PID=21088) to work on /usr/local/lib/python3.8/dist-packages/airflow/example_dags/example_time_delta_sensor_async.py
[2023-09-01T13:37:22.689+0900] {processor.py:829} INFO - Processing file /usr/local/lib/python3.8/dist-packages/airflow/example_dags/example_time_delta_sensor_async.py for tasks to queue
[2023-09-01T13:37:22.690+0900] {logging_mixin.py:151} INFO - [2023-09-01T13:37:22.690+0900] {dagbag.py:539} INFO - Filling up the DagBag from /usr/local/lib/python3.8/dist-packages/airflow/example_dags/example_time_delta_sensor_async.py
[2023-09-01T13:37:22.696+0900] {processor.py:839} INFO - DAG(s) dict_keys(['example_time_delta_sensor_async']) retrieved from /usr/local/lib/python3.8/dist-packages/airflow/example_dags/example_time_delta_sensor_async.py
[2023-09-01T13:37:22.713+0900] {logging_mixin.py:151} INFO - [2023-09-01T13:37:22.713+0900] {dag.py:2907} INFO - Sync 1 DAGs
[2023-09-01T13:37:22.722+0900] {logging_mixin.py:151} INFO - [2023-09-01T13:37:22.721+0900] {dag.py:3677} INFO - Setting next_dagrun for example_time_delta_sensor_async to None, run_after=None
[2023-09-01T13:37:22.734+0900] {processor.py:179} INFO - Processing /usr/local/lib/python3.8/dist-packages/airflow/example_dags/example_time_delta_sensor_async.py took 0.051 seconds
[2023-09-01T13:38:09.633+0900] {processor.py:157} INFO - Started process (PID=21543) to work on /usr/local/lib/python3.8/dist-packages/airflow/example_dags/example_time_delta_sensor_async.py
[2023-09-01T13:38:09.634+0900] {processor.py:829} INFO - Processing file /usr/local/lib/python3.8/dist-packages/airflow/example_dags/example_time_delta_sensor_async.py for tasks to queue
[2023-09-01T13:38:09.636+0900] {logging_mixin.py:151} INFO - [2023-09-01T13:38:09.635+0900] {dagbag.py:539} INFO - Filling up the DagBag from /usr/local/lib/python3.8/dist-packages/airflow/example_dags/example_time_delta_sensor_async.py
[2023-09-01T13:38:09.644+0900] {processor.py:839} INFO - DAG(s) dict_keys(['example_time_delta_sensor_async']) retrieved from /usr/local/lib/python3.8/dist-packages/airflow/example_dags/example_time_delta_sensor_async.py
[2023-09-01T13:38:09.660+0900] {logging_mixin.py:151} INFO - [2023-09-01T13:38:09.660+0900] {dag.py:2907} INFO - Sync 1 DAGs
[2023-09-01T13:38:09.668+0900] {logging_mixin.py:151} INFO - [2023-09-01T13:38:09.668+0900] {dag.py:3677} INFO - Setting next_dagrun for example_time_delta_sensor_async to None, run_after=None
[2023-09-01T13:38:09.681+0900] {processor.py:179} INFO - Processing /usr/local/lib/python3.8/dist-packages/airflow/example_dags/example_time_delta_sensor_async.py took 0.055 seconds
[2023-09-01T13:38:52.827+0900] {processor.py:157} INFO - Started process (PID=21983) to work on /usr/local/lib/python3.8/dist-packages/airflow/example_dags/example_time_delta_sensor_async.py
[2023-09-01T13:38:52.829+0900] {processor.py:829} INFO - Processing file /usr/local/lib/python3.8/dist-packages/airflow/example_dags/example_time_delta_sensor_async.py for tasks to queue
[2023-09-01T13:38:52.831+0900] {logging_mixin.py:151} INFO - [2023-09-01T13:38:52.830+0900] {dagbag.py:539} INFO - Filling up the DagBag from /usr/local/lib/python3.8/dist-packages/airflow/example_dags/example_time_delta_sensor_async.py
[2023-09-01T13:38:52.837+0900] {processor.py:839} INFO - DAG(s) dict_keys(['example_time_delta_sensor_async']) retrieved from /usr/local/lib/python3.8/dist-packages/airflow/example_dags/example_time_delta_sensor_async.py
[2023-09-01T13:38:52.853+0900] {logging_mixin.py:151} INFO - [2023-09-01T13:38:52.853+0900] {dag.py:2907} INFO - Sync 1 DAGs
[2023-09-01T13:38:52.861+0900] {logging_mixin.py:151} INFO - [2023-09-01T13:38:52.861+0900] {dag.py:3677} INFO - Setting next_dagrun for example_time_delta_sensor_async to None, run_after=None
[2023-09-01T13:38:52.872+0900] {processor.py:179} INFO - Processing /usr/local/lib/python3.8/dist-packages/airflow/example_dags/example_time_delta_sensor_async.py took 0.050 seconds
