[2023-09-01T13:07:26.129+0900] {processor.py:157} INFO - Started process (PID=1410) to work on /usr/local/lib/python3.8/dist-packages/airflow/example_dags/example_short_circuit_decorator.py
[2023-09-01T13:07:26.129+0900] {processor.py:829} INFO - Processing file /usr/local/lib/python3.8/dist-packages/airflow/example_dags/example_short_circuit_decorator.py for tasks to queue
[2023-09-01T13:07:26.130+0900] {logging_mixin.py:151} INFO - [2023-09-01T13:07:26.130+0900] {dagbag.py:539} INFO - Filling up the DagBag from /usr/local/lib/python3.8/dist-packages/airflow/example_dags/example_short_circuit_decorator.py
[2023-09-01T13:07:26.140+0900] {processor.py:839} INFO - DAG(s) dict_keys(['example_short_circuit_decorator']) retrieved from /usr/local/lib/python3.8/dist-packages/airflow/example_dags/example_short_circuit_decorator.py
[2023-09-01T13:07:26.241+0900] {logging_mixin.py:151} INFO - [2023-09-01T13:07:26.241+0900] {manager.py:501} INFO - Created Permission View: can delete on DAG:example_short_circuit_decorator
[2023-09-01T13:07:26.246+0900] {logging_mixin.py:151} INFO - [2023-09-01T13:07:26.245+0900] {manager.py:501} INFO - Created Permission View: can read on DAG:example_short_circuit_decorator
[2023-09-01T13:07:26.248+0900] {logging_mixin.py:151} INFO - [2023-09-01T13:07:26.248+0900] {manager.py:501} INFO - Created Permission View: can edit on DAG:example_short_circuit_decorator
[2023-09-01T13:07:26.253+0900] {logging_mixin.py:151} INFO - [2023-09-01T13:07:26.253+0900] {dag.py:2907} INFO - Sync 1 DAGs
[2023-09-01T13:07:26.256+0900] {logging_mixin.py:151} INFO - [2023-09-01T13:07:26.256+0900] {dag.py:2929} INFO - Creating ORM DAG for example_short_circuit_decorator
[2023-09-01T13:07:26.259+0900] {logging_mixin.py:151} INFO - [2023-09-01T13:07:26.259+0900] {dag.py:3677} INFO - Setting next_dagrun for example_short_circuit_decorator to 2023-08-31T04:07:26.258968+00:00, run_after=2023-09-01T04:07:26.258968+00:00
[2023-09-01T13:07:26.266+0900] {processor.py:179} INFO - Processing /usr/local/lib/python3.8/dist-packages/airflow/example_dags/example_short_circuit_decorator.py took 0.140 seconds
[2023-09-01T13:08:16.129+0900] {processor.py:157} INFO - Started process (PID=2394) to work on /usr/local/lib/python3.8/dist-packages/airflow/example_dags/example_short_circuit_decorator.py
[2023-09-01T13:08:16.130+0900] {processor.py:829} INFO - Processing file /usr/local/lib/python3.8/dist-packages/airflow/example_dags/example_short_circuit_decorator.py for tasks to queue
[2023-09-01T13:08:16.130+0900] {logging_mixin.py:151} INFO - [2023-09-01T13:08:16.130+0900] {dagbag.py:539} INFO - Filling up the DagBag from /usr/local/lib/python3.8/dist-packages/airflow/example_dags/example_short_circuit_decorator.py
[2023-09-01T13:08:16.137+0900] {processor.py:839} INFO - DAG(s) dict_keys(['example_short_circuit_decorator']) retrieved from /usr/local/lib/python3.8/dist-packages/airflow/example_dags/example_short_circuit_decorator.py
[2023-09-01T13:08:16.147+0900] {logging_mixin.py:151} INFO - [2023-09-01T13:08:16.147+0900] {dag.py:2907} INFO - Sync 1 DAGs
[2023-09-01T13:08:16.156+0900] {logging_mixin.py:151} INFO - [2023-09-01T13:08:16.156+0900] {dag.py:3677} INFO - Setting next_dagrun for example_short_circuit_decorator to 2023-08-31T04:08:16.156395+00:00, run_after=2023-09-01T04:08:16.156395+00:00
[2023-09-01T13:08:16.166+0900] {processor.py:179} INFO - Processing /usr/local/lib/python3.8/dist-packages/airflow/example_dags/example_short_circuit_decorator.py took 0.039 seconds
[2023-09-01T13:09:06.480+0900] {processor.py:157} INFO - Started process (PID=4092) to work on /usr/local/lib/python3.8/dist-packages/airflow/example_dags/example_short_circuit_decorator.py
[2023-09-01T13:09:06.481+0900] {processor.py:829} INFO - Processing file /usr/local/lib/python3.8/dist-packages/airflow/example_dags/example_short_circuit_decorator.py for tasks to queue
[2023-09-01T13:09:06.482+0900] {logging_mixin.py:151} INFO - [2023-09-01T13:09:06.481+0900] {dagbag.py:539} INFO - Filling up the DagBag from /usr/local/lib/python3.8/dist-packages/airflow/example_dags/example_short_circuit_decorator.py
[2023-09-01T13:09:06.491+0900] {processor.py:839} INFO - DAG(s) dict_keys(['example_short_circuit_decorator']) retrieved from /usr/local/lib/python3.8/dist-packages/airflow/example_dags/example_short_circuit_decorator.py
[2023-09-01T13:09:06.504+0900] {logging_mixin.py:151} INFO - [2023-09-01T13:09:06.504+0900] {dag.py:2907} INFO - Sync 1 DAGs
[2023-09-01T13:09:06.515+0900] {logging_mixin.py:151} INFO - [2023-09-01T13:09:06.515+0900] {dag.py:3677} INFO - Setting next_dagrun for example_short_circuit_decorator to 2023-09-01T04:08:16.156395+00:00, run_after=2023-09-02T04:08:16.156395+00:00
[2023-09-01T13:09:06.526+0900] {processor.py:179} INFO - Processing /usr/local/lib/python3.8/dist-packages/airflow/example_dags/example_short_circuit_decorator.py took 0.050 seconds
[2023-09-01T13:09:39.498+0900] {processor.py:157} INFO - Started process (PID=4419) to work on /usr/local/lib/python3.8/dist-packages/airflow/example_dags/example_short_circuit_decorator.py
[2023-09-01T13:09:39.499+0900] {processor.py:829} INFO - Processing file /usr/local/lib/python3.8/dist-packages/airflow/example_dags/example_short_circuit_decorator.py for tasks to queue
[2023-09-01T13:09:39.500+0900] {logging_mixin.py:151} INFO - [2023-09-01T13:09:39.499+0900] {dagbag.py:539} INFO - Filling up the DagBag from /usr/local/lib/python3.8/dist-packages/airflow/example_dags/example_short_circuit_decorator.py
[2023-09-01T13:09:39.509+0900] {processor.py:839} INFO - DAG(s) dict_keys(['example_short_circuit_decorator']) retrieved from /usr/local/lib/python3.8/dist-packages/airflow/example_dags/example_short_circuit_decorator.py
[2023-09-01T13:09:39.522+0900] {logging_mixin.py:151} INFO - [2023-09-01T13:09:39.522+0900] {dag.py:2907} INFO - Sync 1 DAGs
[2023-09-01T13:09:39.532+0900] {logging_mixin.py:151} INFO - [2023-09-01T13:09:39.532+0900] {dag.py:3677} INFO - Setting next_dagrun for example_short_circuit_decorator to 2023-09-01T04:08:16.156395+00:00, run_after=2023-09-02T04:08:16.156395+00:00
[2023-09-01T13:09:39.543+0900] {processor.py:179} INFO - Processing /usr/local/lib/python3.8/dist-packages/airflow/example_dags/example_short_circuit_decorator.py took 0.048 seconds
[2023-09-01T13:10:26.009+0900] {processor.py:157} INFO - Started process (PID=4870) to work on /usr/local/lib/python3.8/dist-packages/airflow/example_dags/example_short_circuit_decorator.py
[2023-09-01T13:10:26.010+0900] {processor.py:829} INFO - Processing file /usr/local/lib/python3.8/dist-packages/airflow/example_dags/example_short_circuit_decorator.py for tasks to queue
[2023-09-01T13:10:26.012+0900] {logging_mixin.py:151} INFO - [2023-09-01T13:10:26.011+0900] {dagbag.py:539} INFO - Filling up the DagBag from /usr/local/lib/python3.8/dist-packages/airflow/example_dags/example_short_circuit_decorator.py
[2023-09-01T13:10:26.023+0900] {processor.py:839} INFO - DAG(s) dict_keys(['example_short_circuit_decorator']) retrieved from /usr/local/lib/python3.8/dist-packages/airflow/example_dags/example_short_circuit_decorator.py
[2023-09-01T13:10:26.039+0900] {logging_mixin.py:151} INFO - [2023-09-01T13:10:26.039+0900] {dag.py:2907} INFO - Sync 1 DAGs
[2023-09-01T13:10:26.050+0900] {logging_mixin.py:151} INFO - [2023-09-01T13:10:26.050+0900] {dag.py:3677} INFO - Setting next_dagrun for example_short_circuit_decorator to 2023-09-01T04:08:16.156395+00:00, run_after=2023-09-02T04:08:16.156395+00:00
[2023-09-01T13:10:26.061+0900] {processor.py:179} INFO - Processing /usr/local/lib/python3.8/dist-packages/airflow/example_dags/example_short_circuit_decorator.py took 0.057 seconds
[2023-09-01T13:11:02.610+0900] {processor.py:157} INFO - Started process (PID=5214) to work on /usr/local/lib/python3.8/dist-packages/airflow/example_dags/example_short_circuit_decorator.py
[2023-09-01T13:11:02.611+0900] {processor.py:829} INFO - Processing file /usr/local/lib/python3.8/dist-packages/airflow/example_dags/example_short_circuit_decorator.py for tasks to queue
[2023-09-01T13:11:02.613+0900] {logging_mixin.py:151} INFO - [2023-09-01T13:11:02.612+0900] {dagbag.py:539} INFO - Filling up the DagBag from /usr/local/lib/python3.8/dist-packages/airflow/example_dags/example_short_circuit_decorator.py
[2023-09-01T13:11:02.626+0900] {processor.py:839} INFO - DAG(s) dict_keys(['example_short_circuit_decorator']) retrieved from /usr/local/lib/python3.8/dist-packages/airflow/example_dags/example_short_circuit_decorator.py
[2023-09-01T13:11:02.644+0900] {logging_mixin.py:151} INFO - [2023-09-01T13:11:02.644+0900] {dag.py:2907} INFO - Sync 1 DAGs
[2023-09-01T13:11:02.657+0900] {logging_mixin.py:151} INFO - [2023-09-01T13:11:02.656+0900] {dag.py:3677} INFO - Setting next_dagrun for example_short_circuit_decorator to 2023-09-01T04:08:16.156395+00:00, run_after=2023-09-02T04:08:16.156395+00:00
[2023-09-01T13:11:02.667+0900] {processor.py:179} INFO - Processing /usr/local/lib/python3.8/dist-packages/airflow/example_dags/example_short_circuit_decorator.py took 0.063 seconds
[2023-09-01T13:12:51.926+0900] {processor.py:157} INFO - Started process (PID=5835) to work on /usr/local/lib/python3.8/dist-packages/airflow/example_dags/example_short_circuit_decorator.py
[2023-09-01T13:12:51.927+0900] {processor.py:829} INFO - Processing file /usr/local/lib/python3.8/dist-packages/airflow/example_dags/example_short_circuit_decorator.py for tasks to queue
[2023-09-01T13:12:51.929+0900] {logging_mixin.py:151} INFO - [2023-09-01T13:12:51.928+0900] {dagbag.py:539} INFO - Filling up the DagBag from /usr/local/lib/python3.8/dist-packages/airflow/example_dags/example_short_circuit_decorator.py
[2023-09-01T13:12:51.940+0900] {processor.py:839} INFO - DAG(s) dict_keys(['example_short_circuit_decorator']) retrieved from /usr/local/lib/python3.8/dist-packages/airflow/example_dags/example_short_circuit_decorator.py
[2023-09-01T13:12:51.955+0900] {logging_mixin.py:151} INFO - [2023-09-01T13:12:51.955+0900] {dag.py:2907} INFO - Sync 1 DAGs
[2023-09-01T13:12:51.966+0900] {logging_mixin.py:151} INFO - [2023-09-01T13:12:51.966+0900] {dag.py:3677} INFO - Setting next_dagrun for example_short_circuit_decorator to 2023-09-01T04:08:16.156395+00:00, run_after=2023-09-02T04:08:16.156395+00:00
[2023-09-01T13:12:51.977+0900] {processor.py:179} INFO - Processing /usr/local/lib/python3.8/dist-packages/airflow/example_dags/example_short_circuit_decorator.py took 0.056 seconds
[2023-09-01T13:13:34.109+0900] {processor.py:157} INFO - Started process (PID=6276) to work on /usr/local/lib/python3.8/dist-packages/airflow/example_dags/example_short_circuit_decorator.py
[2023-09-01T13:13:34.110+0900] {processor.py:829} INFO - Processing file /usr/local/lib/python3.8/dist-packages/airflow/example_dags/example_short_circuit_decorator.py for tasks to queue
[2023-09-01T13:13:34.112+0900] {logging_mixin.py:151} INFO - [2023-09-01T13:13:34.111+0900] {dagbag.py:539} INFO - Filling up the DagBag from /usr/local/lib/python3.8/dist-packages/airflow/example_dags/example_short_circuit_decorator.py
[2023-09-01T13:13:34.123+0900] {processor.py:839} INFO - DAG(s) dict_keys(['example_short_circuit_decorator']) retrieved from /usr/local/lib/python3.8/dist-packages/airflow/example_dags/example_short_circuit_decorator.py
[2023-09-01T13:13:34.140+0900] {logging_mixin.py:151} INFO - [2023-09-01T13:13:34.139+0900] {dag.py:2907} INFO - Sync 1 DAGs
[2023-09-01T13:13:34.151+0900] {logging_mixin.py:151} INFO - [2023-09-01T13:13:34.151+0900] {dag.py:3677} INFO - Setting next_dagrun for example_short_circuit_decorator to 2023-09-01T04:08:16.156395+00:00, run_after=2023-09-02T04:08:16.156395+00:00
[2023-09-01T13:13:34.163+0900] {processor.py:179} INFO - Processing /usr/local/lib/python3.8/dist-packages/airflow/example_dags/example_short_circuit_decorator.py took 0.059 seconds
[2023-09-01T13:14:18.755+0900] {processor.py:157} INFO - Started process (PID=7165) to work on /usr/local/lib/python3.8/dist-packages/airflow/example_dags/example_short_circuit_decorator.py
[2023-09-01T13:14:18.755+0900] {processor.py:829} INFO - Processing file /usr/local/lib/python3.8/dist-packages/airflow/example_dags/example_short_circuit_decorator.py for tasks to queue
[2023-09-01T13:14:18.756+0900] {logging_mixin.py:151} INFO - [2023-09-01T13:14:18.756+0900] {dagbag.py:539} INFO - Filling up the DagBag from /usr/local/lib/python3.8/dist-packages/airflow/example_dags/example_short_circuit_decorator.py
[2023-09-01T13:14:18.763+0900] {processor.py:839} INFO - DAG(s) dict_keys(['example_short_circuit_decorator']) retrieved from /usr/local/lib/python3.8/dist-packages/airflow/example_dags/example_short_circuit_decorator.py
[2023-09-01T13:14:18.775+0900] {logging_mixin.py:151} INFO - [2023-09-01T13:14:18.775+0900] {dag.py:2907} INFO - Sync 1 DAGs
[2023-09-01T13:14:18.789+0900] {logging_mixin.py:151} INFO - [2023-09-01T13:14:18.789+0900] {dag.py:3677} INFO - Setting next_dagrun for example_short_circuit_decorator to 2023-09-01T04:08:16.156395+00:00, run_after=2023-09-02T04:08:16.156395+00:00
[2023-09-01T13:14:18.805+0900] {processor.py:179} INFO - Processing /usr/local/lib/python3.8/dist-packages/airflow/example_dags/example_short_circuit_decorator.py took 0.053 seconds
[2023-09-01T13:15:02.034+0900] {processor.py:157} INFO - Started process (PID=7688) to work on /usr/local/lib/python3.8/dist-packages/airflow/example_dags/example_short_circuit_decorator.py
[2023-09-01T13:15:02.036+0900] {processor.py:829} INFO - Processing file /usr/local/lib/python3.8/dist-packages/airflow/example_dags/example_short_circuit_decorator.py for tasks to queue
[2023-09-01T13:15:02.038+0900] {logging_mixin.py:151} INFO - [2023-09-01T13:15:02.037+0900] {dagbag.py:539} INFO - Filling up the DagBag from /usr/local/lib/python3.8/dist-packages/airflow/example_dags/example_short_circuit_decorator.py
[2023-09-01T13:15:02.050+0900] {processor.py:839} INFO - DAG(s) dict_keys(['example_short_circuit_decorator']) retrieved from /usr/local/lib/python3.8/dist-packages/airflow/example_dags/example_short_circuit_decorator.py
[2023-09-01T13:15:02.065+0900] {logging_mixin.py:151} INFO - [2023-09-01T13:15:02.065+0900] {dag.py:2907} INFO - Sync 1 DAGs
[2023-09-01T13:15:02.077+0900] {logging_mixin.py:151} INFO - [2023-09-01T13:15:02.076+0900] {dag.py:3677} INFO - Setting next_dagrun for example_short_circuit_decorator to 2023-09-01T04:08:16.156395+00:00, run_after=2023-09-02T04:08:16.156395+00:00
[2023-09-01T13:15:02.086+0900] {processor.py:179} INFO - Processing /usr/local/lib/python3.8/dist-packages/airflow/example_dags/example_short_circuit_decorator.py took 0.057 seconds
[2023-09-01T13:15:45.533+0900] {processor.py:157} INFO - Started process (PID=8156) to work on /usr/local/lib/python3.8/dist-packages/airflow/example_dags/example_short_circuit_decorator.py
[2023-09-01T13:15:45.535+0900] {processor.py:829} INFO - Processing file /usr/local/lib/python3.8/dist-packages/airflow/example_dags/example_short_circuit_decorator.py for tasks to queue
[2023-09-01T13:15:45.536+0900] {logging_mixin.py:151} INFO - [2023-09-01T13:15:45.535+0900] {dagbag.py:539} INFO - Filling up the DagBag from /usr/local/lib/python3.8/dist-packages/airflow/example_dags/example_short_circuit_decorator.py
[2023-09-01T13:15:45.550+0900] {processor.py:839} INFO - DAG(s) dict_keys(['example_short_circuit_decorator']) retrieved from /usr/local/lib/python3.8/dist-packages/airflow/example_dags/example_short_circuit_decorator.py
[2023-09-01T13:15:45.566+0900] {logging_mixin.py:151} INFO - [2023-09-01T13:15:45.566+0900] {dag.py:2907} INFO - Sync 1 DAGs
[2023-09-01T13:15:45.578+0900] {logging_mixin.py:151} INFO - [2023-09-01T13:15:45.578+0900] {dag.py:3677} INFO - Setting next_dagrun for example_short_circuit_decorator to 2023-09-01T04:08:16.156395+00:00, run_after=2023-09-02T04:08:16.156395+00:00
[2023-09-01T13:15:45.590+0900] {processor.py:179} INFO - Processing /usr/local/lib/python3.8/dist-packages/airflow/example_dags/example_short_circuit_decorator.py took 0.063 seconds
[2023-09-01T13:16:23.829+0900] {processor.py:157} INFO - Started process (PID=8531) to work on /usr/local/lib/python3.8/dist-packages/airflow/example_dags/example_short_circuit_decorator.py
[2023-09-01T13:16:23.831+0900] {processor.py:829} INFO - Processing file /usr/local/lib/python3.8/dist-packages/airflow/example_dags/example_short_circuit_decorator.py for tasks to queue
[2023-09-01T13:16:23.832+0900] {logging_mixin.py:151} INFO - [2023-09-01T13:16:23.831+0900] {dagbag.py:539} INFO - Filling up the DagBag from /usr/local/lib/python3.8/dist-packages/airflow/example_dags/example_short_circuit_decorator.py
[2023-09-01T13:16:23.843+0900] {processor.py:839} INFO - DAG(s) dict_keys(['example_short_circuit_decorator']) retrieved from /usr/local/lib/python3.8/dist-packages/airflow/example_dags/example_short_circuit_decorator.py
[2023-09-01T13:16:23.858+0900] {logging_mixin.py:151} INFO - [2023-09-01T13:16:23.858+0900] {dag.py:2907} INFO - Sync 1 DAGs
[2023-09-01T13:16:23.869+0900] {logging_mixin.py:151} INFO - [2023-09-01T13:16:23.869+0900] {dag.py:3677} INFO - Setting next_dagrun for example_short_circuit_decorator to 2023-09-01T04:08:16.156395+00:00, run_after=2023-09-02T04:08:16.156395+00:00
[2023-09-01T13:16:23.880+0900] {processor.py:179} INFO - Processing /usr/local/lib/python3.8/dist-packages/airflow/example_dags/example_short_circuit_decorator.py took 0.055 seconds
[2023-09-01T13:17:06.740+0900] {processor.py:157} INFO - Started process (PID=8937) to work on /usr/local/lib/python3.8/dist-packages/airflow/example_dags/example_short_circuit_decorator.py
[2023-09-01T13:17:06.741+0900] {processor.py:829} INFO - Processing file /usr/local/lib/python3.8/dist-packages/airflow/example_dags/example_short_circuit_decorator.py for tasks to queue
[2023-09-01T13:17:06.743+0900] {logging_mixin.py:151} INFO - [2023-09-01T13:17:06.742+0900] {dagbag.py:539} INFO - Filling up the DagBag from /usr/local/lib/python3.8/dist-packages/airflow/example_dags/example_short_circuit_decorator.py
[2023-09-01T13:17:06.753+0900] {processor.py:839} INFO - DAG(s) dict_keys(['example_short_circuit_decorator']) retrieved from /usr/local/lib/python3.8/dist-packages/airflow/example_dags/example_short_circuit_decorator.py
[2023-09-01T13:17:06.769+0900] {logging_mixin.py:151} INFO - [2023-09-01T13:17:06.769+0900] {dag.py:2907} INFO - Sync 1 DAGs
[2023-09-01T13:17:06.780+0900] {logging_mixin.py:151} INFO - [2023-09-01T13:17:06.780+0900] {dag.py:3677} INFO - Setting next_dagrun for example_short_circuit_decorator to 2023-09-01T04:08:16.156395+00:00, run_after=2023-09-02T04:08:16.156395+00:00
[2023-09-01T13:17:06.792+0900] {processor.py:179} INFO - Processing /usr/local/lib/python3.8/dist-packages/airflow/example_dags/example_short_circuit_decorator.py took 0.056 seconds
[2023-09-01T13:17:53.035+0900] {processor.py:157} INFO - Started process (PID=9384) to work on /usr/local/lib/python3.8/dist-packages/airflow/example_dags/example_short_circuit_decorator.py
[2023-09-01T13:17:53.037+0900] {processor.py:829} INFO - Processing file /usr/local/lib/python3.8/dist-packages/airflow/example_dags/example_short_circuit_decorator.py for tasks to queue
[2023-09-01T13:17:53.039+0900] {logging_mixin.py:151} INFO - [2023-09-01T13:17:53.038+0900] {dagbag.py:539} INFO - Filling up the DagBag from /usr/local/lib/python3.8/dist-packages/airflow/example_dags/example_short_circuit_decorator.py
[2023-09-01T13:17:53.054+0900] {processor.py:839} INFO - DAG(s) dict_keys(['example_short_circuit_decorator']) retrieved from /usr/local/lib/python3.8/dist-packages/airflow/example_dags/example_short_circuit_decorator.py
[2023-09-01T13:17:53.068+0900] {logging_mixin.py:151} INFO - [2023-09-01T13:17:53.068+0900] {dag.py:2907} INFO - Sync 1 DAGs
[2023-09-01T13:17:53.080+0900] {logging_mixin.py:151} INFO - [2023-09-01T13:17:53.080+0900] {dag.py:3677} INFO - Setting next_dagrun for example_short_circuit_decorator to 2023-09-01T04:08:16.156395+00:00, run_after=2023-09-02T04:08:16.156395+00:00
[2023-09-01T13:17:53.091+0900] {processor.py:179} INFO - Processing /usr/local/lib/python3.8/dist-packages/airflow/example_dags/example_short_circuit_decorator.py took 0.064 seconds
[2023-09-01T13:18:38.671+0900] {processor.py:157} INFO - Started process (PID=9880) to work on /usr/local/lib/python3.8/dist-packages/airflow/example_dags/example_short_circuit_decorator.py
[2023-09-01T13:18:38.672+0900] {processor.py:829} INFO - Processing file /usr/local/lib/python3.8/dist-packages/airflow/example_dags/example_short_circuit_decorator.py for tasks to queue
[2023-09-01T13:18:38.674+0900] {logging_mixin.py:151} INFO - [2023-09-01T13:18:38.673+0900] {dagbag.py:539} INFO - Filling up the DagBag from /usr/local/lib/python3.8/dist-packages/airflow/example_dags/example_short_circuit_decorator.py
[2023-09-01T13:18:38.686+0900] {processor.py:839} INFO - DAG(s) dict_keys(['example_short_circuit_decorator']) retrieved from /usr/local/lib/python3.8/dist-packages/airflow/example_dags/example_short_circuit_decorator.py
[2023-09-01T13:18:38.702+0900] {logging_mixin.py:151} INFO - [2023-09-01T13:18:38.702+0900] {dag.py:2907} INFO - Sync 1 DAGs
[2023-09-01T13:18:38.714+0900] {logging_mixin.py:151} INFO - [2023-09-01T13:18:38.713+0900] {dag.py:3677} INFO - Setting next_dagrun for example_short_circuit_decorator to 2023-09-01T04:08:16.156395+00:00, run_after=2023-09-02T04:08:16.156395+00:00
[2023-09-01T13:18:38.724+0900] {processor.py:179} INFO - Processing /usr/local/lib/python3.8/dist-packages/airflow/example_dags/example_short_circuit_decorator.py took 0.058 seconds
[2023-09-01T13:19:23.849+0900] {processor.py:157} INFO - Started process (PID=10322) to work on /usr/local/lib/python3.8/dist-packages/airflow/example_dags/example_short_circuit_decorator.py
[2023-09-01T13:19:23.850+0900] {processor.py:829} INFO - Processing file /usr/local/lib/python3.8/dist-packages/airflow/example_dags/example_short_circuit_decorator.py for tasks to queue
[2023-09-01T13:19:23.852+0900] {logging_mixin.py:151} INFO - [2023-09-01T13:19:23.851+0900] {dagbag.py:539} INFO - Filling up the DagBag from /usr/local/lib/python3.8/dist-packages/airflow/example_dags/example_short_circuit_decorator.py
[2023-09-01T13:19:23.864+0900] {processor.py:839} INFO - DAG(s) dict_keys(['example_short_circuit_decorator']) retrieved from /usr/local/lib/python3.8/dist-packages/airflow/example_dags/example_short_circuit_decorator.py
[2023-09-01T13:19:23.880+0900] {logging_mixin.py:151} INFO - [2023-09-01T13:19:23.880+0900] {dag.py:2907} INFO - Sync 1 DAGs
[2023-09-01T13:19:23.892+0900] {logging_mixin.py:151} INFO - [2023-09-01T13:19:23.891+0900] {dag.py:3677} INFO - Setting next_dagrun for example_short_circuit_decorator to 2023-09-01T04:08:16.156395+00:00, run_after=2023-09-02T04:08:16.156395+00:00
[2023-09-01T13:19:23.902+0900] {processor.py:179} INFO - Processing /usr/local/lib/python3.8/dist-packages/airflow/example_dags/example_short_circuit_decorator.py took 0.059 seconds
[2023-09-01T13:20:09.568+0900] {processor.py:157} INFO - Started process (PID=10753) to work on /usr/local/lib/python3.8/dist-packages/airflow/example_dags/example_short_circuit_decorator.py
[2023-09-01T13:20:09.570+0900] {processor.py:829} INFO - Processing file /usr/local/lib/python3.8/dist-packages/airflow/example_dags/example_short_circuit_decorator.py for tasks to queue
[2023-09-01T13:20:09.572+0900] {logging_mixin.py:151} INFO - [2023-09-01T13:20:09.571+0900] {dagbag.py:539} INFO - Filling up the DagBag from /usr/local/lib/python3.8/dist-packages/airflow/example_dags/example_short_circuit_decorator.py
[2023-09-01T13:20:09.584+0900] {processor.py:839} INFO - DAG(s) dict_keys(['example_short_circuit_decorator']) retrieved from /usr/local/lib/python3.8/dist-packages/airflow/example_dags/example_short_circuit_decorator.py
[2023-09-01T13:20:09.601+0900] {logging_mixin.py:151} INFO - [2023-09-01T13:20:09.601+0900] {dag.py:2907} INFO - Sync 1 DAGs
[2023-09-01T13:20:09.614+0900] {logging_mixin.py:151} INFO - [2023-09-01T13:20:09.613+0900] {dag.py:3677} INFO - Setting next_dagrun for example_short_circuit_decorator to 2023-09-01T04:08:16.156395+00:00, run_after=2023-09-02T04:08:16.156395+00:00
[2023-09-01T13:20:09.624+0900] {processor.py:179} INFO - Processing /usr/local/lib/python3.8/dist-packages/airflow/example_dags/example_short_circuit_decorator.py took 0.060 seconds
[2023-09-01T13:20:51.595+0900] {processor.py:157} INFO - Started process (PID=11185) to work on /usr/local/lib/python3.8/dist-packages/airflow/example_dags/example_short_circuit_decorator.py
[2023-09-01T13:20:51.596+0900] {processor.py:829} INFO - Processing file /usr/local/lib/python3.8/dist-packages/airflow/example_dags/example_short_circuit_decorator.py for tasks to queue
[2023-09-01T13:20:51.597+0900] {logging_mixin.py:151} INFO - [2023-09-01T13:20:51.596+0900] {dagbag.py:539} INFO - Filling up the DagBag from /usr/local/lib/python3.8/dist-packages/airflow/example_dags/example_short_circuit_decorator.py
[2023-09-01T13:20:51.608+0900] {processor.py:839} INFO - DAG(s) dict_keys(['example_short_circuit_decorator']) retrieved from /usr/local/lib/python3.8/dist-packages/airflow/example_dags/example_short_circuit_decorator.py
[2023-09-01T13:20:51.623+0900] {logging_mixin.py:151} INFO - [2023-09-01T13:20:51.623+0900] {dag.py:2907} INFO - Sync 1 DAGs
[2023-09-01T13:20:51.635+0900] {logging_mixin.py:151} INFO - [2023-09-01T13:20:51.635+0900] {dag.py:3677} INFO - Setting next_dagrun for example_short_circuit_decorator to 2023-09-01T04:08:16.156395+00:00, run_after=2023-09-02T04:08:16.156395+00:00
[2023-09-01T13:20:51.645+0900] {processor.py:179} INFO - Processing /usr/local/lib/python3.8/dist-packages/airflow/example_dags/example_short_circuit_decorator.py took 0.056 seconds
[2023-09-01T13:21:33.876+0900] {processor.py:157} INFO - Started process (PID=11526) to work on /usr/local/lib/python3.8/dist-packages/airflow/example_dags/example_short_circuit_decorator.py
[2023-09-01T13:21:33.877+0900] {processor.py:829} INFO - Processing file /usr/local/lib/python3.8/dist-packages/airflow/example_dags/example_short_circuit_decorator.py for tasks to queue
[2023-09-01T13:21:33.878+0900] {logging_mixin.py:151} INFO - [2023-09-01T13:21:33.877+0900] {dagbag.py:539} INFO - Filling up the DagBag from /usr/local/lib/python3.8/dist-packages/airflow/example_dags/example_short_circuit_decorator.py
[2023-09-01T13:21:33.884+0900] {processor.py:839} INFO - DAG(s) dict_keys(['example_short_circuit_decorator']) retrieved from /usr/local/lib/python3.8/dist-packages/airflow/example_dags/example_short_circuit_decorator.py
[2023-09-01T13:21:33.894+0900] {logging_mixin.py:151} INFO - [2023-09-01T13:21:33.894+0900] {dag.py:2907} INFO - Sync 1 DAGs
[2023-09-01T13:21:33.904+0900] {logging_mixin.py:151} INFO - [2023-09-01T13:21:33.903+0900] {dag.py:3677} INFO - Setting next_dagrun for example_short_circuit_decorator to 2023-09-01T04:08:16.156395+00:00, run_after=2023-09-02T04:08:16.156395+00:00
[2023-09-01T13:21:33.913+0900] {processor.py:179} INFO - Processing /usr/local/lib/python3.8/dist-packages/airflow/example_dags/example_short_circuit_decorator.py took 0.039 seconds
[2023-09-01T13:22:10.948+0900] {processor.py:157} INFO - Started process (PID=11874) to work on /usr/local/lib/python3.8/dist-packages/airflow/example_dags/example_short_circuit_decorator.py
[2023-09-01T13:22:10.950+0900] {processor.py:829} INFO - Processing file /usr/local/lib/python3.8/dist-packages/airflow/example_dags/example_short_circuit_decorator.py for tasks to queue
[2023-09-01T13:22:10.951+0900] {logging_mixin.py:151} INFO - [2023-09-01T13:22:10.951+0900] {dagbag.py:539} INFO - Filling up the DagBag from /usr/local/lib/python3.8/dist-packages/airflow/example_dags/example_short_circuit_decorator.py
[2023-09-01T13:22:10.959+0900] {processor.py:839} INFO - DAG(s) dict_keys(['example_short_circuit_decorator']) retrieved from /usr/local/lib/python3.8/dist-packages/airflow/example_dags/example_short_circuit_decorator.py
[2023-09-01T13:22:10.970+0900] {logging_mixin.py:151} INFO - [2023-09-01T13:22:10.970+0900] {dag.py:2907} INFO - Sync 1 DAGs
[2023-09-01T13:22:10.980+0900] {logging_mixin.py:151} INFO - [2023-09-01T13:22:10.980+0900] {dag.py:3677} INFO - Setting next_dagrun for example_short_circuit_decorator to 2023-09-01T04:08:16.156395+00:00, run_after=2023-09-02T04:08:16.156395+00:00
[2023-09-01T13:22:10.990+0900] {processor.py:179} INFO - Processing /usr/local/lib/python3.8/dist-packages/airflow/example_dags/example_short_circuit_decorator.py took 0.045 seconds
[2023-09-01T13:22:53.827+0900] {processor.py:157} INFO - Started process (PID=12293) to work on /usr/local/lib/python3.8/dist-packages/airflow/example_dags/example_short_circuit_decorator.py
[2023-09-01T13:22:53.830+0900] {processor.py:829} INFO - Processing file /usr/local/lib/python3.8/dist-packages/airflow/example_dags/example_short_circuit_decorator.py for tasks to queue
[2023-09-01T13:22:53.831+0900] {logging_mixin.py:151} INFO - [2023-09-01T13:22:53.830+0900] {dagbag.py:539} INFO - Filling up the DagBag from /usr/local/lib/python3.8/dist-packages/airflow/example_dags/example_short_circuit_decorator.py
[2023-09-01T13:22:53.843+0900] {processor.py:839} INFO - DAG(s) dict_keys(['example_short_circuit_decorator']) retrieved from /usr/local/lib/python3.8/dist-packages/airflow/example_dags/example_short_circuit_decorator.py
[2023-09-01T13:22:53.858+0900] {logging_mixin.py:151} INFO - [2023-09-01T13:22:53.858+0900] {dag.py:2907} INFO - Sync 1 DAGs
[2023-09-01T13:22:53.870+0900] {logging_mixin.py:151} INFO - [2023-09-01T13:22:53.869+0900] {dag.py:3677} INFO - Setting next_dagrun for example_short_circuit_decorator to 2023-09-01T04:08:16.156395+00:00, run_after=2023-09-02T04:08:16.156395+00:00
[2023-09-01T13:22:53.880+0900] {processor.py:179} INFO - Processing /usr/local/lib/python3.8/dist-packages/airflow/example_dags/example_short_circuit_decorator.py took 0.057 seconds
[2023-09-01T13:23:36.204+0900] {processor.py:157} INFO - Started process (PID=12736) to work on /usr/local/lib/python3.8/dist-packages/airflow/example_dags/example_short_circuit_decorator.py
[2023-09-01T13:23:36.206+0900] {processor.py:829} INFO - Processing file /usr/local/lib/python3.8/dist-packages/airflow/example_dags/example_short_circuit_decorator.py for tasks to queue
[2023-09-01T13:23:36.207+0900] {logging_mixin.py:151} INFO - [2023-09-01T13:23:36.206+0900] {dagbag.py:539} INFO - Filling up the DagBag from /usr/local/lib/python3.8/dist-packages/airflow/example_dags/example_short_circuit_decorator.py
[2023-09-01T13:23:36.220+0900] {processor.py:839} INFO - DAG(s) dict_keys(['example_short_circuit_decorator']) retrieved from /usr/local/lib/python3.8/dist-packages/airflow/example_dags/example_short_circuit_decorator.py
[2023-09-01T13:23:36.237+0900] {logging_mixin.py:151} INFO - [2023-09-01T13:23:36.237+0900] {dag.py:2907} INFO - Sync 1 DAGs
[2023-09-01T13:23:36.250+0900] {logging_mixin.py:151} INFO - [2023-09-01T13:23:36.250+0900] {dag.py:3677} INFO - Setting next_dagrun for example_short_circuit_decorator to 2023-09-01T04:08:16.156395+00:00, run_after=2023-09-02T04:08:16.156395+00:00
[2023-09-01T13:23:36.262+0900] {processor.py:179} INFO - Processing /usr/local/lib/python3.8/dist-packages/airflow/example_dags/example_short_circuit_decorator.py took 0.063 seconds
[2023-09-01T13:24:20.238+0900] {processor.py:157} INFO - Started process (PID=13149) to work on /usr/local/lib/python3.8/dist-packages/airflow/example_dags/example_short_circuit_decorator.py
[2023-09-01T13:24:20.239+0900] {processor.py:829} INFO - Processing file /usr/local/lib/python3.8/dist-packages/airflow/example_dags/example_short_circuit_decorator.py for tasks to queue
[2023-09-01T13:24:20.241+0900] {logging_mixin.py:151} INFO - [2023-09-01T13:24:20.240+0900] {dagbag.py:539} INFO - Filling up the DagBag from /usr/local/lib/python3.8/dist-packages/airflow/example_dags/example_short_circuit_decorator.py
[2023-09-01T13:24:20.252+0900] {processor.py:839} INFO - DAG(s) dict_keys(['example_short_circuit_decorator']) retrieved from /usr/local/lib/python3.8/dist-packages/airflow/example_dags/example_short_circuit_decorator.py
[2023-09-01T13:24:20.270+0900] {logging_mixin.py:151} INFO - [2023-09-01T13:24:20.269+0900] {dag.py:2907} INFO - Sync 1 DAGs
[2023-09-01T13:24:20.283+0900] {logging_mixin.py:151} INFO - [2023-09-01T13:24:20.283+0900] {dag.py:3677} INFO - Setting next_dagrun for example_short_circuit_decorator to 2023-09-01T04:08:16.156395+00:00, run_after=2023-09-02T04:08:16.156395+00:00
[2023-09-01T13:24:20.294+0900] {processor.py:179} INFO - Processing /usr/local/lib/python3.8/dist-packages/airflow/example_dags/example_short_circuit_decorator.py took 0.061 seconds
[2023-09-01T13:25:06.871+0900] {processor.py:157} INFO - Started process (PID=14034) to work on /usr/local/lib/python3.8/dist-packages/airflow/example_dags/example_short_circuit_decorator.py
[2023-09-01T13:25:06.872+0900] {processor.py:829} INFO - Processing file /usr/local/lib/python3.8/dist-packages/airflow/example_dags/example_short_circuit_decorator.py for tasks to queue
[2023-09-01T13:25:06.873+0900] {logging_mixin.py:151} INFO - [2023-09-01T13:25:06.872+0900] {dagbag.py:539} INFO - Filling up the DagBag from /usr/local/lib/python3.8/dist-packages/airflow/example_dags/example_short_circuit_decorator.py
[2023-09-01T13:25:06.882+0900] {processor.py:839} INFO - DAG(s) dict_keys(['example_short_circuit_decorator']) retrieved from /usr/local/lib/python3.8/dist-packages/airflow/example_dags/example_short_circuit_decorator.py
[2023-09-01T13:25:06.897+0900] {logging_mixin.py:151} INFO - [2023-09-01T13:25:06.897+0900] {dag.py:2907} INFO - Sync 1 DAGs
[2023-09-01T13:25:06.913+0900] {logging_mixin.py:151} INFO - [2023-09-01T13:25:06.913+0900] {dag.py:3677} INFO - Setting next_dagrun for example_short_circuit_decorator to 2023-09-01T04:08:16.156395+00:00, run_after=2023-09-02T04:08:16.156395+00:00
[2023-09-01T13:25:06.927+0900] {processor.py:179} INFO - Processing /usr/local/lib/python3.8/dist-packages/airflow/example_dags/example_short_circuit_decorator.py took 0.058 seconds
[2023-09-01T13:25:53.316+0900] {processor.py:157} INFO - Started process (PID=14366) to work on /usr/local/lib/python3.8/dist-packages/airflow/example_dags/example_short_circuit_decorator.py
[2023-09-01T13:25:53.317+0900] {processor.py:829} INFO - Processing file /usr/local/lib/python3.8/dist-packages/airflow/example_dags/example_short_circuit_decorator.py for tasks to queue
[2023-09-01T13:25:53.318+0900] {logging_mixin.py:151} INFO - [2023-09-01T13:25:53.317+0900] {dagbag.py:539} INFO - Filling up the DagBag from /usr/local/lib/python3.8/dist-packages/airflow/example_dags/example_short_circuit_decorator.py
[2023-09-01T13:25:53.330+0900] {processor.py:839} INFO - DAG(s) dict_keys(['example_short_circuit_decorator']) retrieved from /usr/local/lib/python3.8/dist-packages/airflow/example_dags/example_short_circuit_decorator.py
[2023-09-01T13:25:53.350+0900] {logging_mixin.py:151} INFO - [2023-09-01T13:25:53.349+0900] {dag.py:2907} INFO - Sync 1 DAGs
[2023-09-01T13:25:53.363+0900] {logging_mixin.py:151} INFO - [2023-09-01T13:25:53.363+0900] {dag.py:3677} INFO - Setting next_dagrun for example_short_circuit_decorator to 2023-09-01T04:08:16.156395+00:00, run_after=2023-09-02T04:08:16.156395+00:00
[2023-09-01T13:25:53.377+0900] {processor.py:179} INFO - Processing /usr/local/lib/python3.8/dist-packages/airflow/example_dags/example_short_circuit_decorator.py took 0.066 seconds
[2023-09-01T13:26:36.482+0900] {processor.py:157} INFO - Started process (PID=14779) to work on /usr/local/lib/python3.8/dist-packages/airflow/example_dags/example_short_circuit_decorator.py
[2023-09-01T13:26:36.485+0900] {processor.py:829} INFO - Processing file /usr/local/lib/python3.8/dist-packages/airflow/example_dags/example_short_circuit_decorator.py for tasks to queue
[2023-09-01T13:26:36.486+0900] {logging_mixin.py:151} INFO - [2023-09-01T13:26:36.485+0900] {dagbag.py:539} INFO - Filling up the DagBag from /usr/local/lib/python3.8/dist-packages/airflow/example_dags/example_short_circuit_decorator.py
[2023-09-01T13:26:36.499+0900] {processor.py:839} INFO - DAG(s) dict_keys(['example_short_circuit_decorator']) retrieved from /usr/local/lib/python3.8/dist-packages/airflow/example_dags/example_short_circuit_decorator.py
[2023-09-01T13:26:36.515+0900] {logging_mixin.py:151} INFO - [2023-09-01T13:26:36.515+0900] {dag.py:2907} INFO - Sync 1 DAGs
[2023-09-01T13:26:36.528+0900] {logging_mixin.py:151} INFO - [2023-09-01T13:26:36.528+0900] {dag.py:3677} INFO - Setting next_dagrun for example_short_circuit_decorator to 2023-09-01T04:08:16.156395+00:00, run_after=2023-09-02T04:08:16.156395+00:00
[2023-09-01T13:26:36.538+0900] {processor.py:179} INFO - Processing /usr/local/lib/python3.8/dist-packages/airflow/example_dags/example_short_circuit_decorator.py took 0.061 seconds
[2023-09-01T13:27:20.002+0900] {processor.py:157} INFO - Started process (PID=15209) to work on /usr/local/lib/python3.8/dist-packages/airflow/example_dags/example_short_circuit_decorator.py
[2023-09-01T13:27:20.003+0900] {processor.py:829} INFO - Processing file /usr/local/lib/python3.8/dist-packages/airflow/example_dags/example_short_circuit_decorator.py for tasks to queue
[2023-09-01T13:27:20.005+0900] {logging_mixin.py:151} INFO - [2023-09-01T13:27:20.004+0900] {dagbag.py:539} INFO - Filling up the DagBag from /usr/local/lib/python3.8/dist-packages/airflow/example_dags/example_short_circuit_decorator.py
[2023-09-01T13:27:20.015+0900] {processor.py:839} INFO - DAG(s) dict_keys(['example_short_circuit_decorator']) retrieved from /usr/local/lib/python3.8/dist-packages/airflow/example_dags/example_short_circuit_decorator.py
[2023-09-01T13:27:20.033+0900] {logging_mixin.py:151} INFO - [2023-09-01T13:27:20.032+0900] {dag.py:2907} INFO - Sync 1 DAGs
[2023-09-01T13:27:20.046+0900] {logging_mixin.py:151} INFO - [2023-09-01T13:27:20.046+0900] {dag.py:3677} INFO - Setting next_dagrun for example_short_circuit_decorator to 2023-09-01T04:08:16.156395+00:00, run_after=2023-09-02T04:08:16.156395+00:00
[2023-09-01T13:27:20.058+0900] {processor.py:179} INFO - Processing /usr/local/lib/python3.8/dist-packages/airflow/example_dags/example_short_circuit_decorator.py took 0.059 seconds
[2023-09-01T13:28:04.022+0900] {processor.py:157} INFO - Started process (PID=15637) to work on /usr/local/lib/python3.8/dist-packages/airflow/example_dags/example_short_circuit_decorator.py
[2023-09-01T13:28:04.023+0900] {processor.py:829} INFO - Processing file /usr/local/lib/python3.8/dist-packages/airflow/example_dags/example_short_circuit_decorator.py for tasks to queue
[2023-09-01T13:28:04.025+0900] {logging_mixin.py:151} INFO - [2023-09-01T13:28:04.024+0900] {dagbag.py:539} INFO - Filling up the DagBag from /usr/local/lib/python3.8/dist-packages/airflow/example_dags/example_short_circuit_decorator.py
[2023-09-01T13:28:04.036+0900] {processor.py:839} INFO - DAG(s) dict_keys(['example_short_circuit_decorator']) retrieved from /usr/local/lib/python3.8/dist-packages/airflow/example_dags/example_short_circuit_decorator.py
[2023-09-01T13:28:04.052+0900] {logging_mixin.py:151} INFO - [2023-09-01T13:28:04.052+0900] {dag.py:2907} INFO - Sync 1 DAGs
[2023-09-01T13:28:04.066+0900] {logging_mixin.py:151} INFO - [2023-09-01T13:28:04.066+0900] {dag.py:3677} INFO - Setting next_dagrun for example_short_circuit_decorator to 2023-09-01T04:08:16.156395+00:00, run_after=2023-09-02T04:08:16.156395+00:00
[2023-09-01T13:28:04.078+0900] {processor.py:179} INFO - Processing /usr/local/lib/python3.8/dist-packages/airflow/example_dags/example_short_circuit_decorator.py took 0.061 seconds
[2023-09-01T13:28:51.621+0900] {processor.py:157} INFO - Started process (PID=16111) to work on /usr/local/lib/python3.8/dist-packages/airflow/example_dags/example_short_circuit_decorator.py
[2023-09-01T13:28:51.623+0900] {processor.py:829} INFO - Processing file /usr/local/lib/python3.8/dist-packages/airflow/example_dags/example_short_circuit_decorator.py for tasks to queue
[2023-09-01T13:28:51.625+0900] {logging_mixin.py:151} INFO - [2023-09-01T13:28:51.623+0900] {dagbag.py:539} INFO - Filling up the DagBag from /usr/local/lib/python3.8/dist-packages/airflow/example_dags/example_short_circuit_decorator.py
[2023-09-01T13:28:51.637+0900] {processor.py:839} INFO - DAG(s) dict_keys(['example_short_circuit_decorator']) retrieved from /usr/local/lib/python3.8/dist-packages/airflow/example_dags/example_short_circuit_decorator.py
[2023-09-01T13:28:51.652+0900] {logging_mixin.py:151} INFO - [2023-09-01T13:28:51.652+0900] {dag.py:2907} INFO - Sync 1 DAGs
[2023-09-01T13:28:51.664+0900] {logging_mixin.py:151} INFO - [2023-09-01T13:28:51.664+0900] {dag.py:3677} INFO - Setting next_dagrun for example_short_circuit_decorator to 2023-09-01T04:08:16.156395+00:00, run_after=2023-09-02T04:08:16.156395+00:00
[2023-09-01T13:28:51.675+0900] {processor.py:179} INFO - Processing /usr/local/lib/python3.8/dist-packages/airflow/example_dags/example_short_circuit_decorator.py took 0.059 seconds
[2023-09-01T13:29:35.646+0900] {processor.py:157} INFO - Started process (PID=16542) to work on /usr/local/lib/python3.8/dist-packages/airflow/example_dags/example_short_circuit_decorator.py
[2023-09-01T13:29:35.647+0900] {processor.py:829} INFO - Processing file /usr/local/lib/python3.8/dist-packages/airflow/example_dags/example_short_circuit_decorator.py for tasks to queue
[2023-09-01T13:29:35.648+0900] {logging_mixin.py:151} INFO - [2023-09-01T13:29:35.647+0900] {dagbag.py:539} INFO - Filling up the DagBag from /usr/local/lib/python3.8/dist-packages/airflow/example_dags/example_short_circuit_decorator.py
[2023-09-01T13:29:35.661+0900] {processor.py:839} INFO - DAG(s) dict_keys(['example_short_circuit_decorator']) retrieved from /usr/local/lib/python3.8/dist-packages/airflow/example_dags/example_short_circuit_decorator.py
[2023-09-01T13:29:35.678+0900] {logging_mixin.py:151} INFO - [2023-09-01T13:29:35.678+0900] {dag.py:2907} INFO - Sync 1 DAGs
[2023-09-01T13:29:35.690+0900] {logging_mixin.py:151} INFO - [2023-09-01T13:29:35.690+0900] {dag.py:3677} INFO - Setting next_dagrun for example_short_circuit_decorator to 2023-09-01T04:08:16.156395+00:00, run_after=2023-09-02T04:08:16.156395+00:00
[2023-09-01T13:29:35.701+0900] {processor.py:179} INFO - Processing /usr/local/lib/python3.8/dist-packages/airflow/example_dags/example_short_circuit_decorator.py took 0.060 seconds
[2023-09-01T13:30:23.020+0900] {processor.py:157} INFO - Started process (PID=16999) to work on /usr/local/lib/python3.8/dist-packages/airflow/example_dags/example_short_circuit_decorator.py
[2023-09-01T13:30:23.021+0900] {processor.py:829} INFO - Processing file /usr/local/lib/python3.8/dist-packages/airflow/example_dags/example_short_circuit_decorator.py for tasks to queue
[2023-09-01T13:30:23.022+0900] {logging_mixin.py:151} INFO - [2023-09-01T13:30:23.021+0900] {dagbag.py:539} INFO - Filling up the DagBag from /usr/local/lib/python3.8/dist-packages/airflow/example_dags/example_short_circuit_decorator.py
[2023-09-01T13:30:23.028+0900] {processor.py:839} INFO - DAG(s) dict_keys(['example_short_circuit_decorator']) retrieved from /usr/local/lib/python3.8/dist-packages/airflow/example_dags/example_short_circuit_decorator.py
[2023-09-01T13:30:23.039+0900] {logging_mixin.py:151} INFO - [2023-09-01T13:30:23.039+0900] {dag.py:2907} INFO - Sync 1 DAGs
[2023-09-01T13:30:23.050+0900] {logging_mixin.py:151} INFO - [2023-09-01T13:30:23.049+0900] {dag.py:3677} INFO - Setting next_dagrun for example_short_circuit_decorator to 2023-09-01T04:08:16.156395+00:00, run_after=2023-09-02T04:08:16.156395+00:00
[2023-09-01T13:30:23.061+0900] {processor.py:179} INFO - Processing /usr/local/lib/python3.8/dist-packages/airflow/example_dags/example_short_circuit_decorator.py took 0.043 seconds
[2023-09-01T13:31:03.887+0900] {processor.py:157} INFO - Started process (PID=17403) to work on /usr/local/lib/python3.8/dist-packages/airflow/example_dags/example_short_circuit_decorator.py
[2023-09-01T13:31:03.888+0900] {processor.py:829} INFO - Processing file /usr/local/lib/python3.8/dist-packages/airflow/example_dags/example_short_circuit_decorator.py for tasks to queue
[2023-09-01T13:31:03.890+0900] {logging_mixin.py:151} INFO - [2023-09-01T13:31:03.889+0900] {dagbag.py:539} INFO - Filling up the DagBag from /usr/local/lib/python3.8/dist-packages/airflow/example_dags/example_short_circuit_decorator.py
[2023-09-01T13:31:03.901+0900] {processor.py:839} INFO - DAG(s) dict_keys(['example_short_circuit_decorator']) retrieved from /usr/local/lib/python3.8/dist-packages/airflow/example_dags/example_short_circuit_decorator.py
[2023-09-01T13:31:03.916+0900] {logging_mixin.py:151} INFO - [2023-09-01T13:31:03.916+0900] {dag.py:2907} INFO - Sync 1 DAGs
[2023-09-01T13:31:03.927+0900] {logging_mixin.py:151} INFO - [2023-09-01T13:31:03.927+0900] {dag.py:3677} INFO - Setting next_dagrun for example_short_circuit_decorator to 2023-09-01T04:08:16.156395+00:00, run_after=2023-09-02T04:08:16.156395+00:00
[2023-09-01T13:31:03.937+0900] {processor.py:179} INFO - Processing /usr/local/lib/python3.8/dist-packages/airflow/example_dags/example_short_circuit_decorator.py took 0.055 seconds
[2023-09-01T13:31:48.555+0900] {processor.py:157} INFO - Started process (PID=17825) to work on /usr/local/lib/python3.8/dist-packages/airflow/example_dags/example_short_circuit_decorator.py
[2023-09-01T13:31:48.556+0900] {processor.py:829} INFO - Processing file /usr/local/lib/python3.8/dist-packages/airflow/example_dags/example_short_circuit_decorator.py for tasks to queue
[2023-09-01T13:31:48.558+0900] {logging_mixin.py:151} INFO - [2023-09-01T13:31:48.557+0900] {dagbag.py:539} INFO - Filling up the DagBag from /usr/local/lib/python3.8/dist-packages/airflow/example_dags/example_short_circuit_decorator.py
[2023-09-01T13:31:48.570+0900] {processor.py:839} INFO - DAG(s) dict_keys(['example_short_circuit_decorator']) retrieved from /usr/local/lib/python3.8/dist-packages/airflow/example_dags/example_short_circuit_decorator.py
[2023-09-01T13:31:48.587+0900] {logging_mixin.py:151} INFO - [2023-09-01T13:31:48.586+0900] {dag.py:2907} INFO - Sync 1 DAGs
[2023-09-01T13:31:48.598+0900] {logging_mixin.py:151} INFO - [2023-09-01T13:31:48.598+0900] {dag.py:3677} INFO - Setting next_dagrun for example_short_circuit_decorator to 2023-09-01T04:08:16.156395+00:00, run_after=2023-09-02T04:08:16.156395+00:00
[2023-09-01T13:31:48.609+0900] {processor.py:179} INFO - Processing /usr/local/lib/python3.8/dist-packages/airflow/example_dags/example_short_circuit_decorator.py took 0.059 seconds
[2023-09-01T13:32:35.040+0900] {processor.py:157} INFO - Started process (PID=18277) to work on /usr/local/lib/python3.8/dist-packages/airflow/example_dags/example_short_circuit_decorator.py
[2023-09-01T13:32:35.041+0900] {processor.py:829} INFO - Processing file /usr/local/lib/python3.8/dist-packages/airflow/example_dags/example_short_circuit_decorator.py for tasks to queue
[2023-09-01T13:32:35.042+0900] {logging_mixin.py:151} INFO - [2023-09-01T13:32:35.042+0900] {dagbag.py:539} INFO - Filling up the DagBag from /usr/local/lib/python3.8/dist-packages/airflow/example_dags/example_short_circuit_decorator.py
[2023-09-01T13:32:35.054+0900] {processor.py:839} INFO - DAG(s) dict_keys(['example_short_circuit_decorator']) retrieved from /usr/local/lib/python3.8/dist-packages/airflow/example_dags/example_short_circuit_decorator.py
[2023-09-01T13:32:35.070+0900] {logging_mixin.py:151} INFO - [2023-09-01T13:32:35.070+0900] {dag.py:2907} INFO - Sync 1 DAGs
[2023-09-01T13:32:35.083+0900] {logging_mixin.py:151} INFO - [2023-09-01T13:32:35.083+0900] {dag.py:3677} INFO - Setting next_dagrun for example_short_circuit_decorator to 2023-09-01T04:08:16.156395+00:00, run_after=2023-09-02T04:08:16.156395+00:00
[2023-09-01T13:32:35.094+0900] {processor.py:179} INFO - Processing /usr/local/lib/python3.8/dist-packages/airflow/example_dags/example_short_circuit_decorator.py took 0.058 seconds
[2023-09-01T13:33:19.104+0900] {processor.py:157} INFO - Started process (PID=18710) to work on /usr/local/lib/python3.8/dist-packages/airflow/example_dags/example_short_circuit_decorator.py
[2023-09-01T13:33:19.106+0900] {processor.py:829} INFO - Processing file /usr/local/lib/python3.8/dist-packages/airflow/example_dags/example_short_circuit_decorator.py for tasks to queue
[2023-09-01T13:33:19.107+0900] {logging_mixin.py:151} INFO - [2023-09-01T13:33:19.107+0900] {dagbag.py:539} INFO - Filling up the DagBag from /usr/local/lib/python3.8/dist-packages/airflow/example_dags/example_short_circuit_decorator.py
[2023-09-01T13:33:19.119+0900] {processor.py:839} INFO - DAG(s) dict_keys(['example_short_circuit_decorator']) retrieved from /usr/local/lib/python3.8/dist-packages/airflow/example_dags/example_short_circuit_decorator.py
[2023-09-01T13:33:19.135+0900] {logging_mixin.py:151} INFO - [2023-09-01T13:33:19.135+0900] {dag.py:2907} INFO - Sync 1 DAGs
[2023-09-01T13:33:19.146+0900] {logging_mixin.py:151} INFO - [2023-09-01T13:33:19.146+0900] {dag.py:3677} INFO - Setting next_dagrun for example_short_circuit_decorator to 2023-09-01T04:08:16.156395+00:00, run_after=2023-09-02T04:08:16.156395+00:00
[2023-09-01T13:33:19.157+0900] {processor.py:179} INFO - Processing /usr/local/lib/python3.8/dist-packages/airflow/example_dags/example_short_circuit_decorator.py took 0.058 seconds
[2023-09-01T13:34:06.605+0900] {processor.py:157} INFO - Started process (PID=19198) to work on /usr/local/lib/python3.8/dist-packages/airflow/example_dags/example_short_circuit_decorator.py
[2023-09-01T13:34:06.606+0900] {processor.py:829} INFO - Processing file /usr/local/lib/python3.8/dist-packages/airflow/example_dags/example_short_circuit_decorator.py for tasks to queue
[2023-09-01T13:34:06.607+0900] {logging_mixin.py:151} INFO - [2023-09-01T13:34:06.606+0900] {dagbag.py:539} INFO - Filling up the DagBag from /usr/local/lib/python3.8/dist-packages/airflow/example_dags/example_short_circuit_decorator.py
[2023-09-01T13:34:06.617+0900] {processor.py:839} INFO - DAG(s) dict_keys(['example_short_circuit_decorator']) retrieved from /usr/local/lib/python3.8/dist-packages/airflow/example_dags/example_short_circuit_decorator.py
[2023-09-01T13:34:06.631+0900] {logging_mixin.py:151} INFO - [2023-09-01T13:34:06.630+0900] {dag.py:2907} INFO - Sync 1 DAGs
[2023-09-01T13:34:06.641+0900] {logging_mixin.py:151} INFO - [2023-09-01T13:34:06.641+0900] {dag.py:3677} INFO - Setting next_dagrun for example_short_circuit_decorator to 2023-09-01T04:08:16.156395+00:00, run_after=2023-09-02T04:08:16.156395+00:00
[2023-09-01T13:34:06.651+0900] {processor.py:179} INFO - Processing /usr/local/lib/python3.8/dist-packages/airflow/example_dags/example_short_circuit_decorator.py took 0.051 seconds
[2023-09-01T13:34:49.234+0900] {processor.py:157} INFO - Started process (PID=19599) to work on /usr/local/lib/python3.8/dist-packages/airflow/example_dags/example_short_circuit_decorator.py
[2023-09-01T13:34:49.235+0900] {processor.py:829} INFO - Processing file /usr/local/lib/python3.8/dist-packages/airflow/example_dags/example_short_circuit_decorator.py for tasks to queue
[2023-09-01T13:34:49.236+0900] {logging_mixin.py:151} INFO - [2023-09-01T13:34:49.236+0900] {dagbag.py:539} INFO - Filling up the DagBag from /usr/local/lib/python3.8/dist-packages/airflow/example_dags/example_short_circuit_decorator.py
[2023-09-01T13:34:49.245+0900] {processor.py:839} INFO - DAG(s) dict_keys(['example_short_circuit_decorator']) retrieved from /usr/local/lib/python3.8/dist-packages/airflow/example_dags/example_short_circuit_decorator.py
[2023-09-01T13:34:49.259+0900] {logging_mixin.py:151} INFO - [2023-09-01T13:34:49.259+0900] {dag.py:2907} INFO - Sync 1 DAGs
[2023-09-01T13:34:49.271+0900] {logging_mixin.py:151} INFO - [2023-09-01T13:34:49.271+0900] {dag.py:3677} INFO - Setting next_dagrun for example_short_circuit_decorator to 2023-09-01T04:08:16.156395+00:00, run_after=2023-09-02T04:08:16.156395+00:00
[2023-09-01T13:34:49.283+0900] {processor.py:179} INFO - Processing /usr/local/lib/python3.8/dist-packages/airflow/example_dags/example_short_circuit_decorator.py took 0.053 seconds
[2023-09-01T13:35:33.525+0900] {processor.py:157} INFO - Started process (PID=20035) to work on /usr/local/lib/python3.8/dist-packages/airflow/example_dags/example_short_circuit_decorator.py
[2023-09-01T13:35:33.526+0900] {processor.py:829} INFO - Processing file /usr/local/lib/python3.8/dist-packages/airflow/example_dags/example_short_circuit_decorator.py for tasks to queue
[2023-09-01T13:35:33.526+0900] {logging_mixin.py:151} INFO - [2023-09-01T13:35:33.526+0900] {dagbag.py:539} INFO - Filling up the DagBag from /usr/local/lib/python3.8/dist-packages/airflow/example_dags/example_short_circuit_decorator.py
[2023-09-01T13:35:33.534+0900] {processor.py:839} INFO - DAG(s) dict_keys(['example_short_circuit_decorator']) retrieved from /usr/local/lib/python3.8/dist-packages/airflow/example_dags/example_short_circuit_decorator.py
[2023-09-01T13:35:33.546+0900] {logging_mixin.py:151} INFO - [2023-09-01T13:35:33.546+0900] {dag.py:2907} INFO - Sync 1 DAGs
[2023-09-01T13:35:33.557+0900] {logging_mixin.py:151} INFO - [2023-09-01T13:35:33.557+0900] {dag.py:3677} INFO - Setting next_dagrun for example_short_circuit_decorator to 2023-09-01T04:08:16.156395+00:00, run_after=2023-09-02T04:08:16.156395+00:00
[2023-09-01T13:35:33.566+0900] {processor.py:179} INFO - Processing /usr/local/lib/python3.8/dist-packages/airflow/example_dags/example_short_circuit_decorator.py took 0.044 seconds
[2023-09-01T13:36:19.556+0900] {processor.py:157} INFO - Started process (PID=20480) to work on /usr/local/lib/python3.8/dist-packages/airflow/example_dags/example_short_circuit_decorator.py
[2023-09-01T13:36:19.557+0900] {processor.py:829} INFO - Processing file /usr/local/lib/python3.8/dist-packages/airflow/example_dags/example_short_circuit_decorator.py for tasks to queue
[2023-09-01T13:36:19.558+0900] {logging_mixin.py:151} INFO - [2023-09-01T13:36:19.558+0900] {dagbag.py:539} INFO - Filling up the DagBag from /usr/local/lib/python3.8/dist-packages/airflow/example_dags/example_short_circuit_decorator.py
[2023-09-01T13:36:19.570+0900] {processor.py:839} INFO - DAG(s) dict_keys(['example_short_circuit_decorator']) retrieved from /usr/local/lib/python3.8/dist-packages/airflow/example_dags/example_short_circuit_decorator.py
[2023-09-01T13:36:19.585+0900] {logging_mixin.py:151} INFO - [2023-09-01T13:36:19.585+0900] {dag.py:2907} INFO - Sync 1 DAGs
[2023-09-01T13:36:19.597+0900] {logging_mixin.py:151} INFO - [2023-09-01T13:36:19.597+0900] {dag.py:3677} INFO - Setting next_dagrun for example_short_circuit_decorator to 2023-09-01T04:08:16.156395+00:00, run_after=2023-09-02T04:08:16.156395+00:00
[2023-09-01T13:36:19.607+0900] {processor.py:179} INFO - Processing /usr/local/lib/python3.8/dist-packages/airflow/example_dags/example_short_circuit_decorator.py took 0.057 seconds
[2023-09-01T13:37:07.235+0900] {processor.py:157} INFO - Started process (PID=20934) to work on /usr/local/lib/python3.8/dist-packages/airflow/example_dags/example_short_circuit_decorator.py
[2023-09-01T13:37:07.236+0900] {processor.py:829} INFO - Processing file /usr/local/lib/python3.8/dist-packages/airflow/example_dags/example_short_circuit_decorator.py for tasks to queue
[2023-09-01T13:37:07.238+0900] {logging_mixin.py:151} INFO - [2023-09-01T13:37:07.237+0900] {dagbag.py:539} INFO - Filling up the DagBag from /usr/local/lib/python3.8/dist-packages/airflow/example_dags/example_short_circuit_decorator.py
[2023-09-01T13:37:07.250+0900] {processor.py:839} INFO - DAG(s) dict_keys(['example_short_circuit_decorator']) retrieved from /usr/local/lib/python3.8/dist-packages/airflow/example_dags/example_short_circuit_decorator.py
[2023-09-01T13:37:07.268+0900] {logging_mixin.py:151} INFO - [2023-09-01T13:37:07.268+0900] {dag.py:2907} INFO - Sync 1 DAGs
[2023-09-01T13:37:07.280+0900] {logging_mixin.py:151} INFO - [2023-09-01T13:37:07.280+0900] {dag.py:3677} INFO - Setting next_dagrun for example_short_circuit_decorator to 2023-09-01T04:08:16.156395+00:00, run_after=2023-09-02T04:08:16.156395+00:00
[2023-09-01T13:37:07.292+0900] {processor.py:179} INFO - Processing /usr/local/lib/python3.8/dist-packages/airflow/example_dags/example_short_circuit_decorator.py took 0.062 seconds
[2023-09-01T13:37:54.165+0900] {processor.py:157} INFO - Started process (PID=21386) to work on /usr/local/lib/python3.8/dist-packages/airflow/example_dags/example_short_circuit_decorator.py
[2023-09-01T13:37:54.167+0900] {processor.py:829} INFO - Processing file /usr/local/lib/python3.8/dist-packages/airflow/example_dags/example_short_circuit_decorator.py for tasks to queue
[2023-09-01T13:37:54.168+0900] {logging_mixin.py:151} INFO - [2023-09-01T13:37:54.167+0900] {dagbag.py:539} INFO - Filling up the DagBag from /usr/local/lib/python3.8/dist-packages/airflow/example_dags/example_short_circuit_decorator.py
[2023-09-01T13:37:54.180+0900] {processor.py:839} INFO - DAG(s) dict_keys(['example_short_circuit_decorator']) retrieved from /usr/local/lib/python3.8/dist-packages/airflow/example_dags/example_short_circuit_decorator.py
[2023-09-01T13:37:54.196+0900] {logging_mixin.py:151} INFO - [2023-09-01T13:37:54.196+0900] {dag.py:2907} INFO - Sync 1 DAGs
[2023-09-01T13:37:54.207+0900] {logging_mixin.py:151} INFO - [2023-09-01T13:37:54.207+0900] {dag.py:3677} INFO - Setting next_dagrun for example_short_circuit_decorator to 2023-09-01T04:08:16.156395+00:00, run_after=2023-09-02T04:08:16.156395+00:00
[2023-09-01T13:37:54.217+0900] {processor.py:179} INFO - Processing /usr/local/lib/python3.8/dist-packages/airflow/example_dags/example_short_circuit_decorator.py took 0.057 seconds
[2023-09-01T13:38:38.764+0900] {processor.py:157} INFO - Started process (PID=21823) to work on /usr/local/lib/python3.8/dist-packages/airflow/example_dags/example_short_circuit_decorator.py
[2023-09-01T13:38:38.765+0900] {processor.py:829} INFO - Processing file /usr/local/lib/python3.8/dist-packages/airflow/example_dags/example_short_circuit_decorator.py for tasks to queue
[2023-09-01T13:38:38.766+0900] {logging_mixin.py:151} INFO - [2023-09-01T13:38:38.765+0900] {dagbag.py:539} INFO - Filling up the DagBag from /usr/local/lib/python3.8/dist-packages/airflow/example_dags/example_short_circuit_decorator.py
[2023-09-01T13:38:38.777+0900] {processor.py:839} INFO - DAG(s) dict_keys(['example_short_circuit_decorator']) retrieved from /usr/local/lib/python3.8/dist-packages/airflow/example_dags/example_short_circuit_decorator.py
[2023-09-01T13:38:38.793+0900] {logging_mixin.py:151} INFO - [2023-09-01T13:38:38.792+0900] {dag.py:2907} INFO - Sync 1 DAGs
[2023-09-01T13:38:38.804+0900] {logging_mixin.py:151} INFO - [2023-09-01T13:38:38.804+0900] {dag.py:3677} INFO - Setting next_dagrun for example_short_circuit_decorator to 2023-09-01T04:08:16.156395+00:00, run_after=2023-09-02T04:08:16.156395+00:00
[2023-09-01T13:38:38.815+0900] {processor.py:179} INFO - Processing /usr/local/lib/python3.8/dist-packages/airflow/example_dags/example_short_circuit_decorator.py took 0.056 seconds
