[2023-09-01T13:07:51.251+0900] {processor.py:157} INFO - Started process (PID=2150) to work on /usr/local/lib/python3.8/dist-packages/airflow/example_dags/example_external_task_marker_dag.py
[2023-09-01T13:07:51.252+0900] {processor.py:829} INFO - Processing file /usr/local/lib/python3.8/dist-packages/airflow/example_dags/example_external_task_marker_dag.py for tasks to queue
[2023-09-01T13:07:51.253+0900] {logging_mixin.py:151} INFO - [2023-09-01T13:07:51.253+0900] {dagbag.py:539} INFO - Filling up the DagBag from /usr/local/lib/python3.8/dist-packages/airflow/example_dags/example_external_task_marker_dag.py
[2023-09-01T13:07:51.262+0900] {processor.py:839} INFO - DAG(s) dict_keys(['example_external_task_marker_child', 'example_external_task_marker_parent']) retrieved from /usr/local/lib/python3.8/dist-packages/airflow/example_dags/example_external_task_marker_dag.py
[2023-09-01T13:07:51.325+0900] {logging_mixin.py:151} INFO - [2023-09-01T13:07:51.325+0900] {manager.py:501} INFO - Created Permission View: can delete on DAG:example_external_task_marker_child
[2023-09-01T13:07:51.330+0900] {logging_mixin.py:151} INFO - [2023-09-01T13:07:51.330+0900] {manager.py:501} INFO - Created Permission View: can read on DAG:example_external_task_marker_child
[2023-09-01T13:07:51.333+0900] {logging_mixin.py:151} INFO - [2023-09-01T13:07:51.333+0900] {manager.py:501} INFO - Created Permission View: can edit on DAG:example_external_task_marker_child
[2023-09-01T13:07:51.344+0900] {logging_mixin.py:151} INFO - [2023-09-01T13:07:51.344+0900] {manager.py:501} INFO - Created Permission View: can delete on DAG:example_external_task_marker_parent
[2023-09-01T13:07:51.347+0900] {logging_mixin.py:151} INFO - [2023-09-01T13:07:51.347+0900] {manager.py:501} INFO - Created Permission View: can read on DAG:example_external_task_marker_parent
[2023-09-01T13:07:51.350+0900] {logging_mixin.py:151} INFO - [2023-09-01T13:07:51.350+0900] {manager.py:501} INFO - Created Permission View: can edit on DAG:example_external_task_marker_parent
[2023-09-01T13:07:51.352+0900] {logging_mixin.py:151} INFO - [2023-09-01T13:07:51.352+0900] {dag.py:2907} INFO - Sync 2 DAGs
[2023-09-01T13:07:51.357+0900] {logging_mixin.py:151} INFO - [2023-09-01T13:07:51.357+0900] {dag.py:2929} INFO - Creating ORM DAG for example_external_task_marker_child
[2023-09-01T13:07:51.358+0900] {logging_mixin.py:151} INFO - [2023-09-01T13:07:51.358+0900] {dag.py:2929} INFO - Creating ORM DAG for example_external_task_marker_parent
[2023-09-01T13:07:51.358+0900] {logging_mixin.py:151} INFO - [2023-09-01T13:07:51.358+0900] {dag.py:3677} INFO - Setting next_dagrun for example_external_task_marker_child to None, run_after=None
[2023-09-01T13:07:51.358+0900] {logging_mixin.py:151} INFO - [2023-09-01T13:07:51.358+0900] {dag.py:3677} INFO - Setting next_dagrun for example_external_task_marker_parent to None, run_after=None
[2023-09-01T13:07:51.366+0900] {processor.py:179} INFO - Processing /usr/local/lib/python3.8/dist-packages/airflow/example_dags/example_external_task_marker_dag.py took 0.120 seconds
[2023-09-01T13:08:41.443+0900] {processor.py:157} INFO - Started process (PID=3656) to work on /usr/local/lib/python3.8/dist-packages/airflow/example_dags/example_external_task_marker_dag.py
[2023-09-01T13:08:41.445+0900] {processor.py:829} INFO - Processing file /usr/local/lib/python3.8/dist-packages/airflow/example_dags/example_external_task_marker_dag.py for tasks to queue
[2023-09-01T13:08:41.445+0900] {logging_mixin.py:151} INFO - [2023-09-01T13:08:41.445+0900] {dagbag.py:539} INFO - Filling up the DagBag from /usr/local/lib/python3.8/dist-packages/airflow/example_dags/example_external_task_marker_dag.py
[2023-09-01T13:08:41.449+0900] {processor.py:839} INFO - DAG(s) dict_keys(['example_external_task_marker_child', 'example_external_task_marker_parent']) retrieved from /usr/local/lib/python3.8/dist-packages/airflow/example_dags/example_external_task_marker_dag.py
[2023-09-01T13:08:41.461+0900] {logging_mixin.py:151} INFO - [2023-09-01T13:08:41.461+0900] {dag.py:2907} INFO - Sync 2 DAGs
[2023-09-01T13:08:41.467+0900] {logging_mixin.py:151} INFO - [2023-09-01T13:08:41.467+0900] {dag.py:3677} INFO - Setting next_dagrun for example_external_task_marker_child to None, run_after=None
[2023-09-01T13:08:41.469+0900] {logging_mixin.py:151} INFO - [2023-09-01T13:08:41.469+0900] {dag.py:3677} INFO - Setting next_dagrun for example_external_task_marker_parent to None, run_after=None
[2023-09-01T13:08:41.477+0900] {processor.py:179} INFO - Processing /usr/local/lib/python3.8/dist-packages/airflow/example_dags/example_external_task_marker_dag.py took 0.036 seconds
[2023-09-01T13:09:33.589+0900] {processor.py:157} INFO - Started process (PID=4366) to work on /usr/local/lib/python3.8/dist-packages/airflow/example_dags/example_external_task_marker_dag.py
[2023-09-01T13:09:33.592+0900] {processor.py:829} INFO - Processing file /usr/local/lib/python3.8/dist-packages/airflow/example_dags/example_external_task_marker_dag.py for tasks to queue
[2023-09-01T13:09:33.593+0900] {logging_mixin.py:151} INFO - [2023-09-01T13:09:33.592+0900] {dagbag.py:539} INFO - Filling up the DagBag from /usr/local/lib/python3.8/dist-packages/airflow/example_dags/example_external_task_marker_dag.py
[2023-09-01T13:09:33.602+0900] {processor.py:839} INFO - DAG(s) dict_keys(['example_external_task_marker_child', 'example_external_task_marker_parent']) retrieved from /usr/local/lib/python3.8/dist-packages/airflow/example_dags/example_external_task_marker_dag.py
[2023-09-01T13:09:33.620+0900] {logging_mixin.py:151} INFO - [2023-09-01T13:09:33.620+0900] {dag.py:2907} INFO - Sync 2 DAGs
[2023-09-01T13:09:33.628+0900] {logging_mixin.py:151} INFO - [2023-09-01T13:09:33.628+0900] {dag.py:3677} INFO - Setting next_dagrun for example_external_task_marker_child to None, run_after=None
[2023-09-01T13:09:33.630+0900] {logging_mixin.py:151} INFO - [2023-09-01T13:09:33.630+0900] {dag.py:3677} INFO - Setting next_dagrun for example_external_task_marker_parent to None, run_after=None
[2023-09-01T13:09:33.640+0900] {processor.py:179} INFO - Processing /usr/local/lib/python3.8/dist-packages/airflow/example_dags/example_external_task_marker_dag.py took 0.054 seconds
[2023-09-01T13:10:21.251+0900] {processor.py:157} INFO - Started process (PID=4828) to work on /usr/local/lib/python3.8/dist-packages/airflow/example_dags/example_external_task_marker_dag.py
[2023-09-01T13:10:21.252+0900] {processor.py:829} INFO - Processing file /usr/local/lib/python3.8/dist-packages/airflow/example_dags/example_external_task_marker_dag.py for tasks to queue
[2023-09-01T13:10:21.254+0900] {logging_mixin.py:151} INFO - [2023-09-01T13:10:21.253+0900] {dagbag.py:539} INFO - Filling up the DagBag from /usr/local/lib/python3.8/dist-packages/airflow/example_dags/example_external_task_marker_dag.py
[2023-09-01T13:10:21.262+0900] {processor.py:839} INFO - DAG(s) dict_keys(['example_external_task_marker_parent', 'example_external_task_marker_child']) retrieved from /usr/local/lib/python3.8/dist-packages/airflow/example_dags/example_external_task_marker_dag.py
[2023-09-01T13:10:21.281+0900] {logging_mixin.py:151} INFO - [2023-09-01T13:10:21.281+0900] {dag.py:2907} INFO - Sync 2 DAGs
[2023-09-01T13:10:21.291+0900] {logging_mixin.py:151} INFO - [2023-09-01T13:10:21.291+0900] {dag.py:3677} INFO - Setting next_dagrun for example_external_task_marker_child to None, run_after=None
[2023-09-01T13:10:21.292+0900] {logging_mixin.py:151} INFO - [2023-09-01T13:10:21.292+0900] {dag.py:3677} INFO - Setting next_dagrun for example_external_task_marker_parent to None, run_after=None
[2023-09-01T13:10:21.304+0900] {processor.py:179} INFO - Processing /usr/local/lib/python3.8/dist-packages/airflow/example_dags/example_external_task_marker_dag.py took 0.059 seconds
[2023-09-01T13:11:07.763+0900] {processor.py:157} INFO - Started process (PID=5264) to work on /usr/local/lib/python3.8/dist-packages/airflow/example_dags/example_external_task_marker_dag.py
[2023-09-01T13:11:07.764+0900] {processor.py:829} INFO - Processing file /usr/local/lib/python3.8/dist-packages/airflow/example_dags/example_external_task_marker_dag.py for tasks to queue
[2023-09-01T13:11:07.766+0900] {logging_mixin.py:151} INFO - [2023-09-01T13:11:07.765+0900] {dagbag.py:539} INFO - Filling up the DagBag from /usr/local/lib/python3.8/dist-packages/airflow/example_dags/example_external_task_marker_dag.py
[2023-09-01T13:11:07.775+0900] {processor.py:839} INFO - DAG(s) dict_keys(['example_external_task_marker_child', 'example_external_task_marker_parent']) retrieved from /usr/local/lib/python3.8/dist-packages/airflow/example_dags/example_external_task_marker_dag.py
[2023-09-01T13:11:07.795+0900] {logging_mixin.py:151} INFO - [2023-09-01T13:11:07.794+0900] {dag.py:2907} INFO - Sync 2 DAGs
[2023-09-01T13:11:07.804+0900] {logging_mixin.py:151} INFO - [2023-09-01T13:11:07.804+0900] {dag.py:3677} INFO - Setting next_dagrun for example_external_task_marker_child to None, run_after=None
[2023-09-01T13:11:07.805+0900] {logging_mixin.py:151} INFO - [2023-09-01T13:11:07.805+0900] {dag.py:3677} INFO - Setting next_dagrun for example_external_task_marker_parent to None, run_after=None
[2023-09-01T13:11:07.816+0900] {processor.py:179} INFO - Processing /usr/local/lib/python3.8/dist-packages/airflow/example_dags/example_external_task_marker_dag.py took 0.059 seconds
[2023-09-01T13:13:06.567+0900] {processor.py:157} INFO - Started process (PID=5978) to work on /usr/local/lib/python3.8/dist-packages/airflow/example_dags/example_external_task_marker_dag.py
[2023-09-01T13:13:06.570+0900] {processor.py:829} INFO - Processing file /usr/local/lib/python3.8/dist-packages/airflow/example_dags/example_external_task_marker_dag.py for tasks to queue
[2023-09-01T13:13:06.571+0900] {logging_mixin.py:151} INFO - [2023-09-01T13:13:06.570+0900] {dagbag.py:539} INFO - Filling up the DagBag from /usr/local/lib/python3.8/dist-packages/airflow/example_dags/example_external_task_marker_dag.py
[2023-09-01T13:13:06.579+0900] {processor.py:839} INFO - DAG(s) dict_keys(['example_external_task_marker_parent', 'example_external_task_marker_child']) retrieved from /usr/local/lib/python3.8/dist-packages/airflow/example_dags/example_external_task_marker_dag.py
[2023-09-01T13:13:06.597+0900] {logging_mixin.py:151} INFO - [2023-09-01T13:13:06.597+0900] {dag.py:2907} INFO - Sync 2 DAGs
[2023-09-01T13:13:06.605+0900] {logging_mixin.py:151} INFO - [2023-09-01T13:13:06.605+0900] {dag.py:3677} INFO - Setting next_dagrun for example_external_task_marker_child to None, run_after=None
[2023-09-01T13:13:06.606+0900] {logging_mixin.py:151} INFO - [2023-09-01T13:13:06.606+0900] {dag.py:3677} INFO - Setting next_dagrun for example_external_task_marker_parent to None, run_after=None
[2023-09-01T13:13:06.617+0900] {processor.py:179} INFO - Processing /usr/local/lib/python3.8/dist-packages/airflow/example_dags/example_external_task_marker_dag.py took 0.055 seconds
[2023-09-01T13:13:50.117+0900] {processor.py:157} INFO - Started process (PID=6428) to work on /usr/local/lib/python3.8/dist-packages/airflow/example_dags/example_external_task_marker_dag.py
[2023-09-01T13:13:50.118+0900] {processor.py:829} INFO - Processing file /usr/local/lib/python3.8/dist-packages/airflow/example_dags/example_external_task_marker_dag.py for tasks to queue
[2023-09-01T13:13:50.119+0900] {logging_mixin.py:151} INFO - [2023-09-01T13:13:50.118+0900] {dagbag.py:539} INFO - Filling up the DagBag from /usr/local/lib/python3.8/dist-packages/airflow/example_dags/example_external_task_marker_dag.py
[2023-09-01T13:13:50.124+0900] {processor.py:839} INFO - DAG(s) dict_keys(['example_external_task_marker_child', 'example_external_task_marker_parent']) retrieved from /usr/local/lib/python3.8/dist-packages/airflow/example_dags/example_external_task_marker_dag.py
[2023-09-01T13:13:50.143+0900] {logging_mixin.py:151} INFO - [2023-09-01T13:13:50.143+0900] {dag.py:2907} INFO - Sync 2 DAGs
[2023-09-01T13:13:50.153+0900] {logging_mixin.py:151} INFO - [2023-09-01T13:13:50.153+0900] {dag.py:3677} INFO - Setting next_dagrun for example_external_task_marker_child to None, run_after=None
[2023-09-01T13:13:50.155+0900] {logging_mixin.py:151} INFO - [2023-09-01T13:13:50.155+0900] {dag.py:3677} INFO - Setting next_dagrun for example_external_task_marker_parent to None, run_after=None
[2023-09-01T13:13:50.170+0900] {processor.py:179} INFO - Processing /usr/local/lib/python3.8/dist-packages/airflow/example_dags/example_external_task_marker_dag.py took 0.057 seconds
[2023-09-01T13:14:34.597+0900] {processor.py:157} INFO - Started process (PID=7343) to work on /usr/local/lib/python3.8/dist-packages/airflow/example_dags/example_external_task_marker_dag.py
[2023-09-01T13:14:34.599+0900] {processor.py:829} INFO - Processing file /usr/local/lib/python3.8/dist-packages/airflow/example_dags/example_external_task_marker_dag.py for tasks to queue
[2023-09-01T13:14:34.600+0900] {logging_mixin.py:151} INFO - [2023-09-01T13:14:34.599+0900] {dagbag.py:539} INFO - Filling up the DagBag from /usr/local/lib/python3.8/dist-packages/airflow/example_dags/example_external_task_marker_dag.py
[2023-09-01T13:14:34.606+0900] {processor.py:839} INFO - DAG(s) dict_keys(['example_external_task_marker_child', 'example_external_task_marker_parent']) retrieved from /usr/local/lib/python3.8/dist-packages/airflow/example_dags/example_external_task_marker_dag.py
[2023-09-01T13:14:34.623+0900] {logging_mixin.py:151} INFO - [2023-09-01T13:14:34.622+0900] {dag.py:2907} INFO - Sync 2 DAGs
[2023-09-01T13:14:34.631+0900] {logging_mixin.py:151} INFO - [2023-09-01T13:14:34.631+0900] {dag.py:3677} INFO - Setting next_dagrun for example_external_task_marker_child to None, run_after=None
[2023-09-01T13:14:34.633+0900] {logging_mixin.py:151} INFO - [2023-09-01T13:14:34.633+0900] {dag.py:3677} INFO - Setting next_dagrun for example_external_task_marker_parent to None, run_after=None
[2023-09-01T13:14:34.645+0900] {processor.py:179} INFO - Processing /usr/local/lib/python3.8/dist-packages/airflow/example_dags/example_external_task_marker_dag.py took 0.053 seconds
[2023-09-01T13:15:17.477+0900] {processor.py:157} INFO - Started process (PID=7848) to work on /usr/local/lib/python3.8/dist-packages/airflow/example_dags/example_external_task_marker_dag.py
[2023-09-01T13:15:17.478+0900] {processor.py:829} INFO - Processing file /usr/local/lib/python3.8/dist-packages/airflow/example_dags/example_external_task_marker_dag.py for tasks to queue
[2023-09-01T13:15:17.480+0900] {logging_mixin.py:151} INFO - [2023-09-01T13:15:17.479+0900] {dagbag.py:539} INFO - Filling up the DagBag from /usr/local/lib/python3.8/dist-packages/airflow/example_dags/example_external_task_marker_dag.py
[2023-09-01T13:15:17.489+0900] {processor.py:839} INFO - DAG(s) dict_keys(['example_external_task_marker_parent', 'example_external_task_marker_child']) retrieved from /usr/local/lib/python3.8/dist-packages/airflow/example_dags/example_external_task_marker_dag.py
[2023-09-01T13:15:17.509+0900] {logging_mixin.py:151} INFO - [2023-09-01T13:15:17.508+0900] {dag.py:2907} INFO - Sync 2 DAGs
[2023-09-01T13:15:17.517+0900] {logging_mixin.py:151} INFO - [2023-09-01T13:15:17.517+0900] {dag.py:3677} INFO - Setting next_dagrun for example_external_task_marker_child to None, run_after=None
[2023-09-01T13:15:17.519+0900] {logging_mixin.py:151} INFO - [2023-09-01T13:15:17.519+0900] {dag.py:3677} INFO - Setting next_dagrun for example_external_task_marker_parent to None, run_after=None
[2023-09-01T13:15:17.529+0900] {processor.py:179} INFO - Processing /usr/local/lib/python3.8/dist-packages/airflow/example_dags/example_external_task_marker_dag.py took 0.056 seconds
[2023-09-01T13:16:06.214+0900] {processor.py:157} INFO - Started process (PID=8349) to work on /usr/local/lib/python3.8/dist-packages/airflow/example_dags/example_external_task_marker_dag.py
[2023-09-01T13:16:06.215+0900] {processor.py:829} INFO - Processing file /usr/local/lib/python3.8/dist-packages/airflow/example_dags/example_external_task_marker_dag.py for tasks to queue
[2023-09-01T13:16:06.217+0900] {logging_mixin.py:151} INFO - [2023-09-01T13:16:06.216+0900] {dagbag.py:539} INFO - Filling up the DagBag from /usr/local/lib/python3.8/dist-packages/airflow/example_dags/example_external_task_marker_dag.py
[2023-09-01T13:16:06.225+0900] {processor.py:839} INFO - DAG(s) dict_keys(['example_external_task_marker_child', 'example_external_task_marker_parent']) retrieved from /usr/local/lib/python3.8/dist-packages/airflow/example_dags/example_external_task_marker_dag.py
[2023-09-01T13:16:06.243+0900] {logging_mixin.py:151} INFO - [2023-09-01T13:16:06.243+0900] {dag.py:2907} INFO - Sync 2 DAGs
[2023-09-01T13:16:06.252+0900] {logging_mixin.py:151} INFO - [2023-09-01T13:16:06.252+0900] {dag.py:3677} INFO - Setting next_dagrun for example_external_task_marker_child to None, run_after=None
[2023-09-01T13:16:06.254+0900] {logging_mixin.py:151} INFO - [2023-09-01T13:16:06.254+0900] {dag.py:3677} INFO - Setting next_dagrun for example_external_task_marker_parent to None, run_after=None
[2023-09-01T13:16:06.264+0900] {processor.py:179} INFO - Processing /usr/local/lib/python3.8/dist-packages/airflow/example_dags/example_external_task_marker_dag.py took 0.056 seconds
[2023-09-01T13:16:49.418+0900] {processor.py:157} INFO - Started process (PID=8773) to work on /usr/local/lib/python3.8/dist-packages/airflow/example_dags/example_external_task_marker_dag.py
[2023-09-01T13:16:49.419+0900] {processor.py:829} INFO - Processing file /usr/local/lib/python3.8/dist-packages/airflow/example_dags/example_external_task_marker_dag.py for tasks to queue
[2023-09-01T13:16:49.421+0900] {logging_mixin.py:151} INFO - [2023-09-01T13:16:49.420+0900] {dagbag.py:539} INFO - Filling up the DagBag from /usr/local/lib/python3.8/dist-packages/airflow/example_dags/example_external_task_marker_dag.py
[2023-09-01T13:16:49.429+0900] {processor.py:839} INFO - DAG(s) dict_keys(['example_external_task_marker_child', 'example_external_task_marker_parent']) retrieved from /usr/local/lib/python3.8/dist-packages/airflow/example_dags/example_external_task_marker_dag.py
[2023-09-01T13:16:49.449+0900] {logging_mixin.py:151} INFO - [2023-09-01T13:16:49.448+0900] {dag.py:2907} INFO - Sync 2 DAGs
[2023-09-01T13:16:49.457+0900] {logging_mixin.py:151} INFO - [2023-09-01T13:16:49.457+0900] {dag.py:3677} INFO - Setting next_dagrun for example_external_task_marker_child to None, run_after=None
[2023-09-01T13:16:49.458+0900] {logging_mixin.py:151} INFO - [2023-09-01T13:16:49.458+0900] {dag.py:3677} INFO - Setting next_dagrun for example_external_task_marker_parent to None, run_after=None
[2023-09-01T13:16:49.469+0900] {processor.py:179} INFO - Processing /usr/local/lib/python3.8/dist-packages/airflow/example_dags/example_external_task_marker_dag.py took 0.056 seconds
[2023-09-01T13:17:37.654+0900] {processor.py:157} INFO - Started process (PID=9239) to work on /usr/local/lib/python3.8/dist-packages/airflow/example_dags/example_external_task_marker_dag.py
[2023-09-01T13:17:37.655+0900] {processor.py:829} INFO - Processing file /usr/local/lib/python3.8/dist-packages/airflow/example_dags/example_external_task_marker_dag.py for tasks to queue
[2023-09-01T13:17:37.656+0900] {logging_mixin.py:151} INFO - [2023-09-01T13:17:37.655+0900] {dagbag.py:539} INFO - Filling up the DagBag from /usr/local/lib/python3.8/dist-packages/airflow/example_dags/example_external_task_marker_dag.py
[2023-09-01T13:17:37.661+0900] {processor.py:839} INFO - DAG(s) dict_keys(['example_external_task_marker_child', 'example_external_task_marker_parent']) retrieved from /usr/local/lib/python3.8/dist-packages/airflow/example_dags/example_external_task_marker_dag.py
[2023-09-01T13:17:37.674+0900] {logging_mixin.py:151} INFO - [2023-09-01T13:17:37.674+0900] {dag.py:2907} INFO - Sync 2 DAGs
[2023-09-01T13:17:37.680+0900] {logging_mixin.py:151} INFO - [2023-09-01T13:17:37.680+0900] {dag.py:3677} INFO - Setting next_dagrun for example_external_task_marker_child to None, run_after=None
[2023-09-01T13:17:37.681+0900] {logging_mixin.py:151} INFO - [2023-09-01T13:17:37.681+0900] {dag.py:3677} INFO - Setting next_dagrun for example_external_task_marker_parent to None, run_after=None
[2023-09-01T13:17:37.690+0900] {processor.py:179} INFO - Processing /usr/local/lib/python3.8/dist-packages/airflow/example_dags/example_external_task_marker_dag.py took 0.039 seconds
[2023-09-01T13:18:23.349+0900] {processor.py:157} INFO - Started process (PID=9739) to work on /usr/local/lib/python3.8/dist-packages/airflow/example_dags/example_external_task_marker_dag.py
[2023-09-01T13:18:23.350+0900] {processor.py:829} INFO - Processing file /usr/local/lib/python3.8/dist-packages/airflow/example_dags/example_external_task_marker_dag.py for tasks to queue
[2023-09-01T13:18:23.351+0900] {logging_mixin.py:151} INFO - [2023-09-01T13:18:23.350+0900] {dagbag.py:539} INFO - Filling up the DagBag from /usr/local/lib/python3.8/dist-packages/airflow/example_dags/example_external_task_marker_dag.py
[2023-09-01T13:18:23.355+0900] {processor.py:839} INFO - DAG(s) dict_keys(['example_external_task_marker_parent', 'example_external_task_marker_child']) retrieved from /usr/local/lib/python3.8/dist-packages/airflow/example_dags/example_external_task_marker_dag.py
[2023-09-01T13:18:23.365+0900] {logging_mixin.py:151} INFO - [2023-09-01T13:18:23.365+0900] {dag.py:2907} INFO - Sync 2 DAGs
[2023-09-01T13:18:23.370+0900] {logging_mixin.py:151} INFO - [2023-09-01T13:18:23.370+0900] {dag.py:3677} INFO - Setting next_dagrun for example_external_task_marker_child to None, run_after=None
[2023-09-01T13:18:23.371+0900] {logging_mixin.py:151} INFO - [2023-09-01T13:18:23.371+0900] {dag.py:3677} INFO - Setting next_dagrun for example_external_task_marker_parent to None, run_after=None
[2023-09-01T13:18:23.381+0900] {processor.py:179} INFO - Processing /usr/local/lib/python3.8/dist-packages/airflow/example_dags/example_external_task_marker_dag.py took 0.034 seconds
[2023-09-01T13:19:09.048+0900] {processor.py:157} INFO - Started process (PID=10166) to work on /usr/local/lib/python3.8/dist-packages/airflow/example_dags/example_external_task_marker_dag.py
[2023-09-01T13:19:09.049+0900] {processor.py:829} INFO - Processing file /usr/local/lib/python3.8/dist-packages/airflow/example_dags/example_external_task_marker_dag.py for tasks to queue
[2023-09-01T13:19:09.050+0900] {logging_mixin.py:151} INFO - [2023-09-01T13:19:09.049+0900] {dagbag.py:539} INFO - Filling up the DagBag from /usr/local/lib/python3.8/dist-packages/airflow/example_dags/example_external_task_marker_dag.py
[2023-09-01T13:19:09.057+0900] {processor.py:839} INFO - DAG(s) dict_keys(['example_external_task_marker_child', 'example_external_task_marker_parent']) retrieved from /usr/local/lib/python3.8/dist-packages/airflow/example_dags/example_external_task_marker_dag.py
[2023-09-01T13:19:09.076+0900] {logging_mixin.py:151} INFO - [2023-09-01T13:19:09.076+0900] {dag.py:2907} INFO - Sync 2 DAGs
[2023-09-01T13:19:09.084+0900] {logging_mixin.py:151} INFO - [2023-09-01T13:19:09.084+0900] {dag.py:3677} INFO - Setting next_dagrun for example_external_task_marker_child to None, run_after=None
[2023-09-01T13:19:09.086+0900] {logging_mixin.py:151} INFO - [2023-09-01T13:19:09.086+0900] {dag.py:3677} INFO - Setting next_dagrun for example_external_task_marker_parent to None, run_after=None
[2023-09-01T13:19:09.096+0900] {processor.py:179} INFO - Processing /usr/local/lib/python3.8/dist-packages/airflow/example_dags/example_external_task_marker_dag.py took 0.053 seconds
[2023-09-01T13:19:53.133+0900] {processor.py:157} INFO - Started process (PID=10598) to work on /usr/local/lib/python3.8/dist-packages/airflow/example_dags/example_external_task_marker_dag.py
[2023-09-01T13:19:53.134+0900] {processor.py:829} INFO - Processing file /usr/local/lib/python3.8/dist-packages/airflow/example_dags/example_external_task_marker_dag.py for tasks to queue
[2023-09-01T13:19:53.136+0900] {logging_mixin.py:151} INFO - [2023-09-01T13:19:53.135+0900] {dagbag.py:539} INFO - Filling up the DagBag from /usr/local/lib/python3.8/dist-packages/airflow/example_dags/example_external_task_marker_dag.py
[2023-09-01T13:19:53.144+0900] {processor.py:839} INFO - DAG(s) dict_keys(['example_external_task_marker_parent', 'example_external_task_marker_child']) retrieved from /usr/local/lib/python3.8/dist-packages/airflow/example_dags/example_external_task_marker_dag.py
[2023-09-01T13:19:53.162+0900] {logging_mixin.py:151} INFO - [2023-09-01T13:19:53.162+0900] {dag.py:2907} INFO - Sync 2 DAGs
[2023-09-01T13:19:53.169+0900] {logging_mixin.py:151} INFO - [2023-09-01T13:19:53.169+0900] {dag.py:3677} INFO - Setting next_dagrun for example_external_task_marker_child to None, run_after=None
[2023-09-01T13:19:53.171+0900] {logging_mixin.py:151} INFO - [2023-09-01T13:19:53.171+0900] {dag.py:3677} INFO - Setting next_dagrun for example_external_task_marker_parent to None, run_after=None
[2023-09-01T13:19:53.184+0900] {processor.py:179} INFO - Processing /usr/local/lib/python3.8/dist-packages/airflow/example_dags/example_external_task_marker_dag.py took 0.056 seconds
[2023-09-01T13:20:35.730+0900] {processor.py:157} INFO - Started process (PID=11017) to work on /usr/local/lib/python3.8/dist-packages/airflow/example_dags/example_external_task_marker_dag.py
[2023-09-01T13:20:35.734+0900] {processor.py:829} INFO - Processing file /usr/local/lib/python3.8/dist-packages/airflow/example_dags/example_external_task_marker_dag.py for tasks to queue
[2023-09-01T13:20:35.736+0900] {logging_mixin.py:151} INFO - [2023-09-01T13:20:35.735+0900] {dagbag.py:539} INFO - Filling up the DagBag from /usr/local/lib/python3.8/dist-packages/airflow/example_dags/example_external_task_marker_dag.py
[2023-09-01T13:20:35.750+0900] {processor.py:839} INFO - DAG(s) dict_keys(['example_external_task_marker_child', 'example_external_task_marker_parent']) retrieved from /usr/local/lib/python3.8/dist-packages/airflow/example_dags/example_external_task_marker_dag.py
[2023-09-01T13:20:35.775+0900] {logging_mixin.py:151} INFO - [2023-09-01T13:20:35.775+0900] {dag.py:2907} INFO - Sync 2 DAGs
[2023-09-01T13:20:35.783+0900] {logging_mixin.py:151} INFO - [2023-09-01T13:20:35.783+0900] {dag.py:3677} INFO - Setting next_dagrun for example_external_task_marker_child to None, run_after=None
[2023-09-01T13:20:35.785+0900] {logging_mixin.py:151} INFO - [2023-09-01T13:20:35.785+0900] {dag.py:3677} INFO - Setting next_dagrun for example_external_task_marker_parent to None, run_after=None
[2023-09-01T13:20:35.794+0900] {processor.py:179} INFO - Processing /usr/local/lib/python3.8/dist-packages/airflow/example_dags/example_external_task_marker_dag.py took 0.074 seconds
[2023-09-01T13:21:41.255+0900] {processor.py:157} INFO - Started process (PID=11592) to work on /usr/local/lib/python3.8/dist-packages/airflow/example_dags/example_external_task_marker_dag.py
[2023-09-01T13:21:41.259+0900] {processor.py:829} INFO - Processing file /usr/local/lib/python3.8/dist-packages/airflow/example_dags/example_external_task_marker_dag.py for tasks to queue
[2023-09-01T13:21:41.260+0900] {logging_mixin.py:151} INFO - [2023-09-01T13:21:41.259+0900] {dagbag.py:539} INFO - Filling up the DagBag from /usr/local/lib/python3.8/dist-packages/airflow/example_dags/example_external_task_marker_dag.py
[2023-09-01T13:21:41.268+0900] {processor.py:839} INFO - DAG(s) dict_keys(['example_external_task_marker_child', 'example_external_task_marker_parent']) retrieved from /usr/local/lib/python3.8/dist-packages/airflow/example_dags/example_external_task_marker_dag.py
[2023-09-01T13:21:41.287+0900] {logging_mixin.py:151} INFO - [2023-09-01T13:21:41.287+0900] {dag.py:2907} INFO - Sync 2 DAGs
[2023-09-01T13:21:41.295+0900] {logging_mixin.py:151} INFO - [2023-09-01T13:21:41.295+0900] {dag.py:3677} INFO - Setting next_dagrun for example_external_task_marker_child to None, run_after=None
[2023-09-01T13:21:41.297+0900] {logging_mixin.py:151} INFO - [2023-09-01T13:21:41.297+0900] {dag.py:3677} INFO - Setting next_dagrun for example_external_task_marker_parent to None, run_after=None
[2023-09-01T13:21:41.306+0900] {processor.py:179} INFO - Processing /usr/local/lib/python3.8/dist-packages/airflow/example_dags/example_external_task_marker_dag.py took 0.056 seconds
[2023-09-01T13:22:26.436+0900] {processor.py:157} INFO - Started process (PID=12026) to work on /usr/local/lib/python3.8/dist-packages/airflow/example_dags/example_external_task_marker_dag.py
[2023-09-01T13:22:26.438+0900] {processor.py:829} INFO - Processing file /usr/local/lib/python3.8/dist-packages/airflow/example_dags/example_external_task_marker_dag.py for tasks to queue
[2023-09-01T13:22:26.440+0900] {logging_mixin.py:151} INFO - [2023-09-01T13:22:26.439+0900] {dagbag.py:539} INFO - Filling up the DagBag from /usr/local/lib/python3.8/dist-packages/airflow/example_dags/example_external_task_marker_dag.py
[2023-09-01T13:22:26.448+0900] {processor.py:839} INFO - DAG(s) dict_keys(['example_external_task_marker_parent', 'example_external_task_marker_child']) retrieved from /usr/local/lib/python3.8/dist-packages/airflow/example_dags/example_external_task_marker_dag.py
[2023-09-01T13:22:26.467+0900] {logging_mixin.py:151} INFO - [2023-09-01T13:22:26.467+0900] {dag.py:2907} INFO - Sync 2 DAGs
[2023-09-01T13:22:26.476+0900] {logging_mixin.py:151} INFO - [2023-09-01T13:22:26.475+0900] {dag.py:3677} INFO - Setting next_dagrun for example_external_task_marker_child to None, run_after=None
[2023-09-01T13:22:26.478+0900] {logging_mixin.py:151} INFO - [2023-09-01T13:22:26.478+0900] {dag.py:3677} INFO - Setting next_dagrun for example_external_task_marker_parent to None, run_after=None
[2023-09-01T13:22:26.489+0900] {processor.py:179} INFO - Processing /usr/local/lib/python3.8/dist-packages/airflow/example_dags/example_external_task_marker_dag.py took 0.058 seconds
[2023-09-01T13:23:09.259+0900] {processor.py:157} INFO - Started process (PID=12438) to work on /usr/local/lib/python3.8/dist-packages/airflow/example_dags/example_external_task_marker_dag.py
[2023-09-01T13:23:09.260+0900] {processor.py:829} INFO - Processing file /usr/local/lib/python3.8/dist-packages/airflow/example_dags/example_external_task_marker_dag.py for tasks to queue
[2023-09-01T13:23:09.261+0900] {logging_mixin.py:151} INFO - [2023-09-01T13:23:09.260+0900] {dagbag.py:539} INFO - Filling up the DagBag from /usr/local/lib/python3.8/dist-packages/airflow/example_dags/example_external_task_marker_dag.py
[2023-09-01T13:23:09.270+0900] {processor.py:839} INFO - DAG(s) dict_keys(['example_external_task_marker_child', 'example_external_task_marker_parent']) retrieved from /usr/local/lib/python3.8/dist-packages/airflow/example_dags/example_external_task_marker_dag.py
[2023-09-01T13:23:09.289+0900] {logging_mixin.py:151} INFO - [2023-09-01T13:23:09.288+0900] {dag.py:2907} INFO - Sync 2 DAGs
[2023-09-01T13:23:09.297+0900] {logging_mixin.py:151} INFO - [2023-09-01T13:23:09.297+0900] {dag.py:3677} INFO - Setting next_dagrun for example_external_task_marker_child to None, run_after=None
[2023-09-01T13:23:09.299+0900] {logging_mixin.py:151} INFO - [2023-09-01T13:23:09.299+0900] {dag.py:3677} INFO - Setting next_dagrun for example_external_task_marker_parent to None, run_after=None
[2023-09-01T13:23:09.309+0900] {processor.py:179} INFO - Processing /usr/local/lib/python3.8/dist-packages/airflow/example_dags/example_external_task_marker_dag.py took 0.055 seconds
[2023-09-01T13:23:51.678+0900] {processor.py:157} INFO - Started process (PID=12881) to work on /usr/local/lib/python3.8/dist-packages/airflow/example_dags/example_external_task_marker_dag.py
[2023-09-01T13:23:51.679+0900] {processor.py:829} INFO - Processing file /usr/local/lib/python3.8/dist-packages/airflow/example_dags/example_external_task_marker_dag.py for tasks to queue
[2023-09-01T13:23:51.681+0900] {logging_mixin.py:151} INFO - [2023-09-01T13:23:51.680+0900] {dagbag.py:539} INFO - Filling up the DagBag from /usr/local/lib/python3.8/dist-packages/airflow/example_dags/example_external_task_marker_dag.py
[2023-09-01T13:23:51.688+0900] {processor.py:839} INFO - DAG(s) dict_keys(['example_external_task_marker_parent', 'example_external_task_marker_child']) retrieved from /usr/local/lib/python3.8/dist-packages/airflow/example_dags/example_external_task_marker_dag.py
[2023-09-01T13:23:51.704+0900] {logging_mixin.py:151} INFO - [2023-09-01T13:23:51.704+0900] {dag.py:2907} INFO - Sync 2 DAGs
[2023-09-01T13:23:51.712+0900] {logging_mixin.py:151} INFO - [2023-09-01T13:23:51.712+0900] {dag.py:3677} INFO - Setting next_dagrun for example_external_task_marker_child to None, run_after=None
[2023-09-01T13:23:51.714+0900] {logging_mixin.py:151} INFO - [2023-09-01T13:23:51.714+0900] {dag.py:3677} INFO - Setting next_dagrun for example_external_task_marker_parent to None, run_after=None
[2023-09-01T13:23:51.725+0900] {processor.py:179} INFO - Processing /usr/local/lib/python3.8/dist-packages/airflow/example_dags/example_external_task_marker_dag.py took 0.051 seconds
[2023-09-01T13:24:41.179+0900] {processor.py:157} INFO - Started process (PID=13362) to work on /usr/local/lib/python3.8/dist-packages/airflow/example_dags/example_external_task_marker_dag.py
[2023-09-01T13:24:41.181+0900] {processor.py:829} INFO - Processing file /usr/local/lib/python3.8/dist-packages/airflow/example_dags/example_external_task_marker_dag.py for tasks to queue
[2023-09-01T13:24:41.183+0900] {logging_mixin.py:151} INFO - [2023-09-01T13:24:41.182+0900] {dagbag.py:539} INFO - Filling up the DagBag from /usr/local/lib/python3.8/dist-packages/airflow/example_dags/example_external_task_marker_dag.py
[2023-09-01T13:24:41.196+0900] {processor.py:839} INFO - DAG(s) dict_keys(['example_external_task_marker_child', 'example_external_task_marker_parent']) retrieved from /usr/local/lib/python3.8/dist-packages/airflow/example_dags/example_external_task_marker_dag.py
[2023-09-01T13:24:41.254+0900] {logging_mixin.py:151} INFO - [2023-09-01T13:24:41.253+0900] {dag.py:2907} INFO - Sync 2 DAGs
[2023-09-01T13:24:41.271+0900] {logging_mixin.py:151} INFO - [2023-09-01T13:24:41.271+0900] {dag.py:3677} INFO - Setting next_dagrun for example_external_task_marker_child to None, run_after=None
[2023-09-01T13:24:41.275+0900] {logging_mixin.py:151} INFO - [2023-09-01T13:24:41.275+0900] {dag.py:3677} INFO - Setting next_dagrun for example_external_task_marker_parent to None, run_after=None
[2023-09-01T13:24:41.294+0900] {processor.py:179} INFO - Processing /usr/local/lib/python3.8/dist-packages/airflow/example_dags/example_external_task_marker_dag.py took 0.124 seconds
[2023-09-01T13:26:14.596+0900] {processor.py:157} INFO - Started process (PID=14574) to work on /usr/local/lib/python3.8/dist-packages/airflow/example_dags/example_external_task_marker_dag.py
[2023-09-01T13:26:14.597+0900] {processor.py:829} INFO - Processing file /usr/local/lib/python3.8/dist-packages/airflow/example_dags/example_external_task_marker_dag.py for tasks to queue
[2023-09-01T13:26:14.599+0900] {logging_mixin.py:151} INFO - [2023-09-01T13:26:14.598+0900] {dagbag.py:539} INFO - Filling up the DagBag from /usr/local/lib/python3.8/dist-packages/airflow/example_dags/example_external_task_marker_dag.py
[2023-09-01T13:26:14.607+0900] {processor.py:839} INFO - DAG(s) dict_keys(['example_external_task_marker_child', 'example_external_task_marker_parent']) retrieved from /usr/local/lib/python3.8/dist-packages/airflow/example_dags/example_external_task_marker_dag.py
[2023-09-01T13:26:14.626+0900] {logging_mixin.py:151} INFO - [2023-09-01T13:26:14.626+0900] {dag.py:2907} INFO - Sync 2 DAGs
[2023-09-01T13:26:14.634+0900] {logging_mixin.py:151} INFO - [2023-09-01T13:26:14.634+0900] {dag.py:3677} INFO - Setting next_dagrun for example_external_task_marker_child to None, run_after=None
[2023-09-01T13:26:14.636+0900] {logging_mixin.py:151} INFO - [2023-09-01T13:26:14.636+0900] {dag.py:3677} INFO - Setting next_dagrun for example_external_task_marker_parent to None, run_after=None
[2023-09-01T13:26:14.647+0900] {processor.py:179} INFO - Processing /usr/local/lib/python3.8/dist-packages/airflow/example_dags/example_external_task_marker_dag.py took 0.057 seconds
[2023-09-01T13:26:59.376+0900] {processor.py:157} INFO - Started process (PID=15005) to work on /usr/local/lib/python3.8/dist-packages/airflow/example_dags/example_external_task_marker_dag.py
[2023-09-01T13:26:59.378+0900] {processor.py:829} INFO - Processing file /usr/local/lib/python3.8/dist-packages/airflow/example_dags/example_external_task_marker_dag.py for tasks to queue
[2023-09-01T13:26:59.379+0900] {logging_mixin.py:151} INFO - [2023-09-01T13:26:59.378+0900] {dagbag.py:539} INFO - Filling up the DagBag from /usr/local/lib/python3.8/dist-packages/airflow/example_dags/example_external_task_marker_dag.py
[2023-09-01T13:26:59.385+0900] {processor.py:839} INFO - DAG(s) dict_keys(['example_external_task_marker_parent', 'example_external_task_marker_child']) retrieved from /usr/local/lib/python3.8/dist-packages/airflow/example_dags/example_external_task_marker_dag.py
[2023-09-01T13:26:59.396+0900] {logging_mixin.py:151} INFO - [2023-09-01T13:26:59.396+0900] {dag.py:2907} INFO - Sync 2 DAGs
[2023-09-01T13:26:59.401+0900] {logging_mixin.py:151} INFO - [2023-09-01T13:26:59.401+0900] {dag.py:3677} INFO - Setting next_dagrun for example_external_task_marker_child to None, run_after=None
[2023-09-01T13:26:59.402+0900] {logging_mixin.py:151} INFO - [2023-09-01T13:26:59.402+0900] {dag.py:3677} INFO - Setting next_dagrun for example_external_task_marker_parent to None, run_after=None
[2023-09-01T13:26:59.410+0900] {processor.py:179} INFO - Processing /usr/local/lib/python3.8/dist-packages/airflow/example_dags/example_external_task_marker_dag.py took 0.038 seconds
[2023-09-01T13:27:44.554+0900] {processor.py:157} INFO - Started process (PID=15439) to work on /usr/local/lib/python3.8/dist-packages/airflow/example_dags/example_external_task_marker_dag.py
[2023-09-01T13:27:44.555+0900] {processor.py:829} INFO - Processing file /usr/local/lib/python3.8/dist-packages/airflow/example_dags/example_external_task_marker_dag.py for tasks to queue
[2023-09-01T13:27:44.557+0900] {logging_mixin.py:151} INFO - [2023-09-01T13:27:44.556+0900] {dagbag.py:539} INFO - Filling up the DagBag from /usr/local/lib/python3.8/dist-packages/airflow/example_dags/example_external_task_marker_dag.py
[2023-09-01T13:27:44.565+0900] {processor.py:839} INFO - DAG(s) dict_keys(['example_external_task_marker_parent', 'example_external_task_marker_child']) retrieved from /usr/local/lib/python3.8/dist-packages/airflow/example_dags/example_external_task_marker_dag.py
[2023-09-01T13:27:44.585+0900] {logging_mixin.py:151} INFO - [2023-09-01T13:27:44.585+0900] {dag.py:2907} INFO - Sync 2 DAGs
[2023-09-01T13:27:44.592+0900] {logging_mixin.py:151} INFO - [2023-09-01T13:27:44.592+0900] {dag.py:3677} INFO - Setting next_dagrun for example_external_task_marker_child to None, run_after=None
[2023-09-01T13:27:44.594+0900] {logging_mixin.py:151} INFO - [2023-09-01T13:27:44.594+0900] {dag.py:3677} INFO - Setting next_dagrun for example_external_task_marker_parent to None, run_after=None
[2023-09-01T13:27:44.606+0900] {processor.py:179} INFO - Processing /usr/local/lib/python3.8/dist-packages/airflow/example_dags/example_external_task_marker_dag.py took 0.058 seconds
[2023-09-01T13:28:28.575+0900] {processor.py:157} INFO - Started process (PID=15868) to work on /usr/local/lib/python3.8/dist-packages/airflow/example_dags/example_external_task_marker_dag.py
[2023-09-01T13:28:28.577+0900] {processor.py:829} INFO - Processing file /usr/local/lib/python3.8/dist-packages/airflow/example_dags/example_external_task_marker_dag.py for tasks to queue
[2023-09-01T13:28:28.578+0900] {logging_mixin.py:151} INFO - [2023-09-01T13:28:28.577+0900] {dagbag.py:539} INFO - Filling up the DagBag from /usr/local/lib/python3.8/dist-packages/airflow/example_dags/example_external_task_marker_dag.py
[2023-09-01T13:28:28.587+0900] {processor.py:839} INFO - DAG(s) dict_keys(['example_external_task_marker_parent', 'example_external_task_marker_child']) retrieved from /usr/local/lib/python3.8/dist-packages/airflow/example_dags/example_external_task_marker_dag.py
[2023-09-01T13:28:28.606+0900] {logging_mixin.py:151} INFO - [2023-09-01T13:28:28.606+0900] {dag.py:2907} INFO - Sync 2 DAGs
[2023-09-01T13:28:28.614+0900] {logging_mixin.py:151} INFO - [2023-09-01T13:28:28.614+0900] {dag.py:3677} INFO - Setting next_dagrun for example_external_task_marker_child to None, run_after=None
[2023-09-01T13:28:28.616+0900] {logging_mixin.py:151} INFO - [2023-09-01T13:28:28.616+0900] {dag.py:3677} INFO - Setting next_dagrun for example_external_task_marker_parent to None, run_after=None
[2023-09-01T13:28:28.628+0900] {processor.py:179} INFO - Processing /usr/local/lib/python3.8/dist-packages/airflow/example_dags/example_external_task_marker_dag.py took 0.058 seconds
[2023-09-01T13:29:12.427+0900] {processor.py:157} INFO - Started process (PID=16322) to work on /usr/local/lib/python3.8/dist-packages/airflow/example_dags/example_external_task_marker_dag.py
[2023-09-01T13:29:12.428+0900] {processor.py:829} INFO - Processing file /usr/local/lib/python3.8/dist-packages/airflow/example_dags/example_external_task_marker_dag.py for tasks to queue
[2023-09-01T13:29:12.430+0900] {logging_mixin.py:151} INFO - [2023-09-01T13:29:12.429+0900] {dagbag.py:539} INFO - Filling up the DagBag from /usr/local/lib/python3.8/dist-packages/airflow/example_dags/example_external_task_marker_dag.py
[2023-09-01T13:29:12.438+0900] {processor.py:839} INFO - DAG(s) dict_keys(['example_external_task_marker_parent', 'example_external_task_marker_child']) retrieved from /usr/local/lib/python3.8/dist-packages/airflow/example_dags/example_external_task_marker_dag.py
[2023-09-01T13:29:12.457+0900] {logging_mixin.py:151} INFO - [2023-09-01T13:29:12.457+0900] {dag.py:2907} INFO - Sync 2 DAGs
[2023-09-01T13:29:12.465+0900] {logging_mixin.py:151} INFO - [2023-09-01T13:29:12.465+0900] {dag.py:3677} INFO - Setting next_dagrun for example_external_task_marker_child to None, run_after=None
[2023-09-01T13:29:12.466+0900] {logging_mixin.py:151} INFO - [2023-09-01T13:29:12.466+0900] {dag.py:3677} INFO - Setting next_dagrun for example_external_task_marker_parent to None, run_after=None
[2023-09-01T13:29:12.477+0900] {processor.py:179} INFO - Processing /usr/local/lib/python3.8/dist-packages/airflow/example_dags/example_external_task_marker_dag.py took 0.055 seconds
[2023-09-01T13:29:58.184+0900] {processor.py:157} INFO - Started process (PID=16762) to work on /usr/local/lib/python3.8/dist-packages/airflow/example_dags/example_external_task_marker_dag.py
[2023-09-01T13:29:58.185+0900] {processor.py:829} INFO - Processing file /usr/local/lib/python3.8/dist-packages/airflow/example_dags/example_external_task_marker_dag.py for tasks to queue
[2023-09-01T13:29:58.187+0900] {logging_mixin.py:151} INFO - [2023-09-01T13:29:58.186+0900] {dagbag.py:539} INFO - Filling up the DagBag from /usr/local/lib/python3.8/dist-packages/airflow/example_dags/example_external_task_marker_dag.py
[2023-09-01T13:29:58.195+0900] {processor.py:839} INFO - DAG(s) dict_keys(['example_external_task_marker_child', 'example_external_task_marker_parent']) retrieved from /usr/local/lib/python3.8/dist-packages/airflow/example_dags/example_external_task_marker_dag.py
[2023-09-01T13:29:58.214+0900] {logging_mixin.py:151} INFO - [2023-09-01T13:29:58.214+0900] {dag.py:2907} INFO - Sync 2 DAGs
[2023-09-01T13:29:58.223+0900] {logging_mixin.py:151} INFO - [2023-09-01T13:29:58.223+0900] {dag.py:3677} INFO - Setting next_dagrun for example_external_task_marker_child to None, run_after=None
[2023-09-01T13:29:58.225+0900] {logging_mixin.py:151} INFO - [2023-09-01T13:29:58.225+0900] {dag.py:3677} INFO - Setting next_dagrun for example_external_task_marker_parent to None, run_after=None
[2023-09-01T13:29:58.236+0900] {processor.py:179} INFO - Processing /usr/local/lib/python3.8/dist-packages/airflow/example_dags/example_external_task_marker_dag.py took 0.057 seconds
[2023-09-01T13:30:45.905+0900] {processor.py:157} INFO - Started process (PID=17221) to work on /usr/local/lib/python3.8/dist-packages/airflow/example_dags/example_external_task_marker_dag.py
[2023-09-01T13:30:45.906+0900] {processor.py:829} INFO - Processing file /usr/local/lib/python3.8/dist-packages/airflow/example_dags/example_external_task_marker_dag.py for tasks to queue
[2023-09-01T13:30:45.907+0900] {logging_mixin.py:151} INFO - [2023-09-01T13:30:45.906+0900] {dagbag.py:539} INFO - Filling up the DagBag from /usr/local/lib/python3.8/dist-packages/airflow/example_dags/example_external_task_marker_dag.py
[2023-09-01T13:30:45.913+0900] {processor.py:839} INFO - DAG(s) dict_keys(['example_external_task_marker_parent', 'example_external_task_marker_child']) retrieved from /usr/local/lib/python3.8/dist-packages/airflow/example_dags/example_external_task_marker_dag.py
[2023-09-01T13:30:45.930+0900] {logging_mixin.py:151} INFO - [2023-09-01T13:30:45.930+0900] {dag.py:2907} INFO - Sync 2 DAGs
[2023-09-01T13:30:45.937+0900] {logging_mixin.py:151} INFO - [2023-09-01T13:30:45.937+0900] {dag.py:3677} INFO - Setting next_dagrun for example_external_task_marker_child to None, run_after=None
[2023-09-01T13:30:45.938+0900] {logging_mixin.py:151} INFO - [2023-09-01T13:30:45.938+0900] {dag.py:3677} INFO - Setting next_dagrun for example_external_task_marker_parent to None, run_after=None
[2023-09-01T13:30:45.948+0900] {processor.py:179} INFO - Processing /usr/local/lib/python3.8/dist-packages/airflow/example_dags/example_external_task_marker_dag.py took 0.046 seconds
[2023-09-01T13:31:32.273+0900] {processor.py:157} INFO - Started process (PID=17671) to work on /usr/local/lib/python3.8/dist-packages/airflow/example_dags/example_external_task_marker_dag.py
[2023-09-01T13:31:32.275+0900] {processor.py:829} INFO - Processing file /usr/local/lib/python3.8/dist-packages/airflow/example_dags/example_external_task_marker_dag.py for tasks to queue
[2023-09-01T13:31:32.276+0900] {logging_mixin.py:151} INFO - [2023-09-01T13:31:32.275+0900] {dagbag.py:539} INFO - Filling up the DagBag from /usr/local/lib/python3.8/dist-packages/airflow/example_dags/example_external_task_marker_dag.py
[2023-09-01T13:31:32.285+0900] {processor.py:839} INFO - DAG(s) dict_keys(['example_external_task_marker_child', 'example_external_task_marker_parent']) retrieved from /usr/local/lib/python3.8/dist-packages/airflow/example_dags/example_external_task_marker_dag.py
[2023-09-01T13:31:32.303+0900] {logging_mixin.py:151} INFO - [2023-09-01T13:31:32.303+0900] {dag.py:2907} INFO - Sync 2 DAGs
[2023-09-01T13:31:32.311+0900] {logging_mixin.py:151} INFO - [2023-09-01T13:31:32.311+0900] {dag.py:3677} INFO - Setting next_dagrun for example_external_task_marker_child to None, run_after=None
[2023-09-01T13:31:32.313+0900] {logging_mixin.py:151} INFO - [2023-09-01T13:31:32.313+0900] {dag.py:3677} INFO - Setting next_dagrun for example_external_task_marker_parent to None, run_after=None
[2023-09-01T13:31:32.324+0900] {processor.py:179} INFO - Processing /usr/local/lib/python3.8/dist-packages/airflow/example_dags/example_external_task_marker_dag.py took 0.056 seconds
[2023-09-01T13:32:17.286+0900] {processor.py:157} INFO - Started process (PID=18110) to work on /usr/local/lib/python3.8/dist-packages/airflow/example_dags/example_external_task_marker_dag.py
[2023-09-01T13:32:17.288+0900] {processor.py:829} INFO - Processing file /usr/local/lib/python3.8/dist-packages/airflow/example_dags/example_external_task_marker_dag.py for tasks to queue
[2023-09-01T13:32:17.289+0900] {logging_mixin.py:151} INFO - [2023-09-01T13:32:17.288+0900] {dagbag.py:539} INFO - Filling up the DagBag from /usr/local/lib/python3.8/dist-packages/airflow/example_dags/example_external_task_marker_dag.py
[2023-09-01T13:32:17.297+0900] {processor.py:839} INFO - DAG(s) dict_keys(['example_external_task_marker_child', 'example_external_task_marker_parent']) retrieved from /usr/local/lib/python3.8/dist-packages/airflow/example_dags/example_external_task_marker_dag.py
[2023-09-01T13:32:17.317+0900] {logging_mixin.py:151} INFO - [2023-09-01T13:32:17.317+0900] {dag.py:2907} INFO - Sync 2 DAGs
[2023-09-01T13:32:17.325+0900] {logging_mixin.py:151} INFO - [2023-09-01T13:32:17.325+0900] {dag.py:3677} INFO - Setting next_dagrun for example_external_task_marker_child to None, run_after=None
[2023-09-01T13:32:17.327+0900] {logging_mixin.py:151} INFO - [2023-09-01T13:32:17.327+0900] {dag.py:3677} INFO - Setting next_dagrun for example_external_task_marker_parent to None, run_after=None
[2023-09-01T13:32:17.339+0900] {processor.py:179} INFO - Processing /usr/local/lib/python3.8/dist-packages/airflow/example_dags/example_external_task_marker_dag.py took 0.058 seconds
[2023-09-01T13:33:00.969+0900] {processor.py:157} INFO - Started process (PID=18530) to work on /usr/local/lib/python3.8/dist-packages/airflow/example_dags/example_external_task_marker_dag.py
[2023-09-01T13:33:00.970+0900] {processor.py:829} INFO - Processing file /usr/local/lib/python3.8/dist-packages/airflow/example_dags/example_external_task_marker_dag.py for tasks to queue
[2023-09-01T13:33:00.971+0900] {logging_mixin.py:151} INFO - [2023-09-01T13:33:00.971+0900] {dagbag.py:539} INFO - Filling up the DagBag from /usr/local/lib/python3.8/dist-packages/airflow/example_dags/example_external_task_marker_dag.py
[2023-09-01T13:33:00.979+0900] {processor.py:839} INFO - DAG(s) dict_keys(['example_external_task_marker_parent', 'example_external_task_marker_child']) retrieved from /usr/local/lib/python3.8/dist-packages/airflow/example_dags/example_external_task_marker_dag.py
[2023-09-01T13:33:00.997+0900] {logging_mixin.py:151} INFO - [2023-09-01T13:33:00.997+0900] {dag.py:2907} INFO - Sync 2 DAGs
[2023-09-01T13:33:01.005+0900] {logging_mixin.py:151} INFO - [2023-09-01T13:33:01.005+0900] {dag.py:3677} INFO - Setting next_dagrun for example_external_task_marker_child to None, run_after=None
[2023-09-01T13:33:01.007+0900] {logging_mixin.py:151} INFO - [2023-09-01T13:33:01.006+0900] {dag.py:3677} INFO - Setting next_dagrun for example_external_task_marker_parent to None, run_after=None
[2023-09-01T13:33:01.017+0900] {processor.py:179} INFO - Processing /usr/local/lib/python3.8/dist-packages/airflow/example_dags/example_external_task_marker_dag.py took 0.053 seconds
[2023-09-01T13:33:51.167+0900] {processor.py:157} INFO - Started process (PID=19035) to work on /usr/local/lib/python3.8/dist-packages/airflow/example_dags/example_external_task_marker_dag.py
[2023-09-01T13:33:51.169+0900] {processor.py:829} INFO - Processing file /usr/local/lib/python3.8/dist-packages/airflow/example_dags/example_external_task_marker_dag.py for tasks to queue
[2023-09-01T13:33:51.170+0900] {logging_mixin.py:151} INFO - [2023-09-01T13:33:51.169+0900] {dagbag.py:539} INFO - Filling up the DagBag from /usr/local/lib/python3.8/dist-packages/airflow/example_dags/example_external_task_marker_dag.py
[2023-09-01T13:33:51.179+0900] {processor.py:839} INFO - DAG(s) dict_keys(['example_external_task_marker_child', 'example_external_task_marker_parent']) retrieved from /usr/local/lib/python3.8/dist-packages/airflow/example_dags/example_external_task_marker_dag.py
[2023-09-01T13:33:51.199+0900] {logging_mixin.py:151} INFO - [2023-09-01T13:33:51.198+0900] {dag.py:2907} INFO - Sync 2 DAGs
[2023-09-01T13:33:51.206+0900] {logging_mixin.py:151} INFO - [2023-09-01T13:33:51.206+0900] {dag.py:3677} INFO - Setting next_dagrun for example_external_task_marker_child to None, run_after=None
[2023-09-01T13:33:51.208+0900] {logging_mixin.py:151} INFO - [2023-09-01T13:33:51.208+0900] {dag.py:3677} INFO - Setting next_dagrun for example_external_task_marker_parent to None, run_after=None
[2023-09-01T13:33:51.219+0900] {processor.py:179} INFO - Processing /usr/local/lib/python3.8/dist-packages/airflow/example_dags/example_external_task_marker_dag.py took 0.057 seconds
[2023-09-01T13:34:34.933+0900] {processor.py:157} INFO - Started process (PID=19464) to work on /usr/local/lib/python3.8/dist-packages/airflow/example_dags/example_external_task_marker_dag.py
[2023-09-01T13:34:34.935+0900] {processor.py:829} INFO - Processing file /usr/local/lib/python3.8/dist-packages/airflow/example_dags/example_external_task_marker_dag.py for tasks to queue
[2023-09-01T13:34:34.936+0900] {logging_mixin.py:151} INFO - [2023-09-01T13:34:34.935+0900] {dagbag.py:539} INFO - Filling up the DagBag from /usr/local/lib/python3.8/dist-packages/airflow/example_dags/example_external_task_marker_dag.py
[2023-09-01T13:34:34.944+0900] {processor.py:839} INFO - DAG(s) dict_keys(['example_external_task_marker_child', 'example_external_task_marker_parent']) retrieved from /usr/local/lib/python3.8/dist-packages/airflow/example_dags/example_external_task_marker_dag.py
[2023-09-01T13:34:34.962+0900] {logging_mixin.py:151} INFO - [2023-09-01T13:34:34.962+0900] {dag.py:2907} INFO - Sync 2 DAGs
[2023-09-01T13:34:34.970+0900] {logging_mixin.py:151} INFO - [2023-09-01T13:34:34.970+0900] {dag.py:3677} INFO - Setting next_dagrun for example_external_task_marker_child to None, run_after=None
[2023-09-01T13:34:34.971+0900] {logging_mixin.py:151} INFO - [2023-09-01T13:34:34.971+0900] {dag.py:3677} INFO - Setting next_dagrun for example_external_task_marker_parent to None, run_after=None
[2023-09-01T13:34:34.981+0900] {processor.py:179} INFO - Processing /usr/local/lib/python3.8/dist-packages/airflow/example_dags/example_external_task_marker_dag.py took 0.053 seconds
[2023-09-01T13:35:17.616+0900] {processor.py:157} INFO - Started process (PID=19882) to work on /usr/local/lib/python3.8/dist-packages/airflow/example_dags/example_external_task_marker_dag.py
[2023-09-01T13:35:17.618+0900] {processor.py:829} INFO - Processing file /usr/local/lib/python3.8/dist-packages/airflow/example_dags/example_external_task_marker_dag.py for tasks to queue
[2023-09-01T13:35:17.620+0900] {logging_mixin.py:151} INFO - [2023-09-01T13:35:17.619+0900] {dagbag.py:539} INFO - Filling up the DagBag from /usr/local/lib/python3.8/dist-packages/airflow/example_dags/example_external_task_marker_dag.py
[2023-09-01T13:35:17.628+0900] {processor.py:839} INFO - DAG(s) dict_keys(['example_external_task_marker_parent', 'example_external_task_marker_child']) retrieved from /usr/local/lib/python3.8/dist-packages/airflow/example_dags/example_external_task_marker_dag.py
[2023-09-01T13:35:17.648+0900] {logging_mixin.py:151} INFO - [2023-09-01T13:35:17.648+0900] {dag.py:2907} INFO - Sync 2 DAGs
[2023-09-01T13:35:17.656+0900] {logging_mixin.py:151} INFO - [2023-09-01T13:35:17.656+0900] {dag.py:3677} INFO - Setting next_dagrun for example_external_task_marker_child to None, run_after=None
[2023-09-01T13:35:17.658+0900] {logging_mixin.py:151} INFO - [2023-09-01T13:35:17.658+0900] {dag.py:3677} INFO - Setting next_dagrun for example_external_task_marker_parent to None, run_after=None
[2023-09-01T13:35:17.670+0900] {processor.py:179} INFO - Processing /usr/local/lib/python3.8/dist-packages/airflow/example_dags/example_external_task_marker_dag.py took 0.059 seconds
[2023-09-01T13:36:02.128+0900] {processor.py:157} INFO - Started process (PID=20311) to work on /usr/local/lib/python3.8/dist-packages/airflow/example_dags/example_external_task_marker_dag.py
[2023-09-01T13:36:02.130+0900] {processor.py:829} INFO - Processing file /usr/local/lib/python3.8/dist-packages/airflow/example_dags/example_external_task_marker_dag.py for tasks to queue
[2023-09-01T13:36:02.131+0900] {logging_mixin.py:151} INFO - [2023-09-01T13:36:02.130+0900] {dagbag.py:539} INFO - Filling up the DagBag from /usr/local/lib/python3.8/dist-packages/airflow/example_dags/example_external_task_marker_dag.py
[2023-09-01T13:36:02.140+0900] {processor.py:839} INFO - DAG(s) dict_keys(['example_external_task_marker_child', 'example_external_task_marker_parent']) retrieved from /usr/local/lib/python3.8/dist-packages/airflow/example_dags/example_external_task_marker_dag.py
[2023-09-01T13:36:02.159+0900] {logging_mixin.py:151} INFO - [2023-09-01T13:36:02.159+0900] {dag.py:2907} INFO - Sync 2 DAGs
[2023-09-01T13:36:02.168+0900] {logging_mixin.py:151} INFO - [2023-09-01T13:36:02.168+0900] {dag.py:3677} INFO - Setting next_dagrun for example_external_task_marker_child to None, run_after=None
[2023-09-01T13:36:02.170+0900] {logging_mixin.py:151} INFO - [2023-09-01T13:36:02.169+0900] {dag.py:3677} INFO - Setting next_dagrun for example_external_task_marker_parent to None, run_after=None
[2023-09-01T13:36:02.180+0900] {processor.py:179} INFO - Processing /usr/local/lib/python3.8/dist-packages/airflow/example_dags/example_external_task_marker_dag.py took 0.058 seconds
[2023-09-01T13:36:51.187+0900] {processor.py:157} INFO - Started process (PID=20774) to work on /usr/local/lib/python3.8/dist-packages/airflow/example_dags/example_external_task_marker_dag.py
[2023-09-01T13:36:51.189+0900] {processor.py:829} INFO - Processing file /usr/local/lib/python3.8/dist-packages/airflow/example_dags/example_external_task_marker_dag.py for tasks to queue
[2023-09-01T13:36:51.190+0900] {logging_mixin.py:151} INFO - [2023-09-01T13:36:51.189+0900] {dagbag.py:539} INFO - Filling up the DagBag from /usr/local/lib/python3.8/dist-packages/airflow/example_dags/example_external_task_marker_dag.py
[2023-09-01T13:36:51.198+0900] {processor.py:839} INFO - DAG(s) dict_keys(['example_external_task_marker_parent', 'example_external_task_marker_child']) retrieved from /usr/local/lib/python3.8/dist-packages/airflow/example_dags/example_external_task_marker_dag.py
[2023-09-01T13:36:51.217+0900] {logging_mixin.py:151} INFO - [2023-09-01T13:36:51.217+0900] {dag.py:2907} INFO - Sync 2 DAGs
[2023-09-01T13:36:51.225+0900] {logging_mixin.py:151} INFO - [2023-09-01T13:36:51.225+0900] {dag.py:3677} INFO - Setting next_dagrun for example_external_task_marker_child to None, run_after=None
[2023-09-01T13:36:51.227+0900] {logging_mixin.py:151} INFO - [2023-09-01T13:36:51.227+0900] {dag.py:3677} INFO - Setting next_dagrun for example_external_task_marker_parent to None, run_after=None
[2023-09-01T13:36:51.238+0900] {processor.py:179} INFO - Processing /usr/local/lib/python3.8/dist-packages/airflow/example_dags/example_external_task_marker_dag.py took 0.056 seconds
[2023-09-01T13:37:37.025+0900] {processor.py:157} INFO - Started process (PID=21225) to work on /usr/local/lib/python3.8/dist-packages/airflow/example_dags/example_external_task_marker_dag.py
[2023-09-01T13:37:37.027+0900] {processor.py:829} INFO - Processing file /usr/local/lib/python3.8/dist-packages/airflow/example_dags/example_external_task_marker_dag.py for tasks to queue
[2023-09-01T13:37:37.028+0900] {logging_mixin.py:151} INFO - [2023-09-01T13:37:37.027+0900] {dagbag.py:539} INFO - Filling up the DagBag from /usr/local/lib/python3.8/dist-packages/airflow/example_dags/example_external_task_marker_dag.py
[2023-09-01T13:37:37.037+0900] {processor.py:839} INFO - DAG(s) dict_keys(['example_external_task_marker_parent', 'example_external_task_marker_child']) retrieved from /usr/local/lib/python3.8/dist-packages/airflow/example_dags/example_external_task_marker_dag.py
[2023-09-01T13:37:37.058+0900] {logging_mixin.py:151} INFO - [2023-09-01T13:37:37.058+0900] {dag.py:2907} INFO - Sync 2 DAGs
[2023-09-01T13:37:37.067+0900] {logging_mixin.py:151} INFO - [2023-09-01T13:37:37.067+0900] {dag.py:3677} INFO - Setting next_dagrun for example_external_task_marker_child to None, run_after=None
[2023-09-01T13:37:37.069+0900] {logging_mixin.py:151} INFO - [2023-09-01T13:37:37.069+0900] {dag.py:3677} INFO - Setting next_dagrun for example_external_task_marker_parent to None, run_after=None
[2023-09-01T13:37:37.080+0900] {processor.py:179} INFO - Processing /usr/local/lib/python3.8/dist-packages/airflow/example_dags/example_external_task_marker_dag.py took 0.061 seconds
[2023-09-01T13:38:21.345+0900] {processor.py:157} INFO - Started process (PID=21656) to work on /usr/local/lib/python3.8/dist-packages/airflow/example_dags/example_external_task_marker_dag.py
[2023-09-01T13:38:21.347+0900] {processor.py:829} INFO - Processing file /usr/local/lib/python3.8/dist-packages/airflow/example_dags/example_external_task_marker_dag.py for tasks to queue
[2023-09-01T13:38:21.348+0900] {logging_mixin.py:151} INFO - [2023-09-01T13:38:21.347+0900] {dagbag.py:539} INFO - Filling up the DagBag from /usr/local/lib/python3.8/dist-packages/airflow/example_dags/example_external_task_marker_dag.py
[2023-09-01T13:38:21.357+0900] {processor.py:839} INFO - DAG(s) dict_keys(['example_external_task_marker_child', 'example_external_task_marker_parent']) retrieved from /usr/local/lib/python3.8/dist-packages/airflow/example_dags/example_external_task_marker_dag.py
[2023-09-01T13:38:21.377+0900] {logging_mixin.py:151} INFO - [2023-09-01T13:38:21.376+0900] {dag.py:2907} INFO - Sync 2 DAGs
[2023-09-01T13:38:21.384+0900] {logging_mixin.py:151} INFO - [2023-09-01T13:38:21.384+0900] {dag.py:3677} INFO - Setting next_dagrun for example_external_task_marker_child to None, run_after=None
[2023-09-01T13:38:21.386+0900] {logging_mixin.py:151} INFO - [2023-09-01T13:38:21.386+0900] {dag.py:3677} INFO - Setting next_dagrun for example_external_task_marker_parent to None, run_after=None
[2023-09-01T13:38:21.396+0900] {processor.py:179} INFO - Processing /usr/local/lib/python3.8/dist-packages/airflow/example_dags/example_external_task_marker_dag.py took 0.056 seconds
