[2023-09-01T13:07:37.406+0900] {processor.py:157} INFO - Started process (PID=2023) to work on /usr/local/lib/python3.8/dist-packages/airflow/example_dags/example_short_circuit_operator.py
[2023-09-01T13:07:37.406+0900] {processor.py:829} INFO - Processing file /usr/local/lib/python3.8/dist-packages/airflow/example_dags/example_short_circuit_operator.py for tasks to queue
[2023-09-01T13:07:37.407+0900] {logging_mixin.py:151} INFO - [2023-09-01T13:07:37.406+0900] {dagbag.py:539} INFO - Filling up the DagBag from /usr/local/lib/python3.8/dist-packages/airflow/example_dags/example_short_circuit_operator.py
[2023-09-01T13:07:37.417+0900] {processor.py:839} INFO - DAG(s) dict_keys(['example_short_circuit_operator']) retrieved from /usr/local/lib/python3.8/dist-packages/airflow/example_dags/example_short_circuit_operator.py
[2023-09-01T13:07:37.525+0900] {logging_mixin.py:151} INFO - [2023-09-01T13:07:37.525+0900] {manager.py:501} INFO - Created Permission View: can delete on DAG:example_short_circuit_operator
[2023-09-01T13:07:37.530+0900] {logging_mixin.py:151} INFO - [2023-09-01T13:07:37.530+0900] {manager.py:501} INFO - Created Permission View: can read on DAG:example_short_circuit_operator
[2023-09-01T13:07:37.533+0900] {logging_mixin.py:151} INFO - [2023-09-01T13:07:37.533+0900] {manager.py:501} INFO - Created Permission View: can edit on DAG:example_short_circuit_operator
[2023-09-01T13:07:37.537+0900] {logging_mixin.py:151} INFO - [2023-09-01T13:07:37.537+0900] {dag.py:2907} INFO - Sync 1 DAGs
[2023-09-01T13:07:37.541+0900] {logging_mixin.py:151} INFO - [2023-09-01T13:07:37.541+0900] {dag.py:2929} INFO - Creating ORM DAG for example_short_circuit_operator
[2023-09-01T13:07:37.544+0900] {logging_mixin.py:151} INFO - [2023-09-01T13:07:37.544+0900] {dag.py:3677} INFO - Setting next_dagrun for example_short_circuit_operator to 2023-08-31T04:07:37.544040+00:00, run_after=2023-09-01T04:07:37.544040+00:00
[2023-09-01T13:07:37.552+0900] {processor.py:179} INFO - Processing /usr/local/lib/python3.8/dist-packages/airflow/example_dags/example_short_circuit_operator.py took 0.149 seconds
[2023-09-01T13:08:25.075+0900] {processor.py:157} INFO - Started process (PID=2484) to work on /usr/local/lib/python3.8/dist-packages/airflow/example_dags/example_short_circuit_operator.py
[2023-09-01T13:08:25.075+0900] {processor.py:829} INFO - Processing file /usr/local/lib/python3.8/dist-packages/airflow/example_dags/example_short_circuit_operator.py for tasks to queue
[2023-09-01T13:08:25.076+0900] {logging_mixin.py:151} INFO - [2023-09-01T13:08:25.076+0900] {dagbag.py:539} INFO - Filling up the DagBag from /usr/local/lib/python3.8/dist-packages/airflow/example_dags/example_short_circuit_operator.py
[2023-09-01T13:08:25.080+0900] {processor.py:839} INFO - DAG(s) dict_keys(['example_short_circuit_operator']) retrieved from /usr/local/lib/python3.8/dist-packages/airflow/example_dags/example_short_circuit_operator.py
[2023-09-01T13:08:25.091+0900] {logging_mixin.py:151} INFO - [2023-09-01T13:08:25.091+0900] {dag.py:2907} INFO - Sync 1 DAGs
[2023-09-01T13:08:25.104+0900] {logging_mixin.py:151} INFO - [2023-09-01T13:08:25.104+0900] {dag.py:3677} INFO - Setting next_dagrun for example_short_circuit_operator to 2023-08-31T04:08:25.104032+00:00, run_after=2023-09-01T04:08:25.104032+00:00
[2023-09-01T13:08:25.117+0900] {processor.py:179} INFO - Processing /usr/local/lib/python3.8/dist-packages/airflow/example_dags/example_short_circuit_operator.py took 0.044 seconds
[2023-09-01T13:09:14.470+0900] {processor.py:157} INFO - Started process (PID=4174) to work on /usr/local/lib/python3.8/dist-packages/airflow/example_dags/example_short_circuit_operator.py
[2023-09-01T13:09:14.472+0900] {processor.py:829} INFO - Processing file /usr/local/lib/python3.8/dist-packages/airflow/example_dags/example_short_circuit_operator.py for tasks to queue
[2023-09-01T13:09:14.474+0900] {logging_mixin.py:151} INFO - [2023-09-01T13:09:14.472+0900] {dagbag.py:539} INFO - Filling up the DagBag from /usr/local/lib/python3.8/dist-packages/airflow/example_dags/example_short_circuit_operator.py
[2023-09-01T13:09:14.485+0900] {processor.py:839} INFO - DAG(s) dict_keys(['example_short_circuit_operator']) retrieved from /usr/local/lib/python3.8/dist-packages/airflow/example_dags/example_short_circuit_operator.py
[2023-09-01T13:09:14.502+0900] {logging_mixin.py:151} INFO - [2023-09-01T13:09:14.502+0900] {dag.py:2907} INFO - Sync 1 DAGs
[2023-09-01T13:09:14.514+0900] {logging_mixin.py:151} INFO - [2023-09-01T13:09:14.514+0900] {dag.py:3677} INFO - Setting next_dagrun for example_short_circuit_operator to 2023-08-31T04:09:14.514556+00:00, run_after=2023-09-01T04:09:14.514556+00:00
[2023-09-01T13:09:14.526+0900] {processor.py:179} INFO - Processing /usr/local/lib/python3.8/dist-packages/airflow/example_dags/example_short_circuit_operator.py took 0.062 seconds
[2023-09-01T13:09:59.799+0900] {processor.py:157} INFO - Started process (PID=4606) to work on /usr/local/lib/python3.8/dist-packages/airflow/example_dags/example_short_circuit_operator.py
[2023-09-01T13:09:59.801+0900] {processor.py:829} INFO - Processing file /usr/local/lib/python3.8/dist-packages/airflow/example_dags/example_short_circuit_operator.py for tasks to queue
[2023-09-01T13:09:59.802+0900] {logging_mixin.py:151} INFO - [2023-09-01T13:09:59.801+0900] {dagbag.py:539} INFO - Filling up the DagBag from /usr/local/lib/python3.8/dist-packages/airflow/example_dags/example_short_circuit_operator.py
[2023-09-01T13:09:59.813+0900] {processor.py:839} INFO - DAG(s) dict_keys(['example_short_circuit_operator']) retrieved from /usr/local/lib/python3.8/dist-packages/airflow/example_dags/example_short_circuit_operator.py
[2023-09-01T13:09:59.828+0900] {logging_mixin.py:151} INFO - [2023-09-01T13:09:59.828+0900] {dag.py:2907} INFO - Sync 1 DAGs
[2023-09-01T13:09:59.839+0900] {logging_mixin.py:151} INFO - [2023-09-01T13:09:59.839+0900] {dag.py:3677} INFO - Setting next_dagrun for example_short_circuit_operator to 2023-08-31T04:09:59.839098+00:00, run_after=2023-09-01T04:09:59.839098+00:00
[2023-09-01T13:09:59.849+0900] {processor.py:179} INFO - Processing /usr/local/lib/python3.8/dist-packages/airflow/example_dags/example_short_circuit_operator.py took 0.055 seconds
[2023-09-01T13:10:47.153+0900] {processor.py:157} INFO - Started process (PID=5070) to work on /usr/local/lib/python3.8/dist-packages/airflow/example_dags/example_short_circuit_operator.py
[2023-09-01T13:10:47.154+0900] {processor.py:829} INFO - Processing file /usr/local/lib/python3.8/dist-packages/airflow/example_dags/example_short_circuit_operator.py for tasks to queue
[2023-09-01T13:10:47.155+0900] {logging_mixin.py:151} INFO - [2023-09-01T13:10:47.154+0900] {dagbag.py:539} INFO - Filling up the DagBag from /usr/local/lib/python3.8/dist-packages/airflow/example_dags/example_short_circuit_operator.py
[2023-09-01T13:10:47.163+0900] {processor.py:839} INFO - DAG(s) dict_keys(['example_short_circuit_operator']) retrieved from /usr/local/lib/python3.8/dist-packages/airflow/example_dags/example_short_circuit_operator.py
[2023-09-01T13:10:47.176+0900] {logging_mixin.py:151} INFO - [2023-09-01T13:10:47.176+0900] {dag.py:2907} INFO - Sync 1 DAGs
[2023-09-01T13:10:47.186+0900] {logging_mixin.py:151} INFO - [2023-09-01T13:10:47.186+0900] {dag.py:3677} INFO - Setting next_dagrun for example_short_circuit_operator to 2023-08-31T04:10:47.186437+00:00, run_after=2023-09-01T04:10:47.186437+00:00
[2023-09-01T13:10:47.200+0900] {processor.py:179} INFO - Processing /usr/local/lib/python3.8/dist-packages/airflow/example_dags/example_short_circuit_operator.py took 0.052 seconds
[2023-09-01T13:11:39.158+0900] {processor.py:157} INFO - Started process (PID=5599) to work on /usr/local/lib/python3.8/dist-packages/airflow/example_dags/example_short_circuit_operator.py
[2023-09-01T13:11:39.159+0900] {processor.py:829} INFO - Processing file /usr/local/lib/python3.8/dist-packages/airflow/example_dags/example_short_circuit_operator.py for tasks to queue
[2023-09-01T13:11:39.160+0900] {logging_mixin.py:151} INFO - [2023-09-01T13:11:39.160+0900] {dagbag.py:539} INFO - Filling up the DagBag from /usr/local/lib/python3.8/dist-packages/airflow/example_dags/example_short_circuit_operator.py
[2023-09-01T13:11:39.169+0900] {processor.py:839} INFO - DAG(s) dict_keys(['example_short_circuit_operator']) retrieved from /usr/local/lib/python3.8/dist-packages/airflow/example_dags/example_short_circuit_operator.py
[2023-09-01T13:11:39.184+0900] {logging_mixin.py:151} INFO - [2023-09-01T13:11:39.183+0900] {dag.py:2907} INFO - Sync 1 DAGs
[2023-09-01T13:11:39.194+0900] {logging_mixin.py:151} INFO - [2023-09-01T13:11:39.194+0900] {dag.py:3677} INFO - Setting next_dagrun for example_short_circuit_operator to 2023-08-31T04:11:39.194592+00:00, run_after=2023-09-01T04:11:39.194592+00:00
[2023-09-01T13:11:39.205+0900] {processor.py:179} INFO - Processing /usr/local/lib/python3.8/dist-packages/airflow/example_dags/example_short_circuit_operator.py took 0.051 seconds
[2023-09-01T13:12:59.909+0900] {processor.py:157} INFO - Started process (PID=5912) to work on /usr/local/lib/python3.8/dist-packages/airflow/example_dags/example_short_circuit_operator.py
[2023-09-01T13:12:59.910+0900] {processor.py:829} INFO - Processing file /usr/local/lib/python3.8/dist-packages/airflow/example_dags/example_short_circuit_operator.py for tasks to queue
[2023-09-01T13:12:59.911+0900] {logging_mixin.py:151} INFO - [2023-09-01T13:12:59.910+0900] {dagbag.py:539} INFO - Filling up the DagBag from /usr/local/lib/python3.8/dist-packages/airflow/example_dags/example_short_circuit_operator.py
[2023-09-01T13:12:59.918+0900] {processor.py:839} INFO - DAG(s) dict_keys(['example_short_circuit_operator']) retrieved from /usr/local/lib/python3.8/dist-packages/airflow/example_dags/example_short_circuit_operator.py
[2023-09-01T13:12:59.931+0900] {logging_mixin.py:151} INFO - [2023-09-01T13:12:59.931+0900] {dag.py:2907} INFO - Sync 1 DAGs
[2023-09-01T13:12:59.941+0900] {logging_mixin.py:151} INFO - [2023-09-01T13:12:59.941+0900] {dag.py:3677} INFO - Setting next_dagrun for example_short_circuit_operator to 2023-08-31T04:12:59.941342+00:00, run_after=2023-09-01T04:12:59.941342+00:00
[2023-09-01T13:12:59.952+0900] {processor.py:179} INFO - Processing /usr/local/lib/python3.8/dist-packages/airflow/example_dags/example_short_circuit_operator.py took 0.046 seconds
[2023-09-01T13:13:43.230+0900] {processor.py:157} INFO - Started process (PID=6363) to work on /usr/local/lib/python3.8/dist-packages/airflow/example_dags/example_short_circuit_operator.py
[2023-09-01T13:13:43.232+0900] {processor.py:829} INFO - Processing file /usr/local/lib/python3.8/dist-packages/airflow/example_dags/example_short_circuit_operator.py for tasks to queue
[2023-09-01T13:13:43.234+0900] {logging_mixin.py:151} INFO - [2023-09-01T13:13:43.233+0900] {dagbag.py:539} INFO - Filling up the DagBag from /usr/local/lib/python3.8/dist-packages/airflow/example_dags/example_short_circuit_operator.py
[2023-09-01T13:13:43.244+0900] {processor.py:839} INFO - DAG(s) dict_keys(['example_short_circuit_operator']) retrieved from /usr/local/lib/python3.8/dist-packages/airflow/example_dags/example_short_circuit_operator.py
[2023-09-01T13:13:43.260+0900] {logging_mixin.py:151} INFO - [2023-09-01T13:13:43.260+0900] {dag.py:2907} INFO - Sync 1 DAGs
[2023-09-01T13:13:43.271+0900] {logging_mixin.py:151} INFO - [2023-09-01T13:13:43.271+0900] {dag.py:3677} INFO - Setting next_dagrun for example_short_circuit_operator to 2023-08-31T04:13:43.271577+00:00, run_after=2023-09-01T04:13:43.271577+00:00
[2023-09-01T13:13:43.282+0900] {processor.py:179} INFO - Processing /usr/local/lib/python3.8/dist-packages/airflow/example_dags/example_short_circuit_operator.py took 0.057 seconds
[2023-09-01T13:14:27.542+0900] {processor.py:157} INFO - Started process (PID=7275) to work on /usr/local/lib/python3.8/dist-packages/airflow/example_dags/example_short_circuit_operator.py
[2023-09-01T13:14:27.544+0900] {processor.py:829} INFO - Processing file /usr/local/lib/python3.8/dist-packages/airflow/example_dags/example_short_circuit_operator.py for tasks to queue
[2023-09-01T13:14:27.545+0900] {logging_mixin.py:151} INFO - [2023-09-01T13:14:27.544+0900] {dagbag.py:539} INFO - Filling up the DagBag from /usr/local/lib/python3.8/dist-packages/airflow/example_dags/example_short_circuit_operator.py
[2023-09-01T13:14:27.552+0900] {processor.py:839} INFO - DAG(s) dict_keys(['example_short_circuit_operator']) retrieved from /usr/local/lib/python3.8/dist-packages/airflow/example_dags/example_short_circuit_operator.py
[2023-09-01T13:14:27.567+0900] {logging_mixin.py:151} INFO - [2023-09-01T13:14:27.567+0900] {dag.py:2907} INFO - Sync 1 DAGs
[2023-09-01T13:14:27.580+0900] {logging_mixin.py:151} INFO - [2023-09-01T13:14:27.580+0900] {dag.py:3677} INFO - Setting next_dagrun for example_short_circuit_operator to 2023-08-31T04:14:27.580560+00:00, run_after=2023-09-01T04:14:27.580560+00:00
[2023-09-01T13:14:27.593+0900] {processor.py:179} INFO - Processing /usr/local/lib/python3.8/dist-packages/airflow/example_dags/example_short_circuit_operator.py took 0.055 seconds
[2023-09-01T13:15:10.596+0900] {processor.py:157} INFO - Started process (PID=7776) to work on /usr/local/lib/python3.8/dist-packages/airflow/example_dags/example_short_circuit_operator.py
[2023-09-01T13:15:10.598+0900] {processor.py:829} INFO - Processing file /usr/local/lib/python3.8/dist-packages/airflow/example_dags/example_short_circuit_operator.py for tasks to queue
[2023-09-01T13:15:10.600+0900] {logging_mixin.py:151} INFO - [2023-09-01T13:15:10.599+0900] {dagbag.py:539} INFO - Filling up the DagBag from /usr/local/lib/python3.8/dist-packages/airflow/example_dags/example_short_circuit_operator.py
[2023-09-01T13:15:10.611+0900] {processor.py:839} INFO - DAG(s) dict_keys(['example_short_circuit_operator']) retrieved from /usr/local/lib/python3.8/dist-packages/airflow/example_dags/example_short_circuit_operator.py
[2023-09-01T13:15:10.629+0900] {logging_mixin.py:151} INFO - [2023-09-01T13:15:10.629+0900] {dag.py:2907} INFO - Sync 1 DAGs
[2023-09-01T13:15:10.642+0900] {logging_mixin.py:151} INFO - [2023-09-01T13:15:10.642+0900] {dag.py:3677} INFO - Setting next_dagrun for example_short_circuit_operator to 2023-08-31T04:15:10.642248+00:00, run_after=2023-09-01T04:15:10.642248+00:00
[2023-09-01T13:15:10.653+0900] {processor.py:179} INFO - Processing /usr/local/lib/python3.8/dist-packages/airflow/example_dags/example_short_circuit_operator.py took 0.061 seconds
[2023-09-01T13:15:54.739+0900] {processor.py:157} INFO - Started process (PID=8243) to work on /usr/local/lib/python3.8/dist-packages/airflow/example_dags/example_short_circuit_operator.py
[2023-09-01T13:15:54.740+0900] {processor.py:829} INFO - Processing file /usr/local/lib/python3.8/dist-packages/airflow/example_dags/example_short_circuit_operator.py for tasks to queue
[2023-09-01T13:15:54.741+0900] {logging_mixin.py:151} INFO - [2023-09-01T13:15:54.740+0900] {dagbag.py:539} INFO - Filling up the DagBag from /usr/local/lib/python3.8/dist-packages/airflow/example_dags/example_short_circuit_operator.py
[2023-09-01T13:15:54.748+0900] {processor.py:839} INFO - DAG(s) dict_keys(['example_short_circuit_operator']) retrieved from /usr/local/lib/python3.8/dist-packages/airflow/example_dags/example_short_circuit_operator.py
[2023-09-01T13:15:54.761+0900] {logging_mixin.py:151} INFO - [2023-09-01T13:15:54.760+0900] {dag.py:2907} INFO - Sync 1 DAGs
[2023-09-01T13:15:54.771+0900] {logging_mixin.py:151} INFO - [2023-09-01T13:15:54.771+0900] {dag.py:3677} INFO - Setting next_dagrun for example_short_circuit_operator to 2023-08-31T04:15:54.771161+00:00, run_after=2023-09-01T04:15:54.771161+00:00
[2023-09-01T13:15:54.781+0900] {processor.py:179} INFO - Processing /usr/local/lib/python3.8/dist-packages/airflow/example_dags/example_short_circuit_operator.py took 0.046 seconds
[2023-09-01T13:16:39.266+0900] {processor.py:157} INFO - Started process (PID=8678) to work on /usr/local/lib/python3.8/dist-packages/airflow/example_dags/example_short_circuit_operator.py
[2023-09-01T13:16:39.268+0900] {processor.py:829} INFO - Processing file /usr/local/lib/python3.8/dist-packages/airflow/example_dags/example_short_circuit_operator.py for tasks to queue
[2023-09-01T13:16:39.269+0900] {logging_mixin.py:151} INFO - [2023-09-01T13:16:39.268+0900] {dagbag.py:539} INFO - Filling up the DagBag from /usr/local/lib/python3.8/dist-packages/airflow/example_dags/example_short_circuit_operator.py
[2023-09-01T13:16:39.280+0900] {processor.py:839} INFO - DAG(s) dict_keys(['example_short_circuit_operator']) retrieved from /usr/local/lib/python3.8/dist-packages/airflow/example_dags/example_short_circuit_operator.py
[2023-09-01T13:16:39.297+0900] {logging_mixin.py:151} INFO - [2023-09-01T13:16:39.297+0900] {dag.py:2907} INFO - Sync 1 DAGs
[2023-09-01T13:16:39.308+0900] {logging_mixin.py:151} INFO - [2023-09-01T13:16:39.308+0900] {dag.py:3677} INFO - Setting next_dagrun for example_short_circuit_operator to 2023-08-31T04:16:39.308105+00:00, run_after=2023-09-01T04:16:39.308105+00:00
[2023-09-01T13:16:39.319+0900] {processor.py:179} INFO - Processing /usr/local/lib/python3.8/dist-packages/airflow/example_dags/example_short_circuit_operator.py took 0.058 seconds
[2023-09-01T13:17:26.152+0900] {processor.py:157} INFO - Started process (PID=9135) to work on /usr/local/lib/python3.8/dist-packages/airflow/example_dags/example_short_circuit_operator.py
[2023-09-01T13:17:26.154+0900] {processor.py:829} INFO - Processing file /usr/local/lib/python3.8/dist-packages/airflow/example_dags/example_short_circuit_operator.py for tasks to queue
[2023-09-01T13:17:26.155+0900] {logging_mixin.py:151} INFO - [2023-09-01T13:17:26.154+0900] {dagbag.py:539} INFO - Filling up the DagBag from /usr/local/lib/python3.8/dist-packages/airflow/example_dags/example_short_circuit_operator.py
[2023-09-01T13:17:26.165+0900] {processor.py:839} INFO - DAG(s) dict_keys(['example_short_circuit_operator']) retrieved from /usr/local/lib/python3.8/dist-packages/airflow/example_dags/example_short_circuit_operator.py
[2023-09-01T13:17:26.178+0900] {logging_mixin.py:151} INFO - [2023-09-01T13:17:26.178+0900] {dag.py:2907} INFO - Sync 1 DAGs
[2023-09-01T13:17:26.192+0900] {logging_mixin.py:151} INFO - [2023-09-01T13:17:26.191+0900] {dag.py:3677} INFO - Setting next_dagrun for example_short_circuit_operator to 2023-08-31T04:17:26.191790+00:00, run_after=2023-09-01T04:17:26.191790+00:00
[2023-09-01T13:17:26.203+0900] {processor.py:179} INFO - Processing /usr/local/lib/python3.8/dist-packages/airflow/example_dags/example_short_circuit_operator.py took 0.055 seconds
[2023-09-01T13:18:12.133+0900] {processor.py:157} INFO - Started process (PID=9610) to work on /usr/local/lib/python3.8/dist-packages/airflow/example_dags/example_short_circuit_operator.py
[2023-09-01T13:18:12.135+0900] {processor.py:829} INFO - Processing file /usr/local/lib/python3.8/dist-packages/airflow/example_dags/example_short_circuit_operator.py for tasks to queue
[2023-09-01T13:18:12.136+0900] {logging_mixin.py:151} INFO - [2023-09-01T13:18:12.135+0900] {dagbag.py:539} INFO - Filling up the DagBag from /usr/local/lib/python3.8/dist-packages/airflow/example_dags/example_short_circuit_operator.py
[2023-09-01T13:18:12.147+0900] {processor.py:839} INFO - DAG(s) dict_keys(['example_short_circuit_operator']) retrieved from /usr/local/lib/python3.8/dist-packages/airflow/example_dags/example_short_circuit_operator.py
[2023-09-01T13:18:12.163+0900] {logging_mixin.py:151} INFO - [2023-09-01T13:18:12.163+0900] {dag.py:2907} INFO - Sync 1 DAGs
[2023-09-01T13:18:12.176+0900] {logging_mixin.py:151} INFO - [2023-09-01T13:18:12.175+0900] {dag.py:3677} INFO - Setting next_dagrun for example_short_circuit_operator to 2023-08-31T04:18:12.175742+00:00, run_after=2023-09-01T04:18:12.175742+00:00
[2023-09-01T13:18:12.186+0900] {processor.py:179} INFO - Processing /usr/local/lib/python3.8/dist-packages/airflow/example_dags/example_short_circuit_operator.py took 0.057 seconds
[2023-09-01T13:18:57.573+0900] {processor.py:157} INFO - Started process (PID=10059) to work on /usr/local/lib/python3.8/dist-packages/airflow/example_dags/example_short_circuit_operator.py
[2023-09-01T13:18:57.574+0900] {processor.py:829} INFO - Processing file /usr/local/lib/python3.8/dist-packages/airflow/example_dags/example_short_circuit_operator.py for tasks to queue
[2023-09-01T13:18:57.576+0900] {logging_mixin.py:151} INFO - [2023-09-01T13:18:57.575+0900] {dagbag.py:539} INFO - Filling up the DagBag from /usr/local/lib/python3.8/dist-packages/airflow/example_dags/example_short_circuit_operator.py
[2023-09-01T13:18:57.587+0900] {processor.py:839} INFO - DAG(s) dict_keys(['example_short_circuit_operator']) retrieved from /usr/local/lib/python3.8/dist-packages/airflow/example_dags/example_short_circuit_operator.py
[2023-09-01T13:18:57.605+0900] {logging_mixin.py:151} INFO - [2023-09-01T13:18:57.605+0900] {dag.py:2907} INFO - Sync 1 DAGs
[2023-09-01T13:18:57.617+0900] {logging_mixin.py:151} INFO - [2023-09-01T13:18:57.617+0900] {dag.py:3677} INFO - Setting next_dagrun for example_short_circuit_operator to 2023-08-31T04:18:57.617557+00:00, run_after=2023-09-01T04:18:57.617557+00:00
[2023-09-01T13:18:57.628+0900] {processor.py:179} INFO - Processing /usr/local/lib/python3.8/dist-packages/airflow/example_dags/example_short_circuit_operator.py took 0.062 seconds
[2023-09-01T13:19:42.983+0900] {processor.py:157} INFO - Started process (PID=10501) to work on /usr/local/lib/python3.8/dist-packages/airflow/example_dags/example_short_circuit_operator.py
[2023-09-01T13:19:42.985+0900] {processor.py:829} INFO - Processing file /usr/local/lib/python3.8/dist-packages/airflow/example_dags/example_short_circuit_operator.py for tasks to queue
[2023-09-01T13:19:42.987+0900] {logging_mixin.py:151} INFO - [2023-09-01T13:19:42.986+0900] {dagbag.py:539} INFO - Filling up the DagBag from /usr/local/lib/python3.8/dist-packages/airflow/example_dags/example_short_circuit_operator.py
[2023-09-01T13:19:42.998+0900] {processor.py:839} INFO - DAG(s) dict_keys(['example_short_circuit_operator']) retrieved from /usr/local/lib/python3.8/dist-packages/airflow/example_dags/example_short_circuit_operator.py
[2023-09-01T13:19:43.015+0900] {logging_mixin.py:151} INFO - [2023-09-01T13:19:43.015+0900] {dag.py:2907} INFO - Sync 1 DAGs
[2023-09-01T13:19:43.027+0900] {logging_mixin.py:151} INFO - [2023-09-01T13:19:43.027+0900] {dag.py:3677} INFO - Setting next_dagrun for example_short_circuit_operator to 2023-08-31T04:19:43.027489+00:00, run_after=2023-09-01T04:19:43.027489+00:00
[2023-09-01T13:19:43.038+0900] {processor.py:179} INFO - Processing /usr/local/lib/python3.8/dist-packages/airflow/example_dags/example_short_circuit_operator.py took 0.061 seconds
[2023-09-01T13:20:24.985+0900] {processor.py:157} INFO - Started process (PID=10914) to work on /usr/local/lib/python3.8/dist-packages/airflow/example_dags/example_short_circuit_operator.py
[2023-09-01T13:20:24.986+0900] {processor.py:829} INFO - Processing file /usr/local/lib/python3.8/dist-packages/airflow/example_dags/example_short_circuit_operator.py for tasks to queue
[2023-09-01T13:20:24.987+0900] {logging_mixin.py:151} INFO - [2023-09-01T13:20:24.986+0900] {dagbag.py:539} INFO - Filling up the DagBag from /usr/local/lib/python3.8/dist-packages/airflow/example_dags/example_short_circuit_operator.py
[2023-09-01T13:20:24.993+0900] {processor.py:839} INFO - DAG(s) dict_keys(['example_short_circuit_operator']) retrieved from /usr/local/lib/python3.8/dist-packages/airflow/example_dags/example_short_circuit_operator.py
[2023-09-01T13:20:25.005+0900] {logging_mixin.py:151} INFO - [2023-09-01T13:20:25.005+0900] {dag.py:2907} INFO - Sync 1 DAGs
[2023-09-01T13:20:25.017+0900] {logging_mixin.py:151} INFO - [2023-09-01T13:20:25.017+0900] {dag.py:3677} INFO - Setting next_dagrun for example_short_circuit_operator to 2023-08-31T04:20:25.017632+00:00, run_after=2023-09-01T04:20:25.017632+00:00
[2023-09-01T13:20:25.028+0900] {processor.py:179} INFO - Processing /usr/local/lib/python3.8/dist-packages/airflow/example_dags/example_short_circuit_operator.py took 0.046 seconds
[2023-09-01T13:21:22.424+0900] {processor.py:157} INFO - Started process (PID=11409) to work on /usr/local/lib/python3.8/dist-packages/airflow/example_dags/example_short_circuit_operator.py
[2023-09-01T13:21:22.426+0900] {processor.py:829} INFO - Processing file /usr/local/lib/python3.8/dist-packages/airflow/example_dags/example_short_circuit_operator.py for tasks to queue
[2023-09-01T13:21:22.427+0900] {logging_mixin.py:151} INFO - [2023-09-01T13:21:22.426+0900] {dagbag.py:539} INFO - Filling up the DagBag from /usr/local/lib/python3.8/dist-packages/airflow/example_dags/example_short_circuit_operator.py
[2023-09-01T13:21:22.438+0900] {processor.py:839} INFO - DAG(s) dict_keys(['example_short_circuit_operator']) retrieved from /usr/local/lib/python3.8/dist-packages/airflow/example_dags/example_short_circuit_operator.py
[2023-09-01T13:21:22.455+0900] {logging_mixin.py:151} INFO - [2023-09-01T13:21:22.455+0900] {dag.py:2907} INFO - Sync 1 DAGs
[2023-09-01T13:21:22.468+0900] {logging_mixin.py:151} INFO - [2023-09-01T13:21:22.468+0900] {dag.py:3677} INFO - Setting next_dagrun for example_short_circuit_operator to 2023-08-31T04:21:22.468037+00:00, run_after=2023-09-01T04:21:22.468037+00:00
[2023-09-01T13:21:22.478+0900] {processor.py:179} INFO - Processing /usr/local/lib/python3.8/dist-packages/airflow/example_dags/example_short_circuit_operator.py took 0.059 seconds
[2023-09-01T13:22:13.858+0900] {processor.py:157} INFO - Started process (PID=11897) to work on /usr/local/lib/python3.8/dist-packages/airflow/example_dags/example_short_circuit_operator.py
[2023-09-01T13:22:13.859+0900] {processor.py:829} INFO - Processing file /usr/local/lib/python3.8/dist-packages/airflow/example_dags/example_short_circuit_operator.py for tasks to queue
[2023-09-01T13:22:13.861+0900] {logging_mixin.py:151} INFO - [2023-09-01T13:22:13.860+0900] {dagbag.py:539} INFO - Filling up the DagBag from /usr/local/lib/python3.8/dist-packages/airflow/example_dags/example_short_circuit_operator.py
[2023-09-01T13:22:13.873+0900] {processor.py:839} INFO - DAG(s) dict_keys(['example_short_circuit_operator']) retrieved from /usr/local/lib/python3.8/dist-packages/airflow/example_dags/example_short_circuit_operator.py
[2023-09-01T13:22:13.891+0900] {logging_mixin.py:151} INFO - [2023-09-01T13:22:13.891+0900] {dag.py:2907} INFO - Sync 1 DAGs
[2023-09-01T13:22:13.905+0900] {logging_mixin.py:151} INFO - [2023-09-01T13:22:13.905+0900] {dag.py:3677} INFO - Setting next_dagrun for example_short_circuit_operator to 2023-08-31T04:22:13.905570+00:00, run_after=2023-09-01T04:22:13.905570+00:00
[2023-09-01T13:22:13.916+0900] {processor.py:179} INFO - Processing /usr/local/lib/python3.8/dist-packages/airflow/example_dags/example_short_circuit_operator.py took 0.065 seconds
[2023-09-01T13:22:56.989+0900] {processor.py:157} INFO - Started process (PID=12323) to work on /usr/local/lib/python3.8/dist-packages/airflow/example_dags/example_short_circuit_operator.py
[2023-09-01T13:22:56.990+0900] {processor.py:829} INFO - Processing file /usr/local/lib/python3.8/dist-packages/airflow/example_dags/example_short_circuit_operator.py for tasks to queue
[2023-09-01T13:22:56.991+0900] {logging_mixin.py:151} INFO - [2023-09-01T13:22:56.991+0900] {dagbag.py:539} INFO - Filling up the DagBag from /usr/local/lib/python3.8/dist-packages/airflow/example_dags/example_short_circuit_operator.py
[2023-09-01T13:22:57.002+0900] {processor.py:839} INFO - DAG(s) dict_keys(['example_short_circuit_operator']) retrieved from /usr/local/lib/python3.8/dist-packages/airflow/example_dags/example_short_circuit_operator.py
[2023-09-01T13:22:57.018+0900] {logging_mixin.py:151} INFO - [2023-09-01T13:22:57.018+0900] {dag.py:2907} INFO - Sync 1 DAGs
[2023-09-01T13:22:57.029+0900] {logging_mixin.py:151} INFO - [2023-09-01T13:22:57.029+0900] {dag.py:3677} INFO - Setting next_dagrun for example_short_circuit_operator to 2023-08-31T04:22:57.029637+00:00, run_after=2023-09-01T04:22:57.029637+00:00
[2023-09-01T13:22:57.040+0900] {processor.py:179} INFO - Processing /usr/local/lib/python3.8/dist-packages/airflow/example_dags/example_short_circuit_operator.py took 0.056 seconds
[2023-09-01T13:23:39.635+0900] {processor.py:157} INFO - Started process (PID=12769) to work on /usr/local/lib/python3.8/dist-packages/airflow/example_dags/example_short_circuit_operator.py
[2023-09-01T13:23:39.636+0900] {processor.py:829} INFO - Processing file /usr/local/lib/python3.8/dist-packages/airflow/example_dags/example_short_circuit_operator.py for tasks to queue
[2023-09-01T13:23:39.638+0900] {logging_mixin.py:151} INFO - [2023-09-01T13:23:39.637+0900] {dagbag.py:539} INFO - Filling up the DagBag from /usr/local/lib/python3.8/dist-packages/airflow/example_dags/example_short_circuit_operator.py
[2023-09-01T13:23:39.650+0900] {processor.py:839} INFO - DAG(s) dict_keys(['example_short_circuit_operator']) retrieved from /usr/local/lib/python3.8/dist-packages/airflow/example_dags/example_short_circuit_operator.py
[2023-09-01T13:23:39.668+0900] {logging_mixin.py:151} INFO - [2023-09-01T13:23:39.668+0900] {dag.py:2907} INFO - Sync 1 DAGs
[2023-09-01T13:23:39.681+0900] {logging_mixin.py:151} INFO - [2023-09-01T13:23:39.681+0900] {dag.py:3677} INFO - Setting next_dagrun for example_short_circuit_operator to 2023-08-31T04:23:39.681453+00:00, run_after=2023-09-01T04:23:39.681453+00:00
[2023-09-01T13:23:39.692+0900] {processor.py:179} INFO - Processing /usr/local/lib/python3.8/dist-packages/airflow/example_dags/example_short_circuit_operator.py took 0.063 seconds
[2023-09-01T13:24:22.954+0900] {processor.py:157} INFO - Started process (PID=13187) to work on /usr/local/lib/python3.8/dist-packages/airflow/example_dags/example_short_circuit_operator.py
[2023-09-01T13:24:22.955+0900] {processor.py:829} INFO - Processing file /usr/local/lib/python3.8/dist-packages/airflow/example_dags/example_short_circuit_operator.py for tasks to queue
[2023-09-01T13:24:22.956+0900] {logging_mixin.py:151} INFO - [2023-09-01T13:24:22.955+0900] {dagbag.py:539} INFO - Filling up the DagBag from /usr/local/lib/python3.8/dist-packages/airflow/example_dags/example_short_circuit_operator.py
[2023-09-01T13:24:22.961+0900] {processor.py:839} INFO - DAG(s) dict_keys(['example_short_circuit_operator']) retrieved from /usr/local/lib/python3.8/dist-packages/airflow/example_dags/example_short_circuit_operator.py
[2023-09-01T13:24:22.976+0900] {logging_mixin.py:151} INFO - [2023-09-01T13:24:22.976+0900] {dag.py:2907} INFO - Sync 1 DAGs
[2023-09-01T13:24:22.986+0900] {logging_mixin.py:151} INFO - [2023-09-01T13:24:22.986+0900] {dag.py:3677} INFO - Setting next_dagrun for example_short_circuit_operator to 2023-08-31T04:24:22.986174+00:00, run_after=2023-09-01T04:24:22.986174+00:00
[2023-09-01T13:24:22.996+0900] {processor.py:179} INFO - Processing /usr/local/lib/python3.8/dist-packages/airflow/example_dags/example_short_circuit_operator.py took 0.044 seconds
[2023-09-01T13:25:09.730+0900] {processor.py:157} INFO - Started process (PID=14111) to work on /usr/local/lib/python3.8/dist-packages/airflow/example_dags/example_short_circuit_operator.py
[2023-09-01T13:25:09.732+0900] {processor.py:829} INFO - Processing file /usr/local/lib/python3.8/dist-packages/airflow/example_dags/example_short_circuit_operator.py for tasks to queue
[2023-09-01T13:25:09.734+0900] {logging_mixin.py:151} INFO - [2023-09-01T13:25:09.733+0900] {dagbag.py:539} INFO - Filling up the DagBag from /usr/local/lib/python3.8/dist-packages/airflow/example_dags/example_short_circuit_operator.py
[2023-09-01T13:25:09.746+0900] {processor.py:839} INFO - DAG(s) dict_keys(['example_short_circuit_operator']) retrieved from /usr/local/lib/python3.8/dist-packages/airflow/example_dags/example_short_circuit_operator.py
[2023-09-01T13:25:09.764+0900] {logging_mixin.py:151} INFO - [2023-09-01T13:25:09.763+0900] {dag.py:2907} INFO - Sync 1 DAGs
[2023-09-01T13:25:09.777+0900] {logging_mixin.py:151} INFO - [2023-09-01T13:25:09.777+0900] {dag.py:3677} INFO - Setting next_dagrun for example_short_circuit_operator to 2023-08-31T04:25:09.777349+00:00, run_after=2023-09-01T04:25:09.777349+00:00
[2023-09-01T13:25:09.789+0900] {processor.py:179} INFO - Processing /usr/local/lib/python3.8/dist-packages/airflow/example_dags/example_short_circuit_operator.py took 0.064 seconds
[2023-09-01T13:26:02.284+0900] {processor.py:157} INFO - Started process (PID=14460) to work on /usr/local/lib/python3.8/dist-packages/airflow/example_dags/example_short_circuit_operator.py
[2023-09-01T13:26:02.285+0900] {processor.py:829} INFO - Processing file /usr/local/lib/python3.8/dist-packages/airflow/example_dags/example_short_circuit_operator.py for tasks to queue
[2023-09-01T13:26:02.287+0900] {logging_mixin.py:151} INFO - [2023-09-01T13:26:02.286+0900] {dagbag.py:539} INFO - Filling up the DagBag from /usr/local/lib/python3.8/dist-packages/airflow/example_dags/example_short_circuit_operator.py
[2023-09-01T13:26:02.299+0900] {processor.py:839} INFO - DAG(s) dict_keys(['example_short_circuit_operator']) retrieved from /usr/local/lib/python3.8/dist-packages/airflow/example_dags/example_short_circuit_operator.py
[2023-09-01T13:26:02.318+0900] {logging_mixin.py:151} INFO - [2023-09-01T13:26:02.318+0900] {dag.py:2907} INFO - Sync 1 DAGs
[2023-09-01T13:26:02.331+0900] {logging_mixin.py:151} INFO - [2023-09-01T13:26:02.331+0900] {dag.py:3677} INFO - Setting next_dagrun for example_short_circuit_operator to 2023-08-31T04:26:02.331282+00:00, run_after=2023-09-01T04:26:02.331282+00:00
[2023-09-01T13:26:02.343+0900] {processor.py:179} INFO - Processing /usr/local/lib/python3.8/dist-packages/airflow/example_dags/example_short_circuit_operator.py took 0.063 seconds
[2023-09-01T13:26:46.853+0900] {processor.py:157} INFO - Started process (PID=14879) to work on /usr/local/lib/python3.8/dist-packages/airflow/example_dags/example_short_circuit_operator.py
[2023-09-01T13:26:46.854+0900] {processor.py:829} INFO - Processing file /usr/local/lib/python3.8/dist-packages/airflow/example_dags/example_short_circuit_operator.py for tasks to queue
[2023-09-01T13:26:46.856+0900] {logging_mixin.py:151} INFO - [2023-09-01T13:26:46.855+0900] {dagbag.py:539} INFO - Filling up the DagBag from /usr/local/lib/python3.8/dist-packages/airflow/example_dags/example_short_circuit_operator.py
[2023-09-01T13:26:46.866+0900] {processor.py:839} INFO - DAG(s) dict_keys(['example_short_circuit_operator']) retrieved from /usr/local/lib/python3.8/dist-packages/airflow/example_dags/example_short_circuit_operator.py
[2023-09-01T13:26:46.882+0900] {logging_mixin.py:151} INFO - [2023-09-01T13:26:46.882+0900] {dag.py:2907} INFO - Sync 1 DAGs
[2023-09-01T13:26:46.893+0900] {logging_mixin.py:151} INFO - [2023-09-01T13:26:46.893+0900] {dag.py:3677} INFO - Setting next_dagrun for example_short_circuit_operator to 2023-08-31T04:26:46.893422+00:00, run_after=2023-09-01T04:26:46.893422+00:00
[2023-09-01T13:26:46.904+0900] {processor.py:179} INFO - Processing /usr/local/lib/python3.8/dist-packages/airflow/example_dags/example_short_circuit_operator.py took 0.055 seconds
[2023-09-01T13:27:30.245+0900] {processor.py:157} INFO - Started process (PID=15304) to work on /usr/local/lib/python3.8/dist-packages/airflow/example_dags/example_short_circuit_operator.py
[2023-09-01T13:27:30.246+0900] {processor.py:829} INFO - Processing file /usr/local/lib/python3.8/dist-packages/airflow/example_dags/example_short_circuit_operator.py for tasks to queue
[2023-09-01T13:27:30.247+0900] {logging_mixin.py:151} INFO - [2023-09-01T13:27:30.247+0900] {dagbag.py:539} INFO - Filling up the DagBag from /usr/local/lib/python3.8/dist-packages/airflow/example_dags/example_short_circuit_operator.py
[2023-09-01T13:27:30.253+0900] {processor.py:839} INFO - DAG(s) dict_keys(['example_short_circuit_operator']) retrieved from /usr/local/lib/python3.8/dist-packages/airflow/example_dags/example_short_circuit_operator.py
[2023-09-01T13:27:30.264+0900] {logging_mixin.py:151} INFO - [2023-09-01T13:27:30.264+0900] {dag.py:2907} INFO - Sync 1 DAGs
[2023-09-01T13:27:30.274+0900] {logging_mixin.py:151} INFO - [2023-09-01T13:27:30.274+0900] {dag.py:3677} INFO - Setting next_dagrun for example_short_circuit_operator to 2023-08-31T04:27:30.273966+00:00, run_after=2023-09-01T04:27:30.273966+00:00
[2023-09-01T13:27:30.283+0900] {processor.py:179} INFO - Processing /usr/local/lib/python3.8/dist-packages/airflow/example_dags/example_short_circuit_operator.py took 0.040 seconds
[2023-09-01T13:28:14.325+0900] {processor.py:157} INFO - Started process (PID=15733) to work on /usr/local/lib/python3.8/dist-packages/airflow/example_dags/example_short_circuit_operator.py
[2023-09-01T13:28:14.327+0900] {processor.py:829} INFO - Processing file /usr/local/lib/python3.8/dist-packages/airflow/example_dags/example_short_circuit_operator.py for tasks to queue
[2023-09-01T13:28:14.328+0900] {logging_mixin.py:151} INFO - [2023-09-01T13:28:14.327+0900] {dagbag.py:539} INFO - Filling up the DagBag from /usr/local/lib/python3.8/dist-packages/airflow/example_dags/example_short_circuit_operator.py
[2023-09-01T13:28:14.338+0900] {processor.py:839} INFO - DAG(s) dict_keys(['example_short_circuit_operator']) retrieved from /usr/local/lib/python3.8/dist-packages/airflow/example_dags/example_short_circuit_operator.py
[2023-09-01T13:28:14.354+0900] {logging_mixin.py:151} INFO - [2023-09-01T13:28:14.354+0900] {dag.py:2907} INFO - Sync 1 DAGs
[2023-09-01T13:28:14.365+0900] {logging_mixin.py:151} INFO - [2023-09-01T13:28:14.365+0900] {dag.py:3677} INFO - Setting next_dagrun for example_short_circuit_operator to 2023-08-31T04:28:14.365623+00:00, run_after=2023-09-01T04:28:14.365623+00:00
[2023-09-01T13:28:14.375+0900] {processor.py:179} INFO - Processing /usr/local/lib/python3.8/dist-packages/airflow/example_dags/example_short_circuit_operator.py took 0.055 seconds
[2023-09-01T13:29:01.884+0900] {processor.py:157} INFO - Started process (PID=16221) to work on /usr/local/lib/python3.8/dist-packages/airflow/example_dags/example_short_circuit_operator.py
[2023-09-01T13:29:01.886+0900] {processor.py:829} INFO - Processing file /usr/local/lib/python3.8/dist-packages/airflow/example_dags/example_short_circuit_operator.py for tasks to queue
[2023-09-01T13:29:01.888+0900] {logging_mixin.py:151} INFO - [2023-09-01T13:29:01.887+0900] {dagbag.py:539} INFO - Filling up the DagBag from /usr/local/lib/python3.8/dist-packages/airflow/example_dags/example_short_circuit_operator.py
[2023-09-01T13:29:01.898+0900] {processor.py:839} INFO - DAG(s) dict_keys(['example_short_circuit_operator']) retrieved from /usr/local/lib/python3.8/dist-packages/airflow/example_dags/example_short_circuit_operator.py
[2023-09-01T13:29:01.914+0900] {logging_mixin.py:151} INFO - [2023-09-01T13:29:01.914+0900] {dag.py:2907} INFO - Sync 1 DAGs
[2023-09-01T13:29:01.926+0900] {logging_mixin.py:151} INFO - [2023-09-01T13:29:01.926+0900] {dag.py:3677} INFO - Setting next_dagrun for example_short_circuit_operator to 2023-08-31T04:29:01.926044+00:00, run_after=2023-09-01T04:29:01.926044+00:00
[2023-09-01T13:29:01.936+0900] {processor.py:179} INFO - Processing /usr/local/lib/python3.8/dist-packages/airflow/example_dags/example_short_circuit_operator.py took 0.057 seconds
[2023-09-01T13:29:45.957+0900] {processor.py:157} INFO - Started process (PID=16637) to work on /usr/local/lib/python3.8/dist-packages/airflow/example_dags/example_short_circuit_operator.py
[2023-09-01T13:29:45.959+0900] {processor.py:829} INFO - Processing file /usr/local/lib/python3.8/dist-packages/airflow/example_dags/example_short_circuit_operator.py for tasks to queue
[2023-09-01T13:29:45.960+0900] {logging_mixin.py:151} INFO - [2023-09-01T13:29:45.959+0900] {dagbag.py:539} INFO - Filling up the DagBag from /usr/local/lib/python3.8/dist-packages/airflow/example_dags/example_short_circuit_operator.py
[2023-09-01T13:29:45.969+0900] {processor.py:839} INFO - DAG(s) dict_keys(['example_short_circuit_operator']) retrieved from /usr/local/lib/python3.8/dist-packages/airflow/example_dags/example_short_circuit_operator.py
[2023-09-01T13:29:45.987+0900] {logging_mixin.py:151} INFO - [2023-09-01T13:29:45.987+0900] {dag.py:2907} INFO - Sync 1 DAGs
[2023-09-01T13:29:46.001+0900] {logging_mixin.py:151} INFO - [2023-09-01T13:29:46.001+0900] {dag.py:3677} INFO - Setting next_dagrun for example_short_circuit_operator to 2023-08-31T04:29:46.001177+00:00, run_after=2023-09-01T04:29:46.001177+00:00
[2023-09-01T13:29:46.012+0900] {processor.py:179} INFO - Processing /usr/local/lib/python3.8/dist-packages/airflow/example_dags/example_short_circuit_operator.py took 0.059 seconds
[2023-09-01T13:30:30.747+0900] {processor.py:157} INFO - Started process (PID=17076) to work on /usr/local/lib/python3.8/dist-packages/airflow/example_dags/example_short_circuit_operator.py
[2023-09-01T13:30:30.748+0900] {processor.py:829} INFO - Processing file /usr/local/lib/python3.8/dist-packages/airflow/example_dags/example_short_circuit_operator.py for tasks to queue
[2023-09-01T13:30:30.749+0900] {logging_mixin.py:151} INFO - [2023-09-01T13:30:30.748+0900] {dagbag.py:539} INFO - Filling up the DagBag from /usr/local/lib/python3.8/dist-packages/airflow/example_dags/example_short_circuit_operator.py
[2023-09-01T13:30:30.758+0900] {processor.py:839} INFO - DAG(s) dict_keys(['example_short_circuit_operator']) retrieved from /usr/local/lib/python3.8/dist-packages/airflow/example_dags/example_short_circuit_operator.py
[2023-09-01T13:30:30.775+0900] {logging_mixin.py:151} INFO - [2023-09-01T13:30:30.775+0900] {dag.py:2907} INFO - Sync 1 DAGs
[2023-09-01T13:30:30.787+0900] {logging_mixin.py:151} INFO - [2023-09-01T13:30:30.787+0900] {dag.py:3677} INFO - Setting next_dagrun for example_short_circuit_operator to 2023-08-31T04:30:30.787365+00:00, run_after=2023-09-01T04:30:30.787365+00:00
[2023-09-01T13:30:30.798+0900] {processor.py:179} INFO - Processing /usr/local/lib/python3.8/dist-packages/airflow/example_dags/example_short_circuit_operator.py took 0.056 seconds
[2023-09-01T13:31:17.541+0900] {processor.py:157} INFO - Started process (PID=17531) to work on /usr/local/lib/python3.8/dist-packages/airflow/example_dags/example_short_circuit_operator.py
[2023-09-01T13:31:17.542+0900] {processor.py:829} INFO - Processing file /usr/local/lib/python3.8/dist-packages/airflow/example_dags/example_short_circuit_operator.py for tasks to queue
[2023-09-01T13:31:17.544+0900] {logging_mixin.py:151} INFO - [2023-09-01T13:31:17.543+0900] {dagbag.py:539} INFO - Filling up the DagBag from /usr/local/lib/python3.8/dist-packages/airflow/example_dags/example_short_circuit_operator.py
[2023-09-01T13:31:17.556+0900] {processor.py:839} INFO - DAG(s) dict_keys(['example_short_circuit_operator']) retrieved from /usr/local/lib/python3.8/dist-packages/airflow/example_dags/example_short_circuit_operator.py
[2023-09-01T13:31:17.574+0900] {logging_mixin.py:151} INFO - [2023-09-01T13:31:17.574+0900] {dag.py:2907} INFO - Sync 1 DAGs
[2023-09-01T13:31:17.586+0900] {logging_mixin.py:151} INFO - [2023-09-01T13:31:17.586+0900] {dag.py:3677} INFO - Setting next_dagrun for example_short_circuit_operator to 2023-08-31T04:31:17.586573+00:00, run_after=2023-09-01T04:31:17.586573+00:00
[2023-09-01T13:31:17.598+0900] {processor.py:179} INFO - Processing /usr/local/lib/python3.8/dist-packages/airflow/example_dags/example_short_circuit_operator.py took 0.063 seconds
[2023-09-01T13:32:01.960+0900] {processor.py:157} INFO - Started process (PID=17959) to work on /usr/local/lib/python3.8/dist-packages/airflow/example_dags/example_short_circuit_operator.py
[2023-09-01T13:32:01.962+0900] {processor.py:829} INFO - Processing file /usr/local/lib/python3.8/dist-packages/airflow/example_dags/example_short_circuit_operator.py for tasks to queue
[2023-09-01T13:32:01.964+0900] {logging_mixin.py:151} INFO - [2023-09-01T13:32:01.963+0900] {dagbag.py:539} INFO - Filling up the DagBag from /usr/local/lib/python3.8/dist-packages/airflow/example_dags/example_short_circuit_operator.py
[2023-09-01T13:32:01.974+0900] {processor.py:839} INFO - DAG(s) dict_keys(['example_short_circuit_operator']) retrieved from /usr/local/lib/python3.8/dist-packages/airflow/example_dags/example_short_circuit_operator.py
[2023-09-01T13:32:01.992+0900] {logging_mixin.py:151} INFO - [2023-09-01T13:32:01.992+0900] {dag.py:2907} INFO - Sync 1 DAGs
[2023-09-01T13:32:02.006+0900] {logging_mixin.py:151} INFO - [2023-09-01T13:32:02.005+0900] {dag.py:3677} INFO - Setting next_dagrun for example_short_circuit_operator to 2023-08-31T04:32:02.005728+00:00, run_after=2023-09-01T04:32:02.005728+00:00
[2023-09-01T13:32:02.017+0900] {processor.py:179} INFO - Processing /usr/local/lib/python3.8/dist-packages/airflow/example_dags/example_short_circuit_operator.py took 0.062 seconds
[2023-09-01T13:32:46.500+0900] {processor.py:157} INFO - Started process (PID=18389) to work on /usr/local/lib/python3.8/dist-packages/airflow/example_dags/example_short_circuit_operator.py
[2023-09-01T13:32:46.501+0900] {processor.py:829} INFO - Processing file /usr/local/lib/python3.8/dist-packages/airflow/example_dags/example_short_circuit_operator.py for tasks to queue
[2023-09-01T13:32:46.502+0900] {logging_mixin.py:151} INFO - [2023-09-01T13:32:46.501+0900] {dagbag.py:539} INFO - Filling up the DagBag from /usr/local/lib/python3.8/dist-packages/airflow/example_dags/example_short_circuit_operator.py
[2023-09-01T13:32:46.509+0900] {processor.py:839} INFO - DAG(s) dict_keys(['example_short_circuit_operator']) retrieved from /usr/local/lib/python3.8/dist-packages/airflow/example_dags/example_short_circuit_operator.py
[2023-09-01T13:32:46.524+0900] {logging_mixin.py:151} INFO - [2023-09-01T13:32:46.523+0900] {dag.py:2907} INFO - Sync 1 DAGs
[2023-09-01T13:32:46.537+0900] {logging_mixin.py:151} INFO - [2023-09-01T13:32:46.537+0900] {dag.py:3677} INFO - Setting next_dagrun for example_short_circuit_operator to 2023-08-31T04:32:46.537095+00:00, run_after=2023-09-01T04:32:46.537095+00:00
[2023-09-01T13:32:46.551+0900] {processor.py:179} INFO - Processing /usr/local/lib/python3.8/dist-packages/airflow/example_dags/example_short_circuit_operator.py took 0.057 seconds
[2023-09-01T13:33:34.556+0900] {processor.py:157} INFO - Started process (PID=18851) to work on /usr/local/lib/python3.8/dist-packages/airflow/example_dags/example_short_circuit_operator.py
[2023-09-01T13:33:34.558+0900] {processor.py:829} INFO - Processing file /usr/local/lib/python3.8/dist-packages/airflow/example_dags/example_short_circuit_operator.py for tasks to queue
[2023-09-01T13:33:34.559+0900] {logging_mixin.py:151} INFO - [2023-09-01T13:33:34.558+0900] {dagbag.py:539} INFO - Filling up the DagBag from /usr/local/lib/python3.8/dist-packages/airflow/example_dags/example_short_circuit_operator.py
[2023-09-01T13:33:34.571+0900] {processor.py:839} INFO - DAG(s) dict_keys(['example_short_circuit_operator']) retrieved from /usr/local/lib/python3.8/dist-packages/airflow/example_dags/example_short_circuit_operator.py
[2023-09-01T13:33:34.588+0900] {logging_mixin.py:151} INFO - [2023-09-01T13:33:34.588+0900] {dag.py:2907} INFO - Sync 1 DAGs
[2023-09-01T13:33:34.601+0900] {logging_mixin.py:151} INFO - [2023-09-01T13:33:34.601+0900] {dag.py:3677} INFO - Setting next_dagrun for example_short_circuit_operator to 2023-08-31T04:33:34.601158+00:00, run_after=2023-09-01T04:33:34.601158+00:00
[2023-09-01T13:33:34.612+0900] {processor.py:179} INFO - Processing /usr/local/lib/python3.8/dist-packages/airflow/example_dags/example_short_circuit_operator.py took 0.062 seconds
[2023-09-01T13:34:17.891+0900] {processor.py:157} INFO - Started process (PID=19304) to work on /usr/local/lib/python3.8/dist-packages/airflow/example_dags/example_short_circuit_operator.py
[2023-09-01T13:34:17.893+0900] {processor.py:829} INFO - Processing file /usr/local/lib/python3.8/dist-packages/airflow/example_dags/example_short_circuit_operator.py for tasks to queue
[2023-09-01T13:34:17.894+0900] {logging_mixin.py:151} INFO - [2023-09-01T13:34:17.893+0900] {dagbag.py:539} INFO - Filling up the DagBag from /usr/local/lib/python3.8/dist-packages/airflow/example_dags/example_short_circuit_operator.py
[2023-09-01T13:34:17.904+0900] {processor.py:839} INFO - DAG(s) dict_keys(['example_short_circuit_operator']) retrieved from /usr/local/lib/python3.8/dist-packages/airflow/example_dags/example_short_circuit_operator.py
[2023-09-01T13:34:17.920+0900] {logging_mixin.py:151} INFO - [2023-09-01T13:34:17.920+0900] {dag.py:2907} INFO - Sync 1 DAGs
[2023-09-01T13:34:17.932+0900] {logging_mixin.py:151} INFO - [2023-09-01T13:34:17.932+0900] {dag.py:3677} INFO - Setting next_dagrun for example_short_circuit_operator to 2023-08-31T04:34:17.932398+00:00, run_after=2023-09-01T04:34:17.932398+00:00
[2023-09-01T13:34:17.943+0900] {processor.py:179} INFO - Processing /usr/local/lib/python3.8/dist-packages/airflow/example_dags/example_short_circuit_operator.py took 0.056 seconds
[2023-09-01T13:35:03.377+0900] {processor.py:157} INFO - Started process (PID=19740) to work on /usr/local/lib/python3.8/dist-packages/airflow/example_dags/example_short_circuit_operator.py
[2023-09-01T13:35:03.379+0900] {processor.py:829} INFO - Processing file /usr/local/lib/python3.8/dist-packages/airflow/example_dags/example_short_circuit_operator.py for tasks to queue
[2023-09-01T13:35:03.380+0900] {logging_mixin.py:151} INFO - [2023-09-01T13:35:03.379+0900] {dagbag.py:539} INFO - Filling up the DagBag from /usr/local/lib/python3.8/dist-packages/airflow/example_dags/example_short_circuit_operator.py
[2023-09-01T13:35:03.391+0900] {processor.py:839} INFO - DAG(s) dict_keys(['example_short_circuit_operator']) retrieved from /usr/local/lib/python3.8/dist-packages/airflow/example_dags/example_short_circuit_operator.py
[2023-09-01T13:35:03.408+0900] {logging_mixin.py:151} INFO - [2023-09-01T13:35:03.408+0900] {dag.py:2907} INFO - Sync 1 DAGs
[2023-09-01T13:35:03.420+0900] {logging_mixin.py:151} INFO - [2023-09-01T13:35:03.420+0900] {dag.py:3677} INFO - Setting next_dagrun for example_short_circuit_operator to 2023-08-31T04:35:03.420546+00:00, run_after=2023-09-01T04:35:03.420546+00:00
[2023-09-01T13:35:03.431+0900] {processor.py:179} INFO - Processing /usr/local/lib/python3.8/dist-packages/airflow/example_dags/example_short_circuit_operator.py took 0.059 seconds
[2023-09-01T13:35:45.499+0900] {processor.py:157} INFO - Started process (PID=20147) to work on /usr/local/lib/python3.8/dist-packages/airflow/example_dags/example_short_circuit_operator.py
[2023-09-01T13:35:45.501+0900] {processor.py:829} INFO - Processing file /usr/local/lib/python3.8/dist-packages/airflow/example_dags/example_short_circuit_operator.py for tasks to queue
[2023-09-01T13:35:45.502+0900] {logging_mixin.py:151} INFO - [2023-09-01T13:35:45.502+0900] {dagbag.py:539} INFO - Filling up the DagBag from /usr/local/lib/python3.8/dist-packages/airflow/example_dags/example_short_circuit_operator.py
[2023-09-01T13:35:45.512+0900] {processor.py:839} INFO - DAG(s) dict_keys(['example_short_circuit_operator']) retrieved from /usr/local/lib/python3.8/dist-packages/airflow/example_dags/example_short_circuit_operator.py
[2023-09-01T13:35:45.527+0900] {logging_mixin.py:151} INFO - [2023-09-01T13:35:45.527+0900] {dag.py:2907} INFO - Sync 1 DAGs
[2023-09-01T13:35:45.542+0900] {logging_mixin.py:151} INFO - [2023-09-01T13:35:45.542+0900] {dag.py:3677} INFO - Setting next_dagrun for example_short_circuit_operator to 2023-08-31T04:35:45.542211+00:00, run_after=2023-09-01T04:35:45.542211+00:00
[2023-09-01T13:35:45.569+0900] {processor.py:179} INFO - Processing /usr/local/lib/python3.8/dist-packages/airflow/example_dags/example_short_circuit_operator.py took 0.074 seconds
[2023-09-01T13:36:35.222+0900] {processor.py:157} INFO - Started process (PID=20628) to work on /usr/local/lib/python3.8/dist-packages/airflow/example_dags/example_short_circuit_operator.py
[2023-09-01T13:36:35.223+0900] {processor.py:829} INFO - Processing file /usr/local/lib/python3.8/dist-packages/airflow/example_dags/example_short_circuit_operator.py for tasks to queue
[2023-09-01T13:36:35.225+0900] {logging_mixin.py:151} INFO - [2023-09-01T13:36:35.224+0900] {dagbag.py:539} INFO - Filling up the DagBag from /usr/local/lib/python3.8/dist-packages/airflow/example_dags/example_short_circuit_operator.py
[2023-09-01T13:36:35.237+0900] {processor.py:839} INFO - DAG(s) dict_keys(['example_short_circuit_operator']) retrieved from /usr/local/lib/python3.8/dist-packages/airflow/example_dags/example_short_circuit_operator.py
[2023-09-01T13:36:35.257+0900] {logging_mixin.py:151} INFO - [2023-09-01T13:36:35.257+0900] {dag.py:2907} INFO - Sync 1 DAGs
[2023-09-01T13:36:35.270+0900] {logging_mixin.py:151} INFO - [2023-09-01T13:36:35.270+0900] {dag.py:3677} INFO - Setting next_dagrun for example_short_circuit_operator to 2023-08-31T04:36:35.270192+00:00, run_after=2023-09-01T04:36:35.270192+00:00
[2023-09-01T13:36:35.282+0900] {processor.py:179} INFO - Processing /usr/local/lib/python3.8/dist-packages/airflow/example_dags/example_short_circuit_operator.py took 0.065 seconds
[2023-09-01T13:37:19.246+0900] {processor.py:157} INFO - Started process (PID=21058) to work on /usr/local/lib/python3.8/dist-packages/airflow/example_dags/example_short_circuit_operator.py
[2023-09-01T13:37:19.248+0900] {processor.py:829} INFO - Processing file /usr/local/lib/python3.8/dist-packages/airflow/example_dags/example_short_circuit_operator.py for tasks to queue
[2023-09-01T13:37:19.249+0900] {logging_mixin.py:151} INFO - [2023-09-01T13:37:19.248+0900] {dagbag.py:539} INFO - Filling up the DagBag from /usr/local/lib/python3.8/dist-packages/airflow/example_dags/example_short_circuit_operator.py
[2023-09-01T13:37:19.260+0900] {processor.py:839} INFO - DAG(s) dict_keys(['example_short_circuit_operator']) retrieved from /usr/local/lib/python3.8/dist-packages/airflow/example_dags/example_short_circuit_operator.py
[2023-09-01T13:37:19.277+0900] {logging_mixin.py:151} INFO - [2023-09-01T13:37:19.277+0900] {dag.py:2907} INFO - Sync 1 DAGs
[2023-09-01T13:37:19.290+0900] {logging_mixin.py:151} INFO - [2023-09-01T13:37:19.290+0900] {dag.py:3677} INFO - Setting next_dagrun for example_short_circuit_operator to 2023-08-31T04:37:19.290054+00:00, run_after=2023-09-01T04:37:19.290054+00:00
[2023-09-01T13:37:19.301+0900] {processor.py:179} INFO - Processing /usr/local/lib/python3.8/dist-packages/airflow/example_dags/example_short_circuit_operator.py took 0.060 seconds
[2023-09-01T13:38:06.760+0900] {processor.py:157} INFO - Started process (PID=21512) to work on /usr/local/lib/python3.8/dist-packages/airflow/example_dags/example_short_circuit_operator.py
[2023-09-01T13:38:06.762+0900] {processor.py:829} INFO - Processing file /usr/local/lib/python3.8/dist-packages/airflow/example_dags/example_short_circuit_operator.py for tasks to queue
[2023-09-01T13:38:06.763+0900] {logging_mixin.py:151} INFO - [2023-09-01T13:38:06.762+0900] {dagbag.py:539} INFO - Filling up the DagBag from /usr/local/lib/python3.8/dist-packages/airflow/example_dags/example_short_circuit_operator.py
[2023-09-01T13:38:06.774+0900] {processor.py:839} INFO - DAG(s) dict_keys(['example_short_circuit_operator']) retrieved from /usr/local/lib/python3.8/dist-packages/airflow/example_dags/example_short_circuit_operator.py
[2023-09-01T13:38:06.790+0900] {logging_mixin.py:151} INFO - [2023-09-01T13:38:06.790+0900] {dag.py:2907} INFO - Sync 1 DAGs
[2023-09-01T13:38:06.801+0900] {logging_mixin.py:151} INFO - [2023-09-01T13:38:06.801+0900] {dag.py:3677} INFO - Setting next_dagrun for example_short_circuit_operator to 2023-08-31T04:38:06.801540+00:00, run_after=2023-09-01T04:38:06.801540+00:00
[2023-09-01T13:38:06.812+0900] {processor.py:179} INFO - Processing /usr/local/lib/python3.8/dist-packages/airflow/example_dags/example_short_circuit_operator.py took 0.056 seconds
[2023-09-01T13:38:49.544+0900] {processor.py:157} INFO - Started process (PID=21952) to work on /usr/local/lib/python3.8/dist-packages/airflow/example_dags/example_short_circuit_operator.py
[2023-09-01T13:38:49.545+0900] {processor.py:829} INFO - Processing file /usr/local/lib/python3.8/dist-packages/airflow/example_dags/example_short_circuit_operator.py for tasks to queue
[2023-09-01T13:38:49.547+0900] {logging_mixin.py:151} INFO - [2023-09-01T13:38:49.546+0900] {dagbag.py:539} INFO - Filling up the DagBag from /usr/local/lib/python3.8/dist-packages/airflow/example_dags/example_short_circuit_operator.py
[2023-09-01T13:38:49.558+0900] {processor.py:839} INFO - DAG(s) dict_keys(['example_short_circuit_operator']) retrieved from /usr/local/lib/python3.8/dist-packages/airflow/example_dags/example_short_circuit_operator.py
[2023-09-01T13:38:49.576+0900] {logging_mixin.py:151} INFO - [2023-09-01T13:38:49.575+0900] {dag.py:2907} INFO - Sync 1 DAGs
[2023-09-01T13:38:49.590+0900] {logging_mixin.py:151} INFO - [2023-09-01T13:38:49.590+0900] {dag.py:3677} INFO - Setting next_dagrun for example_short_circuit_operator to 2023-08-31T04:38:49.589993+00:00, run_after=2023-09-01T04:38:49.589993+00:00
[2023-09-01T13:38:49.602+0900] {processor.py:179} INFO - Processing /usr/local/lib/python3.8/dist-packages/airflow/example_dags/example_short_circuit_operator.py took 0.063 seconds
