[2023-09-01T13:07:32.407+0900] {processor.py:157} INFO - Started process (PID=1948) to work on /usr/local/lib/python3.8/dist-packages/airflow/example_dags/example_xcom.py
[2023-09-01T13:07:32.409+0900] {processor.py:829} INFO - Processing file /usr/local/lib/python3.8/dist-packages/airflow/example_dags/example_xcom.py for tasks to queue
[2023-09-01T13:07:32.410+0900] {logging_mixin.py:151} INFO - [2023-09-01T13:07:32.409+0900] {dagbag.py:539} INFO - Filling up the DagBag from /usr/local/lib/python3.8/dist-packages/airflow/example_dags/example_xcom.py
[2023-09-01T13:07:32.422+0900] {processor.py:839} INFO - DAG(s) dict_keys(['example_xcom']) retrieved from /usr/local/lib/python3.8/dist-packages/airflow/example_dags/example_xcom.py
[2023-09-01T13:07:32.526+0900] {logging_mixin.py:151} INFO - [2023-09-01T13:07:32.526+0900] {manager.py:501} INFO - Created Permission View: can delete on DAG:example_xcom
[2023-09-01T13:07:32.530+0900] {logging_mixin.py:151} INFO - [2023-09-01T13:07:32.530+0900] {manager.py:501} INFO - Created Permission View: can read on DAG:example_xcom
[2023-09-01T13:07:32.533+0900] {logging_mixin.py:151} INFO - [2023-09-01T13:07:32.533+0900] {manager.py:501} INFO - Created Permission View: can edit on DAG:example_xcom
[2023-09-01T13:07:32.537+0900] {logging_mixin.py:151} INFO - [2023-09-01T13:07:32.537+0900] {dag.py:2907} INFO - Sync 1 DAGs
[2023-09-01T13:07:32.540+0900] {logging_mixin.py:151} INFO - [2023-09-01T13:07:32.540+0900] {dag.py:2929} INFO - Creating ORM DAG for example_xcom
[2023-09-01T13:07:32.543+0900] {logging_mixin.py:151} INFO - [2023-09-01T13:07:32.543+0900] {dag.py:3677} INFO - Setting next_dagrun for example_xcom to 2021-01-01T00:00:00+00:00, run_after=2021-01-01T00:00:00+00:00
[2023-09-01T13:07:32.550+0900] {processor.py:179} INFO - Processing /usr/local/lib/python3.8/dist-packages/airflow/example_dags/example_xcom.py took 0.148 seconds
[2023-09-01T13:08:21.086+0900] {processor.py:157} INFO - Started process (PID=2446) to work on /usr/local/lib/python3.8/dist-packages/airflow/example_dags/example_xcom.py
[2023-09-01T13:08:21.088+0900] {processor.py:829} INFO - Processing file /usr/local/lib/python3.8/dist-packages/airflow/example_dags/example_xcom.py for tasks to queue
[2023-09-01T13:08:21.089+0900] {logging_mixin.py:151} INFO - [2023-09-01T13:08:21.088+0900] {dagbag.py:539} INFO - Filling up the DagBag from /usr/local/lib/python3.8/dist-packages/airflow/example_dags/example_xcom.py
[2023-09-01T13:08:21.098+0900] {processor.py:839} INFO - DAG(s) dict_keys(['example_xcom']) retrieved from /usr/local/lib/python3.8/dist-packages/airflow/example_dags/example_xcom.py
[2023-09-01T13:08:21.113+0900] {logging_mixin.py:151} INFO - [2023-09-01T13:08:21.113+0900] {dag.py:2907} INFO - Sync 1 DAGs
[2023-09-01T13:08:21.125+0900] {logging_mixin.py:151} INFO - [2023-09-01T13:08:21.125+0900] {dag.py:3677} INFO - Setting next_dagrun for example_xcom to 2021-01-01T00:00:00+00:00, run_after=2021-01-01T00:00:00+00:00
[2023-09-01T13:08:21.140+0900] {processor.py:179} INFO - Processing /usr/local/lib/python3.8/dist-packages/airflow/example_dags/example_xcom.py took 0.058 seconds
[2023-09-01T13:09:10.477+0900] {processor.py:157} INFO - Started process (PID=4136) to work on /usr/local/lib/python3.8/dist-packages/airflow/example_dags/example_xcom.py
[2023-09-01T13:09:10.478+0900] {processor.py:829} INFO - Processing file /usr/local/lib/python3.8/dist-packages/airflow/example_dags/example_xcom.py for tasks to queue
[2023-09-01T13:09:10.480+0900] {logging_mixin.py:151} INFO - [2023-09-01T13:09:10.479+0900] {dagbag.py:539} INFO - Filling up the DagBag from /usr/local/lib/python3.8/dist-packages/airflow/example_dags/example_xcom.py
[2023-09-01T13:09:10.490+0900] {processor.py:839} INFO - DAG(s) dict_keys(['example_xcom']) retrieved from /usr/local/lib/python3.8/dist-packages/airflow/example_dags/example_xcom.py
[2023-09-01T13:09:10.507+0900] {logging_mixin.py:151} INFO - [2023-09-01T13:09:10.507+0900] {dag.py:2907} INFO - Sync 1 DAGs
[2023-09-01T13:09:10.519+0900] {logging_mixin.py:151} INFO - [2023-09-01T13:09:10.519+0900] {dag.py:3677} INFO - Setting next_dagrun for example_xcom to 2021-01-01T00:00:00+00:00, run_after=2021-01-01T00:00:00+00:00
[2023-09-01T13:09:10.530+0900] {processor.py:179} INFO - Processing /usr/local/lib/python3.8/dist-packages/airflow/example_dags/example_xcom.py took 0.060 seconds
[2023-09-01T13:09:55.708+0900] {processor.py:157} INFO - Started process (PID=4568) to work on /usr/local/lib/python3.8/dist-packages/airflow/example_dags/example_xcom.py
[2023-09-01T13:09:55.710+0900] {processor.py:829} INFO - Processing file /usr/local/lib/python3.8/dist-packages/airflow/example_dags/example_xcom.py for tasks to queue
[2023-09-01T13:09:55.711+0900] {logging_mixin.py:151} INFO - [2023-09-01T13:09:55.710+0900] {dagbag.py:539} INFO - Filling up the DagBag from /usr/local/lib/python3.8/dist-packages/airflow/example_dags/example_xcom.py
[2023-09-01T13:09:55.721+0900] {processor.py:839} INFO - DAG(s) dict_keys(['example_xcom']) retrieved from /usr/local/lib/python3.8/dist-packages/airflow/example_dags/example_xcom.py
[2023-09-01T13:09:55.738+0900] {logging_mixin.py:151} INFO - [2023-09-01T13:09:55.738+0900] {dag.py:2907} INFO - Sync 1 DAGs
[2023-09-01T13:09:55.749+0900] {logging_mixin.py:151} INFO - [2023-09-01T13:09:55.749+0900] {dag.py:3677} INFO - Setting next_dagrun for example_xcom to 2021-01-01T00:00:00+00:00, run_after=2021-01-01T00:00:00+00:00
[2023-09-01T13:09:55.759+0900] {processor.py:179} INFO - Processing /usr/local/lib/python3.8/dist-packages/airflow/example_dags/example_xcom.py took 0.056 seconds
[2023-09-01T13:10:30.242+0900] {processor.py:157} INFO - Started process (PID=4909) to work on /usr/local/lib/python3.8/dist-packages/airflow/example_dags/example_xcom.py
[2023-09-01T13:10:30.243+0900] {processor.py:829} INFO - Processing file /usr/local/lib/python3.8/dist-packages/airflow/example_dags/example_xcom.py for tasks to queue
[2023-09-01T13:10:30.245+0900] {logging_mixin.py:151} INFO - [2023-09-01T13:10:30.244+0900] {dagbag.py:539} INFO - Filling up the DagBag from /usr/local/lib/python3.8/dist-packages/airflow/example_dags/example_xcom.py
[2023-09-01T13:10:30.253+0900] {processor.py:839} INFO - DAG(s) dict_keys(['example_xcom']) retrieved from /usr/local/lib/python3.8/dist-packages/airflow/example_dags/example_xcom.py
[2023-09-01T13:10:30.267+0900] {logging_mixin.py:151} INFO - [2023-09-01T13:10:30.267+0900] {dag.py:2907} INFO - Sync 1 DAGs
[2023-09-01T13:10:30.278+0900] {logging_mixin.py:151} INFO - [2023-09-01T13:10:30.278+0900] {dag.py:3677} INFO - Setting next_dagrun for example_xcom to 2021-01-01T00:00:00+00:00, run_after=2021-01-01T00:00:00+00:00
[2023-09-01T13:10:30.289+0900] {processor.py:179} INFO - Processing /usr/local/lib/python3.8/dist-packages/airflow/example_dags/example_xcom.py took 0.051 seconds
[2023-09-01T13:11:18.073+0900] {processor.py:157} INFO - Started process (PID=5393) to work on /usr/local/lib/python3.8/dist-packages/airflow/example_dags/example_xcom.py
[2023-09-01T13:11:18.075+0900] {processor.py:829} INFO - Processing file /usr/local/lib/python3.8/dist-packages/airflow/example_dags/example_xcom.py for tasks to queue
[2023-09-01T13:11:18.077+0900] {logging_mixin.py:151} INFO - [2023-09-01T13:11:18.076+0900] {dagbag.py:539} INFO - Filling up the DagBag from /usr/local/lib/python3.8/dist-packages/airflow/example_dags/example_xcom.py
[2023-09-01T13:11:18.086+0900] {processor.py:839} INFO - DAG(s) dict_keys(['example_xcom']) retrieved from /usr/local/lib/python3.8/dist-packages/airflow/example_dags/example_xcom.py
[2023-09-01T13:11:18.102+0900] {logging_mixin.py:151} INFO - [2023-09-01T13:11:18.101+0900] {dag.py:2907} INFO - Sync 1 DAGs
[2023-09-01T13:11:18.114+0900] {logging_mixin.py:151} INFO - [2023-09-01T13:11:18.114+0900] {dag.py:3677} INFO - Setting next_dagrun for example_xcom to 2021-01-01T00:00:00+00:00, run_after=2021-01-01T00:00:00+00:00
[2023-09-01T13:11:18.126+0900] {processor.py:179} INFO - Processing /usr/local/lib/python3.8/dist-packages/airflow/example_dags/example_xcom.py took 0.058 seconds
[2023-09-01T13:12:56.407+0900] {processor.py:157} INFO - Started process (PID=5874) to work on /usr/local/lib/python3.8/dist-packages/airflow/example_dags/example_xcom.py
[2023-09-01T13:12:56.409+0900] {processor.py:829} INFO - Processing file /usr/local/lib/python3.8/dist-packages/airflow/example_dags/example_xcom.py for tasks to queue
[2023-09-01T13:12:56.410+0900] {logging_mixin.py:151} INFO - [2023-09-01T13:12:56.409+0900] {dagbag.py:539} INFO - Filling up the DagBag from /usr/local/lib/python3.8/dist-packages/airflow/example_dags/example_xcom.py
[2023-09-01T13:12:56.420+0900] {processor.py:839} INFO - DAG(s) dict_keys(['example_xcom']) retrieved from /usr/local/lib/python3.8/dist-packages/airflow/example_dags/example_xcom.py
[2023-09-01T13:12:56.436+0900] {logging_mixin.py:151} INFO - [2023-09-01T13:12:56.436+0900] {dag.py:2907} INFO - Sync 1 DAGs
[2023-09-01T13:12:56.449+0900] {logging_mixin.py:151} INFO - [2023-09-01T13:12:56.449+0900] {dag.py:3677} INFO - Setting next_dagrun for example_xcom to 2021-01-01T00:00:00+00:00, run_after=2021-01-01T00:00:00+00:00
[2023-09-01T13:12:56.460+0900] {processor.py:179} INFO - Processing /usr/local/lib/python3.8/dist-packages/airflow/example_dags/example_xcom.py took 0.058 seconds
[2023-09-01T13:13:39.115+0900] {processor.py:157} INFO - Started process (PID=6325) to work on /usr/local/lib/python3.8/dist-packages/airflow/example_dags/example_xcom.py
[2023-09-01T13:13:39.116+0900] {processor.py:829} INFO - Processing file /usr/local/lib/python3.8/dist-packages/airflow/example_dags/example_xcom.py for tasks to queue
[2023-09-01T13:13:39.117+0900] {logging_mixin.py:151} INFO - [2023-09-01T13:13:39.116+0900] {dagbag.py:539} INFO - Filling up the DagBag from /usr/local/lib/python3.8/dist-packages/airflow/example_dags/example_xcom.py
[2023-09-01T13:13:39.123+0900] {processor.py:839} INFO - DAG(s) dict_keys(['example_xcom']) retrieved from /usr/local/lib/python3.8/dist-packages/airflow/example_dags/example_xcom.py
[2023-09-01T13:13:39.138+0900] {logging_mixin.py:151} INFO - [2023-09-01T13:13:39.138+0900] {dag.py:2907} INFO - Sync 1 DAGs
[2023-09-01T13:13:39.151+0900] {logging_mixin.py:151} INFO - [2023-09-01T13:13:39.151+0900] {dag.py:3677} INFO - Setting next_dagrun for example_xcom to 2021-01-01T00:00:00+00:00, run_after=2021-01-01T00:00:00+00:00
[2023-09-01T13:13:39.164+0900] {processor.py:179} INFO - Processing /usr/local/lib/python3.8/dist-packages/airflow/example_dags/example_xcom.py took 0.052 seconds
[2023-09-01T13:14:24.282+0900] {processor.py:157} INFO - Started process (PID=7247) to work on /usr/local/lib/python3.8/dist-packages/airflow/example_dags/example_xcom.py
[2023-09-01T13:14:24.283+0900] {processor.py:829} INFO - Processing file /usr/local/lib/python3.8/dist-packages/airflow/example_dags/example_xcom.py for tasks to queue
[2023-09-01T13:14:24.284+0900] {logging_mixin.py:151} INFO - [2023-09-01T13:14:24.284+0900] {dagbag.py:539} INFO - Filling up the DagBag from /usr/local/lib/python3.8/dist-packages/airflow/example_dags/example_xcom.py
[2023-09-01T13:14:24.290+0900] {processor.py:839} INFO - DAG(s) dict_keys(['example_xcom']) retrieved from /usr/local/lib/python3.8/dist-packages/airflow/example_dags/example_xcom.py
[2023-09-01T13:14:24.302+0900] {logging_mixin.py:151} INFO - [2023-09-01T13:14:24.302+0900] {dag.py:2907} INFO - Sync 1 DAGs
[2023-09-01T13:14:24.315+0900] {logging_mixin.py:151} INFO - [2023-09-01T13:14:24.315+0900] {dag.py:3677} INFO - Setting next_dagrun for example_xcom to 2021-01-01T00:00:00+00:00, run_after=2021-01-01T00:00:00+00:00
[2023-09-01T13:14:24.329+0900] {processor.py:179} INFO - Processing /usr/local/lib/python3.8/dist-packages/airflow/example_dags/example_xcom.py took 0.052 seconds
[2023-09-01T13:15:06.865+0900] {processor.py:157} INFO - Started process (PID=7730) to work on /usr/local/lib/python3.8/dist-packages/airflow/example_dags/example_xcom.py
[2023-09-01T13:15:06.866+0900] {processor.py:829} INFO - Processing file /usr/local/lib/python3.8/dist-packages/airflow/example_dags/example_xcom.py for tasks to queue
[2023-09-01T13:15:06.867+0900] {logging_mixin.py:151} INFO - [2023-09-01T13:15:06.867+0900] {dagbag.py:539} INFO - Filling up the DagBag from /usr/local/lib/python3.8/dist-packages/airflow/example_dags/example_xcom.py
[2023-09-01T13:15:06.874+0900] {processor.py:839} INFO - DAG(s) dict_keys(['example_xcom']) retrieved from /usr/local/lib/python3.8/dist-packages/airflow/example_dags/example_xcom.py
[2023-09-01T13:15:06.886+0900] {logging_mixin.py:151} INFO - [2023-09-01T13:15:06.886+0900] {dag.py:2907} INFO - Sync 1 DAGs
[2023-09-01T13:15:06.896+0900] {logging_mixin.py:151} INFO - [2023-09-01T13:15:06.896+0900] {dag.py:3677} INFO - Setting next_dagrun for example_xcom to 2021-01-01T00:00:00+00:00, run_after=2021-01-01T00:00:00+00:00
[2023-09-01T13:15:06.906+0900] {processor.py:179} INFO - Processing /usr/local/lib/python3.8/dist-packages/airflow/example_dags/example_xcom.py took 0.044 seconds
[2023-09-01T13:15:50.756+0900] {processor.py:157} INFO - Started process (PID=8205) to work on /usr/local/lib/python3.8/dist-packages/airflow/example_dags/example_xcom.py
[2023-09-01T13:15:50.757+0900] {processor.py:829} INFO - Processing file /usr/local/lib/python3.8/dist-packages/airflow/example_dags/example_xcom.py for tasks to queue
[2023-09-01T13:15:50.759+0900] {logging_mixin.py:151} INFO - [2023-09-01T13:15:50.758+0900] {dagbag.py:539} INFO - Filling up the DagBag from /usr/local/lib/python3.8/dist-packages/airflow/example_dags/example_xcom.py
[2023-09-01T13:15:50.767+0900] {processor.py:839} INFO - DAG(s) dict_keys(['example_xcom']) retrieved from /usr/local/lib/python3.8/dist-packages/airflow/example_dags/example_xcom.py
[2023-09-01T13:15:50.782+0900] {logging_mixin.py:151} INFO - [2023-09-01T13:15:50.781+0900] {dag.py:2907} INFO - Sync 1 DAGs
[2023-09-01T13:15:50.792+0900] {logging_mixin.py:151} INFO - [2023-09-01T13:15:50.791+0900] {dag.py:3677} INFO - Setting next_dagrun for example_xcom to 2021-01-01T00:00:00+00:00, run_after=2021-01-01T00:00:00+00:00
[2023-09-01T13:15:50.802+0900] {processor.py:179} INFO - Processing /usr/local/lib/python3.8/dist-packages/airflow/example_dags/example_xcom.py took 0.049 seconds
[2023-09-01T13:16:34.671+0900] {processor.py:157} INFO - Started process (PID=8636) to work on /usr/local/lib/python3.8/dist-packages/airflow/example_dags/example_xcom.py
[2023-09-01T13:16:34.672+0900] {processor.py:829} INFO - Processing file /usr/local/lib/python3.8/dist-packages/airflow/example_dags/example_xcom.py for tasks to queue
[2023-09-01T13:16:34.673+0900] {logging_mixin.py:151} INFO - [2023-09-01T13:16:34.672+0900] {dagbag.py:539} INFO - Filling up the DagBag from /usr/local/lib/python3.8/dist-packages/airflow/example_dags/example_xcom.py
[2023-09-01T13:16:34.680+0900] {processor.py:839} INFO - DAG(s) dict_keys(['example_xcom']) retrieved from /usr/local/lib/python3.8/dist-packages/airflow/example_dags/example_xcom.py
[2023-09-01T13:16:34.694+0900] {logging_mixin.py:151} INFO - [2023-09-01T13:16:34.694+0900] {dag.py:2907} INFO - Sync 1 DAGs
[2023-09-01T13:16:34.705+0900] {logging_mixin.py:151} INFO - [2023-09-01T13:16:34.705+0900] {dag.py:3677} INFO - Setting next_dagrun for example_xcom to 2021-01-01T00:00:00+00:00, run_after=2021-01-01T00:00:00+00:00
[2023-09-01T13:16:34.715+0900] {processor.py:179} INFO - Processing /usr/local/lib/python3.8/dist-packages/airflow/example_dags/example_xcom.py took 0.048 seconds
[2023-09-01T13:17:22.159+0900] {processor.py:157} INFO - Started process (PID=9097) to work on /usr/local/lib/python3.8/dist-packages/airflow/example_dags/example_xcom.py
[2023-09-01T13:17:22.160+0900] {processor.py:829} INFO - Processing file /usr/local/lib/python3.8/dist-packages/airflow/example_dags/example_xcom.py for tasks to queue
[2023-09-01T13:17:22.161+0900] {logging_mixin.py:151} INFO - [2023-09-01T13:17:22.161+0900] {dagbag.py:539} INFO - Filling up the DagBag from /usr/local/lib/python3.8/dist-packages/airflow/example_dags/example_xcom.py
[2023-09-01T13:17:22.169+0900] {processor.py:839} INFO - DAG(s) dict_keys(['example_xcom']) retrieved from /usr/local/lib/python3.8/dist-packages/airflow/example_dags/example_xcom.py
[2023-09-01T13:17:22.185+0900] {logging_mixin.py:151} INFO - [2023-09-01T13:17:22.185+0900] {dag.py:2907} INFO - Sync 1 DAGs
[2023-09-01T13:17:22.197+0900] {logging_mixin.py:151} INFO - [2023-09-01T13:17:22.197+0900] {dag.py:3677} INFO - Setting next_dagrun for example_xcom to 2021-01-01T00:00:00+00:00, run_after=2021-01-01T00:00:00+00:00
[2023-09-01T13:17:22.207+0900] {processor.py:179} INFO - Processing /usr/local/lib/python3.8/dist-packages/airflow/example_dags/example_xcom.py took 0.053 seconds
[2023-09-01T13:18:09.441+0900] {processor.py:157} INFO - Started process (PID=9562) to work on /usr/local/lib/python3.8/dist-packages/airflow/example_dags/example_xcom.py
[2023-09-01T13:18:09.443+0900] {processor.py:829} INFO - Processing file /usr/local/lib/python3.8/dist-packages/airflow/example_dags/example_xcom.py for tasks to queue
[2023-09-01T13:18:09.445+0900] {logging_mixin.py:151} INFO - [2023-09-01T13:18:09.443+0900] {dagbag.py:539} INFO - Filling up the DagBag from /usr/local/lib/python3.8/dist-packages/airflow/example_dags/example_xcom.py
[2023-09-01T13:18:09.455+0900] {processor.py:839} INFO - DAG(s) dict_keys(['example_xcom']) retrieved from /usr/local/lib/python3.8/dist-packages/airflow/example_dags/example_xcom.py
[2023-09-01T13:18:09.472+0900] {logging_mixin.py:151} INFO - [2023-09-01T13:18:09.471+0900] {dag.py:2907} INFO - Sync 1 DAGs
[2023-09-01T13:18:09.485+0900] {logging_mixin.py:151} INFO - [2023-09-01T13:18:09.484+0900] {dag.py:3677} INFO - Setting next_dagrun for example_xcom to 2021-01-01T00:00:00+00:00, run_after=2021-01-01T00:00:00+00:00
[2023-09-01T13:18:09.495+0900] {processor.py:179} INFO - Processing /usr/local/lib/python3.8/dist-packages/airflow/example_dags/example_xcom.py took 0.064 seconds
[2023-09-01T13:18:53.366+0900] {processor.py:157} INFO - Started process (PID=10018) to work on /usr/local/lib/python3.8/dist-packages/airflow/example_dags/example_xcom.py
[2023-09-01T13:18:53.367+0900] {processor.py:829} INFO - Processing file /usr/local/lib/python3.8/dist-packages/airflow/example_dags/example_xcom.py for tasks to queue
[2023-09-01T13:18:53.368+0900] {logging_mixin.py:151} INFO - [2023-09-01T13:18:53.368+0900] {dagbag.py:539} INFO - Filling up the DagBag from /usr/local/lib/python3.8/dist-packages/airflow/example_dags/example_xcom.py
[2023-09-01T13:18:53.378+0900] {processor.py:839} INFO - DAG(s) dict_keys(['example_xcom']) retrieved from /usr/local/lib/python3.8/dist-packages/airflow/example_dags/example_xcom.py
[2023-09-01T13:18:53.394+0900] {logging_mixin.py:151} INFO - [2023-09-01T13:18:53.394+0900] {dag.py:2907} INFO - Sync 1 DAGs
[2023-09-01T13:18:53.406+0900] {logging_mixin.py:151} INFO - [2023-09-01T13:18:53.406+0900] {dag.py:3677} INFO - Setting next_dagrun for example_xcom to 2021-01-01T00:00:00+00:00, run_after=2021-01-01T00:00:00+00:00
[2023-09-01T13:18:53.417+0900] {processor.py:179} INFO - Processing /usr/local/lib/python3.8/dist-packages/airflow/example_dags/example_xcom.py took 0.056 seconds
[2023-09-01T13:19:39.705+0900] {processor.py:157} INFO - Started process (PID=10473) to work on /usr/local/lib/python3.8/dist-packages/airflow/example_dags/example_xcom.py
[2023-09-01T13:19:39.706+0900] {processor.py:829} INFO - Processing file /usr/local/lib/python3.8/dist-packages/airflow/example_dags/example_xcom.py for tasks to queue
[2023-09-01T13:19:39.707+0900] {logging_mixin.py:151} INFO - [2023-09-01T13:19:39.706+0900] {dagbag.py:539} INFO - Filling up the DagBag from /usr/local/lib/python3.8/dist-packages/airflow/example_dags/example_xcom.py
[2023-09-01T13:19:39.711+0900] {processor.py:839} INFO - DAG(s) dict_keys(['example_xcom']) retrieved from /usr/local/lib/python3.8/dist-packages/airflow/example_dags/example_xcom.py
[2023-09-01T13:19:39.720+0900] {logging_mixin.py:151} INFO - [2023-09-01T13:19:39.720+0900] {dag.py:2907} INFO - Sync 1 DAGs
[2023-09-01T13:19:39.727+0900] {logging_mixin.py:151} INFO - [2023-09-01T13:19:39.727+0900] {dag.py:3677} INFO - Setting next_dagrun for example_xcom to 2021-01-01T00:00:00+00:00, run_after=2021-01-01T00:00:00+00:00
[2023-09-01T13:19:39.736+0900] {processor.py:179} INFO - Processing /usr/local/lib/python3.8/dist-packages/airflow/example_dags/example_xcom.py took 0.032 seconds
[2023-09-01T13:20:21.200+0900] {processor.py:157} INFO - Started process (PID=10879) to work on /usr/local/lib/python3.8/dist-packages/airflow/example_dags/example_xcom.py
[2023-09-01T13:20:21.202+0900] {processor.py:829} INFO - Processing file /usr/local/lib/python3.8/dist-packages/airflow/example_dags/example_xcom.py for tasks to queue
[2023-09-01T13:20:21.204+0900] {logging_mixin.py:151} INFO - [2023-09-01T13:20:21.203+0900] {dagbag.py:539} INFO - Filling up the DagBag from /usr/local/lib/python3.8/dist-packages/airflow/example_dags/example_xcom.py
[2023-09-01T13:20:21.213+0900] {processor.py:839} INFO - DAG(s) dict_keys(['example_xcom']) retrieved from /usr/local/lib/python3.8/dist-packages/airflow/example_dags/example_xcom.py
[2023-09-01T13:20:21.229+0900] {logging_mixin.py:151} INFO - [2023-09-01T13:20:21.228+0900] {dag.py:2907} INFO - Sync 1 DAGs
[2023-09-01T13:20:21.241+0900] {logging_mixin.py:151} INFO - [2023-09-01T13:20:21.241+0900] {dag.py:3677} INFO - Setting next_dagrun for example_xcom to 2021-01-01T00:00:00+00:00, run_after=2021-01-01T00:00:00+00:00
[2023-09-01T13:20:21.252+0900] {processor.py:179} INFO - Processing /usr/local/lib/python3.8/dist-packages/airflow/example_dags/example_xcom.py took 0.058 seconds
[2023-09-01T13:21:19.584+0900] {processor.py:157} INFO - Started process (PID=11373) to work on /usr/local/lib/python3.8/dist-packages/airflow/example_dags/example_xcom.py
[2023-09-01T13:21:19.585+0900] {processor.py:829} INFO - Processing file /usr/local/lib/python3.8/dist-packages/airflow/example_dags/example_xcom.py for tasks to queue
[2023-09-01T13:21:19.587+0900] {logging_mixin.py:151} INFO - [2023-09-01T13:21:19.586+0900] {dagbag.py:539} INFO - Filling up the DagBag from /usr/local/lib/python3.8/dist-packages/airflow/example_dags/example_xcom.py
[2023-09-01T13:21:19.596+0900] {processor.py:839} INFO - DAG(s) dict_keys(['example_xcom']) retrieved from /usr/local/lib/python3.8/dist-packages/airflow/example_dags/example_xcom.py
[2023-09-01T13:21:19.612+0900] {logging_mixin.py:151} INFO - [2023-09-01T13:21:19.612+0900] {dag.py:2907} INFO - Sync 1 DAGs
[2023-09-01T13:21:19.624+0900] {logging_mixin.py:151} INFO - [2023-09-01T13:21:19.624+0900] {dag.py:3677} INFO - Setting next_dagrun for example_xcom to 2021-01-01T00:00:00+00:00, run_after=2021-01-01T00:00:00+00:00
[2023-09-01T13:21:19.637+0900] {processor.py:179} INFO - Processing /usr/local/lib/python3.8/dist-packages/airflow/example_dags/example_xcom.py took 0.058 seconds
[2023-09-01T13:21:57.368+0900] {processor.py:157} INFO - Started process (PID=11745) to work on /usr/local/lib/python3.8/dist-packages/airflow/example_dags/example_xcom.py
[2023-09-01T13:21:57.369+0900] {processor.py:829} INFO - Processing file /usr/local/lib/python3.8/dist-packages/airflow/example_dags/example_xcom.py for tasks to queue
[2023-09-01T13:21:57.371+0900] {logging_mixin.py:151} INFO - [2023-09-01T13:21:57.370+0900] {dagbag.py:539} INFO - Filling up the DagBag from /usr/local/lib/python3.8/dist-packages/airflow/example_dags/example_xcom.py
[2023-09-01T13:21:57.380+0900] {processor.py:839} INFO - DAG(s) dict_keys(['example_xcom']) retrieved from /usr/local/lib/python3.8/dist-packages/airflow/example_dags/example_xcom.py
[2023-09-01T13:21:57.396+0900] {logging_mixin.py:151} INFO - [2023-09-01T13:21:57.396+0900] {dag.py:2907} INFO - Sync 1 DAGs
[2023-09-01T13:21:57.408+0900] {logging_mixin.py:151} INFO - [2023-09-01T13:21:57.408+0900] {dag.py:3677} INFO - Setting next_dagrun for example_xcom to 2021-01-01T00:00:00+00:00, run_after=2021-01-01T00:00:00+00:00
[2023-09-01T13:21:57.419+0900] {processor.py:179} INFO - Processing /usr/local/lib/python3.8/dist-packages/airflow/example_dags/example_xcom.py took 0.056 seconds
[2023-09-01T13:22:41.365+0900] {processor.py:157} INFO - Started process (PID=12175) to work on /usr/local/lib/python3.8/dist-packages/airflow/example_dags/example_xcom.py
[2023-09-01T13:22:41.367+0900] {processor.py:829} INFO - Processing file /usr/local/lib/python3.8/dist-packages/airflow/example_dags/example_xcom.py for tasks to queue
[2023-09-01T13:22:41.368+0900] {logging_mixin.py:151} INFO - [2023-09-01T13:22:41.367+0900] {dagbag.py:539} INFO - Filling up the DagBag from /usr/local/lib/python3.8/dist-packages/airflow/example_dags/example_xcom.py
[2023-09-01T13:22:41.378+0900] {processor.py:839} INFO - DAG(s) dict_keys(['example_xcom']) retrieved from /usr/local/lib/python3.8/dist-packages/airflow/example_dags/example_xcom.py
[2023-09-01T13:22:41.395+0900] {logging_mixin.py:151} INFO - [2023-09-01T13:22:41.395+0900] {dag.py:2907} INFO - Sync 1 DAGs
[2023-09-01T13:22:41.408+0900] {logging_mixin.py:151} INFO - [2023-09-01T13:22:41.408+0900] {dag.py:3677} INFO - Setting next_dagrun for example_xcom to 2021-01-01T00:00:00+00:00, run_after=2021-01-01T00:00:00+00:00
[2023-09-01T13:22:41.419+0900] {processor.py:179} INFO - Processing /usr/local/lib/python3.8/dist-packages/airflow/example_dags/example_xcom.py took 0.059 seconds
[2023-09-01T13:23:24.256+0900] {processor.py:157} INFO - Started process (PID=12617) to work on /usr/local/lib/python3.8/dist-packages/airflow/example_dags/example_xcom.py
[2023-09-01T13:23:24.257+0900] {processor.py:829} INFO - Processing file /usr/local/lib/python3.8/dist-packages/airflow/example_dags/example_xcom.py for tasks to queue
[2023-09-01T13:23:24.259+0900] {logging_mixin.py:151} INFO - [2023-09-01T13:23:24.258+0900] {dagbag.py:539} INFO - Filling up the DagBag from /usr/local/lib/python3.8/dist-packages/airflow/example_dags/example_xcom.py
[2023-09-01T13:23:24.268+0900] {processor.py:839} INFO - DAG(s) dict_keys(['example_xcom']) retrieved from /usr/local/lib/python3.8/dist-packages/airflow/example_dags/example_xcom.py
[2023-09-01T13:23:24.284+0900] {logging_mixin.py:151} INFO - [2023-09-01T13:23:24.284+0900] {dag.py:2907} INFO - Sync 1 DAGs
[2023-09-01T13:23:24.296+0900] {logging_mixin.py:151} INFO - [2023-09-01T13:23:24.296+0900] {dag.py:3677} INFO - Setting next_dagrun for example_xcom to 2021-01-01T00:00:00+00:00, run_after=2021-01-01T00:00:00+00:00
[2023-09-01T13:23:24.307+0900] {processor.py:179} INFO - Processing /usr/local/lib/python3.8/dist-packages/airflow/example_dags/example_xcom.py took 0.057 seconds
[2023-09-01T13:24:05.988+0900] {processor.py:157} INFO - Started process (PID=13014) to work on /usr/local/lib/python3.8/dist-packages/airflow/example_dags/example_xcom.py
[2023-09-01T13:24:05.990+0900] {processor.py:829} INFO - Processing file /usr/local/lib/python3.8/dist-packages/airflow/example_dags/example_xcom.py for tasks to queue
[2023-09-01T13:24:05.991+0900] {logging_mixin.py:151} INFO - [2023-09-01T13:24:05.990+0900] {dagbag.py:539} INFO - Filling up the DagBag from /usr/local/lib/python3.8/dist-packages/airflow/example_dags/example_xcom.py
[2023-09-01T13:24:06.001+0900] {processor.py:839} INFO - DAG(s) dict_keys(['example_xcom']) retrieved from /usr/local/lib/python3.8/dist-packages/airflow/example_dags/example_xcom.py
[2023-09-01T13:24:06.017+0900] {logging_mixin.py:151} INFO - [2023-09-01T13:24:06.017+0900] {dag.py:2907} INFO - Sync 1 DAGs
[2023-09-01T13:24:06.030+0900] {logging_mixin.py:151} INFO - [2023-09-01T13:24:06.029+0900] {dag.py:3677} INFO - Setting next_dagrun for example_xcom to 2021-01-01T00:00:00+00:00, run_after=2021-01-01T00:00:00+00:00
[2023-09-01T13:24:06.041+0900] {processor.py:179} INFO - Processing /usr/local/lib/python3.8/dist-packages/airflow/example_dags/example_xcom.py took 0.059 seconds
[2023-09-01T13:24:53.175+0900] {processor.py:157} INFO - Started process (PID=13500) to work on /usr/local/lib/python3.8/dist-packages/airflow/example_dags/example_xcom.py
[2023-09-01T13:24:53.176+0900] {processor.py:829} INFO - Processing file /usr/local/lib/python3.8/dist-packages/airflow/example_dags/example_xcom.py for tasks to queue
[2023-09-01T13:24:53.177+0900] {logging_mixin.py:151} INFO - [2023-09-01T13:24:53.176+0900] {dagbag.py:539} INFO - Filling up the DagBag from /usr/local/lib/python3.8/dist-packages/airflow/example_dags/example_xcom.py
[2023-09-01T13:24:53.185+0900] {processor.py:839} INFO - DAG(s) dict_keys(['example_xcom']) retrieved from /usr/local/lib/python3.8/dist-packages/airflow/example_dags/example_xcom.py
[2023-09-01T13:24:53.203+0900] {logging_mixin.py:151} INFO - [2023-09-01T13:24:53.203+0900] {dag.py:2907} INFO - Sync 1 DAGs
[2023-09-01T13:24:53.219+0900] {logging_mixin.py:151} INFO - [2023-09-01T13:24:53.219+0900] {dag.py:3677} INFO - Setting next_dagrun for example_xcom to 2021-01-01T00:00:00+00:00, run_after=2021-01-01T00:00:00+00:00
[2023-09-01T13:24:53.232+0900] {processor.py:179} INFO - Processing /usr/local/lib/python3.8/dist-packages/airflow/example_dags/example_xcom.py took 0.062 seconds
[2023-09-01T13:25:58.296+0900] {processor.py:157} INFO - Started process (PID=14415) to work on /usr/local/lib/python3.8/dist-packages/airflow/example_dags/example_xcom.py
[2023-09-01T13:25:58.297+0900] {processor.py:829} INFO - Processing file /usr/local/lib/python3.8/dist-packages/airflow/example_dags/example_xcom.py for tasks to queue
[2023-09-01T13:25:58.298+0900] {logging_mixin.py:151} INFO - [2023-09-01T13:25:58.297+0900] {dagbag.py:539} INFO - Filling up the DagBag from /usr/local/lib/python3.8/dist-packages/airflow/example_dags/example_xcom.py
[2023-09-01T13:25:58.308+0900] {processor.py:839} INFO - DAG(s) dict_keys(['example_xcom']) retrieved from /usr/local/lib/python3.8/dist-packages/airflow/example_dags/example_xcom.py
[2023-09-01T13:25:58.325+0900] {logging_mixin.py:151} INFO - [2023-09-01T13:25:58.325+0900] {dag.py:2907} INFO - Sync 1 DAGs
[2023-09-01T13:25:58.338+0900] {logging_mixin.py:151} INFO - [2023-09-01T13:25:58.338+0900] {dag.py:3677} INFO - Setting next_dagrun for example_xcom to 2021-01-01T00:00:00+00:00, run_after=2021-01-01T00:00:00+00:00
[2023-09-01T13:25:58.350+0900] {processor.py:179} INFO - Processing /usr/local/lib/python3.8/dist-packages/airflow/example_dags/example_xcom.py took 0.059 seconds
[2023-09-01T13:26:43.910+0900] {processor.py:157} INFO - Started process (PID=14851) to work on /usr/local/lib/python3.8/dist-packages/airflow/example_dags/example_xcom.py
[2023-09-01T13:26:43.912+0900] {processor.py:829} INFO - Processing file /usr/local/lib/python3.8/dist-packages/airflow/example_dags/example_xcom.py for tasks to queue
[2023-09-01T13:26:43.913+0900] {logging_mixin.py:151} INFO - [2023-09-01T13:26:43.912+0900] {dagbag.py:539} INFO - Filling up the DagBag from /usr/local/lib/python3.8/dist-packages/airflow/example_dags/example_xcom.py
[2023-09-01T13:26:43.921+0900] {processor.py:839} INFO - DAG(s) dict_keys(['example_xcom']) retrieved from /usr/local/lib/python3.8/dist-packages/airflow/example_dags/example_xcom.py
[2023-09-01T13:26:43.938+0900] {logging_mixin.py:151} INFO - [2023-09-01T13:26:43.937+0900] {dag.py:2907} INFO - Sync 1 DAGs
[2023-09-01T13:26:43.949+0900] {logging_mixin.py:151} INFO - [2023-09-01T13:26:43.949+0900] {dag.py:3677} INFO - Setting next_dagrun for example_xcom to 2021-01-01T00:00:00+00:00, run_after=2021-01-01T00:00:00+00:00
[2023-09-01T13:26:43.959+0900] {processor.py:179} INFO - Processing /usr/local/lib/python3.8/dist-packages/airflow/example_dags/example_xcom.py took 0.055 seconds
[2023-09-01T13:27:25.672+0900] {processor.py:157} INFO - Started process (PID=15259) to work on /usr/local/lib/python3.8/dist-packages/airflow/example_dags/example_xcom.py
[2023-09-01T13:27:25.673+0900] {processor.py:829} INFO - Processing file /usr/local/lib/python3.8/dist-packages/airflow/example_dags/example_xcom.py for tasks to queue
[2023-09-01T13:27:25.675+0900] {logging_mixin.py:151} INFO - [2023-09-01T13:27:25.674+0900] {dagbag.py:539} INFO - Filling up the DagBag from /usr/local/lib/python3.8/dist-packages/airflow/example_dags/example_xcom.py
[2023-09-01T13:27:25.682+0900] {processor.py:839} INFO - DAG(s) dict_keys(['example_xcom']) retrieved from /usr/local/lib/python3.8/dist-packages/airflow/example_dags/example_xcom.py
[2023-09-01T13:27:25.700+0900] {logging_mixin.py:151} INFO - [2023-09-01T13:27:25.700+0900] {dag.py:2907} INFO - Sync 1 DAGs
[2023-09-01T13:27:25.714+0900] {logging_mixin.py:151} INFO - [2023-09-01T13:27:25.714+0900] {dag.py:3677} INFO - Setting next_dagrun for example_xcom to 2021-01-01T00:00:00+00:00, run_after=2021-01-01T00:00:00+00:00
[2023-09-01T13:27:25.725+0900] {processor.py:179} INFO - Processing /usr/local/lib/python3.8/dist-packages/airflow/example_dags/example_xcom.py took 0.057 seconds
[2023-09-01T13:28:09.179+0900] {processor.py:157} INFO - Started process (PID=15683) to work on /usr/local/lib/python3.8/dist-packages/airflow/example_dags/example_xcom.py
[2023-09-01T13:28:09.181+0900] {processor.py:829} INFO - Processing file /usr/local/lib/python3.8/dist-packages/airflow/example_dags/example_xcom.py for tasks to queue
[2023-09-01T13:28:09.182+0900] {logging_mixin.py:151} INFO - [2023-09-01T13:28:09.181+0900] {dagbag.py:539} INFO - Filling up the DagBag from /usr/local/lib/python3.8/dist-packages/airflow/example_dags/example_xcom.py
[2023-09-01T13:28:09.192+0900] {processor.py:839} INFO - DAG(s) dict_keys(['example_xcom']) retrieved from /usr/local/lib/python3.8/dist-packages/airflow/example_dags/example_xcom.py
[2023-09-01T13:28:09.208+0900] {logging_mixin.py:151} INFO - [2023-09-01T13:28:09.208+0900] {dag.py:2907} INFO - Sync 1 DAGs
[2023-09-01T13:28:09.219+0900] {logging_mixin.py:151} INFO - [2023-09-01T13:28:09.219+0900] {dag.py:3677} INFO - Setting next_dagrun for example_xcom to 2021-01-01T00:00:00+00:00, run_after=2021-01-01T00:00:00+00:00
[2023-09-01T13:28:09.229+0900] {processor.py:179} INFO - Processing /usr/local/lib/python3.8/dist-packages/airflow/example_dags/example_xcom.py took 0.055 seconds
[2023-09-01T13:28:56.436+0900] {processor.py:157} INFO - Started process (PID=16165) to work on /usr/local/lib/python3.8/dist-packages/airflow/example_dags/example_xcom.py
[2023-09-01T13:28:56.438+0900] {processor.py:829} INFO - Processing file /usr/local/lib/python3.8/dist-packages/airflow/example_dags/example_xcom.py for tasks to queue
[2023-09-01T13:28:56.439+0900] {logging_mixin.py:151} INFO - [2023-09-01T13:28:56.438+0900] {dagbag.py:539} INFO - Filling up the DagBag from /usr/local/lib/python3.8/dist-packages/airflow/example_dags/example_xcom.py
[2023-09-01T13:28:56.449+0900] {processor.py:839} INFO - DAG(s) dict_keys(['example_xcom']) retrieved from /usr/local/lib/python3.8/dist-packages/airflow/example_dags/example_xcom.py
[2023-09-01T13:28:56.465+0900] {logging_mixin.py:151} INFO - [2023-09-01T13:28:56.464+0900] {dag.py:2907} INFO - Sync 1 DAGs
[2023-09-01T13:28:56.476+0900] {logging_mixin.py:151} INFO - [2023-09-01T13:28:56.476+0900] {dag.py:3677} INFO - Setting next_dagrun for example_xcom to 2021-01-01T00:00:00+00:00, run_after=2021-01-01T00:00:00+00:00
[2023-09-01T13:28:56.486+0900] {processor.py:179} INFO - Processing /usr/local/lib/python3.8/dist-packages/airflow/example_dags/example_xcom.py took 0.055 seconds
[2023-09-01T13:29:40.797+0900] {processor.py:157} INFO - Started process (PID=16591) to work on /usr/local/lib/python3.8/dist-packages/airflow/example_dags/example_xcom.py
[2023-09-01T13:29:40.798+0900] {processor.py:829} INFO - Processing file /usr/local/lib/python3.8/dist-packages/airflow/example_dags/example_xcom.py for tasks to queue
[2023-09-01T13:29:40.799+0900] {logging_mixin.py:151} INFO - [2023-09-01T13:29:40.799+0900] {dagbag.py:539} INFO - Filling up the DagBag from /usr/local/lib/python3.8/dist-packages/airflow/example_dags/example_xcom.py
[2023-09-01T13:29:40.808+0900] {processor.py:839} INFO - DAG(s) dict_keys(['example_xcom']) retrieved from /usr/local/lib/python3.8/dist-packages/airflow/example_dags/example_xcom.py
[2023-09-01T13:29:40.825+0900] {logging_mixin.py:151} INFO - [2023-09-01T13:29:40.825+0900] {dag.py:2907} INFO - Sync 1 DAGs
[2023-09-01T13:29:40.838+0900] {logging_mixin.py:151} INFO - [2023-09-01T13:29:40.838+0900] {dag.py:3677} INFO - Setting next_dagrun for example_xcom to 2021-01-01T00:00:00+00:00, run_after=2021-01-01T00:00:00+00:00
[2023-09-01T13:29:40.850+0900] {processor.py:179} INFO - Processing /usr/local/lib/python3.8/dist-packages/airflow/example_dags/example_xcom.py took 0.056 seconds
[2023-09-01T13:30:27.002+0900] {processor.py:157} INFO - Started process (PID=17038) to work on /usr/local/lib/python3.8/dist-packages/airflow/example_dags/example_xcom.py
[2023-09-01T13:30:27.003+0900] {processor.py:829} INFO - Processing file /usr/local/lib/python3.8/dist-packages/airflow/example_dags/example_xcom.py for tasks to queue
[2023-09-01T13:30:27.003+0900] {logging_mixin.py:151} INFO - [2023-09-01T13:30:27.003+0900] {dagbag.py:539} INFO - Filling up the DagBag from /usr/local/lib/python3.8/dist-packages/airflow/example_dags/example_xcom.py
[2023-09-01T13:30:27.009+0900] {processor.py:839} INFO - DAG(s) dict_keys(['example_xcom']) retrieved from /usr/local/lib/python3.8/dist-packages/airflow/example_dags/example_xcom.py
[2023-09-01T13:30:27.020+0900] {logging_mixin.py:151} INFO - [2023-09-01T13:30:27.020+0900] {dag.py:2907} INFO - Sync 1 DAGs
[2023-09-01T13:30:27.030+0900] {logging_mixin.py:151} INFO - [2023-09-01T13:30:27.029+0900] {dag.py:3677} INFO - Setting next_dagrun for example_xcom to 2021-01-01T00:00:00+00:00, run_after=2021-01-01T00:00:00+00:00
[2023-09-01T13:30:27.040+0900] {processor.py:179} INFO - Processing /usr/local/lib/python3.8/dist-packages/airflow/example_dags/example_xcom.py took 0.040 seconds
[2023-09-01T13:31:09.357+0900] {processor.py:157} INFO - Started process (PID=17455) to work on /usr/local/lib/python3.8/dist-packages/airflow/example_dags/example_xcom.py
[2023-09-01T13:31:09.358+0900] {processor.py:829} INFO - Processing file /usr/local/lib/python3.8/dist-packages/airflow/example_dags/example_xcom.py for tasks to queue
[2023-09-01T13:31:09.360+0900] {logging_mixin.py:151} INFO - [2023-09-01T13:31:09.359+0900] {dagbag.py:539} INFO - Filling up the DagBag from /usr/local/lib/python3.8/dist-packages/airflow/example_dags/example_xcom.py
[2023-09-01T13:31:09.369+0900] {processor.py:839} INFO - DAG(s) dict_keys(['example_xcom']) retrieved from /usr/local/lib/python3.8/dist-packages/airflow/example_dags/example_xcom.py
[2023-09-01T13:31:09.385+0900] {logging_mixin.py:151} INFO - [2023-09-01T13:31:09.385+0900] {dag.py:2907} INFO - Sync 1 DAGs
[2023-09-01T13:31:09.396+0900] {logging_mixin.py:151} INFO - [2023-09-01T13:31:09.396+0900] {dag.py:3677} INFO - Setting next_dagrun for example_xcom to 2021-01-01T00:00:00+00:00, run_after=2021-01-01T00:00:00+00:00
[2023-09-01T13:31:09.406+0900] {processor.py:179} INFO - Processing /usr/local/lib/python3.8/dist-packages/airflow/example_dags/example_xcom.py took 0.055 seconds
[2023-09-01T13:31:53.933+0900] {processor.py:157} INFO - Started process (PID=17874) to work on /usr/local/lib/python3.8/dist-packages/airflow/example_dags/example_xcom.py
[2023-09-01T13:31:53.934+0900] {processor.py:829} INFO - Processing file /usr/local/lib/python3.8/dist-packages/airflow/example_dags/example_xcom.py for tasks to queue
[2023-09-01T13:31:53.935+0900] {logging_mixin.py:151} INFO - [2023-09-01T13:31:53.934+0900] {dagbag.py:539} INFO - Filling up the DagBag from /usr/local/lib/python3.8/dist-packages/airflow/example_dags/example_xcom.py
[2023-09-01T13:31:53.946+0900] {processor.py:839} INFO - DAG(s) dict_keys(['example_xcom']) retrieved from /usr/local/lib/python3.8/dist-packages/airflow/example_dags/example_xcom.py
[2023-09-01T13:31:53.962+0900] {logging_mixin.py:151} INFO - [2023-09-01T13:31:53.962+0900] {dag.py:2907} INFO - Sync 1 DAGs
[2023-09-01T13:31:53.979+0900] {logging_mixin.py:151} INFO - [2023-09-01T13:31:53.979+0900] {dag.py:3677} INFO - Setting next_dagrun for example_xcom to 2021-01-01T00:00:00+00:00, run_after=2021-01-01T00:00:00+00:00
[2023-09-01T13:31:53.991+0900] {processor.py:179} INFO - Processing /usr/local/lib/python3.8/dist-packages/airflow/example_dags/example_xcom.py took 0.063 seconds
[2023-09-01T13:32:39.070+0900] {processor.py:157} INFO - Started process (PID=18316) to work on /usr/local/lib/python3.8/dist-packages/airflow/example_dags/example_xcom.py
[2023-09-01T13:32:39.071+0900] {processor.py:829} INFO - Processing file /usr/local/lib/python3.8/dist-packages/airflow/example_dags/example_xcom.py for tasks to queue
[2023-09-01T13:32:39.072+0900] {logging_mixin.py:151} INFO - [2023-09-01T13:32:39.071+0900] {dagbag.py:539} INFO - Filling up the DagBag from /usr/local/lib/python3.8/dist-packages/airflow/example_dags/example_xcom.py
[2023-09-01T13:32:39.078+0900] {processor.py:839} INFO - DAG(s) dict_keys(['example_xcom']) retrieved from /usr/local/lib/python3.8/dist-packages/airflow/example_dags/example_xcom.py
[2023-09-01T13:32:39.090+0900] {logging_mixin.py:151} INFO - [2023-09-01T13:32:39.090+0900] {dag.py:2907} INFO - Sync 1 DAGs
[2023-09-01T13:32:39.099+0900] {logging_mixin.py:151} INFO - [2023-09-01T13:32:39.099+0900] {dag.py:3677} INFO - Setting next_dagrun for example_xcom to 2021-01-01T00:00:00+00:00, run_after=2021-01-01T00:00:00+00:00
[2023-09-01T13:32:39.110+0900] {processor.py:179} INFO - Processing /usr/local/lib/python3.8/dist-packages/airflow/example_dags/example_xcom.py took 0.042 seconds
[2023-09-01T13:33:24.232+0900] {processor.py:157} INFO - Started process (PID=18756) to work on /usr/local/lib/python3.8/dist-packages/airflow/example_dags/example_xcom.py
[2023-09-01T13:33:24.233+0900] {processor.py:829} INFO - Processing file /usr/local/lib/python3.8/dist-packages/airflow/example_dags/example_xcom.py for tasks to queue
[2023-09-01T13:33:24.234+0900] {logging_mixin.py:151} INFO - [2023-09-01T13:33:24.233+0900] {dagbag.py:539} INFO - Filling up the DagBag from /usr/local/lib/python3.8/dist-packages/airflow/example_dags/example_xcom.py
[2023-09-01T13:33:24.241+0900] {processor.py:839} INFO - DAG(s) dict_keys(['example_xcom']) retrieved from /usr/local/lib/python3.8/dist-packages/airflow/example_dags/example_xcom.py
[2023-09-01T13:33:24.253+0900] {logging_mixin.py:151} INFO - [2023-09-01T13:33:24.252+0900] {dag.py:2907} INFO - Sync 1 DAGs
[2023-09-01T13:33:24.262+0900] {logging_mixin.py:151} INFO - [2023-09-01T13:33:24.262+0900] {dag.py:3677} INFO - Setting next_dagrun for example_xcom to 2021-01-01T00:00:00+00:00, run_after=2021-01-01T00:00:00+00:00
[2023-09-01T13:33:24.272+0900] {processor.py:179} INFO - Processing /usr/local/lib/python3.8/dist-packages/airflow/example_dags/example_xcom.py took 0.043 seconds
[2023-09-01T13:34:11.421+0900] {processor.py:157} INFO - Started process (PID=19241) to work on /usr/local/lib/python3.8/dist-packages/airflow/example_dags/example_xcom.py
[2023-09-01T13:34:11.422+0900] {processor.py:829} INFO - Processing file /usr/local/lib/python3.8/dist-packages/airflow/example_dags/example_xcom.py for tasks to queue
[2023-09-01T13:34:11.424+0900] {logging_mixin.py:151} INFO - [2023-09-01T13:34:11.423+0900] {dagbag.py:539} INFO - Filling up the DagBag from /usr/local/lib/python3.8/dist-packages/airflow/example_dags/example_xcom.py
[2023-09-01T13:34:11.437+0900] {processor.py:839} INFO - DAG(s) dict_keys(['example_xcom']) retrieved from /usr/local/lib/python3.8/dist-packages/airflow/example_dags/example_xcom.py
[2023-09-01T13:34:11.455+0900] {logging_mixin.py:151} INFO - [2023-09-01T13:34:11.455+0900] {dag.py:2907} INFO - Sync 1 DAGs
[2023-09-01T13:34:11.467+0900] {logging_mixin.py:151} INFO - [2023-09-01T13:34:11.467+0900] {dag.py:3677} INFO - Setting next_dagrun for example_xcom to 2021-01-01T00:00:00+00:00, run_after=2021-01-01T00:00:00+00:00
[2023-09-01T13:34:11.478+0900] {processor.py:179} INFO - Processing /usr/local/lib/python3.8/dist-packages/airflow/example_dags/example_xcom.py took 0.064 seconds
[2023-09-01T13:34:54.382+0900] {processor.py:157} INFO - Started process (PID=19648) to work on /usr/local/lib/python3.8/dist-packages/airflow/example_dags/example_xcom.py
[2023-09-01T13:34:54.384+0900] {processor.py:829} INFO - Processing file /usr/local/lib/python3.8/dist-packages/airflow/example_dags/example_xcom.py for tasks to queue
[2023-09-01T13:34:54.384+0900] {logging_mixin.py:151} INFO - [2023-09-01T13:34:54.384+0900] {dagbag.py:539} INFO - Filling up the DagBag from /usr/local/lib/python3.8/dist-packages/airflow/example_dags/example_xcom.py
[2023-09-01T13:34:54.389+0900] {processor.py:839} INFO - DAG(s) dict_keys(['example_xcom']) retrieved from /usr/local/lib/python3.8/dist-packages/airflow/example_dags/example_xcom.py
[2023-09-01T13:34:54.401+0900] {logging_mixin.py:151} INFO - [2023-09-01T13:34:54.401+0900] {dag.py:2907} INFO - Sync 1 DAGs
[2023-09-01T13:34:54.411+0900] {logging_mixin.py:151} INFO - [2023-09-01T13:34:54.411+0900] {dag.py:3677} INFO - Setting next_dagrun for example_xcom to 2021-01-01T00:00:00+00:00, run_after=2021-01-01T00:00:00+00:00
[2023-09-01T13:34:54.423+0900] {processor.py:179} INFO - Processing /usr/local/lib/python3.8/dist-packages/airflow/example_dags/example_xcom.py took 0.046 seconds
[2023-09-01T13:35:37.913+0900] {processor.py:157} INFO - Started process (PID=20074) to work on /usr/local/lib/python3.8/dist-packages/airflow/example_dags/example_xcom.py
[2023-09-01T13:35:37.915+0900] {processor.py:829} INFO - Processing file /usr/local/lib/python3.8/dist-packages/airflow/example_dags/example_xcom.py for tasks to queue
[2023-09-01T13:35:37.917+0900] {logging_mixin.py:151} INFO - [2023-09-01T13:35:37.915+0900] {dagbag.py:539} INFO - Filling up the DagBag from /usr/local/lib/python3.8/dist-packages/airflow/example_dags/example_xcom.py
[2023-09-01T13:35:37.924+0900] {processor.py:839} INFO - DAG(s) dict_keys(['example_xcom']) retrieved from /usr/local/lib/python3.8/dist-packages/airflow/example_dags/example_xcom.py
[2023-09-01T13:35:37.941+0900] {logging_mixin.py:151} INFO - [2023-09-01T13:35:37.941+0900] {dag.py:2907} INFO - Sync 1 DAGs
[2023-09-01T13:35:37.955+0900] {logging_mixin.py:151} INFO - [2023-09-01T13:35:37.954+0900] {dag.py:3677} INFO - Setting next_dagrun for example_xcom to 2021-01-01T00:00:00+00:00, run_after=2021-01-01T00:00:00+00:00
[2023-09-01T13:35:37.967+0900] {processor.py:179} INFO - Processing /usr/local/lib/python3.8/dist-packages/airflow/example_dags/example_xcom.py took 0.057 seconds
[2023-09-01T13:36:25.067+0900] {processor.py:157} INFO - Started process (PID=20533) to work on /usr/local/lib/python3.8/dist-packages/airflow/example_dags/example_xcom.py
[2023-09-01T13:36:25.068+0900] {processor.py:829} INFO - Processing file /usr/local/lib/python3.8/dist-packages/airflow/example_dags/example_xcom.py for tasks to queue
[2023-09-01T13:36:25.070+0900] {logging_mixin.py:151} INFO - [2023-09-01T13:36:25.069+0900] {dagbag.py:539} INFO - Filling up the DagBag from /usr/local/lib/python3.8/dist-packages/airflow/example_dags/example_xcom.py
[2023-09-01T13:36:25.079+0900] {processor.py:839} INFO - DAG(s) dict_keys(['example_xcom']) retrieved from /usr/local/lib/python3.8/dist-packages/airflow/example_dags/example_xcom.py
[2023-09-01T13:36:25.094+0900] {logging_mixin.py:151} INFO - [2023-09-01T13:36:25.094+0900] {dag.py:2907} INFO - Sync 1 DAGs
[2023-09-01T13:36:25.106+0900] {logging_mixin.py:151} INFO - [2023-09-01T13:36:25.106+0900] {dag.py:3677} INFO - Setting next_dagrun for example_xcom to 2021-01-01T00:00:00+00:00, run_after=2021-01-01T00:00:00+00:00
[2023-09-01T13:36:25.117+0900] {processor.py:179} INFO - Processing /usr/local/lib/python3.8/dist-packages/airflow/example_dags/example_xcom.py took 0.055 seconds
[2023-09-01T13:37:11.459+0900] {processor.py:157} INFO - Started process (PID=20980) to work on /usr/local/lib/python3.8/dist-packages/airflow/example_dags/example_xcom.py
[2023-09-01T13:37:11.460+0900] {processor.py:829} INFO - Processing file /usr/local/lib/python3.8/dist-packages/airflow/example_dags/example_xcom.py for tasks to queue
[2023-09-01T13:37:11.462+0900] {logging_mixin.py:151} INFO - [2023-09-01T13:37:11.461+0900] {dagbag.py:539} INFO - Filling up the DagBag from /usr/local/lib/python3.8/dist-packages/airflow/example_dags/example_xcom.py
[2023-09-01T13:37:11.472+0900] {processor.py:839} INFO - DAG(s) dict_keys(['example_xcom']) retrieved from /usr/local/lib/python3.8/dist-packages/airflow/example_dags/example_xcom.py
[2023-09-01T13:37:11.490+0900] {logging_mixin.py:151} INFO - [2023-09-01T13:37:11.490+0900] {dag.py:2907} INFO - Sync 1 DAGs
[2023-09-01T13:37:11.501+0900] {logging_mixin.py:151} INFO - [2023-09-01T13:37:11.501+0900] {dag.py:3677} INFO - Setting next_dagrun for example_xcom to 2021-01-01T00:00:00+00:00, run_after=2021-01-01T00:00:00+00:00
[2023-09-01T13:37:11.513+0900] {processor.py:179} INFO - Processing /usr/local/lib/python3.8/dist-packages/airflow/example_dags/example_xcom.py took 0.059 seconds
[2023-09-01T13:37:59.311+0900] {processor.py:157} INFO - Started process (PID=21440) to work on /usr/local/lib/python3.8/dist-packages/airflow/example_dags/example_xcom.py
[2023-09-01T13:37:59.313+0900] {processor.py:829} INFO - Processing file /usr/local/lib/python3.8/dist-packages/airflow/example_dags/example_xcom.py for tasks to queue
[2023-09-01T13:37:59.315+0900] {logging_mixin.py:151} INFO - [2023-09-01T13:37:59.314+0900] {dagbag.py:539} INFO - Filling up the DagBag from /usr/local/lib/python3.8/dist-packages/airflow/example_dags/example_xcom.py
[2023-09-01T13:37:59.323+0900] {processor.py:839} INFO - DAG(s) dict_keys(['example_xcom']) retrieved from /usr/local/lib/python3.8/dist-packages/airflow/example_dags/example_xcom.py
[2023-09-01T13:37:59.339+0900] {logging_mixin.py:151} INFO - [2023-09-01T13:37:59.339+0900] {dag.py:2907} INFO - Sync 1 DAGs
[2023-09-01T13:37:59.350+0900] {logging_mixin.py:151} INFO - [2023-09-01T13:37:59.350+0900] {dag.py:3677} INFO - Setting next_dagrun for example_xcom to 2021-01-01T00:00:00+00:00, run_after=2021-01-01T00:00:00+00:00
[2023-09-01T13:37:59.360+0900] {processor.py:179} INFO - Processing /usr/local/lib/python3.8/dist-packages/airflow/example_dags/example_xcom.py took 0.054 seconds
[2023-09-01T13:38:43.833+0900] {processor.py:157} INFO - Started process (PID=21869) to work on /usr/local/lib/python3.8/dist-packages/airflow/example_dags/example_xcom.py
[2023-09-01T13:38:43.834+0900] {processor.py:829} INFO - Processing file /usr/local/lib/python3.8/dist-packages/airflow/example_dags/example_xcom.py for tasks to queue
[2023-09-01T13:38:43.835+0900] {logging_mixin.py:151} INFO - [2023-09-01T13:38:43.834+0900] {dagbag.py:539} INFO - Filling up the DagBag from /usr/local/lib/python3.8/dist-packages/airflow/example_dags/example_xcom.py
[2023-09-01T13:38:43.845+0900] {processor.py:839} INFO - DAG(s) dict_keys(['example_xcom']) retrieved from /usr/local/lib/python3.8/dist-packages/airflow/example_dags/example_xcom.py
[2023-09-01T13:38:43.861+0900] {logging_mixin.py:151} INFO - [2023-09-01T13:38:43.860+0900] {dag.py:2907} INFO - Sync 1 DAGs
[2023-09-01T13:38:43.872+0900] {logging_mixin.py:151} INFO - [2023-09-01T13:38:43.872+0900] {dag.py:3677} INFO - Setting next_dagrun for example_xcom to 2021-01-01T00:00:00+00:00, run_after=2021-01-01T00:00:00+00:00
[2023-09-01T13:38:43.883+0900] {processor.py:179} INFO - Processing /usr/local/lib/python3.8/dist-packages/airflow/example_dags/example_xcom.py took 0.055 seconds
