[2023-09-01T13:08:06.807+0900] {processor.py:157} INFO - Started process (PID=2298) to work on /usr/local/lib/python3.8/dist-packages/airflow/example_dags/example_branch_operator_decorator.py
[2023-09-01T13:08:06.807+0900] {processor.py:829} INFO - Processing file /usr/local/lib/python3.8/dist-packages/airflow/example_dags/example_branch_operator_decorator.py for tasks to queue
[2023-09-01T13:08:06.808+0900] {logging_mixin.py:151} INFO - [2023-09-01T13:08:06.808+0900] {dagbag.py:539} INFO - Filling up the DagBag from /usr/local/lib/python3.8/dist-packages/airflow/example_dags/example_branch_operator_decorator.py
[2023-09-01T13:08:06.814+0900] {processor.py:839} INFO - DAG(s) dict_keys(['example_branch_python_operator_decorator']) retrieved from /usr/local/lib/python3.8/dist-packages/airflow/example_dags/example_branch_operator_decorator.py
[2023-09-01T13:08:06.858+0900] {logging_mixin.py:151} INFO - [2023-09-01T13:08:06.858+0900] {manager.py:501} INFO - Created Permission View: can delete on DAG:example_branch_python_operator_decorator
[2023-09-01T13:08:06.863+0900] {logging_mixin.py:151} INFO - [2023-09-01T13:08:06.862+0900] {manager.py:501} INFO - Created Permission View: can read on DAG:example_branch_python_operator_decorator
[2023-09-01T13:08:06.866+0900] {logging_mixin.py:151} INFO - [2023-09-01T13:08:06.866+0900] {manager.py:501} INFO - Created Permission View: can edit on DAG:example_branch_python_operator_decorator
[2023-09-01T13:08:06.871+0900] {logging_mixin.py:151} INFO - [2023-09-01T13:08:06.871+0900] {dag.py:2907} INFO - Sync 1 DAGs
[2023-09-01T13:08:06.875+0900] {logging_mixin.py:151} INFO - [2023-09-01T13:08:06.875+0900] {dag.py:2929} INFO - Creating ORM DAG for example_branch_python_operator_decorator
[2023-09-01T13:08:06.878+0900] {logging_mixin.py:151} INFO - [2023-09-01T13:08:06.878+0900] {dag.py:3677} INFO - Setting next_dagrun for example_branch_python_operator_decorator to 2023-08-31T00:00:00+00:00, run_after=2023-09-01T00:00:00+00:00
[2023-09-01T13:08:06.887+0900] {processor.py:179} INFO - Processing /usr/local/lib/python3.8/dist-packages/airflow/example_dags/example_branch_operator_decorator.py took 0.082 seconds
[2023-09-01T13:09:04.183+0900] {processor.py:157} INFO - Started process (PID=4070) to work on /usr/local/lib/python3.8/dist-packages/airflow/example_dags/example_branch_operator_decorator.py
[2023-09-01T13:09:04.186+0900] {processor.py:829} INFO - Processing file /usr/local/lib/python3.8/dist-packages/airflow/example_dags/example_branch_operator_decorator.py for tasks to queue
[2023-09-01T13:09:04.187+0900] {logging_mixin.py:151} INFO - [2023-09-01T13:09:04.186+0900] {dagbag.py:539} INFO - Filling up the DagBag from /usr/local/lib/python3.8/dist-packages/airflow/example_dags/example_branch_operator_decorator.py
[2023-09-01T13:09:04.202+0900] {processor.py:839} INFO - DAG(s) dict_keys(['example_branch_python_operator_decorator']) retrieved from /usr/local/lib/python3.8/dist-packages/airflow/example_dags/example_branch_operator_decorator.py
[2023-09-01T13:09:04.220+0900] {logging_mixin.py:151} INFO - [2023-09-01T13:09:04.220+0900] {dag.py:2907} INFO - Sync 1 DAGs
[2023-09-01T13:09:04.233+0900] {logging_mixin.py:151} INFO - [2023-09-01T13:09:04.233+0900] {dag.py:3677} INFO - Setting next_dagrun for example_branch_python_operator_decorator to 2023-08-31T00:00:00+00:00, run_after=2023-09-01T00:00:00+00:00
[2023-09-01T13:09:04.244+0900] {processor.py:179} INFO - Processing /usr/local/lib/python3.8/dist-packages/airflow/example_dags/example_branch_operator_decorator.py took 0.066 seconds
[2023-09-01T13:09:51.701+0900] {processor.py:157} INFO - Started process (PID=4530) to work on /usr/local/lib/python3.8/dist-packages/airflow/example_dags/example_branch_operator_decorator.py
[2023-09-01T13:09:51.703+0900] {processor.py:829} INFO - Processing file /usr/local/lib/python3.8/dist-packages/airflow/example_dags/example_branch_operator_decorator.py for tasks to queue
[2023-09-01T13:09:51.704+0900] {logging_mixin.py:151} INFO - [2023-09-01T13:09:51.703+0900] {dagbag.py:539} INFO - Filling up the DagBag from /usr/local/lib/python3.8/dist-packages/airflow/example_dags/example_branch_operator_decorator.py
[2023-09-01T13:09:51.720+0900] {processor.py:839} INFO - DAG(s) dict_keys(['example_branch_python_operator_decorator']) retrieved from /usr/local/lib/python3.8/dist-packages/airflow/example_dags/example_branch_operator_decorator.py
[2023-09-01T13:09:51.738+0900] {logging_mixin.py:151} INFO - [2023-09-01T13:09:51.738+0900] {dag.py:2907} INFO - Sync 1 DAGs
[2023-09-01T13:09:51.752+0900] {logging_mixin.py:151} INFO - [2023-09-01T13:09:51.752+0900] {dag.py:3677} INFO - Setting next_dagrun for example_branch_python_operator_decorator to 2023-08-31T00:00:00+00:00, run_after=2023-09-01T00:00:00+00:00
[2023-09-01T13:09:51.765+0900] {processor.py:179} INFO - Processing /usr/local/lib/python3.8/dist-packages/airflow/example_dags/example_branch_operator_decorator.py took 0.069 seconds
[2023-09-01T13:10:40.282+0900] {processor.py:157} INFO - Started process (PID=5005) to work on /usr/local/lib/python3.8/dist-packages/airflow/example_dags/example_branch_operator_decorator.py
[2023-09-01T13:10:40.283+0900] {processor.py:829} INFO - Processing file /usr/local/lib/python3.8/dist-packages/airflow/example_dags/example_branch_operator_decorator.py for tasks to queue
[2023-09-01T13:10:40.284+0900] {logging_mixin.py:151} INFO - [2023-09-01T13:10:40.283+0900] {dagbag.py:539} INFO - Filling up the DagBag from /usr/local/lib/python3.8/dist-packages/airflow/example_dags/example_branch_operator_decorator.py
[2023-09-01T13:10:40.297+0900] {processor.py:839} INFO - DAG(s) dict_keys(['example_branch_python_operator_decorator']) retrieved from /usr/local/lib/python3.8/dist-packages/airflow/example_dags/example_branch_operator_decorator.py
[2023-09-01T13:10:40.312+0900] {logging_mixin.py:151} INFO - [2023-09-01T13:10:40.312+0900] {dag.py:2907} INFO - Sync 1 DAGs
[2023-09-01T13:10:40.325+0900] {logging_mixin.py:151} INFO - [2023-09-01T13:10:40.325+0900] {dag.py:3677} INFO - Setting next_dagrun for example_branch_python_operator_decorator to 2023-08-31T00:00:00+00:00, run_after=2023-09-01T00:00:00+00:00
[2023-09-01T13:10:40.334+0900] {processor.py:179} INFO - Processing /usr/local/lib/python3.8/dist-packages/airflow/example_dags/example_branch_operator_decorator.py took 0.057 seconds
[2023-09-01T13:11:29.994+0900] {processor.py:157} INFO - Started process (PID=5511) to work on /usr/local/lib/python3.8/dist-packages/airflow/example_dags/example_branch_operator_decorator.py
[2023-09-01T13:11:29.996+0900] {processor.py:829} INFO - Processing file /usr/local/lib/python3.8/dist-packages/airflow/example_dags/example_branch_operator_decorator.py for tasks to queue
[2023-09-01T13:11:29.997+0900] {logging_mixin.py:151} INFO - [2023-09-01T13:11:29.996+0900] {dagbag.py:539} INFO - Filling up the DagBag from /usr/local/lib/python3.8/dist-packages/airflow/example_dags/example_branch_operator_decorator.py
[2023-09-01T13:11:30.003+0900] {processor.py:839} INFO - DAG(s) dict_keys(['example_branch_python_operator_decorator']) retrieved from /usr/local/lib/python3.8/dist-packages/airflow/example_dags/example_branch_operator_decorator.py
[2023-09-01T13:11:30.014+0900] {logging_mixin.py:151} INFO - [2023-09-01T13:11:30.013+0900] {dag.py:2907} INFO - Sync 1 DAGs
[2023-09-01T13:11:30.023+0900] {logging_mixin.py:151} INFO - [2023-09-01T13:11:30.023+0900] {dag.py:3677} INFO - Setting next_dagrun for example_branch_python_operator_decorator to 2023-08-31T00:00:00+00:00, run_after=2023-09-01T00:00:00+00:00
[2023-09-01T13:11:30.033+0900] {processor.py:179} INFO - Processing /usr/local/lib/python3.8/dist-packages/airflow/example_dags/example_branch_operator_decorator.py took 0.045 seconds
[2023-09-01T13:13:19.223+0900] {processor.py:157} INFO - Started process (PID=6138) to work on /usr/local/lib/python3.8/dist-packages/airflow/example_dags/example_branch_operator_decorator.py
[2023-09-01T13:13:19.224+0900] {processor.py:829} INFO - Processing file /usr/local/lib/python3.8/dist-packages/airflow/example_dags/example_branch_operator_decorator.py for tasks to queue
[2023-09-01T13:13:19.226+0900] {logging_mixin.py:151} INFO - [2023-09-01T13:13:19.225+0900] {dagbag.py:539} INFO - Filling up the DagBag from /usr/local/lib/python3.8/dist-packages/airflow/example_dags/example_branch_operator_decorator.py
[2023-09-01T13:13:19.235+0900] {processor.py:839} INFO - DAG(s) dict_keys(['example_branch_python_operator_decorator']) retrieved from /usr/local/lib/python3.8/dist-packages/airflow/example_dags/example_branch_operator_decorator.py
[2023-09-01T13:13:19.247+0900] {logging_mixin.py:151} INFO - [2023-09-01T13:13:19.247+0900] {dag.py:2907} INFO - Sync 1 DAGs
[2023-09-01T13:13:19.259+0900] {logging_mixin.py:151} INFO - [2023-09-01T13:13:19.259+0900] {dag.py:3677} INFO - Setting next_dagrun for example_branch_python_operator_decorator to 2023-08-31T00:00:00+00:00, run_after=2023-09-01T00:00:00+00:00
[2023-09-01T13:13:19.270+0900] {processor.py:179} INFO - Processing /usr/local/lib/python3.8/dist-packages/airflow/example_dags/example_branch_operator_decorator.py took 0.050 seconds
[2023-09-01T13:14:16.265+0900] {processor.py:157} INFO - Started process (PID=6688) to work on /usr/local/lib/python3.8/dist-packages/airflow/example_dags/example_branch_operator_decorator.py
[2023-09-01T13:14:16.267+0900] {processor.py:829} INFO - Processing file /usr/local/lib/python3.8/dist-packages/airflow/example_dags/example_branch_operator_decorator.py for tasks to queue
[2023-09-01T13:14:16.269+0900] {logging_mixin.py:151} INFO - [2023-09-01T13:14:16.268+0900] {dagbag.py:539} INFO - Filling up the DagBag from /usr/local/lib/python3.8/dist-packages/airflow/example_dags/example_branch_operator_decorator.py
[2023-09-01T13:14:16.283+0900] {processor.py:839} INFO - DAG(s) dict_keys(['example_branch_python_operator_decorator']) retrieved from /usr/local/lib/python3.8/dist-packages/airflow/example_dags/example_branch_operator_decorator.py
[2023-09-01T13:14:16.302+0900] {logging_mixin.py:151} INFO - [2023-09-01T13:14:16.301+0900] {dag.py:2907} INFO - Sync 1 DAGs
[2023-09-01T13:14:16.317+0900] {logging_mixin.py:151} INFO - [2023-09-01T13:14:16.316+0900] {dag.py:3677} INFO - Setting next_dagrun for example_branch_python_operator_decorator to 2023-08-31T00:00:00+00:00, run_after=2023-09-01T00:00:00+00:00
[2023-09-01T13:14:16.330+0900] {processor.py:179} INFO - Processing /usr/local/lib/python3.8/dist-packages/airflow/example_dags/example_branch_operator_decorator.py took 0.069 seconds
[2023-09-01T13:15:14.097+0900] {processor.py:157} INFO - Started process (PID=7807) to work on /usr/local/lib/python3.8/dist-packages/airflow/example_dags/example_branch_operator_decorator.py
[2023-09-01T13:15:14.098+0900] {processor.py:829} INFO - Processing file /usr/local/lib/python3.8/dist-packages/airflow/example_dags/example_branch_operator_decorator.py for tasks to queue
[2023-09-01T13:15:14.100+0900] {logging_mixin.py:151} INFO - [2023-09-01T13:15:14.099+0900] {dagbag.py:539} INFO - Filling up the DagBag from /usr/local/lib/python3.8/dist-packages/airflow/example_dags/example_branch_operator_decorator.py
[2023-09-01T13:15:14.112+0900] {processor.py:839} INFO - DAG(s) dict_keys(['example_branch_python_operator_decorator']) retrieved from /usr/local/lib/python3.8/dist-packages/airflow/example_dags/example_branch_operator_decorator.py
[2023-09-01T13:15:14.128+0900] {logging_mixin.py:151} INFO - [2023-09-01T13:15:14.127+0900] {dag.py:2907} INFO - Sync 1 DAGs
[2023-09-01T13:15:14.140+0900] {logging_mixin.py:151} INFO - [2023-09-01T13:15:14.140+0900] {dag.py:3677} INFO - Setting next_dagrun for example_branch_python_operator_decorator to 2023-08-31T00:00:00+00:00, run_after=2023-09-01T00:00:00+00:00
[2023-09-01T13:15:14.150+0900] {processor.py:179} INFO - Processing /usr/local/lib/python3.8/dist-packages/airflow/example_dags/example_branch_operator_decorator.py took 0.058 seconds
[2023-09-01T13:15:59.534+0900] {processor.py:157} INFO - Started process (PID=8285) to work on /usr/local/lib/python3.8/dist-packages/airflow/example_dags/example_branch_operator_decorator.py
[2023-09-01T13:15:59.535+0900] {processor.py:829} INFO - Processing file /usr/local/lib/python3.8/dist-packages/airflow/example_dags/example_branch_operator_decorator.py for tasks to queue
[2023-09-01T13:15:59.537+0900] {logging_mixin.py:151} INFO - [2023-09-01T13:15:59.536+0900] {dagbag.py:539} INFO - Filling up the DagBag from /usr/local/lib/python3.8/dist-packages/airflow/example_dags/example_branch_operator_decorator.py
[2023-09-01T13:15:59.549+0900] {processor.py:839} INFO - DAG(s) dict_keys(['example_branch_python_operator_decorator']) retrieved from /usr/local/lib/python3.8/dist-packages/airflow/example_dags/example_branch_operator_decorator.py
[2023-09-01T13:15:59.566+0900] {logging_mixin.py:151} INFO - [2023-09-01T13:15:59.566+0900] {dag.py:2907} INFO - Sync 1 DAGs
[2023-09-01T13:15:59.577+0900] {logging_mixin.py:151} INFO - [2023-09-01T13:15:59.577+0900] {dag.py:3677} INFO - Setting next_dagrun for example_branch_python_operator_decorator to 2023-08-31T00:00:00+00:00, run_after=2023-09-01T00:00:00+00:00
[2023-09-01T13:15:59.589+0900] {processor.py:179} INFO - Processing /usr/local/lib/python3.8/dist-packages/airflow/example_dags/example_branch_operator_decorator.py took 0.060 seconds
[2023-09-01T13:16:44.436+0900] {processor.py:157} INFO - Started process (PID=8727) to work on /usr/local/lib/python3.8/dist-packages/airflow/example_dags/example_branch_operator_decorator.py
[2023-09-01T13:16:44.437+0900] {processor.py:829} INFO - Processing file /usr/local/lib/python3.8/dist-packages/airflow/example_dags/example_branch_operator_decorator.py for tasks to queue
[2023-09-01T13:16:44.438+0900] {logging_mixin.py:151} INFO - [2023-09-01T13:16:44.438+0900] {dagbag.py:539} INFO - Filling up the DagBag from /usr/local/lib/python3.8/dist-packages/airflow/example_dags/example_branch_operator_decorator.py
[2023-09-01T13:16:44.448+0900] {processor.py:839} INFO - DAG(s) dict_keys(['example_branch_python_operator_decorator']) retrieved from /usr/local/lib/python3.8/dist-packages/airflow/example_dags/example_branch_operator_decorator.py
[2023-09-01T13:16:44.462+0900] {logging_mixin.py:151} INFO - [2023-09-01T13:16:44.462+0900] {dag.py:2907} INFO - Sync 1 DAGs
[2023-09-01T13:16:44.473+0900] {logging_mixin.py:151} INFO - [2023-09-01T13:16:44.473+0900] {dag.py:3677} INFO - Setting next_dagrun for example_branch_python_operator_decorator to 2023-08-31T00:00:00+00:00, run_after=2023-09-01T00:00:00+00:00
[2023-09-01T13:16:44.483+0900] {processor.py:179} INFO - Processing /usr/local/lib/python3.8/dist-packages/airflow/example_dags/example_branch_operator_decorator.py took 0.051 seconds
[2023-09-01T13:17:31.312+0900] {processor.py:157} INFO - Started process (PID=9182) to work on /usr/local/lib/python3.8/dist-packages/airflow/example_dags/example_branch_operator_decorator.py
[2023-09-01T13:17:31.313+0900] {processor.py:829} INFO - Processing file /usr/local/lib/python3.8/dist-packages/airflow/example_dags/example_branch_operator_decorator.py for tasks to queue
[2023-09-01T13:17:31.315+0900] {logging_mixin.py:151} INFO - [2023-09-01T13:17:31.314+0900] {dagbag.py:539} INFO - Filling up the DagBag from /usr/local/lib/python3.8/dist-packages/airflow/example_dags/example_branch_operator_decorator.py
[2023-09-01T13:17:31.326+0900] {processor.py:839} INFO - DAG(s) dict_keys(['example_branch_python_operator_decorator']) retrieved from /usr/local/lib/python3.8/dist-packages/airflow/example_dags/example_branch_operator_decorator.py
[2023-09-01T13:17:31.341+0900] {logging_mixin.py:151} INFO - [2023-09-01T13:17:31.341+0900] {dag.py:2907} INFO - Sync 1 DAGs
[2023-09-01T13:17:31.352+0900] {logging_mixin.py:151} INFO - [2023-09-01T13:17:31.352+0900] {dag.py:3677} INFO - Setting next_dagrun for example_branch_python_operator_decorator to 2023-08-31T00:00:00+00:00, run_after=2023-09-01T00:00:00+00:00
[2023-09-01T13:17:31.362+0900] {processor.py:179} INFO - Processing /usr/local/lib/python3.8/dist-packages/airflow/example_dags/example_branch_operator_decorator.py took 0.056 seconds
[2023-09-01T13:18:18.222+0900] {processor.py:157} INFO - Started process (PID=9682) to work on /usr/local/lib/python3.8/dist-packages/airflow/example_dags/example_branch_operator_decorator.py
[2023-09-01T13:18:18.223+0900] {processor.py:829} INFO - Processing file /usr/local/lib/python3.8/dist-packages/airflow/example_dags/example_branch_operator_decorator.py for tasks to queue
[2023-09-01T13:18:18.224+0900] {logging_mixin.py:151} INFO - [2023-09-01T13:18:18.223+0900] {dagbag.py:539} INFO - Filling up the DagBag from /usr/local/lib/python3.8/dist-packages/airflow/example_dags/example_branch_operator_decorator.py
[2023-09-01T13:18:18.232+0900] {processor.py:839} INFO - DAG(s) dict_keys(['example_branch_python_operator_decorator']) retrieved from /usr/local/lib/python3.8/dist-packages/airflow/example_dags/example_branch_operator_decorator.py
[2023-09-01T13:18:18.245+0900] {logging_mixin.py:151} INFO - [2023-09-01T13:18:18.244+0900] {dag.py:2907} INFO - Sync 1 DAGs
[2023-09-01T13:18:18.258+0900] {logging_mixin.py:151} INFO - [2023-09-01T13:18:18.258+0900] {dag.py:3677} INFO - Setting next_dagrun for example_branch_python_operator_decorator to 2023-08-31T00:00:00+00:00, run_after=2023-09-01T00:00:00+00:00
[2023-09-01T13:18:18.269+0900] {processor.py:179} INFO - Processing /usr/local/lib/python3.8/dist-packages/airflow/example_dags/example_branch_operator_decorator.py took 0.052 seconds
[2023-09-01T13:19:02.517+0900] {processor.py:157} INFO - Started process (PID=10106) to work on /usr/local/lib/python3.8/dist-packages/airflow/example_dags/example_branch_operator_decorator.py
[2023-09-01T13:19:02.519+0900] {processor.py:829} INFO - Processing file /usr/local/lib/python3.8/dist-packages/airflow/example_dags/example_branch_operator_decorator.py for tasks to queue
[2023-09-01T13:19:02.520+0900] {logging_mixin.py:151} INFO - [2023-09-01T13:19:02.519+0900] {dagbag.py:539} INFO - Filling up the DagBag from /usr/local/lib/python3.8/dist-packages/airflow/example_dags/example_branch_operator_decorator.py
[2023-09-01T13:19:02.531+0900] {processor.py:839} INFO - DAG(s) dict_keys(['example_branch_python_operator_decorator']) retrieved from /usr/local/lib/python3.8/dist-packages/airflow/example_dags/example_branch_operator_decorator.py
[2023-09-01T13:19:02.546+0900] {logging_mixin.py:151} INFO - [2023-09-01T13:19:02.546+0900] {dag.py:2907} INFO - Sync 1 DAGs
[2023-09-01T13:19:02.558+0900] {logging_mixin.py:151} INFO - [2023-09-01T13:19:02.558+0900] {dag.py:3677} INFO - Setting next_dagrun for example_branch_python_operator_decorator to 2023-08-31T00:00:00+00:00, run_after=2023-09-01T00:00:00+00:00
[2023-09-01T13:19:02.569+0900] {processor.py:179} INFO - Processing /usr/local/lib/python3.8/dist-packages/airflow/example_dags/example_branch_operator_decorator.py took 0.056 seconds
[2023-09-01T13:19:47.954+0900] {processor.py:157} INFO - Started process (PID=10551) to work on /usr/local/lib/python3.8/dist-packages/airflow/example_dags/example_branch_operator_decorator.py
[2023-09-01T13:19:47.955+0900] {processor.py:829} INFO - Processing file /usr/local/lib/python3.8/dist-packages/airflow/example_dags/example_branch_operator_decorator.py for tasks to queue
[2023-09-01T13:19:47.956+0900] {logging_mixin.py:151} INFO - [2023-09-01T13:19:47.955+0900] {dagbag.py:539} INFO - Filling up the DagBag from /usr/local/lib/python3.8/dist-packages/airflow/example_dags/example_branch_operator_decorator.py
[2023-09-01T13:19:47.964+0900] {processor.py:839} INFO - DAG(s) dict_keys(['example_branch_python_operator_decorator']) retrieved from /usr/local/lib/python3.8/dist-packages/airflow/example_dags/example_branch_operator_decorator.py
[2023-09-01T13:19:47.974+0900] {logging_mixin.py:151} INFO - [2023-09-01T13:19:47.974+0900] {dag.py:2907} INFO - Sync 1 DAGs
[2023-09-01T13:19:47.984+0900] {logging_mixin.py:151} INFO - [2023-09-01T13:19:47.984+0900] {dag.py:3677} INFO - Setting next_dagrun for example_branch_python_operator_decorator to 2023-08-31T00:00:00+00:00, run_after=2023-09-01T00:00:00+00:00
[2023-09-01T13:19:47.993+0900] {processor.py:179} INFO - Processing /usr/local/lib/python3.8/dist-packages/airflow/example_dags/example_branch_operator_decorator.py took 0.042 seconds
[2023-09-01T13:20:46.484+0900] {processor.py:157} INFO - Started process (PID=11138) to work on /usr/local/lib/python3.8/dist-packages/airflow/example_dags/example_branch_operator_decorator.py
[2023-09-01T13:20:46.485+0900] {processor.py:829} INFO - Processing file /usr/local/lib/python3.8/dist-packages/airflow/example_dags/example_branch_operator_decorator.py for tasks to queue
[2023-09-01T13:20:46.487+0900] {logging_mixin.py:151} INFO - [2023-09-01T13:20:46.486+0900] {dagbag.py:539} INFO - Filling up the DagBag from /usr/local/lib/python3.8/dist-packages/airflow/example_dags/example_branch_operator_decorator.py
[2023-09-01T13:20:46.498+0900] {processor.py:839} INFO - DAG(s) dict_keys(['example_branch_python_operator_decorator']) retrieved from /usr/local/lib/python3.8/dist-packages/airflow/example_dags/example_branch_operator_decorator.py
[2023-09-01T13:20:46.521+0900] {logging_mixin.py:151} INFO - [2023-09-01T13:20:46.521+0900] {dag.py:2907} INFO - Sync 1 DAGs
[2023-09-01T13:20:46.536+0900] {logging_mixin.py:151} INFO - [2023-09-01T13:20:46.536+0900] {dag.py:3677} INFO - Setting next_dagrun for example_branch_python_operator_decorator to 2023-08-31T00:00:00+00:00, run_after=2023-09-01T00:00:00+00:00
[2023-09-01T13:20:46.547+0900] {processor.py:179} INFO - Processing /usr/local/lib/python3.8/dist-packages/airflow/example_dags/example_branch_operator_decorator.py took 0.068 seconds
[2023-09-01T13:21:50.532+0900] {processor.py:157} INFO - Started process (PID=11679) to work on /usr/local/lib/python3.8/dist-packages/airflow/example_dags/example_branch_operator_decorator.py
[2023-09-01T13:21:50.534+0900] {processor.py:829} INFO - Processing file /usr/local/lib/python3.8/dist-packages/airflow/example_dags/example_branch_operator_decorator.py for tasks to queue
[2023-09-01T13:21:50.535+0900] {logging_mixin.py:151} INFO - [2023-09-01T13:21:50.534+0900] {dagbag.py:539} INFO - Filling up the DagBag from /usr/local/lib/python3.8/dist-packages/airflow/example_dags/example_branch_operator_decorator.py
[2023-09-01T13:21:50.546+0900] {processor.py:839} INFO - DAG(s) dict_keys(['example_branch_python_operator_decorator']) retrieved from /usr/local/lib/python3.8/dist-packages/airflow/example_dags/example_branch_operator_decorator.py
[2023-09-01T13:21:50.560+0900] {logging_mixin.py:151} INFO - [2023-09-01T13:21:50.560+0900] {dag.py:2907} INFO - Sync 1 DAGs
[2023-09-01T13:21:50.570+0900] {logging_mixin.py:151} INFO - [2023-09-01T13:21:50.570+0900] {dag.py:3677} INFO - Setting next_dagrun for example_branch_python_operator_decorator to 2023-08-31T00:00:00+00:00, run_after=2023-09-01T00:00:00+00:00
[2023-09-01T13:21:50.580+0900] {processor.py:179} INFO - Processing /usr/local/lib/python3.8/dist-packages/airflow/example_dags/example_branch_operator_decorator.py took 0.053 seconds
[2023-09-01T13:22:48.316+0900] {processor.py:157} INFO - Started process (PID=12239) to work on /usr/local/lib/python3.8/dist-packages/airflow/example_dags/example_branch_operator_decorator.py
[2023-09-01T13:22:48.318+0900] {processor.py:829} INFO - Processing file /usr/local/lib/python3.8/dist-packages/airflow/example_dags/example_branch_operator_decorator.py for tasks to queue
[2023-09-01T13:22:48.319+0900] {logging_mixin.py:151} INFO - [2023-09-01T13:22:48.318+0900] {dagbag.py:539} INFO - Filling up the DagBag from /usr/local/lib/python3.8/dist-packages/airflow/example_dags/example_branch_operator_decorator.py
[2023-09-01T13:22:48.331+0900] {processor.py:839} INFO - DAG(s) dict_keys(['example_branch_python_operator_decorator']) retrieved from /usr/local/lib/python3.8/dist-packages/airflow/example_dags/example_branch_operator_decorator.py
[2023-09-01T13:22:48.346+0900] {logging_mixin.py:151} INFO - [2023-09-01T13:22:48.346+0900] {dag.py:2907} INFO - Sync 1 DAGs
[2023-09-01T13:22:48.358+0900] {logging_mixin.py:151} INFO - [2023-09-01T13:22:48.357+0900] {dag.py:3677} INFO - Setting next_dagrun for example_branch_python_operator_decorator to 2023-08-31T00:00:00+00:00, run_after=2023-09-01T00:00:00+00:00
[2023-09-01T13:22:48.368+0900] {processor.py:179} INFO - Processing /usr/local/lib/python3.8/dist-packages/airflow/example_dags/example_branch_operator_decorator.py took 0.058 seconds
[2023-09-01T13:23:42.415+0900] {processor.py:157} INFO - Started process (PID=12797) to work on /usr/local/lib/python3.8/dist-packages/airflow/example_dags/example_branch_operator_decorator.py
[2023-09-01T13:23:42.416+0900] {processor.py:829} INFO - Processing file /usr/local/lib/python3.8/dist-packages/airflow/example_dags/example_branch_operator_decorator.py for tasks to queue
[2023-09-01T13:23:42.417+0900] {logging_mixin.py:151} INFO - [2023-09-01T13:23:42.416+0900] {dagbag.py:539} INFO - Filling up the DagBag from /usr/local/lib/python3.8/dist-packages/airflow/example_dags/example_branch_operator_decorator.py
[2023-09-01T13:23:42.424+0900] {processor.py:839} INFO - DAG(s) dict_keys(['example_branch_python_operator_decorator']) retrieved from /usr/local/lib/python3.8/dist-packages/airflow/example_dags/example_branch_operator_decorator.py
[2023-09-01T13:23:42.434+0900] {logging_mixin.py:151} INFO - [2023-09-01T13:23:42.434+0900] {dag.py:2907} INFO - Sync 1 DAGs
[2023-09-01T13:23:42.444+0900] {logging_mixin.py:151} INFO - [2023-09-01T13:23:42.444+0900] {dag.py:3677} INFO - Setting next_dagrun for example_branch_python_operator_decorator to 2023-08-31T00:00:00+00:00, run_after=2023-09-01T00:00:00+00:00
[2023-09-01T13:23:42.453+0900] {processor.py:179} INFO - Processing /usr/local/lib/python3.8/dist-packages/airflow/example_dags/example_branch_operator_decorator.py took 0.041 seconds
[2023-09-01T13:24:31.392+0900] {processor.py:157} INFO - Started process (PID=13263) to work on /usr/local/lib/python3.8/dist-packages/airflow/example_dags/example_branch_operator_decorator.py
[2023-09-01T13:24:31.393+0900] {processor.py:829} INFO - Processing file /usr/local/lib/python3.8/dist-packages/airflow/example_dags/example_branch_operator_decorator.py for tasks to queue
[2023-09-01T13:24:31.394+0900] {logging_mixin.py:151} INFO - [2023-09-01T13:24:31.394+0900] {dagbag.py:539} INFO - Filling up the DagBag from /usr/local/lib/python3.8/dist-packages/airflow/example_dags/example_branch_operator_decorator.py
[2023-09-01T13:24:31.402+0900] {processor.py:839} INFO - DAG(s) dict_keys(['example_branch_python_operator_decorator']) retrieved from /usr/local/lib/python3.8/dist-packages/airflow/example_dags/example_branch_operator_decorator.py
[2023-09-01T13:24:31.415+0900] {logging_mixin.py:151} INFO - [2023-09-01T13:24:31.415+0900] {dag.py:2907} INFO - Sync 1 DAGs
[2023-09-01T13:24:31.430+0900] {logging_mixin.py:151} INFO - [2023-09-01T13:24:31.430+0900] {dag.py:3677} INFO - Setting next_dagrun for example_branch_python_operator_decorator to 2023-08-31T00:00:00+00:00, run_after=2023-09-01T00:00:00+00:00
[2023-09-01T13:24:31.452+0900] {processor.py:179} INFO - Processing /usr/local/lib/python3.8/dist-packages/airflow/example_dags/example_branch_operator_decorator.py took 0.064 seconds
[2023-09-01T13:25:44.058+0900] {processor.py:157} INFO - Started process (PID=14233) to work on /usr/local/lib/python3.8/dist-packages/airflow/example_dags/example_branch_operator_decorator.py
[2023-09-01T13:25:44.059+0900] {processor.py:829} INFO - Processing file /usr/local/lib/python3.8/dist-packages/airflow/example_dags/example_branch_operator_decorator.py for tasks to queue
[2023-09-01T13:25:44.061+0900] {logging_mixin.py:151} INFO - [2023-09-01T13:25:44.060+0900] {dagbag.py:539} INFO - Filling up the DagBag from /usr/local/lib/python3.8/dist-packages/airflow/example_dags/example_branch_operator_decorator.py
[2023-09-01T13:25:44.074+0900] {processor.py:839} INFO - DAG(s) dict_keys(['example_branch_python_operator_decorator']) retrieved from /usr/local/lib/python3.8/dist-packages/airflow/example_dags/example_branch_operator_decorator.py
[2023-09-01T13:25:44.091+0900] {logging_mixin.py:151} INFO - [2023-09-01T13:25:44.090+0900] {dag.py:2907} INFO - Sync 1 DAGs
[2023-09-01T13:25:44.104+0900] {logging_mixin.py:151} INFO - [2023-09-01T13:25:44.104+0900] {dag.py:3677} INFO - Setting next_dagrun for example_branch_python_operator_decorator to 2023-08-31T00:00:00+00:00, run_after=2023-09-01T00:00:00+00:00
[2023-09-01T13:25:44.115+0900] {processor.py:179} INFO - Processing /usr/local/lib/python3.8/dist-packages/airflow/example_dags/example_branch_operator_decorator.py took 0.062 seconds
[2023-09-01T13:26:42.758+0900] {processor.py:157} INFO - Started process (PID=14840) to work on /usr/local/lib/python3.8/dist-packages/airflow/example_dags/example_branch_operator_decorator.py
[2023-09-01T13:26:42.760+0900] {processor.py:829} INFO - Processing file /usr/local/lib/python3.8/dist-packages/airflow/example_dags/example_branch_operator_decorator.py for tasks to queue
[2023-09-01T13:26:42.762+0900] {logging_mixin.py:151} INFO - [2023-09-01T13:26:42.761+0900] {dagbag.py:539} INFO - Filling up the DagBag from /usr/local/lib/python3.8/dist-packages/airflow/example_dags/example_branch_operator_decorator.py
[2023-09-01T13:26:42.776+0900] {processor.py:839} INFO - DAG(s) dict_keys(['example_branch_python_operator_decorator']) retrieved from /usr/local/lib/python3.8/dist-packages/airflow/example_dags/example_branch_operator_decorator.py
[2023-09-01T13:26:42.794+0900] {logging_mixin.py:151} INFO - [2023-09-01T13:26:42.794+0900] {dag.py:2907} INFO - Sync 1 DAGs
[2023-09-01T13:26:42.807+0900] {logging_mixin.py:151} INFO - [2023-09-01T13:26:42.807+0900] {dag.py:3677} INFO - Setting next_dagrun for example_branch_python_operator_decorator to 2023-08-31T00:00:00+00:00, run_after=2023-09-01T00:00:00+00:00
[2023-09-01T13:26:42.818+0900] {processor.py:179} INFO - Processing /usr/local/lib/python3.8/dist-packages/airflow/example_dags/example_branch_operator_decorator.py took 0.066 seconds
[2023-09-01T13:27:40.813+0900] {processor.py:157} INFO - Started process (PID=15403) to work on /usr/local/lib/python3.8/dist-packages/airflow/example_dags/example_branch_operator_decorator.py
[2023-09-01T13:27:40.814+0900] {processor.py:829} INFO - Processing file /usr/local/lib/python3.8/dist-packages/airflow/example_dags/example_branch_operator_decorator.py for tasks to queue
[2023-09-01T13:27:40.815+0900] {logging_mixin.py:151} INFO - [2023-09-01T13:27:40.814+0900] {dagbag.py:539} INFO - Filling up the DagBag from /usr/local/lib/python3.8/dist-packages/airflow/example_dags/example_branch_operator_decorator.py
[2023-09-01T13:27:40.823+0900] {processor.py:839} INFO - DAG(s) dict_keys(['example_branch_python_operator_decorator']) retrieved from /usr/local/lib/python3.8/dist-packages/airflow/example_dags/example_branch_operator_decorator.py
[2023-09-01T13:27:40.836+0900] {logging_mixin.py:151} INFO - [2023-09-01T13:27:40.836+0900] {dag.py:2907} INFO - Sync 1 DAGs
[2023-09-01T13:27:40.846+0900] {logging_mixin.py:151} INFO - [2023-09-01T13:27:40.845+0900] {dag.py:3677} INFO - Setting next_dagrun for example_branch_python_operator_decorator to 2023-08-31T00:00:00+00:00, run_after=2023-09-01T00:00:00+00:00
[2023-09-01T13:27:40.855+0900] {processor.py:179} INFO - Processing /usr/local/lib/python3.8/dist-packages/airflow/example_dags/example_branch_operator_decorator.py took 0.045 seconds
[2023-09-01T13:28:25.760+0900] {processor.py:157} INFO - Started process (PID=15845) to work on /usr/local/lib/python3.8/dist-packages/airflow/example_dags/example_branch_operator_decorator.py
[2023-09-01T13:28:25.762+0900] {processor.py:829} INFO - Processing file /usr/local/lib/python3.8/dist-packages/airflow/example_dags/example_branch_operator_decorator.py for tasks to queue
[2023-09-01T13:28:25.763+0900] {logging_mixin.py:151} INFO - [2023-09-01T13:28:25.762+0900] {dagbag.py:539} INFO - Filling up the DagBag from /usr/local/lib/python3.8/dist-packages/airflow/example_dags/example_branch_operator_decorator.py
[2023-09-01T13:28:25.776+0900] {processor.py:839} INFO - DAG(s) dict_keys(['example_branch_python_operator_decorator']) retrieved from /usr/local/lib/python3.8/dist-packages/airflow/example_dags/example_branch_operator_decorator.py
[2023-09-01T13:28:25.793+0900] {logging_mixin.py:151} INFO - [2023-09-01T13:28:25.792+0900] {dag.py:2907} INFO - Sync 1 DAGs
[2023-09-01T13:28:25.805+0900] {logging_mixin.py:151} INFO - [2023-09-01T13:28:25.805+0900] {dag.py:3677} INFO - Setting next_dagrun for example_branch_python_operator_decorator to 2023-08-31T00:00:00+00:00, run_after=2023-09-01T00:00:00+00:00
[2023-09-01T13:28:25.817+0900] {processor.py:179} INFO - Processing /usr/local/lib/python3.8/dist-packages/airflow/example_dags/example_branch_operator_decorator.py took 0.060 seconds
[2023-09-01T13:29:14.710+0900] {processor.py:157} INFO - Started process (PID=16344) to work on /usr/local/lib/python3.8/dist-packages/airflow/example_dags/example_branch_operator_decorator.py
[2023-09-01T13:29:14.712+0900] {processor.py:829} INFO - Processing file /usr/local/lib/python3.8/dist-packages/airflow/example_dags/example_branch_operator_decorator.py for tasks to queue
[2023-09-01T13:29:14.713+0900] {logging_mixin.py:151} INFO - [2023-09-01T13:29:14.712+0900] {dagbag.py:539} INFO - Filling up the DagBag from /usr/local/lib/python3.8/dist-packages/airflow/example_dags/example_branch_operator_decorator.py
[2023-09-01T13:29:14.725+0900] {processor.py:839} INFO - DAG(s) dict_keys(['example_branch_python_operator_decorator']) retrieved from /usr/local/lib/python3.8/dist-packages/airflow/example_dags/example_branch_operator_decorator.py
[2023-09-01T13:29:14.741+0900] {logging_mixin.py:151} INFO - [2023-09-01T13:29:14.741+0900] {dag.py:2907} INFO - Sync 1 DAGs
[2023-09-01T13:29:14.753+0900] {logging_mixin.py:151} INFO - [2023-09-01T13:29:14.753+0900] {dag.py:3677} INFO - Setting next_dagrun for example_branch_python_operator_decorator to 2023-08-31T00:00:00+00:00, run_after=2023-09-01T00:00:00+00:00
[2023-09-01T13:29:14.765+0900] {processor.py:179} INFO - Processing /usr/local/lib/python3.8/dist-packages/airflow/example_dags/example_branch_operator_decorator.py took 0.059 seconds
[2023-09-01T13:30:00.452+0900] {processor.py:157} INFO - Started process (PID=16784) to work on /usr/local/lib/python3.8/dist-packages/airflow/example_dags/example_branch_operator_decorator.py
[2023-09-01T13:30:00.453+0900] {processor.py:829} INFO - Processing file /usr/local/lib/python3.8/dist-packages/airflow/example_dags/example_branch_operator_decorator.py for tasks to queue
[2023-09-01T13:30:00.454+0900] {logging_mixin.py:151} INFO - [2023-09-01T13:30:00.454+0900] {dagbag.py:539} INFO - Filling up the DagBag from /usr/local/lib/python3.8/dist-packages/airflow/example_dags/example_branch_operator_decorator.py
[2023-09-01T13:30:00.462+0900] {processor.py:839} INFO - DAG(s) dict_keys(['example_branch_python_operator_decorator']) retrieved from /usr/local/lib/python3.8/dist-packages/airflow/example_dags/example_branch_operator_decorator.py
[2023-09-01T13:30:00.474+0900] {logging_mixin.py:151} INFO - [2023-09-01T13:30:00.474+0900] {dag.py:2907} INFO - Sync 1 DAGs
[2023-09-01T13:30:00.484+0900] {logging_mixin.py:151} INFO - [2023-09-01T13:30:00.484+0900] {dag.py:3677} INFO - Setting next_dagrun for example_branch_python_operator_decorator to 2023-08-31T00:00:00+00:00, run_after=2023-09-01T00:00:00+00:00
[2023-09-01T13:30:00.494+0900] {processor.py:179} INFO - Processing /usr/local/lib/python3.8/dist-packages/airflow/example_dags/example_branch_operator_decorator.py took 0.044 seconds
[2023-09-01T13:30:47.262+0900] {processor.py:157} INFO - Started process (PID=17230) to work on /usr/local/lib/python3.8/dist-packages/airflow/example_dags/example_branch_operator_decorator.py
[2023-09-01T13:30:47.263+0900] {processor.py:829} INFO - Processing file /usr/local/lib/python3.8/dist-packages/airflow/example_dags/example_branch_operator_decorator.py for tasks to queue
[2023-09-01T13:30:47.265+0900] {logging_mixin.py:151} INFO - [2023-09-01T13:30:47.264+0900] {dagbag.py:539} INFO - Filling up the DagBag from /usr/local/lib/python3.8/dist-packages/airflow/example_dags/example_branch_operator_decorator.py
[2023-09-01T13:30:47.277+0900] {processor.py:839} INFO - DAG(s) dict_keys(['example_branch_python_operator_decorator']) retrieved from /usr/local/lib/python3.8/dist-packages/airflow/example_dags/example_branch_operator_decorator.py
[2023-09-01T13:30:47.294+0900] {logging_mixin.py:151} INFO - [2023-09-01T13:30:47.294+0900] {dag.py:2907} INFO - Sync 1 DAGs
[2023-09-01T13:30:47.307+0900] {logging_mixin.py:151} INFO - [2023-09-01T13:30:47.307+0900] {dag.py:3677} INFO - Setting next_dagrun for example_branch_python_operator_decorator to 2023-08-31T00:00:00+00:00, run_after=2023-09-01T00:00:00+00:00
[2023-09-01T13:30:47.317+0900] {processor.py:179} INFO - Processing /usr/local/lib/python3.8/dist-packages/airflow/example_dags/example_branch_operator_decorator.py took 0.060 seconds
[2023-09-01T13:31:43.029+0900] {processor.py:157} INFO - Started process (PID=17771) to work on /usr/local/lib/python3.8/dist-packages/airflow/example_dags/example_branch_operator_decorator.py
[2023-09-01T13:31:43.031+0900] {processor.py:829} INFO - Processing file /usr/local/lib/python3.8/dist-packages/airflow/example_dags/example_branch_operator_decorator.py for tasks to queue
[2023-09-01T13:31:43.033+0900] {logging_mixin.py:151} INFO - [2023-09-01T13:31:43.032+0900] {dagbag.py:539} INFO - Filling up the DagBag from /usr/local/lib/python3.8/dist-packages/airflow/example_dags/example_branch_operator_decorator.py
[2023-09-01T13:31:43.046+0900] {processor.py:839} INFO - DAG(s) dict_keys(['example_branch_python_operator_decorator']) retrieved from /usr/local/lib/python3.8/dist-packages/airflow/example_dags/example_branch_operator_decorator.py
[2023-09-01T13:31:43.063+0900] {logging_mixin.py:151} INFO - [2023-09-01T13:31:43.063+0900] {dag.py:2907} INFO - Sync 1 DAGs
[2023-09-01T13:31:43.078+0900] {logging_mixin.py:151} INFO - [2023-09-01T13:31:43.078+0900] {dag.py:3677} INFO - Setting next_dagrun for example_branch_python_operator_decorator to 2023-08-31T00:00:00+00:00, run_after=2023-09-01T00:00:00+00:00
[2023-09-01T13:31:43.091+0900] {processor.py:179} INFO - Processing /usr/local/lib/python3.8/dist-packages/airflow/example_dags/example_branch_operator_decorator.py took 0.067 seconds
[2023-09-01T13:32:28.379+0900] {processor.py:157} INFO - Started process (PID=18216) to work on /usr/local/lib/python3.8/dist-packages/airflow/example_dags/example_branch_operator_decorator.py
[2023-09-01T13:32:28.381+0900] {processor.py:829} INFO - Processing file /usr/local/lib/python3.8/dist-packages/airflow/example_dags/example_branch_operator_decorator.py for tasks to queue
[2023-09-01T13:32:28.382+0900] {logging_mixin.py:151} INFO - [2023-09-01T13:32:28.381+0900] {dagbag.py:539} INFO - Filling up the DagBag from /usr/local/lib/python3.8/dist-packages/airflow/example_dags/example_branch_operator_decorator.py
[2023-09-01T13:32:28.394+0900] {processor.py:839} INFO - DAG(s) dict_keys(['example_branch_python_operator_decorator']) retrieved from /usr/local/lib/python3.8/dist-packages/airflow/example_dags/example_branch_operator_decorator.py
[2023-09-01T13:32:28.411+0900] {logging_mixin.py:151} INFO - [2023-09-01T13:32:28.411+0900] {dag.py:2907} INFO - Sync 1 DAGs
[2023-09-01T13:32:28.425+0900] {logging_mixin.py:151} INFO - [2023-09-01T13:32:28.425+0900] {dag.py:3677} INFO - Setting next_dagrun for example_branch_python_operator_decorator to 2023-08-31T00:00:00+00:00, run_after=2023-09-01T00:00:00+00:00
[2023-09-01T13:32:28.435+0900] {processor.py:179} INFO - Processing /usr/local/lib/python3.8/dist-packages/airflow/example_dags/example_branch_operator_decorator.py took 0.061 seconds
[2023-09-01T13:33:12.793+0900] {processor.py:157} INFO - Started process (PID=18651) to work on /usr/local/lib/python3.8/dist-packages/airflow/example_dags/example_branch_operator_decorator.py
[2023-09-01T13:33:12.796+0900] {processor.py:829} INFO - Processing file /usr/local/lib/python3.8/dist-packages/airflow/example_dags/example_branch_operator_decorator.py for tasks to queue
[2023-09-01T13:33:12.797+0900] {logging_mixin.py:151} INFO - [2023-09-01T13:33:12.796+0900] {dagbag.py:539} INFO - Filling up the DagBag from /usr/local/lib/python3.8/dist-packages/airflow/example_dags/example_branch_operator_decorator.py
[2023-09-01T13:33:12.810+0900] {processor.py:839} INFO - DAG(s) dict_keys(['example_branch_python_operator_decorator']) retrieved from /usr/local/lib/python3.8/dist-packages/airflow/example_dags/example_branch_operator_decorator.py
[2023-09-01T13:33:12.825+0900] {logging_mixin.py:151} INFO - [2023-09-01T13:33:12.825+0900] {dag.py:2907} INFO - Sync 1 DAGs
[2023-09-01T13:33:12.837+0900] {logging_mixin.py:151} INFO - [2023-09-01T13:33:12.837+0900] {dag.py:3677} INFO - Setting next_dagrun for example_branch_python_operator_decorator to 2023-08-31T00:00:00+00:00, run_after=2023-09-01T00:00:00+00:00
[2023-09-01T13:33:12.847+0900] {processor.py:179} INFO - Processing /usr/local/lib/python3.8/dist-packages/airflow/example_dags/example_branch_operator_decorator.py took 0.059 seconds
[2023-09-01T13:34:01.672+0900] {processor.py:157} INFO - Started process (PID=19142) to work on /usr/local/lib/python3.8/dist-packages/airflow/example_dags/example_branch_operator_decorator.py
[2023-09-01T13:34:01.674+0900] {processor.py:829} INFO - Processing file /usr/local/lib/python3.8/dist-packages/airflow/example_dags/example_branch_operator_decorator.py for tasks to queue
[2023-09-01T13:34:01.675+0900] {logging_mixin.py:151} INFO - [2023-09-01T13:34:01.674+0900] {dagbag.py:539} INFO - Filling up the DagBag from /usr/local/lib/python3.8/dist-packages/airflow/example_dags/example_branch_operator_decorator.py
[2023-09-01T13:34:01.688+0900] {processor.py:839} INFO - DAG(s) dict_keys(['example_branch_python_operator_decorator']) retrieved from /usr/local/lib/python3.8/dist-packages/airflow/example_dags/example_branch_operator_decorator.py
[2023-09-01T13:34:01.705+0900] {logging_mixin.py:151} INFO - [2023-09-01T13:34:01.705+0900] {dag.py:2907} INFO - Sync 1 DAGs
[2023-09-01T13:34:01.718+0900] {logging_mixin.py:151} INFO - [2023-09-01T13:34:01.718+0900] {dag.py:3677} INFO - Setting next_dagrun for example_branch_python_operator_decorator to 2023-08-31T00:00:00+00:00, run_after=2023-09-01T00:00:00+00:00
[2023-09-01T13:34:01.728+0900] {processor.py:179} INFO - Processing /usr/local/lib/python3.8/dist-packages/airflow/example_dags/example_branch_operator_decorator.py took 0.062 seconds
[2023-09-01T13:34:59.910+0900] {processor.py:157} INFO - Started process (PID=19710) to work on /usr/local/lib/python3.8/dist-packages/airflow/example_dags/example_branch_operator_decorator.py
[2023-09-01T13:34:59.911+0900] {processor.py:829} INFO - Processing file /usr/local/lib/python3.8/dist-packages/airflow/example_dags/example_branch_operator_decorator.py for tasks to queue
[2023-09-01T13:34:59.912+0900] {logging_mixin.py:151} INFO - [2023-09-01T13:34:59.912+0900] {dagbag.py:539} INFO - Filling up the DagBag from /usr/local/lib/python3.8/dist-packages/airflow/example_dags/example_branch_operator_decorator.py
[2023-09-01T13:34:59.923+0900] {processor.py:839} INFO - DAG(s) dict_keys(['example_branch_python_operator_decorator']) retrieved from /usr/local/lib/python3.8/dist-packages/airflow/example_dags/example_branch_operator_decorator.py
[2023-09-01T13:34:59.938+0900] {logging_mixin.py:151} INFO - [2023-09-01T13:34:59.937+0900] {dag.py:2907} INFO - Sync 1 DAGs
[2023-09-01T13:34:59.949+0900] {logging_mixin.py:151} INFO - [2023-09-01T13:34:59.949+0900] {dag.py:3677} INFO - Setting next_dagrun for example_branch_python_operator_decorator to 2023-08-31T00:00:00+00:00, run_after=2023-09-01T00:00:00+00:00
[2023-09-01T13:34:59.959+0900] {processor.py:179} INFO - Processing /usr/local/lib/python3.8/dist-packages/airflow/example_dags/example_branch_operator_decorator.py took 0.052 seconds
[2023-09-01T13:35:56.955+0900] {processor.py:157} INFO - Started process (PID=20254) to work on /usr/local/lib/python3.8/dist-packages/airflow/example_dags/example_branch_operator_decorator.py
[2023-09-01T13:35:56.957+0900] {processor.py:829} INFO - Processing file /usr/local/lib/python3.8/dist-packages/airflow/example_dags/example_branch_operator_decorator.py for tasks to queue
[2023-09-01T13:35:56.959+0900] {logging_mixin.py:151} INFO - [2023-09-01T13:35:56.957+0900] {dagbag.py:539} INFO - Filling up the DagBag from /usr/local/lib/python3.8/dist-packages/airflow/example_dags/example_branch_operator_decorator.py
[2023-09-01T13:35:56.974+0900] {processor.py:839} INFO - DAG(s) dict_keys(['example_branch_python_operator_decorator']) retrieved from /usr/local/lib/python3.8/dist-packages/airflow/example_dags/example_branch_operator_decorator.py
[2023-09-01T13:35:56.991+0900] {logging_mixin.py:151} INFO - [2023-09-01T13:35:56.991+0900] {dag.py:2907} INFO - Sync 1 DAGs
[2023-09-01T13:35:57.005+0900] {logging_mixin.py:151} INFO - [2023-09-01T13:35:57.005+0900] {dag.py:3677} INFO - Setting next_dagrun for example_branch_python_operator_decorator to 2023-08-31T00:00:00+00:00, run_after=2023-09-01T00:00:00+00:00
[2023-09-01T13:35:57.016+0900] {processor.py:179} INFO - Processing /usr/local/lib/python3.8/dist-packages/airflow/example_dags/example_branch_operator_decorator.py took 0.066 seconds
[2023-09-01T13:36:46.809+0900] {processor.py:157} INFO - Started process (PID=20735) to work on /usr/local/lib/python3.8/dist-packages/airflow/example_dags/example_branch_operator_decorator.py
[2023-09-01T13:36:46.811+0900] {processor.py:829} INFO - Processing file /usr/local/lib/python3.8/dist-packages/airflow/example_dags/example_branch_operator_decorator.py for tasks to queue
[2023-09-01T13:36:46.812+0900] {logging_mixin.py:151} INFO - [2023-09-01T13:36:46.811+0900] {dagbag.py:539} INFO - Filling up the DagBag from /usr/local/lib/python3.8/dist-packages/airflow/example_dags/example_branch_operator_decorator.py
[2023-09-01T13:36:46.825+0900] {processor.py:839} INFO - DAG(s) dict_keys(['example_branch_python_operator_decorator']) retrieved from /usr/local/lib/python3.8/dist-packages/airflow/example_dags/example_branch_operator_decorator.py
[2023-09-01T13:36:46.843+0900] {logging_mixin.py:151} INFO - [2023-09-01T13:36:46.842+0900] {dag.py:2907} INFO - Sync 1 DAGs
[2023-09-01T13:36:46.855+0900] {logging_mixin.py:151} INFO - [2023-09-01T13:36:46.855+0900] {dag.py:3677} INFO - Setting next_dagrun for example_branch_python_operator_decorator to 2023-08-31T00:00:00+00:00, run_after=2023-09-01T00:00:00+00:00
[2023-09-01T13:36:46.866+0900] {processor.py:179} INFO - Processing /usr/local/lib/python3.8/dist-packages/airflow/example_dags/example_branch_operator_decorator.py took 0.062 seconds
[2023-09-01T13:37:31.274+0900] {processor.py:157} INFO - Started process (PID=21172) to work on /usr/local/lib/python3.8/dist-packages/airflow/example_dags/example_branch_operator_decorator.py
[2023-09-01T13:37:31.276+0900] {processor.py:829} INFO - Processing file /usr/local/lib/python3.8/dist-packages/airflow/example_dags/example_branch_operator_decorator.py for tasks to queue
[2023-09-01T13:37:31.278+0900] {logging_mixin.py:151} INFO - [2023-09-01T13:37:31.277+0900] {dagbag.py:539} INFO - Filling up the DagBag from /usr/local/lib/python3.8/dist-packages/airflow/example_dags/example_branch_operator_decorator.py
[2023-09-01T13:37:31.292+0900] {processor.py:839} INFO - DAG(s) dict_keys(['example_branch_python_operator_decorator']) retrieved from /usr/local/lib/python3.8/dist-packages/airflow/example_dags/example_branch_operator_decorator.py
[2023-09-01T13:37:31.309+0900] {logging_mixin.py:151} INFO - [2023-09-01T13:37:31.309+0900] {dag.py:2907} INFO - Sync 1 DAGs
[2023-09-01T13:37:31.323+0900] {logging_mixin.py:151} INFO - [2023-09-01T13:37:31.322+0900] {dag.py:3677} INFO - Setting next_dagrun for example_branch_python_operator_decorator to 2023-08-31T00:00:00+00:00, run_after=2023-09-01T00:00:00+00:00
[2023-09-01T13:37:31.333+0900] {processor.py:179} INFO - Processing /usr/local/lib/python3.8/dist-packages/airflow/example_dags/example_branch_operator_decorator.py took 0.065 seconds
[2023-09-01T13:38:17.837+0900] {processor.py:157} INFO - Started process (PID=21622) to work on /usr/local/lib/python3.8/dist-packages/airflow/example_dags/example_branch_operator_decorator.py
[2023-09-01T13:38:17.838+0900] {processor.py:829} INFO - Processing file /usr/local/lib/python3.8/dist-packages/airflow/example_dags/example_branch_operator_decorator.py for tasks to queue
[2023-09-01T13:38:17.840+0900] {logging_mixin.py:151} INFO - [2023-09-01T13:38:17.839+0900] {dagbag.py:539} INFO - Filling up the DagBag from /usr/local/lib/python3.8/dist-packages/airflow/example_dags/example_branch_operator_decorator.py
[2023-09-01T13:38:17.853+0900] {processor.py:839} INFO - DAG(s) dict_keys(['example_branch_python_operator_decorator']) retrieved from /usr/local/lib/python3.8/dist-packages/airflow/example_dags/example_branch_operator_decorator.py
[2023-09-01T13:38:17.869+0900] {logging_mixin.py:151} INFO - [2023-09-01T13:38:17.869+0900] {dag.py:2907} INFO - Sync 1 DAGs
[2023-09-01T13:38:17.881+0900] {logging_mixin.py:151} INFO - [2023-09-01T13:38:17.881+0900] {dag.py:3677} INFO - Setting next_dagrun for example_branch_python_operator_decorator to 2023-08-31T00:00:00+00:00, run_after=2023-09-01T00:00:00+00:00
[2023-09-01T13:38:17.893+0900] {processor.py:179} INFO - Processing /usr/local/lib/python3.8/dist-packages/airflow/example_dags/example_branch_operator_decorator.py took 0.061 seconds
