[2023-09-01T13:07:46.409+0900] {processor.py:157} INFO - Started process (PID=2109) to work on /usr/local/lib/python3.8/dist-packages/airflow/example_dags/example_sensors.py
[2023-09-01T13:07:46.410+0900] {processor.py:829} INFO - Processing file /usr/local/lib/python3.8/dist-packages/airflow/example_dags/example_sensors.py for tasks to queue
[2023-09-01T13:07:46.411+0900] {logging_mixin.py:151} INFO - [2023-09-01T13:07:46.410+0900] {dagbag.py:539} INFO - Filling up the DagBag from /usr/local/lib/python3.8/dist-packages/airflow/example_dags/example_sensors.py
[2023-09-01T13:07:46.420+0900] {processor.py:839} INFO - DAG(s) dict_keys(['example_sensors']) retrieved from /usr/local/lib/python3.8/dist-packages/airflow/example_dags/example_sensors.py
[2023-09-01T13:07:46.481+0900] {logging_mixin.py:151} INFO - [2023-09-01T13:07:46.480+0900] {manager.py:501} INFO - Created Permission View: can delete on DAG:example_sensors
[2023-09-01T13:07:46.486+0900] {logging_mixin.py:151} INFO - [2023-09-01T13:07:46.486+0900] {manager.py:501} INFO - Created Permission View: can read on DAG:example_sensors
[2023-09-01T13:07:46.489+0900] {logging_mixin.py:151} INFO - [2023-09-01T13:07:46.489+0900] {manager.py:501} INFO - Created Permission View: can edit on DAG:example_sensors
[2023-09-01T13:07:46.494+0900] {logging_mixin.py:151} INFO - [2023-09-01T13:07:46.494+0900] {dag.py:2907} INFO - Sync 1 DAGs
[2023-09-01T13:07:46.497+0900] {logging_mixin.py:151} INFO - [2023-09-01T13:07:46.497+0900] {dag.py:2929} INFO - Creating ORM DAG for example_sensors
[2023-09-01T13:07:46.497+0900] {logging_mixin.py:151} INFO - [2023-09-01T13:07:46.497+0900] {dag.py:3677} INFO - Setting next_dagrun for example_sensors to None, run_after=None
[2023-09-01T13:07:46.507+0900] {processor.py:179} INFO - Processing /usr/local/lib/python3.8/dist-packages/airflow/example_dags/example_sensors.py took 0.102 seconds
[2023-09-01T13:08:33.180+0900] {processor.py:157} INFO - Started process (PID=3032) to work on /usr/local/lib/python3.8/dist-packages/airflow/example_dags/example_sensors.py
[2023-09-01T13:08:33.181+0900] {processor.py:829} INFO - Processing file /usr/local/lib/python3.8/dist-packages/airflow/example_dags/example_sensors.py for tasks to queue
[2023-09-01T13:08:33.183+0900] {logging_mixin.py:151} INFO - [2023-09-01T13:08:33.182+0900] {dagbag.py:539} INFO - Filling up the DagBag from /usr/local/lib/python3.8/dist-packages/airflow/example_dags/example_sensors.py
[2023-09-01T13:08:33.195+0900] {processor.py:839} INFO - DAG(s) dict_keys(['example_sensors']) retrieved from /usr/local/lib/python3.8/dist-packages/airflow/example_dags/example_sensors.py
[2023-09-01T13:08:33.212+0900] {logging_mixin.py:151} INFO - [2023-09-01T13:08:33.212+0900] {dag.py:2907} INFO - Sync 1 DAGs
[2023-09-01T13:08:33.219+0900] {logging_mixin.py:151} INFO - [2023-09-01T13:08:33.219+0900] {dag.py:3677} INFO - Setting next_dagrun for example_sensors to None, run_after=None
[2023-09-01T13:08:33.231+0900] {processor.py:179} INFO - Processing /usr/local/lib/python3.8/dist-packages/airflow/example_dags/example_sensors.py took 0.056 seconds
[2023-09-01T13:09:21.921+0900] {processor.py:157} INFO - Started process (PID=4255) to work on /usr/local/lib/python3.8/dist-packages/airflow/example_dags/example_sensors.py
[2023-09-01T13:09:21.922+0900] {processor.py:829} INFO - Processing file /usr/local/lib/python3.8/dist-packages/airflow/example_dags/example_sensors.py for tasks to queue
[2023-09-01T13:09:21.923+0900] {logging_mixin.py:151} INFO - [2023-09-01T13:09:21.923+0900] {dagbag.py:539} INFO - Filling up the DagBag from /usr/local/lib/python3.8/dist-packages/airflow/example_dags/example_sensors.py
[2023-09-01T13:09:21.936+0900] {processor.py:839} INFO - DAG(s) dict_keys(['example_sensors']) retrieved from /usr/local/lib/python3.8/dist-packages/airflow/example_dags/example_sensors.py
[2023-09-01T13:09:21.953+0900] {logging_mixin.py:151} INFO - [2023-09-01T13:09:21.953+0900] {dag.py:2907} INFO - Sync 1 DAGs
[2023-09-01T13:09:21.959+0900] {logging_mixin.py:151} INFO - [2023-09-01T13:09:21.959+0900] {dag.py:3677} INFO - Setting next_dagrun for example_sensors to None, run_after=None
[2023-09-01T13:09:21.971+0900] {processor.py:179} INFO - Processing /usr/local/lib/python3.8/dist-packages/airflow/example_dags/example_sensors.py took 0.056 seconds
[2023-09-01T13:10:08.311+0900] {processor.py:157} INFO - Started process (PID=4689) to work on /usr/local/lib/python3.8/dist-packages/airflow/example_dags/example_sensors.py
[2023-09-01T13:10:08.312+0900] {processor.py:829} INFO - Processing file /usr/local/lib/python3.8/dist-packages/airflow/example_dags/example_sensors.py for tasks to queue
[2023-09-01T13:10:08.314+0900] {logging_mixin.py:151} INFO - [2023-09-01T13:10:08.313+0900] {dagbag.py:539} INFO - Filling up the DagBag from /usr/local/lib/python3.8/dist-packages/airflow/example_dags/example_sensors.py
[2023-09-01T13:10:08.325+0900] {processor.py:839} INFO - DAG(s) dict_keys(['example_sensors']) retrieved from /usr/local/lib/python3.8/dist-packages/airflow/example_dags/example_sensors.py
[2023-09-01T13:10:08.341+0900] {logging_mixin.py:151} INFO - [2023-09-01T13:10:08.341+0900] {dag.py:2907} INFO - Sync 1 DAGs
[2023-09-01T13:10:08.347+0900] {logging_mixin.py:151} INFO - [2023-09-01T13:10:08.347+0900] {dag.py:3677} INFO - Setting next_dagrun for example_sensors to None, run_after=None
[2023-09-01T13:10:08.358+0900] {processor.py:179} INFO - Processing /usr/local/lib/python3.8/dist-packages/airflow/example_dags/example_sensors.py took 0.051 seconds
[2023-09-01T13:10:55.773+0900] {processor.py:157} INFO - Started process (PID=5153) to work on /usr/local/lib/python3.8/dist-packages/airflow/example_dags/example_sensors.py
[2023-09-01T13:10:55.775+0900] {processor.py:829} INFO - Processing file /usr/local/lib/python3.8/dist-packages/airflow/example_dags/example_sensors.py for tasks to queue
[2023-09-01T13:10:55.776+0900] {logging_mixin.py:151} INFO - [2023-09-01T13:10:55.775+0900] {dagbag.py:539} INFO - Filling up the DagBag from /usr/local/lib/python3.8/dist-packages/airflow/example_dags/example_sensors.py
[2023-09-01T13:10:55.789+0900] {processor.py:839} INFO - DAG(s) dict_keys(['example_sensors']) retrieved from /usr/local/lib/python3.8/dist-packages/airflow/example_dags/example_sensors.py
[2023-09-01T13:10:55.806+0900] {logging_mixin.py:151} INFO - [2023-09-01T13:10:55.806+0900] {dag.py:2907} INFO - Sync 1 DAGs
[2023-09-01T13:10:55.813+0900] {logging_mixin.py:151} INFO - [2023-09-01T13:10:55.813+0900] {dag.py:3677} INFO - Setting next_dagrun for example_sensors to None, run_after=None
[2023-09-01T13:10:55.824+0900] {processor.py:179} INFO - Processing /usr/local/lib/python3.8/dist-packages/airflow/example_dags/example_sensors.py took 0.055 seconds
[2023-09-01T13:12:41.627+0900] {processor.py:157} INFO - Started process (PID=5711) to work on /usr/local/lib/python3.8/dist-packages/airflow/example_dags/example_sensors.py
[2023-09-01T13:12:41.629+0900] {processor.py:829} INFO - Processing file /usr/local/lib/python3.8/dist-packages/airflow/example_dags/example_sensors.py for tasks to queue
[2023-09-01T13:12:41.630+0900] {logging_mixin.py:151} INFO - [2023-09-01T13:12:41.629+0900] {dagbag.py:539} INFO - Filling up the DagBag from /usr/local/lib/python3.8/dist-packages/airflow/example_dags/example_sensors.py
[2023-09-01T13:12:41.642+0900] {processor.py:839} INFO - DAG(s) dict_keys(['example_sensors']) retrieved from /usr/local/lib/python3.8/dist-packages/airflow/example_dags/example_sensors.py
[2023-09-01T13:12:41.659+0900] {logging_mixin.py:151} INFO - [2023-09-01T13:12:41.659+0900] {dag.py:2907} INFO - Sync 1 DAGs
[2023-09-01T13:12:41.666+0900] {logging_mixin.py:151} INFO - [2023-09-01T13:12:41.666+0900] {dag.py:3677} INFO - Setting next_dagrun for example_sensors to None, run_after=None
[2023-09-01T13:12:41.678+0900] {processor.py:179} INFO - Processing /usr/local/lib/python3.8/dist-packages/airflow/example_dags/example_sensors.py took 0.055 seconds
[2023-09-01T13:13:31.830+0900] {processor.py:157} INFO - Started process (PID=6253) to work on /usr/local/lib/python3.8/dist-packages/airflow/example_dags/example_sensors.py
[2023-09-01T13:13:31.831+0900] {processor.py:829} INFO - Processing file /usr/local/lib/python3.8/dist-packages/airflow/example_dags/example_sensors.py for tasks to queue
[2023-09-01T13:13:31.833+0900] {logging_mixin.py:151} INFO - [2023-09-01T13:13:31.832+0900] {dagbag.py:539} INFO - Filling up the DagBag from /usr/local/lib/python3.8/dist-packages/airflow/example_dags/example_sensors.py
[2023-09-01T13:13:31.845+0900] {processor.py:839} INFO - DAG(s) dict_keys(['example_sensors']) retrieved from /usr/local/lib/python3.8/dist-packages/airflow/example_dags/example_sensors.py
[2023-09-01T13:13:31.862+0900] {logging_mixin.py:151} INFO - [2023-09-01T13:13:31.861+0900] {dag.py:2907} INFO - Sync 1 DAGs
[2023-09-01T13:13:31.869+0900] {logging_mixin.py:151} INFO - [2023-09-01T13:13:31.869+0900] {dag.py:3677} INFO - Setting next_dagrun for example_sensors to None, run_after=None
[2023-09-01T13:13:31.880+0900] {processor.py:179} INFO - Processing /usr/local/lib/python3.8/dist-packages/airflow/example_dags/example_sensors.py took 0.055 seconds
[2023-09-01T13:14:12.956+0900] {processor.py:157} INFO - Started process (PID=6650) to work on /usr/local/lib/python3.8/dist-packages/airflow/example_dags/example_sensors.py
[2023-09-01T13:14:12.958+0900] {processor.py:829} INFO - Processing file /usr/local/lib/python3.8/dist-packages/airflow/example_dags/example_sensors.py for tasks to queue
[2023-09-01T13:14:12.959+0900] {logging_mixin.py:151} INFO - [2023-09-01T13:14:12.958+0900] {dagbag.py:539} INFO - Filling up the DagBag from /usr/local/lib/python3.8/dist-packages/airflow/example_dags/example_sensors.py
[2023-09-01T13:14:12.966+0900] {processor.py:839} INFO - DAG(s) dict_keys(['example_sensors']) retrieved from /usr/local/lib/python3.8/dist-packages/airflow/example_dags/example_sensors.py
[2023-09-01T13:14:12.977+0900] {logging_mixin.py:151} INFO - [2023-09-01T13:14:12.977+0900] {dag.py:2907} INFO - Sync 1 DAGs
[2023-09-01T13:14:12.983+0900] {logging_mixin.py:151} INFO - [2023-09-01T13:14:12.983+0900] {dag.py:3677} INFO - Setting next_dagrun for example_sensors to None, run_after=None
[2023-09-01T13:14:12.992+0900] {processor.py:179} INFO - Processing /usr/local/lib/python3.8/dist-packages/airflow/example_dags/example_sensors.py took 0.038 seconds
[2023-09-01T13:14:56.871+0900] {processor.py:157} INFO - Started process (PID=7609) to work on /usr/local/lib/python3.8/dist-packages/airflow/example_dags/example_sensors.py
[2023-09-01T13:14:56.872+0900] {processor.py:829} INFO - Processing file /usr/local/lib/python3.8/dist-packages/airflow/example_dags/example_sensors.py for tasks to queue
[2023-09-01T13:14:56.873+0900] {logging_mixin.py:151} INFO - [2023-09-01T13:14:56.872+0900] {dagbag.py:539} INFO - Filling up the DagBag from /usr/local/lib/python3.8/dist-packages/airflow/example_dags/example_sensors.py
[2023-09-01T13:14:56.878+0900] {processor.py:839} INFO - DAG(s) dict_keys(['example_sensors']) retrieved from /usr/local/lib/python3.8/dist-packages/airflow/example_dags/example_sensors.py
[2023-09-01T13:14:56.888+0900] {logging_mixin.py:151} INFO - [2023-09-01T13:14:56.888+0900] {dag.py:2907} INFO - Sync 1 DAGs
[2023-09-01T13:14:56.893+0900] {logging_mixin.py:151} INFO - [2023-09-01T13:14:56.893+0900] {dag.py:3677} INFO - Setting next_dagrun for example_sensors to None, run_after=None
[2023-09-01T13:14:56.903+0900] {processor.py:179} INFO - Processing /usr/local/lib/python3.8/dist-packages/airflow/example_dags/example_sensors.py took 0.034 seconds
[2023-09-01T13:15:41.617+0900] {processor.py:157} INFO - Started process (PID=8118) to work on /usr/local/lib/python3.8/dist-packages/airflow/example_dags/example_sensors.py
[2023-09-01T13:15:41.619+0900] {processor.py:829} INFO - Processing file /usr/local/lib/python3.8/dist-packages/airflow/example_dags/example_sensors.py for tasks to queue
[2023-09-01T13:15:41.620+0900] {logging_mixin.py:151} INFO - [2023-09-01T13:15:41.619+0900] {dagbag.py:539} INFO - Filling up the DagBag from /usr/local/lib/python3.8/dist-packages/airflow/example_dags/example_sensors.py
[2023-09-01T13:15:41.627+0900] {processor.py:839} INFO - DAG(s) dict_keys(['example_sensors']) retrieved from /usr/local/lib/python3.8/dist-packages/airflow/example_dags/example_sensors.py
[2023-09-01T13:15:41.646+0900] {logging_mixin.py:151} INFO - [2023-09-01T13:15:41.646+0900] {dag.py:2907} INFO - Sync 1 DAGs
[2023-09-01T13:15:41.658+0900] {logging_mixin.py:151} INFO - [2023-09-01T13:15:41.658+0900] {dag.py:3677} INFO - Setting next_dagrun for example_sensors to None, run_after=None
[2023-09-01T13:15:41.670+0900] {processor.py:179} INFO - Processing /usr/local/lib/python3.8/dist-packages/airflow/example_dags/example_sensors.py took 0.057 seconds
[2023-09-01T13:16:29.228+0900] {processor.py:157} INFO - Started process (PID=8582) to work on /usr/local/lib/python3.8/dist-packages/airflow/example_dags/example_sensors.py
[2023-09-01T13:16:29.230+0900] {processor.py:829} INFO - Processing file /usr/local/lib/python3.8/dist-packages/airflow/example_dags/example_sensors.py for tasks to queue
[2023-09-01T13:16:29.231+0900] {logging_mixin.py:151} INFO - [2023-09-01T13:16:29.231+0900] {dagbag.py:539} INFO - Filling up the DagBag from /usr/local/lib/python3.8/dist-packages/airflow/example_dags/example_sensors.py
[2023-09-01T13:16:29.243+0900] {processor.py:839} INFO - DAG(s) dict_keys(['example_sensors']) retrieved from /usr/local/lib/python3.8/dist-packages/airflow/example_dags/example_sensors.py
[2023-09-01T13:16:29.260+0900] {logging_mixin.py:151} INFO - [2023-09-01T13:16:29.259+0900] {dag.py:2907} INFO - Sync 1 DAGs
[2023-09-01T13:16:29.266+0900] {logging_mixin.py:151} INFO - [2023-09-01T13:16:29.266+0900] {dag.py:3677} INFO - Setting next_dagrun for example_sensors to None, run_after=None
[2023-09-01T13:16:29.277+0900] {processor.py:179} INFO - Processing /usr/local/lib/python3.8/dist-packages/airflow/example_dags/example_sensors.py took 0.054 seconds
[2023-09-01T13:17:13.045+0900] {processor.py:157} INFO - Started process (PID=9001) to work on /usr/local/lib/python3.8/dist-packages/airflow/example_dags/example_sensors.py
[2023-09-01T13:17:13.046+0900] {processor.py:829} INFO - Processing file /usr/local/lib/python3.8/dist-packages/airflow/example_dags/example_sensors.py for tasks to queue
[2023-09-01T13:17:13.047+0900] {logging_mixin.py:151} INFO - [2023-09-01T13:17:13.046+0900] {dagbag.py:539} INFO - Filling up the DagBag from /usr/local/lib/python3.8/dist-packages/airflow/example_dags/example_sensors.py
[2023-09-01T13:17:13.058+0900] {processor.py:839} INFO - DAG(s) dict_keys(['example_sensors']) retrieved from /usr/local/lib/python3.8/dist-packages/airflow/example_dags/example_sensors.py
[2023-09-01T13:17:13.072+0900] {logging_mixin.py:151} INFO - [2023-09-01T13:17:13.071+0900] {dag.py:2907} INFO - Sync 1 DAGs
[2023-09-01T13:17:13.077+0900] {logging_mixin.py:151} INFO - [2023-09-01T13:17:13.077+0900] {dag.py:3677} INFO - Setting next_dagrun for example_sensors to None, run_after=None
[2023-09-01T13:17:13.088+0900] {processor.py:179} INFO - Processing /usr/local/lib/python3.8/dist-packages/airflow/example_dags/example_sensors.py took 0.048 seconds
[2023-09-01T13:18:00.342+0900] {processor.py:157} INFO - Started process (PID=9476) to work on /usr/local/lib/python3.8/dist-packages/airflow/example_dags/example_sensors.py
[2023-09-01T13:18:00.344+0900] {processor.py:829} INFO - Processing file /usr/local/lib/python3.8/dist-packages/airflow/example_dags/example_sensors.py for tasks to queue
[2023-09-01T13:18:00.345+0900] {logging_mixin.py:151} INFO - [2023-09-01T13:18:00.344+0900] {dagbag.py:539} INFO - Filling up the DagBag from /usr/local/lib/python3.8/dist-packages/airflow/example_dags/example_sensors.py
[2023-09-01T13:18:00.355+0900] {processor.py:839} INFO - DAG(s) dict_keys(['example_sensors']) retrieved from /usr/local/lib/python3.8/dist-packages/airflow/example_dags/example_sensors.py
[2023-09-01T13:18:00.370+0900] {logging_mixin.py:151} INFO - [2023-09-01T13:18:00.369+0900] {dag.py:2907} INFO - Sync 1 DAGs
[2023-09-01T13:18:00.377+0900] {logging_mixin.py:151} INFO - [2023-09-01T13:18:00.377+0900] {dag.py:3677} INFO - Setting next_dagrun for example_sensors to None, run_after=None
[2023-09-01T13:18:00.394+0900] {processor.py:179} INFO - Processing /usr/local/lib/python3.8/dist-packages/airflow/example_dags/example_sensors.py took 0.056 seconds
[2023-09-01T13:18:44.976+0900] {processor.py:157} INFO - Started process (PID=9937) to work on /usr/local/lib/python3.8/dist-packages/airflow/example_dags/example_sensors.py
[2023-09-01T13:18:44.978+0900] {processor.py:829} INFO - Processing file /usr/local/lib/python3.8/dist-packages/airflow/example_dags/example_sensors.py for tasks to queue
[2023-09-01T13:18:44.979+0900] {logging_mixin.py:151} INFO - [2023-09-01T13:18:44.978+0900] {dagbag.py:539} INFO - Filling up the DagBag from /usr/local/lib/python3.8/dist-packages/airflow/example_dags/example_sensors.py
[2023-09-01T13:18:44.993+0900] {processor.py:839} INFO - DAG(s) dict_keys(['example_sensors']) retrieved from /usr/local/lib/python3.8/dist-packages/airflow/example_dags/example_sensors.py
[2023-09-01T13:18:45.012+0900] {logging_mixin.py:151} INFO - [2023-09-01T13:18:45.012+0900] {dag.py:2907} INFO - Sync 1 DAGs
[2023-09-01T13:18:45.020+0900] {logging_mixin.py:151} INFO - [2023-09-01T13:18:45.020+0900] {dag.py:3677} INFO - Setting next_dagrun for example_sensors to None, run_after=None
[2023-09-01T13:18:45.032+0900] {processor.py:179} INFO - Processing /usr/local/lib/python3.8/dist-packages/airflow/example_dags/example_sensors.py took 0.060 seconds
[2023-09-01T13:19:30.130+0900] {processor.py:157} INFO - Started process (PID=10382) to work on /usr/local/lib/python3.8/dist-packages/airflow/example_dags/example_sensors.py
[2023-09-01T13:19:30.132+0900] {processor.py:829} INFO - Processing file /usr/local/lib/python3.8/dist-packages/airflow/example_dags/example_sensors.py for tasks to queue
[2023-09-01T13:19:30.133+0900] {logging_mixin.py:151} INFO - [2023-09-01T13:19:30.132+0900] {dagbag.py:539} INFO - Filling up the DagBag from /usr/local/lib/python3.8/dist-packages/airflow/example_dags/example_sensors.py
[2023-09-01T13:19:30.146+0900] {processor.py:839} INFO - DAG(s) dict_keys(['example_sensors']) retrieved from /usr/local/lib/python3.8/dist-packages/airflow/example_dags/example_sensors.py
[2023-09-01T13:19:30.164+0900] {logging_mixin.py:151} INFO - [2023-09-01T13:19:30.164+0900] {dag.py:2907} INFO - Sync 1 DAGs
[2023-09-01T13:19:30.171+0900] {logging_mixin.py:151} INFO - [2023-09-01T13:19:30.171+0900] {dag.py:3677} INFO - Setting next_dagrun for example_sensors to None, run_after=None
[2023-09-01T13:19:30.182+0900] {processor.py:179} INFO - Processing /usr/local/lib/python3.8/dist-packages/airflow/example_dags/example_sensors.py took 0.058 seconds
[2023-09-01T13:20:13.554+0900] {processor.py:157} INFO - Started process (PID=10801) to work on /usr/local/lib/python3.8/dist-packages/airflow/example_dags/example_sensors.py
[2023-09-01T13:20:13.555+0900] {processor.py:829} INFO - Processing file /usr/local/lib/python3.8/dist-packages/airflow/example_dags/example_sensors.py for tasks to queue
[2023-09-01T13:20:13.557+0900] {logging_mixin.py:151} INFO - [2023-09-01T13:20:13.556+0900] {dagbag.py:539} INFO - Filling up the DagBag from /usr/local/lib/python3.8/dist-packages/airflow/example_dags/example_sensors.py
[2023-09-01T13:20:13.571+0900] {processor.py:839} INFO - DAG(s) dict_keys(['example_sensors']) retrieved from /usr/local/lib/python3.8/dist-packages/airflow/example_dags/example_sensors.py
[2023-09-01T13:20:13.589+0900] {logging_mixin.py:151} INFO - [2023-09-01T13:20:13.589+0900] {dag.py:2907} INFO - Sync 1 DAGs
[2023-09-01T13:20:13.598+0900] {logging_mixin.py:151} INFO - [2023-09-01T13:20:13.598+0900] {dag.py:3677} INFO - Setting next_dagrun for example_sensors to None, run_after=None
[2023-09-01T13:20:13.610+0900] {processor.py:179} INFO - Processing /usr/local/lib/python3.8/dist-packages/airflow/example_dags/example_sensors.py took 0.061 seconds
[2023-09-01T13:20:57.549+0900] {processor.py:157} INFO - Started process (PID=11242) to work on /usr/local/lib/python3.8/dist-packages/airflow/example_dags/example_sensors.py
[2023-09-01T13:20:57.551+0900] {processor.py:829} INFO - Processing file /usr/local/lib/python3.8/dist-packages/airflow/example_dags/example_sensors.py for tasks to queue
[2023-09-01T13:20:57.552+0900] {logging_mixin.py:151} INFO - [2023-09-01T13:20:57.551+0900] {dagbag.py:539} INFO - Filling up the DagBag from /usr/local/lib/python3.8/dist-packages/airflow/example_dags/example_sensors.py
[2023-09-01T13:20:57.564+0900] {processor.py:839} INFO - DAG(s) dict_keys(['example_sensors']) retrieved from /usr/local/lib/python3.8/dist-packages/airflow/example_dags/example_sensors.py
[2023-09-01T13:20:57.581+0900] {logging_mixin.py:151} INFO - [2023-09-01T13:20:57.581+0900] {dag.py:2907} INFO - Sync 1 DAGs
[2023-09-01T13:20:57.588+0900] {logging_mixin.py:151} INFO - [2023-09-01T13:20:57.588+0900] {dag.py:3677} INFO - Setting next_dagrun for example_sensors to None, run_after=None
[2023-09-01T13:20:57.599+0900] {processor.py:179} INFO - Processing /usr/local/lib/python3.8/dist-packages/airflow/example_dags/example_sensors.py took 0.055 seconds
[2023-09-01T13:21:40.196+0900] {processor.py:157} INFO - Started process (PID=11583) to work on /usr/local/lib/python3.8/dist-packages/airflow/example_dags/example_sensors.py
[2023-09-01T13:21:40.197+0900] {processor.py:829} INFO - Processing file /usr/local/lib/python3.8/dist-packages/airflow/example_dags/example_sensors.py for tasks to queue
[2023-09-01T13:21:40.199+0900] {logging_mixin.py:151} INFO - [2023-09-01T13:21:40.198+0900] {dagbag.py:539} INFO - Filling up the DagBag from /usr/local/lib/python3.8/dist-packages/airflow/example_dags/example_sensors.py
[2023-09-01T13:21:40.211+0900] {processor.py:839} INFO - DAG(s) dict_keys(['example_sensors']) retrieved from /usr/local/lib/python3.8/dist-packages/airflow/example_dags/example_sensors.py
[2023-09-01T13:21:40.226+0900] {logging_mixin.py:151} INFO - [2023-09-01T13:21:40.226+0900] {dag.py:2907} INFO - Sync 1 DAGs
[2023-09-01T13:21:40.233+0900] {logging_mixin.py:151} INFO - [2023-09-01T13:21:40.232+0900] {dag.py:3677} INFO - Setting next_dagrun for example_sensors to None, run_after=None
[2023-09-01T13:21:40.243+0900] {processor.py:179} INFO - Processing /usr/local/lib/python3.8/dist-packages/airflow/example_dags/example_sensors.py took 0.051 seconds
[2023-09-01T13:22:24.154+0900] {processor.py:157} INFO - Started process (PID=12007) to work on /usr/local/lib/python3.8/dist-packages/airflow/example_dags/example_sensors.py
[2023-09-01T13:22:24.155+0900] {processor.py:829} INFO - Processing file /usr/local/lib/python3.8/dist-packages/airflow/example_dags/example_sensors.py for tasks to queue
[2023-09-01T13:22:24.156+0900] {logging_mixin.py:151} INFO - [2023-09-01T13:22:24.155+0900] {dagbag.py:539} INFO - Filling up the DagBag from /usr/local/lib/python3.8/dist-packages/airflow/example_dags/example_sensors.py
[2023-09-01T13:22:24.172+0900] {processor.py:839} INFO - DAG(s) dict_keys(['example_sensors']) retrieved from /usr/local/lib/python3.8/dist-packages/airflow/example_dags/example_sensors.py
[2023-09-01T13:22:24.187+0900] {logging_mixin.py:151} INFO - [2023-09-01T13:22:24.187+0900] {dag.py:2907} INFO - Sync 1 DAGs
[2023-09-01T13:22:24.196+0900] {logging_mixin.py:151} INFO - [2023-09-01T13:22:24.196+0900] {dag.py:3677} INFO - Setting next_dagrun for example_sensors to None, run_after=None
[2023-09-01T13:22:24.208+0900] {processor.py:179} INFO - Processing /usr/local/lib/python3.8/dist-packages/airflow/example_dags/example_sensors.py took 0.057 seconds
[2023-09-01T13:23:06.396+0900] {processor.py:157} INFO - Started process (PID=12411) to work on /usr/local/lib/python3.8/dist-packages/airflow/example_dags/example_sensors.py
[2023-09-01T13:23:06.397+0900] {processor.py:829} INFO - Processing file /usr/local/lib/python3.8/dist-packages/airflow/example_dags/example_sensors.py for tasks to queue
[2023-09-01T13:23:06.398+0900] {logging_mixin.py:151} INFO - [2023-09-01T13:23:06.397+0900] {dagbag.py:539} INFO - Filling up the DagBag from /usr/local/lib/python3.8/dist-packages/airflow/example_dags/example_sensors.py
[2023-09-01T13:23:06.407+0900] {processor.py:839} INFO - DAG(s) dict_keys(['example_sensors']) retrieved from /usr/local/lib/python3.8/dist-packages/airflow/example_dags/example_sensors.py
[2023-09-01T13:23:06.419+0900] {logging_mixin.py:151} INFO - [2023-09-01T13:23:06.419+0900] {dag.py:2907} INFO - Sync 1 DAGs
[2023-09-01T13:23:06.425+0900] {logging_mixin.py:151} INFO - [2023-09-01T13:23:06.425+0900] {dag.py:3677} INFO - Setting next_dagrun for example_sensors to None, run_after=None
[2023-09-01T13:23:06.436+0900] {processor.py:179} INFO - Processing /usr/local/lib/python3.8/dist-packages/airflow/example_dags/example_sensors.py took 0.043 seconds
[2023-09-01T13:23:47.640+0900] {processor.py:157} INFO - Started process (PID=12846) to work on /usr/local/lib/python3.8/dist-packages/airflow/example_dags/example_sensors.py
[2023-09-01T13:23:47.641+0900] {processor.py:829} INFO - Processing file /usr/local/lib/python3.8/dist-packages/airflow/example_dags/example_sensors.py for tasks to queue
[2023-09-01T13:23:47.642+0900] {logging_mixin.py:151} INFO - [2023-09-01T13:23:47.642+0900] {dagbag.py:539} INFO - Filling up the DagBag from /usr/local/lib/python3.8/dist-packages/airflow/example_dags/example_sensors.py
[2023-09-01T13:23:47.649+0900] {processor.py:839} INFO - DAG(s) dict_keys(['example_sensors']) retrieved from /usr/local/lib/python3.8/dist-packages/airflow/example_dags/example_sensors.py
[2023-09-01T13:23:47.661+0900] {logging_mixin.py:151} INFO - [2023-09-01T13:23:47.661+0900] {dag.py:2907} INFO - Sync 1 DAGs
[2023-09-01T13:23:47.666+0900] {logging_mixin.py:151} INFO - [2023-09-01T13:23:47.666+0900] {dag.py:3677} INFO - Setting next_dagrun for example_sensors to None, run_after=None
[2023-09-01T13:23:47.676+0900] {processor.py:179} INFO - Processing /usr/local/lib/python3.8/dist-packages/airflow/example_dags/example_sensors.py took 0.038 seconds
[2023-09-01T13:24:36.557+0900] {processor.py:157} INFO - Started process (PID=13317) to work on /usr/local/lib/python3.8/dist-packages/airflow/example_dags/example_sensors.py
[2023-09-01T13:24:36.559+0900] {processor.py:829} INFO - Processing file /usr/local/lib/python3.8/dist-packages/airflow/example_dags/example_sensors.py for tasks to queue
[2023-09-01T13:24:36.561+0900] {logging_mixin.py:151} INFO - [2023-09-01T13:24:36.560+0900] {dagbag.py:539} INFO - Filling up the DagBag from /usr/local/lib/python3.8/dist-packages/airflow/example_dags/example_sensors.py
[2023-09-01T13:24:36.573+0900] {processor.py:839} INFO - DAG(s) dict_keys(['example_sensors']) retrieved from /usr/local/lib/python3.8/dist-packages/airflow/example_dags/example_sensors.py
[2023-09-01T13:24:36.589+0900] {logging_mixin.py:151} INFO - [2023-09-01T13:24:36.589+0900] {dag.py:2907} INFO - Sync 1 DAGs
[2023-09-01T13:24:36.596+0900] {logging_mixin.py:151} INFO - [2023-09-01T13:24:36.596+0900] {dag.py:3677} INFO - Setting next_dagrun for example_sensors to None, run_after=None
[2023-09-01T13:24:36.607+0900] {processor.py:179} INFO - Processing /usr/local/lib/python3.8/dist-packages/airflow/example_dags/example_sensors.py took 0.055 seconds
[2023-09-01T13:26:09.988+0900] {processor.py:157} INFO - Started process (PID=14529) to work on /usr/local/lib/python3.8/dist-packages/airflow/example_dags/example_sensors.py
[2023-09-01T13:26:09.989+0900] {processor.py:829} INFO - Processing file /usr/local/lib/python3.8/dist-packages/airflow/example_dags/example_sensors.py for tasks to queue
[2023-09-01T13:26:09.989+0900] {logging_mixin.py:151} INFO - [2023-09-01T13:26:09.989+0900] {dagbag.py:539} INFO - Filling up the DagBag from /usr/local/lib/python3.8/dist-packages/airflow/example_dags/example_sensors.py
[2023-09-01T13:26:09.995+0900] {processor.py:839} INFO - DAG(s) dict_keys(['example_sensors']) retrieved from /usr/local/lib/python3.8/dist-packages/airflow/example_dags/example_sensors.py
[2023-09-01T13:26:10.004+0900] {logging_mixin.py:151} INFO - [2023-09-01T13:26:10.004+0900] {dag.py:2907} INFO - Sync 1 DAGs
[2023-09-01T13:26:10.009+0900] {logging_mixin.py:151} INFO - [2023-09-01T13:26:10.009+0900] {dag.py:3677} INFO - Setting next_dagrun for example_sensors to None, run_after=None
[2023-09-01T13:26:10.018+0900] {processor.py:179} INFO - Processing /usr/local/lib/python3.8/dist-packages/airflow/example_dags/example_sensors.py took 0.032 seconds
[2023-09-01T13:26:54.224+0900] {processor.py:157} INFO - Started process (PID=14956) to work on /usr/local/lib/python3.8/dist-packages/airflow/example_dags/example_sensors.py
[2023-09-01T13:26:54.225+0900] {processor.py:829} INFO - Processing file /usr/local/lib/python3.8/dist-packages/airflow/example_dags/example_sensors.py for tasks to queue
[2023-09-01T13:26:54.227+0900] {logging_mixin.py:151} INFO - [2023-09-01T13:26:54.226+0900] {dagbag.py:539} INFO - Filling up the DagBag from /usr/local/lib/python3.8/dist-packages/airflow/example_dags/example_sensors.py
[2023-09-01T13:26:54.240+0900] {processor.py:839} INFO - DAG(s) dict_keys(['example_sensors']) retrieved from /usr/local/lib/python3.8/dist-packages/airflow/example_dags/example_sensors.py
[2023-09-01T13:26:54.257+0900] {logging_mixin.py:151} INFO - [2023-09-01T13:26:54.257+0900] {dag.py:2907} INFO - Sync 1 DAGs
[2023-09-01T13:26:54.264+0900] {logging_mixin.py:151} INFO - [2023-09-01T13:26:54.264+0900] {dag.py:3677} INFO - Setting next_dagrun for example_sensors to None, run_after=None
[2023-09-01T13:26:54.276+0900] {processor.py:179} INFO - Processing /usr/local/lib/python3.8/dist-packages/airflow/example_dags/example_sensors.py took 0.058 seconds
[2023-09-01T13:27:38.284+0900] {processor.py:157} INFO - Started process (PID=15377) to work on /usr/local/lib/python3.8/dist-packages/airflow/example_dags/example_sensors.py
[2023-09-01T13:27:38.284+0900] {processor.py:829} INFO - Processing file /usr/local/lib/python3.8/dist-packages/airflow/example_dags/example_sensors.py for tasks to queue
[2023-09-01T13:27:38.285+0900] {logging_mixin.py:151} INFO - [2023-09-01T13:27:38.284+0900] {dagbag.py:539} INFO - Filling up the DagBag from /usr/local/lib/python3.8/dist-packages/airflow/example_dags/example_sensors.py
[2023-09-01T13:27:38.290+0900] {processor.py:839} INFO - DAG(s) dict_keys(['example_sensors']) retrieved from /usr/local/lib/python3.8/dist-packages/airflow/example_dags/example_sensors.py
[2023-09-01T13:27:38.300+0900] {logging_mixin.py:151} INFO - [2023-09-01T13:27:38.300+0900] {dag.py:2907} INFO - Sync 1 DAGs
[2023-09-01T13:27:38.305+0900] {logging_mixin.py:151} INFO - [2023-09-01T13:27:38.305+0900] {dag.py:3677} INFO - Setting next_dagrun for example_sensors to None, run_after=None
[2023-09-01T13:27:38.317+0900] {processor.py:179} INFO - Processing /usr/local/lib/python3.8/dist-packages/airflow/example_dags/example_sensors.py took 0.035 seconds
[2023-09-01T13:28:22.828+0900] {processor.py:157} INFO - Started process (PID=15815) to work on /usr/local/lib/python3.8/dist-packages/airflow/example_dags/example_sensors.py
[2023-09-01T13:28:22.830+0900] {processor.py:829} INFO - Processing file /usr/local/lib/python3.8/dist-packages/airflow/example_dags/example_sensors.py for tasks to queue
[2023-09-01T13:28:22.831+0900] {logging_mixin.py:151} INFO - [2023-09-01T13:28:22.830+0900] {dagbag.py:539} INFO - Filling up the DagBag from /usr/local/lib/python3.8/dist-packages/airflow/example_dags/example_sensors.py
[2023-09-01T13:28:22.843+0900] {processor.py:839} INFO - DAG(s) dict_keys(['example_sensors']) retrieved from /usr/local/lib/python3.8/dist-packages/airflow/example_dags/example_sensors.py
[2023-09-01T13:28:22.860+0900] {logging_mixin.py:151} INFO - [2023-09-01T13:28:22.860+0900] {dag.py:2907} INFO - Sync 1 DAGs
[2023-09-01T13:28:22.867+0900] {logging_mixin.py:151} INFO - [2023-09-01T13:28:22.867+0900] {dag.py:3677} INFO - Setting next_dagrun for example_sensors to None, run_after=None
[2023-09-01T13:28:22.879+0900] {processor.py:179} INFO - Processing /usr/local/lib/python3.8/dist-packages/airflow/example_dags/example_sensors.py took 0.056 seconds
[2023-09-01T13:29:09.287+0900] {processor.py:157} INFO - Started process (PID=16290) to work on /usr/local/lib/python3.8/dist-packages/airflow/example_dags/example_sensors.py
[2023-09-01T13:29:09.288+0900] {processor.py:829} INFO - Processing file /usr/local/lib/python3.8/dist-packages/airflow/example_dags/example_sensors.py for tasks to queue
[2023-09-01T13:29:09.290+0900] {logging_mixin.py:151} INFO - [2023-09-01T13:29:09.289+0900] {dagbag.py:539} INFO - Filling up the DagBag from /usr/local/lib/python3.8/dist-packages/airflow/example_dags/example_sensors.py
[2023-09-01T13:29:09.300+0900] {processor.py:839} INFO - DAG(s) dict_keys(['example_sensors']) retrieved from /usr/local/lib/python3.8/dist-packages/airflow/example_dags/example_sensors.py
[2023-09-01T13:29:09.316+0900] {logging_mixin.py:151} INFO - [2023-09-01T13:29:09.316+0900] {dag.py:2907} INFO - Sync 1 DAGs
[2023-09-01T13:29:09.324+0900] {logging_mixin.py:151} INFO - [2023-09-01T13:29:09.324+0900] {dag.py:3677} INFO - Setting next_dagrun for example_sensors to None, run_after=None
[2023-09-01T13:29:09.337+0900] {processor.py:179} INFO - Processing /usr/local/lib/python3.8/dist-packages/airflow/example_dags/example_sensors.py took 0.053 seconds
[2023-09-01T13:29:54.066+0900] {processor.py:157} INFO - Started process (PID=16721) to work on /usr/local/lib/python3.8/dist-packages/airflow/example_dags/example_sensors.py
[2023-09-01T13:29:54.068+0900] {processor.py:829} INFO - Processing file /usr/local/lib/python3.8/dist-packages/airflow/example_dags/example_sensors.py for tasks to queue
[2023-09-01T13:29:54.070+0900] {logging_mixin.py:151} INFO - [2023-09-01T13:29:54.069+0900] {dagbag.py:539} INFO - Filling up the DagBag from /usr/local/lib/python3.8/dist-packages/airflow/example_dags/example_sensors.py
[2023-09-01T13:29:54.083+0900] {processor.py:839} INFO - DAG(s) dict_keys(['example_sensors']) retrieved from /usr/local/lib/python3.8/dist-packages/airflow/example_dags/example_sensors.py
[2023-09-01T13:29:54.101+0900] {logging_mixin.py:151} INFO - [2023-09-01T13:29:54.101+0900] {dag.py:2907} INFO - Sync 1 DAGs
[2023-09-01T13:29:54.108+0900] {logging_mixin.py:151} INFO - [2023-09-01T13:29:54.108+0900] {dag.py:3677} INFO - Setting next_dagrun for example_sensors to None, run_after=None
[2023-09-01T13:29:54.119+0900] {processor.py:179} INFO - Processing /usr/local/lib/python3.8/dist-packages/airflow/example_dags/example_sensors.py took 0.059 seconds
[2023-09-01T13:30:41.893+0900] {processor.py:157} INFO - Started process (PID=17183) to work on /usr/local/lib/python3.8/dist-packages/airflow/example_dags/example_sensors.py
[2023-09-01T13:30:41.895+0900] {processor.py:829} INFO - Processing file /usr/local/lib/python3.8/dist-packages/airflow/example_dags/example_sensors.py for tasks to queue
[2023-09-01T13:30:41.896+0900] {logging_mixin.py:151} INFO - [2023-09-01T13:30:41.895+0900] {dagbag.py:539} INFO - Filling up the DagBag from /usr/local/lib/python3.8/dist-packages/airflow/example_dags/example_sensors.py
[2023-09-01T13:30:41.905+0900] {processor.py:839} INFO - DAG(s) dict_keys(['example_sensors']) retrieved from /usr/local/lib/python3.8/dist-packages/airflow/example_dags/example_sensors.py
[2023-09-01T13:30:41.919+0900] {logging_mixin.py:151} INFO - [2023-09-01T13:30:41.919+0900] {dag.py:2907} INFO - Sync 1 DAGs
[2023-09-01T13:30:41.925+0900] {logging_mixin.py:151} INFO - [2023-09-01T13:30:41.925+0900] {dag.py:3677} INFO - Setting next_dagrun for example_sensors to None, run_after=None
[2023-09-01T13:30:41.936+0900] {processor.py:179} INFO - Processing /usr/local/lib/python3.8/dist-packages/airflow/example_dags/example_sensors.py took 0.047 seconds
[2023-09-01T13:31:25.348+0900] {processor.py:157} INFO - Started process (PID=17609) to work on /usr/local/lib/python3.8/dist-packages/airflow/example_dags/example_sensors.py
[2023-09-01T13:31:25.349+0900] {processor.py:829} INFO - Processing file /usr/local/lib/python3.8/dist-packages/airflow/example_dags/example_sensors.py for tasks to queue
[2023-09-01T13:31:25.350+0900] {logging_mixin.py:151} INFO - [2023-09-01T13:31:25.350+0900] {dagbag.py:539} INFO - Filling up the DagBag from /usr/local/lib/python3.8/dist-packages/airflow/example_dags/example_sensors.py
[2023-09-01T13:31:25.362+0900] {processor.py:839} INFO - DAG(s) dict_keys(['example_sensors']) retrieved from /usr/local/lib/python3.8/dist-packages/airflow/example_dags/example_sensors.py
[2023-09-01T13:31:25.380+0900] {logging_mixin.py:151} INFO - [2023-09-01T13:31:25.380+0900] {dag.py:2907} INFO - Sync 1 DAGs
[2023-09-01T13:31:25.386+0900] {logging_mixin.py:151} INFO - [2023-09-01T13:31:25.386+0900] {dag.py:3677} INFO - Setting next_dagrun for example_sensors to None, run_after=None
[2023-09-01T13:31:25.401+0900] {processor.py:179} INFO - Processing /usr/local/lib/python3.8/dist-packages/airflow/example_dags/example_sensors.py took 0.058 seconds
[2023-09-01T13:32:09.964+0900] {processor.py:157} INFO - Started process (PID=18042) to work on /usr/local/lib/python3.8/dist-packages/airflow/example_dags/example_sensors.py
[2023-09-01T13:32:09.965+0900] {processor.py:829} INFO - Processing file /usr/local/lib/python3.8/dist-packages/airflow/example_dags/example_sensors.py for tasks to queue
[2023-09-01T13:32:09.966+0900] {logging_mixin.py:151} INFO - [2023-09-01T13:32:09.966+0900] {dagbag.py:539} INFO - Filling up the DagBag from /usr/local/lib/python3.8/dist-packages/airflow/example_dags/example_sensors.py
[2023-09-01T13:32:09.978+0900] {processor.py:839} INFO - DAG(s) dict_keys(['example_sensors']) retrieved from /usr/local/lib/python3.8/dist-packages/airflow/example_dags/example_sensors.py
[2023-09-01T13:32:09.997+0900] {logging_mixin.py:151} INFO - [2023-09-01T13:32:09.997+0900] {dag.py:2907} INFO - Sync 1 DAGs
[2023-09-01T13:32:10.005+0900] {logging_mixin.py:151} INFO - [2023-09-01T13:32:10.005+0900] {dag.py:3677} INFO - Setting next_dagrun for example_sensors to None, run_after=None
[2023-09-01T13:32:10.017+0900] {processor.py:179} INFO - Processing /usr/local/lib/python3.8/dist-packages/airflow/example_dags/example_sensors.py took 0.059 seconds
[2023-09-01T13:32:55.560+0900] {processor.py:157} INFO - Started process (PID=18480) to work on /usr/local/lib/python3.8/dist-packages/airflow/example_dags/example_sensors.py
[2023-09-01T13:32:55.561+0900] {processor.py:829} INFO - Processing file /usr/local/lib/python3.8/dist-packages/airflow/example_dags/example_sensors.py for tasks to queue
[2023-09-01T13:32:55.563+0900] {logging_mixin.py:151} INFO - [2023-09-01T13:32:55.562+0900] {dagbag.py:539} INFO - Filling up the DagBag from /usr/local/lib/python3.8/dist-packages/airflow/example_dags/example_sensors.py
[2023-09-01T13:32:55.575+0900] {processor.py:839} INFO - DAG(s) dict_keys(['example_sensors']) retrieved from /usr/local/lib/python3.8/dist-packages/airflow/example_dags/example_sensors.py
[2023-09-01T13:32:55.590+0900] {logging_mixin.py:151} INFO - [2023-09-01T13:32:55.590+0900] {dag.py:2907} INFO - Sync 1 DAGs
[2023-09-01T13:32:55.597+0900] {logging_mixin.py:151} INFO - [2023-09-01T13:32:55.597+0900] {dag.py:3677} INFO - Setting next_dagrun for example_sensors to None, run_after=None
[2023-09-01T13:32:55.610+0900] {processor.py:179} INFO - Processing /usr/local/lib/python3.8/dist-packages/airflow/example_dags/example_sensors.py took 0.055 seconds
[2023-09-01T13:33:42.465+0900] {processor.py:157} INFO - Started process (PID=18927) to work on /usr/local/lib/python3.8/dist-packages/airflow/example_dags/example_sensors.py
[2023-09-01T13:33:42.466+0900] {processor.py:829} INFO - Processing file /usr/local/lib/python3.8/dist-packages/airflow/example_dags/example_sensors.py for tasks to queue
[2023-09-01T13:33:42.468+0900] {logging_mixin.py:151} INFO - [2023-09-01T13:33:42.467+0900] {dagbag.py:539} INFO - Filling up the DagBag from /usr/local/lib/python3.8/dist-packages/airflow/example_dags/example_sensors.py
[2023-09-01T13:33:42.480+0900] {processor.py:839} INFO - DAG(s) dict_keys(['example_sensors']) retrieved from /usr/local/lib/python3.8/dist-packages/airflow/example_dags/example_sensors.py
[2023-09-01T13:33:42.496+0900] {logging_mixin.py:151} INFO - [2023-09-01T13:33:42.496+0900] {dag.py:2907} INFO - Sync 1 DAGs
[2023-09-01T13:33:42.502+0900] {logging_mixin.py:151} INFO - [2023-09-01T13:33:42.502+0900] {dag.py:3677} INFO - Setting next_dagrun for example_sensors to None, run_after=None
[2023-09-01T13:33:42.513+0900] {processor.py:179} INFO - Processing /usr/local/lib/python3.8/dist-packages/airflow/example_dags/example_sensors.py took 0.052 seconds
[2023-09-01T13:34:25.703+0900] {processor.py:157} INFO - Started process (PID=19380) to work on /usr/local/lib/python3.8/dist-packages/airflow/example_dags/example_sensors.py
[2023-09-01T13:34:25.704+0900] {processor.py:829} INFO - Processing file /usr/local/lib/python3.8/dist-packages/airflow/example_dags/example_sensors.py for tasks to queue
[2023-09-01T13:34:25.705+0900] {logging_mixin.py:151} INFO - [2023-09-01T13:34:25.705+0900] {dagbag.py:539} INFO - Filling up the DagBag from /usr/local/lib/python3.8/dist-packages/airflow/example_dags/example_sensors.py
[2023-09-01T13:34:25.717+0900] {processor.py:839} INFO - DAG(s) dict_keys(['example_sensors']) retrieved from /usr/local/lib/python3.8/dist-packages/airflow/example_dags/example_sensors.py
[2023-09-01T13:34:25.732+0900] {logging_mixin.py:151} INFO - [2023-09-01T13:34:25.732+0900] {dag.py:2907} INFO - Sync 1 DAGs
[2023-09-01T13:34:25.739+0900] {logging_mixin.py:151} INFO - [2023-09-01T13:34:25.738+0900] {dag.py:3677} INFO - Setting next_dagrun for example_sensors to None, run_after=None
[2023-09-01T13:34:25.749+0900] {processor.py:179} INFO - Processing /usr/local/lib/python3.8/dist-packages/airflow/example_dags/example_sensors.py took 0.050 seconds
[2023-09-01T13:35:10.913+0900] {processor.py:157} INFO - Started process (PID=19816) to work on /usr/local/lib/python3.8/dist-packages/airflow/example_dags/example_sensors.py
[2023-09-01T13:35:10.914+0900] {processor.py:829} INFO - Processing file /usr/local/lib/python3.8/dist-packages/airflow/example_dags/example_sensors.py for tasks to queue
[2023-09-01T13:35:10.915+0900] {logging_mixin.py:151} INFO - [2023-09-01T13:35:10.915+0900] {dagbag.py:539} INFO - Filling up the DagBag from /usr/local/lib/python3.8/dist-packages/airflow/example_dags/example_sensors.py
[2023-09-01T13:35:10.927+0900] {processor.py:839} INFO - DAG(s) dict_keys(['example_sensors']) retrieved from /usr/local/lib/python3.8/dist-packages/airflow/example_dags/example_sensors.py
[2023-09-01T13:35:10.945+0900] {logging_mixin.py:151} INFO - [2023-09-01T13:35:10.945+0900] {dag.py:2907} INFO - Sync 1 DAGs
[2023-09-01T13:35:10.952+0900] {logging_mixin.py:151} INFO - [2023-09-01T13:35:10.951+0900] {dag.py:3677} INFO - Setting next_dagrun for example_sensors to None, run_after=None
[2023-09-01T13:35:10.963+0900] {processor.py:179} INFO - Processing /usr/local/lib/python3.8/dist-packages/airflow/example_dags/example_sensors.py took 0.054 seconds
[2023-09-01T13:35:52.968+0900] {processor.py:157} INFO - Started process (PID=20216) to work on /usr/local/lib/python3.8/dist-packages/airflow/example_dags/example_sensors.py
[2023-09-01T13:35:52.970+0900] {processor.py:829} INFO - Processing file /usr/local/lib/python3.8/dist-packages/airflow/example_dags/example_sensors.py for tasks to queue
[2023-09-01T13:35:52.971+0900] {logging_mixin.py:151} INFO - [2023-09-01T13:35:52.970+0900] {dagbag.py:539} INFO - Filling up the DagBag from /usr/local/lib/python3.8/dist-packages/airflow/example_dags/example_sensors.py
[2023-09-01T13:35:52.984+0900] {processor.py:839} INFO - DAG(s) dict_keys(['example_sensors']) retrieved from /usr/local/lib/python3.8/dist-packages/airflow/example_dags/example_sensors.py
[2023-09-01T13:35:53.000+0900] {logging_mixin.py:151} INFO - [2023-09-01T13:35:53.000+0900] {dag.py:2907} INFO - Sync 1 DAGs
[2023-09-01T13:35:53.007+0900] {logging_mixin.py:151} INFO - [2023-09-01T13:35:53.007+0900] {dag.py:3677} INFO - Setting next_dagrun for example_sensors to None, run_after=None
[2023-09-01T13:35:53.019+0900] {processor.py:179} INFO - Processing /usr/local/lib/python3.8/dist-packages/airflow/example_dags/example_sensors.py took 0.056 seconds
[2023-09-01T13:36:43.205+0900] {processor.py:157} INFO - Started process (PID=20704) to work on /usr/local/lib/python3.8/dist-packages/airflow/example_dags/example_sensors.py
[2023-09-01T13:36:43.206+0900] {processor.py:829} INFO - Processing file /usr/local/lib/python3.8/dist-packages/airflow/example_dags/example_sensors.py for tasks to queue
[2023-09-01T13:36:43.207+0900] {logging_mixin.py:151} INFO - [2023-09-01T13:36:43.207+0900] {dagbag.py:539} INFO - Filling up the DagBag from /usr/local/lib/python3.8/dist-packages/airflow/example_dags/example_sensors.py
[2023-09-01T13:36:43.216+0900] {processor.py:839} INFO - DAG(s) dict_keys(['example_sensors']) retrieved from /usr/local/lib/python3.8/dist-packages/airflow/example_dags/example_sensors.py
[2023-09-01T13:36:43.230+0900] {logging_mixin.py:151} INFO - [2023-09-01T13:36:43.230+0900] {dag.py:2907} INFO - Sync 1 DAGs
[2023-09-01T13:36:43.236+0900] {logging_mixin.py:151} INFO - [2023-09-01T13:36:43.236+0900] {dag.py:3677} INFO - Setting next_dagrun for example_sensors to None, run_after=None
[2023-09-01T13:36:43.246+0900] {processor.py:179} INFO - Processing /usr/local/lib/python3.8/dist-packages/airflow/example_dags/example_sensors.py took 0.045 seconds
[2023-09-01T13:37:27.831+0900] {processor.py:157} INFO - Started process (PID=21138) to work on /usr/local/lib/python3.8/dist-packages/airflow/example_dags/example_sensors.py
[2023-09-01T13:37:27.832+0900] {processor.py:829} INFO - Processing file /usr/local/lib/python3.8/dist-packages/airflow/example_dags/example_sensors.py for tasks to queue
[2023-09-01T13:37:27.834+0900] {logging_mixin.py:151} INFO - [2023-09-01T13:37:27.833+0900] {dagbag.py:539} INFO - Filling up the DagBag from /usr/local/lib/python3.8/dist-packages/airflow/example_dags/example_sensors.py
[2023-09-01T13:37:27.846+0900] {processor.py:839} INFO - DAG(s) dict_keys(['example_sensors']) retrieved from /usr/local/lib/python3.8/dist-packages/airflow/example_dags/example_sensors.py
[2023-09-01T13:37:27.862+0900] {logging_mixin.py:151} INFO - [2023-09-01T13:37:27.862+0900] {dag.py:2907} INFO - Sync 1 DAGs
[2023-09-01T13:37:27.870+0900] {logging_mixin.py:151} INFO - [2023-09-01T13:37:27.870+0900] {dag.py:3677} INFO - Setting next_dagrun for example_sensors to None, run_after=None
[2023-09-01T13:37:27.881+0900] {processor.py:179} INFO - Processing /usr/local/lib/python3.8/dist-packages/airflow/example_dags/example_sensors.py took 0.055 seconds
[2023-09-01T13:38:14.632+0900] {processor.py:157} INFO - Started process (PID=21592) to work on /usr/local/lib/python3.8/dist-packages/airflow/example_dags/example_sensors.py
[2023-09-01T13:38:14.633+0900] {processor.py:829} INFO - Processing file /usr/local/lib/python3.8/dist-packages/airflow/example_dags/example_sensors.py for tasks to queue
[2023-09-01T13:38:14.634+0900] {logging_mixin.py:151} INFO - [2023-09-01T13:38:14.634+0900] {dagbag.py:539} INFO - Filling up the DagBag from /usr/local/lib/python3.8/dist-packages/airflow/example_dags/example_sensors.py
[2023-09-01T13:38:14.645+0900] {processor.py:839} INFO - DAG(s) dict_keys(['example_sensors']) retrieved from /usr/local/lib/python3.8/dist-packages/airflow/example_dags/example_sensors.py
[2023-09-01T13:38:14.661+0900] {logging_mixin.py:151} INFO - [2023-09-01T13:38:14.661+0900] {dag.py:2907} INFO - Sync 1 DAGs
[2023-09-01T13:38:14.668+0900] {logging_mixin.py:151} INFO - [2023-09-01T13:38:14.668+0900] {dag.py:3677} INFO - Setting next_dagrun for example_sensors to None, run_after=None
[2023-09-01T13:38:14.681+0900] {processor.py:179} INFO - Processing /usr/local/lib/python3.8/dist-packages/airflow/example_dags/example_sensors.py took 0.053 seconds
[2023-09-01T13:38:57.981+0900] {processor.py:157} INFO - Started process (PID=22032) to work on /usr/local/lib/python3.8/dist-packages/airflow/example_dags/example_sensors.py
[2023-09-01T13:38:57.983+0900] {processor.py:829} INFO - Processing file /usr/local/lib/python3.8/dist-packages/airflow/example_dags/example_sensors.py for tasks to queue
[2023-09-01T13:38:57.984+0900] {logging_mixin.py:151} INFO - [2023-09-01T13:38:57.983+0900] {dagbag.py:539} INFO - Filling up the DagBag from /usr/local/lib/python3.8/dist-packages/airflow/example_dags/example_sensors.py
[2023-09-01T13:38:57.996+0900] {processor.py:839} INFO - DAG(s) dict_keys(['example_sensors']) retrieved from /usr/local/lib/python3.8/dist-packages/airflow/example_dags/example_sensors.py
[2023-09-01T13:38:58.013+0900] {logging_mixin.py:151} INFO - [2023-09-01T13:38:58.013+0900] {dag.py:2907} INFO - Sync 1 DAGs
[2023-09-01T13:38:58.020+0900] {logging_mixin.py:151} INFO - [2023-09-01T13:38:58.020+0900] {dag.py:3677} INFO - Setting next_dagrun for example_sensors to None, run_after=None
[2023-09-01T13:38:58.031+0900] {processor.py:179} INFO - Processing /usr/local/lib/python3.8/dist-packages/airflow/example_dags/example_sensors.py took 0.055 seconds
