[2023-09-01T13:07:55.346+0900] {processor.py:157} INFO - Started process (PID=2192) to work on /usr/local/lib/python3.8/dist-packages/airflow/example_dags/example_sensor_decorator.py
[2023-09-01T13:07:55.347+0900] {processor.py:829} INFO - Processing file /usr/local/lib/python3.8/dist-packages/airflow/example_dags/example_sensor_decorator.py for tasks to queue
[2023-09-01T13:07:55.348+0900] {logging_mixin.py:151} INFO - [2023-09-01T13:07:55.348+0900] {dagbag.py:539} INFO - Filling up the DagBag from /usr/local/lib/python3.8/dist-packages/airflow/example_dags/example_sensor_decorator.py
[2023-09-01T13:07:55.356+0900] {processor.py:839} INFO - DAG(s) dict_keys(['example_sensor_decorator']) retrieved from /usr/local/lib/python3.8/dist-packages/airflow/example_dags/example_sensor_decorator.py
[2023-09-01T13:07:55.421+0900] {logging_mixin.py:151} INFO - [2023-09-01T13:07:55.421+0900] {manager.py:501} INFO - Created Permission View: can delete on DAG:example_sensor_decorator
[2023-09-01T13:07:55.426+0900] {logging_mixin.py:151} INFO - [2023-09-01T13:07:55.426+0900] {manager.py:501} INFO - Created Permission View: can read on DAG:example_sensor_decorator
[2023-09-01T13:07:55.429+0900] {logging_mixin.py:151} INFO - [2023-09-01T13:07:55.429+0900] {manager.py:501} INFO - Created Permission View: can edit on DAG:example_sensor_decorator
[2023-09-01T13:07:55.433+0900] {logging_mixin.py:151} INFO - [2023-09-01T13:07:55.433+0900] {dag.py:2907} INFO - Sync 1 DAGs
[2023-09-01T13:07:55.438+0900] {logging_mixin.py:151} INFO - [2023-09-01T13:07:55.437+0900] {dag.py:2929} INFO - Creating ORM DAG for example_sensor_decorator
[2023-09-01T13:07:55.438+0900] {logging_mixin.py:151} INFO - [2023-09-01T13:07:55.438+0900] {dag.py:3677} INFO - Setting next_dagrun for example_sensor_decorator to None, run_after=None
[2023-09-01T13:07:55.446+0900] {processor.py:179} INFO - Processing /usr/local/lib/python3.8/dist-packages/airflow/example_dags/example_sensor_decorator.py took 0.106 seconds
[2023-09-01T13:08:53.896+0900] {processor.py:157} INFO - Started process (PID=3970) to work on /usr/local/lib/python3.8/dist-packages/airflow/example_dags/example_sensor_decorator.py
[2023-09-01T13:08:53.898+0900] {processor.py:829} INFO - Processing file /usr/local/lib/python3.8/dist-packages/airflow/example_dags/example_sensor_decorator.py for tasks to queue
[2023-09-01T13:08:53.900+0900] {logging_mixin.py:151} INFO - [2023-09-01T13:08:53.899+0900] {dagbag.py:539} INFO - Filling up the DagBag from /usr/local/lib/python3.8/dist-packages/airflow/example_dags/example_sensor_decorator.py
[2023-09-01T13:08:53.909+0900] {processor.py:839} INFO - DAG(s) dict_keys(['example_sensor_decorator']) retrieved from /usr/local/lib/python3.8/dist-packages/airflow/example_dags/example_sensor_decorator.py
[2023-09-01T13:08:53.927+0900] {logging_mixin.py:151} INFO - [2023-09-01T13:08:53.927+0900] {dag.py:2907} INFO - Sync 1 DAGs
[2023-09-01T13:08:53.936+0900] {logging_mixin.py:151} INFO - [2023-09-01T13:08:53.936+0900] {dag.py:3677} INFO - Setting next_dagrun for example_sensor_decorator to None, run_after=None
[2023-09-01T13:08:53.948+0900] {processor.py:179} INFO - Processing /usr/local/lib/python3.8/dist-packages/airflow/example_dags/example_sensor_decorator.py took 0.057 seconds
[2023-09-01T13:09:37.397+0900] {processor.py:157} INFO - Started process (PID=4400) to work on /usr/local/lib/python3.8/dist-packages/airflow/example_dags/example_sensor_decorator.py
[2023-09-01T13:09:37.398+0900] {processor.py:829} INFO - Processing file /usr/local/lib/python3.8/dist-packages/airflow/example_dags/example_sensor_decorator.py for tasks to queue
[2023-09-01T13:09:37.399+0900] {logging_mixin.py:151} INFO - [2023-09-01T13:09:37.399+0900] {dagbag.py:539} INFO - Filling up the DagBag from /usr/local/lib/python3.8/dist-packages/airflow/example_dags/example_sensor_decorator.py
[2023-09-01T13:09:37.404+0900] {processor.py:839} INFO - DAG(s) dict_keys(['example_sensor_decorator']) retrieved from /usr/local/lib/python3.8/dist-packages/airflow/example_dags/example_sensor_decorator.py
[2023-09-01T13:09:37.415+0900] {logging_mixin.py:151} INFO - [2023-09-01T13:09:37.415+0900] {dag.py:2907} INFO - Sync 1 DAGs
[2023-09-01T13:09:37.421+0900] {logging_mixin.py:151} INFO - [2023-09-01T13:09:37.421+0900] {dag.py:3677} INFO - Setting next_dagrun for example_sensor_decorator to None, run_after=None
[2023-09-01T13:09:37.430+0900] {processor.py:179} INFO - Processing /usr/local/lib/python3.8/dist-packages/airflow/example_dags/example_sensor_decorator.py took 0.036 seconds
[2023-09-01T13:10:24.857+0900] {processor.py:157} INFO - Started process (PID=4862) to work on /usr/local/lib/python3.8/dist-packages/airflow/example_dags/example_sensor_decorator.py
[2023-09-01T13:10:24.858+0900] {processor.py:829} INFO - Processing file /usr/local/lib/python3.8/dist-packages/airflow/example_dags/example_sensor_decorator.py for tasks to queue
[2023-09-01T13:10:24.860+0900] {logging_mixin.py:151} INFO - [2023-09-01T13:10:24.859+0900] {dagbag.py:539} INFO - Filling up the DagBag from /usr/local/lib/python3.8/dist-packages/airflow/example_dags/example_sensor_decorator.py
[2023-09-01T13:10:24.867+0900] {processor.py:839} INFO - DAG(s) dict_keys(['example_sensor_decorator']) retrieved from /usr/local/lib/python3.8/dist-packages/airflow/example_dags/example_sensor_decorator.py
[2023-09-01T13:10:24.882+0900] {logging_mixin.py:151} INFO - [2023-09-01T13:10:24.882+0900] {dag.py:2907} INFO - Sync 1 DAGs
[2023-09-01T13:10:24.889+0900] {logging_mixin.py:151} INFO - [2023-09-01T13:10:24.889+0900] {dag.py:3677} INFO - Setting next_dagrun for example_sensor_decorator to None, run_after=None
[2023-09-01T13:10:24.902+0900] {processor.py:179} INFO - Processing /usr/local/lib/python3.8/dist-packages/airflow/example_dags/example_sensor_decorator.py took 0.049 seconds
[2023-09-01T13:11:11.883+0900] {processor.py:157} INFO - Started process (PID=5310) to work on /usr/local/lib/python3.8/dist-packages/airflow/example_dags/example_sensor_decorator.py
[2023-09-01T13:11:11.884+0900] {processor.py:829} INFO - Processing file /usr/local/lib/python3.8/dist-packages/airflow/example_dags/example_sensor_decorator.py for tasks to queue
[2023-09-01T13:11:11.886+0900] {logging_mixin.py:151} INFO - [2023-09-01T13:11:11.885+0900] {dagbag.py:539} INFO - Filling up the DagBag from /usr/local/lib/python3.8/dist-packages/airflow/example_dags/example_sensor_decorator.py
[2023-09-01T13:11:11.896+0900] {processor.py:839} INFO - DAG(s) dict_keys(['example_sensor_decorator']) retrieved from /usr/local/lib/python3.8/dist-packages/airflow/example_dags/example_sensor_decorator.py
[2023-09-01T13:11:11.913+0900] {logging_mixin.py:151} INFO - [2023-09-01T13:11:11.913+0900] {dag.py:2907} INFO - Sync 1 DAGs
[2023-09-01T13:11:11.921+0900] {logging_mixin.py:151} INFO - [2023-09-01T13:11:11.921+0900] {dag.py:3677} INFO - Setting next_dagrun for example_sensor_decorator to None, run_after=None
[2023-09-01T13:11:11.933+0900] {processor.py:179} INFO - Processing /usr/local/lib/python3.8/dist-packages/airflow/example_dags/example_sensor_decorator.py took 0.056 seconds
[2023-09-01T13:13:10.009+0900] {processor.py:157} INFO - Started process (PID=6013) to work on /usr/local/lib/python3.8/dist-packages/airflow/example_dags/example_sensor_decorator.py
[2023-09-01T13:13:10.011+0900] {processor.py:829} INFO - Processing file /usr/local/lib/python3.8/dist-packages/airflow/example_dags/example_sensor_decorator.py for tasks to queue
[2023-09-01T13:13:10.013+0900] {logging_mixin.py:151} INFO - [2023-09-01T13:13:10.011+0900] {dagbag.py:539} INFO - Filling up the DagBag from /usr/local/lib/python3.8/dist-packages/airflow/example_dags/example_sensor_decorator.py
[2023-09-01T13:13:10.022+0900] {processor.py:839} INFO - DAG(s) dict_keys(['example_sensor_decorator']) retrieved from /usr/local/lib/python3.8/dist-packages/airflow/example_dags/example_sensor_decorator.py
[2023-09-01T13:13:10.038+0900] {logging_mixin.py:151} INFO - [2023-09-01T13:13:10.038+0900] {dag.py:2907} INFO - Sync 1 DAGs
[2023-09-01T13:13:10.047+0900] {logging_mixin.py:151} INFO - [2023-09-01T13:13:10.047+0900] {dag.py:3677} INFO - Setting next_dagrun for example_sensor_decorator to None, run_after=None
[2023-09-01T13:13:10.060+0900] {processor.py:179} INFO - Processing /usr/local/lib/python3.8/dist-packages/airflow/example_dags/example_sensor_decorator.py took 0.056 seconds
[2023-09-01T13:13:54.711+0900] {processor.py:157} INFO - Started process (PID=6469) to work on /usr/local/lib/python3.8/dist-packages/airflow/example_dags/example_sensor_decorator.py
[2023-09-01T13:13:54.713+0900] {processor.py:829} INFO - Processing file /usr/local/lib/python3.8/dist-packages/airflow/example_dags/example_sensor_decorator.py for tasks to queue
[2023-09-01T13:13:54.714+0900] {logging_mixin.py:151} INFO - [2023-09-01T13:13:54.714+0900] {dagbag.py:539} INFO - Filling up the DagBag from /usr/local/lib/python3.8/dist-packages/airflow/example_dags/example_sensor_decorator.py
[2023-09-01T13:13:54.723+0900] {processor.py:839} INFO - DAG(s) dict_keys(['example_sensor_decorator']) retrieved from /usr/local/lib/python3.8/dist-packages/airflow/example_dags/example_sensor_decorator.py
[2023-09-01T13:13:54.739+0900] {logging_mixin.py:151} INFO - [2023-09-01T13:13:54.739+0900] {dag.py:2907} INFO - Sync 1 DAGs
[2023-09-01T13:13:54.747+0900] {logging_mixin.py:151} INFO - [2023-09-01T13:13:54.747+0900] {dag.py:3677} INFO - Setting next_dagrun for example_sensor_decorator to None, run_after=None
[2023-09-01T13:13:54.759+0900] {processor.py:179} INFO - Processing /usr/local/lib/python3.8/dist-packages/airflow/example_dags/example_sensor_decorator.py took 0.053 seconds
[2023-09-01T13:14:37.676+0900] {processor.py:157} INFO - Started process (PID=7375) to work on /usr/local/lib/python3.8/dist-packages/airflow/example_dags/example_sensor_decorator.py
[2023-09-01T13:14:37.677+0900] {processor.py:829} INFO - Processing file /usr/local/lib/python3.8/dist-packages/airflow/example_dags/example_sensor_decorator.py for tasks to queue
[2023-09-01T13:14:37.678+0900] {logging_mixin.py:151} INFO - [2023-09-01T13:14:37.677+0900] {dagbag.py:539} INFO - Filling up the DagBag from /usr/local/lib/python3.8/dist-packages/airflow/example_dags/example_sensor_decorator.py
[2023-09-01T13:14:37.684+0900] {processor.py:839} INFO - DAG(s) dict_keys(['example_sensor_decorator']) retrieved from /usr/local/lib/python3.8/dist-packages/airflow/example_dags/example_sensor_decorator.py
[2023-09-01T13:14:37.699+0900] {logging_mixin.py:151} INFO - [2023-09-01T13:14:37.699+0900] {dag.py:2907} INFO - Sync 1 DAGs
[2023-09-01T13:14:37.710+0900] {logging_mixin.py:151} INFO - [2023-09-01T13:14:37.710+0900] {dag.py:3677} INFO - Setting next_dagrun for example_sensor_decorator to None, run_after=None
[2023-09-01T13:14:37.725+0900] {processor.py:179} INFO - Processing /usr/local/lib/python3.8/dist-packages/airflow/example_dags/example_sensor_decorator.py took 0.052 seconds
[2023-09-01T13:15:22.084+0900] {processor.py:157} INFO - Started process (PID=7892) to work on /usr/local/lib/python3.8/dist-packages/airflow/example_dags/example_sensor_decorator.py
[2023-09-01T13:15:22.086+0900] {processor.py:829} INFO - Processing file /usr/local/lib/python3.8/dist-packages/airflow/example_dags/example_sensor_decorator.py for tasks to queue
[2023-09-01T13:15:22.087+0900] {logging_mixin.py:151} INFO - [2023-09-01T13:15:22.086+0900] {dagbag.py:539} INFO - Filling up the DagBag from /usr/local/lib/python3.8/dist-packages/airflow/example_dags/example_sensor_decorator.py
[2023-09-01T13:15:22.097+0900] {processor.py:839} INFO - DAG(s) dict_keys(['example_sensor_decorator']) retrieved from /usr/local/lib/python3.8/dist-packages/airflow/example_dags/example_sensor_decorator.py
[2023-09-01T13:15:22.114+0900] {logging_mixin.py:151} INFO - [2023-09-01T13:15:22.113+0900] {dag.py:2907} INFO - Sync 1 DAGs
[2023-09-01T13:15:22.122+0900] {logging_mixin.py:151} INFO - [2023-09-01T13:15:22.122+0900] {dag.py:3677} INFO - Setting next_dagrun for example_sensor_decorator to None, run_after=None
[2023-09-01T13:15:22.135+0900] {processor.py:179} INFO - Processing /usr/local/lib/python3.8/dist-packages/airflow/example_dags/example_sensor_decorator.py took 0.057 seconds
[2023-09-01T13:16:10.097+0900] {processor.py:157} INFO - Started process (PID=8395) to work on /usr/local/lib/python3.8/dist-packages/airflow/example_dags/example_sensor_decorator.py
[2023-09-01T13:16:10.100+0900] {processor.py:829} INFO - Processing file /usr/local/lib/python3.8/dist-packages/airflow/example_dags/example_sensor_decorator.py for tasks to queue
[2023-09-01T13:16:10.101+0900] {logging_mixin.py:151} INFO - [2023-09-01T13:16:10.100+0900] {dagbag.py:539} INFO - Filling up the DagBag from /usr/local/lib/python3.8/dist-packages/airflow/example_dags/example_sensor_decorator.py
[2023-09-01T13:16:10.109+0900] {processor.py:839} INFO - DAG(s) dict_keys(['example_sensor_decorator']) retrieved from /usr/local/lib/python3.8/dist-packages/airflow/example_dags/example_sensor_decorator.py
[2023-09-01T13:16:10.126+0900] {logging_mixin.py:151} INFO - [2023-09-01T13:16:10.126+0900] {dag.py:2907} INFO - Sync 1 DAGs
[2023-09-01T13:16:10.135+0900] {logging_mixin.py:151} INFO - [2023-09-01T13:16:10.135+0900] {dag.py:3677} INFO - Setting next_dagrun for example_sensor_decorator to None, run_after=None
[2023-09-01T13:16:10.148+0900] {processor.py:179} INFO - Processing /usr/local/lib/python3.8/dist-packages/airflow/example_dags/example_sensor_decorator.py took 0.056 seconds
[2023-09-01T13:16:53.573+0900] {processor.py:157} INFO - Started process (PID=8811) to work on /usr/local/lib/python3.8/dist-packages/airflow/example_dags/example_sensor_decorator.py
[2023-09-01T13:16:53.575+0900] {processor.py:829} INFO - Processing file /usr/local/lib/python3.8/dist-packages/airflow/example_dags/example_sensor_decorator.py for tasks to queue
[2023-09-01T13:16:53.577+0900] {logging_mixin.py:151} INFO - [2023-09-01T13:16:53.576+0900] {dagbag.py:539} INFO - Filling up the DagBag from /usr/local/lib/python3.8/dist-packages/airflow/example_dags/example_sensor_decorator.py
[2023-09-01T13:16:53.586+0900] {processor.py:839} INFO - DAG(s) dict_keys(['example_sensor_decorator']) retrieved from /usr/local/lib/python3.8/dist-packages/airflow/example_dags/example_sensor_decorator.py
[2023-09-01T13:16:53.604+0900] {logging_mixin.py:151} INFO - [2023-09-01T13:16:53.604+0900] {dag.py:2907} INFO - Sync 1 DAGs
[2023-09-01T13:16:53.613+0900] {logging_mixin.py:151} INFO - [2023-09-01T13:16:53.613+0900] {dag.py:3677} INFO - Setting next_dagrun for example_sensor_decorator to None, run_after=None
[2023-09-01T13:16:53.626+0900] {processor.py:179} INFO - Processing /usr/local/lib/python3.8/dist-packages/airflow/example_dags/example_sensor_decorator.py took 0.059 seconds
[2023-09-01T13:17:41.295+0900] {processor.py:157} INFO - Started process (PID=9277) to work on /usr/local/lib/python3.8/dist-packages/airflow/example_dags/example_sensor_decorator.py
[2023-09-01T13:17:41.297+0900] {processor.py:829} INFO - Processing file /usr/local/lib/python3.8/dist-packages/airflow/example_dags/example_sensor_decorator.py for tasks to queue
[2023-09-01T13:17:41.298+0900] {logging_mixin.py:151} INFO - [2023-09-01T13:17:41.297+0900] {dagbag.py:539} INFO - Filling up the DagBag from /usr/local/lib/python3.8/dist-packages/airflow/example_dags/example_sensor_decorator.py
[2023-09-01T13:17:41.307+0900] {processor.py:839} INFO - DAG(s) dict_keys(['example_sensor_decorator']) retrieved from /usr/local/lib/python3.8/dist-packages/airflow/example_dags/example_sensor_decorator.py
[2023-09-01T13:17:41.324+0900] {logging_mixin.py:151} INFO - [2023-09-01T13:17:41.324+0900] {dag.py:2907} INFO - Sync 1 DAGs
[2023-09-01T13:17:41.332+0900] {logging_mixin.py:151} INFO - [2023-09-01T13:17:41.332+0900] {dag.py:3677} INFO - Setting next_dagrun for example_sensor_decorator to None, run_after=None
[2023-09-01T13:17:41.344+0900] {processor.py:179} INFO - Processing /usr/local/lib/python3.8/dist-packages/airflow/example_dags/example_sensor_decorator.py took 0.054 seconds
[2023-09-01T13:18:27.941+0900] {processor.py:157} INFO - Started process (PID=9781) to work on /usr/local/lib/python3.8/dist-packages/airflow/example_dags/example_sensor_decorator.py
[2023-09-01T13:18:27.943+0900] {processor.py:829} INFO - Processing file /usr/local/lib/python3.8/dist-packages/airflow/example_dags/example_sensor_decorator.py for tasks to queue
[2023-09-01T13:18:27.945+0900] {logging_mixin.py:151} INFO - [2023-09-01T13:18:27.944+0900] {dagbag.py:539} INFO - Filling up the DagBag from /usr/local/lib/python3.8/dist-packages/airflow/example_dags/example_sensor_decorator.py
[2023-09-01T13:18:27.953+0900] {processor.py:839} INFO - DAG(s) dict_keys(['example_sensor_decorator']) retrieved from /usr/local/lib/python3.8/dist-packages/airflow/example_dags/example_sensor_decorator.py
[2023-09-01T13:18:27.969+0900] {logging_mixin.py:151} INFO - [2023-09-01T13:18:27.969+0900] {dag.py:2907} INFO - Sync 1 DAGs
[2023-09-01T13:18:27.977+0900] {logging_mixin.py:151} INFO - [2023-09-01T13:18:27.976+0900] {dag.py:3677} INFO - Setting next_dagrun for example_sensor_decorator to None, run_after=None
[2023-09-01T13:18:27.988+0900] {processor.py:179} INFO - Processing /usr/local/lib/python3.8/dist-packages/airflow/example_dags/example_sensor_decorator.py took 0.053 seconds
[2023-09-01T13:19:12.304+0900] {processor.py:157} INFO - Started process (PID=10202) to work on /usr/local/lib/python3.8/dist-packages/airflow/example_dags/example_sensor_decorator.py
[2023-09-01T13:19:12.307+0900] {processor.py:829} INFO - Processing file /usr/local/lib/python3.8/dist-packages/airflow/example_dags/example_sensor_decorator.py for tasks to queue
[2023-09-01T13:19:12.309+0900] {logging_mixin.py:151} INFO - [2023-09-01T13:19:12.308+0900] {dagbag.py:539} INFO - Filling up the DagBag from /usr/local/lib/python3.8/dist-packages/airflow/example_dags/example_sensor_decorator.py
[2023-09-01T13:19:12.321+0900] {processor.py:839} INFO - DAG(s) dict_keys(['example_sensor_decorator']) retrieved from /usr/local/lib/python3.8/dist-packages/airflow/example_dags/example_sensor_decorator.py
[2023-09-01T13:19:12.337+0900] {logging_mixin.py:151} INFO - [2023-09-01T13:19:12.337+0900] {dag.py:2907} INFO - Sync 1 DAGs
[2023-09-01T13:19:12.344+0900] {logging_mixin.py:151} INFO - [2023-09-01T13:19:12.344+0900] {dag.py:3677} INFO - Setting next_dagrun for example_sensor_decorator to None, run_after=None
[2023-09-01T13:19:12.356+0900] {processor.py:179} INFO - Processing /usr/local/lib/python3.8/dist-packages/airflow/example_dags/example_sensor_decorator.py took 0.059 seconds
[2023-09-01T13:19:56.920+0900] {processor.py:157} INFO - Started process (PID=10636) to work on /usr/local/lib/python3.8/dist-packages/airflow/example_dags/example_sensor_decorator.py
[2023-09-01T13:19:56.921+0900] {processor.py:829} INFO - Processing file /usr/local/lib/python3.8/dist-packages/airflow/example_dags/example_sensor_decorator.py for tasks to queue
[2023-09-01T13:19:56.923+0900] {logging_mixin.py:151} INFO - [2023-09-01T13:19:56.922+0900] {dagbag.py:539} INFO - Filling up the DagBag from /usr/local/lib/python3.8/dist-packages/airflow/example_dags/example_sensor_decorator.py
[2023-09-01T13:19:56.931+0900] {processor.py:839} INFO - DAG(s) dict_keys(['example_sensor_decorator']) retrieved from /usr/local/lib/python3.8/dist-packages/airflow/example_dags/example_sensor_decorator.py
[2023-09-01T13:19:56.947+0900] {logging_mixin.py:151} INFO - [2023-09-01T13:19:56.947+0900] {dag.py:2907} INFO - Sync 1 DAGs
[2023-09-01T13:19:56.955+0900] {logging_mixin.py:151} INFO - [2023-09-01T13:19:56.955+0900] {dag.py:3677} INFO - Setting next_dagrun for example_sensor_decorator to None, run_after=None
[2023-09-01T13:19:56.967+0900] {processor.py:179} INFO - Processing /usr/local/lib/python3.8/dist-packages/airflow/example_dags/example_sensor_decorator.py took 0.052 seconds
[2023-09-01T13:20:40.349+0900] {processor.py:157} INFO - Started process (PID=11082) to work on /usr/local/lib/python3.8/dist-packages/airflow/example_dags/example_sensor_decorator.py
[2023-09-01T13:20:40.351+0900] {processor.py:829} INFO - Processing file /usr/local/lib/python3.8/dist-packages/airflow/example_dags/example_sensor_decorator.py for tasks to queue
[2023-09-01T13:20:40.353+0900] {logging_mixin.py:151} INFO - [2023-09-01T13:20:40.352+0900] {dagbag.py:539} INFO - Filling up the DagBag from /usr/local/lib/python3.8/dist-packages/airflow/example_dags/example_sensor_decorator.py
[2023-09-01T13:20:40.361+0900] {processor.py:839} INFO - DAG(s) dict_keys(['example_sensor_decorator']) retrieved from /usr/local/lib/python3.8/dist-packages/airflow/example_dags/example_sensor_decorator.py
[2023-09-01T13:20:40.377+0900] {logging_mixin.py:151} INFO - [2023-09-01T13:20:40.377+0900] {dag.py:2907} INFO - Sync 1 DAGs
[2023-09-01T13:20:40.385+0900] {logging_mixin.py:151} INFO - [2023-09-01T13:20:40.385+0900] {dag.py:3677} INFO - Setting next_dagrun for example_sensor_decorator to None, run_after=None
[2023-09-01T13:20:40.399+0900] {processor.py:179} INFO - Processing /usr/local/lib/python3.8/dist-packages/airflow/example_dags/example_sensor_decorator.py took 0.055 seconds
[2023-09-01T13:21:45.356+0900] {processor.py:157} INFO - Started process (PID=11630) to work on /usr/local/lib/python3.8/dist-packages/airflow/example_dags/example_sensor_decorator.py
[2023-09-01T13:21:45.357+0900] {processor.py:829} INFO - Processing file /usr/local/lib/python3.8/dist-packages/airflow/example_dags/example_sensor_decorator.py for tasks to queue
[2023-09-01T13:21:45.359+0900] {logging_mixin.py:151} INFO - [2023-09-01T13:21:45.358+0900] {dagbag.py:539} INFO - Filling up the DagBag from /usr/local/lib/python3.8/dist-packages/airflow/example_dags/example_sensor_decorator.py
[2023-09-01T13:21:45.367+0900] {processor.py:839} INFO - DAG(s) dict_keys(['example_sensor_decorator']) retrieved from /usr/local/lib/python3.8/dist-packages/airflow/example_dags/example_sensor_decorator.py
[2023-09-01T13:21:45.383+0900] {logging_mixin.py:151} INFO - [2023-09-01T13:21:45.383+0900] {dag.py:2907} INFO - Sync 1 DAGs
[2023-09-01T13:21:45.391+0900] {logging_mixin.py:151} INFO - [2023-09-01T13:21:45.391+0900] {dag.py:3677} INFO - Setting next_dagrun for example_sensor_decorator to None, run_after=None
[2023-09-01T13:21:45.403+0900] {processor.py:179} INFO - Processing /usr/local/lib/python3.8/dist-packages/airflow/example_dags/example_sensor_decorator.py took 0.053 seconds
[2023-09-01T13:22:29.321+0900] {processor.py:157} INFO - Started process (PID=12054) to work on /usr/local/lib/python3.8/dist-packages/airflow/example_dags/example_sensor_decorator.py
[2023-09-01T13:22:29.322+0900] {processor.py:829} INFO - Processing file /usr/local/lib/python3.8/dist-packages/airflow/example_dags/example_sensor_decorator.py for tasks to queue
[2023-09-01T13:22:29.324+0900] {logging_mixin.py:151} INFO - [2023-09-01T13:22:29.323+0900] {dagbag.py:539} INFO - Filling up the DagBag from /usr/local/lib/python3.8/dist-packages/airflow/example_dags/example_sensor_decorator.py
[2023-09-01T13:22:29.333+0900] {processor.py:839} INFO - DAG(s) dict_keys(['example_sensor_decorator']) retrieved from /usr/local/lib/python3.8/dist-packages/airflow/example_dags/example_sensor_decorator.py
[2023-09-01T13:22:29.348+0900] {logging_mixin.py:151} INFO - [2023-09-01T13:22:29.348+0900] {dag.py:2907} INFO - Sync 1 DAGs
[2023-09-01T13:22:29.357+0900] {logging_mixin.py:151} INFO - [2023-09-01T13:22:29.356+0900] {dag.py:3677} INFO - Setting next_dagrun for example_sensor_decorator to None, run_after=None
[2023-09-01T13:22:29.369+0900] {processor.py:179} INFO - Processing /usr/local/lib/python3.8/dist-packages/airflow/example_dags/example_sensor_decorator.py took 0.054 seconds
[2023-09-01T13:23:12.146+0900] {processor.py:157} INFO - Started process (PID=12466) to work on /usr/local/lib/python3.8/dist-packages/airflow/example_dags/example_sensor_decorator.py
[2023-09-01T13:23:12.147+0900] {processor.py:829} INFO - Processing file /usr/local/lib/python3.8/dist-packages/airflow/example_dags/example_sensor_decorator.py for tasks to queue
[2023-09-01T13:23:12.149+0900] {logging_mixin.py:151} INFO - [2023-09-01T13:23:12.148+0900] {dagbag.py:539} INFO - Filling up the DagBag from /usr/local/lib/python3.8/dist-packages/airflow/example_dags/example_sensor_decorator.py
[2023-09-01T13:23:12.159+0900] {processor.py:839} INFO - DAG(s) dict_keys(['example_sensor_decorator']) retrieved from /usr/local/lib/python3.8/dist-packages/airflow/example_dags/example_sensor_decorator.py
[2023-09-01T13:23:12.175+0900] {logging_mixin.py:151} INFO - [2023-09-01T13:23:12.175+0900] {dag.py:2907} INFO - Sync 1 DAGs
[2023-09-01T13:23:12.183+0900] {logging_mixin.py:151} INFO - [2023-09-01T13:23:12.183+0900] {dag.py:3677} INFO - Setting next_dagrun for example_sensor_decorator to None, run_after=None
[2023-09-01T13:23:12.196+0900] {processor.py:179} INFO - Processing /usr/local/lib/python3.8/dist-packages/airflow/example_dags/example_sensor_decorator.py took 0.054 seconds
[2023-09-01T13:23:55.671+0900] {processor.py:157} INFO - Started process (PID=12919) to work on /usr/local/lib/python3.8/dist-packages/airflow/example_dags/example_sensor_decorator.py
[2023-09-01T13:23:55.673+0900] {processor.py:829} INFO - Processing file /usr/local/lib/python3.8/dist-packages/airflow/example_dags/example_sensor_decorator.py for tasks to queue
[2023-09-01T13:23:55.674+0900] {logging_mixin.py:151} INFO - [2023-09-01T13:23:55.673+0900] {dagbag.py:539} INFO - Filling up the DagBag from /usr/local/lib/python3.8/dist-packages/airflow/example_dags/example_sensor_decorator.py
[2023-09-01T13:23:55.680+0900] {processor.py:839} INFO - DAG(s) dict_keys(['example_sensor_decorator']) retrieved from /usr/local/lib/python3.8/dist-packages/airflow/example_dags/example_sensor_decorator.py
[2023-09-01T13:23:55.692+0900] {logging_mixin.py:151} INFO - [2023-09-01T13:23:55.692+0900] {dag.py:2907} INFO - Sync 1 DAGs
[2023-09-01T13:23:55.697+0900] {logging_mixin.py:151} INFO - [2023-09-01T13:23:55.697+0900] {dag.py:3677} INFO - Setting next_dagrun for example_sensor_decorator to None, run_after=None
[2023-09-01T13:23:55.710+0900] {processor.py:179} INFO - Processing /usr/local/lib/python3.8/dist-packages/airflow/example_dags/example_sensor_decorator.py took 0.042 seconds
[2023-09-01T13:24:44.262+0900] {processor.py:157} INFO - Started process (PID=13417) to work on /usr/local/lib/python3.8/dist-packages/airflow/example_dags/example_sensor_decorator.py
[2023-09-01T13:24:44.264+0900] {processor.py:829} INFO - Processing file /usr/local/lib/python3.8/dist-packages/airflow/example_dags/example_sensor_decorator.py for tasks to queue
[2023-09-01T13:24:44.265+0900] {logging_mixin.py:151} INFO - [2023-09-01T13:24:44.264+0900] {dagbag.py:539} INFO - Filling up the DagBag from /usr/local/lib/python3.8/dist-packages/airflow/example_dags/example_sensor_decorator.py
[2023-09-01T13:24:44.274+0900] {processor.py:839} INFO - DAG(s) dict_keys(['example_sensor_decorator']) retrieved from /usr/local/lib/python3.8/dist-packages/airflow/example_dags/example_sensor_decorator.py
[2023-09-01T13:24:44.290+0900] {logging_mixin.py:151} INFO - [2023-09-01T13:24:44.290+0900] {dag.py:2907} INFO - Sync 1 DAGs
[2023-09-01T13:24:44.303+0900] {logging_mixin.py:151} INFO - [2023-09-01T13:24:44.302+0900] {dag.py:3677} INFO - Setting next_dagrun for example_sensor_decorator to None, run_after=None
[2023-09-01T13:24:44.315+0900] {processor.py:179} INFO - Processing /usr/local/lib/python3.8/dist-packages/airflow/example_dags/example_sensor_decorator.py took 0.058 seconds
[2023-09-01T13:26:18.311+0900] {processor.py:157} INFO - Started process (PID=14611) to work on /usr/local/lib/python3.8/dist-packages/airflow/example_dags/example_sensor_decorator.py
[2023-09-01T13:26:18.312+0900] {processor.py:829} INFO - Processing file /usr/local/lib/python3.8/dist-packages/airflow/example_dags/example_sensor_decorator.py for tasks to queue
[2023-09-01T13:26:18.312+0900] {logging_mixin.py:151} INFO - [2023-09-01T13:26:18.312+0900] {dagbag.py:539} INFO - Filling up the DagBag from /usr/local/lib/python3.8/dist-packages/airflow/example_dags/example_sensor_decorator.py
[2023-09-01T13:26:18.318+0900] {processor.py:839} INFO - DAG(s) dict_keys(['example_sensor_decorator']) retrieved from /usr/local/lib/python3.8/dist-packages/airflow/example_dags/example_sensor_decorator.py
[2023-09-01T13:26:18.332+0900] {logging_mixin.py:151} INFO - [2023-09-01T13:26:18.332+0900] {dag.py:2907} INFO - Sync 1 DAGs
[2023-09-01T13:26:18.340+0900] {logging_mixin.py:151} INFO - [2023-09-01T13:26:18.340+0900] {dag.py:3677} INFO - Setting next_dagrun for example_sensor_decorator to None, run_after=None
[2023-09-01T13:26:18.352+0900] {processor.py:179} INFO - Processing /usr/local/lib/python3.8/dist-packages/airflow/example_dags/example_sensor_decorator.py took 0.046 seconds
[2023-09-01T13:27:03.384+0900] {processor.py:157} INFO - Started process (PID=15047) to work on /usr/local/lib/python3.8/dist-packages/airflow/example_dags/example_sensor_decorator.py
[2023-09-01T13:27:03.386+0900] {processor.py:829} INFO - Processing file /usr/local/lib/python3.8/dist-packages/airflow/example_dags/example_sensor_decorator.py for tasks to queue
[2023-09-01T13:27:03.387+0900] {logging_mixin.py:151} INFO - [2023-09-01T13:27:03.386+0900] {dagbag.py:539} INFO - Filling up the DagBag from /usr/local/lib/python3.8/dist-packages/airflow/example_dags/example_sensor_decorator.py
[2023-09-01T13:27:03.397+0900] {processor.py:839} INFO - DAG(s) dict_keys(['example_sensor_decorator']) retrieved from /usr/local/lib/python3.8/dist-packages/airflow/example_dags/example_sensor_decorator.py
[2023-09-01T13:27:03.412+0900] {logging_mixin.py:151} INFO - [2023-09-01T13:27:03.412+0900] {dag.py:2907} INFO - Sync 1 DAGs
[2023-09-01T13:27:03.420+0900] {logging_mixin.py:151} INFO - [2023-09-01T13:27:03.420+0900] {dag.py:3677} INFO - Setting next_dagrun for example_sensor_decorator to None, run_after=None
[2023-09-01T13:27:03.435+0900] {processor.py:179} INFO - Processing /usr/local/lib/python3.8/dist-packages/airflow/example_dags/example_sensor_decorator.py took 0.057 seconds
[2023-09-01T13:27:48.569+0900] {processor.py:157} INFO - Started process (PID=15476) to work on /usr/local/lib/python3.8/dist-packages/airflow/example_dags/example_sensor_decorator.py
[2023-09-01T13:27:48.571+0900] {processor.py:829} INFO - Processing file /usr/local/lib/python3.8/dist-packages/airflow/example_dags/example_sensor_decorator.py for tasks to queue
[2023-09-01T13:27:48.573+0900] {logging_mixin.py:151} INFO - [2023-09-01T13:27:48.572+0900] {dagbag.py:539} INFO - Filling up the DagBag from /usr/local/lib/python3.8/dist-packages/airflow/example_dags/example_sensor_decorator.py
[2023-09-01T13:27:48.582+0900] {processor.py:839} INFO - DAG(s) dict_keys(['example_sensor_decorator']) retrieved from /usr/local/lib/python3.8/dist-packages/airflow/example_dags/example_sensor_decorator.py
[2023-09-01T13:27:48.599+0900] {logging_mixin.py:151} INFO - [2023-09-01T13:27:48.599+0900] {dag.py:2907} INFO - Sync 1 DAGs
[2023-09-01T13:27:48.607+0900] {logging_mixin.py:151} INFO - [2023-09-01T13:27:48.607+0900] {dag.py:3677} INFO - Setting next_dagrun for example_sensor_decorator to None, run_after=None
[2023-09-01T13:27:48.619+0900] {processor.py:179} INFO - Processing /usr/local/lib/python3.8/dist-packages/airflow/example_dags/example_sensor_decorator.py took 0.055 seconds
[2023-09-01T13:28:32.985+0900] {processor.py:157} INFO - Started process (PID=15910) to work on /usr/local/lib/python3.8/dist-packages/airflow/example_dags/example_sensor_decorator.py
[2023-09-01T13:28:32.987+0900] {processor.py:829} INFO - Processing file /usr/local/lib/python3.8/dist-packages/airflow/example_dags/example_sensor_decorator.py for tasks to queue
[2023-09-01T13:28:32.988+0900] {logging_mixin.py:151} INFO - [2023-09-01T13:28:32.987+0900] {dagbag.py:539} INFO - Filling up the DagBag from /usr/local/lib/python3.8/dist-packages/airflow/example_dags/example_sensor_decorator.py
[2023-09-01T13:28:32.997+0900] {processor.py:839} INFO - DAG(s) dict_keys(['example_sensor_decorator']) retrieved from /usr/local/lib/python3.8/dist-packages/airflow/example_dags/example_sensor_decorator.py
[2023-09-01T13:28:33.014+0900] {logging_mixin.py:151} INFO - [2023-09-01T13:28:33.013+0900] {dag.py:2907} INFO - Sync 1 DAGs
[2023-09-01T13:28:33.022+0900] {logging_mixin.py:151} INFO - [2023-09-01T13:28:33.022+0900] {dag.py:3677} INFO - Setting next_dagrun for example_sensor_decorator to None, run_after=None
[2023-09-01T13:28:33.033+0900] {processor.py:179} INFO - Processing /usr/local/lib/python3.8/dist-packages/airflow/example_dags/example_sensor_decorator.py took 0.053 seconds
[2023-09-01T13:29:21.348+0900] {processor.py:157} INFO - Started process (PID=16404) to work on /usr/local/lib/python3.8/dist-packages/airflow/example_dags/example_sensor_decorator.py
[2023-09-01T13:29:21.350+0900] {processor.py:829} INFO - Processing file /usr/local/lib/python3.8/dist-packages/airflow/example_dags/example_sensor_decorator.py for tasks to queue
[2023-09-01T13:29:21.351+0900] {logging_mixin.py:151} INFO - [2023-09-01T13:29:21.350+0900] {dagbag.py:539} INFO - Filling up the DagBag from /usr/local/lib/python3.8/dist-packages/airflow/example_dags/example_sensor_decorator.py
[2023-09-01T13:29:21.359+0900] {processor.py:839} INFO - DAG(s) dict_keys(['example_sensor_decorator']) retrieved from /usr/local/lib/python3.8/dist-packages/airflow/example_dags/example_sensor_decorator.py
[2023-09-01T13:29:21.375+0900] {logging_mixin.py:151} INFO - [2023-09-01T13:29:21.375+0900] {dag.py:2907} INFO - Sync 1 DAGs
[2023-09-01T13:29:21.387+0900] {logging_mixin.py:151} INFO - [2023-09-01T13:29:21.387+0900] {dag.py:3677} INFO - Setting next_dagrun for example_sensor_decorator to None, run_after=None
[2023-09-01T13:29:21.408+0900] {processor.py:179} INFO - Processing /usr/local/lib/python3.8/dist-packages/airflow/example_dags/example_sensor_decorator.py took 0.066 seconds
[2023-09-01T13:30:09.938+0900] {processor.py:157} INFO - Started process (PID=16875) to work on /usr/local/lib/python3.8/dist-packages/airflow/example_dags/example_sensor_decorator.py
[2023-09-01T13:30:09.939+0900] {processor.py:829} INFO - Processing file /usr/local/lib/python3.8/dist-packages/airflow/example_dags/example_sensor_decorator.py for tasks to queue
[2023-09-01T13:30:09.941+0900] {logging_mixin.py:151} INFO - [2023-09-01T13:30:09.940+0900] {dagbag.py:539} INFO - Filling up the DagBag from /usr/local/lib/python3.8/dist-packages/airflow/example_dags/example_sensor_decorator.py
[2023-09-01T13:30:09.950+0900] {processor.py:839} INFO - DAG(s) dict_keys(['example_sensor_decorator']) retrieved from /usr/local/lib/python3.8/dist-packages/airflow/example_dags/example_sensor_decorator.py
[2023-09-01T13:30:09.966+0900] {logging_mixin.py:151} INFO - [2023-09-01T13:30:09.966+0900] {dag.py:2907} INFO - Sync 1 DAGs
[2023-09-01T13:30:09.974+0900] {logging_mixin.py:151} INFO - [2023-09-01T13:30:09.974+0900] {dag.py:3677} INFO - Setting next_dagrun for example_sensor_decorator to None, run_after=None
[2023-09-01T13:30:09.985+0900] {processor.py:179} INFO - Processing /usr/local/lib/python3.8/dist-packages/airflow/example_dags/example_sensor_decorator.py took 0.053 seconds
[2023-09-01T13:30:52.771+0900] {processor.py:157} INFO - Started process (PID=17284) to work on /usr/local/lib/python3.8/dist-packages/airflow/example_dags/example_sensor_decorator.py
[2023-09-01T13:30:52.773+0900] {processor.py:829} INFO - Processing file /usr/local/lib/python3.8/dist-packages/airflow/example_dags/example_sensor_decorator.py for tasks to queue
[2023-09-01T13:30:52.774+0900] {logging_mixin.py:151} INFO - [2023-09-01T13:30:52.773+0900] {dagbag.py:539} INFO - Filling up the DagBag from /usr/local/lib/python3.8/dist-packages/airflow/example_dags/example_sensor_decorator.py
[2023-09-01T13:30:52.783+0900] {processor.py:839} INFO - DAG(s) dict_keys(['example_sensor_decorator']) retrieved from /usr/local/lib/python3.8/dist-packages/airflow/example_dags/example_sensor_decorator.py
[2023-09-01T13:30:52.799+0900] {logging_mixin.py:151} INFO - [2023-09-01T13:30:52.799+0900] {dag.py:2907} INFO - Sync 1 DAGs
[2023-09-01T13:30:52.808+0900] {logging_mixin.py:151} INFO - [2023-09-01T13:30:52.808+0900] {dag.py:3677} INFO - Setting next_dagrun for example_sensor_decorator to None, run_after=None
[2023-09-01T13:30:52.822+0900] {processor.py:179} INFO - Processing /usr/local/lib/python3.8/dist-packages/airflow/example_dags/example_sensor_decorator.py took 0.056 seconds
[2023-09-01T13:31:35.503+0900] {processor.py:157} INFO - Started process (PID=17705) to work on /usr/local/lib/python3.8/dist-packages/airflow/example_dags/example_sensor_decorator.py
[2023-09-01T13:31:35.504+0900] {processor.py:829} INFO - Processing file /usr/local/lib/python3.8/dist-packages/airflow/example_dags/example_sensor_decorator.py for tasks to queue
[2023-09-01T13:31:35.505+0900] {logging_mixin.py:151} INFO - [2023-09-01T13:31:35.504+0900] {dagbag.py:539} INFO - Filling up the DagBag from /usr/local/lib/python3.8/dist-packages/airflow/example_dags/example_sensor_decorator.py
[2023-09-01T13:31:35.511+0900] {processor.py:839} INFO - DAG(s) dict_keys(['example_sensor_decorator']) retrieved from /usr/local/lib/python3.8/dist-packages/airflow/example_dags/example_sensor_decorator.py
[2023-09-01T13:31:35.523+0900] {logging_mixin.py:151} INFO - [2023-09-01T13:31:35.523+0900] {dag.py:2907} INFO - Sync 1 DAGs
[2023-09-01T13:31:35.529+0900] {logging_mixin.py:151} INFO - [2023-09-01T13:31:35.529+0900] {dag.py:3677} INFO - Setting next_dagrun for example_sensor_decorator to None, run_after=None
[2023-09-01T13:31:35.539+0900] {processor.py:179} INFO - Processing /usr/local/lib/python3.8/dist-packages/airflow/example_dags/example_sensor_decorator.py took 0.040 seconds
[2023-09-01T13:32:21.297+0900] {processor.py:157} INFO - Started process (PID=18150) to work on /usr/local/lib/python3.8/dist-packages/airflow/example_dags/example_sensor_decorator.py
[2023-09-01T13:32:21.299+0900] {processor.py:829} INFO - Processing file /usr/local/lib/python3.8/dist-packages/airflow/example_dags/example_sensor_decorator.py for tasks to queue
[2023-09-01T13:32:21.300+0900] {logging_mixin.py:151} INFO - [2023-09-01T13:32:21.299+0900] {dagbag.py:539} INFO - Filling up the DagBag from /usr/local/lib/python3.8/dist-packages/airflow/example_dags/example_sensor_decorator.py
[2023-09-01T13:32:21.309+0900] {processor.py:839} INFO - DAG(s) dict_keys(['example_sensor_decorator']) retrieved from /usr/local/lib/python3.8/dist-packages/airflow/example_dags/example_sensor_decorator.py
[2023-09-01T13:32:21.325+0900] {logging_mixin.py:151} INFO - [2023-09-01T13:32:21.324+0900] {dag.py:2907} INFO - Sync 1 DAGs
[2023-09-01T13:32:21.333+0900] {logging_mixin.py:151} INFO - [2023-09-01T13:32:21.333+0900] {dag.py:3677} INFO - Setting next_dagrun for example_sensor_decorator to None, run_after=None
[2023-09-01T13:32:21.345+0900] {processor.py:179} INFO - Processing /usr/local/lib/python3.8/dist-packages/airflow/example_dags/example_sensor_decorator.py took 0.053 seconds
[2023-09-01T13:33:04.768+0900] {processor.py:157} INFO - Started process (PID=18575) to work on /usr/local/lib/python3.8/dist-packages/airflow/example_dags/example_sensor_decorator.py
[2023-09-01T13:33:04.769+0900] {processor.py:829} INFO - Processing file /usr/local/lib/python3.8/dist-packages/airflow/example_dags/example_sensor_decorator.py for tasks to queue
[2023-09-01T13:33:04.771+0900] {logging_mixin.py:151} INFO - [2023-09-01T13:33:04.770+0900] {dagbag.py:539} INFO - Filling up the DagBag from /usr/local/lib/python3.8/dist-packages/airflow/example_dags/example_sensor_decorator.py
[2023-09-01T13:33:04.779+0900] {processor.py:839} INFO - DAG(s) dict_keys(['example_sensor_decorator']) retrieved from /usr/local/lib/python3.8/dist-packages/airflow/example_dags/example_sensor_decorator.py
[2023-09-01T13:33:04.794+0900] {logging_mixin.py:151} INFO - [2023-09-01T13:33:04.794+0900] {dag.py:2907} INFO - Sync 1 DAGs
[2023-09-01T13:33:04.802+0900] {logging_mixin.py:151} INFO - [2023-09-01T13:33:04.802+0900] {dag.py:3677} INFO - Setting next_dagrun for example_sensor_decorator to None, run_after=None
[2023-09-01T13:33:04.815+0900] {processor.py:179} INFO - Processing /usr/local/lib/python3.8/dist-packages/airflow/example_dags/example_sensor_decorator.py took 0.051 seconds
[2023-09-01T13:33:54.937+0900] {processor.py:157} INFO - Started process (PID=19069) to work on /usr/local/lib/python3.8/dist-packages/airflow/example_dags/example_sensor_decorator.py
[2023-09-01T13:33:54.939+0900] {processor.py:829} INFO - Processing file /usr/local/lib/python3.8/dist-packages/airflow/example_dags/example_sensor_decorator.py for tasks to queue
[2023-09-01T13:33:54.941+0900] {logging_mixin.py:151} INFO - [2023-09-01T13:33:54.940+0900] {dagbag.py:539} INFO - Filling up the DagBag from /usr/local/lib/python3.8/dist-packages/airflow/example_dags/example_sensor_decorator.py
[2023-09-01T13:33:54.951+0900] {processor.py:839} INFO - DAG(s) dict_keys(['example_sensor_decorator']) retrieved from /usr/local/lib/python3.8/dist-packages/airflow/example_dags/example_sensor_decorator.py
[2023-09-01T13:33:54.967+0900] {logging_mixin.py:151} INFO - [2023-09-01T13:33:54.967+0900] {dag.py:2907} INFO - Sync 1 DAGs
[2023-09-01T13:33:54.974+0900] {logging_mixin.py:151} INFO - [2023-09-01T13:33:54.974+0900] {dag.py:3677} INFO - Setting next_dagrun for example_sensor_decorator to None, run_after=None
[2023-09-01T13:33:54.985+0900] {processor.py:179} INFO - Processing /usr/local/lib/python3.8/dist-packages/airflow/example_dags/example_sensor_decorator.py took 0.055 seconds
[2023-09-01T13:34:38.933+0900] {processor.py:157} INFO - Started process (PID=19502) to work on /usr/local/lib/python3.8/dist-packages/airflow/example_dags/example_sensor_decorator.py
[2023-09-01T13:34:38.936+0900] {processor.py:829} INFO - Processing file /usr/local/lib/python3.8/dist-packages/airflow/example_dags/example_sensor_decorator.py for tasks to queue
[2023-09-01T13:34:38.938+0900] {logging_mixin.py:151} INFO - [2023-09-01T13:34:38.937+0900] {dagbag.py:539} INFO - Filling up the DagBag from /usr/local/lib/python3.8/dist-packages/airflow/example_dags/example_sensor_decorator.py
[2023-09-01T13:34:38.947+0900] {processor.py:839} INFO - DAG(s) dict_keys(['example_sensor_decorator']) retrieved from /usr/local/lib/python3.8/dist-packages/airflow/example_dags/example_sensor_decorator.py
[2023-09-01T13:34:38.962+0900] {logging_mixin.py:151} INFO - [2023-09-01T13:34:38.962+0900] {dag.py:2907} INFO - Sync 1 DAGs
[2023-09-01T13:34:38.971+0900] {logging_mixin.py:151} INFO - [2023-09-01T13:34:38.971+0900] {dag.py:3677} INFO - Setting next_dagrun for example_sensor_decorator to None, run_after=None
[2023-09-01T13:34:38.982+0900] {processor.py:179} INFO - Processing /usr/local/lib/python3.8/dist-packages/airflow/example_dags/example_sensor_decorator.py took 0.053 seconds
[2023-09-01T13:35:22.237+0900] {processor.py:157} INFO - Started process (PID=19926) to work on /usr/local/lib/python3.8/dist-packages/airflow/example_dags/example_sensor_decorator.py
[2023-09-01T13:35:22.239+0900] {processor.py:829} INFO - Processing file /usr/local/lib/python3.8/dist-packages/airflow/example_dags/example_sensor_decorator.py for tasks to queue
[2023-09-01T13:35:22.240+0900] {logging_mixin.py:151} INFO - [2023-09-01T13:35:22.239+0900] {dagbag.py:539} INFO - Filling up the DagBag from /usr/local/lib/python3.8/dist-packages/airflow/example_dags/example_sensor_decorator.py
[2023-09-01T13:35:22.250+0900] {processor.py:839} INFO - DAG(s) dict_keys(['example_sensor_decorator']) retrieved from /usr/local/lib/python3.8/dist-packages/airflow/example_dags/example_sensor_decorator.py
[2023-09-01T13:35:22.269+0900] {logging_mixin.py:151} INFO - [2023-09-01T13:35:22.268+0900] {dag.py:2907} INFO - Sync 1 DAGs
[2023-09-01T13:35:22.277+0900] {logging_mixin.py:151} INFO - [2023-09-01T13:35:22.277+0900] {dag.py:3677} INFO - Setting next_dagrun for example_sensor_decorator to None, run_after=None
[2023-09-01T13:35:22.290+0900] {processor.py:179} INFO - Processing /usr/local/lib/python3.8/dist-packages/airflow/example_dags/example_sensor_decorator.py took 0.059 seconds
[2023-09-01T13:36:06.125+0900] {processor.py:157} INFO - Started process (PID=20349) to work on /usr/local/lib/python3.8/dist-packages/airflow/example_dags/example_sensor_decorator.py
[2023-09-01T13:36:06.127+0900] {processor.py:829} INFO - Processing file /usr/local/lib/python3.8/dist-packages/airflow/example_dags/example_sensor_decorator.py for tasks to queue
[2023-09-01T13:36:06.128+0900] {logging_mixin.py:151} INFO - [2023-09-01T13:36:06.127+0900] {dagbag.py:539} INFO - Filling up the DagBag from /usr/local/lib/python3.8/dist-packages/airflow/example_dags/example_sensor_decorator.py
[2023-09-01T13:36:06.136+0900] {processor.py:839} INFO - DAG(s) dict_keys(['example_sensor_decorator']) retrieved from /usr/local/lib/python3.8/dist-packages/airflow/example_dags/example_sensor_decorator.py
[2023-09-01T13:36:06.152+0900] {logging_mixin.py:151} INFO - [2023-09-01T13:36:06.152+0900] {dag.py:2907} INFO - Sync 1 DAGs
[2023-09-01T13:36:06.160+0900] {logging_mixin.py:151} INFO - [2023-09-01T13:36:06.160+0900] {dag.py:3677} INFO - Setting next_dagrun for example_sensor_decorator to None, run_after=None
[2023-09-01T13:36:06.172+0900] {processor.py:179} INFO - Processing /usr/local/lib/python3.8/dist-packages/airflow/example_dags/example_sensor_decorator.py took 0.052 seconds
[2023-09-01T13:36:55.775+0900] {processor.py:157} INFO - Started process (PID=20822) to work on /usr/local/lib/python3.8/dist-packages/airflow/example_dags/example_sensor_decorator.py
[2023-09-01T13:36:55.776+0900] {processor.py:829} INFO - Processing file /usr/local/lib/python3.8/dist-packages/airflow/example_dags/example_sensor_decorator.py for tasks to queue
[2023-09-01T13:36:55.778+0900] {logging_mixin.py:151} INFO - [2023-09-01T13:36:55.777+0900] {dagbag.py:539} INFO - Filling up the DagBag from /usr/local/lib/python3.8/dist-packages/airflow/example_dags/example_sensor_decorator.py
[2023-09-01T13:36:55.787+0900] {processor.py:839} INFO - DAG(s) dict_keys(['example_sensor_decorator']) retrieved from /usr/local/lib/python3.8/dist-packages/airflow/example_dags/example_sensor_decorator.py
[2023-09-01T13:36:55.804+0900] {logging_mixin.py:151} INFO - [2023-09-01T13:36:55.804+0900] {dag.py:2907} INFO - Sync 1 DAGs
[2023-09-01T13:36:55.813+0900] {logging_mixin.py:151} INFO - [2023-09-01T13:36:55.813+0900] {dag.py:3677} INFO - Setting next_dagrun for example_sensor_decorator to None, run_after=None
[2023-09-01T13:36:55.827+0900] {processor.py:179} INFO - Processing /usr/local/lib/python3.8/dist-packages/airflow/example_dags/example_sensor_decorator.py took 0.059 seconds
[2023-09-01T13:37:40.732+0900] {processor.py:157} INFO - Started process (PID=21256) to work on /usr/local/lib/python3.8/dist-packages/airflow/example_dags/example_sensor_decorator.py
[2023-09-01T13:37:40.734+0900] {processor.py:829} INFO - Processing file /usr/local/lib/python3.8/dist-packages/airflow/example_dags/example_sensor_decorator.py for tasks to queue
[2023-09-01T13:37:40.735+0900] {logging_mixin.py:151} INFO - [2023-09-01T13:37:40.734+0900] {dagbag.py:539} INFO - Filling up the DagBag from /usr/local/lib/python3.8/dist-packages/airflow/example_dags/example_sensor_decorator.py
[2023-09-01T13:37:40.744+0900] {processor.py:839} INFO - DAG(s) dict_keys(['example_sensor_decorator']) retrieved from /usr/local/lib/python3.8/dist-packages/airflow/example_dags/example_sensor_decorator.py
[2023-09-01T13:37:40.761+0900] {logging_mixin.py:151} INFO - [2023-09-01T13:37:40.760+0900] {dag.py:2907} INFO - Sync 1 DAGs
[2023-09-01T13:37:40.769+0900] {logging_mixin.py:151} INFO - [2023-09-01T13:37:40.769+0900] {dag.py:3677} INFO - Setting next_dagrun for example_sensor_decorator to None, run_after=None
[2023-09-01T13:37:40.783+0900] {processor.py:179} INFO - Processing /usr/local/lib/python3.8/dist-packages/airflow/example_dags/example_sensor_decorator.py took 0.056 seconds
[2023-09-01T13:38:25.057+0900] {processor.py:157} INFO - Started process (PID=21694) to work on /usr/local/lib/python3.8/dist-packages/airflow/example_dags/example_sensor_decorator.py
[2023-09-01T13:38:25.059+0900] {processor.py:829} INFO - Processing file /usr/local/lib/python3.8/dist-packages/airflow/example_dags/example_sensor_decorator.py for tasks to queue
[2023-09-01T13:38:25.060+0900] {logging_mixin.py:151} INFO - [2023-09-01T13:38:25.059+0900] {dagbag.py:539} INFO - Filling up the DagBag from /usr/local/lib/python3.8/dist-packages/airflow/example_dags/example_sensor_decorator.py
[2023-09-01T13:38:25.068+0900] {processor.py:839} INFO - DAG(s) dict_keys(['example_sensor_decorator']) retrieved from /usr/local/lib/python3.8/dist-packages/airflow/example_dags/example_sensor_decorator.py
[2023-09-01T13:38:25.084+0900] {logging_mixin.py:151} INFO - [2023-09-01T13:38:25.084+0900] {dag.py:2907} INFO - Sync 1 DAGs
[2023-09-01T13:38:25.093+0900] {logging_mixin.py:151} INFO - [2023-09-01T13:38:25.093+0900] {dag.py:3677} INFO - Setting next_dagrun for example_sensor_decorator to None, run_after=None
[2023-09-01T13:38:25.106+0900] {processor.py:179} INFO - Processing /usr/local/lib/python3.8/dist-packages/airflow/example_dags/example_sensor_decorator.py took 0.053 seconds
