[2023-09-01T13:08:05.828+0900] {processor.py:157} INFO - Started process (PID=2287) to work on /usr/local/lib/python3.8/dist-packages/airflow/example_dags/example_branch_operator.py
[2023-09-01T13:08:05.829+0900] {processor.py:829} INFO - Processing file /usr/local/lib/python3.8/dist-packages/airflow/example_dags/example_branch_operator.py for tasks to queue
[2023-09-01T13:08:05.830+0900] {logging_mixin.py:151} INFO - [2023-09-01T13:08:05.830+0900] {dagbag.py:539} INFO - Filling up the DagBag from /usr/local/lib/python3.8/dist-packages/airflow/example_dags/example_branch_operator.py
[2023-09-01T13:08:05.841+0900] {processor.py:839} INFO - DAG(s) dict_keys(['example_branch_operator']) retrieved from /usr/local/lib/python3.8/dist-packages/airflow/example_dags/example_branch_operator.py
[2023-09-01T13:08:05.898+0900] {logging_mixin.py:151} INFO - [2023-09-01T13:08:05.898+0900] {manager.py:501} INFO - Created Permission View: can delete on DAG:example_branch_operator
[2023-09-01T13:08:05.902+0900] {logging_mixin.py:151} INFO - [2023-09-01T13:08:05.902+0900] {manager.py:501} INFO - Created Permission View: can read on DAG:example_branch_operator
[2023-09-01T13:08:05.905+0900] {logging_mixin.py:151} INFO - [2023-09-01T13:08:05.905+0900] {manager.py:501} INFO - Created Permission View: can edit on DAG:example_branch_operator
[2023-09-01T13:08:05.910+0900] {logging_mixin.py:151} INFO - [2023-09-01T13:08:05.910+0900] {dag.py:2907} INFO - Sync 1 DAGs
[2023-09-01T13:08:05.913+0900] {logging_mixin.py:151} INFO - [2023-09-01T13:08:05.913+0900] {dag.py:2929} INFO - Creating ORM DAG for example_branch_operator
[2023-09-01T13:08:05.917+0900] {logging_mixin.py:151} INFO - [2023-09-01T13:08:05.917+0900] {dag.py:3677} INFO - Setting next_dagrun for example_branch_operator to 2023-08-31T00:00:00+00:00, run_after=2023-09-01T00:00:00+00:00
[2023-09-01T13:08:05.926+0900] {processor.py:179} INFO - Processing /usr/local/lib/python3.8/dist-packages/airflow/example_dags/example_branch_operator.py took 0.102 seconds
[2023-09-01T13:09:03.402+0900] {processor.py:157} INFO - Started process (PID=4062) to work on /usr/local/lib/python3.8/dist-packages/airflow/example_dags/example_branch_operator.py
[2023-09-01T13:09:03.403+0900] {processor.py:829} INFO - Processing file /usr/local/lib/python3.8/dist-packages/airflow/example_dags/example_branch_operator.py for tasks to queue
[2023-09-01T13:09:03.404+0900] {logging_mixin.py:151} INFO - [2023-09-01T13:09:03.404+0900] {dagbag.py:539} INFO - Filling up the DagBag from /usr/local/lib/python3.8/dist-packages/airflow/example_dags/example_branch_operator.py
[2023-09-01T13:09:03.411+0900] {processor.py:839} INFO - DAG(s) dict_keys(['example_branch_operator']) retrieved from /usr/local/lib/python3.8/dist-packages/airflow/example_dags/example_branch_operator.py
[2023-09-01T13:09:03.423+0900] {logging_mixin.py:151} INFO - [2023-09-01T13:09:03.423+0900] {dag.py:2907} INFO - Sync 1 DAGs
[2023-09-01T13:09:03.436+0900] {logging_mixin.py:151} INFO - [2023-09-01T13:09:03.436+0900] {dag.py:3677} INFO - Setting next_dagrun for example_branch_operator to 2023-08-31T00:00:00+00:00, run_after=2023-09-01T00:00:00+00:00
[2023-09-01T13:09:03.448+0900] {processor.py:179} INFO - Processing /usr/local/lib/python3.8/dist-packages/airflow/example_dags/example_branch_operator.py took 0.050 seconds
[2023-09-01T13:09:50.557+0900] {processor.py:157} INFO - Started process (PID=4522) to work on /usr/local/lib/python3.8/dist-packages/airflow/example_dags/example_branch_operator.py
[2023-09-01T13:09:50.559+0900] {processor.py:829} INFO - Processing file /usr/local/lib/python3.8/dist-packages/airflow/example_dags/example_branch_operator.py for tasks to queue
[2023-09-01T13:09:50.561+0900] {logging_mixin.py:151} INFO - [2023-09-01T13:09:50.560+0900] {dagbag.py:539} INFO - Filling up the DagBag from /usr/local/lib/python3.8/dist-packages/airflow/example_dags/example_branch_operator.py
[2023-09-01T13:09:50.575+0900] {processor.py:839} INFO - DAG(s) dict_keys(['example_branch_operator']) retrieved from /usr/local/lib/python3.8/dist-packages/airflow/example_dags/example_branch_operator.py
[2023-09-01T13:09:50.593+0900] {logging_mixin.py:151} INFO - [2023-09-01T13:09:50.593+0900] {dag.py:2907} INFO - Sync 1 DAGs
[2023-09-01T13:09:50.606+0900] {logging_mixin.py:151} INFO - [2023-09-01T13:09:50.606+0900] {dag.py:3677} INFO - Setting next_dagrun for example_branch_operator to 2023-08-31T00:00:00+00:00, run_after=2023-09-01T00:00:00+00:00
[2023-09-01T13:09:50.617+0900] {processor.py:179} INFO - Processing /usr/local/lib/python3.8/dist-packages/airflow/example_dags/example_branch_operator.py took 0.065 seconds
[2023-09-01T13:10:39.121+0900] {processor.py:157} INFO - Started process (PID=4997) to work on /usr/local/lib/python3.8/dist-packages/airflow/example_dags/example_branch_operator.py
[2023-09-01T13:10:39.121+0900] {processor.py:829} INFO - Processing file /usr/local/lib/python3.8/dist-packages/airflow/example_dags/example_branch_operator.py for tasks to queue
[2023-09-01T13:10:39.122+0900] {logging_mixin.py:151} INFO - [2023-09-01T13:10:39.122+0900] {dagbag.py:539} INFO - Filling up the DagBag from /usr/local/lib/python3.8/dist-packages/airflow/example_dags/example_branch_operator.py
[2023-09-01T13:10:39.128+0900] {processor.py:839} INFO - DAG(s) dict_keys(['example_branch_operator']) retrieved from /usr/local/lib/python3.8/dist-packages/airflow/example_dags/example_branch_operator.py
[2023-09-01T13:10:39.138+0900] {logging_mixin.py:151} INFO - [2023-09-01T13:10:39.138+0900] {dag.py:2907} INFO - Sync 1 DAGs
[2023-09-01T13:10:39.147+0900] {logging_mixin.py:151} INFO - [2023-09-01T13:10:39.147+0900] {dag.py:3677} INFO - Setting next_dagrun for example_branch_operator to 2023-08-31T00:00:00+00:00, run_after=2023-09-01T00:00:00+00:00
[2023-09-01T13:10:39.156+0900] {processor.py:179} INFO - Processing /usr/local/lib/python3.8/dist-packages/airflow/example_dags/example_branch_operator.py took 0.037 seconds
[2023-09-01T13:11:28.846+0900] {processor.py:157} INFO - Started process (PID=5503) to work on /usr/local/lib/python3.8/dist-packages/airflow/example_dags/example_branch_operator.py
[2023-09-01T13:11:28.847+0900] {processor.py:829} INFO - Processing file /usr/local/lib/python3.8/dist-packages/airflow/example_dags/example_branch_operator.py for tasks to queue
[2023-09-01T13:11:28.848+0900] {logging_mixin.py:151} INFO - [2023-09-01T13:11:28.847+0900] {dagbag.py:539} INFO - Filling up the DagBag from /usr/local/lib/python3.8/dist-packages/airflow/example_dags/example_branch_operator.py
[2023-09-01T13:11:28.856+0900] {processor.py:839} INFO - DAG(s) dict_keys(['example_branch_operator']) retrieved from /usr/local/lib/python3.8/dist-packages/airflow/example_dags/example_branch_operator.py
[2023-09-01T13:11:28.869+0900] {logging_mixin.py:151} INFO - [2023-09-01T13:11:28.869+0900] {dag.py:2907} INFO - Sync 1 DAGs
[2023-09-01T13:11:28.883+0900] {logging_mixin.py:151} INFO - [2023-09-01T13:11:28.883+0900] {dag.py:3677} INFO - Setting next_dagrun for example_branch_operator to 2023-08-31T00:00:00+00:00, run_after=2023-09-01T00:00:00+00:00
[2023-09-01T13:11:28.893+0900] {processor.py:179} INFO - Processing /usr/local/lib/python3.8/dist-packages/airflow/example_dags/example_branch_operator.py took 0.050 seconds
[2023-09-01T13:13:18.970+0900] {processor.py:157} INFO - Started process (PID=6134) to work on /usr/local/lib/python3.8/dist-packages/airflow/example_dags/example_branch_operator.py
[2023-09-01T13:13:18.971+0900] {processor.py:829} INFO - Processing file /usr/local/lib/python3.8/dist-packages/airflow/example_dags/example_branch_operator.py for tasks to queue
[2023-09-01T13:13:18.973+0900] {logging_mixin.py:151} INFO - [2023-09-01T13:13:18.972+0900] {dagbag.py:539} INFO - Filling up the DagBag from /usr/local/lib/python3.8/dist-packages/airflow/example_dags/example_branch_operator.py
[2023-09-01T13:13:18.984+0900] {processor.py:839} INFO - DAG(s) dict_keys(['example_branch_operator']) retrieved from /usr/local/lib/python3.8/dist-packages/airflow/example_dags/example_branch_operator.py
[2023-09-01T13:13:19.002+0900] {logging_mixin.py:151} INFO - [2023-09-01T13:13:19.002+0900] {dag.py:2907} INFO - Sync 1 DAGs
[2023-09-01T13:13:19.016+0900] {logging_mixin.py:151} INFO - [2023-09-01T13:13:19.016+0900] {dag.py:3677} INFO - Setting next_dagrun for example_branch_operator to 2023-08-31T00:00:00+00:00, run_after=2023-09-01T00:00:00+00:00
[2023-09-01T13:13:19.029+0900] {processor.py:179} INFO - Processing /usr/local/lib/python3.8/dist-packages/airflow/example_dags/example_branch_operator.py took 0.062 seconds
[2023-09-01T13:14:15.700+0900] {processor.py:157} INFO - Started process (PID=6674) to work on /usr/local/lib/python3.8/dist-packages/airflow/example_dags/example_branch_operator.py
[2023-09-01T13:14:15.701+0900] {processor.py:829} INFO - Processing file /usr/local/lib/python3.8/dist-packages/airflow/example_dags/example_branch_operator.py for tasks to queue
[2023-09-01T13:14:15.702+0900] {logging_mixin.py:151} INFO - [2023-09-01T13:14:15.702+0900] {dagbag.py:539} INFO - Filling up the DagBag from /usr/local/lib/python3.8/dist-packages/airflow/example_dags/example_branch_operator.py
[2023-09-01T13:14:15.715+0900] {processor.py:839} INFO - DAG(s) dict_keys(['example_branch_operator']) retrieved from /usr/local/lib/python3.8/dist-packages/airflow/example_dags/example_branch_operator.py
[2023-09-01T13:14:15.737+0900] {logging_mixin.py:151} INFO - [2023-09-01T13:14:15.736+0900] {dag.py:2907} INFO - Sync 1 DAGs
[2023-09-01T13:14:15.749+0900] {logging_mixin.py:151} INFO - [2023-09-01T13:14:15.749+0900] {dag.py:3677} INFO - Setting next_dagrun for example_branch_operator to 2023-08-31T00:00:00+00:00, run_after=2023-09-01T00:00:00+00:00
[2023-09-01T13:14:15.760+0900] {processor.py:179} INFO - Processing /usr/local/lib/python3.8/dist-packages/airflow/example_dags/example_branch_operator.py took 0.065 seconds
[2023-09-01T13:15:00.089+0900] {processor.py:157} INFO - Started process (PID=7654) to work on /usr/local/lib/python3.8/dist-packages/airflow/example_dags/example_branch_operator.py
[2023-09-01T13:15:00.090+0900] {processor.py:829} INFO - Processing file /usr/local/lib/python3.8/dist-packages/airflow/example_dags/example_branch_operator.py for tasks to queue
[2023-09-01T13:15:00.092+0900] {logging_mixin.py:151} INFO - [2023-09-01T13:15:00.091+0900] {dagbag.py:539} INFO - Filling up the DagBag from /usr/local/lib/python3.8/dist-packages/airflow/example_dags/example_branch_operator.py
[2023-09-01T13:15:00.105+0900] {processor.py:839} INFO - DAG(s) dict_keys(['example_branch_operator']) retrieved from /usr/local/lib/python3.8/dist-packages/airflow/example_dags/example_branch_operator.py
[2023-09-01T13:15:00.123+0900] {logging_mixin.py:151} INFO - [2023-09-01T13:15:00.123+0900] {dag.py:2907} INFO - Sync 1 DAGs
[2023-09-01T13:15:00.137+0900] {logging_mixin.py:151} INFO - [2023-09-01T13:15:00.137+0900] {dag.py:3677} INFO - Setting next_dagrun for example_branch_operator to 2023-08-31T00:00:00+00:00, run_after=2023-09-01T00:00:00+00:00
[2023-09-01T13:15:00.147+0900] {processor.py:179} INFO - Processing /usr/local/lib/python3.8/dist-packages/airflow/example_dags/example_branch_operator.py took 0.064 seconds
[2023-09-01T13:15:58.758+0900] {processor.py:157} INFO - Started process (PID=8278) to work on /usr/local/lib/python3.8/dist-packages/airflow/example_dags/example_branch_operator.py
[2023-09-01T13:15:58.760+0900] {processor.py:829} INFO - Processing file /usr/local/lib/python3.8/dist-packages/airflow/example_dags/example_branch_operator.py for tasks to queue
[2023-09-01T13:15:58.762+0900] {logging_mixin.py:151} INFO - [2023-09-01T13:15:58.761+0900] {dagbag.py:539} INFO - Filling up the DagBag from /usr/local/lib/python3.8/dist-packages/airflow/example_dags/example_branch_operator.py
[2023-09-01T13:15:58.774+0900] {processor.py:839} INFO - DAG(s) dict_keys(['example_branch_operator']) retrieved from /usr/local/lib/python3.8/dist-packages/airflow/example_dags/example_branch_operator.py
[2023-09-01T13:15:58.791+0900] {logging_mixin.py:151} INFO - [2023-09-01T13:15:58.791+0900] {dag.py:2907} INFO - Sync 1 DAGs
[2023-09-01T13:15:58.804+0900] {logging_mixin.py:151} INFO - [2023-09-01T13:15:58.804+0900] {dag.py:3677} INFO - Setting next_dagrun for example_branch_operator to 2023-08-31T00:00:00+00:00, run_after=2023-09-01T00:00:00+00:00
[2023-09-01T13:15:58.815+0900] {processor.py:179} INFO - Processing /usr/local/lib/python3.8/dist-packages/airflow/example_dags/example_branch_operator.py took 0.061 seconds
[2023-09-01T13:16:43.301+0900] {processor.py:157} INFO - Started process (PID=8716) to work on /usr/local/lib/python3.8/dist-packages/airflow/example_dags/example_branch_operator.py
[2023-09-01T13:16:43.302+0900] {processor.py:829} INFO - Processing file /usr/local/lib/python3.8/dist-packages/airflow/example_dags/example_branch_operator.py for tasks to queue
[2023-09-01T13:16:43.304+0900] {logging_mixin.py:151} INFO - [2023-09-01T13:16:43.303+0900] {dagbag.py:539} INFO - Filling up the DagBag from /usr/local/lib/python3.8/dist-packages/airflow/example_dags/example_branch_operator.py
[2023-09-01T13:16:43.316+0900] {processor.py:839} INFO - DAG(s) dict_keys(['example_branch_operator']) retrieved from /usr/local/lib/python3.8/dist-packages/airflow/example_dags/example_branch_operator.py
[2023-09-01T13:16:43.334+0900] {logging_mixin.py:151} INFO - [2023-09-01T13:16:43.334+0900] {dag.py:2907} INFO - Sync 1 DAGs
[2023-09-01T13:16:43.347+0900] {logging_mixin.py:151} INFO - [2023-09-01T13:16:43.347+0900] {dag.py:3677} INFO - Setting next_dagrun for example_branch_operator to 2023-08-31T00:00:00+00:00, run_after=2023-09-01T00:00:00+00:00
[2023-09-01T13:16:43.359+0900] {processor.py:179} INFO - Processing /usr/local/lib/python3.8/dist-packages/airflow/example_dags/example_branch_operator.py took 0.064 seconds
[2023-09-01T13:17:30.429+0900] {processor.py:157} INFO - Started process (PID=9174) to work on /usr/local/lib/python3.8/dist-packages/airflow/example_dags/example_branch_operator.py
[2023-09-01T13:17:30.430+0900] {processor.py:829} INFO - Processing file /usr/local/lib/python3.8/dist-packages/airflow/example_dags/example_branch_operator.py for tasks to queue
[2023-09-01T13:17:30.431+0900] {logging_mixin.py:151} INFO - [2023-09-01T13:17:30.430+0900] {dagbag.py:539} INFO - Filling up the DagBag from /usr/local/lib/python3.8/dist-packages/airflow/example_dags/example_branch_operator.py
[2023-09-01T13:17:30.443+0900] {processor.py:839} INFO - DAG(s) dict_keys(['example_branch_operator']) retrieved from /usr/local/lib/python3.8/dist-packages/airflow/example_dags/example_branch_operator.py
[2023-09-01T13:17:30.460+0900] {logging_mixin.py:151} INFO - [2023-09-01T13:17:30.460+0900] {dag.py:2907} INFO - Sync 1 DAGs
[2023-09-01T13:17:30.473+0900] {logging_mixin.py:151} INFO - [2023-09-01T13:17:30.472+0900] {dag.py:3677} INFO - Setting next_dagrun for example_branch_operator to 2023-08-31T00:00:00+00:00, run_after=2023-09-01T00:00:00+00:00
[2023-09-01T13:17:30.484+0900] {processor.py:179} INFO - Processing /usr/local/lib/python3.8/dist-packages/airflow/example_dags/example_branch_operator.py took 0.061 seconds
[2023-09-01T13:18:17.122+0900] {processor.py:157} INFO - Started process (PID=9672) to work on /usr/local/lib/python3.8/dist-packages/airflow/example_dags/example_branch_operator.py
[2023-09-01T13:18:17.126+0900] {processor.py:829} INFO - Processing file /usr/local/lib/python3.8/dist-packages/airflow/example_dags/example_branch_operator.py for tasks to queue
[2023-09-01T13:18:17.127+0900] {logging_mixin.py:151} INFO - [2023-09-01T13:18:17.126+0900] {dagbag.py:539} INFO - Filling up the DagBag from /usr/local/lib/python3.8/dist-packages/airflow/example_dags/example_branch_operator.py
[2023-09-01T13:18:17.136+0900] {processor.py:839} INFO - DAG(s) dict_keys(['example_branch_operator']) retrieved from /usr/local/lib/python3.8/dist-packages/airflow/example_dags/example_branch_operator.py
[2023-09-01T13:18:17.150+0900] {logging_mixin.py:151} INFO - [2023-09-01T13:18:17.149+0900] {dag.py:2907} INFO - Sync 1 DAGs
[2023-09-01T13:18:17.161+0900] {logging_mixin.py:151} INFO - [2023-09-01T13:18:17.160+0900] {dag.py:3677} INFO - Setting next_dagrun for example_branch_operator to 2023-08-31T00:00:00+00:00, run_after=2023-09-01T00:00:00+00:00
[2023-09-01T13:18:17.170+0900] {processor.py:179} INFO - Processing /usr/local/lib/python3.8/dist-packages/airflow/example_dags/example_branch_operator.py took 0.052 seconds
[2023-09-01T13:19:01.369+0900] {processor.py:157} INFO - Started process (PID=10095) to work on /usr/local/lib/python3.8/dist-packages/airflow/example_dags/example_branch_operator.py
[2023-09-01T13:19:01.370+0900] {processor.py:829} INFO - Processing file /usr/local/lib/python3.8/dist-packages/airflow/example_dags/example_branch_operator.py for tasks to queue
[2023-09-01T13:19:01.371+0900] {logging_mixin.py:151} INFO - [2023-09-01T13:19:01.370+0900] {dagbag.py:539} INFO - Filling up the DagBag from /usr/local/lib/python3.8/dist-packages/airflow/example_dags/example_branch_operator.py
[2023-09-01T13:19:01.377+0900] {processor.py:839} INFO - DAG(s) dict_keys(['example_branch_operator']) retrieved from /usr/local/lib/python3.8/dist-packages/airflow/example_dags/example_branch_operator.py
[2023-09-01T13:19:01.387+0900] {logging_mixin.py:151} INFO - [2023-09-01T13:19:01.387+0900] {dag.py:2907} INFO - Sync 1 DAGs
[2023-09-01T13:19:01.397+0900] {logging_mixin.py:151} INFO - [2023-09-01T13:19:01.396+0900] {dag.py:3677} INFO - Setting next_dagrun for example_branch_operator to 2023-08-31T00:00:00+00:00, run_after=2023-09-01T00:00:00+00:00
[2023-09-01T13:19:01.406+0900] {processor.py:179} INFO - Processing /usr/local/lib/python3.8/dist-packages/airflow/example_dags/example_branch_operator.py took 0.039 seconds
[2023-09-01T13:19:46.819+0900] {processor.py:157} INFO - Started process (PID=10540) to work on /usr/local/lib/python3.8/dist-packages/airflow/example_dags/example_branch_operator.py
[2023-09-01T13:19:46.820+0900] {processor.py:829} INFO - Processing file /usr/local/lib/python3.8/dist-packages/airflow/example_dags/example_branch_operator.py for tasks to queue
[2023-09-01T13:19:46.821+0900] {logging_mixin.py:151} INFO - [2023-09-01T13:19:46.821+0900] {dagbag.py:539} INFO - Filling up the DagBag from /usr/local/lib/python3.8/dist-packages/airflow/example_dags/example_branch_operator.py
[2023-09-01T13:19:46.831+0900] {processor.py:839} INFO - DAG(s) dict_keys(['example_branch_operator']) retrieved from /usr/local/lib/python3.8/dist-packages/airflow/example_dags/example_branch_operator.py
[2023-09-01T13:19:46.845+0900] {logging_mixin.py:151} INFO - [2023-09-01T13:19:46.845+0900] {dag.py:2907} INFO - Sync 1 DAGs
[2023-09-01T13:19:46.856+0900] {logging_mixin.py:151} INFO - [2023-09-01T13:19:46.856+0900] {dag.py:3677} INFO - Setting next_dagrun for example_branch_operator to 2023-08-31T00:00:00+00:00, run_after=2023-09-01T00:00:00+00:00
[2023-09-01T13:19:46.866+0900] {processor.py:179} INFO - Processing /usr/local/lib/python3.8/dist-packages/airflow/example_dags/example_branch_operator.py took 0.051 seconds
[2023-09-01T13:20:30.151+0900] {processor.py:157} INFO - Started process (PID=10963) to work on /usr/local/lib/python3.8/dist-packages/airflow/example_dags/example_branch_operator.py
[2023-09-01T13:20:30.152+0900] {processor.py:829} INFO - Processing file /usr/local/lib/python3.8/dist-packages/airflow/example_dags/example_branch_operator.py for tasks to queue
[2023-09-01T13:20:30.154+0900] {logging_mixin.py:151} INFO - [2023-09-01T13:20:30.153+0900] {dagbag.py:539} INFO - Filling up the DagBag from /usr/local/lib/python3.8/dist-packages/airflow/example_dags/example_branch_operator.py
[2023-09-01T13:20:30.165+0900] {processor.py:839} INFO - DAG(s) dict_keys(['example_branch_operator']) retrieved from /usr/local/lib/python3.8/dist-packages/airflow/example_dags/example_branch_operator.py
[2023-09-01T13:20:30.181+0900] {logging_mixin.py:151} INFO - [2023-09-01T13:20:30.181+0900] {dag.py:2907} INFO - Sync 1 DAGs
[2023-09-01T13:20:30.193+0900] {logging_mixin.py:151} INFO - [2023-09-01T13:20:30.193+0900] {dag.py:3677} INFO - Setting next_dagrun for example_branch_operator to 2023-08-31T00:00:00+00:00, run_after=2023-09-01T00:00:00+00:00
[2023-09-01T13:20:30.207+0900] {processor.py:179} INFO - Processing /usr/local/lib/python3.8/dist-packages/airflow/example_dags/example_branch_operator.py took 0.060 seconds
[2023-09-01T13:21:27.579+0900] {processor.py:157} INFO - Started process (PID=11456) to work on /usr/local/lib/python3.8/dist-packages/airflow/example_dags/example_branch_operator.py
[2023-09-01T13:21:27.580+0900] {processor.py:829} INFO - Processing file /usr/local/lib/python3.8/dist-packages/airflow/example_dags/example_branch_operator.py for tasks to queue
[2023-09-01T13:21:27.582+0900] {logging_mixin.py:151} INFO - [2023-09-01T13:21:27.581+0900] {dagbag.py:539} INFO - Filling up the DagBag from /usr/local/lib/python3.8/dist-packages/airflow/example_dags/example_branch_operator.py
[2023-09-01T13:21:27.590+0900] {processor.py:839} INFO - DAG(s) dict_keys(['example_branch_operator']) retrieved from /usr/local/lib/python3.8/dist-packages/airflow/example_dags/example_branch_operator.py
[2023-09-01T13:21:27.606+0900] {logging_mixin.py:151} INFO - [2023-09-01T13:21:27.606+0900] {dag.py:2907} INFO - Sync 1 DAGs
[2023-09-01T13:21:27.620+0900] {logging_mixin.py:151} INFO - [2023-09-01T13:21:27.620+0900] {dag.py:3677} INFO - Setting next_dagrun for example_branch_operator to 2023-08-31T00:00:00+00:00, run_after=2023-09-01T00:00:00+00:00
[2023-09-01T13:21:27.635+0900] {processor.py:179} INFO - Processing /usr/local/lib/python3.8/dist-packages/airflow/example_dags/example_branch_operator.py took 0.061 seconds
[2023-09-01T13:22:19.454+0900] {processor.py:157} INFO - Started process (PID=11956) to work on /usr/local/lib/python3.8/dist-packages/airflow/example_dags/example_branch_operator.py
[2023-09-01T13:22:19.455+0900] {processor.py:829} INFO - Processing file /usr/local/lib/python3.8/dist-packages/airflow/example_dags/example_branch_operator.py for tasks to queue
[2023-09-01T13:22:19.457+0900] {logging_mixin.py:151} INFO - [2023-09-01T13:22:19.456+0900] {dagbag.py:539} INFO - Filling up the DagBag from /usr/local/lib/python3.8/dist-packages/airflow/example_dags/example_branch_operator.py
[2023-09-01T13:22:19.469+0900] {processor.py:839} INFO - DAG(s) dict_keys(['example_branch_operator']) retrieved from /usr/local/lib/python3.8/dist-packages/airflow/example_dags/example_branch_operator.py
[2023-09-01T13:22:19.487+0900] {logging_mixin.py:151} INFO - [2023-09-01T13:22:19.487+0900] {dag.py:2907} INFO - Sync 1 DAGs
[2023-09-01T13:22:19.500+0900] {logging_mixin.py:151} INFO - [2023-09-01T13:22:19.500+0900] {dag.py:3677} INFO - Setting next_dagrun for example_branch_operator to 2023-08-31T00:00:00+00:00, run_after=2023-09-01T00:00:00+00:00
[2023-09-01T13:22:19.512+0900] {processor.py:179} INFO - Processing /usr/local/lib/python3.8/dist-packages/airflow/example_dags/example_branch_operator.py took 0.064 seconds
[2023-09-01T13:23:16.689+0900] {processor.py:157} INFO - Started process (PID=12507) to work on /usr/local/lib/python3.8/dist-packages/airflow/example_dags/example_branch_operator.py
[2023-09-01T13:23:16.690+0900] {processor.py:829} INFO - Processing file /usr/local/lib/python3.8/dist-packages/airflow/example_dags/example_branch_operator.py for tasks to queue
[2023-09-01T13:23:16.691+0900] {logging_mixin.py:151} INFO - [2023-09-01T13:23:16.690+0900] {dagbag.py:539} INFO - Filling up the DagBag from /usr/local/lib/python3.8/dist-packages/airflow/example_dags/example_branch_operator.py
[2023-09-01T13:23:16.696+0900] {processor.py:839} INFO - DAG(s) dict_keys(['example_branch_operator']) retrieved from /usr/local/lib/python3.8/dist-packages/airflow/example_dags/example_branch_operator.py
[2023-09-01T13:23:16.706+0900] {logging_mixin.py:151} INFO - [2023-09-01T13:23:16.706+0900] {dag.py:2907} INFO - Sync 1 DAGs
[2023-09-01T13:23:16.715+0900] {logging_mixin.py:151} INFO - [2023-09-01T13:23:16.715+0900] {dag.py:3677} INFO - Setting next_dagrun for example_branch_operator to 2023-08-31T00:00:00+00:00, run_after=2023-09-01T00:00:00+00:00
[2023-09-01T13:23:16.724+0900] {processor.py:179} INFO - Processing /usr/local/lib/python3.8/dist-packages/airflow/example_dags/example_branch_operator.py took 0.037 seconds
[2023-09-01T13:24:13.963+0900] {processor.py:157} INFO - Started process (PID=13090) to work on /usr/local/lib/python3.8/dist-packages/airflow/example_dags/example_branch_operator.py
[2023-09-01T13:24:13.964+0900] {processor.py:829} INFO - Processing file /usr/local/lib/python3.8/dist-packages/airflow/example_dags/example_branch_operator.py for tasks to queue
[2023-09-01T13:24:13.966+0900] {logging_mixin.py:151} INFO - [2023-09-01T13:24:13.965+0900] {dagbag.py:539} INFO - Filling up the DagBag from /usr/local/lib/python3.8/dist-packages/airflow/example_dags/example_branch_operator.py
[2023-09-01T13:24:13.977+0900] {processor.py:839} INFO - DAG(s) dict_keys(['example_branch_operator']) retrieved from /usr/local/lib/python3.8/dist-packages/airflow/example_dags/example_branch_operator.py
[2023-09-01T13:24:13.994+0900] {logging_mixin.py:151} INFO - [2023-09-01T13:24:13.994+0900] {dag.py:2907} INFO - Sync 1 DAGs
[2023-09-01T13:24:14.007+0900] {logging_mixin.py:151} INFO - [2023-09-01T13:24:14.007+0900] {dag.py:3677} INFO - Setting next_dagrun for example_branch_operator to 2023-08-31T00:00:00+00:00, run_after=2023-09-01T00:00:00+00:00
[2023-09-01T13:24:14.018+0900] {processor.py:179} INFO - Processing /usr/local/lib/python3.8/dist-packages/airflow/example_dags/example_branch_operator.py took 0.061 seconds
[2023-09-01T13:25:01.802+0900] {processor.py:157} INFO - Started process (PID=13579) to work on /usr/local/lib/python3.8/dist-packages/airflow/example_dags/example_branch_operator.py
[2023-09-01T13:25:01.804+0900] {processor.py:829} INFO - Processing file /usr/local/lib/python3.8/dist-packages/airflow/example_dags/example_branch_operator.py for tasks to queue
[2023-09-01T13:25:01.805+0900] {logging_mixin.py:151} INFO - [2023-09-01T13:25:01.804+0900] {dagbag.py:539} INFO - Filling up the DagBag from /usr/local/lib/python3.8/dist-packages/airflow/example_dags/example_branch_operator.py
[2023-09-01T13:25:01.817+0900] {processor.py:839} INFO - DAG(s) dict_keys(['example_branch_operator']) retrieved from /usr/local/lib/python3.8/dist-packages/airflow/example_dags/example_branch_operator.py
[2023-09-01T13:25:01.835+0900] {logging_mixin.py:151} INFO - [2023-09-01T13:25:01.835+0900] {dag.py:2907} INFO - Sync 1 DAGs
[2023-09-01T13:25:01.848+0900] {logging_mixin.py:151} INFO - [2023-09-01T13:25:01.848+0900] {dag.py:3677} INFO - Setting next_dagrun for example_branch_operator to 2023-08-31T00:00:00+00:00, run_after=2023-09-01T00:00:00+00:00
[2023-09-01T13:25:01.859+0900] {processor.py:179} INFO - Processing /usr/local/lib/python3.8/dist-packages/airflow/example_dags/example_branch_operator.py took 0.063 seconds
[2023-09-01T13:26:26.298+0900] {processor.py:157} INFO - Started process (PID=14684) to work on /usr/local/lib/python3.8/dist-packages/airflow/example_dags/example_branch_operator.py
[2023-09-01T13:26:26.299+0900] {processor.py:829} INFO - Processing file /usr/local/lib/python3.8/dist-packages/airflow/example_dags/example_branch_operator.py for tasks to queue
[2023-09-01T13:26:26.301+0900] {logging_mixin.py:151} INFO - [2023-09-01T13:26:26.300+0900] {dagbag.py:539} INFO - Filling up the DagBag from /usr/local/lib/python3.8/dist-packages/airflow/example_dags/example_branch_operator.py
[2023-09-01T13:26:26.313+0900] {processor.py:839} INFO - DAG(s) dict_keys(['example_branch_operator']) retrieved from /usr/local/lib/python3.8/dist-packages/airflow/example_dags/example_branch_operator.py
[2023-09-01T13:26:26.327+0900] {logging_mixin.py:151} INFO - [2023-09-01T13:26:26.327+0900] {dag.py:2907} INFO - Sync 1 DAGs
[2023-09-01T13:26:26.341+0900] {logging_mixin.py:151} INFO - [2023-09-01T13:26:26.341+0900] {dag.py:3677} INFO - Setting next_dagrun for example_branch_operator to 2023-08-31T00:00:00+00:00, run_after=2023-09-01T00:00:00+00:00
[2023-09-01T13:26:26.352+0900] {processor.py:179} INFO - Processing /usr/local/lib/python3.8/dist-packages/airflow/example_dags/example_branch_operator.py took 0.059 seconds
[2023-09-01T13:27:10.651+0900] {processor.py:157} INFO - Started process (PID=15116) to work on /usr/local/lib/python3.8/dist-packages/airflow/example_dags/example_branch_operator.py
[2023-09-01T13:27:10.651+0900] {processor.py:829} INFO - Processing file /usr/local/lib/python3.8/dist-packages/airflow/example_dags/example_branch_operator.py for tasks to queue
[2023-09-01T13:27:10.652+0900] {logging_mixin.py:151} INFO - [2023-09-01T13:27:10.651+0900] {dagbag.py:539} INFO - Filling up the DagBag from /usr/local/lib/python3.8/dist-packages/airflow/example_dags/example_branch_operator.py
[2023-09-01T13:27:10.657+0900] {processor.py:839} INFO - DAG(s) dict_keys(['example_branch_operator']) retrieved from /usr/local/lib/python3.8/dist-packages/airflow/example_dags/example_branch_operator.py
[2023-09-01T13:27:10.666+0900] {logging_mixin.py:151} INFO - [2023-09-01T13:27:10.666+0900] {dag.py:2907} INFO - Sync 1 DAGs
[2023-09-01T13:27:10.675+0900] {logging_mixin.py:151} INFO - [2023-09-01T13:27:10.675+0900] {dag.py:3677} INFO - Setting next_dagrun for example_branch_operator to 2023-08-31T00:00:00+00:00, run_after=2023-09-01T00:00:00+00:00
[2023-09-01T13:27:10.684+0900] {processor.py:179} INFO - Processing /usr/local/lib/python3.8/dist-packages/airflow/example_dags/example_branch_operator.py took 0.035 seconds
[2023-09-01T13:27:55.960+0900] {processor.py:157} INFO - Started process (PID=15553) to work on /usr/local/lib/python3.8/dist-packages/airflow/example_dags/example_branch_operator.py
[2023-09-01T13:27:55.962+0900] {processor.py:829} INFO - Processing file /usr/local/lib/python3.8/dist-packages/airflow/example_dags/example_branch_operator.py for tasks to queue
[2023-09-01T13:27:55.964+0900] {logging_mixin.py:151} INFO - [2023-09-01T13:27:55.963+0900] {dagbag.py:539} INFO - Filling up the DagBag from /usr/local/lib/python3.8/dist-packages/airflow/example_dags/example_branch_operator.py
[2023-09-01T13:27:55.975+0900] {processor.py:839} INFO - DAG(s) dict_keys(['example_branch_operator']) retrieved from /usr/local/lib/python3.8/dist-packages/airflow/example_dags/example_branch_operator.py
[2023-09-01T13:27:55.992+0900] {logging_mixin.py:151} INFO - [2023-09-01T13:27:55.992+0900] {dag.py:2907} INFO - Sync 1 DAGs
[2023-09-01T13:27:56.004+0900] {logging_mixin.py:151} INFO - [2023-09-01T13:27:56.004+0900] {dag.py:3677} INFO - Setting next_dagrun for example_branch_operator to 2023-08-31T00:00:00+00:00, run_after=2023-09-01T00:00:00+00:00
[2023-09-01T13:27:56.015+0900] {processor.py:179} INFO - Processing /usr/local/lib/python3.8/dist-packages/airflow/example_dags/example_branch_operator.py took 0.060 seconds
[2023-09-01T13:28:41.288+0900] {processor.py:157} INFO - Started process (PID=15989) to work on /usr/local/lib/python3.8/dist-packages/airflow/example_dags/example_branch_operator.py
[2023-09-01T13:28:41.290+0900] {processor.py:829} INFO - Processing file /usr/local/lib/python3.8/dist-packages/airflow/example_dags/example_branch_operator.py for tasks to queue
[2023-09-01T13:28:41.292+0900] {logging_mixin.py:151} INFO - [2023-09-01T13:28:41.291+0900] {dagbag.py:539} INFO - Filling up the DagBag from /usr/local/lib/python3.8/dist-packages/airflow/example_dags/example_branch_operator.py
[2023-09-01T13:28:41.302+0900] {processor.py:839} INFO - DAG(s) dict_keys(['example_branch_operator']) retrieved from /usr/local/lib/python3.8/dist-packages/airflow/example_dags/example_branch_operator.py
[2023-09-01T13:28:41.319+0900] {logging_mixin.py:151} INFO - [2023-09-01T13:28:41.319+0900] {dag.py:2907} INFO - Sync 1 DAGs
[2023-09-01T13:28:41.332+0900] {logging_mixin.py:151} INFO - [2023-09-01T13:28:41.332+0900] {dag.py:3677} INFO - Setting next_dagrun for example_branch_operator to 2023-08-31T00:00:00+00:00, run_after=2023-09-01T00:00:00+00:00
[2023-09-01T13:28:41.343+0900] {processor.py:179} INFO - Processing /usr/local/lib/python3.8/dist-packages/airflow/example_dags/example_branch_operator.py took 0.059 seconds
[2023-09-01T13:29:29.023+0900] {processor.py:157} INFO - Started process (PID=16480) to work on /usr/local/lib/python3.8/dist-packages/airflow/example_dags/example_branch_operator.py
[2023-09-01T13:29:29.024+0900] {processor.py:829} INFO - Processing file /usr/local/lib/python3.8/dist-packages/airflow/example_dags/example_branch_operator.py for tasks to queue
[2023-09-01T13:29:29.026+0900] {logging_mixin.py:151} INFO - [2023-09-01T13:29:29.025+0900] {dagbag.py:539} INFO - Filling up the DagBag from /usr/local/lib/python3.8/dist-packages/airflow/example_dags/example_branch_operator.py
[2023-09-01T13:29:29.037+0900] {processor.py:839} INFO - DAG(s) dict_keys(['example_branch_operator']) retrieved from /usr/local/lib/python3.8/dist-packages/airflow/example_dags/example_branch_operator.py
[2023-09-01T13:29:29.053+0900] {logging_mixin.py:151} INFO - [2023-09-01T13:29:29.053+0900] {dag.py:2907} INFO - Sync 1 DAGs
[2023-09-01T13:29:29.067+0900] {logging_mixin.py:151} INFO - [2023-09-01T13:29:29.067+0900] {dag.py:3677} INFO - Setting next_dagrun for example_branch_operator to 2023-08-31T00:00:00+00:00, run_after=2023-09-01T00:00:00+00:00
[2023-09-01T13:29:29.079+0900] {processor.py:179} INFO - Processing /usr/local/lib/python3.8/dist-packages/airflow/example_dags/example_branch_operator.py took 0.062 seconds
[2023-09-01T13:30:17.876+0900] {processor.py:157} INFO - Started process (PID=16953) to work on /usr/local/lib/python3.8/dist-packages/airflow/example_dags/example_branch_operator.py
[2023-09-01T13:30:17.878+0900] {processor.py:829} INFO - Processing file /usr/local/lib/python3.8/dist-packages/airflow/example_dags/example_branch_operator.py for tasks to queue
[2023-09-01T13:30:17.879+0900] {logging_mixin.py:151} INFO - [2023-09-01T13:30:17.879+0900] {dagbag.py:539} INFO - Filling up the DagBag from /usr/local/lib/python3.8/dist-packages/airflow/example_dags/example_branch_operator.py
[2023-09-01T13:30:17.890+0900] {processor.py:839} INFO - DAG(s) dict_keys(['example_branch_operator']) retrieved from /usr/local/lib/python3.8/dist-packages/airflow/example_dags/example_branch_operator.py
[2023-09-01T13:30:17.908+0900] {logging_mixin.py:151} INFO - [2023-09-01T13:30:17.908+0900] {dag.py:2907} INFO - Sync 1 DAGs
[2023-09-01T13:30:17.922+0900] {logging_mixin.py:151} INFO - [2023-09-01T13:30:17.922+0900] {dag.py:3677} INFO - Setting next_dagrun for example_branch_operator to 2023-08-31T00:00:00+00:00, run_after=2023-09-01T00:00:00+00:00
[2023-09-01T13:30:17.934+0900] {processor.py:179} INFO - Processing /usr/local/lib/python3.8/dist-packages/airflow/example_dags/example_branch_operator.py took 0.063 seconds
[2023-09-01T13:31:13.355+0900] {processor.py:157} INFO - Started process (PID=17493) to work on /usr/local/lib/python3.8/dist-packages/airflow/example_dags/example_branch_operator.py
[2023-09-01T13:31:13.358+0900] {processor.py:829} INFO - Processing file /usr/local/lib/python3.8/dist-packages/airflow/example_dags/example_branch_operator.py for tasks to queue
[2023-09-01T13:31:13.359+0900] {logging_mixin.py:151} INFO - [2023-09-01T13:31:13.358+0900] {dagbag.py:539} INFO - Filling up the DagBag from /usr/local/lib/python3.8/dist-packages/airflow/example_dags/example_branch_operator.py
[2023-09-01T13:31:13.372+0900] {processor.py:839} INFO - DAG(s) dict_keys(['example_branch_operator']) retrieved from /usr/local/lib/python3.8/dist-packages/airflow/example_dags/example_branch_operator.py
[2023-09-01T13:31:13.389+0900] {logging_mixin.py:151} INFO - [2023-09-01T13:31:13.389+0900] {dag.py:2907} INFO - Sync 1 DAGs
[2023-09-01T13:31:13.402+0900] {logging_mixin.py:151} INFO - [2023-09-01T13:31:13.402+0900] {dag.py:3677} INFO - Setting next_dagrun for example_branch_operator to 2023-08-31T00:00:00+00:00, run_after=2023-09-01T00:00:00+00:00
[2023-09-01T13:31:13.412+0900] {processor.py:179} INFO - Processing /usr/local/lib/python3.8/dist-packages/airflow/example_dags/example_branch_operator.py took 0.063 seconds
[2023-09-01T13:31:58.081+0900] {processor.py:157} INFO - Started process (PID=17924) to work on /usr/local/lib/python3.8/dist-packages/airflow/example_dags/example_branch_operator.py
[2023-09-01T13:31:58.091+0900] {processor.py:829} INFO - Processing file /usr/local/lib/python3.8/dist-packages/airflow/example_dags/example_branch_operator.py for tasks to queue
[2023-09-01T13:31:58.092+0900] {logging_mixin.py:151} INFO - [2023-09-01T13:31:58.091+0900] {dagbag.py:539} INFO - Filling up the DagBag from /usr/local/lib/python3.8/dist-packages/airflow/example_dags/example_branch_operator.py
[2023-09-01T13:31:58.100+0900] {processor.py:839} INFO - DAG(s) dict_keys(['example_branch_operator']) retrieved from /usr/local/lib/python3.8/dist-packages/airflow/example_dags/example_branch_operator.py
[2023-09-01T13:31:58.113+0900] {logging_mixin.py:151} INFO - [2023-09-01T13:31:58.113+0900] {dag.py:2907} INFO - Sync 1 DAGs
[2023-09-01T13:31:58.123+0900] {logging_mixin.py:151} INFO - [2023-09-01T13:31:58.123+0900] {dag.py:3677} INFO - Setting next_dagrun for example_branch_operator to 2023-08-31T00:00:00+00:00, run_after=2023-09-01T00:00:00+00:00
[2023-09-01T13:31:58.135+0900] {processor.py:179} INFO - Processing /usr/local/lib/python3.8/dist-packages/airflow/example_dags/example_branch_operator.py took 0.058 seconds
[2023-09-01T13:32:43.523+0900] {processor.py:157} INFO - Started process (PID=18359) to work on /usr/local/lib/python3.8/dist-packages/airflow/example_dags/example_branch_operator.py
[2023-09-01T13:32:43.524+0900] {processor.py:829} INFO - Processing file /usr/local/lib/python3.8/dist-packages/airflow/example_dags/example_branch_operator.py for tasks to queue
[2023-09-01T13:32:43.526+0900] {logging_mixin.py:151} INFO - [2023-09-01T13:32:43.525+0900] {dagbag.py:539} INFO - Filling up the DagBag from /usr/local/lib/python3.8/dist-packages/airflow/example_dags/example_branch_operator.py
[2023-09-01T13:32:43.538+0900] {processor.py:839} INFO - DAG(s) dict_keys(['example_branch_operator']) retrieved from /usr/local/lib/python3.8/dist-packages/airflow/example_dags/example_branch_operator.py
[2023-09-01T13:32:43.554+0900] {logging_mixin.py:151} INFO - [2023-09-01T13:32:43.554+0900] {dag.py:2907} INFO - Sync 1 DAGs
[2023-09-01T13:32:43.567+0900] {logging_mixin.py:151} INFO - [2023-09-01T13:32:43.566+0900] {dag.py:3677} INFO - Setting next_dagrun for example_branch_operator to 2023-08-31T00:00:00+00:00, run_after=2023-09-01T00:00:00+00:00
[2023-09-01T13:32:43.578+0900] {processor.py:179} INFO - Processing /usr/local/lib/python3.8/dist-packages/airflow/example_dags/example_branch_operator.py took 0.059 seconds
[2023-09-01T13:33:28.971+0900] {processor.py:157} INFO - Started process (PID=18802) to work on /usr/local/lib/python3.8/dist-packages/airflow/example_dags/example_branch_operator.py
[2023-09-01T13:33:28.973+0900] {processor.py:829} INFO - Processing file /usr/local/lib/python3.8/dist-packages/airflow/example_dags/example_branch_operator.py for tasks to queue
[2023-09-01T13:33:28.974+0900] {logging_mixin.py:151} INFO - [2023-09-01T13:33:28.973+0900] {dagbag.py:539} INFO - Filling up the DagBag from /usr/local/lib/python3.8/dist-packages/airflow/example_dags/example_branch_operator.py
[2023-09-01T13:33:28.985+0900] {processor.py:839} INFO - DAG(s) dict_keys(['example_branch_operator']) retrieved from /usr/local/lib/python3.8/dist-packages/airflow/example_dags/example_branch_operator.py
[2023-09-01T13:33:29.002+0900] {logging_mixin.py:151} INFO - [2023-09-01T13:33:29.002+0900] {dag.py:2907} INFO - Sync 1 DAGs
[2023-09-01T13:33:29.013+0900] {logging_mixin.py:151} INFO - [2023-09-01T13:33:29.013+0900] {dag.py:3677} INFO - Setting next_dagrun for example_branch_operator to 2023-08-31T00:00:00+00:00, run_after=2023-09-01T00:00:00+00:00
[2023-09-01T13:33:29.024+0900] {processor.py:179} INFO - Processing /usr/local/lib/python3.8/dist-packages/airflow/example_dags/example_branch_operator.py took 0.058 seconds
[2023-09-01T13:34:15.659+0900] {processor.py:157} INFO - Started process (PID=19283) to work on /usr/local/lib/python3.8/dist-packages/airflow/example_dags/example_branch_operator.py
[2023-09-01T13:34:15.661+0900] {processor.py:829} INFO - Processing file /usr/local/lib/python3.8/dist-packages/airflow/example_dags/example_branch_operator.py for tasks to queue
[2023-09-01T13:34:15.663+0900] {logging_mixin.py:151} INFO - [2023-09-01T13:34:15.662+0900] {dagbag.py:539} INFO - Filling up the DagBag from /usr/local/lib/python3.8/dist-packages/airflow/example_dags/example_branch_operator.py
[2023-09-01T13:34:15.674+0900] {processor.py:839} INFO - DAG(s) dict_keys(['example_branch_operator']) retrieved from /usr/local/lib/python3.8/dist-packages/airflow/example_dags/example_branch_operator.py
[2023-09-01T13:34:15.690+0900] {logging_mixin.py:151} INFO - [2023-09-01T13:34:15.690+0900] {dag.py:2907} INFO - Sync 1 DAGs
[2023-09-01T13:34:15.703+0900] {logging_mixin.py:151} INFO - [2023-09-01T13:34:15.703+0900] {dag.py:3677} INFO - Setting next_dagrun for example_branch_operator to 2023-08-31T00:00:00+00:00, run_after=2023-09-01T00:00:00+00:00
[2023-09-01T13:34:15.713+0900] {processor.py:179} INFO - Processing /usr/local/lib/python3.8/dist-packages/airflow/example_dags/example_branch_operator.py took 0.059 seconds
[2023-09-01T13:34:59.526+0900] {processor.py:157} INFO - Started process (PID=19702) to work on /usr/local/lib/python3.8/dist-packages/airflow/example_dags/example_branch_operator.py
[2023-09-01T13:34:59.528+0900] {processor.py:829} INFO - Processing file /usr/local/lib/python3.8/dist-packages/airflow/example_dags/example_branch_operator.py for tasks to queue
[2023-09-01T13:34:59.529+0900] {logging_mixin.py:151} INFO - [2023-09-01T13:34:59.529+0900] {dagbag.py:539} INFO - Filling up the DagBag from /usr/local/lib/python3.8/dist-packages/airflow/example_dags/example_branch_operator.py
[2023-09-01T13:34:59.538+0900] {processor.py:839} INFO - DAG(s) dict_keys(['example_branch_operator']) retrieved from /usr/local/lib/python3.8/dist-packages/airflow/example_dags/example_branch_operator.py
[2023-09-01T13:34:59.549+0900] {logging_mixin.py:151} INFO - [2023-09-01T13:34:59.549+0900] {dag.py:2907} INFO - Sync 1 DAGs
[2023-09-01T13:34:59.560+0900] {logging_mixin.py:151} INFO - [2023-09-01T13:34:59.560+0900] {dag.py:3677} INFO - Setting next_dagrun for example_branch_operator to 2023-08-31T00:00:00+00:00, run_after=2023-09-01T00:00:00+00:00
[2023-09-01T13:34:59.571+0900] {processor.py:179} INFO - Processing /usr/local/lib/python3.8/dist-packages/airflow/example_dags/example_branch_operator.py took 0.049 seconds
[2023-09-01T13:35:55.799+0900] {processor.py:157} INFO - Started process (PID=20243) to work on /usr/local/lib/python3.8/dist-packages/airflow/example_dags/example_branch_operator.py
[2023-09-01T13:35:55.800+0900] {processor.py:829} INFO - Processing file /usr/local/lib/python3.8/dist-packages/airflow/example_dags/example_branch_operator.py for tasks to queue
[2023-09-01T13:35:55.801+0900] {logging_mixin.py:151} INFO - [2023-09-01T13:35:55.801+0900] {dagbag.py:539} INFO - Filling up the DagBag from /usr/local/lib/python3.8/dist-packages/airflow/example_dags/example_branch_operator.py
[2023-09-01T13:35:55.809+0900] {processor.py:839} INFO - DAG(s) dict_keys(['example_branch_operator']) retrieved from /usr/local/lib/python3.8/dist-packages/airflow/example_dags/example_branch_operator.py
[2023-09-01T13:35:55.818+0900] {logging_mixin.py:151} INFO - [2023-09-01T13:35:55.818+0900] {dag.py:2907} INFO - Sync 1 DAGs
[2023-09-01T13:35:55.834+0900] {logging_mixin.py:151} INFO - [2023-09-01T13:35:55.834+0900] {dag.py:3677} INFO - Setting next_dagrun for example_branch_operator to 2023-08-31T00:00:00+00:00, run_after=2023-09-01T00:00:00+00:00
[2023-09-01T13:35:55.846+0900] {processor.py:179} INFO - Processing /usr/local/lib/python3.8/dist-packages/airflow/example_dags/example_branch_operator.py took 0.052 seconds
[2023-09-01T13:36:45.727+0900] {processor.py:157} INFO - Started process (PID=20727) to work on /usr/local/lib/python3.8/dist-packages/airflow/example_dags/example_branch_operator.py
[2023-09-01T13:36:45.728+0900] {processor.py:829} INFO - Processing file /usr/local/lib/python3.8/dist-packages/airflow/example_dags/example_branch_operator.py for tasks to queue
[2023-09-01T13:36:45.729+0900] {logging_mixin.py:151} INFO - [2023-09-01T13:36:45.728+0900] {dagbag.py:539} INFO - Filling up the DagBag from /usr/local/lib/python3.8/dist-packages/airflow/example_dags/example_branch_operator.py
[2023-09-01T13:36:45.737+0900] {processor.py:839} INFO - DAG(s) dict_keys(['example_branch_operator']) retrieved from /usr/local/lib/python3.8/dist-packages/airflow/example_dags/example_branch_operator.py
[2023-09-01T13:36:45.748+0900] {logging_mixin.py:151} INFO - [2023-09-01T13:36:45.748+0900] {dag.py:2907} INFO - Sync 1 DAGs
[2023-09-01T13:36:45.758+0900] {logging_mixin.py:151} INFO - [2023-09-01T13:36:45.758+0900] {dag.py:3677} INFO - Setting next_dagrun for example_branch_operator to 2023-08-31T00:00:00+00:00, run_after=2023-09-01T00:00:00+00:00
[2023-09-01T13:36:45.767+0900] {processor.py:179} INFO - Processing /usr/local/lib/python3.8/dist-packages/airflow/example_dags/example_branch_operator.py took 0.043 seconds
[2023-09-01T13:37:30.545+0900] {processor.py:157} INFO - Started process (PID=21161) to work on /usr/local/lib/python3.8/dist-packages/airflow/example_dags/example_branch_operator.py
[2023-09-01T13:37:30.548+0900] {processor.py:829} INFO - Processing file /usr/local/lib/python3.8/dist-packages/airflow/example_dags/example_branch_operator.py for tasks to queue
[2023-09-01T13:37:30.549+0900] {logging_mixin.py:151} INFO - [2023-09-01T13:37:30.548+0900] {dagbag.py:539} INFO - Filling up the DagBag from /usr/local/lib/python3.8/dist-packages/airflow/example_dags/example_branch_operator.py
[2023-09-01T13:37:30.560+0900] {processor.py:839} INFO - DAG(s) dict_keys(['example_branch_operator']) retrieved from /usr/local/lib/python3.8/dist-packages/airflow/example_dags/example_branch_operator.py
[2023-09-01T13:37:30.575+0900] {logging_mixin.py:151} INFO - [2023-09-01T13:37:30.575+0900] {dag.py:2907} INFO - Sync 1 DAGs
[2023-09-01T13:37:30.587+0900] {logging_mixin.py:151} INFO - [2023-09-01T13:37:30.587+0900] {dag.py:3677} INFO - Setting next_dagrun for example_branch_operator to 2023-08-31T00:00:00+00:00, run_after=2023-09-01T00:00:00+00:00
[2023-09-01T13:37:30.598+0900] {processor.py:179} INFO - Processing /usr/local/lib/python3.8/dist-packages/airflow/example_dags/example_branch_operator.py took 0.057 seconds
[2023-09-01T13:38:16.689+0900] {processor.py:157} INFO - Started process (PID=21612) to work on /usr/local/lib/python3.8/dist-packages/airflow/example_dags/example_branch_operator.py
[2023-09-01T13:38:16.692+0900] {processor.py:829} INFO - Processing file /usr/local/lib/python3.8/dist-packages/airflow/example_dags/example_branch_operator.py for tasks to queue
[2023-09-01T13:38:16.693+0900] {logging_mixin.py:151} INFO - [2023-09-01T13:38:16.692+0900] {dagbag.py:539} INFO - Filling up the DagBag from /usr/local/lib/python3.8/dist-packages/airflow/example_dags/example_branch_operator.py
[2023-09-01T13:38:16.705+0900] {processor.py:839} INFO - DAG(s) dict_keys(['example_branch_operator']) retrieved from /usr/local/lib/python3.8/dist-packages/airflow/example_dags/example_branch_operator.py
[2023-09-01T13:38:16.722+0900] {logging_mixin.py:151} INFO - [2023-09-01T13:38:16.722+0900] {dag.py:2907} INFO - Sync 1 DAGs
[2023-09-01T13:38:16.735+0900] {logging_mixin.py:151} INFO - [2023-09-01T13:38:16.734+0900] {dag.py:3677} INFO - Setting next_dagrun for example_branch_operator to 2023-08-31T00:00:00+00:00, run_after=2023-09-01T00:00:00+00:00
[2023-09-01T13:38:16.745+0900] {processor.py:179} INFO - Processing /usr/local/lib/python3.8/dist-packages/airflow/example_dags/example_branch_operator.py took 0.061 seconds
[2023-09-01T13:39:00.809+0900] {processor.py:157} INFO - Started process (PID=22079) to work on /usr/local/lib/python3.8/dist-packages/airflow/example_dags/example_branch_operator.py
[2023-09-01T13:39:00.810+0900] {processor.py:829} INFO - Processing file /usr/local/lib/python3.8/dist-packages/airflow/example_dags/example_branch_operator.py for tasks to queue
[2023-09-01T13:39:00.811+0900] {logging_mixin.py:151} INFO - [2023-09-01T13:39:00.810+0900] {dagbag.py:539} INFO - Filling up the DagBag from /usr/local/lib/python3.8/dist-packages/airflow/example_dags/example_branch_operator.py
[2023-09-01T13:39:00.816+0900] {processor.py:839} INFO - DAG(s) dict_keys(['example_branch_operator']) retrieved from /usr/local/lib/python3.8/dist-packages/airflow/example_dags/example_branch_operator.py
[2023-09-01T13:39:00.826+0900] {logging_mixin.py:151} INFO - [2023-09-01T13:39:00.826+0900] {dag.py:2907} INFO - Sync 1 DAGs
[2023-09-01T13:39:00.834+0900] {logging_mixin.py:151} INFO - [2023-09-01T13:39:00.834+0900] {dag.py:3677} INFO - Setting next_dagrun for example_branch_operator to 2023-08-31T00:00:00+00:00, run_after=2023-09-01T00:00:00+00:00
[2023-09-01T13:39:00.844+0900] {processor.py:179} INFO - Processing /usr/local/lib/python3.8/dist-packages/airflow/example_dags/example_branch_operator.py took 0.037 seconds
