[2023-09-01T13:07:43.978+0900] {processor.py:157} INFO - Started process (PID=2083) to work on /usr/local/lib/python3.8/dist-packages/airflow/example_dags/example_params_ui_tutorial.py
[2023-09-01T13:07:43.978+0900] {processor.py:829} INFO - Processing file /usr/local/lib/python3.8/dist-packages/airflow/example_dags/example_params_ui_tutorial.py for tasks to queue
[2023-09-01T13:07:43.979+0900] {logging_mixin.py:151} INFO - [2023-09-01T13:07:43.979+0900] {dagbag.py:539} INFO - Filling up the DagBag from /usr/local/lib/python3.8/dist-packages/airflow/example_dags/example_params_ui_tutorial.py
[2023-09-01T13:07:43.995+0900] {processor.py:839} INFO - DAG(s) dict_keys(['example_params_ui_tutorial']) retrieved from /usr/local/lib/python3.8/dist-packages/airflow/example_dags/example_params_ui_tutorial.py
[2023-09-01T13:07:44.060+0900] {logging_mixin.py:151} INFO - [2023-09-01T13:07:44.060+0900] {manager.py:501} INFO - Created Permission View: can delete on DAG:example_params_ui_tutorial
[2023-09-01T13:07:44.067+0900] {logging_mixin.py:151} INFO - [2023-09-01T13:07:44.066+0900] {manager.py:501} INFO - Created Permission View: can read on DAG:example_params_ui_tutorial
[2023-09-01T13:07:44.074+0900] {logging_mixin.py:151} INFO - [2023-09-01T13:07:44.073+0900] {manager.py:501} INFO - Created Permission View: can edit on DAG:example_params_ui_tutorial
[2023-09-01T13:07:44.080+0900] {logging_mixin.py:151} INFO - [2023-09-01T13:07:44.080+0900] {dag.py:2907} INFO - Sync 1 DAGs
[2023-09-01T13:07:44.086+0900] {logging_mixin.py:151} INFO - [2023-09-01T13:07:44.086+0900] {dag.py:2929} INFO - Creating ORM DAG for example_params_ui_tutorial
[2023-09-01T13:07:44.086+0900] {logging_mixin.py:151} INFO - [2023-09-01T13:07:44.086+0900] {dag.py:3677} INFO - Setting next_dagrun for example_params_ui_tutorial to None, run_after=None
[2023-09-01T13:07:44.099+0900] {processor.py:179} INFO - Processing /usr/local/lib/python3.8/dist-packages/airflow/example_dags/example_params_ui_tutorial.py took 0.123 seconds
[2023-09-01T13:08:31.475+0900] {processor.py:157} INFO - Started process (PID=3001) to work on /usr/local/lib/python3.8/dist-packages/airflow/example_dags/example_params_ui_tutorial.py
[2023-09-01T13:08:31.476+0900] {processor.py:829} INFO - Processing file /usr/local/lib/python3.8/dist-packages/airflow/example_dags/example_params_ui_tutorial.py for tasks to queue
[2023-09-01T13:08:31.477+0900] {logging_mixin.py:151} INFO - [2023-09-01T13:08:31.476+0900] {dagbag.py:539} INFO - Filling up the DagBag from /usr/local/lib/python3.8/dist-packages/airflow/example_dags/example_params_ui_tutorial.py
[2023-09-01T13:08:31.498+0900] {processor.py:839} INFO - DAG(s) dict_keys(['example_params_ui_tutorial']) retrieved from /usr/local/lib/python3.8/dist-packages/airflow/example_dags/example_params_ui_tutorial.py
[2023-09-01T13:08:31.524+0900] {logging_mixin.py:151} INFO - [2023-09-01T13:08:31.524+0900] {dag.py:2907} INFO - Sync 1 DAGs
[2023-09-01T13:08:31.532+0900] {logging_mixin.py:151} INFO - [2023-09-01T13:08:31.532+0900] {dag.py:3677} INFO - Setting next_dagrun for example_params_ui_tutorial to None, run_after=None
[2023-09-01T13:08:31.546+0900] {processor.py:179} INFO - Processing /usr/local/lib/python3.8/dist-packages/airflow/example_dags/example_params_ui_tutorial.py took 0.073 seconds
[2023-09-01T13:09:19.616+0900] {processor.py:157} INFO - Started process (PID=4233) to work on /usr/local/lib/python3.8/dist-packages/airflow/example_dags/example_params_ui_tutorial.py
[2023-09-01T13:09:19.617+0900] {processor.py:829} INFO - Processing file /usr/local/lib/python3.8/dist-packages/airflow/example_dags/example_params_ui_tutorial.py for tasks to queue
[2023-09-01T13:09:19.619+0900] {logging_mixin.py:151} INFO - [2023-09-01T13:09:19.618+0900] {dagbag.py:539} INFO - Filling up the DagBag from /usr/local/lib/python3.8/dist-packages/airflow/example_dags/example_params_ui_tutorial.py
[2023-09-01T13:09:19.651+0900] {processor.py:839} INFO - DAG(s) dict_keys(['example_params_ui_tutorial']) retrieved from /usr/local/lib/python3.8/dist-packages/airflow/example_dags/example_params_ui_tutorial.py
[2023-09-01T13:09:19.675+0900] {logging_mixin.py:151} INFO - [2023-09-01T13:09:19.675+0900] {dag.py:2907} INFO - Sync 1 DAGs
[2023-09-01T13:09:19.680+0900] {logging_mixin.py:151} INFO - [2023-09-01T13:09:19.680+0900] {dag.py:3677} INFO - Setting next_dagrun for example_params_ui_tutorial to None, run_after=None
[2023-09-01T13:09:19.689+0900] {processor.py:179} INFO - Processing /usr/local/lib/python3.8/dist-packages/airflow/example_dags/example_params_ui_tutorial.py took 0.079 seconds
[2023-09-01T13:10:06.021+0900] {processor.py:157} INFO - Started process (PID=4667) to work on /usr/local/lib/python3.8/dist-packages/airflow/example_dags/example_params_ui_tutorial.py
[2023-09-01T13:10:06.022+0900] {processor.py:829} INFO - Processing file /usr/local/lib/python3.8/dist-packages/airflow/example_dags/example_params_ui_tutorial.py for tasks to queue
[2023-09-01T13:10:06.024+0900] {logging_mixin.py:151} INFO - [2023-09-01T13:10:06.023+0900] {dagbag.py:539} INFO - Filling up the DagBag from /usr/local/lib/python3.8/dist-packages/airflow/example_dags/example_params_ui_tutorial.py
[2023-09-01T13:10:06.052+0900] {processor.py:839} INFO - DAG(s) dict_keys(['example_params_ui_tutorial']) retrieved from /usr/local/lib/python3.8/dist-packages/airflow/example_dags/example_params_ui_tutorial.py
[2023-09-01T13:10:06.077+0900] {logging_mixin.py:151} INFO - [2023-09-01T13:10:06.077+0900] {dag.py:2907} INFO - Sync 1 DAGs
[2023-09-01T13:10:06.082+0900] {logging_mixin.py:151} INFO - [2023-09-01T13:10:06.082+0900] {dag.py:3677} INFO - Setting next_dagrun for example_params_ui_tutorial to None, run_after=None
[2023-09-01T13:10:06.092+0900] {processor.py:179} INFO - Processing /usr/local/lib/python3.8/dist-packages/airflow/example_dags/example_params_ui_tutorial.py took 0.077 seconds
[2023-09-01T13:10:53.473+0900] {processor.py:157} INFO - Started process (PID=5128) to work on /usr/local/lib/python3.8/dist-packages/airflow/example_dags/example_params_ui_tutorial.py
[2023-09-01T13:10:53.474+0900] {processor.py:829} INFO - Processing file /usr/local/lib/python3.8/dist-packages/airflow/example_dags/example_params_ui_tutorial.py for tasks to queue
[2023-09-01T13:10:53.476+0900] {logging_mixin.py:151} INFO - [2023-09-01T13:10:53.475+0900] {dagbag.py:539} INFO - Filling up the DagBag from /usr/local/lib/python3.8/dist-packages/airflow/example_dags/example_params_ui_tutorial.py
[2023-09-01T13:10:53.504+0900] {processor.py:839} INFO - DAG(s) dict_keys(['example_params_ui_tutorial']) retrieved from /usr/local/lib/python3.8/dist-packages/airflow/example_dags/example_params_ui_tutorial.py
[2023-09-01T13:10:53.528+0900] {logging_mixin.py:151} INFO - [2023-09-01T13:10:53.528+0900] {dag.py:2907} INFO - Sync 1 DAGs
[2023-09-01T13:10:53.533+0900] {logging_mixin.py:151} INFO - [2023-09-01T13:10:53.533+0900] {dag.py:3677} INFO - Setting next_dagrun for example_params_ui_tutorial to None, run_after=None
[2023-09-01T13:10:53.542+0900] {processor.py:179} INFO - Processing /usr/local/lib/python3.8/dist-packages/airflow/example_dags/example_params_ui_tutorial.py took 0.075 seconds
[2023-09-01T13:12:39.336+0900] {processor.py:157} INFO - Started process (PID=5676) to work on /usr/local/lib/python3.8/dist-packages/airflow/example_dags/example_params_ui_tutorial.py
[2023-09-01T13:12:39.338+0900] {processor.py:829} INFO - Processing file /usr/local/lib/python3.8/dist-packages/airflow/example_dags/example_params_ui_tutorial.py for tasks to queue
[2023-09-01T13:12:39.340+0900] {logging_mixin.py:151} INFO - [2023-09-01T13:12:39.339+0900] {dagbag.py:539} INFO - Filling up the DagBag from /usr/local/lib/python3.8/dist-packages/airflow/example_dags/example_params_ui_tutorial.py
[2023-09-01T13:12:39.364+0900] {processor.py:839} INFO - DAG(s) dict_keys(['example_params_ui_tutorial']) retrieved from /usr/local/lib/python3.8/dist-packages/airflow/example_dags/example_params_ui_tutorial.py
[2023-09-01T13:12:39.385+0900] {logging_mixin.py:151} INFO - [2023-09-01T13:12:39.385+0900] {dag.py:2907} INFO - Sync 1 DAGs
[2023-09-01T13:12:39.390+0900] {logging_mixin.py:151} INFO - [2023-09-01T13:12:39.390+0900] {dag.py:3677} INFO - Setting next_dagrun for example_params_ui_tutorial to None, run_after=None
[2023-09-01T13:12:39.400+0900] {processor.py:179} INFO - Processing /usr/local/lib/python3.8/dist-packages/airflow/example_dags/example_params_ui_tutorial.py took 0.070 seconds
[2023-09-01T13:13:29.533+0900] {processor.py:157} INFO - Started process (PID=6234) to work on /usr/local/lib/python3.8/dist-packages/airflow/example_dags/example_params_ui_tutorial.py
[2023-09-01T13:13:29.534+0900] {processor.py:829} INFO - Processing file /usr/local/lib/python3.8/dist-packages/airflow/example_dags/example_params_ui_tutorial.py for tasks to queue
[2023-09-01T13:13:29.536+0900] {logging_mixin.py:151} INFO - [2023-09-01T13:13:29.535+0900] {dagbag.py:539} INFO - Filling up the DagBag from /usr/local/lib/python3.8/dist-packages/airflow/example_dags/example_params_ui_tutorial.py
[2023-09-01T13:13:29.563+0900] {processor.py:839} INFO - DAG(s) dict_keys(['example_params_ui_tutorial']) retrieved from /usr/local/lib/python3.8/dist-packages/airflow/example_dags/example_params_ui_tutorial.py
[2023-09-01T13:13:29.586+0900] {logging_mixin.py:151} INFO - [2023-09-01T13:13:29.586+0900] {dag.py:2907} INFO - Sync 1 DAGs
[2023-09-01T13:13:29.591+0900] {logging_mixin.py:151} INFO - [2023-09-01T13:13:29.591+0900] {dag.py:3677} INFO - Setting next_dagrun for example_params_ui_tutorial to None, run_after=None
[2023-09-01T13:13:29.601+0900] {processor.py:179} INFO - Processing /usr/local/lib/python3.8/dist-packages/airflow/example_dags/example_params_ui_tutorial.py took 0.072 seconds
[2023-09-01T13:14:10.686+0900] {processor.py:157} INFO - Started process (PID=6631) to work on /usr/local/lib/python3.8/dist-packages/airflow/example_dags/example_params_ui_tutorial.py
[2023-09-01T13:14:10.687+0900] {processor.py:829} INFO - Processing file /usr/local/lib/python3.8/dist-packages/airflow/example_dags/example_params_ui_tutorial.py for tasks to queue
[2023-09-01T13:14:10.688+0900] {logging_mixin.py:151} INFO - [2023-09-01T13:14:10.687+0900] {dagbag.py:539} INFO - Filling up the DagBag from /usr/local/lib/python3.8/dist-packages/airflow/example_dags/example_params_ui_tutorial.py
[2023-09-01T13:14:10.706+0900] {processor.py:839} INFO - DAG(s) dict_keys(['example_params_ui_tutorial']) retrieved from /usr/local/lib/python3.8/dist-packages/airflow/example_dags/example_params_ui_tutorial.py
[2023-09-01T13:14:10.725+0900] {logging_mixin.py:151} INFO - [2023-09-01T13:14:10.725+0900] {dag.py:2907} INFO - Sync 1 DAGs
[2023-09-01T13:14:10.729+0900] {logging_mixin.py:151} INFO - [2023-09-01T13:14:10.729+0900] {dag.py:3677} INFO - Setting next_dagrun for example_params_ui_tutorial to None, run_after=None
[2023-09-01T13:14:10.740+0900] {processor.py:179} INFO - Processing /usr/local/lib/python3.8/dist-packages/airflow/example_dags/example_params_ui_tutorial.py took 0.056 seconds
[2023-09-01T13:14:56.341+0900] {processor.py:157} INFO - Started process (PID=7603) to work on /usr/local/lib/python3.8/dist-packages/airflow/example_dags/example_params_ui_tutorial.py
[2023-09-01T13:14:56.342+0900] {processor.py:829} INFO - Processing file /usr/local/lib/python3.8/dist-packages/airflow/example_dags/example_params_ui_tutorial.py for tasks to queue
[2023-09-01T13:14:56.344+0900] {logging_mixin.py:151} INFO - [2023-09-01T13:14:56.343+0900] {dagbag.py:539} INFO - Filling up the DagBag from /usr/local/lib/python3.8/dist-packages/airflow/example_dags/example_params_ui_tutorial.py
[2023-09-01T13:14:56.374+0900] {processor.py:839} INFO - DAG(s) dict_keys(['example_params_ui_tutorial']) retrieved from /usr/local/lib/python3.8/dist-packages/airflow/example_dags/example_params_ui_tutorial.py
[2023-09-01T13:14:56.398+0900] {logging_mixin.py:151} INFO - [2023-09-01T13:14:56.398+0900] {dag.py:2907} INFO - Sync 1 DAGs
[2023-09-01T13:14:56.404+0900] {logging_mixin.py:151} INFO - [2023-09-01T13:14:56.404+0900] {dag.py:3677} INFO - Setting next_dagrun for example_params_ui_tutorial to None, run_after=None
[2023-09-01T13:14:56.414+0900] {processor.py:179} INFO - Processing /usr/local/lib/python3.8/dist-packages/airflow/example_dags/example_params_ui_tutorial.py took 0.078 seconds
[2023-09-01T13:15:39.334+0900] {processor.py:157} INFO - Started process (PID=8095) to work on /usr/local/lib/python3.8/dist-packages/airflow/example_dags/example_params_ui_tutorial.py
[2023-09-01T13:15:39.336+0900] {processor.py:829} INFO - Processing file /usr/local/lib/python3.8/dist-packages/airflow/example_dags/example_params_ui_tutorial.py for tasks to queue
[2023-09-01T13:15:39.337+0900] {logging_mixin.py:151} INFO - [2023-09-01T13:15:39.336+0900] {dagbag.py:539} INFO - Filling up the DagBag from /usr/local/lib/python3.8/dist-packages/airflow/example_dags/example_params_ui_tutorial.py
[2023-09-01T13:15:39.366+0900] {processor.py:839} INFO - DAG(s) dict_keys(['example_params_ui_tutorial']) retrieved from /usr/local/lib/python3.8/dist-packages/airflow/example_dags/example_params_ui_tutorial.py
[2023-09-01T13:15:39.390+0900] {logging_mixin.py:151} INFO - [2023-09-01T13:15:39.390+0900] {dag.py:2907} INFO - Sync 1 DAGs
[2023-09-01T13:15:39.395+0900] {logging_mixin.py:151} INFO - [2023-09-01T13:15:39.395+0900] {dag.py:3677} INFO - Setting next_dagrun for example_params_ui_tutorial to None, run_after=None
[2023-09-01T13:15:39.404+0900] {processor.py:179} INFO - Processing /usr/local/lib/python3.8/dist-packages/airflow/example_dags/example_params_ui_tutorial.py took 0.072 seconds
[2023-09-01T13:16:27.807+0900] {processor.py:157} INFO - Started process (PID=8569) to work on /usr/local/lib/python3.8/dist-packages/airflow/example_dags/example_params_ui_tutorial.py
[2023-09-01T13:16:27.807+0900] {processor.py:829} INFO - Processing file /usr/local/lib/python3.8/dist-packages/airflow/example_dags/example_params_ui_tutorial.py for tasks to queue
[2023-09-01T13:16:27.808+0900] {logging_mixin.py:151} INFO - [2023-09-01T13:16:27.808+0900] {dagbag.py:539} INFO - Filling up the DagBag from /usr/local/lib/python3.8/dist-packages/airflow/example_dags/example_params_ui_tutorial.py
[2023-09-01T13:16:27.822+0900] {processor.py:839} INFO - DAG(s) dict_keys(['example_params_ui_tutorial']) retrieved from /usr/local/lib/python3.8/dist-packages/airflow/example_dags/example_params_ui_tutorial.py
[2023-09-01T13:16:27.841+0900] {logging_mixin.py:151} INFO - [2023-09-01T13:16:27.841+0900] {dag.py:2907} INFO - Sync 1 DAGs
[2023-09-01T13:16:27.846+0900] {logging_mixin.py:151} INFO - [2023-09-01T13:16:27.846+0900] {dag.py:3677} INFO - Setting next_dagrun for example_params_ui_tutorial to None, run_after=None
[2023-09-01T13:16:27.854+0900] {processor.py:179} INFO - Processing /usr/local/lib/python3.8/dist-packages/airflow/example_dags/example_params_ui_tutorial.py took 0.050 seconds
[2023-09-01T13:17:10.747+0900] {processor.py:157} INFO - Started process (PID=8982) to work on /usr/local/lib/python3.8/dist-packages/airflow/example_dags/example_params_ui_tutorial.py
[2023-09-01T13:17:10.749+0900] {processor.py:829} INFO - Processing file /usr/local/lib/python3.8/dist-packages/airflow/example_dags/example_params_ui_tutorial.py for tasks to queue
[2023-09-01T13:17:10.750+0900] {logging_mixin.py:151} INFO - [2023-09-01T13:17:10.749+0900] {dagbag.py:539} INFO - Filling up the DagBag from /usr/local/lib/python3.8/dist-packages/airflow/example_dags/example_params_ui_tutorial.py
[2023-09-01T13:17:10.777+0900] {processor.py:839} INFO - DAG(s) dict_keys(['example_params_ui_tutorial']) retrieved from /usr/local/lib/python3.8/dist-packages/airflow/example_dags/example_params_ui_tutorial.py
[2023-09-01T13:17:10.800+0900] {logging_mixin.py:151} INFO - [2023-09-01T13:17:10.800+0900] {dag.py:2907} INFO - Sync 1 DAGs
[2023-09-01T13:17:10.806+0900] {logging_mixin.py:151} INFO - [2023-09-01T13:17:10.805+0900] {dag.py:3677} INFO - Setting next_dagrun for example_params_ui_tutorial to None, run_after=None
[2023-09-01T13:17:10.815+0900] {processor.py:179} INFO - Processing /usr/local/lib/python3.8/dist-packages/airflow/example_dags/example_params_ui_tutorial.py took 0.073 seconds
[2023-09-01T13:17:58.687+0900] {processor.py:157} INFO - Started process (PID=9463) to work on /usr/local/lib/python3.8/dist-packages/airflow/example_dags/example_params_ui_tutorial.py
[2023-09-01T13:17:58.688+0900] {processor.py:829} INFO - Processing file /usr/local/lib/python3.8/dist-packages/airflow/example_dags/example_params_ui_tutorial.py for tasks to queue
[2023-09-01T13:17:58.689+0900] {logging_mixin.py:151} INFO - [2023-09-01T13:17:58.689+0900] {dagbag.py:539} INFO - Filling up the DagBag from /usr/local/lib/python3.8/dist-packages/airflow/example_dags/example_params_ui_tutorial.py
[2023-09-01T13:17:58.714+0900] {processor.py:839} INFO - DAG(s) dict_keys(['example_params_ui_tutorial']) retrieved from /usr/local/lib/python3.8/dist-packages/airflow/example_dags/example_params_ui_tutorial.py
[2023-09-01T13:17:58.736+0900] {logging_mixin.py:151} INFO - [2023-09-01T13:17:58.736+0900] {dag.py:2907} INFO - Sync 1 DAGs
[2023-09-01T13:17:58.747+0900] {logging_mixin.py:151} INFO - [2023-09-01T13:17:58.747+0900] {dag.py:3677} INFO - Setting next_dagrun for example_params_ui_tutorial to None, run_after=None
[2023-09-01T13:17:58.761+0900] {processor.py:179} INFO - Processing /usr/local/lib/python3.8/dist-packages/airflow/example_dags/example_params_ui_tutorial.py took 0.078 seconds
[2023-09-01T13:18:43.232+0900] {processor.py:157} INFO - Started process (PID=9922) to work on /usr/local/lib/python3.8/dist-packages/airflow/example_dags/example_params_ui_tutorial.py
[2023-09-01T13:18:43.234+0900] {processor.py:829} INFO - Processing file /usr/local/lib/python3.8/dist-packages/airflow/example_dags/example_params_ui_tutorial.py for tasks to queue
[2023-09-01T13:18:43.235+0900] {logging_mixin.py:151} INFO - [2023-09-01T13:18:43.234+0900] {dagbag.py:539} INFO - Filling up the DagBag from /usr/local/lib/python3.8/dist-packages/airflow/example_dags/example_params_ui_tutorial.py
[2023-09-01T13:18:43.264+0900] {processor.py:839} INFO - DAG(s) dict_keys(['example_params_ui_tutorial']) retrieved from /usr/local/lib/python3.8/dist-packages/airflow/example_dags/example_params_ui_tutorial.py
[2023-09-01T13:18:43.287+0900] {logging_mixin.py:151} INFO - [2023-09-01T13:18:43.287+0900] {dag.py:2907} INFO - Sync 1 DAGs
[2023-09-01T13:18:43.292+0900] {logging_mixin.py:151} INFO - [2023-09-01T13:18:43.292+0900] {dag.py:3677} INFO - Setting next_dagrun for example_params_ui_tutorial to None, run_after=None
[2023-09-01T13:18:43.301+0900] {processor.py:179} INFO - Processing /usr/local/lib/python3.8/dist-packages/airflow/example_dags/example_params_ui_tutorial.py took 0.074 seconds
[2023-09-01T13:19:28.417+0900] {processor.py:157} INFO - Started process (PID=10363) to work on /usr/local/lib/python3.8/dist-packages/airflow/example_dags/example_params_ui_tutorial.py
[2023-09-01T13:19:28.419+0900] {processor.py:829} INFO - Processing file /usr/local/lib/python3.8/dist-packages/airflow/example_dags/example_params_ui_tutorial.py for tasks to queue
[2023-09-01T13:19:28.420+0900] {logging_mixin.py:151} INFO - [2023-09-01T13:19:28.419+0900] {dagbag.py:539} INFO - Filling up the DagBag from /usr/local/lib/python3.8/dist-packages/airflow/example_dags/example_params_ui_tutorial.py
[2023-09-01T13:19:28.450+0900] {processor.py:839} INFO - DAG(s) dict_keys(['example_params_ui_tutorial']) retrieved from /usr/local/lib/python3.8/dist-packages/airflow/example_dags/example_params_ui_tutorial.py
[2023-09-01T13:19:28.473+0900] {logging_mixin.py:151} INFO - [2023-09-01T13:19:28.473+0900] {dag.py:2907} INFO - Sync 1 DAGs
[2023-09-01T13:19:28.478+0900] {logging_mixin.py:151} INFO - [2023-09-01T13:19:28.478+0900] {dag.py:3677} INFO - Setting next_dagrun for example_params_ui_tutorial to None, run_after=None
[2023-09-01T13:19:28.488+0900] {processor.py:179} INFO - Processing /usr/local/lib/python3.8/dist-packages/airflow/example_dags/example_params_ui_tutorial.py took 0.076 seconds
[2023-09-01T13:20:11.231+0900] {processor.py:157} INFO - Started process (PID=10779) to work on /usr/local/lib/python3.8/dist-packages/airflow/example_dags/example_params_ui_tutorial.py
[2023-09-01T13:20:11.232+0900] {processor.py:829} INFO - Processing file /usr/local/lib/python3.8/dist-packages/airflow/example_dags/example_params_ui_tutorial.py for tasks to queue
[2023-09-01T13:20:11.233+0900] {logging_mixin.py:151} INFO - [2023-09-01T13:20:11.232+0900] {dagbag.py:539} INFO - Filling up the DagBag from /usr/local/lib/python3.8/dist-packages/airflow/example_dags/example_params_ui_tutorial.py
[2023-09-01T13:20:11.248+0900] {processor.py:839} INFO - DAG(s) dict_keys(['example_params_ui_tutorial']) retrieved from /usr/local/lib/python3.8/dist-packages/airflow/example_dags/example_params_ui_tutorial.py
[2023-09-01T13:20:11.266+0900] {logging_mixin.py:151} INFO - [2023-09-01T13:20:11.266+0900] {dag.py:2907} INFO - Sync 1 DAGs
[2023-09-01T13:20:11.271+0900] {logging_mixin.py:151} INFO - [2023-09-01T13:20:11.271+0900] {dag.py:3677} INFO - Setting next_dagrun for example_params_ui_tutorial to None, run_after=None
[2023-09-01T13:20:11.280+0900] {processor.py:179} INFO - Processing /usr/local/lib/python3.8/dist-packages/airflow/example_dags/example_params_ui_tutorial.py took 0.050 seconds
[2023-09-01T13:20:55.834+0900] {processor.py:157} INFO - Started process (PID=11227) to work on /usr/local/lib/python3.8/dist-packages/airflow/example_dags/example_params_ui_tutorial.py
[2023-09-01T13:20:55.836+0900] {processor.py:829} INFO - Processing file /usr/local/lib/python3.8/dist-packages/airflow/example_dags/example_params_ui_tutorial.py for tasks to queue
[2023-09-01T13:20:55.838+0900] {logging_mixin.py:151} INFO - [2023-09-01T13:20:55.837+0900] {dagbag.py:539} INFO - Filling up the DagBag from /usr/local/lib/python3.8/dist-packages/airflow/example_dags/example_params_ui_tutorial.py
[2023-09-01T13:20:55.869+0900] {processor.py:839} INFO - DAG(s) dict_keys(['example_params_ui_tutorial']) retrieved from /usr/local/lib/python3.8/dist-packages/airflow/example_dags/example_params_ui_tutorial.py
[2023-09-01T13:20:55.892+0900] {logging_mixin.py:151} INFO - [2023-09-01T13:20:55.892+0900] {dag.py:2907} INFO - Sync 1 DAGs
[2023-09-01T13:20:55.897+0900] {logging_mixin.py:151} INFO - [2023-09-01T13:20:55.897+0900] {dag.py:3677} INFO - Setting next_dagrun for example_params_ui_tutorial to None, run_after=None
[2023-09-01T13:20:55.906+0900] {processor.py:179} INFO - Processing /usr/local/lib/python3.8/dist-packages/airflow/example_dags/example_params_ui_tutorial.py took 0.077 seconds
[2023-09-01T13:21:37.904+0900] {processor.py:157} INFO - Started process (PID=11559) to work on /usr/local/lib/python3.8/dist-packages/airflow/example_dags/example_params_ui_tutorial.py
[2023-09-01T13:21:37.905+0900] {processor.py:829} INFO - Processing file /usr/local/lib/python3.8/dist-packages/airflow/example_dags/example_params_ui_tutorial.py for tasks to queue
[2023-09-01T13:21:37.906+0900] {logging_mixin.py:151} INFO - [2023-09-01T13:21:37.906+0900] {dagbag.py:539} INFO - Filling up the DagBag from /usr/local/lib/python3.8/dist-packages/airflow/example_dags/example_params_ui_tutorial.py
[2023-09-01T13:21:37.932+0900] {processor.py:839} INFO - DAG(s) dict_keys(['example_params_ui_tutorial']) retrieved from /usr/local/lib/python3.8/dist-packages/airflow/example_dags/example_params_ui_tutorial.py
[2023-09-01T13:21:37.957+0900] {logging_mixin.py:151} INFO - [2023-09-01T13:21:37.957+0900] {dag.py:2907} INFO - Sync 1 DAGs
[2023-09-01T13:21:37.962+0900] {logging_mixin.py:151} INFO - [2023-09-01T13:21:37.962+0900] {dag.py:3677} INFO - Setting next_dagrun for example_params_ui_tutorial to None, run_after=None
[2023-09-01T13:21:37.973+0900] {processor.py:179} INFO - Processing /usr/local/lib/python3.8/dist-packages/airflow/example_dags/example_params_ui_tutorial.py took 0.073 seconds
[2023-09-01T13:22:22.223+0900] {processor.py:157} INFO - Started process (PID=11988) to work on /usr/local/lib/python3.8/dist-packages/airflow/example_dags/example_params_ui_tutorial.py
[2023-09-01T13:22:22.225+0900] {processor.py:829} INFO - Processing file /usr/local/lib/python3.8/dist-packages/airflow/example_dags/example_params_ui_tutorial.py for tasks to queue
[2023-09-01T13:22:22.226+0900] {logging_mixin.py:151} INFO - [2023-09-01T13:22:22.225+0900] {dagbag.py:539} INFO - Filling up the DagBag from /usr/local/lib/python3.8/dist-packages/airflow/example_dags/example_params_ui_tutorial.py
[2023-09-01T13:22:22.254+0900] {processor.py:839} INFO - DAG(s) dict_keys(['example_params_ui_tutorial']) retrieved from /usr/local/lib/python3.8/dist-packages/airflow/example_dags/example_params_ui_tutorial.py
[2023-09-01T13:22:22.278+0900] {logging_mixin.py:151} INFO - [2023-09-01T13:22:22.278+0900] {dag.py:2907} INFO - Sync 1 DAGs
[2023-09-01T13:22:22.283+0900] {logging_mixin.py:151} INFO - [2023-09-01T13:22:22.283+0900] {dag.py:3677} INFO - Setting next_dagrun for example_params_ui_tutorial to None, run_after=None
[2023-09-01T13:22:22.293+0900] {processor.py:179} INFO - Processing /usr/local/lib/python3.8/dist-packages/airflow/example_dags/example_params_ui_tutorial.py took 0.075 seconds
[2023-09-01T13:23:04.104+0900] {processor.py:157} INFO - Started process (PID=12389) to work on /usr/local/lib/python3.8/dist-packages/airflow/example_dags/example_params_ui_tutorial.py
[2023-09-01T13:23:04.105+0900] {processor.py:829} INFO - Processing file /usr/local/lib/python3.8/dist-packages/airflow/example_dags/example_params_ui_tutorial.py for tasks to queue
[2023-09-01T13:23:04.106+0900] {logging_mixin.py:151} INFO - [2023-09-01T13:23:04.105+0900] {dagbag.py:539} INFO - Filling up the DagBag from /usr/local/lib/python3.8/dist-packages/airflow/example_dags/example_params_ui_tutorial.py
[2023-09-01T13:23:04.121+0900] {processor.py:839} INFO - DAG(s) dict_keys(['example_params_ui_tutorial']) retrieved from /usr/local/lib/python3.8/dist-packages/airflow/example_dags/example_params_ui_tutorial.py
[2023-09-01T13:23:04.139+0900] {logging_mixin.py:151} INFO - [2023-09-01T13:23:04.139+0900] {dag.py:2907} INFO - Sync 1 DAGs
[2023-09-01T13:23:04.144+0900] {logging_mixin.py:151} INFO - [2023-09-01T13:23:04.144+0900] {dag.py:3677} INFO - Setting next_dagrun for example_params_ui_tutorial to None, run_after=None
[2023-09-01T13:23:04.153+0900] {processor.py:179} INFO - Processing /usr/local/lib/python3.8/dist-packages/airflow/example_dags/example_params_ui_tutorial.py took 0.051 seconds
[2023-09-01T13:23:45.364+0900] {processor.py:157} INFO - Started process (PID=12821) to work on /usr/local/lib/python3.8/dist-packages/airflow/example_dags/example_params_ui_tutorial.py
[2023-09-01T13:23:45.365+0900] {processor.py:829} INFO - Processing file /usr/local/lib/python3.8/dist-packages/airflow/example_dags/example_params_ui_tutorial.py for tasks to queue
[2023-09-01T13:23:45.367+0900] {logging_mixin.py:151} INFO - [2023-09-01T13:23:45.366+0900] {dagbag.py:539} INFO - Filling up the DagBag from /usr/local/lib/python3.8/dist-packages/airflow/example_dags/example_params_ui_tutorial.py
[2023-09-01T13:23:45.394+0900] {processor.py:839} INFO - DAG(s) dict_keys(['example_params_ui_tutorial']) retrieved from /usr/local/lib/python3.8/dist-packages/airflow/example_dags/example_params_ui_tutorial.py
[2023-09-01T13:23:45.417+0900] {logging_mixin.py:151} INFO - [2023-09-01T13:23:45.417+0900] {dag.py:2907} INFO - Sync 1 DAGs
[2023-09-01T13:23:45.422+0900] {logging_mixin.py:151} INFO - [2023-09-01T13:23:45.422+0900] {dag.py:3677} INFO - Setting next_dagrun for example_params_ui_tutorial to None, run_after=None
[2023-09-01T13:23:45.431+0900] {processor.py:179} INFO - Processing /usr/local/lib/python3.8/dist-packages/airflow/example_dags/example_params_ui_tutorial.py took 0.072 seconds
[2023-09-01T13:24:34.264+0900] {processor.py:157} INFO - Started process (PID=13298) to work on /usr/local/lib/python3.8/dist-packages/airflow/example_dags/example_params_ui_tutorial.py
[2023-09-01T13:24:34.265+0900] {processor.py:829} INFO - Processing file /usr/local/lib/python3.8/dist-packages/airflow/example_dags/example_params_ui_tutorial.py for tasks to queue
[2023-09-01T13:24:34.267+0900] {logging_mixin.py:151} INFO - [2023-09-01T13:24:34.266+0900] {dagbag.py:539} INFO - Filling up the DagBag from /usr/local/lib/python3.8/dist-packages/airflow/example_dags/example_params_ui_tutorial.py
[2023-09-01T13:24:34.297+0900] {processor.py:839} INFO - DAG(s) dict_keys(['example_params_ui_tutorial']) retrieved from /usr/local/lib/python3.8/dist-packages/airflow/example_dags/example_params_ui_tutorial.py
[2023-09-01T13:24:34.323+0900] {logging_mixin.py:151} INFO - [2023-09-01T13:24:34.323+0900] {dag.py:2907} INFO - Sync 1 DAGs
[2023-09-01T13:24:34.328+0900] {logging_mixin.py:151} INFO - [2023-09-01T13:24:34.328+0900] {dag.py:3677} INFO - Setting next_dagrun for example_params_ui_tutorial to None, run_after=None
[2023-09-01T13:24:34.337+0900] {processor.py:179} INFO - Processing /usr/local/lib/python3.8/dist-packages/airflow/example_dags/example_params_ui_tutorial.py took 0.079 seconds
[2023-09-01T13:26:09.143+0900] {processor.py:157} INFO - Started process (PID=14521) to work on /usr/local/lib/python3.8/dist-packages/airflow/example_dags/example_params_ui_tutorial.py
[2023-09-01T13:26:09.145+0900] {processor.py:829} INFO - Processing file /usr/local/lib/python3.8/dist-packages/airflow/example_dags/example_params_ui_tutorial.py for tasks to queue
[2023-09-01T13:26:09.146+0900] {logging_mixin.py:151} INFO - [2023-09-01T13:26:09.145+0900] {dagbag.py:539} INFO - Filling up the DagBag from /usr/local/lib/python3.8/dist-packages/airflow/example_dags/example_params_ui_tutorial.py
[2023-09-01T13:26:09.170+0900] {processor.py:839} INFO - DAG(s) dict_keys(['example_params_ui_tutorial']) retrieved from /usr/local/lib/python3.8/dist-packages/airflow/example_dags/example_params_ui_tutorial.py
[2023-09-01T13:26:09.191+0900] {logging_mixin.py:151} INFO - [2023-09-01T13:26:09.191+0900] {dag.py:2907} INFO - Sync 1 DAGs
[2023-09-01T13:26:09.197+0900] {logging_mixin.py:151} INFO - [2023-09-01T13:26:09.197+0900] {dag.py:3677} INFO - Setting next_dagrun for example_params_ui_tutorial to None, run_after=None
[2023-09-01T13:26:09.208+0900] {processor.py:179} INFO - Processing /usr/local/lib/python3.8/dist-packages/airflow/example_dags/example_params_ui_tutorial.py took 0.069 seconds
[2023-09-01T13:26:51.925+0900] {processor.py:157} INFO - Started process (PID=14937) to work on /usr/local/lib/python3.8/dist-packages/airflow/example_dags/example_params_ui_tutorial.py
[2023-09-01T13:26:51.927+0900] {processor.py:829} INFO - Processing file /usr/local/lib/python3.8/dist-packages/airflow/example_dags/example_params_ui_tutorial.py for tasks to queue
[2023-09-01T13:26:51.928+0900] {logging_mixin.py:151} INFO - [2023-09-01T13:26:51.927+0900] {dagbag.py:539} INFO - Filling up the DagBag from /usr/local/lib/python3.8/dist-packages/airflow/example_dags/example_params_ui_tutorial.py
[2023-09-01T13:26:51.958+0900] {processor.py:839} INFO - DAG(s) dict_keys(['example_params_ui_tutorial']) retrieved from /usr/local/lib/python3.8/dist-packages/airflow/example_dags/example_params_ui_tutorial.py
[2023-09-01T13:26:51.982+0900] {logging_mixin.py:151} INFO - [2023-09-01T13:26:51.982+0900] {dag.py:2907} INFO - Sync 1 DAGs
[2023-09-01T13:26:51.987+0900] {logging_mixin.py:151} INFO - [2023-09-01T13:26:51.987+0900] {dag.py:3677} INFO - Setting next_dagrun for example_params_ui_tutorial to None, run_after=None
[2023-09-01T13:26:51.997+0900] {processor.py:179} INFO - Processing /usr/local/lib/python3.8/dist-packages/airflow/example_dags/example_params_ui_tutorial.py took 0.076 seconds
[2023-09-01T13:27:36.553+0900] {processor.py:157} INFO - Started process (PID=15364) to work on /usr/local/lib/python3.8/dist-packages/airflow/example_dags/example_params_ui_tutorial.py
[2023-09-01T13:27:36.554+0900] {processor.py:829} INFO - Processing file /usr/local/lib/python3.8/dist-packages/airflow/example_dags/example_params_ui_tutorial.py for tasks to queue
[2023-09-01T13:27:36.556+0900] {logging_mixin.py:151} INFO - [2023-09-01T13:27:36.555+0900] {dagbag.py:539} INFO - Filling up the DagBag from /usr/local/lib/python3.8/dist-packages/airflow/example_dags/example_params_ui_tutorial.py
[2023-09-01T13:27:36.580+0900] {processor.py:839} INFO - DAG(s) dict_keys(['example_params_ui_tutorial']) retrieved from /usr/local/lib/python3.8/dist-packages/airflow/example_dags/example_params_ui_tutorial.py
[2023-09-01T13:27:36.603+0900] {logging_mixin.py:151} INFO - [2023-09-01T13:27:36.603+0900] {dag.py:2907} INFO - Sync 1 DAGs
[2023-09-01T13:27:36.608+0900] {logging_mixin.py:151} INFO - [2023-09-01T13:27:36.608+0900] {dag.py:3677} INFO - Setting next_dagrun for example_params_ui_tutorial to None, run_after=None
[2023-09-01T13:27:36.617+0900] {processor.py:179} INFO - Processing /usr/local/lib/python3.8/dist-packages/airflow/example_dags/example_params_ui_tutorial.py took 0.067 seconds
[2023-09-01T13:28:20.616+0900] {processor.py:157} INFO - Started process (PID=15796) to work on /usr/local/lib/python3.8/dist-packages/airflow/example_dags/example_params_ui_tutorial.py
[2023-09-01T13:28:20.618+0900] {processor.py:829} INFO - Processing file /usr/local/lib/python3.8/dist-packages/airflow/example_dags/example_params_ui_tutorial.py for tasks to queue
[2023-09-01T13:28:20.620+0900] {logging_mixin.py:151} INFO - [2023-09-01T13:28:20.619+0900] {dagbag.py:539} INFO - Filling up the DagBag from /usr/local/lib/python3.8/dist-packages/airflow/example_dags/example_params_ui_tutorial.py
[2023-09-01T13:28:20.646+0900] {processor.py:839} INFO - DAG(s) dict_keys(['example_params_ui_tutorial']) retrieved from /usr/local/lib/python3.8/dist-packages/airflow/example_dags/example_params_ui_tutorial.py
[2023-09-01T13:28:20.669+0900] {logging_mixin.py:151} INFO - [2023-09-01T13:28:20.669+0900] {dag.py:2907} INFO - Sync 1 DAGs
[2023-09-01T13:28:20.674+0900] {logging_mixin.py:151} INFO - [2023-09-01T13:28:20.674+0900] {dag.py:3677} INFO - Setting next_dagrun for example_params_ui_tutorial to None, run_after=None
[2023-09-01T13:28:20.684+0900] {processor.py:179} INFO - Processing /usr/local/lib/python3.8/dist-packages/airflow/example_dags/example_params_ui_tutorial.py took 0.072 seconds
[2023-09-01T13:29:06.988+0900] {processor.py:157} INFO - Started process (PID=16271) to work on /usr/local/lib/python3.8/dist-packages/airflow/example_dags/example_params_ui_tutorial.py
[2023-09-01T13:29:06.988+0900] {processor.py:829} INFO - Processing file /usr/local/lib/python3.8/dist-packages/airflow/example_dags/example_params_ui_tutorial.py for tasks to queue
[2023-09-01T13:29:06.989+0900] {logging_mixin.py:151} INFO - [2023-09-01T13:29:06.989+0900] {dagbag.py:539} INFO - Filling up the DagBag from /usr/local/lib/python3.8/dist-packages/airflow/example_dags/example_params_ui_tutorial.py
[2023-09-01T13:29:07.002+0900] {processor.py:839} INFO - DAG(s) dict_keys(['example_params_ui_tutorial']) retrieved from /usr/local/lib/python3.8/dist-packages/airflow/example_dags/example_params_ui_tutorial.py
[2023-09-01T13:29:07.020+0900] {logging_mixin.py:151} INFO - [2023-09-01T13:29:07.020+0900] {dag.py:2907} INFO - Sync 1 DAGs
[2023-09-01T13:29:07.025+0900] {logging_mixin.py:151} INFO - [2023-09-01T13:29:07.025+0900] {dag.py:3677} INFO - Setting next_dagrun for example_params_ui_tutorial to None, run_after=None
[2023-09-01T13:29:07.034+0900] {processor.py:179} INFO - Processing /usr/local/lib/python3.8/dist-packages/airflow/example_dags/example_params_ui_tutorial.py took 0.048 seconds
[2023-09-01T13:29:52.244+0900] {processor.py:157} INFO - Started process (PID=16700) to work on /usr/local/lib/python3.8/dist-packages/airflow/example_dags/example_params_ui_tutorial.py
[2023-09-01T13:29:52.245+0900] {processor.py:829} INFO - Processing file /usr/local/lib/python3.8/dist-packages/airflow/example_dags/example_params_ui_tutorial.py for tasks to queue
[2023-09-01T13:29:52.246+0900] {logging_mixin.py:151} INFO - [2023-09-01T13:29:52.246+0900] {dagbag.py:539} INFO - Filling up the DagBag from /usr/local/lib/python3.8/dist-packages/airflow/example_dags/example_params_ui_tutorial.py
[2023-09-01T13:29:52.266+0900] {processor.py:839} INFO - DAG(s) dict_keys(['example_params_ui_tutorial']) retrieved from /usr/local/lib/python3.8/dist-packages/airflow/example_dags/example_params_ui_tutorial.py
[2023-09-01T13:29:52.287+0900] {logging_mixin.py:151} INFO - [2023-09-01T13:29:52.286+0900] {dag.py:2907} INFO - Sync 1 DAGs
[2023-09-01T13:29:52.291+0900] {logging_mixin.py:151} INFO - [2023-09-01T13:29:52.291+0900] {dag.py:3677} INFO - Setting next_dagrun for example_params_ui_tutorial to None, run_after=None
[2023-09-01T13:29:52.301+0900] {processor.py:179} INFO - Processing /usr/local/lib/python3.8/dist-packages/airflow/example_dags/example_params_ui_tutorial.py took 0.059 seconds
[2023-09-01T13:30:39.611+0900] {processor.py:157} INFO - Started process (PID=17158) to work on /usr/local/lib/python3.8/dist-packages/airflow/example_dags/example_params_ui_tutorial.py
[2023-09-01T13:30:39.612+0900] {processor.py:829} INFO - Processing file /usr/local/lib/python3.8/dist-packages/airflow/example_dags/example_params_ui_tutorial.py for tasks to queue
[2023-09-01T13:30:39.614+0900] {logging_mixin.py:151} INFO - [2023-09-01T13:30:39.613+0900] {dagbag.py:539} INFO - Filling up the DagBag from /usr/local/lib/python3.8/dist-packages/airflow/example_dags/example_params_ui_tutorial.py
[2023-09-01T13:30:39.641+0900] {processor.py:839} INFO - DAG(s) dict_keys(['example_params_ui_tutorial']) retrieved from /usr/local/lib/python3.8/dist-packages/airflow/example_dags/example_params_ui_tutorial.py
[2023-09-01T13:30:39.664+0900] {logging_mixin.py:151} INFO - [2023-09-01T13:30:39.664+0900] {dag.py:2907} INFO - Sync 1 DAGs
[2023-09-01T13:30:39.670+0900] {logging_mixin.py:151} INFO - [2023-09-01T13:30:39.669+0900] {dag.py:3677} INFO - Setting next_dagrun for example_params_ui_tutorial to None, run_after=None
[2023-09-01T13:30:39.679+0900] {processor.py:179} INFO - Processing /usr/local/lib/python3.8/dist-packages/airflow/example_dags/example_params_ui_tutorial.py took 0.072 seconds
[2023-09-01T13:31:23.655+0900] {processor.py:157} INFO - Started process (PID=17590) to work on /usr/local/lib/python3.8/dist-packages/airflow/example_dags/example_params_ui_tutorial.py
[2023-09-01T13:31:23.656+0900] {processor.py:829} INFO - Processing file /usr/local/lib/python3.8/dist-packages/airflow/example_dags/example_params_ui_tutorial.py for tasks to queue
[2023-09-01T13:31:23.657+0900] {logging_mixin.py:151} INFO - [2023-09-01T13:31:23.657+0900] {dagbag.py:539} INFO - Filling up the DagBag from /usr/local/lib/python3.8/dist-packages/airflow/example_dags/example_params_ui_tutorial.py
[2023-09-01T13:31:23.684+0900] {processor.py:839} INFO - DAG(s) dict_keys(['example_params_ui_tutorial']) retrieved from /usr/local/lib/python3.8/dist-packages/airflow/example_dags/example_params_ui_tutorial.py
[2023-09-01T13:31:23.708+0900] {logging_mixin.py:151} INFO - [2023-09-01T13:31:23.708+0900] {dag.py:2907} INFO - Sync 1 DAGs
[2023-09-01T13:31:23.713+0900] {logging_mixin.py:151} INFO - [2023-09-01T13:31:23.713+0900] {dag.py:3677} INFO - Setting next_dagrun for example_params_ui_tutorial to None, run_after=None
[2023-09-01T13:31:23.722+0900] {processor.py:179} INFO - Processing /usr/local/lib/python3.8/dist-packages/airflow/example_dags/example_params_ui_tutorial.py took 0.071 seconds
[2023-09-01T13:32:08.272+0900] {processor.py:157} INFO - Started process (PID=18023) to work on /usr/local/lib/python3.8/dist-packages/airflow/example_dags/example_params_ui_tutorial.py
[2023-09-01T13:32:08.274+0900] {processor.py:829} INFO - Processing file /usr/local/lib/python3.8/dist-packages/airflow/example_dags/example_params_ui_tutorial.py for tasks to queue
[2023-09-01T13:32:08.275+0900] {logging_mixin.py:151} INFO - [2023-09-01T13:32:08.274+0900] {dagbag.py:539} INFO - Filling up the DagBag from /usr/local/lib/python3.8/dist-packages/airflow/example_dags/example_params_ui_tutorial.py
[2023-09-01T13:32:08.303+0900] {processor.py:839} INFO - DAG(s) dict_keys(['example_params_ui_tutorial']) retrieved from /usr/local/lib/python3.8/dist-packages/airflow/example_dags/example_params_ui_tutorial.py
[2023-09-01T13:32:08.327+0900] {logging_mixin.py:151} INFO - [2023-09-01T13:32:08.327+0900] {dag.py:2907} INFO - Sync 1 DAGs
[2023-09-01T13:32:08.333+0900] {logging_mixin.py:151} INFO - [2023-09-01T13:32:08.333+0900] {dag.py:3677} INFO - Setting next_dagrun for example_params_ui_tutorial to None, run_after=None
[2023-09-01T13:32:08.342+0900] {processor.py:179} INFO - Processing /usr/local/lib/python3.8/dist-packages/airflow/example_dags/example_params_ui_tutorial.py took 0.073 seconds
[2023-09-01T13:32:53.319+0900] {processor.py:157} INFO - Started process (PID=18450) to work on /usr/local/lib/python3.8/dist-packages/airflow/example_dags/example_params_ui_tutorial.py
[2023-09-01T13:32:53.320+0900] {processor.py:829} INFO - Processing file /usr/local/lib/python3.8/dist-packages/airflow/example_dags/example_params_ui_tutorial.py for tasks to queue
[2023-09-01T13:32:53.322+0900] {logging_mixin.py:151} INFO - [2023-09-01T13:32:53.321+0900] {dagbag.py:539} INFO - Filling up the DagBag from /usr/local/lib/python3.8/dist-packages/airflow/example_dags/example_params_ui_tutorial.py
[2023-09-01T13:32:53.357+0900] {processor.py:839} INFO - DAG(s) dict_keys(['example_params_ui_tutorial']) retrieved from /usr/local/lib/python3.8/dist-packages/airflow/example_dags/example_params_ui_tutorial.py
[2023-09-01T13:32:53.382+0900] {logging_mixin.py:151} INFO - [2023-09-01T13:32:53.381+0900] {dag.py:2907} INFO - Sync 1 DAGs
[2023-09-01T13:32:53.387+0900] {logging_mixin.py:151} INFO - [2023-09-01T13:32:53.387+0900] {dag.py:3677} INFO - Setting next_dagrun for example_params_ui_tutorial to None, run_after=None
[2023-09-01T13:32:53.398+0900] {processor.py:179} INFO - Processing /usr/local/lib/python3.8/dist-packages/airflow/example_dags/example_params_ui_tutorial.py took 0.083 seconds
[2023-09-01T13:33:40.767+0900] {processor.py:157} INFO - Started process (PID=18908) to work on /usr/local/lib/python3.8/dist-packages/airflow/example_dags/example_params_ui_tutorial.py
[2023-09-01T13:33:40.768+0900] {processor.py:829} INFO - Processing file /usr/local/lib/python3.8/dist-packages/airflow/example_dags/example_params_ui_tutorial.py for tasks to queue
[2023-09-01T13:33:40.770+0900] {logging_mixin.py:151} INFO - [2023-09-01T13:33:40.769+0900] {dagbag.py:539} INFO - Filling up the DagBag from /usr/local/lib/python3.8/dist-packages/airflow/example_dags/example_params_ui_tutorial.py
[2023-09-01T13:33:40.797+0900] {processor.py:839} INFO - DAG(s) dict_keys(['example_params_ui_tutorial']) retrieved from /usr/local/lib/python3.8/dist-packages/airflow/example_dags/example_params_ui_tutorial.py
[2023-09-01T13:33:40.822+0900] {logging_mixin.py:151} INFO - [2023-09-01T13:33:40.821+0900] {dag.py:2907} INFO - Sync 1 DAGs
[2023-09-01T13:33:40.827+0900] {logging_mixin.py:151} INFO - [2023-09-01T13:33:40.827+0900] {dag.py:3677} INFO - Setting next_dagrun for example_params_ui_tutorial to None, run_after=None
[2023-09-01T13:33:40.837+0900] {processor.py:179} INFO - Processing /usr/local/lib/python3.8/dist-packages/airflow/example_dags/example_params_ui_tutorial.py took 0.075 seconds
[2023-09-01T13:34:23.433+0900] {processor.py:157} INFO - Started process (PID=19358) to work on /usr/local/lib/python3.8/dist-packages/airflow/example_dags/example_params_ui_tutorial.py
[2023-09-01T13:34:23.434+0900] {processor.py:829} INFO - Processing file /usr/local/lib/python3.8/dist-packages/airflow/example_dags/example_params_ui_tutorial.py for tasks to queue
[2023-09-01T13:34:23.436+0900] {logging_mixin.py:151} INFO - [2023-09-01T13:34:23.435+0900] {dagbag.py:539} INFO - Filling up the DagBag from /usr/local/lib/python3.8/dist-packages/airflow/example_dags/example_params_ui_tutorial.py
[2023-09-01T13:34:23.466+0900] {processor.py:839} INFO - DAG(s) dict_keys(['example_params_ui_tutorial']) retrieved from /usr/local/lib/python3.8/dist-packages/airflow/example_dags/example_params_ui_tutorial.py
[2023-09-01T13:34:23.490+0900] {logging_mixin.py:151} INFO - [2023-09-01T13:34:23.490+0900] {dag.py:2907} INFO - Sync 1 DAGs
[2023-09-01T13:34:23.495+0900] {logging_mixin.py:151} INFO - [2023-09-01T13:34:23.495+0900] {dag.py:3677} INFO - Setting next_dagrun for example_params_ui_tutorial to None, run_after=None
[2023-09-01T13:34:23.504+0900] {processor.py:179} INFO - Processing /usr/local/lib/python3.8/dist-packages/airflow/example_dags/example_params_ui_tutorial.py took 0.076 seconds
[2023-09-01T13:35:08.621+0900] {processor.py:157} INFO - Started process (PID=19797) to work on /usr/local/lib/python3.8/dist-packages/airflow/example_dags/example_params_ui_tutorial.py
[2023-09-01T13:35:08.622+0900] {processor.py:829} INFO - Processing file /usr/local/lib/python3.8/dist-packages/airflow/example_dags/example_params_ui_tutorial.py for tasks to queue
[2023-09-01T13:35:08.624+0900] {logging_mixin.py:151} INFO - [2023-09-01T13:35:08.623+0900] {dagbag.py:539} INFO - Filling up the DagBag from /usr/local/lib/python3.8/dist-packages/airflow/example_dags/example_params_ui_tutorial.py
[2023-09-01T13:35:08.653+0900] {processor.py:839} INFO - DAG(s) dict_keys(['example_params_ui_tutorial']) retrieved from /usr/local/lib/python3.8/dist-packages/airflow/example_dags/example_params_ui_tutorial.py
[2023-09-01T13:35:08.677+0900] {logging_mixin.py:151} INFO - [2023-09-01T13:35:08.677+0900] {dag.py:2907} INFO - Sync 1 DAGs
[2023-09-01T13:35:08.682+0900] {logging_mixin.py:151} INFO - [2023-09-01T13:35:08.682+0900] {dag.py:3677} INFO - Setting next_dagrun for example_params_ui_tutorial to None, run_after=None
[2023-09-01T13:35:08.693+0900] {processor.py:179} INFO - Processing /usr/local/lib/python3.8/dist-packages/airflow/example_dags/example_params_ui_tutorial.py took 0.077 seconds
[2023-09-01T13:35:50.663+0900] {processor.py:157} INFO - Started process (PID=20194) to work on /usr/local/lib/python3.8/dist-packages/airflow/example_dags/example_params_ui_tutorial.py
[2023-09-01T13:35:50.664+0900] {processor.py:829} INFO - Processing file /usr/local/lib/python3.8/dist-packages/airflow/example_dags/example_params_ui_tutorial.py for tasks to queue
[2023-09-01T13:35:50.666+0900] {logging_mixin.py:151} INFO - [2023-09-01T13:35:50.665+0900] {dagbag.py:539} INFO - Filling up the DagBag from /usr/local/lib/python3.8/dist-packages/airflow/example_dags/example_params_ui_tutorial.py
[2023-09-01T13:35:50.695+0900] {processor.py:839} INFO - DAG(s) dict_keys(['example_params_ui_tutorial']) retrieved from /usr/local/lib/python3.8/dist-packages/airflow/example_dags/example_params_ui_tutorial.py
[2023-09-01T13:35:50.717+0900] {logging_mixin.py:151} INFO - [2023-09-01T13:35:50.717+0900] {dag.py:2907} INFO - Sync 1 DAGs
[2023-09-01T13:35:50.722+0900] {logging_mixin.py:151} INFO - [2023-09-01T13:35:50.722+0900] {dag.py:3677} INFO - Setting next_dagrun for example_params_ui_tutorial to None, run_after=None
[2023-09-01T13:35:50.732+0900] {processor.py:179} INFO - Processing /usr/local/lib/python3.8/dist-packages/airflow/example_dags/example_params_ui_tutorial.py took 0.073 seconds
[2023-09-01T13:36:41.008+0900] {processor.py:157} INFO - Started process (PID=20678) to work on /usr/local/lib/python3.8/dist-packages/airflow/example_dags/example_params_ui_tutorial.py
[2023-09-01T13:36:41.009+0900] {processor.py:829} INFO - Processing file /usr/local/lib/python3.8/dist-packages/airflow/example_dags/example_params_ui_tutorial.py for tasks to queue
[2023-09-01T13:36:41.011+0900] {logging_mixin.py:151} INFO - [2023-09-01T13:36:41.010+0900] {dagbag.py:539} INFO - Filling up the DagBag from /usr/local/lib/python3.8/dist-packages/airflow/example_dags/example_params_ui_tutorial.py
[2023-09-01T13:36:41.040+0900] {processor.py:839} INFO - DAG(s) dict_keys(['example_params_ui_tutorial']) retrieved from /usr/local/lib/python3.8/dist-packages/airflow/example_dags/example_params_ui_tutorial.py
[2023-09-01T13:36:41.064+0900] {logging_mixin.py:151} INFO - [2023-09-01T13:36:41.064+0900] {dag.py:2907} INFO - Sync 1 DAGs
[2023-09-01T13:36:41.069+0900] {logging_mixin.py:151} INFO - [2023-09-01T13:36:41.069+0900] {dag.py:3677} INFO - Setting next_dagrun for example_params_ui_tutorial to None, run_after=None
[2023-09-01T13:36:41.078+0900] {processor.py:179} INFO - Processing /usr/local/lib/python3.8/dist-packages/airflow/example_dags/example_params_ui_tutorial.py took 0.076 seconds
[2023-09-01T13:37:25.545+0900] {processor.py:157} INFO - Started process (PID=21115) to work on /usr/local/lib/python3.8/dist-packages/airflow/example_dags/example_params_ui_tutorial.py
[2023-09-01T13:37:25.546+0900] {processor.py:829} INFO - Processing file /usr/local/lib/python3.8/dist-packages/airflow/example_dags/example_params_ui_tutorial.py for tasks to queue
[2023-09-01T13:37:25.547+0900] {logging_mixin.py:151} INFO - [2023-09-01T13:37:25.547+0900] {dagbag.py:539} INFO - Filling up the DagBag from /usr/local/lib/python3.8/dist-packages/airflow/example_dags/example_params_ui_tutorial.py
[2023-09-01T13:37:25.574+0900] {processor.py:839} INFO - DAG(s) dict_keys(['example_params_ui_tutorial']) retrieved from /usr/local/lib/python3.8/dist-packages/airflow/example_dags/example_params_ui_tutorial.py
[2023-09-01T13:37:25.597+0900] {logging_mixin.py:151} INFO - [2023-09-01T13:37:25.597+0900] {dag.py:2907} INFO - Sync 1 DAGs
[2023-09-01T13:37:25.602+0900] {logging_mixin.py:151} INFO - [2023-09-01T13:37:25.602+0900] {dag.py:3677} INFO - Setting next_dagrun for example_params_ui_tutorial to None, run_after=None
[2023-09-01T13:37:25.612+0900] {processor.py:179} INFO - Processing /usr/local/lib/python3.8/dist-packages/airflow/example_dags/example_params_ui_tutorial.py took 0.072 seconds
[2023-09-01T13:38:12.338+0900] {processor.py:157} INFO - Started process (PID=21569) to work on /usr/local/lib/python3.8/dist-packages/airflow/example_dags/example_params_ui_tutorial.py
[2023-09-01T13:38:12.340+0900] {processor.py:829} INFO - Processing file /usr/local/lib/python3.8/dist-packages/airflow/example_dags/example_params_ui_tutorial.py for tasks to queue
[2023-09-01T13:38:12.343+0900] {logging_mixin.py:151} INFO - [2023-09-01T13:38:12.341+0900] {dagbag.py:539} INFO - Filling up the DagBag from /usr/local/lib/python3.8/dist-packages/airflow/example_dags/example_params_ui_tutorial.py
[2023-09-01T13:38:12.375+0900] {processor.py:839} INFO - DAG(s) dict_keys(['example_params_ui_tutorial']) retrieved from /usr/local/lib/python3.8/dist-packages/airflow/example_dags/example_params_ui_tutorial.py
[2023-09-01T13:38:12.401+0900] {logging_mixin.py:151} INFO - [2023-09-01T13:38:12.401+0900] {dag.py:2907} INFO - Sync 1 DAGs
[2023-09-01T13:38:12.406+0900] {logging_mixin.py:151} INFO - [2023-09-01T13:38:12.406+0900] {dag.py:3677} INFO - Setting next_dagrun for example_params_ui_tutorial to None, run_after=None
[2023-09-01T13:38:12.416+0900] {processor.py:179} INFO - Processing /usr/local/lib/python3.8/dist-packages/airflow/example_dags/example_params_ui_tutorial.py took 0.083 seconds
[2023-09-01T13:38:55.681+0900] {processor.py:157} INFO - Started process (PID=22009) to work on /usr/local/lib/python3.8/dist-packages/airflow/example_dags/example_params_ui_tutorial.py
[2023-09-01T13:38:55.682+0900] {processor.py:829} INFO - Processing file /usr/local/lib/python3.8/dist-packages/airflow/example_dags/example_params_ui_tutorial.py for tasks to queue
[2023-09-01T13:38:55.684+0900] {logging_mixin.py:151} INFO - [2023-09-01T13:38:55.683+0900] {dagbag.py:539} INFO - Filling up the DagBag from /usr/local/lib/python3.8/dist-packages/airflow/example_dags/example_params_ui_tutorial.py
[2023-09-01T13:38:55.710+0900] {processor.py:839} INFO - DAG(s) dict_keys(['example_params_ui_tutorial']) retrieved from /usr/local/lib/python3.8/dist-packages/airflow/example_dags/example_params_ui_tutorial.py
[2023-09-01T13:38:55.738+0900] {logging_mixin.py:151} INFO - [2023-09-01T13:38:55.737+0900] {dag.py:2907} INFO - Sync 1 DAGs
[2023-09-01T13:38:55.745+0900] {logging_mixin.py:151} INFO - [2023-09-01T13:38:55.745+0900] {dag.py:3677} INFO - Setting next_dagrun for example_params_ui_tutorial to None, run_after=None
[2023-09-01T13:38:55.758+0900] {processor.py:179} INFO - Processing /usr/local/lib/python3.8/dist-packages/airflow/example_dags/example_params_ui_tutorial.py took 0.081 seconds
