[2023-09-01T13:07:50.093+0900] {processor.py:157} INFO - Started process (PID=2139) to work on /usr/local/lib/python3.8/dist-packages/airflow/example_dags/example_kubernetes_executor.py
[2023-09-01T13:07:50.094+0900] {processor.py:829} INFO - Processing file /usr/local/lib/python3.8/dist-packages/airflow/example_dags/example_kubernetes_executor.py for tasks to queue
[2023-09-01T13:07:50.095+0900] {logging_mixin.py:151} INFO - [2023-09-01T13:07:50.095+0900] {dagbag.py:539} INFO - Filling up the DagBag from /usr/local/lib/python3.8/dist-packages/airflow/example_dags/example_kubernetes_executor.py
[2023-09-01T13:07:50.100+0900] {logging_mixin.py:151} INFO - [2023-09-01T13:07:50.100+0900] {example_kubernetes_executor.py:38} WARNING - The example_kubernetes_executor example DAG requires the kubernetes provider. Please install it with: pip install apache-airflow[cncf.kubernetes]
[2023-09-01T13:07:50.100+0900] {processor.py:841} WARNING - No viable dags retrieved from /usr/local/lib/python3.8/dist-packages/airflow/example_dags/example_kubernetes_executor.py
[2023-09-01T13:07:50.110+0900] {processor.py:179} INFO - Processing /usr/local/lib/python3.8/dist-packages/airflow/example_dags/example_kubernetes_executor.py took 0.022 seconds
[2023-09-01T13:08:38.743+0900] {processor.py:157} INFO - Started process (PID=3611) to work on /usr/local/lib/python3.8/dist-packages/airflow/example_dags/example_kubernetes_executor.py
[2023-09-01T13:08:38.744+0900] {processor.py:829} INFO - Processing file /usr/local/lib/python3.8/dist-packages/airflow/example_dags/example_kubernetes_executor.py for tasks to queue
[2023-09-01T13:08:38.746+0900] {logging_mixin.py:151} INFO - [2023-09-01T13:08:38.745+0900] {dagbag.py:539} INFO - Filling up the DagBag from /usr/local/lib/python3.8/dist-packages/airflow/example_dags/example_kubernetes_executor.py
[2023-09-01T13:08:38.752+0900] {logging_mixin.py:151} INFO - [2023-09-01T13:08:38.752+0900] {example_kubernetes_executor.py:38} WARNING - The example_kubernetes_executor example DAG requires the kubernetes provider. Please install it with: pip install apache-airflow[cncf.kubernetes]
[2023-09-01T13:08:38.752+0900] {processor.py:841} WARNING - No viable dags retrieved from /usr/local/lib/python3.8/dist-packages/airflow/example_dags/example_kubernetes_executor.py
[2023-09-01T13:08:38.761+0900] {processor.py:179} INFO - Processing /usr/local/lib/python3.8/dist-packages/airflow/example_dags/example_kubernetes_executor.py took 0.023 seconds
[2023-09-01T13:09:32.436+0900] {processor.py:157} INFO - Started process (PID=4351) to work on /usr/local/lib/python3.8/dist-packages/airflow/example_dags/example_kubernetes_executor.py
[2023-09-01T13:09:32.437+0900] {processor.py:829} INFO - Processing file /usr/local/lib/python3.8/dist-packages/airflow/example_dags/example_kubernetes_executor.py for tasks to queue
[2023-09-01T13:09:32.438+0900] {logging_mixin.py:151} INFO - [2023-09-01T13:09:32.437+0900] {dagbag.py:539} INFO - Filling up the DagBag from /usr/local/lib/python3.8/dist-packages/airflow/example_dags/example_kubernetes_executor.py
[2023-09-01T13:09:32.440+0900] {logging_mixin.py:151} INFO - [2023-09-01T13:09:32.440+0900] {example_kubernetes_executor.py:38} WARNING - The example_kubernetes_executor example DAG requires the kubernetes provider. Please install it with: pip install apache-airflow[cncf.kubernetes]
[2023-09-01T13:09:32.440+0900] {processor.py:841} WARNING - No viable dags retrieved from /usr/local/lib/python3.8/dist-packages/airflow/example_dags/example_kubernetes_executor.py
[2023-09-01T13:09:32.446+0900] {processor.py:179} INFO - Processing /usr/local/lib/python3.8/dist-packages/airflow/example_dags/example_kubernetes_executor.py took 0.011 seconds
[2023-09-01T13:10:20.098+0900] {processor.py:157} INFO - Started process (PID=4813) to work on /usr/local/lib/python3.8/dist-packages/airflow/example_dags/example_kubernetes_executor.py
[2023-09-01T13:10:20.100+0900] {processor.py:829} INFO - Processing file /usr/local/lib/python3.8/dist-packages/airflow/example_dags/example_kubernetes_executor.py for tasks to queue
[2023-09-01T13:10:20.102+0900] {logging_mixin.py:151} INFO - [2023-09-01T13:10:20.101+0900] {dagbag.py:539} INFO - Filling up the DagBag from /usr/local/lib/python3.8/dist-packages/airflow/example_dags/example_kubernetes_executor.py
[2023-09-01T13:10:20.106+0900] {logging_mixin.py:151} INFO - [2023-09-01T13:10:20.106+0900] {example_kubernetes_executor.py:38} WARNING - The example_kubernetes_executor example DAG requires the kubernetes provider. Please install it with: pip install apache-airflow[cncf.kubernetes]
[2023-09-01T13:10:20.106+0900] {processor.py:841} WARNING - No viable dags retrieved from /usr/local/lib/python3.8/dist-packages/airflow/example_dags/example_kubernetes_executor.py
[2023-09-01T13:10:20.117+0900] {processor.py:179} INFO - Processing /usr/local/lib/python3.8/dist-packages/airflow/example_dags/example_kubernetes_executor.py took 0.024 seconds
[2023-09-01T13:11:06.756+0900] {processor.py:157} INFO - Started process (PID=5256) to work on /usr/local/lib/python3.8/dist-packages/airflow/example_dags/example_kubernetes_executor.py
[2023-09-01T13:11:06.758+0900] {processor.py:829} INFO - Processing file /usr/local/lib/python3.8/dist-packages/airflow/example_dags/example_kubernetes_executor.py for tasks to queue
[2023-09-01T13:11:06.759+0900] {logging_mixin.py:151} INFO - [2023-09-01T13:11:06.758+0900] {dagbag.py:539} INFO - Filling up the DagBag from /usr/local/lib/python3.8/dist-packages/airflow/example_dags/example_kubernetes_executor.py
[2023-09-01T13:11:06.764+0900] {logging_mixin.py:151} INFO - [2023-09-01T13:11:06.764+0900] {example_kubernetes_executor.py:38} WARNING - The example_kubernetes_executor example DAG requires the kubernetes provider. Please install it with: pip install apache-airflow[cncf.kubernetes]
[2023-09-01T13:11:06.765+0900] {processor.py:841} WARNING - No viable dags retrieved from /usr/local/lib/python3.8/dist-packages/airflow/example_dags/example_kubernetes_executor.py
[2023-09-01T13:11:06.777+0900] {processor.py:179} INFO - Processing /usr/local/lib/python3.8/dist-packages/airflow/example_dags/example_kubernetes_executor.py took 0.027 seconds
[2023-09-01T13:13:05.402+0900] {processor.py:157} INFO - Started process (PID=5959) to work on /usr/local/lib/python3.8/dist-packages/airflow/example_dags/example_kubernetes_executor.py
[2023-09-01T13:13:05.404+0900] {processor.py:829} INFO - Processing file /usr/local/lib/python3.8/dist-packages/airflow/example_dags/example_kubernetes_executor.py for tasks to queue
[2023-09-01T13:13:05.406+0900] {logging_mixin.py:151} INFO - [2023-09-01T13:13:05.405+0900] {dagbag.py:539} INFO - Filling up the DagBag from /usr/local/lib/python3.8/dist-packages/airflow/example_dags/example_kubernetes_executor.py
[2023-09-01T13:13:05.409+0900] {logging_mixin.py:151} INFO - [2023-09-01T13:13:05.409+0900] {example_kubernetes_executor.py:38} WARNING - The example_kubernetes_executor example DAG requires the kubernetes provider. Please install it with: pip install apache-airflow[cncf.kubernetes]
[2023-09-01T13:13:05.410+0900] {processor.py:841} WARNING - No viable dags retrieved from /usr/local/lib/python3.8/dist-packages/airflow/example_dags/example_kubernetes_executor.py
[2023-09-01T13:13:05.419+0900] {processor.py:179} INFO - Processing /usr/local/lib/python3.8/dist-packages/airflow/example_dags/example_kubernetes_executor.py took 0.022 seconds
[2023-09-01T13:13:49.259+0900] {processor.py:157} INFO - Started process (PID=6420) to work on /usr/local/lib/python3.8/dist-packages/airflow/example_dags/example_kubernetes_executor.py
[2023-09-01T13:13:49.260+0900] {processor.py:829} INFO - Processing file /usr/local/lib/python3.8/dist-packages/airflow/example_dags/example_kubernetes_executor.py for tasks to queue
[2023-09-01T13:13:49.260+0900] {logging_mixin.py:151} INFO - [2023-09-01T13:13:49.260+0900] {dagbag.py:539} INFO - Filling up the DagBag from /usr/local/lib/python3.8/dist-packages/airflow/example_dags/example_kubernetes_executor.py
[2023-09-01T13:13:49.262+0900] {logging_mixin.py:151} INFO - [2023-09-01T13:13:49.262+0900] {example_kubernetes_executor.py:38} WARNING - The example_kubernetes_executor example DAG requires the kubernetes provider. Please install it with: pip install apache-airflow[cncf.kubernetes]
[2023-09-01T13:13:49.262+0900] {processor.py:841} WARNING - No viable dags retrieved from /usr/local/lib/python3.8/dist-packages/airflow/example_dags/example_kubernetes_executor.py
[2023-09-01T13:13:49.268+0900] {processor.py:179} INFO - Processing /usr/local/lib/python3.8/dist-packages/airflow/example_dags/example_kubernetes_executor.py took 0.010 seconds
[2023-09-01T13:14:33.428+0900] {processor.py:157} INFO - Started process (PID=7332) to work on /usr/local/lib/python3.8/dist-packages/airflow/example_dags/example_kubernetes_executor.py
[2023-09-01T13:14:33.428+0900] {processor.py:829} INFO - Processing file /usr/local/lib/python3.8/dist-packages/airflow/example_dags/example_kubernetes_executor.py for tasks to queue
[2023-09-01T13:14:33.429+0900] {logging_mixin.py:151} INFO - [2023-09-01T13:14:33.429+0900] {dagbag.py:539} INFO - Filling up the DagBag from /usr/local/lib/python3.8/dist-packages/airflow/example_dags/example_kubernetes_executor.py
[2023-09-01T13:14:33.432+0900] {logging_mixin.py:151} INFO - [2023-09-01T13:14:33.432+0900] {example_kubernetes_executor.py:38} WARNING - The example_kubernetes_executor example DAG requires the kubernetes provider. Please install it with: pip install apache-airflow[cncf.kubernetes]
[2023-09-01T13:14:33.433+0900] {processor.py:841} WARNING - No viable dags retrieved from /usr/local/lib/python3.8/dist-packages/airflow/example_dags/example_kubernetes_executor.py
[2023-09-01T13:14:33.441+0900] {processor.py:179} INFO - Processing /usr/local/lib/python3.8/dist-packages/airflow/example_dags/example_kubernetes_executor.py took 0.016 seconds
[2023-09-01T13:15:17.014+0900] {processor.py:157} INFO - Started process (PID=7841) to work on /usr/local/lib/python3.8/dist-packages/airflow/example_dags/example_kubernetes_executor.py
[2023-09-01T13:15:17.015+0900] {processor.py:829} INFO - Processing file /usr/local/lib/python3.8/dist-packages/airflow/example_dags/example_kubernetes_executor.py for tasks to queue
[2023-09-01T13:15:17.017+0900] {logging_mixin.py:151} INFO - [2023-09-01T13:15:17.016+0900] {dagbag.py:539} INFO - Filling up the DagBag from /usr/local/lib/python3.8/dist-packages/airflow/example_dags/example_kubernetes_executor.py
[2023-09-01T13:15:17.022+0900] {logging_mixin.py:151} INFO - [2023-09-01T13:15:17.022+0900] {example_kubernetes_executor.py:38} WARNING - The example_kubernetes_executor example DAG requires the kubernetes provider. Please install it with: pip install apache-airflow[cncf.kubernetes]
[2023-09-01T13:15:17.022+0900] {processor.py:841} WARNING - No viable dags retrieved from /usr/local/lib/python3.8/dist-packages/airflow/example_dags/example_kubernetes_executor.py
[2023-09-01T13:15:17.035+0900] {processor.py:179} INFO - Processing /usr/local/lib/python3.8/dist-packages/airflow/example_dags/example_kubernetes_executor.py took 0.026 seconds
[2023-09-01T13:16:05.056+0900] {processor.py:157} INFO - Started process (PID=8341) to work on /usr/local/lib/python3.8/dist-packages/airflow/example_dags/example_kubernetes_executor.py
[2023-09-01T13:16:05.057+0900] {processor.py:829} INFO - Processing file /usr/local/lib/python3.8/dist-packages/airflow/example_dags/example_kubernetes_executor.py for tasks to queue
[2023-09-01T13:16:05.058+0900] {logging_mixin.py:151} INFO - [2023-09-01T13:16:05.058+0900] {dagbag.py:539} INFO - Filling up the DagBag from /usr/local/lib/python3.8/dist-packages/airflow/example_dags/example_kubernetes_executor.py
[2023-09-01T13:16:05.062+0900] {logging_mixin.py:151} INFO - [2023-09-01T13:16:05.062+0900] {example_kubernetes_executor.py:38} WARNING - The example_kubernetes_executor example DAG requires the kubernetes provider. Please install it with: pip install apache-airflow[cncf.kubernetes]
[2023-09-01T13:16:05.062+0900] {processor.py:841} WARNING - No viable dags retrieved from /usr/local/lib/python3.8/dist-packages/airflow/example_dags/example_kubernetes_executor.py
[2023-09-01T13:16:05.071+0900] {processor.py:179} INFO - Processing /usr/local/lib/python3.8/dist-packages/airflow/example_dags/example_kubernetes_executor.py took 0.018 seconds
[2023-09-01T13:16:48.254+0900] {processor.py:157} INFO - Started process (PID=8762) to work on /usr/local/lib/python3.8/dist-packages/airflow/example_dags/example_kubernetes_executor.py
[2023-09-01T13:16:48.255+0900] {processor.py:829} INFO - Processing file /usr/local/lib/python3.8/dist-packages/airflow/example_dags/example_kubernetes_executor.py for tasks to queue
[2023-09-01T13:16:48.257+0900] {logging_mixin.py:151} INFO - [2023-09-01T13:16:48.256+0900] {dagbag.py:539} INFO - Filling up the DagBag from /usr/local/lib/python3.8/dist-packages/airflow/example_dags/example_kubernetes_executor.py
[2023-09-01T13:16:48.260+0900] {logging_mixin.py:151} INFO - [2023-09-01T13:16:48.260+0900] {example_kubernetes_executor.py:38} WARNING - The example_kubernetes_executor example DAG requires the kubernetes provider. Please install it with: pip install apache-airflow[cncf.kubernetes]
[2023-09-01T13:16:48.261+0900] {processor.py:841} WARNING - No viable dags retrieved from /usr/local/lib/python3.8/dist-packages/airflow/example_dags/example_kubernetes_executor.py
[2023-09-01T13:16:48.270+0900] {processor.py:179} INFO - Processing /usr/local/lib/python3.8/dist-packages/airflow/example_dags/example_kubernetes_executor.py took 0.020 seconds
[2023-09-01T13:17:36.463+0900] {processor.py:157} INFO - Started process (PID=9231) to work on /usr/local/lib/python3.8/dist-packages/airflow/example_dags/example_kubernetes_executor.py
[2023-09-01T13:17:36.464+0900] {processor.py:829} INFO - Processing file /usr/local/lib/python3.8/dist-packages/airflow/example_dags/example_kubernetes_executor.py for tasks to queue
[2023-09-01T13:17:36.466+0900] {logging_mixin.py:151} INFO - [2023-09-01T13:17:36.465+0900] {dagbag.py:539} INFO - Filling up the DagBag from /usr/local/lib/python3.8/dist-packages/airflow/example_dags/example_kubernetes_executor.py
[2023-09-01T13:17:36.470+0900] {logging_mixin.py:151} INFO - [2023-09-01T13:17:36.470+0900] {example_kubernetes_executor.py:38} WARNING - The example_kubernetes_executor example DAG requires the kubernetes provider. Please install it with: pip install apache-airflow[cncf.kubernetes]
[2023-09-01T13:17:36.471+0900] {processor.py:841} WARNING - No viable dags retrieved from /usr/local/lib/python3.8/dist-packages/airflow/example_dags/example_kubernetes_executor.py
[2023-09-01T13:17:36.482+0900] {processor.py:179} INFO - Processing /usr/local/lib/python3.8/dist-packages/airflow/example_dags/example_kubernetes_executor.py took 0.023 seconds
[2023-09-01T13:18:23.041+0900] {processor.py:157} INFO - Started process (PID=9732) to work on /usr/local/lib/python3.8/dist-packages/airflow/example_dags/example_kubernetes_executor.py
[2023-09-01T13:18:23.042+0900] {processor.py:829} INFO - Processing file /usr/local/lib/python3.8/dist-packages/airflow/example_dags/example_kubernetes_executor.py for tasks to queue
[2023-09-01T13:18:23.042+0900] {logging_mixin.py:151} INFO - [2023-09-01T13:18:23.042+0900] {dagbag.py:539} INFO - Filling up the DagBag from /usr/local/lib/python3.8/dist-packages/airflow/example_dags/example_kubernetes_executor.py
[2023-09-01T13:18:23.044+0900] {logging_mixin.py:151} INFO - [2023-09-01T13:18:23.044+0900] {example_kubernetes_executor.py:38} WARNING - The example_kubernetes_executor example DAG requires the kubernetes provider. Please install it with: pip install apache-airflow[cncf.kubernetes]
[2023-09-01T13:18:23.044+0900] {processor.py:841} WARNING - No viable dags retrieved from /usr/local/lib/python3.8/dist-packages/airflow/example_dags/example_kubernetes_executor.py
[2023-09-01T13:18:23.050+0900] {processor.py:179} INFO - Processing /usr/local/lib/python3.8/dist-packages/airflow/example_dags/example_kubernetes_executor.py took 0.010 seconds
[2023-09-01T13:19:07.891+0900] {processor.py:157} INFO - Started process (PID=10155) to work on /usr/local/lib/python3.8/dist-packages/airflow/example_dags/example_kubernetes_executor.py
[2023-09-01T13:19:07.893+0900] {processor.py:829} INFO - Processing file /usr/local/lib/python3.8/dist-packages/airflow/example_dags/example_kubernetes_executor.py for tasks to queue
[2023-09-01T13:19:07.895+0900] {logging_mixin.py:151} INFO - [2023-09-01T13:19:07.894+0900] {dagbag.py:539} INFO - Filling up the DagBag from /usr/local/lib/python3.8/dist-packages/airflow/example_dags/example_kubernetes_executor.py
[2023-09-01T13:19:07.899+0900] {logging_mixin.py:151} INFO - [2023-09-01T13:19:07.899+0900] {example_kubernetes_executor.py:38} WARNING - The example_kubernetes_executor example DAG requires the kubernetes provider. Please install it with: pip install apache-airflow[cncf.kubernetes]
[2023-09-01T13:19:07.900+0900] {processor.py:841} WARNING - No viable dags retrieved from /usr/local/lib/python3.8/dist-packages/airflow/example_dags/example_kubernetes_executor.py
[2023-09-01T13:19:07.910+0900] {processor.py:179} INFO - Processing /usr/local/lib/python3.8/dist-packages/airflow/example_dags/example_kubernetes_executor.py took 0.025 seconds
[2023-09-01T13:19:51.982+0900] {processor.py:157} INFO - Started process (PID=10587) to work on /usr/local/lib/python3.8/dist-packages/airflow/example_dags/example_kubernetes_executor.py
[2023-09-01T13:19:51.984+0900] {processor.py:829} INFO - Processing file /usr/local/lib/python3.8/dist-packages/airflow/example_dags/example_kubernetes_executor.py for tasks to queue
[2023-09-01T13:19:51.986+0900] {logging_mixin.py:151} INFO - [2023-09-01T13:19:51.985+0900] {dagbag.py:539} INFO - Filling up the DagBag from /usr/local/lib/python3.8/dist-packages/airflow/example_dags/example_kubernetes_executor.py
[2023-09-01T13:19:51.990+0900] {logging_mixin.py:151} INFO - [2023-09-01T13:19:51.990+0900] {example_kubernetes_executor.py:38} WARNING - The example_kubernetes_executor example DAG requires the kubernetes provider. Please install it with: pip install apache-airflow[cncf.kubernetes]
[2023-09-01T13:19:51.991+0900] {processor.py:841} WARNING - No viable dags retrieved from /usr/local/lib/python3.8/dist-packages/airflow/example_dags/example_kubernetes_executor.py
[2023-09-01T13:19:52.002+0900] {processor.py:179} INFO - Processing /usr/local/lib/python3.8/dist-packages/airflow/example_dags/example_kubernetes_executor.py took 0.024 seconds
[2023-09-01T13:20:34.562+0900] {processor.py:157} INFO - Started process (PID=11006) to work on /usr/local/lib/python3.8/dist-packages/airflow/example_dags/example_kubernetes_executor.py
[2023-09-01T13:20:34.565+0900] {processor.py:829} INFO - Processing file /usr/local/lib/python3.8/dist-packages/airflow/example_dags/example_kubernetes_executor.py for tasks to queue
[2023-09-01T13:20:34.567+0900] {logging_mixin.py:151} INFO - [2023-09-01T13:20:34.566+0900] {dagbag.py:539} INFO - Filling up the DagBag from /usr/local/lib/python3.8/dist-packages/airflow/example_dags/example_kubernetes_executor.py
[2023-09-01T13:20:34.571+0900] {logging_mixin.py:151} INFO - [2023-09-01T13:20:34.571+0900] {example_kubernetes_executor.py:38} WARNING - The example_kubernetes_executor example DAG requires the kubernetes provider. Please install it with: pip install apache-airflow[cncf.kubernetes]
[2023-09-01T13:20:34.571+0900] {processor.py:841} WARNING - No viable dags retrieved from /usr/local/lib/python3.8/dist-packages/airflow/example_dags/example_kubernetes_executor.py
[2023-09-01T13:20:34.582+0900] {processor.py:179} INFO - Processing /usr/local/lib/python3.8/dist-packages/airflow/example_dags/example_kubernetes_executor.py took 0.025 seconds
[2023-09-01T13:21:40.591+0900] {processor.py:157} INFO - Started process (PID=11584) to work on /usr/local/lib/python3.8/dist-packages/airflow/example_dags/example_kubernetes_executor.py
[2023-09-01T13:21:40.594+0900] {processor.py:829} INFO - Processing file /usr/local/lib/python3.8/dist-packages/airflow/example_dags/example_kubernetes_executor.py for tasks to queue
[2023-09-01T13:21:40.596+0900] {logging_mixin.py:151} INFO - [2023-09-01T13:21:40.595+0900] {dagbag.py:539} INFO - Filling up the DagBag from /usr/local/lib/python3.8/dist-packages/airflow/example_dags/example_kubernetes_executor.py
[2023-09-01T13:21:40.600+0900] {logging_mixin.py:151} INFO - [2023-09-01T13:21:40.600+0900] {example_kubernetes_executor.py:38} WARNING - The example_kubernetes_executor example DAG requires the kubernetes provider. Please install it with: pip install apache-airflow[cncf.kubernetes]
[2023-09-01T13:21:40.600+0900] {processor.py:841} WARNING - No viable dags retrieved from /usr/local/lib/python3.8/dist-packages/airflow/example_dags/example_kubernetes_executor.py
[2023-09-01T13:21:40.611+0900] {processor.py:179} INFO - Processing /usr/local/lib/python3.8/dist-packages/airflow/example_dags/example_kubernetes_executor.py took 0.024 seconds
[2023-09-01T13:22:25.289+0900] {processor.py:157} INFO - Started process (PID=12018) to work on /usr/local/lib/python3.8/dist-packages/airflow/example_dags/example_kubernetes_executor.py
[2023-09-01T13:22:25.295+0900] {processor.py:829} INFO - Processing file /usr/local/lib/python3.8/dist-packages/airflow/example_dags/example_kubernetes_executor.py for tasks to queue
[2023-09-01T13:22:25.296+0900] {logging_mixin.py:151} INFO - [2023-09-01T13:22:25.295+0900] {dagbag.py:539} INFO - Filling up the DagBag from /usr/local/lib/python3.8/dist-packages/airflow/example_dags/example_kubernetes_executor.py
[2023-09-01T13:22:25.301+0900] {logging_mixin.py:151} INFO - [2023-09-01T13:22:25.301+0900] {example_kubernetes_executor.py:38} WARNING - The example_kubernetes_executor example DAG requires the kubernetes provider. Please install it with: pip install apache-airflow[cncf.kubernetes]
[2023-09-01T13:22:25.301+0900] {processor.py:841} WARNING - No viable dags retrieved from /usr/local/lib/python3.8/dist-packages/airflow/example_dags/example_kubernetes_executor.py
[2023-09-01T13:22:25.311+0900] {processor.py:179} INFO - Processing /usr/local/lib/python3.8/dist-packages/airflow/example_dags/example_kubernetes_executor.py took 0.027 seconds
[2023-09-01T13:23:08.697+0900] {processor.py:157} INFO - Started process (PID=12434) to work on /usr/local/lib/python3.8/dist-packages/airflow/example_dags/example_kubernetes_executor.py
[2023-09-01T13:23:08.698+0900] {processor.py:829} INFO - Processing file /usr/local/lib/python3.8/dist-packages/airflow/example_dags/example_kubernetes_executor.py for tasks to queue
[2023-09-01T13:23:08.700+0900] {logging_mixin.py:151} INFO - [2023-09-01T13:23:08.699+0900] {dagbag.py:539} INFO - Filling up the DagBag from /usr/local/lib/python3.8/dist-packages/airflow/example_dags/example_kubernetes_executor.py
[2023-09-01T13:23:08.704+0900] {logging_mixin.py:151} INFO - [2023-09-01T13:23:08.704+0900] {example_kubernetes_executor.py:38} WARNING - The example_kubernetes_executor example DAG requires the kubernetes provider. Please install it with: pip install apache-airflow[cncf.kubernetes]
[2023-09-01T13:23:08.705+0900] {processor.py:841} WARNING - No viable dags retrieved from /usr/local/lib/python3.8/dist-packages/airflow/example_dags/example_kubernetes_executor.py
[2023-09-01T13:23:08.715+0900] {processor.py:179} INFO - Processing /usr/local/lib/python3.8/dist-packages/airflow/example_dags/example_kubernetes_executor.py took 0.023 seconds
[2023-09-01T13:23:50.513+0900] {processor.py:157} INFO - Started process (PID=12873) to work on /usr/local/lib/python3.8/dist-packages/airflow/example_dags/example_kubernetes_executor.py
[2023-09-01T13:23:50.514+0900] {processor.py:829} INFO - Processing file /usr/local/lib/python3.8/dist-packages/airflow/example_dags/example_kubernetes_executor.py for tasks to queue
[2023-09-01T13:23:50.516+0900] {logging_mixin.py:151} INFO - [2023-09-01T13:23:50.515+0900] {dagbag.py:539} INFO - Filling up the DagBag from /usr/local/lib/python3.8/dist-packages/airflow/example_dags/example_kubernetes_executor.py
[2023-09-01T13:23:50.520+0900] {logging_mixin.py:151} INFO - [2023-09-01T13:23:50.520+0900] {example_kubernetes_executor.py:38} WARNING - The example_kubernetes_executor example DAG requires the kubernetes provider. Please install it with: pip install apache-airflow[cncf.kubernetes]
[2023-09-01T13:23:50.520+0900] {processor.py:841} WARNING - No viable dags retrieved from /usr/local/lib/python3.8/dist-packages/airflow/example_dags/example_kubernetes_executor.py
[2023-09-01T13:23:50.531+0900] {processor.py:179} INFO - Processing /usr/local/lib/python3.8/dist-packages/airflow/example_dags/example_kubernetes_executor.py took 0.024 seconds
[2023-09-01T13:24:39.999+0900] {processor.py:157} INFO - Started process (PID=13351) to work on /usr/local/lib/python3.8/dist-packages/airflow/example_dags/example_kubernetes_executor.py
[2023-09-01T13:24:40.000+0900] {processor.py:829} INFO - Processing file /usr/local/lib/python3.8/dist-packages/airflow/example_dags/example_kubernetes_executor.py for tasks to queue
[2023-09-01T13:24:40.002+0900] {logging_mixin.py:151} INFO - [2023-09-01T13:24:40.001+0900] {dagbag.py:539} INFO - Filling up the DagBag from /usr/local/lib/python3.8/dist-packages/airflow/example_dags/example_kubernetes_executor.py
[2023-09-01T13:24:40.007+0900] {logging_mixin.py:151} INFO - [2023-09-01T13:24:40.007+0900] {example_kubernetes_executor.py:38} WARNING - The example_kubernetes_executor example DAG requires the kubernetes provider. Please install it with: pip install apache-airflow[cncf.kubernetes]
[2023-09-01T13:24:40.007+0900] {processor.py:841} WARNING - No viable dags retrieved from /usr/local/lib/python3.8/dist-packages/airflow/example_dags/example_kubernetes_executor.py
[2023-09-01T13:24:40.021+0900] {processor.py:179} INFO - Processing /usr/local/lib/python3.8/dist-packages/airflow/example_dags/example_kubernetes_executor.py took 0.028 seconds
[2023-09-01T13:26:13.436+0900] {processor.py:157} INFO - Started process (PID=14563) to work on /usr/local/lib/python3.8/dist-packages/airflow/example_dags/example_kubernetes_executor.py
[2023-09-01T13:26:13.437+0900] {processor.py:829} INFO - Processing file /usr/local/lib/python3.8/dist-packages/airflow/example_dags/example_kubernetes_executor.py for tasks to queue
[2023-09-01T13:26:13.439+0900] {logging_mixin.py:151} INFO - [2023-09-01T13:26:13.438+0900] {dagbag.py:539} INFO - Filling up the DagBag from /usr/local/lib/python3.8/dist-packages/airflow/example_dags/example_kubernetes_executor.py
[2023-09-01T13:26:13.443+0900] {logging_mixin.py:151} INFO - [2023-09-01T13:26:13.443+0900] {example_kubernetes_executor.py:38} WARNING - The example_kubernetes_executor example DAG requires the kubernetes provider. Please install it with: pip install apache-airflow[cncf.kubernetes]
[2023-09-01T13:26:13.443+0900] {processor.py:841} WARNING - No viable dags retrieved from /usr/local/lib/python3.8/dist-packages/airflow/example_dags/example_kubernetes_executor.py
[2023-09-01T13:26:13.455+0900] {processor.py:179} INFO - Processing /usr/local/lib/python3.8/dist-packages/airflow/example_dags/example_kubernetes_executor.py took 0.024 seconds
[2023-09-01T13:26:57.076+0900] {processor.py:157} INFO - Started process (PID=14983) to work on /usr/local/lib/python3.8/dist-packages/airflow/example_dags/example_kubernetes_executor.py
[2023-09-01T13:26:57.077+0900] {processor.py:829} INFO - Processing file /usr/local/lib/python3.8/dist-packages/airflow/example_dags/example_kubernetes_executor.py for tasks to queue
[2023-09-01T13:26:57.079+0900] {logging_mixin.py:151} INFO - [2023-09-01T13:26:57.078+0900] {dagbag.py:539} INFO - Filling up the DagBag from /usr/local/lib/python3.8/dist-packages/airflow/example_dags/example_kubernetes_executor.py
[2023-09-01T13:26:57.083+0900] {logging_mixin.py:151} INFO - [2023-09-01T13:26:57.083+0900] {example_kubernetes_executor.py:38} WARNING - The example_kubernetes_executor example DAG requires the kubernetes provider. Please install it with: pip install apache-airflow[cncf.kubernetes]
[2023-09-01T13:26:57.083+0900] {processor.py:841} WARNING - No viable dags retrieved from /usr/local/lib/python3.8/dist-packages/airflow/example_dags/example_kubernetes_executor.py
[2023-09-01T13:26:57.094+0900] {processor.py:179} INFO - Processing /usr/local/lib/python3.8/dist-packages/airflow/example_dags/example_kubernetes_executor.py took 0.023 seconds
[2023-09-01T13:27:43.394+0900] {processor.py:157} INFO - Started process (PID=15430) to work on /usr/local/lib/python3.8/dist-packages/airflow/example_dags/example_kubernetes_executor.py
[2023-09-01T13:27:43.395+0900] {processor.py:829} INFO - Processing file /usr/local/lib/python3.8/dist-packages/airflow/example_dags/example_kubernetes_executor.py for tasks to queue
[2023-09-01T13:27:43.397+0900] {logging_mixin.py:151} INFO - [2023-09-01T13:27:43.396+0900] {dagbag.py:539} INFO - Filling up the DagBag from /usr/local/lib/python3.8/dist-packages/airflow/example_dags/example_kubernetes_executor.py
[2023-09-01T13:27:43.401+0900] {logging_mixin.py:151} INFO - [2023-09-01T13:27:43.401+0900] {example_kubernetes_executor.py:38} WARNING - The example_kubernetes_executor example DAG requires the kubernetes provider. Please install it with: pip install apache-airflow[cncf.kubernetes]
[2023-09-01T13:27:43.401+0900] {processor.py:841} WARNING - No viable dags retrieved from /usr/local/lib/python3.8/dist-packages/airflow/example_dags/example_kubernetes_executor.py
[2023-09-01T13:27:43.412+0900] {processor.py:179} INFO - Processing /usr/local/lib/python3.8/dist-packages/airflow/example_dags/example_kubernetes_executor.py took 0.022 seconds
[2023-09-01T13:28:27.419+0900] {processor.py:157} INFO - Started process (PID=15857) to work on /usr/local/lib/python3.8/dist-packages/airflow/example_dags/example_kubernetes_executor.py
[2023-09-01T13:28:27.420+0900] {processor.py:829} INFO - Processing file /usr/local/lib/python3.8/dist-packages/airflow/example_dags/example_kubernetes_executor.py for tasks to queue
[2023-09-01T13:28:27.422+0900] {logging_mixin.py:151} INFO - [2023-09-01T13:28:27.421+0900] {dagbag.py:539} INFO - Filling up the DagBag from /usr/local/lib/python3.8/dist-packages/airflow/example_dags/example_kubernetes_executor.py
[2023-09-01T13:28:27.426+0900] {logging_mixin.py:151} INFO - [2023-09-01T13:28:27.426+0900] {example_kubernetes_executor.py:38} WARNING - The example_kubernetes_executor example DAG requires the kubernetes provider. Please install it with: pip install apache-airflow[cncf.kubernetes]
[2023-09-01T13:28:27.426+0900] {processor.py:841} WARNING - No viable dags retrieved from /usr/local/lib/python3.8/dist-packages/airflow/example_dags/example_kubernetes_executor.py
[2023-09-01T13:28:27.438+0900] {processor.py:179} INFO - Processing /usr/local/lib/python3.8/dist-packages/airflow/example_dags/example_kubernetes_executor.py took 0.024 seconds
[2023-09-01T13:29:11.587+0900] {processor.py:157} INFO - Started process (PID=16314) to work on /usr/local/lib/python3.8/dist-packages/airflow/example_dags/example_kubernetes_executor.py
[2023-09-01T13:29:11.589+0900] {processor.py:829} INFO - Processing file /usr/local/lib/python3.8/dist-packages/airflow/example_dags/example_kubernetes_executor.py for tasks to queue
[2023-09-01T13:29:11.590+0900] {logging_mixin.py:151} INFO - [2023-09-01T13:29:11.589+0900] {dagbag.py:539} INFO - Filling up the DagBag from /usr/local/lib/python3.8/dist-packages/airflow/example_dags/example_kubernetes_executor.py
[2023-09-01T13:29:11.594+0900] {logging_mixin.py:151} INFO - [2023-09-01T13:29:11.594+0900] {example_kubernetes_executor.py:38} WARNING - The example_kubernetes_executor example DAG requires the kubernetes provider. Please install it with: pip install apache-airflow[cncf.kubernetes]
[2023-09-01T13:29:11.594+0900] {processor.py:841} WARNING - No viable dags retrieved from /usr/local/lib/python3.8/dist-packages/airflow/example_dags/example_kubernetes_executor.py
[2023-09-01T13:29:11.605+0900] {processor.py:179} INFO - Processing /usr/local/lib/python3.8/dist-packages/airflow/example_dags/example_kubernetes_executor.py took 0.023 seconds
[2023-09-01T13:29:57.021+0900] {processor.py:157} INFO - Started process (PID=16751) to work on /usr/local/lib/python3.8/dist-packages/airflow/example_dags/example_kubernetes_executor.py
[2023-09-01T13:29:57.022+0900] {processor.py:829} INFO - Processing file /usr/local/lib/python3.8/dist-packages/airflow/example_dags/example_kubernetes_executor.py for tasks to queue
[2023-09-01T13:29:57.024+0900] {logging_mixin.py:151} INFO - [2023-09-01T13:29:57.023+0900] {dagbag.py:539} INFO - Filling up the DagBag from /usr/local/lib/python3.8/dist-packages/airflow/example_dags/example_kubernetes_executor.py
[2023-09-01T13:29:57.028+0900] {logging_mixin.py:151} INFO - [2023-09-01T13:29:57.028+0900] {example_kubernetes_executor.py:38} WARNING - The example_kubernetes_executor example DAG requires the kubernetes provider. Please install it with: pip install apache-airflow[cncf.kubernetes]
[2023-09-01T13:29:57.028+0900] {processor.py:841} WARNING - No viable dags retrieved from /usr/local/lib/python3.8/dist-packages/airflow/example_dags/example_kubernetes_executor.py
[2023-09-01T13:29:57.039+0900] {processor.py:179} INFO - Processing /usr/local/lib/python3.8/dist-packages/airflow/example_dags/example_kubernetes_executor.py took 0.022 seconds
[2023-09-01T13:30:44.764+0900] {processor.py:157} INFO - Started process (PID=17210) to work on /usr/local/lib/python3.8/dist-packages/airflow/example_dags/example_kubernetes_executor.py
[2023-09-01T13:30:44.765+0900] {processor.py:829} INFO - Processing file /usr/local/lib/python3.8/dist-packages/airflow/example_dags/example_kubernetes_executor.py for tasks to queue
[2023-09-01T13:30:44.767+0900] {logging_mixin.py:151} INFO - [2023-09-01T13:30:44.766+0900] {dagbag.py:539} INFO - Filling up the DagBag from /usr/local/lib/python3.8/dist-packages/airflow/example_dags/example_kubernetes_executor.py
[2023-09-01T13:30:44.772+0900] {logging_mixin.py:151} INFO - [2023-09-01T13:30:44.772+0900] {example_kubernetes_executor.py:38} WARNING - The example_kubernetes_executor example DAG requires the kubernetes provider. Please install it with: pip install apache-airflow[cncf.kubernetes]
[2023-09-01T13:30:44.772+0900] {processor.py:841} WARNING - No viable dags retrieved from /usr/local/lib/python3.8/dist-packages/airflow/example_dags/example_kubernetes_executor.py
[2023-09-01T13:30:44.783+0900] {processor.py:179} INFO - Processing /usr/local/lib/python3.8/dist-packages/airflow/example_dags/example_kubernetes_executor.py took 0.025 seconds
[2023-09-01T13:31:31.110+0900] {processor.py:157} INFO - Started process (PID=17656) to work on /usr/local/lib/python3.8/dist-packages/airflow/example_dags/example_kubernetes_executor.py
[2023-09-01T13:31:31.111+0900] {processor.py:829} INFO - Processing file /usr/local/lib/python3.8/dist-packages/airflow/example_dags/example_kubernetes_executor.py for tasks to queue
[2023-09-01T13:31:31.112+0900] {logging_mixin.py:151} INFO - [2023-09-01T13:31:31.111+0900] {dagbag.py:539} INFO - Filling up the DagBag from /usr/local/lib/python3.8/dist-packages/airflow/example_dags/example_kubernetes_executor.py
[2023-09-01T13:31:31.117+0900] {logging_mixin.py:151} INFO - [2023-09-01T13:31:31.117+0900] {example_kubernetes_executor.py:38} WARNING - The example_kubernetes_executor example DAG requires the kubernetes provider. Please install it with: pip install apache-airflow[cncf.kubernetes]
[2023-09-01T13:31:31.117+0900] {processor.py:841} WARNING - No viable dags retrieved from /usr/local/lib/python3.8/dist-packages/airflow/example_dags/example_kubernetes_executor.py
[2023-09-01T13:31:31.127+0900] {processor.py:179} INFO - Processing /usr/local/lib/python3.8/dist-packages/airflow/example_dags/example_kubernetes_executor.py took 0.022 seconds
[2023-09-01T13:32:16.124+0900] {processor.py:157} INFO - Started process (PID=18099) to work on /usr/local/lib/python3.8/dist-packages/airflow/example_dags/example_kubernetes_executor.py
[2023-09-01T13:32:16.125+0900] {processor.py:829} INFO - Processing file /usr/local/lib/python3.8/dist-packages/airflow/example_dags/example_kubernetes_executor.py for tasks to queue
[2023-09-01T13:32:16.127+0900] {logging_mixin.py:151} INFO - [2023-09-01T13:32:16.126+0900] {dagbag.py:539} INFO - Filling up the DagBag from /usr/local/lib/python3.8/dist-packages/airflow/example_dags/example_kubernetes_executor.py
[2023-09-01T13:32:16.131+0900] {logging_mixin.py:151} INFO - [2023-09-01T13:32:16.131+0900] {example_kubernetes_executor.py:38} WARNING - The example_kubernetes_executor example DAG requires the kubernetes provider. Please install it with: pip install apache-airflow[cncf.kubernetes]
[2023-09-01T13:32:16.131+0900] {processor.py:841} WARNING - No viable dags retrieved from /usr/local/lib/python3.8/dist-packages/airflow/example_dags/example_kubernetes_executor.py
[2023-09-01T13:32:16.143+0900] {processor.py:179} INFO - Processing /usr/local/lib/python3.8/dist-packages/airflow/example_dags/example_kubernetes_executor.py took 0.023 seconds
[2023-09-01T13:32:59.807+0900] {processor.py:157} INFO - Started process (PID=18519) to work on /usr/local/lib/python3.8/dist-packages/airflow/example_dags/example_kubernetes_executor.py
[2023-09-01T13:32:59.808+0900] {processor.py:829} INFO - Processing file /usr/local/lib/python3.8/dist-packages/airflow/example_dags/example_kubernetes_executor.py for tasks to queue
[2023-09-01T13:32:59.809+0900] {logging_mixin.py:151} INFO - [2023-09-01T13:32:59.808+0900] {dagbag.py:539} INFO - Filling up the DagBag from /usr/local/lib/python3.8/dist-packages/airflow/example_dags/example_kubernetes_executor.py
[2023-09-01T13:32:59.814+0900] {logging_mixin.py:151} INFO - [2023-09-01T13:32:59.814+0900] {example_kubernetes_executor.py:38} WARNING - The example_kubernetes_executor example DAG requires the kubernetes provider. Please install it with: pip install apache-airflow[cncf.kubernetes]
[2023-09-01T13:32:59.814+0900] {processor.py:841} WARNING - No viable dags retrieved from /usr/local/lib/python3.8/dist-packages/airflow/example_dags/example_kubernetes_executor.py
[2023-09-01T13:32:59.822+0900] {processor.py:179} INFO - Processing /usr/local/lib/python3.8/dist-packages/airflow/example_dags/example_kubernetes_executor.py took 0.019 seconds
[2023-09-01T13:33:45.274+0900] {processor.py:157} INFO - Started process (PID=18954) to work on /usr/local/lib/python3.8/dist-packages/airflow/example_dags/example_kubernetes_executor.py
[2023-09-01T13:33:45.276+0900] {processor.py:829} INFO - Processing file /usr/local/lib/python3.8/dist-packages/airflow/example_dags/example_kubernetes_executor.py for tasks to queue
[2023-09-01T13:33:45.278+0900] {logging_mixin.py:151} INFO - [2023-09-01T13:33:45.277+0900] {dagbag.py:539} INFO - Filling up the DagBag from /usr/local/lib/python3.8/dist-packages/airflow/example_dags/example_kubernetes_executor.py
[2023-09-01T13:33:45.282+0900] {logging_mixin.py:151} INFO - [2023-09-01T13:33:45.282+0900] {example_kubernetes_executor.py:38} WARNING - The example_kubernetes_executor example DAG requires the kubernetes provider. Please install it with: pip install apache-airflow[cncf.kubernetes]
[2023-09-01T13:33:45.282+0900] {processor.py:841} WARNING - No viable dags retrieved from /usr/local/lib/python3.8/dist-packages/airflow/example_dags/example_kubernetes_executor.py
[2023-09-01T13:33:45.293+0900] {processor.py:179} INFO - Processing /usr/local/lib/python3.8/dist-packages/airflow/example_dags/example_kubernetes_executor.py took 0.024 seconds
[2023-09-01T13:34:28.580+0900] {processor.py:157} INFO - Started process (PID=19404) to work on /usr/local/lib/python3.8/dist-packages/airflow/example_dags/example_kubernetes_executor.py
[2023-09-01T13:34:28.582+0900] {processor.py:829} INFO - Processing file /usr/local/lib/python3.8/dist-packages/airflow/example_dags/example_kubernetes_executor.py for tasks to queue
[2023-09-01T13:34:28.583+0900] {logging_mixin.py:151} INFO - [2023-09-01T13:34:28.582+0900] {dagbag.py:539} INFO - Filling up the DagBag from /usr/local/lib/python3.8/dist-packages/airflow/example_dags/example_kubernetes_executor.py
[2023-09-01T13:34:28.588+0900] {logging_mixin.py:151} INFO - [2023-09-01T13:34:28.588+0900] {example_kubernetes_executor.py:38} WARNING - The example_kubernetes_executor example DAG requires the kubernetes provider. Please install it with: pip install apache-airflow[cncf.kubernetes]
[2023-09-01T13:34:28.589+0900] {processor.py:841} WARNING - No viable dags retrieved from /usr/local/lib/python3.8/dist-packages/airflow/example_dags/example_kubernetes_executor.py
[2023-09-01T13:34:28.601+0900] {processor.py:179} INFO - Processing /usr/local/lib/python3.8/dist-packages/airflow/example_dags/example_kubernetes_executor.py took 0.026 seconds
[2023-09-01T13:35:14.364+0900] {processor.py:157} INFO - Started process (PID=19850) to work on /usr/local/lib/python3.8/dist-packages/airflow/example_dags/example_kubernetes_executor.py
[2023-09-01T13:35:14.366+0900] {processor.py:829} INFO - Processing file /usr/local/lib/python3.8/dist-packages/airflow/example_dags/example_kubernetes_executor.py for tasks to queue
[2023-09-01T13:35:14.368+0900] {logging_mixin.py:151} INFO - [2023-09-01T13:35:14.367+0900] {dagbag.py:539} INFO - Filling up the DagBag from /usr/local/lib/python3.8/dist-packages/airflow/example_dags/example_kubernetes_executor.py
[2023-09-01T13:35:14.372+0900] {logging_mixin.py:151} INFO - [2023-09-01T13:35:14.372+0900] {example_kubernetes_executor.py:38} WARNING - The example_kubernetes_executor example DAG requires the kubernetes provider. Please install it with: pip install apache-airflow[cncf.kubernetes]
[2023-09-01T13:35:14.372+0900] {processor.py:841} WARNING - No viable dags retrieved from /usr/local/lib/python3.8/dist-packages/airflow/example_dags/example_kubernetes_executor.py
[2023-09-01T13:35:14.384+0900] {processor.py:179} INFO - Processing /usr/local/lib/python3.8/dist-packages/airflow/example_dags/example_kubernetes_executor.py took 0.025 seconds
[2023-09-01T13:36:00.950+0900] {processor.py:157} INFO - Started process (PID=20300) to work on /usr/local/lib/python3.8/dist-packages/airflow/example_dags/example_kubernetes_executor.py
[2023-09-01T13:36:00.952+0900] {processor.py:829} INFO - Processing file /usr/local/lib/python3.8/dist-packages/airflow/example_dags/example_kubernetes_executor.py for tasks to queue
[2023-09-01T13:36:00.953+0900] {logging_mixin.py:151} INFO - [2023-09-01T13:36:00.952+0900] {dagbag.py:539} INFO - Filling up the DagBag from /usr/local/lib/python3.8/dist-packages/airflow/example_dags/example_kubernetes_executor.py
[2023-09-01T13:36:00.957+0900] {logging_mixin.py:151} INFO - [2023-09-01T13:36:00.957+0900] {example_kubernetes_executor.py:38} WARNING - The example_kubernetes_executor example DAG requires the kubernetes provider. Please install it with: pip install apache-airflow[cncf.kubernetes]
[2023-09-01T13:36:00.957+0900] {processor.py:841} WARNING - No viable dags retrieved from /usr/local/lib/python3.8/dist-packages/airflow/example_dags/example_kubernetes_executor.py
[2023-09-01T13:36:00.968+0900] {processor.py:179} INFO - Processing /usr/local/lib/python3.8/dist-packages/airflow/example_dags/example_kubernetes_executor.py took 0.022 seconds
[2023-09-01T13:36:50.016+0900] {processor.py:157} INFO - Started process (PID=20766) to work on /usr/local/lib/python3.8/dist-packages/airflow/example_dags/example_kubernetes_executor.py
[2023-09-01T13:36:50.017+0900] {processor.py:829} INFO - Processing file /usr/local/lib/python3.8/dist-packages/airflow/example_dags/example_kubernetes_executor.py for tasks to queue
[2023-09-01T13:36:50.019+0900] {logging_mixin.py:151} INFO - [2023-09-01T13:36:50.018+0900] {dagbag.py:539} INFO - Filling up the DagBag from /usr/local/lib/python3.8/dist-packages/airflow/example_dags/example_kubernetes_executor.py
[2023-09-01T13:36:50.023+0900] {logging_mixin.py:151} INFO - [2023-09-01T13:36:50.023+0900] {example_kubernetes_executor.py:38} WARNING - The example_kubernetes_executor example DAG requires the kubernetes provider. Please install it with: pip install apache-airflow[cncf.kubernetes]
[2023-09-01T13:36:50.023+0900] {processor.py:841} WARNING - No viable dags retrieved from /usr/local/lib/python3.8/dist-packages/airflow/example_dags/example_kubernetes_executor.py
[2023-09-01T13:36:50.035+0900] {processor.py:179} INFO - Processing /usr/local/lib/python3.8/dist-packages/airflow/example_dags/example_kubernetes_executor.py took 0.024 seconds
[2023-09-01T13:37:35.869+0900] {processor.py:157} INFO - Started process (PID=21213) to work on /usr/local/lib/python3.8/dist-packages/airflow/example_dags/example_kubernetes_executor.py
[2023-09-01T13:37:35.871+0900] {processor.py:829} INFO - Processing file /usr/local/lib/python3.8/dist-packages/airflow/example_dags/example_kubernetes_executor.py for tasks to queue
[2023-09-01T13:37:35.873+0900] {logging_mixin.py:151} INFO - [2023-09-01T13:37:35.872+0900] {dagbag.py:539} INFO - Filling up the DagBag from /usr/local/lib/python3.8/dist-packages/airflow/example_dags/example_kubernetes_executor.py
[2023-09-01T13:37:35.877+0900] {logging_mixin.py:151} INFO - [2023-09-01T13:37:35.877+0900] {example_kubernetes_executor.py:38} WARNING - The example_kubernetes_executor example DAG requires the kubernetes provider. Please install it with: pip install apache-airflow[cncf.kubernetes]
[2023-09-01T13:37:35.877+0900] {processor.py:841} WARNING - No viable dags retrieved from /usr/local/lib/python3.8/dist-packages/airflow/example_dags/example_kubernetes_executor.py
[2023-09-01T13:37:35.888+0900] {processor.py:179} INFO - Processing /usr/local/lib/python3.8/dist-packages/airflow/example_dags/example_kubernetes_executor.py took 0.023 seconds
[2023-09-01T13:38:20.181+0900] {processor.py:157} INFO - Started process (PID=21648) to work on /usr/local/lib/python3.8/dist-packages/airflow/example_dags/example_kubernetes_executor.py
[2023-09-01T13:38:20.182+0900] {processor.py:829} INFO - Processing file /usr/local/lib/python3.8/dist-packages/airflow/example_dags/example_kubernetes_executor.py for tasks to queue
[2023-09-01T13:38:20.183+0900] {logging_mixin.py:151} INFO - [2023-09-01T13:38:20.182+0900] {dagbag.py:539} INFO - Filling up the DagBag from /usr/local/lib/python3.8/dist-packages/airflow/example_dags/example_kubernetes_executor.py
[2023-09-01T13:38:20.186+0900] {logging_mixin.py:151} INFO - [2023-09-01T13:38:20.186+0900] {example_kubernetes_executor.py:38} WARNING - The example_kubernetes_executor example DAG requires the kubernetes provider. Please install it with: pip install apache-airflow[cncf.kubernetes]
[2023-09-01T13:38:20.186+0900] {processor.py:841} WARNING - No viable dags retrieved from /usr/local/lib/python3.8/dist-packages/airflow/example_dags/example_kubernetes_executor.py
[2023-09-01T13:38:20.194+0900] {processor.py:179} INFO - Processing /usr/local/lib/python3.8/dist-packages/airflow/example_dags/example_kubernetes_executor.py took 0.016 seconds
