[2023-09-01T13:08:00.578+0900] {processor.py:157} INFO - Started process (PID=2238) to work on /usr/local/lib/python3.8/dist-packages/airflow/example_dags/example_complex.py
[2023-09-01T13:08:00.579+0900] {processor.py:829} INFO - Processing file /usr/local/lib/python3.8/dist-packages/airflow/example_dags/example_complex.py for tasks to queue
[2023-09-01T13:08:00.580+0900] {logging_mixin.py:151} INFO - [2023-09-01T13:08:00.579+0900] {dagbag.py:539} INFO - Filling up the DagBag from /usr/local/lib/python3.8/dist-packages/airflow/example_dags/example_complex.py
[2023-09-01T13:08:00.591+0900] {processor.py:839} INFO - DAG(s) dict_keys(['example_complex']) retrieved from /usr/local/lib/python3.8/dist-packages/airflow/example_dags/example_complex.py
[2023-09-01T13:08:00.652+0900] {logging_mixin.py:151} INFO - [2023-09-01T13:08:00.652+0900] {manager.py:501} INFO - Created Permission View: can delete on DAG:example_complex
[2023-09-01T13:08:00.657+0900] {logging_mixin.py:151} INFO - [2023-09-01T13:08:00.657+0900] {manager.py:501} INFO - Created Permission View: can read on DAG:example_complex
[2023-09-01T13:08:00.661+0900] {logging_mixin.py:151} INFO - [2023-09-01T13:08:00.661+0900] {manager.py:501} INFO - Created Permission View: can edit on DAG:example_complex
[2023-09-01T13:08:00.666+0900] {logging_mixin.py:151} INFO - [2023-09-01T13:08:00.666+0900] {dag.py:2907} INFO - Sync 1 DAGs
[2023-09-01T13:08:00.670+0900] {logging_mixin.py:151} INFO - [2023-09-01T13:08:00.670+0900] {dag.py:2929} INFO - Creating ORM DAG for example_complex
[2023-09-01T13:08:00.670+0900] {logging_mixin.py:151} INFO - [2023-09-01T13:08:00.670+0900] {dag.py:3677} INFO - Setting next_dagrun for example_complex to None, run_after=None
[2023-09-01T13:08:00.678+0900] {processor.py:179} INFO - Processing /usr/local/lib/python3.8/dist-packages/airflow/example_dags/example_complex.py took 0.105 seconds
[2023-09-01T13:08:58.892+0900] {processor.py:157} INFO - Started process (PID=4019) to work on /usr/local/lib/python3.8/dist-packages/airflow/example_dags/example_complex.py
[2023-09-01T13:08:58.895+0900] {processor.py:829} INFO - Processing file /usr/local/lib/python3.8/dist-packages/airflow/example_dags/example_complex.py for tasks to queue
[2023-09-01T13:08:58.897+0900] {logging_mixin.py:151} INFO - [2023-09-01T13:08:58.895+0900] {dagbag.py:539} INFO - Filling up the DagBag from /usr/local/lib/python3.8/dist-packages/airflow/example_dags/example_complex.py
[2023-09-01T13:08:58.909+0900] {processor.py:839} INFO - DAG(s) dict_keys(['example_complex']) retrieved from /usr/local/lib/python3.8/dist-packages/airflow/example_dags/example_complex.py
[2023-09-01T13:08:58.927+0900] {logging_mixin.py:151} INFO - [2023-09-01T13:08:58.927+0900] {dag.py:2907} INFO - Sync 1 DAGs
[2023-09-01T13:08:58.934+0900] {logging_mixin.py:151} INFO - [2023-09-01T13:08:58.934+0900] {dag.py:3677} INFO - Setting next_dagrun for example_complex to None, run_after=None
[2023-09-01T13:08:58.945+0900] {processor.py:179} INFO - Processing /usr/local/lib/python3.8/dist-packages/airflow/example_dags/example_complex.py took 0.060 seconds
[2023-09-01T13:09:45.403+0900] {processor.py:157} INFO - Started process (PID=4473) to work on /usr/local/lib/python3.8/dist-packages/airflow/example_dags/example_complex.py
[2023-09-01T13:09:45.405+0900] {processor.py:829} INFO - Processing file /usr/local/lib/python3.8/dist-packages/airflow/example_dags/example_complex.py for tasks to queue
[2023-09-01T13:09:45.407+0900] {logging_mixin.py:151} INFO - [2023-09-01T13:09:45.406+0900] {dagbag.py:539} INFO - Filling up the DagBag from /usr/local/lib/python3.8/dist-packages/airflow/example_dags/example_complex.py
[2023-09-01T13:09:45.419+0900] {processor.py:839} INFO - DAG(s) dict_keys(['example_complex']) retrieved from /usr/local/lib/python3.8/dist-packages/airflow/example_dags/example_complex.py
[2023-09-01T13:09:45.440+0900] {logging_mixin.py:151} INFO - [2023-09-01T13:09:45.440+0900] {dag.py:2907} INFO - Sync 1 DAGs
[2023-09-01T13:09:45.446+0900] {logging_mixin.py:151} INFO - [2023-09-01T13:09:45.446+0900] {dag.py:3677} INFO - Setting next_dagrun for example_complex to None, run_after=None
[2023-09-01T13:09:45.457+0900] {processor.py:179} INFO - Processing /usr/local/lib/python3.8/dist-packages/airflow/example_dags/example_complex.py took 0.059 seconds
[2023-09-01T13:10:34.180+0900] {processor.py:157} INFO - Started process (PID=4948) to work on /usr/local/lib/python3.8/dist-packages/airflow/example_dags/example_complex.py
[2023-09-01T13:10:34.181+0900] {processor.py:829} INFO - Processing file /usr/local/lib/python3.8/dist-packages/airflow/example_dags/example_complex.py for tasks to queue
[2023-09-01T13:10:34.183+0900] {logging_mixin.py:151} INFO - [2023-09-01T13:10:34.182+0900] {dagbag.py:539} INFO - Filling up the DagBag from /usr/local/lib/python3.8/dist-packages/airflow/example_dags/example_complex.py
[2023-09-01T13:10:34.196+0900] {processor.py:839} INFO - DAG(s) dict_keys(['example_complex']) retrieved from /usr/local/lib/python3.8/dist-packages/airflow/example_dags/example_complex.py
[2023-09-01T13:10:34.217+0900] {logging_mixin.py:151} INFO - [2023-09-01T13:10:34.217+0900] {dag.py:2907} INFO - Sync 1 DAGs
[2023-09-01T13:10:34.224+0900] {logging_mixin.py:151} INFO - [2023-09-01T13:10:34.224+0900] {dag.py:3677} INFO - Setting next_dagrun for example_complex to None, run_after=None
[2023-09-01T13:10:34.235+0900] {processor.py:179} INFO - Processing /usr/local/lib/python3.8/dist-packages/airflow/example_dags/example_complex.py took 0.061 seconds
[2023-09-01T13:11:23.482+0900] {processor.py:157} INFO - Started process (PID=5452) to work on /usr/local/lib/python3.8/dist-packages/airflow/example_dags/example_complex.py
[2023-09-01T13:11:23.486+0900] {processor.py:829} INFO - Processing file /usr/local/lib/python3.8/dist-packages/airflow/example_dags/example_complex.py for tasks to queue
[2023-09-01T13:11:23.490+0900] {logging_mixin.py:151} INFO - [2023-09-01T13:11:23.488+0900] {dagbag.py:539} INFO - Filling up the DagBag from /usr/local/lib/python3.8/dist-packages/airflow/example_dags/example_complex.py
[2023-09-01T13:11:23.534+0900] {processor.py:839} INFO - DAG(s) dict_keys(['example_complex']) retrieved from /usr/local/lib/python3.8/dist-packages/airflow/example_dags/example_complex.py
[2023-09-01T13:11:23.641+0900] {logging_mixin.py:151} INFO - [2023-09-01T13:11:23.641+0900] {dag.py:2907} INFO - Sync 1 DAGs
[2023-09-01T13:11:23.656+0900] {logging_mixin.py:151} INFO - [2023-09-01T13:11:23.656+0900] {dag.py:3677} INFO - Setting next_dagrun for example_complex to None, run_after=None
[2023-09-01T13:11:23.670+0900] {processor.py:179} INFO - Processing /usr/local/lib/python3.8/dist-packages/airflow/example_dags/example_complex.py took 0.213 seconds
[2023-09-01T13:13:14.079+0900] {processor.py:157} INFO - Started process (PID=6079) to work on /usr/local/lib/python3.8/dist-packages/airflow/example_dags/example_complex.py
[2023-09-01T13:13:14.079+0900] {processor.py:829} INFO - Processing file /usr/local/lib/python3.8/dist-packages/airflow/example_dags/example_complex.py for tasks to queue
[2023-09-01T13:13:14.080+0900] {logging_mixin.py:151} INFO - [2023-09-01T13:13:14.080+0900] {dagbag.py:539} INFO - Filling up the DagBag from /usr/local/lib/python3.8/dist-packages/airflow/example_dags/example_complex.py
[2023-09-01T13:13:14.088+0900] {processor.py:839} INFO - DAG(s) dict_keys(['example_complex']) retrieved from /usr/local/lib/python3.8/dist-packages/airflow/example_dags/example_complex.py
[2023-09-01T13:13:14.108+0900] {logging_mixin.py:151} INFO - [2023-09-01T13:13:14.108+0900] {dag.py:2907} INFO - Sync 1 DAGs
[2023-09-01T13:13:14.117+0900] {logging_mixin.py:151} INFO - [2023-09-01T13:13:14.117+0900] {dag.py:3677} INFO - Setting next_dagrun for example_complex to None, run_after=None
[2023-09-01T13:13:14.129+0900] {processor.py:179} INFO - Processing /usr/local/lib/python3.8/dist-packages/airflow/example_dags/example_complex.py took 0.053 seconds
[2023-09-01T13:13:59.420+0900] {processor.py:157} INFO - Started process (PID=6512) to work on /usr/local/lib/python3.8/dist-packages/airflow/example_dags/example_complex.py
[2023-09-01T13:13:59.422+0900] {processor.py:829} INFO - Processing file /usr/local/lib/python3.8/dist-packages/airflow/example_dags/example_complex.py for tasks to queue
[2023-09-01T13:13:59.422+0900] {logging_mixin.py:151} INFO - [2023-09-01T13:13:59.422+0900] {dagbag.py:539} INFO - Filling up the DagBag from /usr/local/lib/python3.8/dist-packages/airflow/example_dags/example_complex.py
[2023-09-01T13:13:59.428+0900] {processor.py:839} INFO - DAG(s) dict_keys(['example_complex']) retrieved from /usr/local/lib/python3.8/dist-packages/airflow/example_dags/example_complex.py
[2023-09-01T13:13:59.441+0900] {logging_mixin.py:151} INFO - [2023-09-01T13:13:59.441+0900] {dag.py:2907} INFO - Sync 1 DAGs
[2023-09-01T13:13:59.446+0900] {logging_mixin.py:151} INFO - [2023-09-01T13:13:59.446+0900] {dag.py:3677} INFO - Setting next_dagrun for example_complex to None, run_after=None
[2023-09-01T13:13:59.454+0900] {processor.py:179} INFO - Processing /usr/local/lib/python3.8/dist-packages/airflow/example_dags/example_complex.py took 0.036 seconds
[2023-09-01T13:14:42.575+0900] {processor.py:157} INFO - Started process (PID=7420) to work on /usr/local/lib/python3.8/dist-packages/airflow/example_dags/example_complex.py
[2023-09-01T13:14:42.577+0900] {processor.py:829} INFO - Processing file /usr/local/lib/python3.8/dist-packages/airflow/example_dags/example_complex.py for tasks to queue
[2023-09-01T13:14:42.579+0900] {logging_mixin.py:151} INFO - [2023-09-01T13:14:42.578+0900] {dagbag.py:539} INFO - Filling up the DagBag from /usr/local/lib/python3.8/dist-packages/airflow/example_dags/example_complex.py
[2023-09-01T13:14:42.590+0900] {processor.py:839} INFO - DAG(s) dict_keys(['example_complex']) retrieved from /usr/local/lib/python3.8/dist-packages/airflow/example_dags/example_complex.py
[2023-09-01T13:14:42.609+0900] {logging_mixin.py:151} INFO - [2023-09-01T13:14:42.609+0900] {dag.py:2907} INFO - Sync 1 DAGs
[2023-09-01T13:14:42.615+0900] {logging_mixin.py:151} INFO - [2023-09-01T13:14:42.615+0900] {dag.py:3677} INFO - Setting next_dagrun for example_complex to None, run_after=None
[2023-09-01T13:14:42.628+0900] {processor.py:179} INFO - Processing /usr/local/lib/python3.8/dist-packages/airflow/example_dags/example_complex.py took 0.057 seconds
[2023-09-01T13:15:27.178+0900] {processor.py:157} INFO - Started process (PID=7938) to work on /usr/local/lib/python3.8/dist-packages/airflow/example_dags/example_complex.py
[2023-09-01T13:15:27.179+0900] {processor.py:829} INFO - Processing file /usr/local/lib/python3.8/dist-packages/airflow/example_dags/example_complex.py for tasks to queue
[2023-09-01T13:15:27.180+0900] {logging_mixin.py:151} INFO - [2023-09-01T13:15:27.180+0900] {dagbag.py:539} INFO - Filling up the DagBag from /usr/local/lib/python3.8/dist-packages/airflow/example_dags/example_complex.py
[2023-09-01T13:15:27.188+0900] {processor.py:839} INFO - DAG(s) dict_keys(['example_complex']) retrieved from /usr/local/lib/python3.8/dist-packages/airflow/example_dags/example_complex.py
[2023-09-01T13:15:27.207+0900] {logging_mixin.py:151} INFO - [2023-09-01T13:15:27.206+0900] {dag.py:2907} INFO - Sync 1 DAGs
[2023-09-01T13:15:27.214+0900] {logging_mixin.py:151} INFO - [2023-09-01T13:15:27.214+0900] {dag.py:3677} INFO - Setting next_dagrun for example_complex to None, run_after=None
[2023-09-01T13:15:27.226+0900] {processor.py:179} INFO - Processing /usr/local/lib/python3.8/dist-packages/airflow/example_dags/example_complex.py took 0.051 seconds
[2023-09-01T13:16:14.092+0900] {processor.py:157} INFO - Started process (PID=8434) to work on /usr/local/lib/python3.8/dist-packages/airflow/example_dags/example_complex.py
[2023-09-01T13:16:14.094+0900] {processor.py:829} INFO - Processing file /usr/local/lib/python3.8/dist-packages/airflow/example_dags/example_complex.py for tasks to queue
[2023-09-01T13:16:14.096+0900] {logging_mixin.py:151} INFO - [2023-09-01T13:16:14.095+0900] {dagbag.py:539} INFO - Filling up the DagBag from /usr/local/lib/python3.8/dist-packages/airflow/example_dags/example_complex.py
[2023-09-01T13:16:14.108+0900] {processor.py:839} INFO - DAG(s) dict_keys(['example_complex']) retrieved from /usr/local/lib/python3.8/dist-packages/airflow/example_dags/example_complex.py
[2023-09-01T13:16:14.129+0900] {logging_mixin.py:151} INFO - [2023-09-01T13:16:14.129+0900] {dag.py:2907} INFO - Sync 1 DAGs
[2023-09-01T13:16:14.136+0900] {logging_mixin.py:151} INFO - [2023-09-01T13:16:14.136+0900] {dag.py:3677} INFO - Setting next_dagrun for example_complex to None, run_after=None
[2023-09-01T13:16:14.147+0900] {processor.py:179} INFO - Processing /usr/local/lib/python3.8/dist-packages/airflow/example_dags/example_complex.py took 0.060 seconds
[2023-09-01T13:16:58.427+0900] {processor.py:157} INFO - Started process (PID=8857) to work on /usr/local/lib/python3.8/dist-packages/airflow/example_dags/example_complex.py
[2023-09-01T13:16:58.429+0900] {processor.py:829} INFO - Processing file /usr/local/lib/python3.8/dist-packages/airflow/example_dags/example_complex.py for tasks to queue
[2023-09-01T13:16:58.431+0900] {logging_mixin.py:151} INFO - [2023-09-01T13:16:58.430+0900] {dagbag.py:539} INFO - Filling up the DagBag from /usr/local/lib/python3.8/dist-packages/airflow/example_dags/example_complex.py
[2023-09-01T13:16:58.444+0900] {processor.py:839} INFO - DAG(s) dict_keys(['example_complex']) retrieved from /usr/local/lib/python3.8/dist-packages/airflow/example_dags/example_complex.py
[2023-09-01T13:16:58.465+0900] {logging_mixin.py:151} INFO - [2023-09-01T13:16:58.465+0900] {dag.py:2907} INFO - Sync 1 DAGs
[2023-09-01T13:16:58.472+0900] {logging_mixin.py:151} INFO - [2023-09-01T13:16:58.472+0900] {dag.py:3677} INFO - Setting next_dagrun for example_complex to None, run_after=None
[2023-09-01T13:16:58.483+0900] {processor.py:179} INFO - Processing /usr/local/lib/python3.8/dist-packages/airflow/example_dags/example_complex.py took 0.062 seconds
[2023-09-01T13:17:45.577+0900] {processor.py:157} INFO - Started process (PID=9316) to work on /usr/local/lib/python3.8/dist-packages/airflow/example_dags/example_complex.py
[2023-09-01T13:17:45.579+0900] {processor.py:829} INFO - Processing file /usr/local/lib/python3.8/dist-packages/airflow/example_dags/example_complex.py for tasks to queue
[2023-09-01T13:17:45.580+0900] {logging_mixin.py:151} INFO - [2023-09-01T13:17:45.579+0900] {dagbag.py:539} INFO - Filling up the DagBag from /usr/local/lib/python3.8/dist-packages/airflow/example_dags/example_complex.py
[2023-09-01T13:17:45.592+0900] {processor.py:839} INFO - DAG(s) dict_keys(['example_complex']) retrieved from /usr/local/lib/python3.8/dist-packages/airflow/example_dags/example_complex.py
[2023-09-01T13:17:45.613+0900] {logging_mixin.py:151} INFO - [2023-09-01T13:17:45.612+0900] {dag.py:2907} INFO - Sync 1 DAGs
[2023-09-01T13:17:45.619+0900] {logging_mixin.py:151} INFO - [2023-09-01T13:17:45.619+0900] {dag.py:3677} INFO - Setting next_dagrun for example_complex to None, run_after=None
[2023-09-01T13:17:45.629+0900] {processor.py:179} INFO - Processing /usr/local/lib/python3.8/dist-packages/airflow/example_dags/example_complex.py took 0.056 seconds
[2023-09-01T13:18:32.264+0900] {processor.py:157} INFO - Started process (PID=9823) to work on /usr/local/lib/python3.8/dist-packages/airflow/example_dags/example_complex.py
[2023-09-01T13:18:32.265+0900] {processor.py:829} INFO - Processing file /usr/local/lib/python3.8/dist-packages/airflow/example_dags/example_complex.py for tasks to queue
[2023-09-01T13:18:32.267+0900] {logging_mixin.py:151} INFO - [2023-09-01T13:18:32.266+0900] {dagbag.py:539} INFO - Filling up the DagBag from /usr/local/lib/python3.8/dist-packages/airflow/example_dags/example_complex.py
[2023-09-01T13:18:32.278+0900] {processor.py:839} INFO - DAG(s) dict_keys(['example_complex']) retrieved from /usr/local/lib/python3.8/dist-packages/airflow/example_dags/example_complex.py
[2023-09-01T13:18:32.299+0900] {logging_mixin.py:151} INFO - [2023-09-01T13:18:32.299+0900] {dag.py:2907} INFO - Sync 1 DAGs
[2023-09-01T13:18:32.305+0900] {logging_mixin.py:151} INFO - [2023-09-01T13:18:32.305+0900] {dag.py:3677} INFO - Setting next_dagrun for example_complex to None, run_after=None
[2023-09-01T13:18:32.316+0900] {processor.py:179} INFO - Processing /usr/local/lib/python3.8/dist-packages/airflow/example_dags/example_complex.py took 0.057 seconds
[2023-09-01T13:19:16.526+0900] {processor.py:157} INFO - Started process (PID=10245) to work on /usr/local/lib/python3.8/dist-packages/airflow/example_dags/example_complex.py
[2023-09-01T13:19:16.527+0900] {processor.py:829} INFO - Processing file /usr/local/lib/python3.8/dist-packages/airflow/example_dags/example_complex.py for tasks to queue
[2023-09-01T13:19:16.529+0900] {logging_mixin.py:151} INFO - [2023-09-01T13:19:16.528+0900] {dagbag.py:539} INFO - Filling up the DagBag from /usr/local/lib/python3.8/dist-packages/airflow/example_dags/example_complex.py
[2023-09-01T13:19:16.541+0900] {processor.py:839} INFO - DAG(s) dict_keys(['example_complex']) retrieved from /usr/local/lib/python3.8/dist-packages/airflow/example_dags/example_complex.py
[2023-09-01T13:19:16.563+0900] {logging_mixin.py:151} INFO - [2023-09-01T13:19:16.563+0900] {dag.py:2907} INFO - Sync 1 DAGs
[2023-09-01T13:19:16.569+0900] {logging_mixin.py:151} INFO - [2023-09-01T13:19:16.569+0900] {dag.py:3677} INFO - Setting next_dagrun for example_complex to None, run_after=None
[2023-09-01T13:19:16.578+0900] {processor.py:179} INFO - Processing /usr/local/lib/python3.8/dist-packages/airflow/example_dags/example_complex.py took 0.056 seconds
[2023-09-01T13:20:01.968+0900] {processor.py:157} INFO - Started process (PID=10682) to work on /usr/local/lib/python3.8/dist-packages/airflow/example_dags/example_complex.py
[2023-09-01T13:20:01.971+0900] {processor.py:829} INFO - Processing file /usr/local/lib/python3.8/dist-packages/airflow/example_dags/example_complex.py for tasks to queue
[2023-09-01T13:20:01.972+0900] {logging_mixin.py:151} INFO - [2023-09-01T13:20:01.971+0900] {dagbag.py:539} INFO - Filling up the DagBag from /usr/local/lib/python3.8/dist-packages/airflow/example_dags/example_complex.py
[2023-09-01T13:20:01.983+0900] {processor.py:839} INFO - DAG(s) dict_keys(['example_complex']) retrieved from /usr/local/lib/python3.8/dist-packages/airflow/example_dags/example_complex.py
[2023-09-01T13:20:02.003+0900] {logging_mixin.py:151} INFO - [2023-09-01T13:20:02.003+0900] {dag.py:2907} INFO - Sync 1 DAGs
[2023-09-01T13:20:02.009+0900] {logging_mixin.py:151} INFO - [2023-09-01T13:20:02.009+0900] {dag.py:3677} INFO - Setting next_dagrun for example_complex to None, run_after=None
[2023-09-01T13:20:02.019+0900] {processor.py:179} INFO - Processing /usr/local/lib/python3.8/dist-packages/airflow/example_dags/example_complex.py took 0.055 seconds
[2023-09-01T13:20:58.693+0900] {processor.py:157} INFO - Started process (PID=11254) to work on /usr/local/lib/python3.8/dist-packages/airflow/example_dags/example_complex.py
[2023-09-01T13:20:58.696+0900] {processor.py:829} INFO - Processing file /usr/local/lib/python3.8/dist-packages/airflow/example_dags/example_complex.py for tasks to queue
[2023-09-01T13:20:58.697+0900] {logging_mixin.py:151} INFO - [2023-09-01T13:20:58.696+0900] {dagbag.py:539} INFO - Filling up the DagBag from /usr/local/lib/python3.8/dist-packages/airflow/example_dags/example_complex.py
[2023-09-01T13:20:58.707+0900] {processor.py:839} INFO - DAG(s) dict_keys(['example_complex']) retrieved from /usr/local/lib/python3.8/dist-packages/airflow/example_dags/example_complex.py
[2023-09-01T13:20:58.726+0900] {logging_mixin.py:151} INFO - [2023-09-01T13:20:58.726+0900] {dag.py:2907} INFO - Sync 1 DAGs
[2023-09-01T13:20:58.732+0900] {logging_mixin.py:151} INFO - [2023-09-01T13:20:58.732+0900] {dag.py:3677} INFO - Setting next_dagrun for example_complex to None, run_after=None
[2023-09-01T13:20:58.742+0900] {processor.py:179} INFO - Processing /usr/local/lib/python3.8/dist-packages/airflow/example_dags/example_complex.py took 0.053 seconds
[2023-09-01T13:22:00.819+0900] {processor.py:157} INFO - Started process (PID=11777) to work on /usr/local/lib/python3.8/dist-packages/airflow/example_dags/example_complex.py
[2023-09-01T13:22:00.820+0900] {processor.py:829} INFO - Processing file /usr/local/lib/python3.8/dist-packages/airflow/example_dags/example_complex.py for tasks to queue
[2023-09-01T13:22:00.822+0900] {logging_mixin.py:151} INFO - [2023-09-01T13:22:00.821+0900] {dagbag.py:539} INFO - Filling up the DagBag from /usr/local/lib/python3.8/dist-packages/airflow/example_dags/example_complex.py
[2023-09-01T13:22:00.834+0900] {processor.py:839} INFO - DAG(s) dict_keys(['example_complex']) retrieved from /usr/local/lib/python3.8/dist-packages/airflow/example_dags/example_complex.py
[2023-09-01T13:22:00.854+0900] {logging_mixin.py:151} INFO - [2023-09-01T13:22:00.854+0900] {dag.py:2907} INFO - Sync 1 DAGs
[2023-09-01T13:22:00.861+0900] {logging_mixin.py:151} INFO - [2023-09-01T13:22:00.861+0900] {dag.py:3677} INFO - Setting next_dagrun for example_complex to None, run_after=None
[2023-09-01T13:22:00.871+0900] {processor.py:179} INFO - Processing /usr/local/lib/python3.8/dist-packages/airflow/example_dags/example_complex.py took 0.058 seconds
[2023-09-01T13:22:43.619+0900] {processor.py:157} INFO - Started process (PID=12195) to work on /usr/local/lib/python3.8/dist-packages/airflow/example_dags/example_complex.py
[2023-09-01T13:22:43.621+0900] {processor.py:829} INFO - Processing file /usr/local/lib/python3.8/dist-packages/airflow/example_dags/example_complex.py for tasks to queue
[2023-09-01T13:22:43.622+0900] {logging_mixin.py:151} INFO - [2023-09-01T13:22:43.621+0900] {dagbag.py:539} INFO - Filling up the DagBag from /usr/local/lib/python3.8/dist-packages/airflow/example_dags/example_complex.py
[2023-09-01T13:22:43.635+0900] {processor.py:839} INFO - DAG(s) dict_keys(['example_complex']) retrieved from /usr/local/lib/python3.8/dist-packages/airflow/example_dags/example_complex.py
[2023-09-01T13:22:43.656+0900] {logging_mixin.py:151} INFO - [2023-09-01T13:22:43.656+0900] {dag.py:2907} INFO - Sync 1 DAGs
[2023-09-01T13:22:43.662+0900] {logging_mixin.py:151} INFO - [2023-09-01T13:22:43.662+0900] {dag.py:3677} INFO - Setting next_dagrun for example_complex to None, run_after=None
[2023-09-01T13:22:43.673+0900] {processor.py:179} INFO - Processing /usr/local/lib/python3.8/dist-packages/airflow/example_dags/example_complex.py took 0.058 seconds
[2023-09-01T13:23:27.286+0900] {processor.py:157} INFO - Started process (PID=12648) to work on /usr/local/lib/python3.8/dist-packages/airflow/example_dags/example_complex.py
[2023-09-01T13:23:27.287+0900] {processor.py:829} INFO - Processing file /usr/local/lib/python3.8/dist-packages/airflow/example_dags/example_complex.py for tasks to queue
[2023-09-01T13:23:27.288+0900] {logging_mixin.py:151} INFO - [2023-09-01T13:23:27.287+0900] {dagbag.py:539} INFO - Filling up the DagBag from /usr/local/lib/python3.8/dist-packages/airflow/example_dags/example_complex.py
[2023-09-01T13:23:27.297+0900] {processor.py:839} INFO - DAG(s) dict_keys(['example_complex']) retrieved from /usr/local/lib/python3.8/dist-packages/airflow/example_dags/example_complex.py
[2023-09-01T13:23:27.314+0900] {logging_mixin.py:151} INFO - [2023-09-01T13:23:27.314+0900] {dag.py:2907} INFO - Sync 1 DAGs
[2023-09-01T13:23:27.320+0900] {logging_mixin.py:151} INFO - [2023-09-01T13:23:27.320+0900] {dag.py:3677} INFO - Setting next_dagrun for example_complex to None, run_after=None
[2023-09-01T13:23:27.330+0900] {processor.py:179} INFO - Processing /usr/local/lib/python3.8/dist-packages/airflow/example_dags/example_complex.py took 0.047 seconds
[2023-09-01T13:24:12.297+0900] {processor.py:157} INFO - Started process (PID=13071) to work on /usr/local/lib/python3.8/dist-packages/airflow/example_dags/example_complex.py
[2023-09-01T13:24:12.298+0900] {processor.py:829} INFO - Processing file /usr/local/lib/python3.8/dist-packages/airflow/example_dags/example_complex.py for tasks to queue
[2023-09-01T13:24:12.300+0900] {logging_mixin.py:151} INFO - [2023-09-01T13:24:12.299+0900] {dagbag.py:539} INFO - Filling up the DagBag from /usr/local/lib/python3.8/dist-packages/airflow/example_dags/example_complex.py
[2023-09-01T13:24:12.311+0900] {processor.py:839} INFO - DAG(s) dict_keys(['example_complex']) retrieved from /usr/local/lib/python3.8/dist-packages/airflow/example_dags/example_complex.py
[2023-09-01T13:24:12.331+0900] {logging_mixin.py:151} INFO - [2023-09-01T13:24:12.331+0900] {dag.py:2907} INFO - Sync 1 DAGs
[2023-09-01T13:24:12.338+0900] {logging_mixin.py:151} INFO - [2023-09-01T13:24:12.338+0900] {dag.py:3677} INFO - Setting next_dagrun for example_complex to None, run_after=None
[2023-09-01T13:24:12.349+0900] {processor.py:179} INFO - Processing /usr/local/lib/python3.8/dist-packages/airflow/example_dags/example_complex.py took 0.057 seconds
[2023-09-01T13:24:59.414+0900] {processor.py:157} INFO - Started process (PID=13557) to work on /usr/local/lib/python3.8/dist-packages/airflow/example_dags/example_complex.py
[2023-09-01T13:24:59.415+0900] {processor.py:829} INFO - Processing file /usr/local/lib/python3.8/dist-packages/airflow/example_dags/example_complex.py for tasks to queue
[2023-09-01T13:24:59.417+0900] {logging_mixin.py:151} INFO - [2023-09-01T13:24:59.416+0900] {dagbag.py:539} INFO - Filling up the DagBag from /usr/local/lib/python3.8/dist-packages/airflow/example_dags/example_complex.py
[2023-09-01T13:24:59.427+0900] {processor.py:839} INFO - DAG(s) dict_keys(['example_complex']) retrieved from /usr/local/lib/python3.8/dist-packages/airflow/example_dags/example_complex.py
[2023-09-01T13:24:59.445+0900] {logging_mixin.py:151} INFO - [2023-09-01T13:24:59.445+0900] {dag.py:2907} INFO - Sync 1 DAGs
[2023-09-01T13:24:59.452+0900] {logging_mixin.py:151} INFO - [2023-09-01T13:24:59.452+0900] {dag.py:3677} INFO - Setting next_dagrun for example_complex to None, run_after=None
[2023-09-01T13:24:59.462+0900] {processor.py:179} INFO - Processing /usr/local/lib/python3.8/dist-packages/airflow/example_dags/example_complex.py took 0.055 seconds
[2023-09-01T13:26:23.441+0900] {processor.py:157} INFO - Started process (PID=14660) to work on /usr/local/lib/python3.8/dist-packages/airflow/example_dags/example_complex.py
[2023-09-01T13:26:23.443+0900] {processor.py:829} INFO - Processing file /usr/local/lib/python3.8/dist-packages/airflow/example_dags/example_complex.py for tasks to queue
[2023-09-01T13:26:23.444+0900] {logging_mixin.py:151} INFO - [2023-09-01T13:26:23.443+0900] {dagbag.py:539} INFO - Filling up the DagBag from /usr/local/lib/python3.8/dist-packages/airflow/example_dags/example_complex.py
[2023-09-01T13:26:23.457+0900] {processor.py:839} INFO - DAG(s) dict_keys(['example_complex']) retrieved from /usr/local/lib/python3.8/dist-packages/airflow/example_dags/example_complex.py
[2023-09-01T13:26:23.477+0900] {logging_mixin.py:151} INFO - [2023-09-01T13:26:23.477+0900] {dag.py:2907} INFO - Sync 1 DAGs
[2023-09-01T13:26:23.484+0900] {logging_mixin.py:151} INFO - [2023-09-01T13:26:23.484+0900] {dag.py:3677} INFO - Setting next_dagrun for example_complex to None, run_after=None
[2023-09-01T13:26:23.494+0900] {processor.py:179} INFO - Processing /usr/local/lib/python3.8/dist-packages/airflow/example_dags/example_complex.py took 0.059 seconds
[2023-09-01T13:27:08.526+0900] {processor.py:157} INFO - Started process (PID=15096) to work on /usr/local/lib/python3.8/dist-packages/airflow/example_dags/example_complex.py
[2023-09-01T13:27:08.527+0900] {processor.py:829} INFO - Processing file /usr/local/lib/python3.8/dist-packages/airflow/example_dags/example_complex.py for tasks to queue
[2023-09-01T13:27:08.528+0900] {logging_mixin.py:151} INFO - [2023-09-01T13:27:08.528+0900] {dagbag.py:539} INFO - Filling up the DagBag from /usr/local/lib/python3.8/dist-packages/airflow/example_dags/example_complex.py
[2023-09-01T13:27:08.534+0900] {processor.py:839} INFO - DAG(s) dict_keys(['example_complex']) retrieved from /usr/local/lib/python3.8/dist-packages/airflow/example_dags/example_complex.py
[2023-09-01T13:27:08.555+0900] {logging_mixin.py:151} INFO - [2023-09-01T13:27:08.555+0900] {dag.py:2907} INFO - Sync 1 DAGs
[2023-09-01T13:27:08.562+0900] {logging_mixin.py:151} INFO - [2023-09-01T13:27:08.562+0900] {dag.py:3677} INFO - Setting next_dagrun for example_complex to None, run_after=None
[2023-09-01T13:27:08.573+0900] {processor.py:179} INFO - Processing /usr/local/lib/python3.8/dist-packages/airflow/example_dags/example_complex.py took 0.051 seconds
[2023-09-01T13:27:52.538+0900] {processor.py:157} INFO - Started process (PID=15523) to work on /usr/local/lib/python3.8/dist-packages/airflow/example_dags/example_complex.py
[2023-09-01T13:27:52.539+0900] {processor.py:829} INFO - Processing file /usr/local/lib/python3.8/dist-packages/airflow/example_dags/example_complex.py for tasks to queue
[2023-09-01T13:27:52.539+0900] {logging_mixin.py:151} INFO - [2023-09-01T13:27:52.539+0900] {dagbag.py:539} INFO - Filling up the DagBag from /usr/local/lib/python3.8/dist-packages/airflow/example_dags/example_complex.py
[2023-09-01T13:27:52.546+0900] {processor.py:839} INFO - DAG(s) dict_keys(['example_complex']) retrieved from /usr/local/lib/python3.8/dist-packages/airflow/example_dags/example_complex.py
[2023-09-01T13:27:52.558+0900] {logging_mixin.py:151} INFO - [2023-09-01T13:27:52.558+0900] {dag.py:2907} INFO - Sync 1 DAGs
[2023-09-01T13:27:52.563+0900] {logging_mixin.py:151} INFO - [2023-09-01T13:27:52.563+0900] {dag.py:3677} INFO - Setting next_dagrun for example_complex to None, run_after=None
[2023-09-01T13:27:52.572+0900] {processor.py:179} INFO - Processing /usr/local/lib/python3.8/dist-packages/airflow/example_dags/example_complex.py took 0.036 seconds
[2023-09-01T13:28:38.316+0900] {processor.py:157} INFO - Started process (PID=15962) to work on /usr/local/lib/python3.8/dist-packages/airflow/example_dags/example_complex.py
[2023-09-01T13:28:38.317+0900] {processor.py:829} INFO - Processing file /usr/local/lib/python3.8/dist-packages/airflow/example_dags/example_complex.py for tasks to queue
[2023-09-01T13:28:38.318+0900] {logging_mixin.py:151} INFO - [2023-09-01T13:28:38.317+0900] {dagbag.py:539} INFO - Filling up the DagBag from /usr/local/lib/python3.8/dist-packages/airflow/example_dags/example_complex.py
[2023-09-01T13:28:38.329+0900] {processor.py:839} INFO - DAG(s) dict_keys(['example_complex']) retrieved from /usr/local/lib/python3.8/dist-packages/airflow/example_dags/example_complex.py
[2023-09-01T13:28:38.349+0900] {logging_mixin.py:151} INFO - [2023-09-01T13:28:38.349+0900] {dag.py:2907} INFO - Sync 1 DAGs
[2023-09-01T13:28:38.355+0900] {logging_mixin.py:151} INFO - [2023-09-01T13:28:38.355+0900] {dag.py:3677} INFO - Setting next_dagrun for example_complex to None, run_after=None
[2023-09-01T13:28:38.366+0900] {processor.py:179} INFO - Processing /usr/local/lib/python3.8/dist-packages/airflow/example_dags/example_complex.py took 0.055 seconds
[2023-09-01T13:29:26.490+0900] {processor.py:157} INFO - Started process (PID=16453) to work on /usr/local/lib/python3.8/dist-packages/airflow/example_dags/example_complex.py
[2023-09-01T13:29:26.491+0900] {processor.py:829} INFO - Processing file /usr/local/lib/python3.8/dist-packages/airflow/example_dags/example_complex.py for tasks to queue
[2023-09-01T13:29:26.492+0900] {logging_mixin.py:151} INFO - [2023-09-01T13:29:26.492+0900] {dagbag.py:539} INFO - Filling up the DagBag from /usr/local/lib/python3.8/dist-packages/airflow/example_dags/example_complex.py
[2023-09-01T13:29:26.504+0900] {processor.py:839} INFO - DAG(s) dict_keys(['example_complex']) retrieved from /usr/local/lib/python3.8/dist-packages/airflow/example_dags/example_complex.py
[2023-09-01T13:29:26.526+0900] {logging_mixin.py:151} INFO - [2023-09-01T13:29:26.526+0900] {dag.py:2907} INFO - Sync 1 DAGs
[2023-09-01T13:29:26.533+0900] {logging_mixin.py:151} INFO - [2023-09-01T13:29:26.533+0900] {dag.py:3677} INFO - Setting next_dagrun for example_complex to None, run_after=None
[2023-09-01T13:29:26.546+0900] {processor.py:179} INFO - Processing /usr/local/lib/python3.8/dist-packages/airflow/example_dags/example_complex.py took 0.061 seconds
[2023-09-01T13:30:14.342+0900] {processor.py:157} INFO - Started process (PID=16918) to work on /usr/local/lib/python3.8/dist-packages/airflow/example_dags/example_complex.py
[2023-09-01T13:30:14.343+0900] {processor.py:829} INFO - Processing file /usr/local/lib/python3.8/dist-packages/airflow/example_dags/example_complex.py for tasks to queue
[2023-09-01T13:30:14.344+0900] {logging_mixin.py:151} INFO - [2023-09-01T13:30:14.343+0900] {dagbag.py:539} INFO - Filling up the DagBag from /usr/local/lib/python3.8/dist-packages/airflow/example_dags/example_complex.py
[2023-09-01T13:30:14.356+0900] {processor.py:839} INFO - DAG(s) dict_keys(['example_complex']) retrieved from /usr/local/lib/python3.8/dist-packages/airflow/example_dags/example_complex.py
[2023-09-01T13:30:14.376+0900] {logging_mixin.py:151} INFO - [2023-09-01T13:30:14.376+0900] {dag.py:2907} INFO - Sync 1 DAGs
[2023-09-01T13:30:14.382+0900] {logging_mixin.py:151} INFO - [2023-09-01T13:30:14.382+0900] {dag.py:3677} INFO - Setting next_dagrun for example_complex to None, run_after=None
[2023-09-01T13:30:14.393+0900] {processor.py:179} INFO - Processing /usr/local/lib/python3.8/dist-packages/airflow/example_dags/example_complex.py took 0.058 seconds
[2023-09-01T13:30:57.622+0900] {processor.py:157} INFO - Started process (PID=17334) to work on /usr/local/lib/python3.8/dist-packages/airflow/example_dags/example_complex.py
[2023-09-01T13:30:57.623+0900] {processor.py:829} INFO - Processing file /usr/local/lib/python3.8/dist-packages/airflow/example_dags/example_complex.py for tasks to queue
[2023-09-01T13:30:57.624+0900] {logging_mixin.py:151} INFO - [2023-09-01T13:30:57.624+0900] {dagbag.py:539} INFO - Filling up the DagBag from /usr/local/lib/python3.8/dist-packages/airflow/example_dags/example_complex.py
[2023-09-01T13:30:57.636+0900] {processor.py:839} INFO - DAG(s) dict_keys(['example_complex']) retrieved from /usr/local/lib/python3.8/dist-packages/airflow/example_dags/example_complex.py
[2023-09-01T13:30:57.657+0900] {logging_mixin.py:151} INFO - [2023-09-01T13:30:57.657+0900] {dag.py:2907} INFO - Sync 1 DAGs
[2023-09-01T13:30:57.663+0900] {logging_mixin.py:151} INFO - [2023-09-01T13:30:57.663+0900] {dag.py:3677} INFO - Setting next_dagrun for example_complex to None, run_after=None
[2023-09-01T13:30:57.674+0900] {processor.py:179} INFO - Processing /usr/local/lib/python3.8/dist-packages/airflow/example_dags/example_complex.py took 0.057 seconds
[2023-09-01T13:31:40.249+0900] {processor.py:157} INFO - Started process (PID=17748) to work on /usr/local/lib/python3.8/dist-packages/airflow/example_dags/example_complex.py
[2023-09-01T13:31:40.250+0900] {processor.py:829} INFO - Processing file /usr/local/lib/python3.8/dist-packages/airflow/example_dags/example_complex.py for tasks to queue
[2023-09-01T13:31:40.251+0900] {logging_mixin.py:151} INFO - [2023-09-01T13:31:40.251+0900] {dagbag.py:539} INFO - Filling up the DagBag from /usr/local/lib/python3.8/dist-packages/airflow/example_dags/example_complex.py
[2023-09-01T13:31:40.267+0900] {processor.py:839} INFO - DAG(s) dict_keys(['example_complex']) retrieved from /usr/local/lib/python3.8/dist-packages/airflow/example_dags/example_complex.py
[2023-09-01T13:31:40.289+0900] {logging_mixin.py:151} INFO - [2023-09-01T13:31:40.289+0900] {dag.py:2907} INFO - Sync 1 DAGs
[2023-09-01T13:31:40.295+0900] {logging_mixin.py:151} INFO - [2023-09-01T13:31:40.295+0900] {dag.py:3677} INFO - Setting next_dagrun for example_complex to None, run_after=None
[2023-09-01T13:31:40.307+0900] {processor.py:179} INFO - Processing /usr/local/lib/python3.8/dist-packages/airflow/example_dags/example_complex.py took 0.064 seconds
[2023-09-01T13:32:25.269+0900] {processor.py:157} INFO - Started process (PID=18189) to work on /usr/local/lib/python3.8/dist-packages/airflow/example_dags/example_complex.py
[2023-09-01T13:32:25.270+0900] {processor.py:829} INFO - Processing file /usr/local/lib/python3.8/dist-packages/airflow/example_dags/example_complex.py for tasks to queue
[2023-09-01T13:32:25.271+0900] {logging_mixin.py:151} INFO - [2023-09-01T13:32:25.270+0900] {dagbag.py:539} INFO - Filling up the DagBag from /usr/local/lib/python3.8/dist-packages/airflow/example_dags/example_complex.py
[2023-09-01T13:32:25.277+0900] {processor.py:839} INFO - DAG(s) dict_keys(['example_complex']) retrieved from /usr/local/lib/python3.8/dist-packages/airflow/example_dags/example_complex.py
[2023-09-01T13:32:25.290+0900] {logging_mixin.py:151} INFO - [2023-09-01T13:32:25.290+0900] {dag.py:2907} INFO - Sync 1 DAGs
[2023-09-01T13:32:25.295+0900] {logging_mixin.py:151} INFO - [2023-09-01T13:32:25.294+0900] {dag.py:3677} INFO - Setting next_dagrun for example_complex to None, run_after=None
[2023-09-01T13:32:25.305+0900] {processor.py:179} INFO - Processing /usr/local/lib/python3.8/dist-packages/airflow/example_dags/example_complex.py took 0.038 seconds
[2023-09-01T13:33:09.929+0900] {processor.py:157} INFO - Started process (PID=18621) to work on /usr/local/lib/python3.8/dist-packages/airflow/example_dags/example_complex.py
[2023-09-01T13:33:09.931+0900] {processor.py:829} INFO - Processing file /usr/local/lib/python3.8/dist-packages/airflow/example_dags/example_complex.py for tasks to queue
[2023-09-01T13:33:09.932+0900] {logging_mixin.py:151} INFO - [2023-09-01T13:33:09.931+0900] {dagbag.py:539} INFO - Filling up the DagBag from /usr/local/lib/python3.8/dist-packages/airflow/example_dags/example_complex.py
[2023-09-01T13:33:09.944+0900] {processor.py:839} INFO - DAG(s) dict_keys(['example_complex']) retrieved from /usr/local/lib/python3.8/dist-packages/airflow/example_dags/example_complex.py
[2023-09-01T13:33:09.965+0900] {logging_mixin.py:151} INFO - [2023-09-01T13:33:09.965+0900] {dag.py:2907} INFO - Sync 1 DAGs
[2023-09-01T13:33:09.971+0900] {logging_mixin.py:151} INFO - [2023-09-01T13:33:09.971+0900] {dag.py:3677} INFO - Setting next_dagrun for example_complex to None, run_after=None
[2023-09-01T13:33:09.981+0900] {processor.py:179} INFO - Processing /usr/local/lib/python3.8/dist-packages/airflow/example_dags/example_complex.py took 0.057 seconds
[2023-09-01T13:33:58.916+0900] {processor.py:157} INFO - Started process (PID=19115) to work on /usr/local/lib/python3.8/dist-packages/airflow/example_dags/example_complex.py
[2023-09-01T13:33:58.918+0900] {processor.py:829} INFO - Processing file /usr/local/lib/python3.8/dist-packages/airflow/example_dags/example_complex.py for tasks to queue
[2023-09-01T13:33:58.919+0900] {logging_mixin.py:151} INFO - [2023-09-01T13:33:58.918+0900] {dagbag.py:539} INFO - Filling up the DagBag from /usr/local/lib/python3.8/dist-packages/airflow/example_dags/example_complex.py
[2023-09-01T13:33:58.931+0900] {processor.py:839} INFO - DAG(s) dict_keys(['example_complex']) retrieved from /usr/local/lib/python3.8/dist-packages/airflow/example_dags/example_complex.py
[2023-09-01T13:33:58.951+0900] {logging_mixin.py:151} INFO - [2023-09-01T13:33:58.951+0900] {dag.py:2907} INFO - Sync 1 DAGs
[2023-09-01T13:33:58.958+0900] {logging_mixin.py:151} INFO - [2023-09-01T13:33:58.958+0900] {dag.py:3677} INFO - Setting next_dagrun for example_complex to None, run_after=None
[2023-09-01T13:33:58.969+0900] {processor.py:179} INFO - Processing /usr/local/lib/python3.8/dist-packages/airflow/example_dags/example_complex.py took 0.057 seconds
[2023-09-01T13:34:44.094+0900] {processor.py:157} INFO - Started process (PID=19551) to work on /usr/local/lib/python3.8/dist-packages/airflow/example_dags/example_complex.py
[2023-09-01T13:34:44.095+0900] {processor.py:829} INFO - Processing file /usr/local/lib/python3.8/dist-packages/airflow/example_dags/example_complex.py for tasks to queue
[2023-09-01T13:34:44.096+0900] {logging_mixin.py:151} INFO - [2023-09-01T13:34:44.096+0900] {dagbag.py:539} INFO - Filling up the DagBag from /usr/local/lib/python3.8/dist-packages/airflow/example_dags/example_complex.py
[2023-09-01T13:34:44.109+0900] {processor.py:839} INFO - DAG(s) dict_keys(['example_complex']) retrieved from /usr/local/lib/python3.8/dist-packages/airflow/example_dags/example_complex.py
[2023-09-01T13:34:44.131+0900] {logging_mixin.py:151} INFO - [2023-09-01T13:34:44.131+0900] {dag.py:2907} INFO - Sync 1 DAGs
[2023-09-01T13:34:44.138+0900] {logging_mixin.py:151} INFO - [2023-09-01T13:34:44.137+0900] {dag.py:3677} INFO - Setting next_dagrun for example_complex to None, run_after=None
[2023-09-01T13:34:44.148+0900] {processor.py:179} INFO - Processing /usr/local/lib/python3.8/dist-packages/airflow/example_dags/example_complex.py took 0.059 seconds
[2023-09-01T13:35:27.372+0900] {processor.py:157} INFO - Started process (PID=19975) to work on /usr/local/lib/python3.8/dist-packages/airflow/example_dags/example_complex.py
[2023-09-01T13:35:27.373+0900] {processor.py:829} INFO - Processing file /usr/local/lib/python3.8/dist-packages/airflow/example_dags/example_complex.py for tasks to queue
[2023-09-01T13:35:27.375+0900] {logging_mixin.py:151} INFO - [2023-09-01T13:35:27.374+0900] {dagbag.py:539} INFO - Filling up the DagBag from /usr/local/lib/python3.8/dist-packages/airflow/example_dags/example_complex.py
[2023-09-01T13:35:27.386+0900] {processor.py:839} INFO - DAG(s) dict_keys(['example_complex']) retrieved from /usr/local/lib/python3.8/dist-packages/airflow/example_dags/example_complex.py
[2023-09-01T13:35:27.408+0900] {logging_mixin.py:151} INFO - [2023-09-01T13:35:27.407+0900] {dag.py:2907} INFO - Sync 1 DAGs
[2023-09-01T13:35:27.414+0900] {logging_mixin.py:151} INFO - [2023-09-01T13:35:27.414+0900] {dag.py:3677} INFO - Setting next_dagrun for example_complex to None, run_after=None
[2023-09-01T13:35:27.425+0900] {processor.py:179} INFO - Processing /usr/local/lib/python3.8/dist-packages/airflow/example_dags/example_complex.py took 0.058 seconds
[2023-09-01T13:36:11.285+0900] {processor.py:157} INFO - Started process (PID=20402) to work on /usr/local/lib/python3.8/dist-packages/airflow/example_dags/example_complex.py
[2023-09-01T13:36:11.287+0900] {processor.py:829} INFO - Processing file /usr/local/lib/python3.8/dist-packages/airflow/example_dags/example_complex.py for tasks to queue
[2023-09-01T13:36:11.288+0900] {logging_mixin.py:151} INFO - [2023-09-01T13:36:11.287+0900] {dagbag.py:539} INFO - Filling up the DagBag from /usr/local/lib/python3.8/dist-packages/airflow/example_dags/example_complex.py
[2023-09-01T13:36:11.301+0900] {processor.py:839} INFO - DAG(s) dict_keys(['example_complex']) retrieved from /usr/local/lib/python3.8/dist-packages/airflow/example_dags/example_complex.py
[2023-09-01T13:36:11.323+0900] {logging_mixin.py:151} INFO - [2023-09-01T13:36:11.323+0900] {dag.py:2907} INFO - Sync 1 DAGs
[2023-09-01T13:36:11.330+0900] {logging_mixin.py:151} INFO - [2023-09-01T13:36:11.330+0900] {dag.py:3677} INFO - Setting next_dagrun for example_complex to None, run_after=None
[2023-09-01T13:36:11.340+0900] {processor.py:179} INFO - Processing /usr/local/lib/python3.8/dist-packages/airflow/example_dags/example_complex.py took 0.060 seconds
[2023-09-01T13:37:00.173+0900] {processor.py:157} INFO - Started process (PID=20869) to work on /usr/local/lib/python3.8/dist-packages/airflow/example_dags/example_complex.py
[2023-09-01T13:37:00.174+0900] {processor.py:829} INFO - Processing file /usr/local/lib/python3.8/dist-packages/airflow/example_dags/example_complex.py for tasks to queue
[2023-09-01T13:37:00.176+0900] {logging_mixin.py:151} INFO - [2023-09-01T13:37:00.175+0900] {dagbag.py:539} INFO - Filling up the DagBag from /usr/local/lib/python3.8/dist-packages/airflow/example_dags/example_complex.py
[2023-09-01T13:37:00.188+0900] {processor.py:839} INFO - DAG(s) dict_keys(['example_complex']) retrieved from /usr/local/lib/python3.8/dist-packages/airflow/example_dags/example_complex.py
[2023-09-01T13:37:00.209+0900] {logging_mixin.py:151} INFO - [2023-09-01T13:37:00.209+0900] {dag.py:2907} INFO - Sync 1 DAGs
[2023-09-01T13:37:00.215+0900] {logging_mixin.py:151} INFO - [2023-09-01T13:37:00.215+0900] {dag.py:3677} INFO - Setting next_dagrun for example_complex to None, run_after=None
[2023-09-01T13:37:00.227+0900] {processor.py:179} INFO - Processing /usr/local/lib/python3.8/dist-packages/airflow/example_dags/example_complex.py took 0.059 seconds
[2023-09-01T13:37:46.148+0900] {processor.py:157} INFO - Started process (PID=21309) to work on /usr/local/lib/python3.8/dist-packages/airflow/example_dags/example_complex.py
[2023-09-01T13:37:46.149+0900] {processor.py:829} INFO - Processing file /usr/local/lib/python3.8/dist-packages/airflow/example_dags/example_complex.py for tasks to queue
[2023-09-01T13:37:46.151+0900] {logging_mixin.py:151} INFO - [2023-09-01T13:37:46.150+0900] {dagbag.py:539} INFO - Filling up the DagBag from /usr/local/lib/python3.8/dist-packages/airflow/example_dags/example_complex.py
[2023-09-01T13:37:46.163+0900] {processor.py:839} INFO - DAG(s) dict_keys(['example_complex']) retrieved from /usr/local/lib/python3.8/dist-packages/airflow/example_dags/example_complex.py
[2023-09-01T13:37:46.182+0900] {logging_mixin.py:151} INFO - [2023-09-01T13:37:46.182+0900] {dag.py:2907} INFO - Sync 1 DAGs
[2023-09-01T13:37:46.189+0900] {logging_mixin.py:151} INFO - [2023-09-01T13:37:46.189+0900] {dag.py:3677} INFO - Setting next_dagrun for example_complex to None, run_after=None
[2023-09-01T13:37:46.200+0900] {processor.py:179} INFO - Processing /usr/local/lib/python3.8/dist-packages/airflow/example_dags/example_complex.py took 0.057 seconds
[2023-09-01T13:38:30.218+0900] {processor.py:157} INFO - Started process (PID=21740) to work on /usr/local/lib/python3.8/dist-packages/airflow/example_dags/example_complex.py
[2023-09-01T13:38:30.219+0900] {processor.py:829} INFO - Processing file /usr/local/lib/python3.8/dist-packages/airflow/example_dags/example_complex.py for tasks to queue
[2023-09-01T13:38:30.220+0900] {logging_mixin.py:151} INFO - [2023-09-01T13:38:30.220+0900] {dagbag.py:539} INFO - Filling up the DagBag from /usr/local/lib/python3.8/dist-packages/airflow/example_dags/example_complex.py
[2023-09-01T13:38:30.232+0900] {processor.py:839} INFO - DAG(s) dict_keys(['example_complex']) retrieved from /usr/local/lib/python3.8/dist-packages/airflow/example_dags/example_complex.py
[2023-09-01T13:38:30.252+0900] {logging_mixin.py:151} INFO - [2023-09-01T13:38:30.252+0900] {dag.py:2907} INFO - Sync 1 DAGs
[2023-09-01T13:38:30.259+0900] {logging_mixin.py:151} INFO - [2023-09-01T13:38:30.259+0900] {dag.py:3677} INFO - Setting next_dagrun for example_complex to None, run_after=None
[2023-09-01T13:38:30.270+0900] {processor.py:179} INFO - Processing /usr/local/lib/python3.8/dist-packages/airflow/example_dags/example_complex.py took 0.057 seconds
