[2023-09-01T13:07:33.654+0900] {processor.py:157} INFO - Started process (PID=1959) to work on /usr/local/lib/python3.8/dist-packages/airflow/example_dags/example_skip_dag.py
[2023-09-01T13:07:33.654+0900] {processor.py:829} INFO - Processing file /usr/local/lib/python3.8/dist-packages/airflow/example_dags/example_skip_dag.py for tasks to queue
[2023-09-01T13:07:33.655+0900] {logging_mixin.py:151} INFO - [2023-09-01T13:07:33.655+0900] {dagbag.py:539} INFO - Filling up the DagBag from /usr/local/lib/python3.8/dist-packages/airflow/example_dags/example_skip_dag.py
[2023-09-01T13:07:33.665+0900] {processor.py:839} INFO - DAG(s) dict_keys(['example_skip_dag']) retrieved from /usr/local/lib/python3.8/dist-packages/airflow/example_dags/example_skip_dag.py
[2023-09-01T13:07:33.779+0900] {logging_mixin.py:151} INFO - [2023-09-01T13:07:33.779+0900] {manager.py:501} INFO - Created Permission View: can delete on DAG:example_skip_dag
[2023-09-01T13:07:33.786+0900] {logging_mixin.py:151} INFO - [2023-09-01T13:07:33.785+0900] {manager.py:501} INFO - Created Permission View: can read on DAG:example_skip_dag
[2023-09-01T13:07:33.790+0900] {logging_mixin.py:151} INFO - [2023-09-01T13:07:33.790+0900] {manager.py:501} INFO - Created Permission View: can edit on DAG:example_skip_dag
[2023-09-01T13:07:33.796+0900] {logging_mixin.py:151} INFO - [2023-09-01T13:07:33.796+0900] {dag.py:2907} INFO - Sync 1 DAGs
[2023-09-01T13:07:33.800+0900] {logging_mixin.py:151} INFO - [2023-09-01T13:07:33.800+0900] {dag.py:2929} INFO - Creating ORM DAG for example_skip_dag
[2023-09-01T13:07:33.804+0900] {logging_mixin.py:151} INFO - [2023-09-01T13:07:33.803+0900] {dag.py:3677} INFO - Setting next_dagrun for example_skip_dag to 2023-08-31T04:07:33.803774+00:00, run_after=2023-09-01T04:07:33.803774+00:00
[2023-09-01T13:07:33.814+0900] {processor.py:179} INFO - Processing /usr/local/lib/python3.8/dist-packages/airflow/example_dags/example_skip_dag.py took 0.164 seconds
[2023-09-01T13:08:22.230+0900] {processor.py:157} INFO - Started process (PID=2460) to work on /usr/local/lib/python3.8/dist-packages/airflow/example_dags/example_skip_dag.py
[2023-09-01T13:08:22.232+0900] {processor.py:829} INFO - Processing file /usr/local/lib/python3.8/dist-packages/airflow/example_dags/example_skip_dag.py for tasks to queue
[2023-09-01T13:08:22.234+0900] {logging_mixin.py:151} INFO - [2023-09-01T13:08:22.233+0900] {dagbag.py:539} INFO - Filling up the DagBag from /usr/local/lib/python3.8/dist-packages/airflow/example_dags/example_skip_dag.py
[2023-09-01T13:08:22.243+0900] {processor.py:839} INFO - DAG(s) dict_keys(['example_skip_dag']) retrieved from /usr/local/lib/python3.8/dist-packages/airflow/example_dags/example_skip_dag.py
[2023-09-01T13:08:22.260+0900] {logging_mixin.py:151} INFO - [2023-09-01T13:08:22.260+0900] {dag.py:2907} INFO - Sync 1 DAGs
[2023-09-01T13:08:22.273+0900] {logging_mixin.py:151} INFO - [2023-09-01T13:08:22.273+0900] {dag.py:3677} INFO - Setting next_dagrun for example_skip_dag to 2023-08-31T04:08:22.272944+00:00, run_after=2023-09-01T04:08:22.272944+00:00
[2023-09-01T13:08:22.284+0900] {processor.py:179} INFO - Processing /usr/local/lib/python3.8/dist-packages/airflow/example_dags/example_skip_dag.py took 0.059 seconds
[2023-09-01T13:09:11.612+0900] {processor.py:157} INFO - Started process (PID=4150) to work on /usr/local/lib/python3.8/dist-packages/airflow/example_dags/example_skip_dag.py
[2023-09-01T13:09:11.614+0900] {processor.py:829} INFO - Processing file /usr/local/lib/python3.8/dist-packages/airflow/example_dags/example_skip_dag.py for tasks to queue
[2023-09-01T13:09:11.616+0900] {logging_mixin.py:151} INFO - [2023-09-01T13:09:11.615+0900] {dagbag.py:539} INFO - Filling up the DagBag from /usr/local/lib/python3.8/dist-packages/airflow/example_dags/example_skip_dag.py
[2023-09-01T13:09:11.626+0900] {processor.py:839} INFO - DAG(s) dict_keys(['example_skip_dag']) retrieved from /usr/local/lib/python3.8/dist-packages/airflow/example_dags/example_skip_dag.py
[2023-09-01T13:09:11.640+0900] {logging_mixin.py:151} INFO - [2023-09-01T13:09:11.640+0900] {dag.py:2907} INFO - Sync 1 DAGs
[2023-09-01T13:09:11.653+0900] {logging_mixin.py:151} INFO - [2023-09-01T13:09:11.653+0900] {dag.py:3677} INFO - Setting next_dagrun for example_skip_dag to 2023-08-31T04:09:11.653373+00:00, run_after=2023-09-01T04:09:11.653373+00:00
[2023-09-01T13:09:11.666+0900] {processor.py:179} INFO - Processing /usr/local/lib/python3.8/dist-packages/airflow/example_dags/example_skip_dag.py took 0.058 seconds
[2023-09-01T13:09:56.862+0900] {processor.py:157} INFO - Started process (PID=4583) to work on /usr/local/lib/python3.8/dist-packages/airflow/example_dags/example_skip_dag.py
[2023-09-01T13:09:56.865+0900] {processor.py:829} INFO - Processing file /usr/local/lib/python3.8/dist-packages/airflow/example_dags/example_skip_dag.py for tasks to queue
[2023-09-01T13:09:56.867+0900] {logging_mixin.py:151} INFO - [2023-09-01T13:09:56.866+0900] {dagbag.py:539} INFO - Filling up the DagBag from /usr/local/lib/python3.8/dist-packages/airflow/example_dags/example_skip_dag.py
[2023-09-01T13:09:56.876+0900] {processor.py:839} INFO - DAG(s) dict_keys(['example_skip_dag']) retrieved from /usr/local/lib/python3.8/dist-packages/airflow/example_dags/example_skip_dag.py
[2023-09-01T13:09:56.892+0900] {logging_mixin.py:151} INFO - [2023-09-01T13:09:56.892+0900] {dag.py:2907} INFO - Sync 1 DAGs
[2023-09-01T13:09:56.905+0900] {logging_mixin.py:151} INFO - [2023-09-01T13:09:56.905+0900] {dag.py:3677} INFO - Setting next_dagrun for example_skip_dag to 2023-08-31T04:09:56.905376+00:00, run_after=2023-09-01T04:09:56.905376+00:00
[2023-09-01T13:09:56.915+0900] {processor.py:179} INFO - Processing /usr/local/lib/python3.8/dist-packages/airflow/example_dags/example_skip_dag.py took 0.058 seconds
[2023-09-01T13:10:44.305+0900] {processor.py:157} INFO - Started process (PID=5043) to work on /usr/local/lib/python3.8/dist-packages/airflow/example_dags/example_skip_dag.py
[2023-09-01T13:10:44.306+0900] {processor.py:829} INFO - Processing file /usr/local/lib/python3.8/dist-packages/airflow/example_dags/example_skip_dag.py for tasks to queue
[2023-09-01T13:10:44.308+0900] {logging_mixin.py:151} INFO - [2023-09-01T13:10:44.307+0900] {dagbag.py:539} INFO - Filling up the DagBag from /usr/local/lib/python3.8/dist-packages/airflow/example_dags/example_skip_dag.py
[2023-09-01T13:10:44.318+0900] {processor.py:839} INFO - DAG(s) dict_keys(['example_skip_dag']) retrieved from /usr/local/lib/python3.8/dist-packages/airflow/example_dags/example_skip_dag.py
[2023-09-01T13:10:44.334+0900] {logging_mixin.py:151} INFO - [2023-09-01T13:10:44.334+0900] {dag.py:2907} INFO - Sync 1 DAGs
[2023-09-01T13:10:44.347+0900] {logging_mixin.py:151} INFO - [2023-09-01T13:10:44.347+0900] {dag.py:3677} INFO - Setting next_dagrun for example_skip_dag to 2023-08-31T04:10:44.347386+00:00, run_after=2023-09-01T04:10:44.347386+00:00
[2023-09-01T13:10:44.359+0900] {processor.py:179} INFO - Processing /usr/local/lib/python3.8/dist-packages/airflow/example_dags/example_skip_dag.py took 0.059 seconds
[2023-09-01T13:11:36.328+0900] {processor.py:157} INFO - Started process (PID=5573) to work on /usr/local/lib/python3.8/dist-packages/airflow/example_dags/example_skip_dag.py
[2023-09-01T13:11:36.329+0900] {processor.py:829} INFO - Processing file /usr/local/lib/python3.8/dist-packages/airflow/example_dags/example_skip_dag.py for tasks to queue
[2023-09-01T13:11:36.331+0900] {logging_mixin.py:151} INFO - [2023-09-01T13:11:36.330+0900] {dagbag.py:539} INFO - Filling up the DagBag from /usr/local/lib/python3.8/dist-packages/airflow/example_dags/example_skip_dag.py
[2023-09-01T13:11:36.340+0900] {processor.py:839} INFO - DAG(s) dict_keys(['example_skip_dag']) retrieved from /usr/local/lib/python3.8/dist-packages/airflow/example_dags/example_skip_dag.py
[2023-09-01T13:11:36.355+0900] {logging_mixin.py:151} INFO - [2023-09-01T13:11:36.355+0900] {dag.py:2907} INFO - Sync 1 DAGs
[2023-09-01T13:11:36.367+0900] {logging_mixin.py:151} INFO - [2023-09-01T13:11:36.367+0900] {dag.py:3677} INFO - Setting next_dagrun for example_skip_dag to 2023-08-31T04:11:36.367535+00:00, run_after=2023-09-01T04:11:36.367535+00:00
[2023-09-01T13:11:36.379+0900] {processor.py:179} INFO - Processing /usr/local/lib/python3.8/dist-packages/airflow/example_dags/example_skip_dag.py took 0.056 seconds
[2023-09-01T13:12:57.556+0900] {processor.py:157} INFO - Started process (PID=5886) to work on /usr/local/lib/python3.8/dist-packages/airflow/example_dags/example_skip_dag.py
[2023-09-01T13:12:57.557+0900] {processor.py:829} INFO - Processing file /usr/local/lib/python3.8/dist-packages/airflow/example_dags/example_skip_dag.py for tasks to queue
[2023-09-01T13:12:57.558+0900] {logging_mixin.py:151} INFO - [2023-09-01T13:12:57.557+0900] {dagbag.py:539} INFO - Filling up the DagBag from /usr/local/lib/python3.8/dist-packages/airflow/example_dags/example_skip_dag.py
[2023-09-01T13:12:57.568+0900] {processor.py:839} INFO - DAG(s) dict_keys(['example_skip_dag']) retrieved from /usr/local/lib/python3.8/dist-packages/airflow/example_dags/example_skip_dag.py
[2023-09-01T13:12:57.584+0900] {logging_mixin.py:151} INFO - [2023-09-01T13:12:57.583+0900] {dag.py:2907} INFO - Sync 1 DAGs
[2023-09-01T13:12:57.596+0900] {logging_mixin.py:151} INFO - [2023-09-01T13:12:57.596+0900] {dag.py:3677} INFO - Setting next_dagrun for example_skip_dag to 2023-08-31T04:12:57.596613+00:00, run_after=2023-09-01T04:12:57.596613+00:00
[2023-09-01T13:12:57.607+0900] {processor.py:179} INFO - Processing /usr/local/lib/python3.8/dist-packages/airflow/example_dags/example_skip_dag.py took 0.057 seconds
[2023-09-01T13:13:39.824+0900] {processor.py:157} INFO - Started process (PID=6329) to work on /usr/local/lib/python3.8/dist-packages/airflow/example_dags/example_skip_dag.py
[2023-09-01T13:13:39.826+0900] {processor.py:829} INFO - Processing file /usr/local/lib/python3.8/dist-packages/airflow/example_dags/example_skip_dag.py for tasks to queue
[2023-09-01T13:13:39.828+0900] {logging_mixin.py:151} INFO - [2023-09-01T13:13:39.827+0900] {dagbag.py:539} INFO - Filling up the DagBag from /usr/local/lib/python3.8/dist-packages/airflow/example_dags/example_skip_dag.py
[2023-09-01T13:13:39.837+0900] {processor.py:839} INFO - DAG(s) dict_keys(['example_skip_dag']) retrieved from /usr/local/lib/python3.8/dist-packages/airflow/example_dags/example_skip_dag.py
[2023-09-01T13:13:39.852+0900] {logging_mixin.py:151} INFO - [2023-09-01T13:13:39.852+0900] {dag.py:2907} INFO - Sync 1 DAGs
[2023-09-01T13:13:39.864+0900] {logging_mixin.py:151} INFO - [2023-09-01T13:13:39.864+0900] {dag.py:3677} INFO - Setting next_dagrun for example_skip_dag to 2023-08-31T04:13:39.864437+00:00, run_after=2023-09-01T04:13:39.864437+00:00
[2023-09-01T13:13:39.876+0900] {processor.py:179} INFO - Processing /usr/local/lib/python3.8/dist-packages/airflow/example_dags/example_skip_dag.py took 0.057 seconds
[2023-09-01T13:14:25.429+0900] {processor.py:157} INFO - Started process (PID=7255) to work on /usr/local/lib/python3.8/dist-packages/airflow/example_dags/example_skip_dag.py
[2023-09-01T13:14:25.432+0900] {processor.py:829} INFO - Processing file /usr/local/lib/python3.8/dist-packages/airflow/example_dags/example_skip_dag.py for tasks to queue
[2023-09-01T13:14:25.433+0900] {logging_mixin.py:151} INFO - [2023-09-01T13:14:25.432+0900] {dagbag.py:539} INFO - Filling up the DagBag from /usr/local/lib/python3.8/dist-packages/airflow/example_dags/example_skip_dag.py
[2023-09-01T13:14:25.441+0900] {processor.py:839} INFO - DAG(s) dict_keys(['example_skip_dag']) retrieved from /usr/local/lib/python3.8/dist-packages/airflow/example_dags/example_skip_dag.py
[2023-09-01T13:14:25.457+0900] {logging_mixin.py:151} INFO - [2023-09-01T13:14:25.456+0900] {dag.py:2907} INFO - Sync 1 DAGs
[2023-09-01T13:14:25.470+0900] {logging_mixin.py:151} INFO - [2023-09-01T13:14:25.470+0900] {dag.py:3677} INFO - Setting next_dagrun for example_skip_dag to 2023-08-31T04:14:25.470276+00:00, run_after=2023-09-01T04:14:25.470276+00:00
[2023-09-01T13:14:25.482+0900] {processor.py:179} INFO - Processing /usr/local/lib/python3.8/dist-packages/airflow/example_dags/example_skip_dag.py took 0.057 seconds
[2023-09-01T13:15:07.169+0900] {processor.py:157} INFO - Started process (PID=7743) to work on /usr/local/lib/python3.8/dist-packages/airflow/example_dags/example_skip_dag.py
[2023-09-01T13:15:07.171+0900] {processor.py:829} INFO - Processing file /usr/local/lib/python3.8/dist-packages/airflow/example_dags/example_skip_dag.py for tasks to queue
[2023-09-01T13:15:07.172+0900] {logging_mixin.py:151} INFO - [2023-09-01T13:15:07.172+0900] {dagbag.py:539} INFO - Filling up the DagBag from /usr/local/lib/python3.8/dist-packages/airflow/example_dags/example_skip_dag.py
[2023-09-01T13:15:07.179+0900] {processor.py:839} INFO - DAG(s) dict_keys(['example_skip_dag']) retrieved from /usr/local/lib/python3.8/dist-packages/airflow/example_dags/example_skip_dag.py
[2023-09-01T13:15:07.190+0900] {logging_mixin.py:151} INFO - [2023-09-01T13:15:07.190+0900] {dag.py:2907} INFO - Sync 1 DAGs
[2023-09-01T13:15:07.200+0900] {logging_mixin.py:151} INFO - [2023-09-01T13:15:07.200+0900] {dag.py:3677} INFO - Setting next_dagrun for example_skip_dag to 2023-08-31T04:15:07.200103+00:00, run_after=2023-09-01T04:15:07.200103+00:00
[2023-09-01T13:15:07.209+0900] {processor.py:179} INFO - Processing /usr/local/lib/python3.8/dist-packages/airflow/example_dags/example_skip_dag.py took 0.044 seconds
[2023-09-01T13:15:51.912+0900] {processor.py:157} INFO - Started process (PID=8216) to work on /usr/local/lib/python3.8/dist-packages/airflow/example_dags/example_skip_dag.py
[2023-09-01T13:15:51.914+0900] {processor.py:829} INFO - Processing file /usr/local/lib/python3.8/dist-packages/airflow/example_dags/example_skip_dag.py for tasks to queue
[2023-09-01T13:15:51.915+0900] {logging_mixin.py:151} INFO - [2023-09-01T13:15:51.914+0900] {dagbag.py:539} INFO - Filling up the DagBag from /usr/local/lib/python3.8/dist-packages/airflow/example_dags/example_skip_dag.py
[2023-09-01T13:15:51.925+0900] {processor.py:839} INFO - DAG(s) dict_keys(['example_skip_dag']) retrieved from /usr/local/lib/python3.8/dist-packages/airflow/example_dags/example_skip_dag.py
[2023-09-01T13:15:51.941+0900] {logging_mixin.py:151} INFO - [2023-09-01T13:15:51.941+0900] {dag.py:2907} INFO - Sync 1 DAGs
[2023-09-01T13:15:51.954+0900] {logging_mixin.py:151} INFO - [2023-09-01T13:15:51.954+0900] {dag.py:3677} INFO - Setting next_dagrun for example_skip_dag to 2023-08-31T04:15:51.954162+00:00, run_after=2023-09-01T04:15:51.954162+00:00
[2023-09-01T13:15:51.966+0900] {processor.py:179} INFO - Processing /usr/local/lib/python3.8/dist-packages/airflow/example_dags/example_skip_dag.py took 0.059 seconds
[2023-09-01T13:16:35.833+0900] {processor.py:157} INFO - Started process (PID=8644) to work on /usr/local/lib/python3.8/dist-packages/airflow/example_dags/example_skip_dag.py
[2023-09-01T13:16:35.834+0900] {processor.py:829} INFO - Processing file /usr/local/lib/python3.8/dist-packages/airflow/example_dags/example_skip_dag.py for tasks to queue
[2023-09-01T13:16:35.836+0900] {logging_mixin.py:151} INFO - [2023-09-01T13:16:35.835+0900] {dagbag.py:539} INFO - Filling up the DagBag from /usr/local/lib/python3.8/dist-packages/airflow/example_dags/example_skip_dag.py
[2023-09-01T13:16:35.846+0900] {processor.py:839} INFO - DAG(s) dict_keys(['example_skip_dag']) retrieved from /usr/local/lib/python3.8/dist-packages/airflow/example_dags/example_skip_dag.py
[2023-09-01T13:16:35.860+0900] {logging_mixin.py:151} INFO - [2023-09-01T13:16:35.860+0900] {dag.py:2907} INFO - Sync 1 DAGs
[2023-09-01T13:16:35.872+0900] {logging_mixin.py:151} INFO - [2023-09-01T13:16:35.872+0900] {dag.py:3677} INFO - Setting next_dagrun for example_skip_dag to 2023-08-31T04:16:35.872669+00:00, run_after=2023-09-01T04:16:35.872669+00:00
[2023-09-01T13:16:35.884+0900] {processor.py:179} INFO - Processing /usr/local/lib/python3.8/dist-packages/airflow/example_dags/example_skip_dag.py took 0.056 seconds
[2023-09-01T13:17:23.313+0900] {processor.py:157} INFO - Started process (PID=9105) to work on /usr/local/lib/python3.8/dist-packages/airflow/example_dags/example_skip_dag.py
[2023-09-01T13:17:23.315+0900] {processor.py:829} INFO - Processing file /usr/local/lib/python3.8/dist-packages/airflow/example_dags/example_skip_dag.py for tasks to queue
[2023-09-01T13:17:23.317+0900] {logging_mixin.py:151} INFO - [2023-09-01T13:17:23.316+0900] {dagbag.py:539} INFO - Filling up the DagBag from /usr/local/lib/python3.8/dist-packages/airflow/example_dags/example_skip_dag.py
[2023-09-01T13:17:23.327+0900] {processor.py:839} INFO - DAG(s) dict_keys(['example_skip_dag']) retrieved from /usr/local/lib/python3.8/dist-packages/airflow/example_dags/example_skip_dag.py
[2023-09-01T13:17:23.343+0900] {logging_mixin.py:151} INFO - [2023-09-01T13:17:23.342+0900] {dag.py:2907} INFO - Sync 1 DAGs
[2023-09-01T13:17:23.355+0900] {logging_mixin.py:151} INFO - [2023-09-01T13:17:23.355+0900] {dag.py:3677} INFO - Setting next_dagrun for example_skip_dag to 2023-08-31T04:17:23.355462+00:00, run_after=2023-09-01T04:17:23.355462+00:00
[2023-09-01T13:17:23.368+0900] {processor.py:179} INFO - Processing /usr/local/lib/python3.8/dist-packages/airflow/example_dags/example_skip_dag.py took 0.060 seconds
[2023-09-01T13:18:10.241+0900] {processor.py:157} INFO - Started process (PID=9576) to work on /usr/local/lib/python3.8/dist-packages/airflow/example_dags/example_skip_dag.py
[2023-09-01T13:18:10.244+0900] {processor.py:829} INFO - Processing file /usr/local/lib/python3.8/dist-packages/airflow/example_dags/example_skip_dag.py for tasks to queue
[2023-09-01T13:18:10.245+0900] {logging_mixin.py:151} INFO - [2023-09-01T13:18:10.244+0900] {dagbag.py:539} INFO - Filling up the DagBag from /usr/local/lib/python3.8/dist-packages/airflow/example_dags/example_skip_dag.py
[2023-09-01T13:18:10.255+0900] {processor.py:839} INFO - DAG(s) dict_keys(['example_skip_dag']) retrieved from /usr/local/lib/python3.8/dist-packages/airflow/example_dags/example_skip_dag.py
[2023-09-01T13:18:10.270+0900] {logging_mixin.py:151} INFO - [2023-09-01T13:18:10.270+0900] {dag.py:2907} INFO - Sync 1 DAGs
[2023-09-01T13:18:10.282+0900] {logging_mixin.py:151} INFO - [2023-09-01T13:18:10.282+0900] {dag.py:3677} INFO - Setting next_dagrun for example_skip_dag to 2023-08-31T04:18:10.282228+00:00, run_after=2023-09-01T04:18:10.282228+00:00
[2023-09-01T13:18:10.293+0900] {processor.py:179} INFO - Processing /usr/local/lib/python3.8/dist-packages/airflow/example_dags/example_skip_dag.py took 0.056 seconds
[2023-09-01T13:18:54.130+0900] {processor.py:157} INFO - Started process (PID=10026) to work on /usr/local/lib/python3.8/dist-packages/airflow/example_dags/example_skip_dag.py
[2023-09-01T13:18:54.132+0900] {processor.py:829} INFO - Processing file /usr/local/lib/python3.8/dist-packages/airflow/example_dags/example_skip_dag.py for tasks to queue
[2023-09-01T13:18:54.134+0900] {logging_mixin.py:151} INFO - [2023-09-01T13:18:54.133+0900] {dagbag.py:539} INFO - Filling up the DagBag from /usr/local/lib/python3.8/dist-packages/airflow/example_dags/example_skip_dag.py
[2023-09-01T13:18:54.143+0900] {processor.py:839} INFO - DAG(s) dict_keys(['example_skip_dag']) retrieved from /usr/local/lib/python3.8/dist-packages/airflow/example_dags/example_skip_dag.py
[2023-09-01T13:18:54.157+0900] {logging_mixin.py:151} INFO - [2023-09-01T13:18:54.156+0900] {dag.py:2907} INFO - Sync 1 DAGs
[2023-09-01T13:18:54.168+0900] {logging_mixin.py:151} INFO - [2023-09-01T13:18:54.168+0900] {dag.py:3677} INFO - Setting next_dagrun for example_skip_dag to 2023-08-31T04:18:54.168313+00:00, run_after=2023-09-01T04:18:54.168313+00:00
[2023-09-01T13:18:54.178+0900] {processor.py:179} INFO - Processing /usr/local/lib/python3.8/dist-packages/airflow/example_dags/example_skip_dag.py took 0.052 seconds
[2023-09-01T13:19:40.296+0900] {processor.py:157} INFO - Started process (PID=10477) to work on /usr/local/lib/python3.8/dist-packages/airflow/example_dags/example_skip_dag.py
[2023-09-01T13:19:40.299+0900] {processor.py:829} INFO - Processing file /usr/local/lib/python3.8/dist-packages/airflow/example_dags/example_skip_dag.py for tasks to queue
[2023-09-01T13:19:40.300+0900] {logging_mixin.py:151} INFO - [2023-09-01T13:19:40.299+0900] {dagbag.py:539} INFO - Filling up the DagBag from /usr/local/lib/python3.8/dist-packages/airflow/example_dags/example_skip_dag.py
[2023-09-01T13:19:40.310+0900] {processor.py:839} INFO - DAG(s) dict_keys(['example_skip_dag']) retrieved from /usr/local/lib/python3.8/dist-packages/airflow/example_dags/example_skip_dag.py
[2023-09-01T13:19:40.326+0900] {logging_mixin.py:151} INFO - [2023-09-01T13:19:40.326+0900] {dag.py:2907} INFO - Sync 1 DAGs
[2023-09-01T13:19:40.338+0900] {logging_mixin.py:151} INFO - [2023-09-01T13:19:40.338+0900] {dag.py:3677} INFO - Setting next_dagrun for example_skip_dag to 2023-08-31T04:19:40.338487+00:00, run_after=2023-09-01T04:19:40.338487+00:00
[2023-09-01T13:19:40.350+0900] {processor.py:179} INFO - Processing /usr/local/lib/python3.8/dist-packages/airflow/example_dags/example_skip_dag.py took 0.058 seconds
[2023-09-01T13:20:21.541+0900] {processor.py:157} INFO - Started process (PID=10884) to work on /usr/local/lib/python3.8/dist-packages/airflow/example_dags/example_skip_dag.py
[2023-09-01T13:20:21.542+0900] {processor.py:829} INFO - Processing file /usr/local/lib/python3.8/dist-packages/airflow/example_dags/example_skip_dag.py for tasks to queue
[2023-09-01T13:20:21.544+0900] {logging_mixin.py:151} INFO - [2023-09-01T13:20:21.543+0900] {dagbag.py:539} INFO - Filling up the DagBag from /usr/local/lib/python3.8/dist-packages/airflow/example_dags/example_skip_dag.py
[2023-09-01T13:20:21.553+0900] {processor.py:839} INFO - DAG(s) dict_keys(['example_skip_dag']) retrieved from /usr/local/lib/python3.8/dist-packages/airflow/example_dags/example_skip_dag.py
[2023-09-01T13:20:21.569+0900] {logging_mixin.py:151} INFO - [2023-09-01T13:20:21.569+0900] {dag.py:2907} INFO - Sync 1 DAGs
[2023-09-01T13:20:21.582+0900] {logging_mixin.py:151} INFO - [2023-09-01T13:20:21.582+0900] {dag.py:3677} INFO - Setting next_dagrun for example_skip_dag to 2023-08-31T04:20:21.581811+00:00, run_after=2023-09-01T04:20:21.581811+00:00
[2023-09-01T13:20:21.593+0900] {processor.py:179} INFO - Processing /usr/local/lib/python3.8/dist-packages/airflow/example_dags/example_skip_dag.py took 0.057 seconds
[2023-09-01T13:21:19.777+0900] {processor.py:157} INFO - Started process (PID=11377) to work on /usr/local/lib/python3.8/dist-packages/airflow/example_dags/example_skip_dag.py
[2023-09-01T13:21:19.778+0900] {processor.py:829} INFO - Processing file /usr/local/lib/python3.8/dist-packages/airflow/example_dags/example_skip_dag.py for tasks to queue
[2023-09-01T13:21:19.779+0900] {logging_mixin.py:151} INFO - [2023-09-01T13:21:19.778+0900] {dagbag.py:539} INFO - Filling up the DagBag from /usr/local/lib/python3.8/dist-packages/airflow/example_dags/example_skip_dag.py
[2023-09-01T13:21:19.785+0900] {processor.py:839} INFO - DAG(s) dict_keys(['example_skip_dag']) retrieved from /usr/local/lib/python3.8/dist-packages/airflow/example_dags/example_skip_dag.py
[2023-09-01T13:21:19.795+0900] {logging_mixin.py:151} INFO - [2023-09-01T13:21:19.795+0900] {dag.py:2907} INFO - Sync 1 DAGs
[2023-09-01T13:21:19.805+0900] {logging_mixin.py:151} INFO - [2023-09-01T13:21:19.805+0900] {dag.py:3677} INFO - Setting next_dagrun for example_skip_dag to 2023-08-31T04:21:19.805045+00:00, run_after=2023-09-01T04:21:19.805045+00:00
[2023-09-01T13:21:19.817+0900] {processor.py:179} INFO - Processing /usr/local/lib/python3.8/dist-packages/airflow/example_dags/example_skip_dag.py took 0.042 seconds
[2023-09-01T13:21:58.520+0900] {processor.py:157} INFO - Started process (PID=11754) to work on /usr/local/lib/python3.8/dist-packages/airflow/example_dags/example_skip_dag.py
[2023-09-01T13:21:58.522+0900] {processor.py:829} INFO - Processing file /usr/local/lib/python3.8/dist-packages/airflow/example_dags/example_skip_dag.py for tasks to queue
[2023-09-01T13:21:58.523+0900] {logging_mixin.py:151} INFO - [2023-09-01T13:21:58.522+0900] {dagbag.py:539} INFO - Filling up the DagBag from /usr/local/lib/python3.8/dist-packages/airflow/example_dags/example_skip_dag.py
[2023-09-01T13:21:58.535+0900] {processor.py:839} INFO - DAG(s) dict_keys(['example_skip_dag']) retrieved from /usr/local/lib/python3.8/dist-packages/airflow/example_dags/example_skip_dag.py
[2023-09-01T13:21:58.551+0900] {logging_mixin.py:151} INFO - [2023-09-01T13:21:58.551+0900] {dag.py:2907} INFO - Sync 1 DAGs
[2023-09-01T13:21:58.564+0900] {logging_mixin.py:151} INFO - [2023-09-01T13:21:58.564+0900] {dag.py:3677} INFO - Setting next_dagrun for example_skip_dag to 2023-08-31T04:21:58.564557+00:00, run_after=2023-09-01T04:21:58.564557+00:00
[2023-09-01T13:21:58.576+0900] {processor.py:179} INFO - Processing /usr/local/lib/python3.8/dist-packages/airflow/example_dags/example_skip_dag.py took 0.063 seconds
[2023-09-01T13:22:41.829+0900] {processor.py:157} INFO - Started process (PID=12182) to work on /usr/local/lib/python3.8/dist-packages/airflow/example_dags/example_skip_dag.py
[2023-09-01T13:22:41.832+0900] {processor.py:829} INFO - Processing file /usr/local/lib/python3.8/dist-packages/airflow/example_dags/example_skip_dag.py for tasks to queue
[2023-09-01T13:22:41.833+0900] {logging_mixin.py:151} INFO - [2023-09-01T13:22:41.832+0900] {dagbag.py:539} INFO - Filling up the DagBag from /usr/local/lib/python3.8/dist-packages/airflow/example_dags/example_skip_dag.py
[2023-09-01T13:22:41.843+0900] {processor.py:839} INFO - DAG(s) dict_keys(['example_skip_dag']) retrieved from /usr/local/lib/python3.8/dist-packages/airflow/example_dags/example_skip_dag.py
[2023-09-01T13:22:41.857+0900] {logging_mixin.py:151} INFO - [2023-09-01T13:22:41.856+0900] {dag.py:2907} INFO - Sync 1 DAGs
[2023-09-01T13:22:41.868+0900] {logging_mixin.py:151} INFO - [2023-09-01T13:22:41.868+0900] {dag.py:3677} INFO - Setting next_dagrun for example_skip_dag to 2023-08-31T04:22:41.868140+00:00, run_after=2023-09-01T04:22:41.868140+00:00
[2023-09-01T13:22:41.878+0900] {processor.py:179} INFO - Processing /usr/local/lib/python3.8/dist-packages/airflow/example_dags/example_skip_dag.py took 0.052 seconds
[2023-09-01T13:23:24.748+0900] {processor.py:157} INFO - Started process (PID=12618) to work on /usr/local/lib/python3.8/dist-packages/airflow/example_dags/example_skip_dag.py
[2023-09-01T13:23:24.751+0900] {processor.py:829} INFO - Processing file /usr/local/lib/python3.8/dist-packages/airflow/example_dags/example_skip_dag.py for tasks to queue
[2023-09-01T13:23:24.753+0900] {logging_mixin.py:151} INFO - [2023-09-01T13:23:24.752+0900] {dagbag.py:539} INFO - Filling up the DagBag from /usr/local/lib/python3.8/dist-packages/airflow/example_dags/example_skip_dag.py
[2023-09-01T13:23:24.763+0900] {processor.py:839} INFO - DAG(s) dict_keys(['example_skip_dag']) retrieved from /usr/local/lib/python3.8/dist-packages/airflow/example_dags/example_skip_dag.py
[2023-09-01T13:23:24.779+0900] {logging_mixin.py:151} INFO - [2023-09-01T13:23:24.779+0900] {dag.py:2907} INFO - Sync 1 DAGs
[2023-09-01T13:23:24.791+0900] {logging_mixin.py:151} INFO - [2023-09-01T13:23:24.791+0900] {dag.py:3677} INFO - Setting next_dagrun for example_skip_dag to 2023-08-31T04:23:24.791493+00:00, run_after=2023-09-01T04:23:24.791493+00:00
[2023-09-01T13:23:24.802+0900] {processor.py:179} INFO - Processing /usr/local/lib/python3.8/dist-packages/airflow/example_dags/example_skip_dag.py took 0.059 seconds
[2023-09-01T13:24:07.147+0900] {processor.py:157} INFO - Started process (PID=13025) to work on /usr/local/lib/python3.8/dist-packages/airflow/example_dags/example_skip_dag.py
[2023-09-01T13:24:07.149+0900] {processor.py:829} INFO - Processing file /usr/local/lib/python3.8/dist-packages/airflow/example_dags/example_skip_dag.py for tasks to queue
[2023-09-01T13:24:07.150+0900] {logging_mixin.py:151} INFO - [2023-09-01T13:24:07.149+0900] {dagbag.py:539} INFO - Filling up the DagBag from /usr/local/lib/python3.8/dist-packages/airflow/example_dags/example_skip_dag.py
[2023-09-01T13:24:07.160+0900] {processor.py:839} INFO - DAG(s) dict_keys(['example_skip_dag']) retrieved from /usr/local/lib/python3.8/dist-packages/airflow/example_dags/example_skip_dag.py
[2023-09-01T13:24:07.176+0900] {logging_mixin.py:151} INFO - [2023-09-01T13:24:07.176+0900] {dag.py:2907} INFO - Sync 1 DAGs
[2023-09-01T13:24:07.188+0900] {logging_mixin.py:151} INFO - [2023-09-01T13:24:07.188+0900] {dag.py:3677} INFO - Setting next_dagrun for example_skip_dag to 2023-08-31T04:24:07.188416+00:00, run_after=2023-09-01T04:24:07.188416+00:00
[2023-09-01T13:24:07.198+0900] {processor.py:179} INFO - Processing /usr/local/lib/python3.8/dist-packages/airflow/example_dags/example_skip_dag.py took 0.057 seconds
[2023-09-01T13:24:54.319+0900] {processor.py:157} INFO - Started process (PID=13511) to work on /usr/local/lib/python3.8/dist-packages/airflow/example_dags/example_skip_dag.py
[2023-09-01T13:24:54.320+0900] {processor.py:829} INFO - Processing file /usr/local/lib/python3.8/dist-packages/airflow/example_dags/example_skip_dag.py for tasks to queue
[2023-09-01T13:24:54.321+0900] {logging_mixin.py:151} INFO - [2023-09-01T13:24:54.320+0900] {dagbag.py:539} INFO - Filling up the DagBag from /usr/local/lib/python3.8/dist-packages/airflow/example_dags/example_skip_dag.py
[2023-09-01T13:24:54.327+0900] {processor.py:839} INFO - DAG(s) dict_keys(['example_skip_dag']) retrieved from /usr/local/lib/python3.8/dist-packages/airflow/example_dags/example_skip_dag.py
[2023-09-01T13:24:54.338+0900] {logging_mixin.py:151} INFO - [2023-09-01T13:24:54.338+0900] {dag.py:2907} INFO - Sync 1 DAGs
[2023-09-01T13:24:54.348+0900] {logging_mixin.py:151} INFO - [2023-09-01T13:24:54.348+0900] {dag.py:3677} INFO - Setting next_dagrun for example_skip_dag to 2023-08-31T04:24:54.348490+00:00, run_after=2023-09-01T04:24:54.348490+00:00
[2023-09-01T13:24:54.358+0900] {processor.py:179} INFO - Processing /usr/local/lib/python3.8/dist-packages/airflow/example_dags/example_skip_dag.py took 0.044 seconds
[2023-09-01T13:25:59.437+0900] {processor.py:157} INFO - Started process (PID=14430) to work on /usr/local/lib/python3.8/dist-packages/airflow/example_dags/example_skip_dag.py
[2023-09-01T13:25:59.438+0900] {processor.py:829} INFO - Processing file /usr/local/lib/python3.8/dist-packages/airflow/example_dags/example_skip_dag.py for tasks to queue
[2023-09-01T13:25:59.439+0900] {logging_mixin.py:151} INFO - [2023-09-01T13:25:59.439+0900] {dagbag.py:539} INFO - Filling up the DagBag from /usr/local/lib/python3.8/dist-packages/airflow/example_dags/example_skip_dag.py
[2023-09-01T13:25:59.448+0900] {processor.py:839} INFO - DAG(s) dict_keys(['example_skip_dag']) retrieved from /usr/local/lib/python3.8/dist-packages/airflow/example_dags/example_skip_dag.py
[2023-09-01T13:25:59.465+0900] {logging_mixin.py:151} INFO - [2023-09-01T13:25:59.465+0900] {dag.py:2907} INFO - Sync 1 DAGs
[2023-09-01T13:25:59.479+0900] {logging_mixin.py:151} INFO - [2023-09-01T13:25:59.479+0900] {dag.py:3677} INFO - Setting next_dagrun for example_skip_dag to 2023-08-31T04:25:59.479240+00:00, run_after=2023-09-01T04:25:59.479240+00:00
[2023-09-01T13:25:59.491+0900] {processor.py:179} INFO - Processing /usr/local/lib/python3.8/dist-packages/airflow/example_dags/example_skip_dag.py took 0.057 seconds
[2023-09-01T13:26:45.040+0900] {processor.py:157} INFO - Started process (PID=14862) to work on /usr/local/lib/python3.8/dist-packages/airflow/example_dags/example_skip_dag.py
[2023-09-01T13:26:45.042+0900] {processor.py:829} INFO - Processing file /usr/local/lib/python3.8/dist-packages/airflow/example_dags/example_skip_dag.py for tasks to queue
[2023-09-01T13:26:45.044+0900] {logging_mixin.py:151} INFO - [2023-09-01T13:26:45.043+0900] {dagbag.py:539} INFO - Filling up the DagBag from /usr/local/lib/python3.8/dist-packages/airflow/example_dags/example_skip_dag.py
[2023-09-01T13:26:45.052+0900] {processor.py:839} INFO - DAG(s) dict_keys(['example_skip_dag']) retrieved from /usr/local/lib/python3.8/dist-packages/airflow/example_dags/example_skip_dag.py
[2023-09-01T13:26:45.064+0900] {logging_mixin.py:151} INFO - [2023-09-01T13:26:45.064+0900] {dag.py:2907} INFO - Sync 1 DAGs
[2023-09-01T13:26:45.074+0900] {logging_mixin.py:151} INFO - [2023-09-01T13:26:45.074+0900] {dag.py:3677} INFO - Setting next_dagrun for example_skip_dag to 2023-08-31T04:26:45.074453+00:00, run_after=2023-09-01T04:26:45.074453+00:00
[2023-09-01T13:26:45.084+0900] {processor.py:179} INFO - Processing /usr/local/lib/python3.8/dist-packages/airflow/example_dags/example_skip_dag.py took 0.049 seconds
[2023-09-01T13:27:26.823+0900] {processor.py:157} INFO - Started process (PID=15270) to work on /usr/local/lib/python3.8/dist-packages/airflow/example_dags/example_skip_dag.py
[2023-09-01T13:27:26.825+0900] {processor.py:829} INFO - Processing file /usr/local/lib/python3.8/dist-packages/airflow/example_dags/example_skip_dag.py for tasks to queue
[2023-09-01T13:27:26.827+0900] {logging_mixin.py:151} INFO - [2023-09-01T13:27:26.826+0900] {dagbag.py:539} INFO - Filling up the DagBag from /usr/local/lib/python3.8/dist-packages/airflow/example_dags/example_skip_dag.py
[2023-09-01T13:27:26.839+0900] {processor.py:839} INFO - DAG(s) dict_keys(['example_skip_dag']) retrieved from /usr/local/lib/python3.8/dist-packages/airflow/example_dags/example_skip_dag.py
[2023-09-01T13:27:26.857+0900] {logging_mixin.py:151} INFO - [2023-09-01T13:27:26.856+0900] {dag.py:2907} INFO - Sync 1 DAGs
[2023-09-01T13:27:26.871+0900] {logging_mixin.py:151} INFO - [2023-09-01T13:27:26.871+0900] {dag.py:3677} INFO - Setting next_dagrun for example_skip_dag to 2023-08-31T04:27:26.871372+00:00, run_after=2023-09-01T04:27:26.871372+00:00
[2023-09-01T13:27:26.883+0900] {processor.py:179} INFO - Processing /usr/local/lib/python3.8/dist-packages/airflow/example_dags/example_skip_dag.py took 0.065 seconds
[2023-09-01T13:28:10.328+0900] {processor.py:157} INFO - Started process (PID=15694) to work on /usr/local/lib/python3.8/dist-packages/airflow/example_dags/example_skip_dag.py
[2023-09-01T13:28:10.330+0900] {processor.py:829} INFO - Processing file /usr/local/lib/python3.8/dist-packages/airflow/example_dags/example_skip_dag.py for tasks to queue
[2023-09-01T13:28:10.331+0900] {logging_mixin.py:151} INFO - [2023-09-01T13:28:10.330+0900] {dagbag.py:539} INFO - Filling up the DagBag from /usr/local/lib/python3.8/dist-packages/airflow/example_dags/example_skip_dag.py
[2023-09-01T13:28:10.342+0900] {processor.py:839} INFO - DAG(s) dict_keys(['example_skip_dag']) retrieved from /usr/local/lib/python3.8/dist-packages/airflow/example_dags/example_skip_dag.py
[2023-09-01T13:28:10.357+0900] {logging_mixin.py:151} INFO - [2023-09-01T13:28:10.357+0900] {dag.py:2907} INFO - Sync 1 DAGs
[2023-09-01T13:28:10.370+0900] {logging_mixin.py:151} INFO - [2023-09-01T13:28:10.370+0900] {dag.py:3677} INFO - Setting next_dagrun for example_skip_dag to 2023-08-31T04:28:10.370473+00:00, run_after=2023-09-01T04:28:10.370473+00:00
[2023-09-01T13:28:10.381+0900] {processor.py:179} INFO - Processing /usr/local/lib/python3.8/dist-packages/airflow/example_dags/example_skip_dag.py took 0.059 seconds
[2023-09-01T13:28:57.590+0900] {processor.py:157} INFO - Started process (PID=16176) to work on /usr/local/lib/python3.8/dist-packages/airflow/example_dags/example_skip_dag.py
[2023-09-01T13:28:57.591+0900] {processor.py:829} INFO - Processing file /usr/local/lib/python3.8/dist-packages/airflow/example_dags/example_skip_dag.py for tasks to queue
[2023-09-01T13:28:57.593+0900] {logging_mixin.py:151} INFO - [2023-09-01T13:28:57.592+0900] {dagbag.py:539} INFO - Filling up the DagBag from /usr/local/lib/python3.8/dist-packages/airflow/example_dags/example_skip_dag.py
[2023-09-01T13:28:57.603+0900] {processor.py:839} INFO - DAG(s) dict_keys(['example_skip_dag']) retrieved from /usr/local/lib/python3.8/dist-packages/airflow/example_dags/example_skip_dag.py
[2023-09-01T13:28:57.618+0900] {logging_mixin.py:151} INFO - [2023-09-01T13:28:57.618+0900] {dag.py:2907} INFO - Sync 1 DAGs
[2023-09-01T13:28:57.630+0900] {logging_mixin.py:151} INFO - [2023-09-01T13:28:57.630+0900] {dag.py:3677} INFO - Setting next_dagrun for example_skip_dag to 2023-08-31T04:28:57.630300+00:00, run_after=2023-09-01T04:28:57.630300+00:00
[2023-09-01T13:28:57.641+0900] {processor.py:179} INFO - Processing /usr/local/lib/python3.8/dist-packages/airflow/example_dags/example_skip_dag.py took 0.056 seconds
[2023-09-01T13:29:41.881+0900] {processor.py:157} INFO - Started process (PID=16599) to work on /usr/local/lib/python3.8/dist-packages/airflow/example_dags/example_skip_dag.py
[2023-09-01T13:29:41.883+0900] {processor.py:829} INFO - Processing file /usr/local/lib/python3.8/dist-packages/airflow/example_dags/example_skip_dag.py for tasks to queue
[2023-09-01T13:29:41.884+0900] {logging_mixin.py:151} INFO - [2023-09-01T13:29:41.883+0900] {dagbag.py:539} INFO - Filling up the DagBag from /usr/local/lib/python3.8/dist-packages/airflow/example_dags/example_skip_dag.py
[2023-09-01T13:29:41.894+0900] {processor.py:839} INFO - DAG(s) dict_keys(['example_skip_dag']) retrieved from /usr/local/lib/python3.8/dist-packages/airflow/example_dags/example_skip_dag.py
[2023-09-01T13:29:41.909+0900] {logging_mixin.py:151} INFO - [2023-09-01T13:29:41.909+0900] {dag.py:2907} INFO - Sync 1 DAGs
[2023-09-01T13:29:41.922+0900] {logging_mixin.py:151} INFO - [2023-09-01T13:29:41.922+0900] {dag.py:3677} INFO - Setting next_dagrun for example_skip_dag to 2023-08-31T04:29:41.921985+00:00, run_after=2023-09-01T04:29:41.921985+00:00
[2023-09-01T13:29:41.932+0900] {processor.py:179} INFO - Processing /usr/local/lib/python3.8/dist-packages/airflow/example_dags/example_skip_dag.py took 0.056 seconds
[2023-09-01T13:30:27.296+0900] {processor.py:157} INFO - Started process (PID=17042) to work on /usr/local/lib/python3.8/dist-packages/airflow/example_dags/example_skip_dag.py
[2023-09-01T13:30:27.297+0900] {processor.py:829} INFO - Processing file /usr/local/lib/python3.8/dist-packages/airflow/example_dags/example_skip_dag.py for tasks to queue
[2023-09-01T13:30:27.298+0900] {logging_mixin.py:151} INFO - [2023-09-01T13:30:27.297+0900] {dagbag.py:539} INFO - Filling up the DagBag from /usr/local/lib/python3.8/dist-packages/airflow/example_dags/example_skip_dag.py
[2023-09-01T13:30:27.304+0900] {processor.py:839} INFO - DAG(s) dict_keys(['example_skip_dag']) retrieved from /usr/local/lib/python3.8/dist-packages/airflow/example_dags/example_skip_dag.py
[2023-09-01T13:30:27.314+0900] {logging_mixin.py:151} INFO - [2023-09-01T13:30:27.314+0900] {dag.py:2907} INFO - Sync 1 DAGs
[2023-09-01T13:30:27.322+0900] {logging_mixin.py:151} INFO - [2023-09-01T13:30:27.322+0900] {dag.py:3677} INFO - Setting next_dagrun for example_skip_dag to 2023-08-31T04:30:27.322384+00:00, run_after=2023-09-01T04:30:27.322384+00:00
[2023-09-01T13:30:27.331+0900] {processor.py:179} INFO - Processing /usr/local/lib/python3.8/dist-packages/airflow/example_dags/example_skip_dag.py took 0.037 seconds
[2023-09-01T13:31:10.510+0900] {processor.py:157} INFO - Started process (PID=17463) to work on /usr/local/lib/python3.8/dist-packages/airflow/example_dags/example_skip_dag.py
[2023-09-01T13:31:10.512+0900] {processor.py:829} INFO - Processing file /usr/local/lib/python3.8/dist-packages/airflow/example_dags/example_skip_dag.py for tasks to queue
[2023-09-01T13:31:10.513+0900] {logging_mixin.py:151} INFO - [2023-09-01T13:31:10.512+0900] {dagbag.py:539} INFO - Filling up the DagBag from /usr/local/lib/python3.8/dist-packages/airflow/example_dags/example_skip_dag.py
[2023-09-01T13:31:10.523+0900] {processor.py:839} INFO - DAG(s) dict_keys(['example_skip_dag']) retrieved from /usr/local/lib/python3.8/dist-packages/airflow/example_dags/example_skip_dag.py
[2023-09-01T13:31:10.539+0900] {logging_mixin.py:151} INFO - [2023-09-01T13:31:10.539+0900] {dag.py:2907} INFO - Sync 1 DAGs
[2023-09-01T13:31:10.552+0900] {logging_mixin.py:151} INFO - [2023-09-01T13:31:10.552+0900] {dag.py:3677} INFO - Setting next_dagrun for example_skip_dag to 2023-08-31T04:31:10.552003+00:00, run_after=2023-09-01T04:31:10.552003+00:00
[2023-09-01T13:31:10.565+0900] {processor.py:179} INFO - Processing /usr/local/lib/python3.8/dist-packages/airflow/example_dags/example_skip_dag.py took 0.059 seconds
[2023-09-01T13:31:54.490+0900] {processor.py:157} INFO - Started process (PID=17881) to work on /usr/local/lib/python3.8/dist-packages/airflow/example_dags/example_skip_dag.py
[2023-09-01T13:31:54.491+0900] {processor.py:829} INFO - Processing file /usr/local/lib/python3.8/dist-packages/airflow/example_dags/example_skip_dag.py for tasks to queue
[2023-09-01T13:31:54.491+0900] {logging_mixin.py:151} INFO - [2023-09-01T13:31:54.491+0900] {dagbag.py:539} INFO - Filling up the DagBag from /usr/local/lib/python3.8/dist-packages/airflow/example_dags/example_skip_dag.py
[2023-09-01T13:31:54.498+0900] {processor.py:839} INFO - DAG(s) dict_keys(['example_skip_dag']) retrieved from /usr/local/lib/python3.8/dist-packages/airflow/example_dags/example_skip_dag.py
[2023-09-01T13:31:54.511+0900] {logging_mixin.py:151} INFO - [2023-09-01T13:31:54.511+0900] {dag.py:2907} INFO - Sync 1 DAGs
[2023-09-01T13:31:54.525+0900] {logging_mixin.py:151} INFO - [2023-09-01T13:31:54.524+0900] {dag.py:3677} INFO - Setting next_dagrun for example_skip_dag to 2023-08-31T04:31:54.524626+00:00, run_after=2023-09-01T04:31:54.524626+00:00
[2023-09-01T13:31:54.539+0900] {processor.py:179} INFO - Processing /usr/local/lib/python3.8/dist-packages/airflow/example_dags/example_skip_dag.py took 0.053 seconds
[2023-09-01T13:32:40.219+0900] {processor.py:157} INFO - Started process (PID=18327) to work on /usr/local/lib/python3.8/dist-packages/airflow/example_dags/example_skip_dag.py
[2023-09-01T13:32:40.221+0900] {processor.py:829} INFO - Processing file /usr/local/lib/python3.8/dist-packages/airflow/example_dags/example_skip_dag.py for tasks to queue
[2023-09-01T13:32:40.222+0900] {logging_mixin.py:151} INFO - [2023-09-01T13:32:40.221+0900] {dagbag.py:539} INFO - Filling up the DagBag from /usr/local/lib/python3.8/dist-packages/airflow/example_dags/example_skip_dag.py
[2023-09-01T13:32:40.231+0900] {processor.py:839} INFO - DAG(s) dict_keys(['example_skip_dag']) retrieved from /usr/local/lib/python3.8/dist-packages/airflow/example_dags/example_skip_dag.py
[2023-09-01T13:32:40.247+0900] {logging_mixin.py:151} INFO - [2023-09-01T13:32:40.247+0900] {dag.py:2907} INFO - Sync 1 DAGs
[2023-09-01T13:32:40.260+0900] {logging_mixin.py:151} INFO - [2023-09-01T13:32:40.260+0900] {dag.py:3677} INFO - Setting next_dagrun for example_skip_dag to 2023-08-31T04:32:40.260052+00:00, run_after=2023-09-01T04:32:40.260052+00:00
[2023-09-01T13:32:40.271+0900] {processor.py:179} INFO - Processing /usr/local/lib/python3.8/dist-packages/airflow/example_dags/example_skip_dag.py took 0.057 seconds
[2023-09-01T13:33:25.386+0900] {processor.py:157} INFO - Started process (PID=18767) to work on /usr/local/lib/python3.8/dist-packages/airflow/example_dags/example_skip_dag.py
[2023-09-01T13:33:25.388+0900] {processor.py:829} INFO - Processing file /usr/local/lib/python3.8/dist-packages/airflow/example_dags/example_skip_dag.py for tasks to queue
[2023-09-01T13:33:25.389+0900] {logging_mixin.py:151} INFO - [2023-09-01T13:33:25.388+0900] {dagbag.py:539} INFO - Filling up the DagBag from /usr/local/lib/python3.8/dist-packages/airflow/example_dags/example_skip_dag.py
[2023-09-01T13:33:25.399+0900] {processor.py:839} INFO - DAG(s) dict_keys(['example_skip_dag']) retrieved from /usr/local/lib/python3.8/dist-packages/airflow/example_dags/example_skip_dag.py
[2023-09-01T13:33:25.413+0900] {logging_mixin.py:151} INFO - [2023-09-01T13:33:25.413+0900] {dag.py:2907} INFO - Sync 1 DAGs
[2023-09-01T13:33:25.425+0900] {logging_mixin.py:151} INFO - [2023-09-01T13:33:25.425+0900] {dag.py:3677} INFO - Setting next_dagrun for example_skip_dag to 2023-08-31T04:33:25.425508+00:00, run_after=2023-09-01T04:33:25.425508+00:00
[2023-09-01T13:33:25.436+0900] {processor.py:179} INFO - Processing /usr/local/lib/python3.8/dist-packages/airflow/example_dags/example_skip_dag.py took 0.055 seconds
[2023-09-01T13:34:12.535+0900] {processor.py:157} INFO - Started process (PID=19252) to work on /usr/local/lib/python3.8/dist-packages/airflow/example_dags/example_skip_dag.py
[2023-09-01T13:34:12.536+0900] {processor.py:829} INFO - Processing file /usr/local/lib/python3.8/dist-packages/airflow/example_dags/example_skip_dag.py for tasks to queue
[2023-09-01T13:34:12.536+0900] {logging_mixin.py:151} INFO - [2023-09-01T13:34:12.536+0900] {dagbag.py:539} INFO - Filling up the DagBag from /usr/local/lib/python3.8/dist-packages/airflow/example_dags/example_skip_dag.py
[2023-09-01T13:34:12.541+0900] {processor.py:839} INFO - DAG(s) dict_keys(['example_skip_dag']) retrieved from /usr/local/lib/python3.8/dist-packages/airflow/example_dags/example_skip_dag.py
[2023-09-01T13:34:12.549+0900] {logging_mixin.py:151} INFO - [2023-09-01T13:34:12.549+0900] {dag.py:2907} INFO - Sync 1 DAGs
[2023-09-01T13:34:12.558+0900] {logging_mixin.py:151} INFO - [2023-09-01T13:34:12.558+0900] {dag.py:3677} INFO - Setting next_dagrun for example_skip_dag to 2023-08-31T04:34:12.557894+00:00, run_after=2023-09-01T04:34:12.557894+00:00
[2023-09-01T13:34:12.566+0900] {processor.py:179} INFO - Processing /usr/local/lib/python3.8/dist-packages/airflow/example_dags/example_skip_dag.py took 0.034 seconds
[2023-09-01T13:34:55.534+0900] {processor.py:157} INFO - Started process (PID=19656) to work on /usr/local/lib/python3.8/dist-packages/airflow/example_dags/example_skip_dag.py
[2023-09-01T13:34:55.536+0900] {processor.py:829} INFO - Processing file /usr/local/lib/python3.8/dist-packages/airflow/example_dags/example_skip_dag.py for tasks to queue
[2023-09-01T13:34:55.538+0900] {logging_mixin.py:151} INFO - [2023-09-01T13:34:55.536+0900] {dagbag.py:539} INFO - Filling up the DagBag from /usr/local/lib/python3.8/dist-packages/airflow/example_dags/example_skip_dag.py
[2023-09-01T13:34:55.548+0900] {processor.py:839} INFO - DAG(s) dict_keys(['example_skip_dag']) retrieved from /usr/local/lib/python3.8/dist-packages/airflow/example_dags/example_skip_dag.py
[2023-09-01T13:34:55.564+0900] {logging_mixin.py:151} INFO - [2023-09-01T13:34:55.564+0900] {dag.py:2907} INFO - Sync 1 DAGs
[2023-09-01T13:34:55.577+0900] {logging_mixin.py:151} INFO - [2023-09-01T13:34:55.577+0900] {dag.py:3677} INFO - Setting next_dagrun for example_skip_dag to 2023-08-31T04:34:55.577388+00:00, run_after=2023-09-01T04:34:55.577388+00:00
[2023-09-01T13:34:55.589+0900] {processor.py:179} INFO - Processing /usr/local/lib/python3.8/dist-packages/airflow/example_dags/example_skip_dag.py took 0.060 seconds
[2023-09-01T13:35:39.060+0900] {processor.py:157} INFO - Started process (PID=20082) to work on /usr/local/lib/python3.8/dist-packages/airflow/example_dags/example_skip_dag.py
[2023-09-01T13:35:39.060+0900] {processor.py:829} INFO - Processing file /usr/local/lib/python3.8/dist-packages/airflow/example_dags/example_skip_dag.py for tasks to queue
[2023-09-01T13:35:39.061+0900] {logging_mixin.py:151} INFO - [2023-09-01T13:35:39.061+0900] {dagbag.py:539} INFO - Filling up the DagBag from /usr/local/lib/python3.8/dist-packages/airflow/example_dags/example_skip_dag.py
[2023-09-01T13:35:39.067+0900] {processor.py:839} INFO - DAG(s) dict_keys(['example_skip_dag']) retrieved from /usr/local/lib/python3.8/dist-packages/airflow/example_dags/example_skip_dag.py
[2023-09-01T13:35:39.079+0900] {logging_mixin.py:151} INFO - [2023-09-01T13:35:39.079+0900] {dag.py:2907} INFO - Sync 1 DAGs
[2023-09-01T13:35:39.092+0900] {logging_mixin.py:151} INFO - [2023-09-01T13:35:39.092+0900] {dag.py:3677} INFO - Setting next_dagrun for example_skip_dag to 2023-08-31T04:35:39.091817+00:00, run_after=2023-09-01T04:35:39.091817+00:00
[2023-09-01T13:35:39.103+0900] {processor.py:179} INFO - Processing /usr/local/lib/python3.8/dist-packages/airflow/example_dags/example_skip_dag.py took 0.046 seconds
[2023-09-01T13:36:26.220+0900] {processor.py:157} INFO - Started process (PID=20541) to work on /usr/local/lib/python3.8/dist-packages/airflow/example_dags/example_skip_dag.py
[2023-09-01T13:36:26.221+0900] {processor.py:829} INFO - Processing file /usr/local/lib/python3.8/dist-packages/airflow/example_dags/example_skip_dag.py for tasks to queue
[2023-09-01T13:36:26.223+0900] {logging_mixin.py:151} INFO - [2023-09-01T13:36:26.222+0900] {dagbag.py:539} INFO - Filling up the DagBag from /usr/local/lib/python3.8/dist-packages/airflow/example_dags/example_skip_dag.py
[2023-09-01T13:36:26.233+0900] {processor.py:839} INFO - DAG(s) dict_keys(['example_skip_dag']) retrieved from /usr/local/lib/python3.8/dist-packages/airflow/example_dags/example_skip_dag.py
[2023-09-01T13:36:26.248+0900] {logging_mixin.py:151} INFO - [2023-09-01T13:36:26.248+0900] {dag.py:2907} INFO - Sync 1 DAGs
[2023-09-01T13:36:26.261+0900] {logging_mixin.py:151} INFO - [2023-09-01T13:36:26.261+0900] {dag.py:3677} INFO - Setting next_dagrun for example_skip_dag to 2023-08-31T04:36:26.261510+00:00, run_after=2023-09-01T04:36:26.261510+00:00
[2023-09-01T13:36:26.272+0900] {processor.py:179} INFO - Processing /usr/local/lib/python3.8/dist-packages/airflow/example_dags/example_skip_dag.py took 0.058 seconds
[2023-09-01T13:37:12.606+0900] {processor.py:157} INFO - Started process (PID=20991) to work on /usr/local/lib/python3.8/dist-packages/airflow/example_dags/example_skip_dag.py
[2023-09-01T13:37:12.607+0900] {processor.py:829} INFO - Processing file /usr/local/lib/python3.8/dist-packages/airflow/example_dags/example_skip_dag.py for tasks to queue
[2023-09-01T13:37:12.609+0900] {logging_mixin.py:151} INFO - [2023-09-01T13:37:12.608+0900] {dagbag.py:539} INFO - Filling up the DagBag from /usr/local/lib/python3.8/dist-packages/airflow/example_dags/example_skip_dag.py
[2023-09-01T13:37:12.617+0900] {processor.py:839} INFO - DAG(s) dict_keys(['example_skip_dag']) retrieved from /usr/local/lib/python3.8/dist-packages/airflow/example_dags/example_skip_dag.py
[2023-09-01T13:37:12.632+0900] {logging_mixin.py:151} INFO - [2023-09-01T13:37:12.631+0900] {dag.py:2907} INFO - Sync 1 DAGs
[2023-09-01T13:37:12.643+0900] {logging_mixin.py:151} INFO - [2023-09-01T13:37:12.643+0900] {dag.py:3677} INFO - Setting next_dagrun for example_skip_dag to 2023-08-31T04:37:12.643266+00:00, run_after=2023-09-01T04:37:12.643266+00:00
[2023-09-01T13:37:12.655+0900] {processor.py:179} INFO - Processing /usr/local/lib/python3.8/dist-packages/airflow/example_dags/example_skip_dag.py took 0.053 seconds
[2023-09-01T13:37:59.905+0900] {processor.py:157} INFO - Started process (PID=21447) to work on /usr/local/lib/python3.8/dist-packages/airflow/example_dags/example_skip_dag.py
[2023-09-01T13:37:59.906+0900] {processor.py:829} INFO - Processing file /usr/local/lib/python3.8/dist-packages/airflow/example_dags/example_skip_dag.py for tasks to queue
[2023-09-01T13:37:59.907+0900] {logging_mixin.py:151} INFO - [2023-09-01T13:37:59.907+0900] {dagbag.py:539} INFO - Filling up the DagBag from /usr/local/lib/python3.8/dist-packages/airflow/example_dags/example_skip_dag.py
[2023-09-01T13:37:59.917+0900] {processor.py:839} INFO - DAG(s) dict_keys(['example_skip_dag']) retrieved from /usr/local/lib/python3.8/dist-packages/airflow/example_dags/example_skip_dag.py
[2023-09-01T13:37:59.933+0900] {logging_mixin.py:151} INFO - [2023-09-01T13:37:59.933+0900] {dag.py:2907} INFO - Sync 1 DAGs
[2023-09-01T13:37:59.946+0900] {logging_mixin.py:151} INFO - [2023-09-01T13:37:59.946+0900] {dag.py:3677} INFO - Setting next_dagrun for example_skip_dag to 2023-08-31T04:37:59.945956+00:00, run_after=2023-09-01T04:37:59.945956+00:00
[2023-09-01T13:37:59.956+0900] {processor.py:179} INFO - Processing /usr/local/lib/python3.8/dist-packages/airflow/example_dags/example_skip_dag.py took 0.056 seconds
[2023-09-01T13:38:44.979+0900] {processor.py:157} INFO - Started process (PID=21880) to work on /usr/local/lib/python3.8/dist-packages/airflow/example_dags/example_skip_dag.py
[2023-09-01T13:38:44.980+0900] {processor.py:829} INFO - Processing file /usr/local/lib/python3.8/dist-packages/airflow/example_dags/example_skip_dag.py for tasks to queue
[2023-09-01T13:38:44.982+0900] {logging_mixin.py:151} INFO - [2023-09-01T13:38:44.981+0900] {dagbag.py:539} INFO - Filling up the DagBag from /usr/local/lib/python3.8/dist-packages/airflow/example_dags/example_skip_dag.py
[2023-09-01T13:38:44.992+0900] {processor.py:839} INFO - DAG(s) dict_keys(['example_skip_dag']) retrieved from /usr/local/lib/python3.8/dist-packages/airflow/example_dags/example_skip_dag.py
[2023-09-01T13:38:45.007+0900] {logging_mixin.py:151} INFO - [2023-09-01T13:38:45.007+0900] {dag.py:2907} INFO - Sync 1 DAGs
[2023-09-01T13:38:45.020+0900] {logging_mixin.py:151} INFO - [2023-09-01T13:38:45.020+0900] {dag.py:3677} INFO - Setting next_dagrun for example_skip_dag to 2023-08-31T04:38:45.020077+00:00, run_after=2023-09-01T04:38:45.020077+00:00
[2023-09-01T13:38:45.031+0900] {processor.py:179} INFO - Processing /usr/local/lib/python3.8/dist-packages/airflow/example_dags/example_skip_dag.py took 0.058 seconds
