[2023-09-01T13:07:42.648+0900] {processor.py:157} INFO - Started process (PID=2075) to work on /usr/local/lib/python3.8/dist-packages/airflow/example_dags/example_dynamic_task_mapping_with_no_taskflow_operators.py
[2023-09-01T13:07:42.649+0900] {processor.py:829} INFO - Processing file /usr/local/lib/python3.8/dist-packages/airflow/example_dags/example_dynamic_task_mapping_with_no_taskflow_operators.py for tasks to queue
[2023-09-01T13:07:42.651+0900] {logging_mixin.py:151} INFO - [2023-09-01T13:07:42.650+0900] {dagbag.py:539} INFO - Filling up the DagBag from /usr/local/lib/python3.8/dist-packages/airflow/example_dags/example_dynamic_task_mapping_with_no_taskflow_operators.py
[2023-09-01T13:07:42.731+0900] {processor.py:839} INFO - DAG(s) dict_keys(['example_dynamic_task_mapping_with_no_taskflow_operators']) retrieved from /usr/local/lib/python3.8/dist-packages/airflow/example_dags/example_dynamic_task_mapping_with_no_taskflow_operators.py
[2023-09-01T13:07:42.769+0900] {logging_mixin.py:151} INFO - [2023-09-01T13:07:42.769+0900] {manager.py:501} INFO - Created Permission View: can delete on DAG:example_dynamic_task_mapping_with_no_taskflow_operators
[2023-09-01T13:07:42.773+0900] {logging_mixin.py:151} INFO - [2023-09-01T13:07:42.773+0900] {manager.py:501} INFO - Created Permission View: can read on DAG:example_dynamic_task_mapping_with_no_taskflow_operators
[2023-09-01T13:07:42.776+0900] {logging_mixin.py:151} INFO - [2023-09-01T13:07:42.776+0900] {manager.py:501} INFO - Created Permission View: can edit on DAG:example_dynamic_task_mapping_with_no_taskflow_operators
[2023-09-01T13:07:42.780+0900] {logging_mixin.py:151} INFO - [2023-09-01T13:07:42.780+0900] {dag.py:2907} INFO - Sync 1 DAGs
[2023-09-01T13:07:42.783+0900] {logging_mixin.py:151} INFO - [2023-09-01T13:07:42.783+0900] {dag.py:2929} INFO - Creating ORM DAG for example_dynamic_task_mapping_with_no_taskflow_operators
[2023-09-01T13:07:42.786+0900] {logging_mixin.py:151} INFO - [2023-09-01T13:07:42.786+0900] {dag.py:3677} INFO - Setting next_dagrun for example_dynamic_task_mapping_with_no_taskflow_operators to 2023-08-31T04:07:42.786673+00:00, run_after=2023-09-01T04:07:42.786673+00:00
[2023-09-01T13:07:42.795+0900] {processor.py:179} INFO - Processing /usr/local/lib/python3.8/dist-packages/airflow/example_dags/example_dynamic_task_mapping_with_no_taskflow_operators.py took 0.152 seconds
[2023-09-01T13:08:30.327+0900] {processor.py:157} INFO - Started process (PID=2993) to work on /usr/local/lib/python3.8/dist-packages/airflow/example_dags/example_dynamic_task_mapping_with_no_taskflow_operators.py
[2023-09-01T13:08:30.329+0900] {processor.py:829} INFO - Processing file /usr/local/lib/python3.8/dist-packages/airflow/example_dags/example_dynamic_task_mapping_with_no_taskflow_operators.py for tasks to queue
[2023-09-01T13:08:30.330+0900] {logging_mixin.py:151} INFO - [2023-09-01T13:08:30.329+0900] {dagbag.py:539} INFO - Filling up the DagBag from /usr/local/lib/python3.8/dist-packages/airflow/example_dags/example_dynamic_task_mapping_with_no_taskflow_operators.py
[2023-09-01T13:08:30.338+0900] {processor.py:839} INFO - DAG(s) dict_keys(['example_dynamic_task_mapping_with_no_taskflow_operators']) retrieved from /usr/local/lib/python3.8/dist-packages/airflow/example_dags/example_dynamic_task_mapping_with_no_taskflow_operators.py
[2023-09-01T13:08:30.350+0900] {logging_mixin.py:151} INFO - [2023-09-01T13:08:30.350+0900] {dag.py:2907} INFO - Sync 1 DAGs
[2023-09-01T13:08:30.366+0900] {logging_mixin.py:151} INFO - [2023-09-01T13:08:30.366+0900] {dag.py:3677} INFO - Setting next_dagrun for example_dynamic_task_mapping_with_no_taskflow_operators to 2023-08-31T04:08:30.365903+00:00, run_after=2023-09-01T04:08:30.365903+00:00
[2023-09-01T13:08:30.378+0900] {processor.py:179} INFO - Processing /usr/local/lib/python3.8/dist-packages/airflow/example_dags/example_dynamic_task_mapping_with_no_taskflow_operators.py took 0.054 seconds
[2023-09-01T13:09:19.193+0900] {processor.py:157} INFO - Started process (PID=4228) to work on /usr/local/lib/python3.8/dist-packages/airflow/example_dags/example_dynamic_task_mapping_with_no_taskflow_operators.py
[2023-09-01T13:09:19.196+0900] {processor.py:829} INFO - Processing file /usr/local/lib/python3.8/dist-packages/airflow/example_dags/example_dynamic_task_mapping_with_no_taskflow_operators.py for tasks to queue
[2023-09-01T13:09:19.198+0900] {logging_mixin.py:151} INFO - [2023-09-01T13:09:19.197+0900] {dagbag.py:539} INFO - Filling up the DagBag from /usr/local/lib/python3.8/dist-packages/airflow/example_dags/example_dynamic_task_mapping_with_no_taskflow_operators.py
[2023-09-01T13:09:19.210+0900] {processor.py:839} INFO - DAG(s) dict_keys(['example_dynamic_task_mapping_with_no_taskflow_operators']) retrieved from /usr/local/lib/python3.8/dist-packages/airflow/example_dags/example_dynamic_task_mapping_with_no_taskflow_operators.py
[2023-09-01T13:09:19.225+0900] {logging_mixin.py:151} INFO - [2023-09-01T13:09:19.225+0900] {dag.py:2907} INFO - Sync 1 DAGs
[2023-09-01T13:09:19.239+0900] {logging_mixin.py:151} INFO - [2023-09-01T13:09:19.239+0900] {dag.py:3677} INFO - Setting next_dagrun for example_dynamic_task_mapping_with_no_taskflow_operators to 2023-08-31T04:09:19.239427+00:00, run_after=2023-09-01T04:09:19.239427+00:00
[2023-09-01T13:09:19.250+0900] {processor.py:179} INFO - Processing /usr/local/lib/python3.8/dist-packages/airflow/example_dags/example_dynamic_task_mapping_with_no_taskflow_operators.py took 0.064 seconds
[2023-09-01T13:10:05.051+0900] {processor.py:157} INFO - Started process (PID=4659) to work on /usr/local/lib/python3.8/dist-packages/airflow/example_dags/example_dynamic_task_mapping_with_no_taskflow_operators.py
[2023-09-01T13:10:05.053+0900] {processor.py:829} INFO - Processing file /usr/local/lib/python3.8/dist-packages/airflow/example_dags/example_dynamic_task_mapping_with_no_taskflow_operators.py for tasks to queue
[2023-09-01T13:10:05.054+0900] {logging_mixin.py:151} INFO - [2023-09-01T13:10:05.053+0900] {dagbag.py:539} INFO - Filling up the DagBag from /usr/local/lib/python3.8/dist-packages/airflow/example_dags/example_dynamic_task_mapping_with_no_taskflow_operators.py
[2023-09-01T13:10:05.066+0900] {processor.py:839} INFO - DAG(s) dict_keys(['example_dynamic_task_mapping_with_no_taskflow_operators']) retrieved from /usr/local/lib/python3.8/dist-packages/airflow/example_dags/example_dynamic_task_mapping_with_no_taskflow_operators.py
[2023-09-01T13:10:05.081+0900] {logging_mixin.py:151} INFO - [2023-09-01T13:10:05.081+0900] {dag.py:2907} INFO - Sync 1 DAGs
[2023-09-01T13:10:05.094+0900] {logging_mixin.py:151} INFO - [2023-09-01T13:10:05.094+0900] {dag.py:3677} INFO - Setting next_dagrun for example_dynamic_task_mapping_with_no_taskflow_operators to 2023-08-31T04:10:05.094176+00:00, run_after=2023-09-01T04:10:05.094176+00:00
[2023-09-01T13:10:05.105+0900] {processor.py:179} INFO - Processing /usr/local/lib/python3.8/dist-packages/airflow/example_dags/example_dynamic_task_mapping_with_no_taskflow_operators.py took 0.060 seconds
[2023-09-01T13:10:52.314+0900] {processor.py:157} INFO - Started process (PID=5119) to work on /usr/local/lib/python3.8/dist-packages/airflow/example_dags/example_dynamic_task_mapping_with_no_taskflow_operators.py
[2023-09-01T13:10:52.316+0900] {processor.py:829} INFO - Processing file /usr/local/lib/python3.8/dist-packages/airflow/example_dags/example_dynamic_task_mapping_with_no_taskflow_operators.py for tasks to queue
[2023-09-01T13:10:52.317+0900] {logging_mixin.py:151} INFO - [2023-09-01T13:10:52.316+0900] {dagbag.py:539} INFO - Filling up the DagBag from /usr/local/lib/python3.8/dist-packages/airflow/example_dags/example_dynamic_task_mapping_with_no_taskflow_operators.py
[2023-09-01T13:10:52.326+0900] {processor.py:839} INFO - DAG(s) dict_keys(['example_dynamic_task_mapping_with_no_taskflow_operators']) retrieved from /usr/local/lib/python3.8/dist-packages/airflow/example_dags/example_dynamic_task_mapping_with_no_taskflow_operators.py
[2023-09-01T13:10:52.341+0900] {logging_mixin.py:151} INFO - [2023-09-01T13:10:52.341+0900] {dag.py:2907} INFO - Sync 1 DAGs
[2023-09-01T13:10:52.354+0900] {logging_mixin.py:151} INFO - [2023-09-01T13:10:52.354+0900] {dag.py:3677} INFO - Setting next_dagrun for example_dynamic_task_mapping_with_no_taskflow_operators to 2023-08-31T04:10:52.354541+00:00, run_after=2023-09-01T04:10:52.354541+00:00
[2023-09-01T13:10:52.365+0900] {processor.py:179} INFO - Processing /usr/local/lib/python3.8/dist-packages/airflow/example_dags/example_dynamic_task_mapping_with_no_taskflow_operators.py took 0.055 seconds
[2023-09-01T13:12:38.194+0900] {processor.py:157} INFO - Started process (PID=5647) to work on /usr/local/lib/python3.8/dist-packages/airflow/example_dags/example_dynamic_task_mapping_with_no_taskflow_operators.py
[2023-09-01T13:12:38.196+0900] {processor.py:829} INFO - Processing file /usr/local/lib/python3.8/dist-packages/airflow/example_dags/example_dynamic_task_mapping_with_no_taskflow_operators.py for tasks to queue
[2023-09-01T13:12:38.197+0900] {logging_mixin.py:151} INFO - [2023-09-01T13:12:38.196+0900] {dagbag.py:539} INFO - Filling up the DagBag from /usr/local/lib/python3.8/dist-packages/airflow/example_dags/example_dynamic_task_mapping_with_no_taskflow_operators.py
[2023-09-01T13:12:38.207+0900] {processor.py:839} INFO - DAG(s) dict_keys(['example_dynamic_task_mapping_with_no_taskflow_operators']) retrieved from /usr/local/lib/python3.8/dist-packages/airflow/example_dags/example_dynamic_task_mapping_with_no_taskflow_operators.py
[2023-09-01T13:12:38.225+0900] {logging_mixin.py:151} INFO - [2023-09-01T13:12:38.225+0900] {dag.py:2907} INFO - Sync 1 DAGs
[2023-09-01T13:12:38.238+0900] {logging_mixin.py:151} INFO - [2023-09-01T13:12:38.238+0900] {dag.py:3677} INFO - Setting next_dagrun for example_dynamic_task_mapping_with_no_taskflow_operators to 2023-08-31T04:12:38.238315+00:00, run_after=2023-09-01T04:12:38.238315+00:00
[2023-09-01T13:12:38.250+0900] {processor.py:179} INFO - Processing /usr/local/lib/python3.8/dist-packages/airflow/example_dags/example_dynamic_task_mapping_with_no_taskflow_operators.py took 0.060 seconds
[2023-09-01T13:13:29.230+0900] {processor.py:157} INFO - Started process (PID=6230) to work on /usr/local/lib/python3.8/dist-packages/airflow/example_dags/example_dynamic_task_mapping_with_no_taskflow_operators.py
[2023-09-01T13:13:29.230+0900] {processor.py:829} INFO - Processing file /usr/local/lib/python3.8/dist-packages/airflow/example_dags/example_dynamic_task_mapping_with_no_taskflow_operators.py for tasks to queue
[2023-09-01T13:13:29.231+0900] {logging_mixin.py:151} INFO - [2023-09-01T13:13:29.231+0900] {dagbag.py:539} INFO - Filling up the DagBag from /usr/local/lib/python3.8/dist-packages/airflow/example_dags/example_dynamic_task_mapping_with_no_taskflow_operators.py
[2023-09-01T13:13:29.241+0900] {processor.py:839} INFO - DAG(s) dict_keys(['example_dynamic_task_mapping_with_no_taskflow_operators']) retrieved from /usr/local/lib/python3.8/dist-packages/airflow/example_dags/example_dynamic_task_mapping_with_no_taskflow_operators.py
[2023-09-01T13:13:29.253+0900] {logging_mixin.py:151} INFO - [2023-09-01T13:13:29.253+0900] {dag.py:2907} INFO - Sync 1 DAGs
[2023-09-01T13:13:29.264+0900] {logging_mixin.py:151} INFO - [2023-09-01T13:13:29.264+0900] {dag.py:3677} INFO - Setting next_dagrun for example_dynamic_task_mapping_with_no_taskflow_operators to 2023-08-31T04:13:29.263768+00:00, run_after=2023-09-01T04:13:29.263768+00:00
[2023-09-01T13:13:29.276+0900] {processor.py:179} INFO - Processing /usr/local/lib/python3.8/dist-packages/airflow/example_dags/example_dynamic_task_mapping_with_no_taskflow_operators.py took 0.049 seconds
[2023-09-01T13:14:10.505+0900] {processor.py:157} INFO - Started process (PID=6627) to work on /usr/local/lib/python3.8/dist-packages/airflow/example_dags/example_dynamic_task_mapping_with_no_taskflow_operators.py
[2023-09-01T13:14:10.506+0900] {processor.py:829} INFO - Processing file /usr/local/lib/python3.8/dist-packages/airflow/example_dags/example_dynamic_task_mapping_with_no_taskflow_operators.py for tasks to queue
[2023-09-01T13:14:10.506+0900] {logging_mixin.py:151} INFO - [2023-09-01T13:14:10.506+0900] {dagbag.py:539} INFO - Filling up the DagBag from /usr/local/lib/python3.8/dist-packages/airflow/example_dags/example_dynamic_task_mapping_with_no_taskflow_operators.py
[2023-09-01T13:14:10.511+0900] {processor.py:839} INFO - DAG(s) dict_keys(['example_dynamic_task_mapping_with_no_taskflow_operators']) retrieved from /usr/local/lib/python3.8/dist-packages/airflow/example_dags/example_dynamic_task_mapping_with_no_taskflow_operators.py
[2023-09-01T13:14:10.518+0900] {logging_mixin.py:151} INFO - [2023-09-01T13:14:10.518+0900] {dag.py:2907} INFO - Sync 1 DAGs
[2023-09-01T13:14:10.526+0900] {logging_mixin.py:151} INFO - [2023-09-01T13:14:10.526+0900] {dag.py:3677} INFO - Setting next_dagrun for example_dynamic_task_mapping_with_no_taskflow_operators to 2023-08-31T04:14:10.526707+00:00, run_after=2023-09-01T04:14:10.526707+00:00
[2023-09-01T13:14:10.536+0900] {processor.py:179} INFO - Processing /usr/local/lib/python3.8/dist-packages/airflow/example_dags/example_dynamic_task_mapping_with_no_taskflow_operators.py took 0.033 seconds
[2023-09-01T13:14:55.193+0900] {processor.py:157} INFO - Started process (PID=7577) to work on /usr/local/lib/python3.8/dist-packages/airflow/example_dags/example_dynamic_task_mapping_with_no_taskflow_operators.py
[2023-09-01T13:14:55.194+0900] {processor.py:829} INFO - Processing file /usr/local/lib/python3.8/dist-packages/airflow/example_dags/example_dynamic_task_mapping_with_no_taskflow_operators.py for tasks to queue
[2023-09-01T13:14:55.196+0900] {logging_mixin.py:151} INFO - [2023-09-01T13:14:55.195+0900] {dagbag.py:539} INFO - Filling up the DagBag from /usr/local/lib/python3.8/dist-packages/airflow/example_dags/example_dynamic_task_mapping_with_no_taskflow_operators.py
[2023-09-01T13:14:55.206+0900] {processor.py:839} INFO - DAG(s) dict_keys(['example_dynamic_task_mapping_with_no_taskflow_operators']) retrieved from /usr/local/lib/python3.8/dist-packages/airflow/example_dags/example_dynamic_task_mapping_with_no_taskflow_operators.py
[2023-09-01T13:14:55.221+0900] {logging_mixin.py:151} INFO - [2023-09-01T13:14:55.220+0900] {dag.py:2907} INFO - Sync 1 DAGs
[2023-09-01T13:14:55.236+0900] {logging_mixin.py:151} INFO - [2023-09-01T13:14:55.236+0900] {dag.py:3677} INFO - Setting next_dagrun for example_dynamic_task_mapping_with_no_taskflow_operators to 2023-08-31T04:14:55.235849+00:00, run_after=2023-09-01T04:14:55.235849+00:00
[2023-09-01T13:14:55.248+0900] {processor.py:179} INFO - Processing /usr/local/lib/python3.8/dist-packages/airflow/example_dags/example_dynamic_task_mapping_with_no_taskflow_operators.py took 0.059 seconds
[2023-09-01T13:15:38.178+0900] {processor.py:157} INFO - Started process (PID=8084) to work on /usr/local/lib/python3.8/dist-packages/airflow/example_dags/example_dynamic_task_mapping_with_no_taskflow_operators.py
[2023-09-01T13:15:38.180+0900] {processor.py:829} INFO - Processing file /usr/local/lib/python3.8/dist-packages/airflow/example_dags/example_dynamic_task_mapping_with_no_taskflow_operators.py for tasks to queue
[2023-09-01T13:15:38.181+0900] {logging_mixin.py:151} INFO - [2023-09-01T13:15:38.180+0900] {dagbag.py:539} INFO - Filling up the DagBag from /usr/local/lib/python3.8/dist-packages/airflow/example_dags/example_dynamic_task_mapping_with_no_taskflow_operators.py
[2023-09-01T13:15:38.189+0900] {processor.py:839} INFO - DAG(s) dict_keys(['example_dynamic_task_mapping_with_no_taskflow_operators']) retrieved from /usr/local/lib/python3.8/dist-packages/airflow/example_dags/example_dynamic_task_mapping_with_no_taskflow_operators.py
[2023-09-01T13:15:38.203+0900] {logging_mixin.py:151} INFO - [2023-09-01T13:15:38.203+0900] {dag.py:2907} INFO - Sync 1 DAGs
[2023-09-01T13:15:38.216+0900] {logging_mixin.py:151} INFO - [2023-09-01T13:15:38.216+0900] {dag.py:3677} INFO - Setting next_dagrun for example_dynamic_task_mapping_with_no_taskflow_operators to 2023-08-31T04:15:38.215999+00:00, run_after=2023-09-01T04:15:38.215999+00:00
[2023-09-01T13:15:38.228+0900] {processor.py:179} INFO - Processing /usr/local/lib/python3.8/dist-packages/airflow/example_dags/example_dynamic_task_mapping_with_no_taskflow_operators.py took 0.055 seconds
[2023-09-01T13:16:26.684+0900] {processor.py:157} INFO - Started process (PID=8558) to work on /usr/local/lib/python3.8/dist-packages/airflow/example_dags/example_dynamic_task_mapping_with_no_taskflow_operators.py
[2023-09-01T13:16:26.685+0900] {processor.py:829} INFO - Processing file /usr/local/lib/python3.8/dist-packages/airflow/example_dags/example_dynamic_task_mapping_with_no_taskflow_operators.py for tasks to queue
[2023-09-01T13:16:26.687+0900] {logging_mixin.py:151} INFO - [2023-09-01T13:16:26.686+0900] {dagbag.py:539} INFO - Filling up the DagBag from /usr/local/lib/python3.8/dist-packages/airflow/example_dags/example_dynamic_task_mapping_with_no_taskflow_operators.py
[2023-09-01T13:16:26.697+0900] {processor.py:839} INFO - DAG(s) dict_keys(['example_dynamic_task_mapping_with_no_taskflow_operators']) retrieved from /usr/local/lib/python3.8/dist-packages/airflow/example_dags/example_dynamic_task_mapping_with_no_taskflow_operators.py
[2023-09-01T13:16:26.712+0900] {logging_mixin.py:151} INFO - [2023-09-01T13:16:26.712+0900] {dag.py:2907} INFO - Sync 1 DAGs
[2023-09-01T13:16:26.724+0900] {logging_mixin.py:151} INFO - [2023-09-01T13:16:26.724+0900] {dag.py:3677} INFO - Setting next_dagrun for example_dynamic_task_mapping_with_no_taskflow_operators to 2023-08-31T04:16:26.724208+00:00, run_after=2023-09-01T04:16:26.724208+00:00
[2023-09-01T13:16:26.735+0900] {processor.py:179} INFO - Processing /usr/local/lib/python3.8/dist-packages/airflow/example_dags/example_dynamic_task_mapping_with_no_taskflow_operators.py took 0.056 seconds
[2023-09-01T13:17:09.715+0900] {processor.py:157} INFO - Started process (PID=8971) to work on /usr/local/lib/python3.8/dist-packages/airflow/example_dags/example_dynamic_task_mapping_with_no_taskflow_operators.py
[2023-09-01T13:17:09.716+0900] {processor.py:829} INFO - Processing file /usr/local/lib/python3.8/dist-packages/airflow/example_dags/example_dynamic_task_mapping_with_no_taskflow_operators.py for tasks to queue
[2023-09-01T13:17:09.718+0900] {logging_mixin.py:151} INFO - [2023-09-01T13:17:09.717+0900] {dagbag.py:539} INFO - Filling up the DagBag from /usr/local/lib/python3.8/dist-packages/airflow/example_dags/example_dynamic_task_mapping_with_no_taskflow_operators.py
[2023-09-01T13:17:09.727+0900] {processor.py:839} INFO - DAG(s) dict_keys(['example_dynamic_task_mapping_with_no_taskflow_operators']) retrieved from /usr/local/lib/python3.8/dist-packages/airflow/example_dags/example_dynamic_task_mapping_with_no_taskflow_operators.py
[2023-09-01T13:17:09.742+0900] {logging_mixin.py:151} INFO - [2023-09-01T13:17:09.742+0900] {dag.py:2907} INFO - Sync 1 DAGs
[2023-09-01T13:17:09.756+0900] {logging_mixin.py:151} INFO - [2023-09-01T13:17:09.756+0900] {dag.py:3677} INFO - Setting next_dagrun for example_dynamic_task_mapping_with_no_taskflow_operators to 2023-08-31T04:17:09.756193+00:00, run_after=2023-09-01T04:17:09.756193+00:00
[2023-09-01T13:17:09.767+0900] {processor.py:179} INFO - Processing /usr/local/lib/python3.8/dist-packages/airflow/example_dags/example_dynamic_task_mapping_with_no_taskflow_operators.py took 0.057 seconds
[2023-09-01T13:17:57.338+0900] {processor.py:157} INFO - Started process (PID=9449) to work on /usr/local/lib/python3.8/dist-packages/airflow/example_dags/example_dynamic_task_mapping_with_no_taskflow_operators.py
[2023-09-01T13:17:57.355+0900] {processor.py:829} INFO - Processing file /usr/local/lib/python3.8/dist-packages/airflow/example_dags/example_dynamic_task_mapping_with_no_taskflow_operators.py for tasks to queue
[2023-09-01T13:17:57.359+0900] {logging_mixin.py:151} INFO - [2023-09-01T13:17:57.357+0900] {dagbag.py:539} INFO - Filling up the DagBag from /usr/local/lib/python3.8/dist-packages/airflow/example_dags/example_dynamic_task_mapping_with_no_taskflow_operators.py
[2023-09-01T13:17:57.411+0900] {processor.py:839} INFO - DAG(s) dict_keys(['example_dynamic_task_mapping_with_no_taskflow_operators']) retrieved from /usr/local/lib/python3.8/dist-packages/airflow/example_dags/example_dynamic_task_mapping_with_no_taskflow_operators.py
[2023-09-01T13:17:57.450+0900] {logging_mixin.py:151} INFO - [2023-09-01T13:17:57.450+0900] {dag.py:2907} INFO - Sync 1 DAGs
[2023-09-01T13:17:57.482+0900] {logging_mixin.py:151} INFO - [2023-09-01T13:17:57.482+0900] {dag.py:3677} INFO - Setting next_dagrun for example_dynamic_task_mapping_with_no_taskflow_operators to 2023-08-31T04:17:57.481645+00:00, run_after=2023-09-01T04:17:57.481645+00:00
[2023-09-01T13:17:57.505+0900] {processor.py:179} INFO - Processing /usr/local/lib/python3.8/dist-packages/airflow/example_dags/example_dynamic_task_mapping_with_no_taskflow_operators.py took 0.201 seconds
[2023-09-01T13:18:42.084+0900] {processor.py:157} INFO - Started process (PID=9914) to work on /usr/local/lib/python3.8/dist-packages/airflow/example_dags/example_dynamic_task_mapping_with_no_taskflow_operators.py
[2023-09-01T13:18:42.085+0900] {processor.py:829} INFO - Processing file /usr/local/lib/python3.8/dist-packages/airflow/example_dags/example_dynamic_task_mapping_with_no_taskflow_operators.py for tasks to queue
[2023-09-01T13:18:42.086+0900] {logging_mixin.py:151} INFO - [2023-09-01T13:18:42.085+0900] {dagbag.py:539} INFO - Filling up the DagBag from /usr/local/lib/python3.8/dist-packages/airflow/example_dags/example_dynamic_task_mapping_with_no_taskflow_operators.py
[2023-09-01T13:18:42.094+0900] {processor.py:839} INFO - DAG(s) dict_keys(['example_dynamic_task_mapping_with_no_taskflow_operators']) retrieved from /usr/local/lib/python3.8/dist-packages/airflow/example_dags/example_dynamic_task_mapping_with_no_taskflow_operators.py
[2023-09-01T13:18:42.106+0900] {logging_mixin.py:151} INFO - [2023-09-01T13:18:42.106+0900] {dag.py:2907} INFO - Sync 1 DAGs
[2023-09-01T13:18:42.117+0900] {logging_mixin.py:151} INFO - [2023-09-01T13:18:42.117+0900] {dag.py:3677} INFO - Setting next_dagrun for example_dynamic_task_mapping_with_no_taskflow_operators to 2023-08-31T04:18:42.117591+00:00, run_after=2023-09-01T04:18:42.117591+00:00
[2023-09-01T13:18:42.129+0900] {processor.py:179} INFO - Processing /usr/local/lib/python3.8/dist-packages/airflow/example_dags/example_dynamic_task_mapping_with_no_taskflow_operators.py took 0.049 seconds
[2023-09-01T13:19:27.263+0900] {processor.py:157} INFO - Started process (PID=10355) to work on /usr/local/lib/python3.8/dist-packages/airflow/example_dags/example_dynamic_task_mapping_with_no_taskflow_operators.py
[2023-09-01T13:19:27.263+0900] {processor.py:829} INFO - Processing file /usr/local/lib/python3.8/dist-packages/airflow/example_dags/example_dynamic_task_mapping_with_no_taskflow_operators.py for tasks to queue
[2023-09-01T13:19:27.264+0900] {logging_mixin.py:151} INFO - [2023-09-01T13:19:27.264+0900] {dagbag.py:539} INFO - Filling up the DagBag from /usr/local/lib/python3.8/dist-packages/airflow/example_dags/example_dynamic_task_mapping_with_no_taskflow_operators.py
[2023-09-01T13:19:27.269+0900] {processor.py:839} INFO - DAG(s) dict_keys(['example_dynamic_task_mapping_with_no_taskflow_operators']) retrieved from /usr/local/lib/python3.8/dist-packages/airflow/example_dags/example_dynamic_task_mapping_with_no_taskflow_operators.py
[2023-09-01T13:19:27.278+0900] {logging_mixin.py:151} INFO - [2023-09-01T13:19:27.278+0900] {dag.py:2907} INFO - Sync 1 DAGs
[2023-09-01T13:19:27.287+0900] {logging_mixin.py:151} INFO - [2023-09-01T13:19:27.286+0900] {dag.py:3677} INFO - Setting next_dagrun for example_dynamic_task_mapping_with_no_taskflow_operators to 2023-08-31T04:19:27.286773+00:00, run_after=2023-09-01T04:19:27.286773+00:00
[2023-09-01T13:19:27.295+0900] {processor.py:179} INFO - Processing /usr/local/lib/python3.8/dist-packages/airflow/example_dags/example_dynamic_task_mapping_with_no_taskflow_operators.py took 0.035 seconds
[2023-09-01T13:20:11.051+0900] {processor.py:157} INFO - Started process (PID=10769) to work on /usr/local/lib/python3.8/dist-packages/airflow/example_dags/example_dynamic_task_mapping_with_no_taskflow_operators.py
[2023-09-01T13:20:11.052+0900] {processor.py:829} INFO - Processing file /usr/local/lib/python3.8/dist-packages/airflow/example_dags/example_dynamic_task_mapping_with_no_taskflow_operators.py for tasks to queue
[2023-09-01T13:20:11.053+0900] {logging_mixin.py:151} INFO - [2023-09-01T13:20:11.052+0900] {dagbag.py:539} INFO - Filling up the DagBag from /usr/local/lib/python3.8/dist-packages/airflow/example_dags/example_dynamic_task_mapping_with_no_taskflow_operators.py
[2023-09-01T13:20:11.058+0900] {processor.py:839} INFO - DAG(s) dict_keys(['example_dynamic_task_mapping_with_no_taskflow_operators']) retrieved from /usr/local/lib/python3.8/dist-packages/airflow/example_dags/example_dynamic_task_mapping_with_no_taskflow_operators.py
[2023-09-01T13:20:11.067+0900] {logging_mixin.py:151} INFO - [2023-09-01T13:20:11.066+0900] {dag.py:2907} INFO - Sync 1 DAGs
[2023-09-01T13:20:11.076+0900] {logging_mixin.py:151} INFO - [2023-09-01T13:20:11.076+0900] {dag.py:3677} INFO - Setting next_dagrun for example_dynamic_task_mapping_with_no_taskflow_operators to 2023-08-31T04:20:11.075978+00:00, run_after=2023-09-01T04:20:11.075978+00:00
[2023-09-01T13:20:11.085+0900] {processor.py:179} INFO - Processing /usr/local/lib/python3.8/dist-packages/airflow/example_dags/example_dynamic_task_mapping_with_no_taskflow_operators.py took 0.035 seconds
[2023-09-01T13:20:54.674+0900] {processor.py:157} INFO - Started process (PID=11219) to work on /usr/local/lib/python3.8/dist-packages/airflow/example_dags/example_dynamic_task_mapping_with_no_taskflow_operators.py
[2023-09-01T13:20:54.675+0900] {processor.py:829} INFO - Processing file /usr/local/lib/python3.8/dist-packages/airflow/example_dags/example_dynamic_task_mapping_with_no_taskflow_operators.py for tasks to queue
[2023-09-01T13:20:54.676+0900] {logging_mixin.py:151} INFO - [2023-09-01T13:20:54.675+0900] {dagbag.py:539} INFO - Filling up the DagBag from /usr/local/lib/python3.8/dist-packages/airflow/example_dags/example_dynamic_task_mapping_with_no_taskflow_operators.py
[2023-09-01T13:20:54.681+0900] {processor.py:839} INFO - DAG(s) dict_keys(['example_dynamic_task_mapping_with_no_taskflow_operators']) retrieved from /usr/local/lib/python3.8/dist-packages/airflow/example_dags/example_dynamic_task_mapping_with_no_taskflow_operators.py
[2023-09-01T13:20:54.692+0900] {logging_mixin.py:151} INFO - [2023-09-01T13:20:54.692+0900] {dag.py:2907} INFO - Sync 1 DAGs
[2023-09-01T13:20:54.706+0900] {logging_mixin.py:151} INFO - [2023-09-01T13:20:54.706+0900] {dag.py:3677} INFO - Setting next_dagrun for example_dynamic_task_mapping_with_no_taskflow_operators to 2023-08-31T04:20:54.705895+00:00, run_after=2023-09-01T04:20:54.705895+00:00
[2023-09-01T13:20:54.719+0900] {processor.py:179} INFO - Processing /usr/local/lib/python3.8/dist-packages/airflow/example_dags/example_dynamic_task_mapping_with_no_taskflow_operators.py took 0.047 seconds
[2023-09-01T13:21:36.753+0900] {processor.py:157} INFO - Started process (PID=11550) to work on /usr/local/lib/python3.8/dist-packages/airflow/example_dags/example_dynamic_task_mapping_with_no_taskflow_operators.py
[2023-09-01T13:21:36.754+0900] {processor.py:829} INFO - Processing file /usr/local/lib/python3.8/dist-packages/airflow/example_dags/example_dynamic_task_mapping_with_no_taskflow_operators.py for tasks to queue
[2023-09-01T13:21:36.756+0900] {logging_mixin.py:151} INFO - [2023-09-01T13:21:36.755+0900] {dagbag.py:539} INFO - Filling up the DagBag from /usr/local/lib/python3.8/dist-packages/airflow/example_dags/example_dynamic_task_mapping_with_no_taskflow_operators.py
[2023-09-01T13:21:36.765+0900] {processor.py:839} INFO - DAG(s) dict_keys(['example_dynamic_task_mapping_with_no_taskflow_operators']) retrieved from /usr/local/lib/python3.8/dist-packages/airflow/example_dags/example_dynamic_task_mapping_with_no_taskflow_operators.py
[2023-09-01T13:21:36.780+0900] {logging_mixin.py:151} INFO - [2023-09-01T13:21:36.780+0900] {dag.py:2907} INFO - Sync 1 DAGs
[2023-09-01T13:21:36.792+0900] {logging_mixin.py:151} INFO - [2023-09-01T13:21:36.792+0900] {dag.py:3677} INFO - Setting next_dagrun for example_dynamic_task_mapping_with_no_taskflow_operators to 2023-08-31T04:21:36.792613+00:00, run_after=2023-09-01T04:21:36.792613+00:00
[2023-09-01T13:21:36.803+0900] {processor.py:179} INFO - Processing /usr/local/lib/python3.8/dist-packages/airflow/example_dags/example_dynamic_task_mapping_with_no_taskflow_operators.py took 0.056 seconds
[2023-09-01T13:22:21.072+0900] {processor.py:157} INFO - Started process (PID=11968) to work on /usr/local/lib/python3.8/dist-packages/airflow/example_dags/example_dynamic_task_mapping_with_no_taskflow_operators.py
[2023-09-01T13:22:21.072+0900] {processor.py:829} INFO - Processing file /usr/local/lib/python3.8/dist-packages/airflow/example_dags/example_dynamic_task_mapping_with_no_taskflow_operators.py for tasks to queue
[2023-09-01T13:22:21.073+0900] {logging_mixin.py:151} INFO - [2023-09-01T13:22:21.073+0900] {dagbag.py:539} INFO - Filling up the DagBag from /usr/local/lib/python3.8/dist-packages/airflow/example_dags/example_dynamic_task_mapping_with_no_taskflow_operators.py
[2023-09-01T13:22:21.079+0900] {processor.py:839} INFO - DAG(s) dict_keys(['example_dynamic_task_mapping_with_no_taskflow_operators']) retrieved from /usr/local/lib/python3.8/dist-packages/airflow/example_dags/example_dynamic_task_mapping_with_no_taskflow_operators.py
[2023-09-01T13:22:21.090+0900] {logging_mixin.py:151} INFO - [2023-09-01T13:22:21.090+0900] {dag.py:2907} INFO - Sync 1 DAGs
[2023-09-01T13:22:21.102+0900] {logging_mixin.py:151} INFO - [2023-09-01T13:22:21.102+0900] {dag.py:3677} INFO - Setting next_dagrun for example_dynamic_task_mapping_with_no_taskflow_operators to 2023-08-31T04:22:21.102142+00:00, run_after=2023-09-01T04:22:21.102142+00:00
[2023-09-01T13:22:21.115+0900] {processor.py:179} INFO - Processing /usr/local/lib/python3.8/dist-packages/airflow/example_dags/example_dynamic_task_mapping_with_no_taskflow_operators.py took 0.047 seconds
[2023-09-01T13:23:03.977+0900] {processor.py:157} INFO - Started process (PID=12388) to work on /usr/local/lib/python3.8/dist-packages/airflow/example_dags/example_dynamic_task_mapping_with_no_taskflow_operators.py
[2023-09-01T13:23:03.978+0900] {processor.py:829} INFO - Processing file /usr/local/lib/python3.8/dist-packages/airflow/example_dags/example_dynamic_task_mapping_with_no_taskflow_operators.py for tasks to queue
[2023-09-01T13:23:03.980+0900] {logging_mixin.py:151} INFO - [2023-09-01T13:23:03.979+0900] {dagbag.py:539} INFO - Filling up the DagBag from /usr/local/lib/python3.8/dist-packages/airflow/example_dags/example_dynamic_task_mapping_with_no_taskflow_operators.py
[2023-09-01T13:23:03.990+0900] {processor.py:839} INFO - DAG(s) dict_keys(['example_dynamic_task_mapping_with_no_taskflow_operators']) retrieved from /usr/local/lib/python3.8/dist-packages/airflow/example_dags/example_dynamic_task_mapping_with_no_taskflow_operators.py
[2023-09-01T13:23:04.004+0900] {logging_mixin.py:151} INFO - [2023-09-01T13:23:04.003+0900] {dag.py:2907} INFO - Sync 1 DAGs
[2023-09-01T13:23:04.016+0900] {logging_mixin.py:151} INFO - [2023-09-01T13:23:04.016+0900] {dag.py:3677} INFO - Setting next_dagrun for example_dynamic_task_mapping_with_no_taskflow_operators to 2023-08-31T04:23:04.016168+00:00, run_after=2023-09-01T04:23:04.016168+00:00
[2023-09-01T13:23:04.027+0900] {processor.py:179} INFO - Processing /usr/local/lib/python3.8/dist-packages/airflow/example_dags/example_dynamic_task_mapping_with_no_taskflow_operators.py took 0.055 seconds
[2023-09-01T13:23:44.681+0900] {processor.py:157} INFO - Started process (PID=12816) to work on /usr/local/lib/python3.8/dist-packages/airflow/example_dags/example_dynamic_task_mapping_with_no_taskflow_operators.py
[2023-09-01T13:23:44.682+0900] {processor.py:829} INFO - Processing file /usr/local/lib/python3.8/dist-packages/airflow/example_dags/example_dynamic_task_mapping_with_no_taskflow_operators.py for tasks to queue
[2023-09-01T13:23:44.682+0900] {logging_mixin.py:151} INFO - [2023-09-01T13:23:44.682+0900] {dagbag.py:539} INFO - Filling up the DagBag from /usr/local/lib/python3.8/dist-packages/airflow/example_dags/example_dynamic_task_mapping_with_no_taskflow_operators.py
[2023-09-01T13:23:44.688+0900] {processor.py:839} INFO - DAG(s) dict_keys(['example_dynamic_task_mapping_with_no_taskflow_operators']) retrieved from /usr/local/lib/python3.8/dist-packages/airflow/example_dags/example_dynamic_task_mapping_with_no_taskflow_operators.py
[2023-09-01T13:23:44.697+0900] {logging_mixin.py:151} INFO - [2023-09-01T13:23:44.696+0900] {dag.py:2907} INFO - Sync 1 DAGs
[2023-09-01T13:23:44.706+0900] {logging_mixin.py:151} INFO - [2023-09-01T13:23:44.706+0900] {dag.py:3677} INFO - Setting next_dagrun for example_dynamic_task_mapping_with_no_taskflow_operators to 2023-08-31T04:23:44.705919+00:00, run_after=2023-09-01T04:23:44.705919+00:00
[2023-09-01T13:23:44.714+0900] {processor.py:179} INFO - Processing /usr/local/lib/python3.8/dist-packages/airflow/example_dags/example_dynamic_task_mapping_with_no_taskflow_operators.py took 0.036 seconds
[2023-09-01T13:24:27.957+0900] {processor.py:157} INFO - Started process (PID=13233) to work on /usr/local/lib/python3.8/dist-packages/airflow/example_dags/example_dynamic_task_mapping_with_no_taskflow_operators.py
[2023-09-01T13:24:27.959+0900] {processor.py:829} INFO - Processing file /usr/local/lib/python3.8/dist-packages/airflow/example_dags/example_dynamic_task_mapping_with_no_taskflow_operators.py for tasks to queue
[2023-09-01T13:24:27.960+0900] {logging_mixin.py:151} INFO - [2023-09-01T13:24:27.959+0900] {dagbag.py:539} INFO - Filling up the DagBag from /usr/local/lib/python3.8/dist-packages/airflow/example_dags/example_dynamic_task_mapping_with_no_taskflow_operators.py
[2023-09-01T13:24:27.971+0900] {processor.py:839} INFO - DAG(s) dict_keys(['example_dynamic_task_mapping_with_no_taskflow_operators']) retrieved from /usr/local/lib/python3.8/dist-packages/airflow/example_dags/example_dynamic_task_mapping_with_no_taskflow_operators.py
[2023-09-01T13:24:27.985+0900] {logging_mixin.py:151} INFO - [2023-09-01T13:24:27.985+0900] {dag.py:2907} INFO - Sync 1 DAGs
[2023-09-01T13:24:27.998+0900] {logging_mixin.py:151} INFO - [2023-09-01T13:24:27.998+0900] {dag.py:3677} INFO - Setting next_dagrun for example_dynamic_task_mapping_with_no_taskflow_operators to 2023-08-31T04:24:27.997919+00:00, run_after=2023-09-01T04:24:27.997919+00:00
[2023-09-01T13:24:28.008+0900] {processor.py:179} INFO - Processing /usr/local/lib/python3.8/dist-packages/airflow/example_dags/example_dynamic_task_mapping_with_no_taskflow_operators.py took 0.056 seconds
[2023-09-01T13:25:14.541+0900] {processor.py:157} INFO - Started process (PID=14187) to work on /usr/local/lib/python3.8/dist-packages/airflow/example_dags/example_dynamic_task_mapping_with_no_taskflow_operators.py
[2023-09-01T13:25:14.543+0900] {processor.py:829} INFO - Processing file /usr/local/lib/python3.8/dist-packages/airflow/example_dags/example_dynamic_task_mapping_with_no_taskflow_operators.py for tasks to queue
[2023-09-01T13:25:14.545+0900] {logging_mixin.py:151} INFO - [2023-09-01T13:25:14.543+0900] {dagbag.py:539} INFO - Filling up the DagBag from /usr/local/lib/python3.8/dist-packages/airflow/example_dags/example_dynamic_task_mapping_with_no_taskflow_operators.py
[2023-09-01T13:25:14.556+0900] {processor.py:839} INFO - DAG(s) dict_keys(['example_dynamic_task_mapping_with_no_taskflow_operators']) retrieved from /usr/local/lib/python3.8/dist-packages/airflow/example_dags/example_dynamic_task_mapping_with_no_taskflow_operators.py
[2023-09-01T13:25:14.570+0900] {logging_mixin.py:151} INFO - [2023-09-01T13:25:14.570+0900] {dag.py:2907} INFO - Sync 1 DAGs
[2023-09-01T13:25:14.585+0900] {logging_mixin.py:151} INFO - [2023-09-01T13:25:14.584+0900] {dag.py:3677} INFO - Setting next_dagrun for example_dynamic_task_mapping_with_no_taskflow_operators to 2023-08-31T04:25:14.584697+00:00, run_after=2023-09-01T04:25:14.584697+00:00
[2023-09-01T13:25:14.596+0900] {processor.py:179} INFO - Processing /usr/local/lib/python3.8/dist-packages/airflow/example_dags/example_dynamic_task_mapping_with_no_taskflow_operators.py took 0.061 seconds
[2023-09-01T13:26:08.002+0900] {processor.py:157} INFO - Started process (PID=14509) to work on /usr/local/lib/python3.8/dist-packages/airflow/example_dags/example_dynamic_task_mapping_with_no_taskflow_operators.py
[2023-09-01T13:26:08.003+0900] {processor.py:829} INFO - Processing file /usr/local/lib/python3.8/dist-packages/airflow/example_dags/example_dynamic_task_mapping_with_no_taskflow_operators.py for tasks to queue
[2023-09-01T13:26:08.004+0900] {logging_mixin.py:151} INFO - [2023-09-01T13:26:08.003+0900] {dagbag.py:539} INFO - Filling up the DagBag from /usr/local/lib/python3.8/dist-packages/airflow/example_dags/example_dynamic_task_mapping_with_no_taskflow_operators.py
[2023-09-01T13:26:08.011+0900] {processor.py:839} INFO - DAG(s) dict_keys(['example_dynamic_task_mapping_with_no_taskflow_operators']) retrieved from /usr/local/lib/python3.8/dist-packages/airflow/example_dags/example_dynamic_task_mapping_with_no_taskflow_operators.py
[2023-09-01T13:26:08.021+0900] {logging_mixin.py:151} INFO - [2023-09-01T13:26:08.021+0900] {dag.py:2907} INFO - Sync 1 DAGs
[2023-09-01T13:26:08.032+0900] {logging_mixin.py:151} INFO - [2023-09-01T13:26:08.032+0900] {dag.py:3677} INFO - Setting next_dagrun for example_dynamic_task_mapping_with_no_taskflow_operators to 2023-08-31T04:26:08.032099+00:00, run_after=2023-09-01T04:26:08.032099+00:00
[2023-09-01T13:26:08.042+0900] {processor.py:179} INFO - Processing /usr/local/lib/python3.8/dist-packages/airflow/example_dags/example_dynamic_task_mapping_with_no_taskflow_operators.py took 0.043 seconds
[2023-09-01T13:26:50.763+0900] {processor.py:157} INFO - Started process (PID=14926) to work on /usr/local/lib/python3.8/dist-packages/airflow/example_dags/example_dynamic_task_mapping_with_no_taskflow_operators.py
[2023-09-01T13:26:50.764+0900] {processor.py:829} INFO - Processing file /usr/local/lib/python3.8/dist-packages/airflow/example_dags/example_dynamic_task_mapping_with_no_taskflow_operators.py for tasks to queue
[2023-09-01T13:26:50.765+0900] {logging_mixin.py:151} INFO - [2023-09-01T13:26:50.764+0900] {dagbag.py:539} INFO - Filling up the DagBag from /usr/local/lib/python3.8/dist-packages/airflow/example_dags/example_dynamic_task_mapping_with_no_taskflow_operators.py
[2023-09-01T13:26:50.775+0900] {processor.py:839} INFO - DAG(s) dict_keys(['example_dynamic_task_mapping_with_no_taskflow_operators']) retrieved from /usr/local/lib/python3.8/dist-packages/airflow/example_dags/example_dynamic_task_mapping_with_no_taskflow_operators.py
[2023-09-01T13:26:50.789+0900] {logging_mixin.py:151} INFO - [2023-09-01T13:26:50.789+0900] {dag.py:2907} INFO - Sync 1 DAGs
[2023-09-01T13:26:50.801+0900] {logging_mixin.py:151} INFO - [2023-09-01T13:26:50.801+0900] {dag.py:3677} INFO - Setting next_dagrun for example_dynamic_task_mapping_with_no_taskflow_operators to 2023-08-31T04:26:50.800866+00:00, run_after=2023-09-01T04:26:50.800866+00:00
[2023-09-01T13:26:50.811+0900] {processor.py:179} INFO - Processing /usr/local/lib/python3.8/dist-packages/airflow/example_dags/example_dynamic_task_mapping_with_no_taskflow_operators.py took 0.052 seconds
[2023-09-01T13:27:35.409+0900] {processor.py:157} INFO - Started process (PID=15353) to work on /usr/local/lib/python3.8/dist-packages/airflow/example_dags/example_dynamic_task_mapping_with_no_taskflow_operators.py
[2023-09-01T13:27:35.411+0900] {processor.py:829} INFO - Processing file /usr/local/lib/python3.8/dist-packages/airflow/example_dags/example_dynamic_task_mapping_with_no_taskflow_operators.py for tasks to queue
[2023-09-01T13:27:35.413+0900] {logging_mixin.py:151} INFO - [2023-09-01T13:27:35.412+0900] {dagbag.py:539} INFO - Filling up the DagBag from /usr/local/lib/python3.8/dist-packages/airflow/example_dags/example_dynamic_task_mapping_with_no_taskflow_operators.py
[2023-09-01T13:27:35.424+0900] {processor.py:839} INFO - DAG(s) dict_keys(['example_dynamic_task_mapping_with_no_taskflow_operators']) retrieved from /usr/local/lib/python3.8/dist-packages/airflow/example_dags/example_dynamic_task_mapping_with_no_taskflow_operators.py
[2023-09-01T13:27:35.440+0900] {logging_mixin.py:151} INFO - [2023-09-01T13:27:35.440+0900] {dag.py:2907} INFO - Sync 1 DAGs
[2023-09-01T13:27:35.454+0900] {logging_mixin.py:151} INFO - [2023-09-01T13:27:35.454+0900] {dag.py:3677} INFO - Setting next_dagrun for example_dynamic_task_mapping_with_no_taskflow_operators to 2023-08-31T04:27:35.454518+00:00, run_after=2023-09-01T04:27:35.454518+00:00
[2023-09-01T13:27:35.466+0900] {processor.py:179} INFO - Processing /usr/local/lib/python3.8/dist-packages/airflow/example_dags/example_dynamic_task_mapping_with_no_taskflow_operators.py took 0.062 seconds
[2023-09-01T13:28:19.472+0900] {processor.py:157} INFO - Started process (PID=15781) to work on /usr/local/lib/python3.8/dist-packages/airflow/example_dags/example_dynamic_task_mapping_with_no_taskflow_operators.py
[2023-09-01T13:28:19.473+0900] {processor.py:829} INFO - Processing file /usr/local/lib/python3.8/dist-packages/airflow/example_dags/example_dynamic_task_mapping_with_no_taskflow_operators.py for tasks to queue
[2023-09-01T13:28:19.475+0900] {logging_mixin.py:151} INFO - [2023-09-01T13:28:19.474+0900] {dagbag.py:539} INFO - Filling up the DagBag from /usr/local/lib/python3.8/dist-packages/airflow/example_dags/example_dynamic_task_mapping_with_no_taskflow_operators.py
[2023-09-01T13:28:19.485+0900] {processor.py:839} INFO - DAG(s) dict_keys(['example_dynamic_task_mapping_with_no_taskflow_operators']) retrieved from /usr/local/lib/python3.8/dist-packages/airflow/example_dags/example_dynamic_task_mapping_with_no_taskflow_operators.py
[2023-09-01T13:28:19.499+0900] {logging_mixin.py:151} INFO - [2023-09-01T13:28:19.499+0900] {dag.py:2907} INFO - Sync 1 DAGs
[2023-09-01T13:28:19.512+0900] {logging_mixin.py:151} INFO - [2023-09-01T13:28:19.512+0900] {dag.py:3677} INFO - Setting next_dagrun for example_dynamic_task_mapping_with_no_taskflow_operators to 2023-08-31T04:28:19.511924+00:00, run_after=2023-09-01T04:28:19.511924+00:00
[2023-09-01T13:28:19.524+0900] {processor.py:179} INFO - Processing /usr/local/lib/python3.8/dist-packages/airflow/example_dags/example_dynamic_task_mapping_with_no_taskflow_operators.py took 0.057 seconds
[2023-09-01T13:29:05.867+0900] {processor.py:157} INFO - Started process (PID=16260) to work on /usr/local/lib/python3.8/dist-packages/airflow/example_dags/example_dynamic_task_mapping_with_no_taskflow_operators.py
[2023-09-01T13:29:05.868+0900] {processor.py:829} INFO - Processing file /usr/local/lib/python3.8/dist-packages/airflow/example_dags/example_dynamic_task_mapping_with_no_taskflow_operators.py for tasks to queue
[2023-09-01T13:29:05.870+0900] {logging_mixin.py:151} INFO - [2023-09-01T13:29:05.869+0900] {dagbag.py:539} INFO - Filling up the DagBag from /usr/local/lib/python3.8/dist-packages/airflow/example_dags/example_dynamic_task_mapping_with_no_taskflow_operators.py
[2023-09-01T13:29:05.880+0900] {processor.py:839} INFO - DAG(s) dict_keys(['example_dynamic_task_mapping_with_no_taskflow_operators']) retrieved from /usr/local/lib/python3.8/dist-packages/airflow/example_dags/example_dynamic_task_mapping_with_no_taskflow_operators.py
[2023-09-01T13:29:05.895+0900] {logging_mixin.py:151} INFO - [2023-09-01T13:29:05.894+0900] {dag.py:2907} INFO - Sync 1 DAGs
[2023-09-01T13:29:05.907+0900] {logging_mixin.py:151} INFO - [2023-09-01T13:29:05.907+0900] {dag.py:3677} INFO - Setting next_dagrun for example_dynamic_task_mapping_with_no_taskflow_operators to 2023-08-31T04:29:05.906937+00:00, run_after=2023-09-01T04:29:05.906937+00:00
[2023-09-01T13:29:05.917+0900] {processor.py:179} INFO - Processing /usr/local/lib/python3.8/dist-packages/airflow/example_dags/example_dynamic_task_mapping_with_no_taskflow_operators.py took 0.055 seconds
[2023-09-01T13:29:51.111+0900] {processor.py:157} INFO - Started process (PID=16689) to work on /usr/local/lib/python3.8/dist-packages/airflow/example_dags/example_dynamic_task_mapping_with_no_taskflow_operators.py
[2023-09-01T13:29:51.113+0900] {processor.py:829} INFO - Processing file /usr/local/lib/python3.8/dist-packages/airflow/example_dags/example_dynamic_task_mapping_with_no_taskflow_operators.py for tasks to queue
[2023-09-01T13:29:51.114+0900] {logging_mixin.py:151} INFO - [2023-09-01T13:29:51.113+0900] {dagbag.py:539} INFO - Filling up the DagBag from /usr/local/lib/python3.8/dist-packages/airflow/example_dags/example_dynamic_task_mapping_with_no_taskflow_operators.py
[2023-09-01T13:29:51.125+0900] {processor.py:839} INFO - DAG(s) dict_keys(['example_dynamic_task_mapping_with_no_taskflow_operators']) retrieved from /usr/local/lib/python3.8/dist-packages/airflow/example_dags/example_dynamic_task_mapping_with_no_taskflow_operators.py
[2023-09-01T13:29:51.141+0900] {logging_mixin.py:151} INFO - [2023-09-01T13:29:51.141+0900] {dag.py:2907} INFO - Sync 1 DAGs
[2023-09-01T13:29:51.155+0900] {logging_mixin.py:151} INFO - [2023-09-01T13:29:51.155+0900] {dag.py:3677} INFO - Setting next_dagrun for example_dynamic_task_mapping_with_no_taskflow_operators to 2023-08-31T04:29:51.155049+00:00, run_after=2023-09-01T04:29:51.155049+00:00
[2023-09-01T13:29:51.166+0900] {processor.py:179} INFO - Processing /usr/local/lib/python3.8/dist-packages/airflow/example_dags/example_dynamic_task_mapping_with_no_taskflow_operators.py took 0.061 seconds
[2023-09-01T13:30:38.454+0900] {processor.py:157} INFO - Started process (PID=17150) to work on /usr/local/lib/python3.8/dist-packages/airflow/example_dags/example_dynamic_task_mapping_with_no_taskflow_operators.py
[2023-09-01T13:30:38.456+0900] {processor.py:829} INFO - Processing file /usr/local/lib/python3.8/dist-packages/airflow/example_dags/example_dynamic_task_mapping_with_no_taskflow_operators.py for tasks to queue
[2023-09-01T13:30:38.457+0900] {logging_mixin.py:151} INFO - [2023-09-01T13:30:38.456+0900] {dagbag.py:539} INFO - Filling up the DagBag from /usr/local/lib/python3.8/dist-packages/airflow/example_dags/example_dynamic_task_mapping_with_no_taskflow_operators.py
[2023-09-01T13:30:38.468+0900] {processor.py:839} INFO - DAG(s) dict_keys(['example_dynamic_task_mapping_with_no_taskflow_operators']) retrieved from /usr/local/lib/python3.8/dist-packages/airflow/example_dags/example_dynamic_task_mapping_with_no_taskflow_operators.py
[2023-09-01T13:30:38.481+0900] {logging_mixin.py:151} INFO - [2023-09-01T13:30:38.481+0900] {dag.py:2907} INFO - Sync 1 DAGs
[2023-09-01T13:30:38.493+0900] {logging_mixin.py:151} INFO - [2023-09-01T13:30:38.493+0900] {dag.py:3677} INFO - Setting next_dagrun for example_dynamic_task_mapping_with_no_taskflow_operators to 2023-08-31T04:30:38.493306+00:00, run_after=2023-09-01T04:30:38.493306+00:00
[2023-09-01T13:30:38.505+0900] {processor.py:179} INFO - Processing /usr/local/lib/python3.8/dist-packages/airflow/example_dags/example_dynamic_task_mapping_with_no_taskflow_operators.py took 0.055 seconds
[2023-09-01T13:31:23.078+0900] {processor.py:157} INFO - Started process (PID=17586) to work on /usr/local/lib/python3.8/dist-packages/airflow/example_dags/example_dynamic_task_mapping_with_no_taskflow_operators.py
[2023-09-01T13:31:23.079+0900] {processor.py:829} INFO - Processing file /usr/local/lib/python3.8/dist-packages/airflow/example_dags/example_dynamic_task_mapping_with_no_taskflow_operators.py for tasks to queue
[2023-09-01T13:31:23.080+0900] {logging_mixin.py:151} INFO - [2023-09-01T13:31:23.080+0900] {dagbag.py:539} INFO - Filling up the DagBag from /usr/local/lib/python3.8/dist-packages/airflow/example_dags/example_dynamic_task_mapping_with_no_taskflow_operators.py
[2023-09-01T13:31:23.087+0900] {processor.py:839} INFO - DAG(s) dict_keys(['example_dynamic_task_mapping_with_no_taskflow_operators']) retrieved from /usr/local/lib/python3.8/dist-packages/airflow/example_dags/example_dynamic_task_mapping_with_no_taskflow_operators.py
[2023-09-01T13:31:23.099+0900] {logging_mixin.py:151} INFO - [2023-09-01T13:31:23.099+0900] {dag.py:2907} INFO - Sync 1 DAGs
[2023-09-01T13:31:23.109+0900] {logging_mixin.py:151} INFO - [2023-09-01T13:31:23.109+0900] {dag.py:3677} INFO - Setting next_dagrun for example_dynamic_task_mapping_with_no_taskflow_operators to 2023-08-31T04:31:23.109575+00:00, run_after=2023-09-01T04:31:23.109575+00:00
[2023-09-01T13:31:23.120+0900] {processor.py:179} INFO - Processing /usr/local/lib/python3.8/dist-packages/airflow/example_dags/example_dynamic_task_mapping_with_no_taskflow_operators.py took 0.045 seconds
[2023-09-01T13:32:07.123+0900] {processor.py:157} INFO - Started process (PID=18015) to work on /usr/local/lib/python3.8/dist-packages/airflow/example_dags/example_dynamic_task_mapping_with_no_taskflow_operators.py
[2023-09-01T13:32:07.126+0900] {processor.py:829} INFO - Processing file /usr/local/lib/python3.8/dist-packages/airflow/example_dags/example_dynamic_task_mapping_with_no_taskflow_operators.py for tasks to queue
[2023-09-01T13:32:07.127+0900] {logging_mixin.py:151} INFO - [2023-09-01T13:32:07.126+0900] {dagbag.py:539} INFO - Filling up the DagBag from /usr/local/lib/python3.8/dist-packages/airflow/example_dags/example_dynamic_task_mapping_with_no_taskflow_operators.py
[2023-09-01T13:32:07.135+0900] {processor.py:839} INFO - DAG(s) dict_keys(['example_dynamic_task_mapping_with_no_taskflow_operators']) retrieved from /usr/local/lib/python3.8/dist-packages/airflow/example_dags/example_dynamic_task_mapping_with_no_taskflow_operators.py
[2023-09-01T13:32:07.146+0900] {logging_mixin.py:151} INFO - [2023-09-01T13:32:07.146+0900] {dag.py:2907} INFO - Sync 1 DAGs
[2023-09-01T13:32:07.160+0900] {logging_mixin.py:151} INFO - [2023-09-01T13:32:07.160+0900] {dag.py:3677} INFO - Setting next_dagrun for example_dynamic_task_mapping_with_no_taskflow_operators to 2023-08-31T04:32:07.159950+00:00, run_after=2023-09-01T04:32:07.159950+00:00
[2023-09-01T13:32:07.171+0900] {processor.py:179} INFO - Processing /usr/local/lib/python3.8/dist-packages/airflow/example_dags/example_dynamic_task_mapping_with_no_taskflow_operators.py took 0.053 seconds
[2023-09-01T13:32:52.184+0900] {processor.py:157} INFO - Started process (PID=18442) to work on /usr/local/lib/python3.8/dist-packages/airflow/example_dags/example_dynamic_task_mapping_with_no_taskflow_operators.py
[2023-09-01T13:32:52.186+0900] {processor.py:829} INFO - Processing file /usr/local/lib/python3.8/dist-packages/airflow/example_dags/example_dynamic_task_mapping_with_no_taskflow_operators.py for tasks to queue
[2023-09-01T13:32:52.187+0900] {logging_mixin.py:151} INFO - [2023-09-01T13:32:52.186+0900] {dagbag.py:539} INFO - Filling up the DagBag from /usr/local/lib/python3.8/dist-packages/airflow/example_dags/example_dynamic_task_mapping_with_no_taskflow_operators.py
[2023-09-01T13:32:52.199+0900] {processor.py:839} INFO - DAG(s) dict_keys(['example_dynamic_task_mapping_with_no_taskflow_operators']) retrieved from /usr/local/lib/python3.8/dist-packages/airflow/example_dags/example_dynamic_task_mapping_with_no_taskflow_operators.py
[2023-09-01T13:32:52.217+0900] {logging_mixin.py:151} INFO - [2023-09-01T13:32:52.216+0900] {dag.py:2907} INFO - Sync 1 DAGs
[2023-09-01T13:32:52.229+0900] {logging_mixin.py:151} INFO - [2023-09-01T13:32:52.229+0900] {dag.py:3677} INFO - Setting next_dagrun for example_dynamic_task_mapping_with_no_taskflow_operators to 2023-08-31T04:32:52.229379+00:00, run_after=2023-09-01T04:32:52.229379+00:00
[2023-09-01T13:32:52.241+0900] {processor.py:179} INFO - Processing /usr/local/lib/python3.8/dist-packages/airflow/example_dags/example_dynamic_task_mapping_with_no_taskflow_operators.py took 0.063 seconds
[2023-09-01T13:33:39.615+0900] {processor.py:157} INFO - Started process (PID=18900) to work on /usr/local/lib/python3.8/dist-packages/airflow/example_dags/example_dynamic_task_mapping_with_no_taskflow_operators.py
[2023-09-01T13:33:39.616+0900] {processor.py:829} INFO - Processing file /usr/local/lib/python3.8/dist-packages/airflow/example_dags/example_dynamic_task_mapping_with_no_taskflow_operators.py for tasks to queue
[2023-09-01T13:33:39.618+0900] {logging_mixin.py:151} INFO - [2023-09-01T13:33:39.617+0900] {dagbag.py:539} INFO - Filling up the DagBag from /usr/local/lib/python3.8/dist-packages/airflow/example_dags/example_dynamic_task_mapping_with_no_taskflow_operators.py
[2023-09-01T13:33:39.628+0900] {processor.py:839} INFO - DAG(s) dict_keys(['example_dynamic_task_mapping_with_no_taskflow_operators']) retrieved from /usr/local/lib/python3.8/dist-packages/airflow/example_dags/example_dynamic_task_mapping_with_no_taskflow_operators.py
[2023-09-01T13:33:39.643+0900] {logging_mixin.py:151} INFO - [2023-09-01T13:33:39.643+0900] {dag.py:2907} INFO - Sync 1 DAGs
[2023-09-01T13:33:39.656+0900] {logging_mixin.py:151} INFO - [2023-09-01T13:33:39.656+0900] {dag.py:3677} INFO - Setting next_dagrun for example_dynamic_task_mapping_with_no_taskflow_operators to 2023-08-31T04:33:39.655855+00:00, run_after=2023-09-01T04:33:39.655855+00:00
[2023-09-01T13:33:39.666+0900] {processor.py:179} INFO - Processing /usr/local/lib/python3.8/dist-packages/airflow/example_dags/example_dynamic_task_mapping_with_no_taskflow_operators.py took 0.057 seconds
[2023-09-01T13:34:22.858+0900] {processor.py:157} INFO - Started process (PID=19353) to work on /usr/local/lib/python3.8/dist-packages/airflow/example_dags/example_dynamic_task_mapping_with_no_taskflow_operators.py
[2023-09-01T13:34:22.860+0900] {processor.py:829} INFO - Processing file /usr/local/lib/python3.8/dist-packages/airflow/example_dags/example_dynamic_task_mapping_with_no_taskflow_operators.py for tasks to queue
[2023-09-01T13:34:22.861+0900] {logging_mixin.py:151} INFO - [2023-09-01T13:34:22.860+0900] {dagbag.py:539} INFO - Filling up the DagBag from /usr/local/lib/python3.8/dist-packages/airflow/example_dags/example_dynamic_task_mapping_with_no_taskflow_operators.py
[2023-09-01T13:34:22.867+0900] {processor.py:839} INFO - DAG(s) dict_keys(['example_dynamic_task_mapping_with_no_taskflow_operators']) retrieved from /usr/local/lib/python3.8/dist-packages/airflow/example_dags/example_dynamic_task_mapping_with_no_taskflow_operators.py
[2023-09-01T13:34:22.876+0900] {logging_mixin.py:151} INFO - [2023-09-01T13:34:22.876+0900] {dag.py:2907} INFO - Sync 1 DAGs
[2023-09-01T13:34:22.885+0900] {logging_mixin.py:151} INFO - [2023-09-01T13:34:22.885+0900] {dag.py:3677} INFO - Setting next_dagrun for example_dynamic_task_mapping_with_no_taskflow_operators to 2023-08-31T04:34:22.885207+00:00, run_after=2023-09-01T04:34:22.885207+00:00
[2023-09-01T13:34:22.893+0900] {processor.py:179} INFO - Processing /usr/local/lib/python3.8/dist-packages/airflow/example_dags/example_dynamic_task_mapping_with_no_taskflow_operators.py took 0.038 seconds
[2023-09-01T13:35:07.476+0900] {processor.py:157} INFO - Started process (PID=19786) to work on /usr/local/lib/python3.8/dist-packages/airflow/example_dags/example_dynamic_task_mapping_with_no_taskflow_operators.py
[2023-09-01T13:35:07.478+0900] {processor.py:829} INFO - Processing file /usr/local/lib/python3.8/dist-packages/airflow/example_dags/example_dynamic_task_mapping_with_no_taskflow_operators.py for tasks to queue
[2023-09-01T13:35:07.480+0900] {logging_mixin.py:151} INFO - [2023-09-01T13:35:07.479+0900] {dagbag.py:539} INFO - Filling up the DagBag from /usr/local/lib/python3.8/dist-packages/airflow/example_dags/example_dynamic_task_mapping_with_no_taskflow_operators.py
[2023-09-01T13:35:07.490+0900] {processor.py:839} INFO - DAG(s) dict_keys(['example_dynamic_task_mapping_with_no_taskflow_operators']) retrieved from /usr/local/lib/python3.8/dist-packages/airflow/example_dags/example_dynamic_task_mapping_with_no_taskflow_operators.py
[2023-09-01T13:35:07.504+0900] {logging_mixin.py:151} INFO - [2023-09-01T13:35:07.504+0900] {dag.py:2907} INFO - Sync 1 DAGs
[2023-09-01T13:35:07.518+0900] {logging_mixin.py:151} INFO - [2023-09-01T13:35:07.517+0900] {dag.py:3677} INFO - Setting next_dagrun for example_dynamic_task_mapping_with_no_taskflow_operators to 2023-08-31T04:35:07.517685+00:00, run_after=2023-09-01T04:35:07.517685+00:00
[2023-09-01T13:35:07.528+0900] {processor.py:179} INFO - Processing /usr/local/lib/python3.8/dist-packages/airflow/example_dags/example_dynamic_task_mapping_with_no_taskflow_operators.py took 0.057 seconds
[2023-09-01T13:35:50.261+0900] {processor.py:157} INFO - Started process (PID=20189) to work on /usr/local/lib/python3.8/dist-packages/airflow/example_dags/example_dynamic_task_mapping_with_no_taskflow_operators.py
[2023-09-01T13:35:50.263+0900] {processor.py:829} INFO - Processing file /usr/local/lib/python3.8/dist-packages/airflow/example_dags/example_dynamic_task_mapping_with_no_taskflow_operators.py for tasks to queue
[2023-09-01T13:35:50.264+0900] {logging_mixin.py:151} INFO - [2023-09-01T13:35:50.264+0900] {dagbag.py:539} INFO - Filling up the DagBag from /usr/local/lib/python3.8/dist-packages/airflow/example_dags/example_dynamic_task_mapping_with_no_taskflow_operators.py
[2023-09-01T13:35:50.275+0900] {processor.py:839} INFO - DAG(s) dict_keys(['example_dynamic_task_mapping_with_no_taskflow_operators']) retrieved from /usr/local/lib/python3.8/dist-packages/airflow/example_dags/example_dynamic_task_mapping_with_no_taskflow_operators.py
[2023-09-01T13:35:50.289+0900] {logging_mixin.py:151} INFO - [2023-09-01T13:35:50.289+0900] {dag.py:2907} INFO - Sync 1 DAGs
[2023-09-01T13:35:50.303+0900] {logging_mixin.py:151} INFO - [2023-09-01T13:35:50.303+0900] {dag.py:3677} INFO - Setting next_dagrun for example_dynamic_task_mapping_with_no_taskflow_operators to 2023-08-31T04:35:50.303100+00:00, run_after=2023-09-01T04:35:50.303100+00:00
[2023-09-01T13:35:50.315+0900] {processor.py:179} INFO - Processing /usr/local/lib/python3.8/dist-packages/airflow/example_dags/example_dynamic_task_mapping_with_no_taskflow_operators.py took 0.059 seconds
[2023-09-01T13:36:39.856+0900] {processor.py:157} INFO - Started process (PID=20670) to work on /usr/local/lib/python3.8/dist-packages/airflow/example_dags/example_dynamic_task_mapping_with_no_taskflow_operators.py
[2023-09-01T13:36:39.858+0900] {processor.py:829} INFO - Processing file /usr/local/lib/python3.8/dist-packages/airflow/example_dags/example_dynamic_task_mapping_with_no_taskflow_operators.py for tasks to queue
[2023-09-01T13:36:39.859+0900] {logging_mixin.py:151} INFO - [2023-09-01T13:36:39.858+0900] {dagbag.py:539} INFO - Filling up the DagBag from /usr/local/lib/python3.8/dist-packages/airflow/example_dags/example_dynamic_task_mapping_with_no_taskflow_operators.py
[2023-09-01T13:36:39.869+0900] {processor.py:839} INFO - DAG(s) dict_keys(['example_dynamic_task_mapping_with_no_taskflow_operators']) retrieved from /usr/local/lib/python3.8/dist-packages/airflow/example_dags/example_dynamic_task_mapping_with_no_taskflow_operators.py
[2023-09-01T13:36:39.883+0900] {logging_mixin.py:151} INFO - [2023-09-01T13:36:39.883+0900] {dag.py:2907} INFO - Sync 1 DAGs
[2023-09-01T13:36:39.895+0900] {logging_mixin.py:151} INFO - [2023-09-01T13:36:39.895+0900] {dag.py:3677} INFO - Setting next_dagrun for example_dynamic_task_mapping_with_no_taskflow_operators to 2023-08-31T04:36:39.895143+00:00, run_after=2023-09-01T04:36:39.895143+00:00
[2023-09-01T13:36:39.906+0900] {processor.py:179} INFO - Processing /usr/local/lib/python3.8/dist-packages/airflow/example_dags/example_dynamic_task_mapping_with_no_taskflow_operators.py took 0.056 seconds
[2023-09-01T13:37:24.400+0900] {processor.py:157} INFO - Started process (PID=21107) to work on /usr/local/lib/python3.8/dist-packages/airflow/example_dags/example_dynamic_task_mapping_with_no_taskflow_operators.py
[2023-09-01T13:37:24.408+0900] {processor.py:829} INFO - Processing file /usr/local/lib/python3.8/dist-packages/airflow/example_dags/example_dynamic_task_mapping_with_no_taskflow_operators.py for tasks to queue
[2023-09-01T13:37:24.410+0900] {logging_mixin.py:151} INFO - [2023-09-01T13:37:24.409+0900] {dagbag.py:539} INFO - Filling up the DagBag from /usr/local/lib/python3.8/dist-packages/airflow/example_dags/example_dynamic_task_mapping_with_no_taskflow_operators.py
[2023-09-01T13:37:24.425+0900] {processor.py:839} INFO - DAG(s) dict_keys(['example_dynamic_task_mapping_with_no_taskflow_operators']) retrieved from /usr/local/lib/python3.8/dist-packages/airflow/example_dags/example_dynamic_task_mapping_with_no_taskflow_operators.py
[2023-09-01T13:37:24.437+0900] {logging_mixin.py:151} INFO - [2023-09-01T13:37:24.436+0900] {dag.py:2907} INFO - Sync 1 DAGs
[2023-09-01T13:37:24.447+0900] {logging_mixin.py:151} INFO - [2023-09-01T13:37:24.447+0900] {dag.py:3677} INFO - Setting next_dagrun for example_dynamic_task_mapping_with_no_taskflow_operators to 2023-08-31T04:37:24.447550+00:00, run_after=2023-09-01T04:37:24.447550+00:00
[2023-09-01T13:37:24.457+0900] {processor.py:179} INFO - Processing /usr/local/lib/python3.8/dist-packages/airflow/example_dags/example_dynamic_task_mapping_with_no_taskflow_operators.py took 0.062 seconds
[2023-09-01T13:38:11.198+0900] {processor.py:157} INFO - Started process (PID=21558) to work on /usr/local/lib/python3.8/dist-packages/airflow/example_dags/example_dynamic_task_mapping_with_no_taskflow_operators.py
[2023-09-01T13:38:11.200+0900] {processor.py:829} INFO - Processing file /usr/local/lib/python3.8/dist-packages/airflow/example_dags/example_dynamic_task_mapping_with_no_taskflow_operators.py for tasks to queue
[2023-09-01T13:38:11.201+0900] {logging_mixin.py:151} INFO - [2023-09-01T13:38:11.200+0900] {dagbag.py:539} INFO - Filling up the DagBag from /usr/local/lib/python3.8/dist-packages/airflow/example_dags/example_dynamic_task_mapping_with_no_taskflow_operators.py
[2023-09-01T13:38:11.211+0900] {processor.py:839} INFO - DAG(s) dict_keys(['example_dynamic_task_mapping_with_no_taskflow_operators']) retrieved from /usr/local/lib/python3.8/dist-packages/airflow/example_dags/example_dynamic_task_mapping_with_no_taskflow_operators.py
[2023-09-01T13:38:11.225+0900] {logging_mixin.py:151} INFO - [2023-09-01T13:38:11.225+0900] {dag.py:2907} INFO - Sync 1 DAGs
[2023-09-01T13:38:11.238+0900] {logging_mixin.py:151} INFO - [2023-09-01T13:38:11.238+0900] {dag.py:3677} INFO - Setting next_dagrun for example_dynamic_task_mapping_with_no_taskflow_operators to 2023-08-31T04:38:11.237973+00:00, run_after=2023-09-01T04:38:11.237973+00:00
[2023-09-01T13:38:11.248+0900] {processor.py:179} INFO - Processing /usr/local/lib/python3.8/dist-packages/airflow/example_dags/example_dynamic_task_mapping_with_no_taskflow_operators.py took 0.056 seconds
[2023-09-01T13:38:55.103+0900] {processor.py:157} INFO - Started process (PID=22005) to work on /usr/local/lib/python3.8/dist-packages/airflow/example_dags/example_dynamic_task_mapping_with_no_taskflow_operators.py
[2023-09-01T13:38:55.104+0900] {processor.py:829} INFO - Processing file /usr/local/lib/python3.8/dist-packages/airflow/example_dags/example_dynamic_task_mapping_with_no_taskflow_operators.py for tasks to queue
[2023-09-01T13:38:55.105+0900] {logging_mixin.py:151} INFO - [2023-09-01T13:38:55.104+0900] {dagbag.py:539} INFO - Filling up the DagBag from /usr/local/lib/python3.8/dist-packages/airflow/example_dags/example_dynamic_task_mapping_with_no_taskflow_operators.py
[2023-09-01T13:38:55.112+0900] {processor.py:839} INFO - DAG(s) dict_keys(['example_dynamic_task_mapping_with_no_taskflow_operators']) retrieved from /usr/local/lib/python3.8/dist-packages/airflow/example_dags/example_dynamic_task_mapping_with_no_taskflow_operators.py
[2023-09-01T13:38:55.123+0900] {logging_mixin.py:151} INFO - [2023-09-01T13:38:55.123+0900] {dag.py:2907} INFO - Sync 1 DAGs
[2023-09-01T13:38:55.133+0900] {logging_mixin.py:151} INFO - [2023-09-01T13:38:55.133+0900] {dag.py:3677} INFO - Setting next_dagrun for example_dynamic_task_mapping_with_no_taskflow_operators to 2023-08-31T04:38:55.133422+00:00, run_after=2023-09-01T04:38:55.133422+00:00
[2023-09-01T13:38:55.143+0900] {processor.py:179} INFO - Processing /usr/local/lib/python3.8/dist-packages/airflow/example_dags/example_dynamic_task_mapping_with_no_taskflow_operators.py took 0.044 seconds
