[2023-09-01T13:07:30.512+0900] {processor.py:157} INFO - Started process (PID=1932) to work on /usr/local/lib/python3.8/dist-packages/airflow/example_dags/example_trigger_target_dag.py
[2023-09-01T13:07:30.514+0900] {processor.py:829} INFO - Processing file /usr/local/lib/python3.8/dist-packages/airflow/example_dags/example_trigger_target_dag.py for tasks to queue
[2023-09-01T13:07:30.515+0900] {logging_mixin.py:151} INFO - [2023-09-01T13:07:30.514+0900] {dagbag.py:539} INFO - Filling up the DagBag from /usr/local/lib/python3.8/dist-packages/airflow/example_dags/example_trigger_target_dag.py
[2023-09-01T13:07:30.524+0900] {processor.py:839} INFO - DAG(s) dict_keys(['example_trigger_target_dag']) retrieved from /usr/local/lib/python3.8/dist-packages/airflow/example_dags/example_trigger_target_dag.py
[2023-09-01T13:07:30.665+0900] {logging_mixin.py:151} INFO - [2023-09-01T13:07:30.665+0900] {manager.py:501} INFO - Created Permission View: can delete on DAG:example_trigger_target_dag
[2023-09-01T13:07:30.671+0900] {logging_mixin.py:151} INFO - [2023-09-01T13:07:30.671+0900] {manager.py:501} INFO - Created Permission View: can read on DAG:example_trigger_target_dag
[2023-09-01T13:07:30.675+0900] {logging_mixin.py:151} INFO - [2023-09-01T13:07:30.675+0900] {manager.py:501} INFO - Created Permission View: can edit on DAG:example_trigger_target_dag
[2023-09-01T13:07:30.679+0900] {logging_mixin.py:151} INFO - [2023-09-01T13:07:30.679+0900] {dag.py:2907} INFO - Sync 1 DAGs
[2023-09-01T13:07:30.682+0900] {logging_mixin.py:151} INFO - [2023-09-01T13:07:30.682+0900] {dag.py:2929} INFO - Creating ORM DAG for example_trigger_target_dag
[2023-09-01T13:07:30.683+0900] {logging_mixin.py:151} INFO - [2023-09-01T13:07:30.683+0900] {dag.py:3677} INFO - Setting next_dagrun for example_trigger_target_dag to None, run_after=None
[2023-09-01T13:07:30.691+0900] {processor.py:179} INFO - Processing /usr/local/lib/python3.8/dist-packages/airflow/example_dags/example_trigger_target_dag.py took 0.185 seconds
[2023-09-01T13:08:18.784+0900] {processor.py:157} INFO - Started process (PID=2427) to work on /usr/local/lib/python3.8/dist-packages/airflow/example_dags/example_trigger_target_dag.py
[2023-09-01T13:08:18.786+0900] {processor.py:829} INFO - Processing file /usr/local/lib/python3.8/dist-packages/airflow/example_dags/example_trigger_target_dag.py for tasks to queue
[2023-09-01T13:08:18.787+0900] {logging_mixin.py:151} INFO - [2023-09-01T13:08:18.786+0900] {dagbag.py:539} INFO - Filling up the DagBag from /usr/local/lib/python3.8/dist-packages/airflow/example_dags/example_trigger_target_dag.py
[2023-09-01T13:08:18.795+0900] {processor.py:839} INFO - DAG(s) dict_keys(['example_trigger_target_dag']) retrieved from /usr/local/lib/python3.8/dist-packages/airflow/example_dags/example_trigger_target_dag.py
[2023-09-01T13:08:18.812+0900] {logging_mixin.py:151} INFO - [2023-09-01T13:08:18.812+0900] {dag.py:2907} INFO - Sync 1 DAGs
[2023-09-01T13:08:18.822+0900] {logging_mixin.py:151} INFO - [2023-09-01T13:08:18.822+0900] {dag.py:3677} INFO - Setting next_dagrun for example_trigger_target_dag to None, run_after=None
[2023-09-01T13:08:18.836+0900] {processor.py:179} INFO - Processing /usr/local/lib/python3.8/dist-packages/airflow/example_dags/example_trigger_target_dag.py took 0.057 seconds
[2023-09-01T13:09:09.034+0900] {processor.py:157} INFO - Started process (PID=4115) to work on /usr/local/lib/python3.8/dist-packages/airflow/example_dags/example_trigger_target_dag.py
[2023-09-01T13:09:09.036+0900] {processor.py:829} INFO - Processing file /usr/local/lib/python3.8/dist-packages/airflow/example_dags/example_trigger_target_dag.py for tasks to queue
[2023-09-01T13:09:09.037+0900] {logging_mixin.py:151} INFO - [2023-09-01T13:09:09.036+0900] {dagbag.py:539} INFO - Filling up the DagBag from /usr/local/lib/python3.8/dist-packages/airflow/example_dags/example_trigger_target_dag.py
[2023-09-01T13:09:09.045+0900] {processor.py:839} INFO - DAG(s) dict_keys(['example_trigger_target_dag']) retrieved from /usr/local/lib/python3.8/dist-packages/airflow/example_dags/example_trigger_target_dag.py
[2023-09-01T13:09:09.058+0900] {logging_mixin.py:151} INFO - [2023-09-01T13:09:09.058+0900] {dag.py:2907} INFO - Sync 1 DAGs
[2023-09-01T13:09:09.066+0900] {logging_mixin.py:151} INFO - [2023-09-01T13:09:09.066+0900] {dag.py:3677} INFO - Setting next_dagrun for example_trigger_target_dag to None, run_after=None
[2023-09-01T13:09:09.077+0900] {processor.py:179} INFO - Processing /usr/local/lib/python3.8/dist-packages/airflow/example_dags/example_trigger_target_dag.py took 0.047 seconds
[2023-09-01T13:09:53.997+0900] {processor.py:157} INFO - Started process (PID=4556) to work on /usr/local/lib/python3.8/dist-packages/airflow/example_dags/example_trigger_target_dag.py
[2023-09-01T13:09:53.999+0900] {processor.py:829} INFO - Processing file /usr/local/lib/python3.8/dist-packages/airflow/example_dags/example_trigger_target_dag.py for tasks to queue
[2023-09-01T13:09:54.001+0900] {logging_mixin.py:151} INFO - [2023-09-01T13:09:54.000+0900] {dagbag.py:539} INFO - Filling up the DagBag from /usr/local/lib/python3.8/dist-packages/airflow/example_dags/example_trigger_target_dag.py
[2023-09-01T13:09:54.010+0900] {processor.py:839} INFO - DAG(s) dict_keys(['example_trigger_target_dag']) retrieved from /usr/local/lib/python3.8/dist-packages/airflow/example_dags/example_trigger_target_dag.py
[2023-09-01T13:09:54.026+0900] {logging_mixin.py:151} INFO - [2023-09-01T13:09:54.025+0900] {dag.py:2907} INFO - Sync 1 DAGs
[2023-09-01T13:09:54.034+0900] {logging_mixin.py:151} INFO - [2023-09-01T13:09:54.034+0900] {dag.py:3677} INFO - Setting next_dagrun for example_trigger_target_dag to None, run_after=None
[2023-09-01T13:09:54.047+0900] {processor.py:179} INFO - Processing /usr/local/lib/python3.8/dist-packages/airflow/example_dags/example_trigger_target_dag.py took 0.055 seconds
[2023-09-01T13:10:28.822+0900] {processor.py:157} INFO - Started process (PID=4900) to work on /usr/local/lib/python3.8/dist-packages/airflow/example_dags/example_trigger_target_dag.py
[2023-09-01T13:10:28.823+0900] {processor.py:829} INFO - Processing file /usr/local/lib/python3.8/dist-packages/airflow/example_dags/example_trigger_target_dag.py for tasks to queue
[2023-09-01T13:10:28.823+0900] {logging_mixin.py:151} INFO - [2023-09-01T13:10:28.823+0900] {dagbag.py:539} INFO - Filling up the DagBag from /usr/local/lib/python3.8/dist-packages/airflow/example_dags/example_trigger_target_dag.py
[2023-09-01T13:10:28.828+0900] {processor.py:839} INFO - DAG(s) dict_keys(['example_trigger_target_dag']) retrieved from /usr/local/lib/python3.8/dist-packages/airflow/example_dags/example_trigger_target_dag.py
[2023-09-01T13:10:28.838+0900] {logging_mixin.py:151} INFO - [2023-09-01T13:10:28.838+0900] {dag.py:2907} INFO - Sync 1 DAGs
[2023-09-01T13:10:28.843+0900] {logging_mixin.py:151} INFO - [2023-09-01T13:10:28.843+0900] {dag.py:3677} INFO - Setting next_dagrun for example_trigger_target_dag to None, run_after=None
[2023-09-01T13:10:28.854+0900] {processor.py:179} INFO - Processing /usr/local/lib/python3.8/dist-packages/airflow/example_dags/example_trigger_target_dag.py took 0.034 seconds
[2023-09-01T13:11:16.359+0900] {processor.py:157} INFO - Started process (PID=5354) to work on /usr/local/lib/python3.8/dist-packages/airflow/example_dags/example_trigger_target_dag.py
[2023-09-01T13:11:16.362+0900] {processor.py:829} INFO - Processing file /usr/local/lib/python3.8/dist-packages/airflow/example_dags/example_trigger_target_dag.py for tasks to queue
[2023-09-01T13:11:16.363+0900] {logging_mixin.py:151} INFO - [2023-09-01T13:11:16.362+0900] {dagbag.py:539} INFO - Filling up the DagBag from /usr/local/lib/python3.8/dist-packages/airflow/example_dags/example_trigger_target_dag.py
[2023-09-01T13:11:16.375+0900] {processor.py:839} INFO - DAG(s) dict_keys(['example_trigger_target_dag']) retrieved from /usr/local/lib/python3.8/dist-packages/airflow/example_dags/example_trigger_target_dag.py
[2023-09-01T13:11:16.398+0900] {logging_mixin.py:151} INFO - [2023-09-01T13:11:16.398+0900] {dag.py:2907} INFO - Sync 1 DAGs
[2023-09-01T13:11:16.407+0900] {logging_mixin.py:151} INFO - [2023-09-01T13:11:16.407+0900] {dag.py:3677} INFO - Setting next_dagrun for example_trigger_target_dag to None, run_after=None
[2023-09-01T13:11:16.424+0900] {processor.py:179} INFO - Processing /usr/local/lib/python3.8/dist-packages/airflow/example_dags/example_trigger_target_dag.py took 0.079 seconds
[2023-09-01T13:12:54.775+0900] {processor.py:157} INFO - Started process (PID=5861) to work on /usr/local/lib/python3.8/dist-packages/airflow/example_dags/example_trigger_target_dag.py
[2023-09-01T13:12:54.778+0900] {processor.py:829} INFO - Processing file /usr/local/lib/python3.8/dist-packages/airflow/example_dags/example_trigger_target_dag.py for tasks to queue
[2023-09-01T13:12:54.779+0900] {logging_mixin.py:151} INFO - [2023-09-01T13:12:54.778+0900] {dagbag.py:539} INFO - Filling up the DagBag from /usr/local/lib/python3.8/dist-packages/airflow/example_dags/example_trigger_target_dag.py
[2023-09-01T13:12:54.788+0900] {processor.py:839} INFO - DAG(s) dict_keys(['example_trigger_target_dag']) retrieved from /usr/local/lib/python3.8/dist-packages/airflow/example_dags/example_trigger_target_dag.py
[2023-09-01T13:12:54.804+0900] {logging_mixin.py:151} INFO - [2023-09-01T13:12:54.803+0900] {dag.py:2907} INFO - Sync 1 DAGs
[2023-09-01T13:12:54.812+0900] {logging_mixin.py:151} INFO - [2023-09-01T13:12:54.812+0900] {dag.py:3677} INFO - Setting next_dagrun for example_trigger_target_dag to None, run_after=None
[2023-09-01T13:12:54.824+0900] {processor.py:179} INFO - Processing /usr/local/lib/python3.8/dist-packages/airflow/example_dags/example_trigger_target_dag.py took 0.053 seconds
[2023-09-01T13:13:36.837+0900] {processor.py:157} INFO - Started process (PID=6299) to work on /usr/local/lib/python3.8/dist-packages/airflow/example_dags/example_trigger_target_dag.py
[2023-09-01T13:13:36.844+0900] {processor.py:829} INFO - Processing file /usr/local/lib/python3.8/dist-packages/airflow/example_dags/example_trigger_target_dag.py for tasks to queue
[2023-09-01T13:13:36.846+0900] {logging_mixin.py:151} INFO - [2023-09-01T13:13:36.845+0900] {dagbag.py:539} INFO - Filling up the DagBag from /usr/local/lib/python3.8/dist-packages/airflow/example_dags/example_trigger_target_dag.py
[2023-09-01T13:13:36.854+0900] {processor.py:839} INFO - DAG(s) dict_keys(['example_trigger_target_dag']) retrieved from /usr/local/lib/python3.8/dist-packages/airflow/example_dags/example_trigger_target_dag.py
[2023-09-01T13:13:36.871+0900] {logging_mixin.py:151} INFO - [2023-09-01T13:13:36.870+0900] {dag.py:2907} INFO - Sync 1 DAGs
[2023-09-01T13:13:36.880+0900] {logging_mixin.py:151} INFO - [2023-09-01T13:13:36.879+0900] {dag.py:3677} INFO - Setting next_dagrun for example_trigger_target_dag to None, run_after=None
[2023-09-01T13:13:36.892+0900] {processor.py:179} INFO - Processing /usr/local/lib/python3.8/dist-packages/airflow/example_dags/example_trigger_target_dag.py took 0.061 seconds
[2023-09-01T13:14:21.994+0900] {processor.py:157} INFO - Started process (PID=7198) to work on /usr/local/lib/python3.8/dist-packages/airflow/example_dags/example_trigger_target_dag.py
[2023-09-01T13:14:21.995+0900] {processor.py:829} INFO - Processing file /usr/local/lib/python3.8/dist-packages/airflow/example_dags/example_trigger_target_dag.py for tasks to queue
[2023-09-01T13:14:21.996+0900] {logging_mixin.py:151} INFO - [2023-09-01T13:14:21.996+0900] {dagbag.py:539} INFO - Filling up the DagBag from /usr/local/lib/python3.8/dist-packages/airflow/example_dags/example_trigger_target_dag.py
[2023-09-01T13:14:22.004+0900] {processor.py:839} INFO - DAG(s) dict_keys(['example_trigger_target_dag']) retrieved from /usr/local/lib/python3.8/dist-packages/airflow/example_dags/example_trigger_target_dag.py
[2023-09-01T13:14:22.018+0900] {logging_mixin.py:151} INFO - [2023-09-01T13:14:22.018+0900] {dag.py:2907} INFO - Sync 1 DAGs
[2023-09-01T13:14:22.025+0900] {logging_mixin.py:151} INFO - [2023-09-01T13:14:22.025+0900] {dag.py:3677} INFO - Setting next_dagrun for example_trigger_target_dag to None, run_after=None
[2023-09-01T13:14:22.036+0900] {processor.py:179} INFO - Processing /usr/local/lib/python3.8/dist-packages/airflow/example_dags/example_trigger_target_dag.py took 0.047 seconds
[2023-09-01T13:15:05.486+0900] {processor.py:157} INFO - Started process (PID=7721) to work on /usr/local/lib/python3.8/dist-packages/airflow/example_dags/example_trigger_target_dag.py
[2023-09-01T13:15:05.487+0900] {processor.py:829} INFO - Processing file /usr/local/lib/python3.8/dist-packages/airflow/example_dags/example_trigger_target_dag.py for tasks to queue
[2023-09-01T13:15:05.489+0900] {logging_mixin.py:151} INFO - [2023-09-01T13:15:05.488+0900] {dagbag.py:539} INFO - Filling up the DagBag from /usr/local/lib/python3.8/dist-packages/airflow/example_dags/example_trigger_target_dag.py
[2023-09-01T13:15:05.499+0900] {processor.py:839} INFO - DAG(s) dict_keys(['example_trigger_target_dag']) retrieved from /usr/local/lib/python3.8/dist-packages/airflow/example_dags/example_trigger_target_dag.py
[2023-09-01T13:15:05.515+0900] {logging_mixin.py:151} INFO - [2023-09-01T13:15:05.515+0900] {dag.py:2907} INFO - Sync 1 DAGs
[2023-09-01T13:15:05.524+0900] {logging_mixin.py:151} INFO - [2023-09-01T13:15:05.524+0900] {dag.py:3677} INFO - Setting next_dagrun for example_trigger_target_dag to None, run_after=None
[2023-09-01T13:15:05.535+0900] {processor.py:179} INFO - Processing /usr/local/lib/python3.8/dist-packages/airflow/example_dags/example_trigger_target_dag.py took 0.054 seconds
[2023-09-01T13:15:48.462+0900] {processor.py:157} INFO - Started process (PID=8183) to work on /usr/local/lib/python3.8/dist-packages/airflow/example_dags/example_trigger_target_dag.py
[2023-09-01T13:15:48.463+0900] {processor.py:829} INFO - Processing file /usr/local/lib/python3.8/dist-packages/airflow/example_dags/example_trigger_target_dag.py for tasks to queue
[2023-09-01T13:15:48.465+0900] {logging_mixin.py:151} INFO - [2023-09-01T13:15:48.464+0900] {dagbag.py:539} INFO - Filling up the DagBag from /usr/local/lib/python3.8/dist-packages/airflow/example_dags/example_trigger_target_dag.py
[2023-09-01T13:15:48.473+0900] {processor.py:839} INFO - DAG(s) dict_keys(['example_trigger_target_dag']) retrieved from /usr/local/lib/python3.8/dist-packages/airflow/example_dags/example_trigger_target_dag.py
[2023-09-01T13:15:48.489+0900] {logging_mixin.py:151} INFO - [2023-09-01T13:15:48.488+0900] {dag.py:2907} INFO - Sync 1 DAGs
[2023-09-01T13:15:48.496+0900] {logging_mixin.py:151} INFO - [2023-09-01T13:15:48.496+0900] {dag.py:3677} INFO - Setting next_dagrun for example_trigger_target_dag to None, run_after=None
[2023-09-01T13:15:48.508+0900] {processor.py:179} INFO - Processing /usr/local/lib/python3.8/dist-packages/airflow/example_dags/example_trigger_target_dag.py took 0.050 seconds
[2023-09-01T13:16:33.263+0900] {processor.py:157} INFO - Started process (PID=8621) to work on /usr/local/lib/python3.8/dist-packages/airflow/example_dags/example_trigger_target_dag.py
[2023-09-01T13:16:33.265+0900] {processor.py:829} INFO - Processing file /usr/local/lib/python3.8/dist-packages/airflow/example_dags/example_trigger_target_dag.py for tasks to queue
[2023-09-01T13:16:33.266+0900] {logging_mixin.py:151} INFO - [2023-09-01T13:16:33.265+0900] {dagbag.py:539} INFO - Filling up the DagBag from /usr/local/lib/python3.8/dist-packages/airflow/example_dags/example_trigger_target_dag.py
[2023-09-01T13:16:33.275+0900] {processor.py:839} INFO - DAG(s) dict_keys(['example_trigger_target_dag']) retrieved from /usr/local/lib/python3.8/dist-packages/airflow/example_dags/example_trigger_target_dag.py
[2023-09-01T13:16:33.291+0900] {logging_mixin.py:151} INFO - [2023-09-01T13:16:33.291+0900] {dag.py:2907} INFO - Sync 1 DAGs
[2023-09-01T13:16:33.299+0900] {logging_mixin.py:151} INFO - [2023-09-01T13:16:33.299+0900] {dag.py:3677} INFO - Setting next_dagrun for example_trigger_target_dag to None, run_after=None
[2023-09-01T13:16:33.310+0900] {processor.py:179} INFO - Processing /usr/local/lib/python3.8/dist-packages/airflow/example_dags/example_trigger_target_dag.py took 0.052 seconds
[2023-09-01T13:17:19.857+0900] {processor.py:157} INFO - Started process (PID=9075) to work on /usr/local/lib/python3.8/dist-packages/airflow/example_dags/example_trigger_target_dag.py
[2023-09-01T13:17:19.859+0900] {processor.py:829} INFO - Processing file /usr/local/lib/python3.8/dist-packages/airflow/example_dags/example_trigger_target_dag.py for tasks to queue
[2023-09-01T13:17:19.861+0900] {logging_mixin.py:151} INFO - [2023-09-01T13:17:19.860+0900] {dagbag.py:539} INFO - Filling up the DagBag from /usr/local/lib/python3.8/dist-packages/airflow/example_dags/example_trigger_target_dag.py
[2023-09-01T13:17:19.870+0900] {processor.py:839} INFO - DAG(s) dict_keys(['example_trigger_target_dag']) retrieved from /usr/local/lib/python3.8/dist-packages/airflow/example_dags/example_trigger_target_dag.py
[2023-09-01T13:17:19.887+0900] {logging_mixin.py:151} INFO - [2023-09-01T13:17:19.887+0900] {dag.py:2907} INFO - Sync 1 DAGs
[2023-09-01T13:17:19.896+0900] {logging_mixin.py:151} INFO - [2023-09-01T13:17:19.896+0900] {dag.py:3677} INFO - Setting next_dagrun for example_trigger_target_dag to None, run_after=None
[2023-09-01T13:17:19.909+0900] {processor.py:179} INFO - Processing /usr/local/lib/python3.8/dist-packages/airflow/example_dags/example_trigger_target_dag.py took 0.057 seconds
[2023-09-01T13:18:07.930+0900] {processor.py:157} INFO - Started process (PID=9548) to work on /usr/local/lib/python3.8/dist-packages/airflow/example_dags/example_trigger_target_dag.py
[2023-09-01T13:18:07.933+0900] {processor.py:829} INFO - Processing file /usr/local/lib/python3.8/dist-packages/airflow/example_dags/example_trigger_target_dag.py for tasks to queue
[2023-09-01T13:18:07.934+0900] {logging_mixin.py:151} INFO - [2023-09-01T13:18:07.933+0900] {dagbag.py:539} INFO - Filling up the DagBag from /usr/local/lib/python3.8/dist-packages/airflow/example_dags/example_trigger_target_dag.py
[2023-09-01T13:18:07.943+0900] {processor.py:839} INFO - DAG(s) dict_keys(['example_trigger_target_dag']) retrieved from /usr/local/lib/python3.8/dist-packages/airflow/example_dags/example_trigger_target_dag.py
[2023-09-01T13:18:07.959+0900] {logging_mixin.py:151} INFO - [2023-09-01T13:18:07.959+0900] {dag.py:2907} INFO - Sync 1 DAGs
[2023-09-01T13:18:07.968+0900] {logging_mixin.py:151} INFO - [2023-09-01T13:18:07.968+0900] {dag.py:3677} INFO - Setting next_dagrun for example_trigger_target_dag to None, run_after=None
[2023-09-01T13:18:07.979+0900] {processor.py:179} INFO - Processing /usr/local/lib/python3.8/dist-packages/airflow/example_dags/example_trigger_target_dag.py took 0.056 seconds
[2023-09-01T13:18:51.081+0900] {processor.py:157} INFO - Started process (PID=9999) to work on /usr/local/lib/python3.8/dist-packages/airflow/example_dags/example_trigger_target_dag.py
[2023-09-01T13:18:51.082+0900] {processor.py:829} INFO - Processing file /usr/local/lib/python3.8/dist-packages/airflow/example_dags/example_trigger_target_dag.py for tasks to queue
[2023-09-01T13:18:51.084+0900] {logging_mixin.py:151} INFO - [2023-09-01T13:18:51.083+0900] {dagbag.py:539} INFO - Filling up the DagBag from /usr/local/lib/python3.8/dist-packages/airflow/example_dags/example_trigger_target_dag.py
[2023-09-01T13:18:51.091+0900] {processor.py:839} INFO - DAG(s) dict_keys(['example_trigger_target_dag']) retrieved from /usr/local/lib/python3.8/dist-packages/airflow/example_dags/example_trigger_target_dag.py
[2023-09-01T13:18:51.106+0900] {logging_mixin.py:151} INFO - [2023-09-01T13:18:51.106+0900] {dag.py:2907} INFO - Sync 1 DAGs
[2023-09-01T13:18:51.114+0900] {logging_mixin.py:151} INFO - [2023-09-01T13:18:51.114+0900] {dag.py:3677} INFO - Setting next_dagrun for example_trigger_target_dag to None, run_after=None
[2023-09-01T13:18:51.126+0900] {processor.py:179} INFO - Processing /usr/local/lib/python3.8/dist-packages/airflow/example_dags/example_trigger_target_dag.py took 0.049 seconds
[2023-09-01T13:19:37.439+0900] {processor.py:157} INFO - Started process (PID=10447) to work on /usr/local/lib/python3.8/dist-packages/airflow/example_dags/example_trigger_target_dag.py
[2023-09-01T13:19:37.440+0900] {processor.py:829} INFO - Processing file /usr/local/lib/python3.8/dist-packages/airflow/example_dags/example_trigger_target_dag.py for tasks to queue
[2023-09-01T13:19:37.442+0900] {logging_mixin.py:151} INFO - [2023-09-01T13:19:37.441+0900] {dagbag.py:539} INFO - Filling up the DagBag from /usr/local/lib/python3.8/dist-packages/airflow/example_dags/example_trigger_target_dag.py
[2023-09-01T13:19:37.451+0900] {processor.py:839} INFO - DAG(s) dict_keys(['example_trigger_target_dag']) retrieved from /usr/local/lib/python3.8/dist-packages/airflow/example_dags/example_trigger_target_dag.py
[2023-09-01T13:19:37.468+0900] {logging_mixin.py:151} INFO - [2023-09-01T13:19:37.467+0900] {dag.py:2907} INFO - Sync 1 DAGs
[2023-09-01T13:19:37.476+0900] {logging_mixin.py:151} INFO - [2023-09-01T13:19:37.476+0900] {dag.py:3677} INFO - Setting next_dagrun for example_trigger_target_dag to None, run_after=None
[2023-09-01T13:19:37.488+0900] {processor.py:179} INFO - Processing /usr/local/lib/python3.8/dist-packages/airflow/example_dags/example_trigger_target_dag.py took 0.055 seconds
[2023-09-01T13:20:19.429+0900] {processor.py:157} INFO - Started process (PID=10857) to work on /usr/local/lib/python3.8/dist-packages/airflow/example_dags/example_trigger_target_dag.py
[2023-09-01T13:20:19.431+0900] {processor.py:829} INFO - Processing file /usr/local/lib/python3.8/dist-packages/airflow/example_dags/example_trigger_target_dag.py for tasks to queue
[2023-09-01T13:20:19.432+0900] {logging_mixin.py:151} INFO - [2023-09-01T13:20:19.431+0900] {dagbag.py:539} INFO - Filling up the DagBag from /usr/local/lib/python3.8/dist-packages/airflow/example_dags/example_trigger_target_dag.py
[2023-09-01T13:20:19.441+0900] {processor.py:839} INFO - DAG(s) dict_keys(['example_trigger_target_dag']) retrieved from /usr/local/lib/python3.8/dist-packages/airflow/example_dags/example_trigger_target_dag.py
[2023-09-01T13:20:19.458+0900] {logging_mixin.py:151} INFO - [2023-09-01T13:20:19.458+0900] {dag.py:2907} INFO - Sync 1 DAGs
[2023-09-01T13:20:19.466+0900] {logging_mixin.py:151} INFO - [2023-09-01T13:20:19.466+0900] {dag.py:3677} INFO - Setting next_dagrun for example_trigger_target_dag to None, run_after=None
[2023-09-01T13:20:19.478+0900] {processor.py:179} INFO - Processing /usr/local/lib/python3.8/dist-packages/airflow/example_dags/example_trigger_target_dag.py took 0.054 seconds
[2023-09-01T13:21:17.270+0900] {processor.py:157} INFO - Started process (PID=11350) to work on /usr/local/lib/python3.8/dist-packages/airflow/example_dags/example_trigger_target_dag.py
[2023-09-01T13:21:17.271+0900] {processor.py:829} INFO - Processing file /usr/local/lib/python3.8/dist-packages/airflow/example_dags/example_trigger_target_dag.py for tasks to queue
[2023-09-01T13:21:17.273+0900] {logging_mixin.py:151} INFO - [2023-09-01T13:21:17.272+0900] {dagbag.py:539} INFO - Filling up the DagBag from /usr/local/lib/python3.8/dist-packages/airflow/example_dags/example_trigger_target_dag.py
[2023-09-01T13:21:17.281+0900] {processor.py:839} INFO - DAG(s) dict_keys(['example_trigger_target_dag']) retrieved from /usr/local/lib/python3.8/dist-packages/airflow/example_dags/example_trigger_target_dag.py
[2023-09-01T13:21:17.297+0900] {logging_mixin.py:151} INFO - [2023-09-01T13:21:17.297+0900] {dag.py:2907} INFO - Sync 1 DAGs
[2023-09-01T13:21:17.305+0900] {logging_mixin.py:151} INFO - [2023-09-01T13:21:17.305+0900] {dag.py:3677} INFO - Setting next_dagrun for example_trigger_target_dag to None, run_after=None
[2023-09-01T13:21:17.317+0900] {processor.py:179} INFO - Processing /usr/local/lib/python3.8/dist-packages/airflow/example_dags/example_trigger_target_dag.py took 0.053 seconds
[2023-09-01T13:21:55.667+0900] {processor.py:157} INFO - Started process (PID=11726) to work on /usr/local/lib/python3.8/dist-packages/airflow/example_dags/example_trigger_target_dag.py
[2023-09-01T13:21:55.668+0900] {processor.py:829} INFO - Processing file /usr/local/lib/python3.8/dist-packages/airflow/example_dags/example_trigger_target_dag.py for tasks to queue
[2023-09-01T13:21:55.670+0900] {logging_mixin.py:151} INFO - [2023-09-01T13:21:55.669+0900] {dagbag.py:539} INFO - Filling up the DagBag from /usr/local/lib/python3.8/dist-packages/airflow/example_dags/example_trigger_target_dag.py
[2023-09-01T13:21:55.678+0900] {processor.py:839} INFO - DAG(s) dict_keys(['example_trigger_target_dag']) retrieved from /usr/local/lib/python3.8/dist-packages/airflow/example_dags/example_trigger_target_dag.py
[2023-09-01T13:21:55.694+0900] {logging_mixin.py:151} INFO - [2023-09-01T13:21:55.694+0900] {dag.py:2907} INFO - Sync 1 DAGs
[2023-09-01T13:21:55.703+0900] {logging_mixin.py:151} INFO - [2023-09-01T13:21:55.703+0900] {dag.py:3677} INFO - Setting next_dagrun for example_trigger_target_dag to None, run_after=None
[2023-09-01T13:21:55.715+0900] {processor.py:179} INFO - Processing /usr/local/lib/python3.8/dist-packages/airflow/example_dags/example_trigger_target_dag.py took 0.054 seconds
[2023-09-01T13:22:39.606+0900] {processor.py:157} INFO - Started process (PID=12156) to work on /usr/local/lib/python3.8/dist-packages/airflow/example_dags/example_trigger_target_dag.py
[2023-09-01T13:22:39.608+0900] {processor.py:829} INFO - Processing file /usr/local/lib/python3.8/dist-packages/airflow/example_dags/example_trigger_target_dag.py for tasks to queue
[2023-09-01T13:22:39.610+0900] {logging_mixin.py:151} INFO - [2023-09-01T13:22:39.608+0900] {dagbag.py:539} INFO - Filling up the DagBag from /usr/local/lib/python3.8/dist-packages/airflow/example_dags/example_trigger_target_dag.py
[2023-09-01T13:22:39.618+0900] {processor.py:839} INFO - DAG(s) dict_keys(['example_trigger_target_dag']) retrieved from /usr/local/lib/python3.8/dist-packages/airflow/example_dags/example_trigger_target_dag.py
[2023-09-01T13:22:39.632+0900] {logging_mixin.py:151} INFO - [2023-09-01T13:22:39.632+0900] {dag.py:2907} INFO - Sync 1 DAGs
[2023-09-01T13:22:39.642+0900] {logging_mixin.py:151} INFO - [2023-09-01T13:22:39.642+0900] {dag.py:3677} INFO - Setting next_dagrun for example_trigger_target_dag to None, run_after=None
[2023-09-01T13:22:39.656+0900] {processor.py:179} INFO - Processing /usr/local/lib/python3.8/dist-packages/airflow/example_dags/example_trigger_target_dag.py took 0.053 seconds
[2023-09-01T13:23:21.955+0900] {processor.py:157} INFO - Started process (PID=12595) to work on /usr/local/lib/python3.8/dist-packages/airflow/example_dags/example_trigger_target_dag.py
[2023-09-01T13:23:21.956+0900] {processor.py:829} INFO - Processing file /usr/local/lib/python3.8/dist-packages/airflow/example_dags/example_trigger_target_dag.py for tasks to queue
[2023-09-01T13:23:21.957+0900] {logging_mixin.py:151} INFO - [2023-09-01T13:23:21.956+0900] {dagbag.py:539} INFO - Filling up the DagBag from /usr/local/lib/python3.8/dist-packages/airflow/example_dags/example_trigger_target_dag.py
[2023-09-01T13:23:21.962+0900] {processor.py:839} INFO - DAG(s) dict_keys(['example_trigger_target_dag']) retrieved from /usr/local/lib/python3.8/dist-packages/airflow/example_dags/example_trigger_target_dag.py
[2023-09-01T13:23:21.975+0900] {logging_mixin.py:151} INFO - [2023-09-01T13:23:21.974+0900] {dag.py:2907} INFO - Sync 1 DAGs
[2023-09-01T13:23:21.981+0900] {logging_mixin.py:151} INFO - [2023-09-01T13:23:21.981+0900] {dag.py:3677} INFO - Setting next_dagrun for example_trigger_target_dag to None, run_after=None
[2023-09-01T13:23:21.992+0900] {processor.py:179} INFO - Processing /usr/local/lib/python3.8/dist-packages/airflow/example_dags/example_trigger_target_dag.py took 0.041 seconds
[2023-09-01T13:24:03.715+0900] {processor.py:157} INFO - Started process (PID=12995) to work on /usr/local/lib/python3.8/dist-packages/airflow/example_dags/example_trigger_target_dag.py
[2023-09-01T13:24:03.716+0900] {processor.py:829} INFO - Processing file /usr/local/lib/python3.8/dist-packages/airflow/example_dags/example_trigger_target_dag.py for tasks to queue
[2023-09-01T13:24:03.718+0900] {logging_mixin.py:151} INFO - [2023-09-01T13:24:03.717+0900] {dagbag.py:539} INFO - Filling up the DagBag from /usr/local/lib/python3.8/dist-packages/airflow/example_dags/example_trigger_target_dag.py
[2023-09-01T13:24:03.726+0900] {processor.py:839} INFO - DAG(s) dict_keys(['example_trigger_target_dag']) retrieved from /usr/local/lib/python3.8/dist-packages/airflow/example_dags/example_trigger_target_dag.py
[2023-09-01T13:24:03.742+0900] {logging_mixin.py:151} INFO - [2023-09-01T13:24:03.742+0900] {dag.py:2907} INFO - Sync 1 DAGs
[2023-09-01T13:24:03.750+0900] {logging_mixin.py:151} INFO - [2023-09-01T13:24:03.750+0900] {dag.py:3677} INFO - Setting next_dagrun for example_trigger_target_dag to None, run_after=None
[2023-09-01T13:24:03.763+0900] {processor.py:179} INFO - Processing /usr/local/lib/python3.8/dist-packages/airflow/example_dags/example_trigger_target_dag.py took 0.054 seconds
[2023-09-01T13:24:51.721+0900] {processor.py:157} INFO - Started process (PID=13484) to work on /usr/local/lib/python3.8/dist-packages/airflow/example_dags/example_trigger_target_dag.py
[2023-09-01T13:24:51.722+0900] {processor.py:829} INFO - Processing file /usr/local/lib/python3.8/dist-packages/airflow/example_dags/example_trigger_target_dag.py for tasks to queue
[2023-09-01T13:24:51.724+0900] {logging_mixin.py:151} INFO - [2023-09-01T13:24:51.723+0900] {dagbag.py:539} INFO - Filling up the DagBag from /usr/local/lib/python3.8/dist-packages/airflow/example_dags/example_trigger_target_dag.py
[2023-09-01T13:24:51.730+0900] {processor.py:839} INFO - DAG(s) dict_keys(['example_trigger_target_dag']) retrieved from /usr/local/lib/python3.8/dist-packages/airflow/example_dags/example_trigger_target_dag.py
[2023-09-01T13:24:51.747+0900] {logging_mixin.py:151} INFO - [2023-09-01T13:24:51.747+0900] {dag.py:2907} INFO - Sync 1 DAGs
[2023-09-01T13:24:51.758+0900] {logging_mixin.py:151} INFO - [2023-09-01T13:24:51.758+0900] {dag.py:3677} INFO - Setting next_dagrun for example_trigger_target_dag to None, run_after=None
[2023-09-01T13:24:51.812+0900] {processor.py:179} INFO - Processing /usr/local/lib/python3.8/dist-packages/airflow/example_dags/example_trigger_target_dag.py took 0.096 seconds
[2023-09-01T13:25:56.011+0900] {processor.py:157} INFO - Started process (PID=14396) to work on /usr/local/lib/python3.8/dist-packages/airflow/example_dags/example_trigger_target_dag.py
[2023-09-01T13:25:56.013+0900] {processor.py:829} INFO - Processing file /usr/local/lib/python3.8/dist-packages/airflow/example_dags/example_trigger_target_dag.py for tasks to queue
[2023-09-01T13:25:56.014+0900] {logging_mixin.py:151} INFO - [2023-09-01T13:25:56.013+0900] {dagbag.py:539} INFO - Filling up the DagBag from /usr/local/lib/python3.8/dist-packages/airflow/example_dags/example_trigger_target_dag.py
[2023-09-01T13:25:56.023+0900] {processor.py:839} INFO - DAG(s) dict_keys(['example_trigger_target_dag']) retrieved from /usr/local/lib/python3.8/dist-packages/airflow/example_dags/example_trigger_target_dag.py
[2023-09-01T13:25:56.039+0900] {logging_mixin.py:151} INFO - [2023-09-01T13:25:56.039+0900] {dag.py:2907} INFO - Sync 1 DAGs
[2023-09-01T13:25:56.047+0900] {logging_mixin.py:151} INFO - [2023-09-01T13:25:56.047+0900] {dag.py:3677} INFO - Setting next_dagrun for example_trigger_target_dag to None, run_after=None
[2023-09-01T13:25:56.069+0900] {processor.py:179} INFO - Processing /usr/local/lib/python3.8/dist-packages/airflow/example_dags/example_trigger_target_dag.py took 0.063 seconds
[2023-09-01T13:26:39.918+0900] {processor.py:157} INFO - Started process (PID=14812) to work on /usr/local/lib/python3.8/dist-packages/airflow/example_dags/example_trigger_target_dag.py
[2023-09-01T13:26:39.919+0900] {processor.py:829} INFO - Processing file /usr/local/lib/python3.8/dist-packages/airflow/example_dags/example_trigger_target_dag.py for tasks to queue
[2023-09-01T13:26:39.920+0900] {logging_mixin.py:151} INFO - [2023-09-01T13:26:39.920+0900] {dagbag.py:539} INFO - Filling up the DagBag from /usr/local/lib/python3.8/dist-packages/airflow/example_dags/example_trigger_target_dag.py
[2023-09-01T13:26:39.928+0900] {processor.py:839} INFO - DAG(s) dict_keys(['example_trigger_target_dag']) retrieved from /usr/local/lib/python3.8/dist-packages/airflow/example_dags/example_trigger_target_dag.py
[2023-09-01T13:26:39.944+0900] {logging_mixin.py:151} INFO - [2023-09-01T13:26:39.944+0900] {dag.py:2907} INFO - Sync 1 DAGs
[2023-09-01T13:26:39.951+0900] {logging_mixin.py:151} INFO - [2023-09-01T13:26:39.951+0900] {dag.py:3677} INFO - Setting next_dagrun for example_trigger_target_dag to None, run_after=None
[2023-09-01T13:26:39.963+0900] {processor.py:179} INFO - Processing /usr/local/lib/python3.8/dist-packages/airflow/example_dags/example_trigger_target_dag.py took 0.050 seconds
[2023-09-01T13:27:22.849+0900] {processor.py:157} INFO - Started process (PID=15232) to work on /usr/local/lib/python3.8/dist-packages/airflow/example_dags/example_trigger_target_dag.py
[2023-09-01T13:27:22.850+0900] {processor.py:829} INFO - Processing file /usr/local/lib/python3.8/dist-packages/airflow/example_dags/example_trigger_target_dag.py for tasks to queue
[2023-09-01T13:27:22.851+0900] {logging_mixin.py:151} INFO - [2023-09-01T13:27:22.851+0900] {dagbag.py:539} INFO - Filling up the DagBag from /usr/local/lib/python3.8/dist-packages/airflow/example_dags/example_trigger_target_dag.py
[2023-09-01T13:27:22.856+0900] {processor.py:839} INFO - DAG(s) dict_keys(['example_trigger_target_dag']) retrieved from /usr/local/lib/python3.8/dist-packages/airflow/example_dags/example_trigger_target_dag.py
[2023-09-01T13:27:22.867+0900] {logging_mixin.py:151} INFO - [2023-09-01T13:27:22.867+0900] {dag.py:2907} INFO - Sync 1 DAGs
[2023-09-01T13:27:22.873+0900] {logging_mixin.py:151} INFO - [2023-09-01T13:27:22.873+0900] {dag.py:3677} INFO - Setting next_dagrun for example_trigger_target_dag to None, run_after=None
[2023-09-01T13:27:22.885+0900] {processor.py:179} INFO - Processing /usr/local/lib/python3.8/dist-packages/airflow/example_dags/example_trigger_target_dag.py took 0.040 seconds
[2023-09-01T13:28:07.464+0900] {processor.py:157} INFO - Started process (PID=15667) to work on /usr/local/lib/python3.8/dist-packages/airflow/example_dags/example_trigger_target_dag.py
[2023-09-01T13:28:07.465+0900] {processor.py:829} INFO - Processing file /usr/local/lib/python3.8/dist-packages/airflow/example_dags/example_trigger_target_dag.py for tasks to queue
[2023-09-01T13:28:07.467+0900] {logging_mixin.py:151} INFO - [2023-09-01T13:28:07.466+0900] {dagbag.py:539} INFO - Filling up the DagBag from /usr/local/lib/python3.8/dist-packages/airflow/example_dags/example_trigger_target_dag.py
[2023-09-01T13:28:07.474+0900] {processor.py:839} INFO - DAG(s) dict_keys(['example_trigger_target_dag']) retrieved from /usr/local/lib/python3.8/dist-packages/airflow/example_dags/example_trigger_target_dag.py
[2023-09-01T13:28:07.486+0900] {logging_mixin.py:151} INFO - [2023-09-01T13:28:07.486+0900] {dag.py:2907} INFO - Sync 1 DAGs
[2023-09-01T13:28:07.494+0900] {logging_mixin.py:151} INFO - [2023-09-01T13:28:07.493+0900] {dag.py:3677} INFO - Setting next_dagrun for example_trigger_target_dag to None, run_after=None
[2023-09-01T13:28:07.506+0900] {processor.py:179} INFO - Processing /usr/local/lib/python3.8/dist-packages/airflow/example_dags/example_trigger_target_dag.py took 0.047 seconds
[2023-09-01T13:28:54.422+0900] {processor.py:157} INFO - Started process (PID=16146) to work on /usr/local/lib/python3.8/dist-packages/airflow/example_dags/example_trigger_target_dag.py
[2023-09-01T13:28:54.423+0900] {processor.py:829} INFO - Processing file /usr/local/lib/python3.8/dist-packages/airflow/example_dags/example_trigger_target_dag.py for tasks to queue
[2023-09-01T13:28:54.425+0900] {logging_mixin.py:151} INFO - [2023-09-01T13:28:54.424+0900] {dagbag.py:539} INFO - Filling up the DagBag from /usr/local/lib/python3.8/dist-packages/airflow/example_dags/example_trigger_target_dag.py
[2023-09-01T13:28:54.433+0900] {processor.py:839} INFO - DAG(s) dict_keys(['example_trigger_target_dag']) retrieved from /usr/local/lib/python3.8/dist-packages/airflow/example_dags/example_trigger_target_dag.py
[2023-09-01T13:28:54.448+0900] {logging_mixin.py:151} INFO - [2023-09-01T13:28:54.447+0900] {dag.py:2907} INFO - Sync 1 DAGs
[2023-09-01T13:28:54.455+0900] {logging_mixin.py:151} INFO - [2023-09-01T13:28:54.455+0900] {dag.py:3677} INFO - Setting next_dagrun for example_trigger_target_dag to None, run_after=None
[2023-09-01T13:28:54.467+0900] {processor.py:179} INFO - Processing /usr/local/lib/python3.8/dist-packages/airflow/example_dags/example_trigger_target_dag.py took 0.050 seconds
[2023-09-01T13:29:39.085+0900] {processor.py:157} INFO - Started process (PID=16575) to work on /usr/local/lib/python3.8/dist-packages/airflow/example_dags/example_trigger_target_dag.py
[2023-09-01T13:29:39.088+0900] {processor.py:829} INFO - Processing file /usr/local/lib/python3.8/dist-packages/airflow/example_dags/example_trigger_target_dag.py for tasks to queue
[2023-09-01T13:29:39.089+0900] {logging_mixin.py:151} INFO - [2023-09-01T13:29:39.088+0900] {dagbag.py:539} INFO - Filling up the DagBag from /usr/local/lib/python3.8/dist-packages/airflow/example_dags/example_trigger_target_dag.py
[2023-09-01T13:29:39.097+0900] {processor.py:839} INFO - DAG(s) dict_keys(['example_trigger_target_dag']) retrieved from /usr/local/lib/python3.8/dist-packages/airflow/example_dags/example_trigger_target_dag.py
[2023-09-01T13:29:39.112+0900] {logging_mixin.py:151} INFO - [2023-09-01T13:29:39.112+0900] {dag.py:2907} INFO - Sync 1 DAGs
[2023-09-01T13:29:39.120+0900] {logging_mixin.py:151} INFO - [2023-09-01T13:29:39.120+0900] {dag.py:3677} INFO - Setting next_dagrun for example_trigger_target_dag to None, run_after=None
[2023-09-01T13:29:39.134+0900] {processor.py:179} INFO - Processing /usr/local/lib/python3.8/dist-packages/airflow/example_dags/example_trigger_target_dag.py took 0.053 seconds
[2023-09-01T13:30:25.613+0900] {processor.py:157} INFO - Started process (PID=17029) to work on /usr/local/lib/python3.8/dist-packages/airflow/example_dags/example_trigger_target_dag.py
[2023-09-01T13:30:25.615+0900] {processor.py:829} INFO - Processing file /usr/local/lib/python3.8/dist-packages/airflow/example_dags/example_trigger_target_dag.py for tasks to queue
[2023-09-01T13:30:25.616+0900] {logging_mixin.py:151} INFO - [2023-09-01T13:30:25.615+0900] {dagbag.py:539} INFO - Filling up the DagBag from /usr/local/lib/python3.8/dist-packages/airflow/example_dags/example_trigger_target_dag.py
[2023-09-01T13:30:25.622+0900] {processor.py:839} INFO - DAG(s) dict_keys(['example_trigger_target_dag']) retrieved from /usr/local/lib/python3.8/dist-packages/airflow/example_dags/example_trigger_target_dag.py
[2023-09-01T13:30:25.637+0900] {logging_mixin.py:151} INFO - [2023-09-01T13:30:25.636+0900] {dag.py:2907} INFO - Sync 1 DAGs
[2023-09-01T13:30:25.646+0900] {logging_mixin.py:151} INFO - [2023-09-01T13:30:25.646+0900] {dag.py:3677} INFO - Setting next_dagrun for example_trigger_target_dag to None, run_after=None
[2023-09-01T13:30:25.659+0900] {processor.py:179} INFO - Processing /usr/local/lib/python3.8/dist-packages/airflow/example_dags/example_trigger_target_dag.py took 0.051 seconds
[2023-09-01T13:31:07.342+0900] {processor.py:157} INFO - Started process (PID=17436) to work on /usr/local/lib/python3.8/dist-packages/airflow/example_dags/example_trigger_target_dag.py
[2023-09-01T13:31:07.344+0900] {processor.py:829} INFO - Processing file /usr/local/lib/python3.8/dist-packages/airflow/example_dags/example_trigger_target_dag.py for tasks to queue
[2023-09-01T13:31:07.345+0900] {logging_mixin.py:151} INFO - [2023-09-01T13:31:07.344+0900] {dagbag.py:539} INFO - Filling up the DagBag from /usr/local/lib/python3.8/dist-packages/airflow/example_dags/example_trigger_target_dag.py
[2023-09-01T13:31:07.354+0900] {processor.py:839} INFO - DAG(s) dict_keys(['example_trigger_target_dag']) retrieved from /usr/local/lib/python3.8/dist-packages/airflow/example_dags/example_trigger_target_dag.py
[2023-09-01T13:31:07.369+0900] {logging_mixin.py:151} INFO - [2023-09-01T13:31:07.369+0900] {dag.py:2907} INFO - Sync 1 DAGs
[2023-09-01T13:31:07.376+0900] {logging_mixin.py:151} INFO - [2023-09-01T13:31:07.376+0900] {dag.py:3677} INFO - Setting next_dagrun for example_trigger_target_dag to None, run_after=None
[2023-09-01T13:31:07.388+0900] {processor.py:179} INFO - Processing /usr/local/lib/python3.8/dist-packages/airflow/example_dags/example_trigger_target_dag.py took 0.051 seconds
[2023-09-01T13:31:51.648+0900] {processor.py:157} INFO - Started process (PID=17855) to work on /usr/local/lib/python3.8/dist-packages/airflow/example_dags/example_trigger_target_dag.py
[2023-09-01T13:31:51.649+0900] {processor.py:829} INFO - Processing file /usr/local/lib/python3.8/dist-packages/airflow/example_dags/example_trigger_target_dag.py for tasks to queue
[2023-09-01T13:31:51.651+0900] {logging_mixin.py:151} INFO - [2023-09-01T13:31:51.650+0900] {dagbag.py:539} INFO - Filling up the DagBag from /usr/local/lib/python3.8/dist-packages/airflow/example_dags/example_trigger_target_dag.py
[2023-09-01T13:31:51.660+0900] {processor.py:839} INFO - DAG(s) dict_keys(['example_trigger_target_dag']) retrieved from /usr/local/lib/python3.8/dist-packages/airflow/example_dags/example_trigger_target_dag.py
[2023-09-01T13:31:51.677+0900] {logging_mixin.py:151} INFO - [2023-09-01T13:31:51.677+0900] {dag.py:2907} INFO - Sync 1 DAGs
[2023-09-01T13:31:51.685+0900] {logging_mixin.py:151} INFO - [2023-09-01T13:31:51.685+0900] {dag.py:3677} INFO - Setting next_dagrun for example_trigger_target_dag to None, run_after=None
[2023-09-01T13:31:51.697+0900] {processor.py:179} INFO - Processing /usr/local/lib/python3.8/dist-packages/airflow/example_dags/example_trigger_target_dag.py took 0.056 seconds
[2023-09-01T13:32:36.755+0900] {processor.py:157} INFO - Started process (PID=18293) to work on /usr/local/lib/python3.8/dist-packages/airflow/example_dags/example_trigger_target_dag.py
[2023-09-01T13:32:36.757+0900] {processor.py:829} INFO - Processing file /usr/local/lib/python3.8/dist-packages/airflow/example_dags/example_trigger_target_dag.py for tasks to queue
[2023-09-01T13:32:36.759+0900] {logging_mixin.py:151} INFO - [2023-09-01T13:32:36.757+0900] {dagbag.py:539} INFO - Filling up the DagBag from /usr/local/lib/python3.8/dist-packages/airflow/example_dags/example_trigger_target_dag.py
[2023-09-01T13:32:36.768+0900] {processor.py:839} INFO - DAG(s) dict_keys(['example_trigger_target_dag']) retrieved from /usr/local/lib/python3.8/dist-packages/airflow/example_dags/example_trigger_target_dag.py
[2023-09-01T13:32:36.784+0900] {logging_mixin.py:151} INFO - [2023-09-01T13:32:36.784+0900] {dag.py:2907} INFO - Sync 1 DAGs
[2023-09-01T13:32:36.793+0900] {logging_mixin.py:151} INFO - [2023-09-01T13:32:36.793+0900] {dag.py:3677} INFO - Setting next_dagrun for example_trigger_target_dag to None, run_after=None
[2023-09-01T13:32:36.807+0900] {processor.py:179} INFO - Processing /usr/local/lib/python3.8/dist-packages/airflow/example_dags/example_trigger_target_dag.py took 0.059 seconds
[2023-09-01T13:33:21.953+0900] {processor.py:157} INFO - Started process (PID=18737) to work on /usr/local/lib/python3.8/dist-packages/airflow/example_dags/example_trigger_target_dag.py
[2023-09-01T13:33:21.955+0900] {processor.py:829} INFO - Processing file /usr/local/lib/python3.8/dist-packages/airflow/example_dags/example_trigger_target_dag.py for tasks to queue
[2023-09-01T13:33:21.957+0900] {logging_mixin.py:151} INFO - [2023-09-01T13:33:21.955+0900] {dagbag.py:539} INFO - Filling up the DagBag from /usr/local/lib/python3.8/dist-packages/airflow/example_dags/example_trigger_target_dag.py
[2023-09-01T13:33:21.965+0900] {processor.py:839} INFO - DAG(s) dict_keys(['example_trigger_target_dag']) retrieved from /usr/local/lib/python3.8/dist-packages/airflow/example_dags/example_trigger_target_dag.py
[2023-09-01T13:33:21.981+0900] {logging_mixin.py:151} INFO - [2023-09-01T13:33:21.981+0900] {dag.py:2907} INFO - Sync 1 DAGs
[2023-09-01T13:33:21.989+0900] {logging_mixin.py:151} INFO - [2023-09-01T13:33:21.989+0900] {dag.py:3677} INFO - Setting next_dagrun for example_trigger_target_dag to None, run_after=None
[2023-09-01T13:33:22.001+0900] {processor.py:179} INFO - Processing /usr/local/lib/python3.8/dist-packages/airflow/example_dags/example_trigger_target_dag.py took 0.053 seconds
[2023-09-01T13:34:09.127+0900] {processor.py:157} INFO - Started process (PID=19218) to work on /usr/local/lib/python3.8/dist-packages/airflow/example_dags/example_trigger_target_dag.py
[2023-09-01T13:34:09.129+0900] {processor.py:829} INFO - Processing file /usr/local/lib/python3.8/dist-packages/airflow/example_dags/example_trigger_target_dag.py for tasks to queue
[2023-09-01T13:34:09.131+0900] {logging_mixin.py:151} INFO - [2023-09-01T13:34:09.130+0900] {dagbag.py:539} INFO - Filling up the DagBag from /usr/local/lib/python3.8/dist-packages/airflow/example_dags/example_trigger_target_dag.py
[2023-09-01T13:34:09.140+0900] {processor.py:839} INFO - DAG(s) dict_keys(['example_trigger_target_dag']) retrieved from /usr/local/lib/python3.8/dist-packages/airflow/example_dags/example_trigger_target_dag.py
[2023-09-01T13:34:09.156+0900] {logging_mixin.py:151} INFO - [2023-09-01T13:34:09.156+0900] {dag.py:2907} INFO - Sync 1 DAGs
[2023-09-01T13:34:09.165+0900] {logging_mixin.py:151} INFO - [2023-09-01T13:34:09.165+0900] {dag.py:3677} INFO - Setting next_dagrun for example_trigger_target_dag to None, run_after=None
[2023-09-01T13:34:09.177+0900] {processor.py:179} INFO - Processing /usr/local/lib/python3.8/dist-packages/airflow/example_dags/example_trigger_target_dag.py took 0.055 seconds
[2023-09-01T13:34:52.683+0900] {processor.py:157} INFO - Started process (PID=19629) to work on /usr/local/lib/python3.8/dist-packages/airflow/example_dags/example_trigger_target_dag.py
[2023-09-01T13:34:52.684+0900] {processor.py:829} INFO - Processing file /usr/local/lib/python3.8/dist-packages/airflow/example_dags/example_trigger_target_dag.py for tasks to queue
[2023-09-01T13:34:52.686+0900] {logging_mixin.py:151} INFO - [2023-09-01T13:34:52.685+0900] {dagbag.py:539} INFO - Filling up the DagBag from /usr/local/lib/python3.8/dist-packages/airflow/example_dags/example_trigger_target_dag.py
[2023-09-01T13:34:52.695+0900] {processor.py:839} INFO - DAG(s) dict_keys(['example_trigger_target_dag']) retrieved from /usr/local/lib/python3.8/dist-packages/airflow/example_dags/example_trigger_target_dag.py
[2023-09-01T13:34:52.711+0900] {logging_mixin.py:151} INFO - [2023-09-01T13:34:52.711+0900] {dag.py:2907} INFO - Sync 1 DAGs
[2023-09-01T13:34:52.720+0900] {logging_mixin.py:151} INFO - [2023-09-01T13:34:52.720+0900] {dag.py:3677} INFO - Setting next_dagrun for example_trigger_target_dag to None, run_after=None
[2023-09-01T13:34:52.732+0900] {processor.py:179} INFO - Processing /usr/local/lib/python3.8/dist-packages/airflow/example_dags/example_trigger_target_dag.py took 0.054 seconds
[2023-09-01T13:35:36.378+0900] {processor.py:157} INFO - Started process (PID=20059) to work on /usr/local/lib/python3.8/dist-packages/airflow/example_dags/example_trigger_target_dag.py
[2023-09-01T13:35:36.379+0900] {processor.py:829} INFO - Processing file /usr/local/lib/python3.8/dist-packages/airflow/example_dags/example_trigger_target_dag.py for tasks to queue
[2023-09-01T13:35:36.381+0900] {logging_mixin.py:151} INFO - [2023-09-01T13:35:36.380+0900] {dagbag.py:539} INFO - Filling up the DagBag from /usr/local/lib/python3.8/dist-packages/airflow/example_dags/example_trigger_target_dag.py
[2023-09-01T13:35:36.390+0900] {processor.py:839} INFO - DAG(s) dict_keys(['example_trigger_target_dag']) retrieved from /usr/local/lib/python3.8/dist-packages/airflow/example_dags/example_trigger_target_dag.py
[2023-09-01T13:35:36.406+0900] {logging_mixin.py:151} INFO - [2023-09-01T13:35:36.406+0900] {dag.py:2907} INFO - Sync 1 DAGs
[2023-09-01T13:35:36.413+0900] {logging_mixin.py:151} INFO - [2023-09-01T13:35:36.413+0900] {dag.py:3677} INFO - Setting next_dagrun for example_trigger_target_dag to None, run_after=None
[2023-09-01T13:35:36.424+0900] {processor.py:179} INFO - Processing /usr/local/lib/python3.8/dist-packages/airflow/example_dags/example_trigger_target_dag.py took 0.052 seconds
[2023-09-01T13:36:22.772+0900] {processor.py:157} INFO - Started process (PID=20510) to work on /usr/local/lib/python3.8/dist-packages/airflow/example_dags/example_trigger_target_dag.py
[2023-09-01T13:36:22.774+0900] {processor.py:829} INFO - Processing file /usr/local/lib/python3.8/dist-packages/airflow/example_dags/example_trigger_target_dag.py for tasks to queue
[2023-09-01T13:36:22.776+0900] {logging_mixin.py:151} INFO - [2023-09-01T13:36:22.775+0900] {dagbag.py:539} INFO - Filling up the DagBag from /usr/local/lib/python3.8/dist-packages/airflow/example_dags/example_trigger_target_dag.py
[2023-09-01T13:36:22.785+0900] {processor.py:839} INFO - DAG(s) dict_keys(['example_trigger_target_dag']) retrieved from /usr/local/lib/python3.8/dist-packages/airflow/example_dags/example_trigger_target_dag.py
[2023-09-01T13:36:22.802+0900] {logging_mixin.py:151} INFO - [2023-09-01T13:36:22.802+0900] {dag.py:2907} INFO - Sync 1 DAGs
[2023-09-01T13:36:22.812+0900] {logging_mixin.py:151} INFO - [2023-09-01T13:36:22.811+0900] {dag.py:3677} INFO - Setting next_dagrun for example_trigger_target_dag to None, run_after=None
[2023-09-01T13:36:22.824+0900] {processor.py:179} INFO - Processing /usr/local/lib/python3.8/dist-packages/airflow/example_dags/example_trigger_target_dag.py took 0.057 seconds
[2023-09-01T13:37:09.148+0900] {processor.py:157} INFO - Started process (PID=20961) to work on /usr/local/lib/python3.8/dist-packages/airflow/example_dags/example_trigger_target_dag.py
[2023-09-01T13:37:09.149+0900] {processor.py:829} INFO - Processing file /usr/local/lib/python3.8/dist-packages/airflow/example_dags/example_trigger_target_dag.py for tasks to queue
[2023-09-01T13:37:09.150+0900] {logging_mixin.py:151} INFO - [2023-09-01T13:37:09.150+0900] {dagbag.py:539} INFO - Filling up the DagBag from /usr/local/lib/python3.8/dist-packages/airflow/example_dags/example_trigger_target_dag.py
[2023-09-01T13:37:09.156+0900] {processor.py:839} INFO - DAG(s) dict_keys(['example_trigger_target_dag']) retrieved from /usr/local/lib/python3.8/dist-packages/airflow/example_dags/example_trigger_target_dag.py
[2023-09-01T13:37:09.167+0900] {logging_mixin.py:151} INFO - [2023-09-01T13:37:09.167+0900] {dag.py:2907} INFO - Sync 1 DAGs
[2023-09-01T13:37:09.174+0900] {logging_mixin.py:151} INFO - [2023-09-01T13:37:09.174+0900] {dag.py:3677} INFO - Setting next_dagrun for example_trigger_target_dag to None, run_after=None
[2023-09-01T13:37:09.184+0900] {processor.py:179} INFO - Processing /usr/local/lib/python3.8/dist-packages/airflow/example_dags/example_trigger_target_dag.py took 0.039 seconds
[2023-09-01T13:37:57.619+0900] {processor.py:157} INFO - Started process (PID=21419) to work on /usr/local/lib/python3.8/dist-packages/airflow/example_dags/example_trigger_target_dag.py
[2023-09-01T13:37:57.620+0900] {processor.py:829} INFO - Processing file /usr/local/lib/python3.8/dist-packages/airflow/example_dags/example_trigger_target_dag.py for tasks to queue
[2023-09-01T13:37:57.622+0900] {logging_mixin.py:151} INFO - [2023-09-01T13:37:57.621+0900] {dagbag.py:539} INFO - Filling up the DagBag from /usr/local/lib/python3.8/dist-packages/airflow/example_dags/example_trigger_target_dag.py
[2023-09-01T13:37:57.630+0900] {processor.py:839} INFO - DAG(s) dict_keys(['example_trigger_target_dag']) retrieved from /usr/local/lib/python3.8/dist-packages/airflow/example_dags/example_trigger_target_dag.py
[2023-09-01T13:37:57.646+0900] {logging_mixin.py:151} INFO - [2023-09-01T13:37:57.646+0900] {dag.py:2907} INFO - Sync 1 DAGs
[2023-09-01T13:37:57.655+0900] {logging_mixin.py:151} INFO - [2023-09-01T13:37:57.655+0900] {dag.py:3677} INFO - Setting next_dagrun for example_trigger_target_dag to None, run_after=None
[2023-09-01T13:37:57.667+0900] {processor.py:179} INFO - Processing /usr/local/lib/python3.8/dist-packages/airflow/example_dags/example_trigger_target_dag.py took 0.053 seconds
[2023-09-01T13:38:41.528+0900] {processor.py:157} INFO - Started process (PID=21846) to work on /usr/local/lib/python3.8/dist-packages/airflow/example_dags/example_trigger_target_dag.py
[2023-09-01T13:38:41.530+0900] {processor.py:829} INFO - Processing file /usr/local/lib/python3.8/dist-packages/airflow/example_dags/example_trigger_target_dag.py for tasks to queue
[2023-09-01T13:38:41.531+0900] {logging_mixin.py:151} INFO - [2023-09-01T13:38:41.530+0900] {dagbag.py:539} INFO - Filling up the DagBag from /usr/local/lib/python3.8/dist-packages/airflow/example_dags/example_trigger_target_dag.py
[2023-09-01T13:38:41.539+0900] {processor.py:839} INFO - DAG(s) dict_keys(['example_trigger_target_dag']) retrieved from /usr/local/lib/python3.8/dist-packages/airflow/example_dags/example_trigger_target_dag.py
[2023-09-01T13:38:41.554+0900] {logging_mixin.py:151} INFO - [2023-09-01T13:38:41.554+0900] {dag.py:2907} INFO - Sync 1 DAGs
[2023-09-01T13:38:41.563+0900] {logging_mixin.py:151} INFO - [2023-09-01T13:38:41.562+0900] {dag.py:3677} INFO - Setting next_dagrun for example_trigger_target_dag to None, run_after=None
[2023-09-01T13:38:41.574+0900] {processor.py:179} INFO - Processing /usr/local/lib/python3.8/dist-packages/airflow/example_dags/example_trigger_target_dag.py took 0.050 seconds
