[2023-09-01T13:07:59.325+0900] {processor.py:157} INFO - Started process (PID=2226) to work on /usr/local/lib/python3.8/dist-packages/airflow/example_dags/example_branch_labels.py
[2023-09-01T13:07:59.326+0900] {processor.py:829} INFO - Processing file /usr/local/lib/python3.8/dist-packages/airflow/example_dags/example_branch_labels.py for tasks to queue
[2023-09-01T13:07:59.327+0900] {logging_mixin.py:151} INFO - [2023-09-01T13:07:59.326+0900] {dagbag.py:539} INFO - Filling up the DagBag from /usr/local/lib/python3.8/dist-packages/airflow/example_dags/example_branch_labels.py
[2023-09-01T13:07:59.337+0900] {processor.py:839} INFO - DAG(s) dict_keys(['example_branch_labels']) retrieved from /usr/local/lib/python3.8/dist-packages/airflow/example_dags/example_branch_labels.py
[2023-09-01T13:07:59.397+0900] {logging_mixin.py:151} INFO - [2023-09-01T13:07:59.397+0900] {manager.py:501} INFO - Created Permission View: can delete on DAG:example_branch_labels
[2023-09-01T13:07:59.401+0900] {logging_mixin.py:151} INFO - [2023-09-01T13:07:59.401+0900] {manager.py:501} INFO - Created Permission View: can read on DAG:example_branch_labels
[2023-09-01T13:07:59.404+0900] {logging_mixin.py:151} INFO - [2023-09-01T13:07:59.404+0900] {manager.py:501} INFO - Created Permission View: can edit on DAG:example_branch_labels
[2023-09-01T13:07:59.408+0900] {logging_mixin.py:151} INFO - [2023-09-01T13:07:59.408+0900] {dag.py:2907} INFO - Sync 1 DAGs
[2023-09-01T13:07:59.413+0900] {logging_mixin.py:151} INFO - [2023-09-01T13:07:59.412+0900] {dag.py:2929} INFO - Creating ORM DAG for example_branch_labels
[2023-09-01T13:07:59.416+0900] {logging_mixin.py:151} INFO - [2023-09-01T13:07:59.416+0900] {dag.py:3677} INFO - Setting next_dagrun for example_branch_labels to 2023-08-31T00:00:00+00:00, run_after=2023-09-01T00:00:00+00:00
[2023-09-01T13:07:59.423+0900] {processor.py:179} INFO - Processing /usr/local/lib/python3.8/dist-packages/airflow/example_dags/example_branch_labels.py took 0.104 seconds
[2023-09-01T13:08:58.478+0900] {processor.py:157} INFO - Started process (PID=4015) to work on /usr/local/lib/python3.8/dist-packages/airflow/example_dags/example_branch_labels.py
[2023-09-01T13:08:58.479+0900] {processor.py:829} INFO - Processing file /usr/local/lib/python3.8/dist-packages/airflow/example_dags/example_branch_labels.py for tasks to queue
[2023-09-01T13:08:58.480+0900] {logging_mixin.py:151} INFO - [2023-09-01T13:08:58.480+0900] {dagbag.py:539} INFO - Filling up the DagBag from /usr/local/lib/python3.8/dist-packages/airflow/example_dags/example_branch_labels.py
[2023-09-01T13:08:58.489+0900] {processor.py:839} INFO - DAG(s) dict_keys(['example_branch_labels']) retrieved from /usr/local/lib/python3.8/dist-packages/airflow/example_dags/example_branch_labels.py
[2023-09-01T13:08:58.502+0900] {logging_mixin.py:151} INFO - [2023-09-01T13:08:58.502+0900] {dag.py:2907} INFO - Sync 1 DAGs
[2023-09-01T13:08:58.513+0900] {logging_mixin.py:151} INFO - [2023-09-01T13:08:58.513+0900] {dag.py:3677} INFO - Setting next_dagrun for example_branch_labels to 2023-08-31T00:00:00+00:00, run_after=2023-09-01T00:00:00+00:00
[2023-09-01T13:08:58.523+0900] {processor.py:179} INFO - Processing /usr/local/lib/python3.8/dist-packages/airflow/example_dags/example_branch_labels.py took 0.049 seconds
[2023-09-01T13:09:44.833+0900] {processor.py:157} INFO - Started process (PID=4469) to work on /usr/local/lib/python3.8/dist-packages/airflow/example_dags/example_branch_labels.py
[2023-09-01T13:09:44.834+0900] {processor.py:829} INFO - Processing file /usr/local/lib/python3.8/dist-packages/airflow/example_dags/example_branch_labels.py for tasks to queue
[2023-09-01T13:09:44.836+0900] {logging_mixin.py:151} INFO - [2023-09-01T13:09:44.835+0900] {dagbag.py:539} INFO - Filling up the DagBag from /usr/local/lib/python3.8/dist-packages/airflow/example_dags/example_branch_labels.py
[2023-09-01T13:09:44.845+0900] {processor.py:839} INFO - DAG(s) dict_keys(['example_branch_labels']) retrieved from /usr/local/lib/python3.8/dist-packages/airflow/example_dags/example_branch_labels.py
[2023-09-01T13:09:44.862+0900] {logging_mixin.py:151} INFO - [2023-09-01T13:09:44.862+0900] {dag.py:2907} INFO - Sync 1 DAGs
[2023-09-01T13:09:44.875+0900] {logging_mixin.py:151} INFO - [2023-09-01T13:09:44.874+0900] {dag.py:3677} INFO - Setting next_dagrun for example_branch_labels to 2023-08-31T00:00:00+00:00, run_after=2023-09-01T00:00:00+00:00
[2023-09-01T13:09:44.885+0900] {processor.py:179} INFO - Processing /usr/local/lib/python3.8/dist-packages/airflow/example_dags/example_branch_labels.py took 0.057 seconds
[2023-09-01T13:10:33.022+0900] {processor.py:157} INFO - Started process (PID=4940) to work on /usr/local/lib/python3.8/dist-packages/airflow/example_dags/example_branch_labels.py
[2023-09-01T13:10:33.024+0900] {processor.py:829} INFO - Processing file /usr/local/lib/python3.8/dist-packages/airflow/example_dags/example_branch_labels.py for tasks to queue
[2023-09-01T13:10:33.025+0900] {logging_mixin.py:151} INFO - [2023-09-01T13:10:33.024+0900] {dagbag.py:539} INFO - Filling up the DagBag from /usr/local/lib/python3.8/dist-packages/airflow/example_dags/example_branch_labels.py
[2023-09-01T13:10:33.030+0900] {processor.py:839} INFO - DAG(s) dict_keys(['example_branch_labels']) retrieved from /usr/local/lib/python3.8/dist-packages/airflow/example_dags/example_branch_labels.py
[2023-09-01T13:10:33.040+0900] {logging_mixin.py:151} INFO - [2023-09-01T13:10:33.040+0900] {dag.py:2907} INFO - Sync 1 DAGs
[2023-09-01T13:10:33.049+0900] {logging_mixin.py:151} INFO - [2023-09-01T13:10:33.049+0900] {dag.py:3677} INFO - Setting next_dagrun for example_branch_labels to 2023-08-31T00:00:00+00:00, run_after=2023-09-01T00:00:00+00:00
[2023-09-01T13:10:33.058+0900] {processor.py:179} INFO - Processing /usr/local/lib/python3.8/dist-packages/airflow/example_dags/example_branch_labels.py took 0.038 seconds
[2023-09-01T13:11:21.924+0900] {processor.py:157} INFO - Started process (PID=5434) to work on /usr/local/lib/python3.8/dist-packages/airflow/example_dags/example_branch_labels.py
[2023-09-01T13:11:21.926+0900] {processor.py:829} INFO - Processing file /usr/local/lib/python3.8/dist-packages/airflow/example_dags/example_branch_labels.py for tasks to queue
[2023-09-01T13:11:21.927+0900] {logging_mixin.py:151} INFO - [2023-09-01T13:11:21.926+0900] {dagbag.py:539} INFO - Filling up the DagBag from /usr/local/lib/python3.8/dist-packages/airflow/example_dags/example_branch_labels.py
[2023-09-01T13:11:21.936+0900] {processor.py:839} INFO - DAG(s) dict_keys(['example_branch_labels']) retrieved from /usr/local/lib/python3.8/dist-packages/airflow/example_dags/example_branch_labels.py
[2023-09-01T13:11:21.956+0900] {logging_mixin.py:151} INFO - [2023-09-01T13:11:21.956+0900] {dag.py:2907} INFO - Sync 1 DAGs
[2023-09-01T13:11:21.970+0900] {logging_mixin.py:151} INFO - [2023-09-01T13:11:21.970+0900] {dag.py:3677} INFO - Setting next_dagrun for example_branch_labels to 2023-08-31T00:00:00+00:00, run_after=2023-09-01T00:00:00+00:00
[2023-09-01T13:11:21.984+0900] {processor.py:179} INFO - Processing /usr/local/lib/python3.8/dist-packages/airflow/example_dags/example_branch_labels.py took 0.066 seconds
[2023-09-01T13:13:12.919+0900] {processor.py:157} INFO - Started process (PID=6068) to work on /usr/local/lib/python3.8/dist-packages/airflow/example_dags/example_branch_labels.py
[2023-09-01T13:13:12.920+0900] {processor.py:829} INFO - Processing file /usr/local/lib/python3.8/dist-packages/airflow/example_dags/example_branch_labels.py for tasks to queue
[2023-09-01T13:13:12.921+0900] {logging_mixin.py:151} INFO - [2023-09-01T13:13:12.921+0900] {dagbag.py:539} INFO - Filling up the DagBag from /usr/local/lib/python3.8/dist-packages/airflow/example_dags/example_branch_labels.py
[2023-09-01T13:13:12.927+0900] {processor.py:839} INFO - DAG(s) dict_keys(['example_branch_labels']) retrieved from /usr/local/lib/python3.8/dist-packages/airflow/example_dags/example_branch_labels.py
[2023-09-01T13:13:12.941+0900] {logging_mixin.py:151} INFO - [2023-09-01T13:13:12.940+0900] {dag.py:2907} INFO - Sync 1 DAGs
[2023-09-01T13:13:12.964+0900] {logging_mixin.py:151} INFO - [2023-09-01T13:13:12.964+0900] {dag.py:3677} INFO - Setting next_dagrun for example_branch_labels to 2023-08-31T00:00:00+00:00, run_after=2023-09-01T00:00:00+00:00
[2023-09-01T13:13:12.985+0900] {processor.py:179} INFO - Processing /usr/local/lib/python3.8/dist-packages/airflow/example_dags/example_branch_labels.py took 0.068 seconds
[2023-09-01T13:13:58.268+0900] {processor.py:157} INFO - Started process (PID=6504) to work on /usr/local/lib/python3.8/dist-packages/airflow/example_dags/example_branch_labels.py
[2023-09-01T13:13:58.269+0900] {processor.py:829} INFO - Processing file /usr/local/lib/python3.8/dist-packages/airflow/example_dags/example_branch_labels.py for tasks to queue
[2023-09-01T13:13:58.271+0900] {logging_mixin.py:151} INFO - [2023-09-01T13:13:58.270+0900] {dagbag.py:539} INFO - Filling up the DagBag from /usr/local/lib/python3.8/dist-packages/airflow/example_dags/example_branch_labels.py
[2023-09-01T13:13:58.280+0900] {processor.py:839} INFO - DAG(s) dict_keys(['example_branch_labels']) retrieved from /usr/local/lib/python3.8/dist-packages/airflow/example_dags/example_branch_labels.py
[2023-09-01T13:13:58.298+0900] {logging_mixin.py:151} INFO - [2023-09-01T13:13:58.298+0900] {dag.py:2907} INFO - Sync 1 DAGs
[2023-09-01T13:13:58.310+0900] {logging_mixin.py:151} INFO - [2023-09-01T13:13:58.310+0900] {dag.py:3677} INFO - Setting next_dagrun for example_branch_labels to 2023-08-31T00:00:00+00:00, run_after=2023-09-01T00:00:00+00:00
[2023-09-01T13:13:58.321+0900] {processor.py:179} INFO - Processing /usr/local/lib/python3.8/dist-packages/airflow/example_dags/example_branch_labels.py took 0.057 seconds
[2023-09-01T13:14:41.430+0900] {processor.py:157} INFO - Started process (PID=7409) to work on /usr/local/lib/python3.8/dist-packages/airflow/example_dags/example_branch_labels.py
[2023-09-01T13:14:41.432+0900] {processor.py:829} INFO - Processing file /usr/local/lib/python3.8/dist-packages/airflow/example_dags/example_branch_labels.py for tasks to queue
[2023-09-01T13:14:41.433+0900] {logging_mixin.py:151} INFO - [2023-09-01T13:14:41.432+0900] {dagbag.py:539} INFO - Filling up the DagBag from /usr/local/lib/python3.8/dist-packages/airflow/example_dags/example_branch_labels.py
[2023-09-01T13:14:41.439+0900] {processor.py:839} INFO - DAG(s) dict_keys(['example_branch_labels']) retrieved from /usr/local/lib/python3.8/dist-packages/airflow/example_dags/example_branch_labels.py
[2023-09-01T13:14:41.453+0900] {logging_mixin.py:151} INFO - [2023-09-01T13:14:41.453+0900] {dag.py:2907} INFO - Sync 1 DAGs
[2023-09-01T13:14:41.465+0900] {logging_mixin.py:151} INFO - [2023-09-01T13:14:41.465+0900] {dag.py:3677} INFO - Setting next_dagrun for example_branch_labels to 2023-08-31T00:00:00+00:00, run_after=2023-09-01T00:00:00+00:00
[2023-09-01T13:14:41.476+0900] {processor.py:179} INFO - Processing /usr/local/lib/python3.8/dist-packages/airflow/example_dags/example_branch_labels.py took 0.050 seconds
[2023-09-01T13:15:26.067+0900] {processor.py:157} INFO - Started process (PID=7930) to work on /usr/local/lib/python3.8/dist-packages/airflow/example_dags/example_branch_labels.py
[2023-09-01T13:15:26.069+0900] {processor.py:829} INFO - Processing file /usr/local/lib/python3.8/dist-packages/airflow/example_dags/example_branch_labels.py for tasks to queue
[2023-09-01T13:15:26.070+0900] {logging_mixin.py:151} INFO - [2023-09-01T13:15:26.070+0900] {dagbag.py:539} INFO - Filling up the DagBag from /usr/local/lib/python3.8/dist-packages/airflow/example_dags/example_branch_labels.py
[2023-09-01T13:15:26.079+0900] {processor.py:839} INFO - DAG(s) dict_keys(['example_branch_labels']) retrieved from /usr/local/lib/python3.8/dist-packages/airflow/example_dags/example_branch_labels.py
[2023-09-01T13:15:26.096+0900] {logging_mixin.py:151} INFO - [2023-09-01T13:15:26.096+0900] {dag.py:2907} INFO - Sync 1 DAGs
[2023-09-01T13:15:26.110+0900] {logging_mixin.py:151} INFO - [2023-09-01T13:15:26.110+0900] {dag.py:3677} INFO - Setting next_dagrun for example_branch_labels to 2023-08-31T00:00:00+00:00, run_after=2023-09-01T00:00:00+00:00
[2023-09-01T13:15:26.123+0900] {processor.py:179} INFO - Processing /usr/local/lib/python3.8/dist-packages/airflow/example_dags/example_branch_labels.py took 0.060 seconds
[2023-09-01T13:16:13.024+0900] {processor.py:157} INFO - Started process (PID=8420) to work on /usr/local/lib/python3.8/dist-packages/airflow/example_dags/example_branch_labels.py
[2023-09-01T13:16:13.026+0900] {processor.py:829} INFO - Processing file /usr/local/lib/python3.8/dist-packages/airflow/example_dags/example_branch_labels.py for tasks to queue
[2023-09-01T13:16:13.027+0900] {logging_mixin.py:151} INFO - [2023-09-01T13:16:13.027+0900] {dagbag.py:539} INFO - Filling up the DagBag from /usr/local/lib/python3.8/dist-packages/airflow/example_dags/example_branch_labels.py
[2023-09-01T13:16:13.037+0900] {processor.py:839} INFO - DAG(s) dict_keys(['example_branch_labels']) retrieved from /usr/local/lib/python3.8/dist-packages/airflow/example_dags/example_branch_labels.py
[2023-09-01T13:16:13.054+0900] {logging_mixin.py:151} INFO - [2023-09-01T13:16:13.054+0900] {dag.py:2907} INFO - Sync 1 DAGs
[2023-09-01T13:16:13.067+0900] {logging_mixin.py:151} INFO - [2023-09-01T13:16:13.067+0900] {dag.py:3677} INFO - Setting next_dagrun for example_branch_labels to 2023-08-31T00:00:00+00:00, run_after=2023-09-01T00:00:00+00:00
[2023-09-01T13:16:13.078+0900] {processor.py:179} INFO - Processing /usr/local/lib/python3.8/dist-packages/airflow/example_dags/example_branch_labels.py took 0.058 seconds
[2023-09-01T13:16:57.589+0900] {processor.py:157} INFO - Started process (PID=8849) to work on /usr/local/lib/python3.8/dist-packages/airflow/example_dags/example_branch_labels.py
[2023-09-01T13:16:57.590+0900] {processor.py:829} INFO - Processing file /usr/local/lib/python3.8/dist-packages/airflow/example_dags/example_branch_labels.py for tasks to queue
[2023-09-01T13:16:57.592+0900] {logging_mixin.py:151} INFO - [2023-09-01T13:16:57.591+0900] {dagbag.py:539} INFO - Filling up the DagBag from /usr/local/lib/python3.8/dist-packages/airflow/example_dags/example_branch_labels.py
[2023-09-01T13:16:57.602+0900] {processor.py:839} INFO - DAG(s) dict_keys(['example_branch_labels']) retrieved from /usr/local/lib/python3.8/dist-packages/airflow/example_dags/example_branch_labels.py
[2023-09-01T13:16:57.621+0900] {logging_mixin.py:151} INFO - [2023-09-01T13:16:57.620+0900] {dag.py:2907} INFO - Sync 1 DAGs
[2023-09-01T13:16:57.634+0900] {logging_mixin.py:151} INFO - [2023-09-01T13:16:57.634+0900] {dag.py:3677} INFO - Setting next_dagrun for example_branch_labels to 2023-08-31T00:00:00+00:00, run_after=2023-09-01T00:00:00+00:00
[2023-09-01T13:16:57.645+0900] {processor.py:179} INFO - Processing /usr/local/lib/python3.8/dist-packages/airflow/example_dags/example_branch_labels.py took 0.063 seconds
[2023-09-01T13:17:45.073+0900] {processor.py:157} INFO - Started process (PID=9312) to work on /usr/local/lib/python3.8/dist-packages/airflow/example_dags/example_branch_labels.py
[2023-09-01T13:17:45.074+0900] {processor.py:829} INFO - Processing file /usr/local/lib/python3.8/dist-packages/airflow/example_dags/example_branch_labels.py for tasks to queue
[2023-09-01T13:17:45.074+0900] {logging_mixin.py:151} INFO - [2023-09-01T13:17:45.074+0900] {dagbag.py:539} INFO - Filling up the DagBag from /usr/local/lib/python3.8/dist-packages/airflow/example_dags/example_branch_labels.py
[2023-09-01T13:17:45.085+0900] {processor.py:839} INFO - DAG(s) dict_keys(['example_branch_labels']) retrieved from /usr/local/lib/python3.8/dist-packages/airflow/example_dags/example_branch_labels.py
[2023-09-01T13:17:45.104+0900] {logging_mixin.py:151} INFO - [2023-09-01T13:17:45.104+0900] {dag.py:2907} INFO - Sync 1 DAGs
[2023-09-01T13:17:45.117+0900] {logging_mixin.py:151} INFO - [2023-09-01T13:17:45.117+0900] {dag.py:3677} INFO - Setting next_dagrun for example_branch_labels to 2023-08-31T00:00:00+00:00, run_after=2023-09-01T00:00:00+00:00
[2023-09-01T13:17:45.128+0900] {processor.py:179} INFO - Processing /usr/local/lib/python3.8/dist-packages/airflow/example_dags/example_branch_labels.py took 0.062 seconds
[2023-09-01T13:18:31.117+0900] {processor.py:157} INFO - Started process (PID=9809) to work on /usr/local/lib/python3.8/dist-packages/airflow/example_dags/example_branch_labels.py
[2023-09-01T13:18:31.119+0900] {processor.py:829} INFO - Processing file /usr/local/lib/python3.8/dist-packages/airflow/example_dags/example_branch_labels.py for tasks to queue
[2023-09-01T13:18:31.120+0900] {logging_mixin.py:151} INFO - [2023-09-01T13:18:31.120+0900] {dagbag.py:539} INFO - Filling up the DagBag from /usr/local/lib/python3.8/dist-packages/airflow/example_dags/example_branch_labels.py
[2023-09-01T13:18:31.128+0900] {processor.py:839} INFO - DAG(s) dict_keys(['example_branch_labels']) retrieved from /usr/local/lib/python3.8/dist-packages/airflow/example_dags/example_branch_labels.py
[2023-09-01T13:18:31.144+0900] {logging_mixin.py:151} INFO - [2023-09-01T13:18:31.144+0900] {dag.py:2907} INFO - Sync 1 DAGs
[2023-09-01T13:18:31.155+0900] {logging_mixin.py:151} INFO - [2023-09-01T13:18:31.155+0900] {dag.py:3677} INFO - Setting next_dagrun for example_branch_labels to 2023-08-31T00:00:00+00:00, run_after=2023-09-01T00:00:00+00:00
[2023-09-01T13:18:31.165+0900] {processor.py:179} INFO - Processing /usr/local/lib/python3.8/dist-packages/airflow/example_dags/example_branch_labels.py took 0.052 seconds
[2023-09-01T13:19:15.889+0900] {processor.py:157} INFO - Started process (PID=10240) to work on /usr/local/lib/python3.8/dist-packages/airflow/example_dags/example_branch_labels.py
[2023-09-01T13:19:15.890+0900] {processor.py:829} INFO - Processing file /usr/local/lib/python3.8/dist-packages/airflow/example_dags/example_branch_labels.py for tasks to queue
[2023-09-01T13:19:15.892+0900] {logging_mixin.py:151} INFO - [2023-09-01T13:19:15.891+0900] {dagbag.py:539} INFO - Filling up the DagBag from /usr/local/lib/python3.8/dist-packages/airflow/example_dags/example_branch_labels.py
[2023-09-01T13:19:15.901+0900] {processor.py:839} INFO - DAG(s) dict_keys(['example_branch_labels']) retrieved from /usr/local/lib/python3.8/dist-packages/airflow/example_dags/example_branch_labels.py
[2023-09-01T13:19:15.918+0900] {logging_mixin.py:151} INFO - [2023-09-01T13:19:15.918+0900] {dag.py:2907} INFO - Sync 1 DAGs
[2023-09-01T13:19:15.931+0900] {logging_mixin.py:151} INFO - [2023-09-01T13:19:15.931+0900] {dag.py:3677} INFO - Setting next_dagrun for example_branch_labels to 2023-08-31T00:00:00+00:00, run_after=2023-09-01T00:00:00+00:00
[2023-09-01T13:19:15.941+0900] {processor.py:179} INFO - Processing /usr/local/lib/python3.8/dist-packages/airflow/example_dags/example_branch_labels.py took 0.057 seconds
[2023-09-01T13:20:00.921+0900] {processor.py:157} INFO - Started process (PID=10670) to work on /usr/local/lib/python3.8/dist-packages/airflow/example_dags/example_branch_labels.py
[2023-09-01T13:20:00.923+0900] {processor.py:829} INFO - Processing file /usr/local/lib/python3.8/dist-packages/airflow/example_dags/example_branch_labels.py for tasks to queue
[2023-09-01T13:20:00.924+0900] {logging_mixin.py:151} INFO - [2023-09-01T13:20:00.923+0900] {dagbag.py:539} INFO - Filling up the DagBag from /usr/local/lib/python3.8/dist-packages/airflow/example_dags/example_branch_labels.py
[2023-09-01T13:20:00.935+0900] {processor.py:839} INFO - DAG(s) dict_keys(['example_branch_labels']) retrieved from /usr/local/lib/python3.8/dist-packages/airflow/example_dags/example_branch_labels.py
[2023-09-01T13:20:00.953+0900] {logging_mixin.py:151} INFO - [2023-09-01T13:20:00.953+0900] {dag.py:2907} INFO - Sync 1 DAGs
[2023-09-01T13:20:00.967+0900] {logging_mixin.py:151} INFO - [2023-09-01T13:20:00.967+0900] {dag.py:3677} INFO - Setting next_dagrun for example_branch_labels to 2023-08-31T00:00:00+00:00, run_after=2023-09-01T00:00:00+00:00
[2023-09-01T13:20:00.978+0900] {processor.py:179} INFO - Processing /usr/local/lib/python3.8/dist-packages/airflow/example_dags/example_branch_labels.py took 0.063 seconds
[2023-09-01T13:20:45.228+0900] {processor.py:157} INFO - Started process (PID=11127) to work on /usr/local/lib/python3.8/dist-packages/airflow/example_dags/example_branch_labels.py
[2023-09-01T13:20:45.230+0900] {processor.py:829} INFO - Processing file /usr/local/lib/python3.8/dist-packages/airflow/example_dags/example_branch_labels.py for tasks to queue
[2023-09-01T13:20:45.231+0900] {logging_mixin.py:151} INFO - [2023-09-01T13:20:45.230+0900] {dagbag.py:539} INFO - Filling up the DagBag from /usr/local/lib/python3.8/dist-packages/airflow/example_dags/example_branch_labels.py
[2023-09-01T13:20:45.244+0900] {processor.py:839} INFO - DAG(s) dict_keys(['example_branch_labels']) retrieved from /usr/local/lib/python3.8/dist-packages/airflow/example_dags/example_branch_labels.py
[2023-09-01T13:20:45.274+0900] {logging_mixin.py:151} INFO - [2023-09-01T13:20:45.274+0900] {dag.py:2907} INFO - Sync 1 DAGs
[2023-09-01T13:20:45.300+0900] {logging_mixin.py:151} INFO - [2023-09-01T13:20:45.300+0900] {dag.py:3677} INFO - Setting next_dagrun for example_branch_labels to 2023-08-31T00:00:00+00:00, run_after=2023-09-01T00:00:00+00:00
[2023-09-01T13:20:45.314+0900] {processor.py:179} INFO - Processing /usr/local/lib/python3.8/dist-packages/airflow/example_dags/example_branch_labels.py took 0.092 seconds
[2023-09-01T13:21:49.365+0900] {processor.py:157} INFO - Started process (PID=11668) to work on /usr/local/lib/python3.8/dist-packages/airflow/example_dags/example_branch_labels.py
[2023-09-01T13:21:49.367+0900] {processor.py:829} INFO - Processing file /usr/local/lib/python3.8/dist-packages/airflow/example_dags/example_branch_labels.py for tasks to queue
[2023-09-01T13:21:49.368+0900] {logging_mixin.py:151} INFO - [2023-09-01T13:21:49.367+0900] {dagbag.py:539} INFO - Filling up the DagBag from /usr/local/lib/python3.8/dist-packages/airflow/example_dags/example_branch_labels.py
[2023-09-01T13:21:49.378+0900] {processor.py:839} INFO - DAG(s) dict_keys(['example_branch_labels']) retrieved from /usr/local/lib/python3.8/dist-packages/airflow/example_dags/example_branch_labels.py
[2023-09-01T13:21:49.396+0900] {logging_mixin.py:151} INFO - [2023-09-01T13:21:49.396+0900] {dag.py:2907} INFO - Sync 1 DAGs
[2023-09-01T13:21:49.409+0900] {logging_mixin.py:151} INFO - [2023-09-01T13:21:49.408+0900] {dag.py:3677} INFO - Setting next_dagrun for example_branch_labels to 2023-08-31T00:00:00+00:00, run_after=2023-09-01T00:00:00+00:00
[2023-09-01T13:21:49.419+0900] {processor.py:179} INFO - Processing /usr/local/lib/python3.8/dist-packages/airflow/example_dags/example_branch_labels.py took 0.059 seconds
[2023-09-01T13:22:33.305+0900] {processor.py:157} INFO - Started process (PID=12099) to work on /usr/local/lib/python3.8/dist-packages/airflow/example_dags/example_branch_labels.py
[2023-09-01T13:22:33.306+0900] {processor.py:829} INFO - Processing file /usr/local/lib/python3.8/dist-packages/airflow/example_dags/example_branch_labels.py for tasks to queue
[2023-09-01T13:22:33.307+0900] {logging_mixin.py:151} INFO - [2023-09-01T13:22:33.306+0900] {dagbag.py:539} INFO - Filling up the DagBag from /usr/local/lib/python3.8/dist-packages/airflow/example_dags/example_branch_labels.py
[2023-09-01T13:22:33.311+0900] {processor.py:839} INFO - DAG(s) dict_keys(['example_branch_labels']) retrieved from /usr/local/lib/python3.8/dist-packages/airflow/example_dags/example_branch_labels.py
[2023-09-01T13:22:33.325+0900] {logging_mixin.py:151} INFO - [2023-09-01T13:22:33.325+0900] {dag.py:2907} INFO - Sync 1 DAGs
[2023-09-01T13:22:33.337+0900] {logging_mixin.py:151} INFO - [2023-09-01T13:22:33.336+0900] {dag.py:3677} INFO - Setting next_dagrun for example_branch_labels to 2023-08-31T00:00:00+00:00, run_after=2023-09-01T00:00:00+00:00
[2023-09-01T13:22:33.346+0900] {processor.py:179} INFO - Processing /usr/local/lib/python3.8/dist-packages/airflow/example_dags/example_branch_labels.py took 0.045 seconds
[2023-09-01T13:23:27.030+0900] {processor.py:157} INFO - Started process (PID=12644) to work on /usr/local/lib/python3.8/dist-packages/airflow/example_dags/example_branch_labels.py
[2023-09-01T13:23:27.032+0900] {processor.py:829} INFO - Processing file /usr/local/lib/python3.8/dist-packages/airflow/example_dags/example_branch_labels.py for tasks to queue
[2023-09-01T13:23:27.033+0900] {logging_mixin.py:151} INFO - [2023-09-01T13:23:27.033+0900] {dagbag.py:539} INFO - Filling up the DagBag from /usr/local/lib/python3.8/dist-packages/airflow/example_dags/example_branch_labels.py
[2023-09-01T13:23:27.039+0900] {processor.py:839} INFO - DAG(s) dict_keys(['example_branch_labels']) retrieved from /usr/local/lib/python3.8/dist-packages/airflow/example_dags/example_branch_labels.py
[2023-09-01T13:23:27.048+0900] {logging_mixin.py:151} INFO - [2023-09-01T13:23:27.048+0900] {dag.py:2907} INFO - Sync 1 DAGs
[2023-09-01T13:23:27.058+0900] {logging_mixin.py:151} INFO - [2023-09-01T13:23:27.057+0900] {dag.py:3677} INFO - Setting next_dagrun for example_branch_labels to 2023-08-31T00:00:00+00:00, run_after=2023-09-01T00:00:00+00:00
[2023-09-01T13:23:27.066+0900] {processor.py:179} INFO - Processing /usr/local/lib/python3.8/dist-packages/airflow/example_dags/example_branch_labels.py took 0.039 seconds
[2023-09-01T13:24:11.141+0900] {processor.py:157} INFO - Started process (PID=13063) to work on /usr/local/lib/python3.8/dist-packages/airflow/example_dags/example_branch_labels.py
[2023-09-01T13:24:11.143+0900] {processor.py:829} INFO - Processing file /usr/local/lib/python3.8/dist-packages/airflow/example_dags/example_branch_labels.py for tasks to queue
[2023-09-01T13:24:11.145+0900] {logging_mixin.py:151} INFO - [2023-09-01T13:24:11.144+0900] {dagbag.py:539} INFO - Filling up the DagBag from /usr/local/lib/python3.8/dist-packages/airflow/example_dags/example_branch_labels.py
[2023-09-01T13:24:11.154+0900] {processor.py:839} INFO - DAG(s) dict_keys(['example_branch_labels']) retrieved from /usr/local/lib/python3.8/dist-packages/airflow/example_dags/example_branch_labels.py
[2023-09-01T13:24:11.170+0900] {logging_mixin.py:151} INFO - [2023-09-01T13:24:11.170+0900] {dag.py:2907} INFO - Sync 1 DAGs
[2023-09-01T13:24:11.183+0900] {logging_mixin.py:151} INFO - [2023-09-01T13:24:11.183+0900] {dag.py:3677} INFO - Setting next_dagrun for example_branch_labels to 2023-08-31T00:00:00+00:00, run_after=2023-09-01T00:00:00+00:00
[2023-09-01T13:24:11.193+0900] {processor.py:179} INFO - Processing /usr/local/lib/python3.8/dist-packages/airflow/example_dags/example_branch_labels.py took 0.057 seconds
[2023-09-01T13:24:58.255+0900] {processor.py:157} INFO - Started process (PID=13549) to work on /usr/local/lib/python3.8/dist-packages/airflow/example_dags/example_branch_labels.py
[2023-09-01T13:24:58.257+0900] {processor.py:829} INFO - Processing file /usr/local/lib/python3.8/dist-packages/airflow/example_dags/example_branch_labels.py for tasks to queue
[2023-09-01T13:24:58.258+0900] {logging_mixin.py:151} INFO - [2023-09-01T13:24:58.257+0900] {dagbag.py:539} INFO - Filling up the DagBag from /usr/local/lib/python3.8/dist-packages/airflow/example_dags/example_branch_labels.py
[2023-09-01T13:24:58.269+0900] {processor.py:839} INFO - DAG(s) dict_keys(['example_branch_labels']) retrieved from /usr/local/lib/python3.8/dist-packages/airflow/example_dags/example_branch_labels.py
[2023-09-01T13:24:58.288+0900] {logging_mixin.py:151} INFO - [2023-09-01T13:24:58.287+0900] {dag.py:2907} INFO - Sync 1 DAGs
[2023-09-01T13:24:58.300+0900] {logging_mixin.py:151} INFO - [2023-09-01T13:24:58.300+0900] {dag.py:3677} INFO - Setting next_dagrun for example_branch_labels to 2023-08-31T00:00:00+00:00, run_after=2023-09-01T00:00:00+00:00
[2023-09-01T13:24:58.310+0900] {processor.py:179} INFO - Processing /usr/local/lib/python3.8/dist-packages/airflow/example_dags/example_branch_labels.py took 0.062 seconds
[2023-09-01T13:26:22.290+0900] {processor.py:157} INFO - Started process (PID=14649) to work on /usr/local/lib/python3.8/dist-packages/airflow/example_dags/example_branch_labels.py
[2023-09-01T13:26:22.290+0900] {processor.py:829} INFO - Processing file /usr/local/lib/python3.8/dist-packages/airflow/example_dags/example_branch_labels.py for tasks to queue
[2023-09-01T13:26:22.291+0900] {logging_mixin.py:151} INFO - [2023-09-01T13:26:22.291+0900] {dagbag.py:539} INFO - Filling up the DagBag from /usr/local/lib/python3.8/dist-packages/airflow/example_dags/example_branch_labels.py
[2023-09-01T13:26:22.296+0900] {processor.py:839} INFO - DAG(s) dict_keys(['example_branch_labels']) retrieved from /usr/local/lib/python3.8/dist-packages/airflow/example_dags/example_branch_labels.py
[2023-09-01T13:26:22.306+0900] {logging_mixin.py:151} INFO - [2023-09-01T13:26:22.306+0900] {dag.py:2907} INFO - Sync 1 DAGs
[2023-09-01T13:26:22.316+0900] {logging_mixin.py:151} INFO - [2023-09-01T13:26:22.316+0900] {dag.py:3677} INFO - Setting next_dagrun for example_branch_labels to 2023-08-31T00:00:00+00:00, run_after=2023-09-01T00:00:00+00:00
[2023-09-01T13:26:22.325+0900] {processor.py:179} INFO - Processing /usr/local/lib/python3.8/dist-packages/airflow/example_dags/example_branch_labels.py took 0.038 seconds
[2023-09-01T13:27:07.377+0900] {processor.py:157} INFO - Started process (PID=15085) to work on /usr/local/lib/python3.8/dist-packages/airflow/example_dags/example_branch_labels.py
[2023-09-01T13:27:07.378+0900] {processor.py:829} INFO - Processing file /usr/local/lib/python3.8/dist-packages/airflow/example_dags/example_branch_labels.py for tasks to queue
[2023-09-01T13:27:07.380+0900] {logging_mixin.py:151} INFO - [2023-09-01T13:27:07.379+0900] {dagbag.py:539} INFO - Filling up the DagBag from /usr/local/lib/python3.8/dist-packages/airflow/example_dags/example_branch_labels.py
[2023-09-01T13:27:07.389+0900] {processor.py:839} INFO - DAG(s) dict_keys(['example_branch_labels']) retrieved from /usr/local/lib/python3.8/dist-packages/airflow/example_dags/example_branch_labels.py
[2023-09-01T13:27:07.406+0900] {logging_mixin.py:151} INFO - [2023-09-01T13:27:07.405+0900] {dag.py:2907} INFO - Sync 1 DAGs
[2023-09-01T13:27:07.418+0900] {logging_mixin.py:151} INFO - [2023-09-01T13:27:07.418+0900] {dag.py:3677} INFO - Setting next_dagrun for example_branch_labels to 2023-08-31T00:00:00+00:00, run_after=2023-09-01T00:00:00+00:00
[2023-09-01T13:27:07.428+0900] {processor.py:179} INFO - Processing /usr/local/lib/python3.8/dist-packages/airflow/example_dags/example_branch_labels.py took 0.056 seconds
[2023-09-01T13:27:52.370+0900] {processor.py:157} INFO - Started process (PID=15519) to work on /usr/local/lib/python3.8/dist-packages/airflow/example_dags/example_branch_labels.py
[2023-09-01T13:27:52.371+0900] {processor.py:829} INFO - Processing file /usr/local/lib/python3.8/dist-packages/airflow/example_dags/example_branch_labels.py for tasks to queue
[2023-09-01T13:27:52.372+0900] {logging_mixin.py:151} INFO - [2023-09-01T13:27:52.371+0900] {dagbag.py:539} INFO - Filling up the DagBag from /usr/local/lib/python3.8/dist-packages/airflow/example_dags/example_branch_labels.py
[2023-09-01T13:27:52.379+0900] {processor.py:839} INFO - DAG(s) dict_keys(['example_branch_labels']) retrieved from /usr/local/lib/python3.8/dist-packages/airflow/example_dags/example_branch_labels.py
[2023-09-01T13:27:52.393+0900] {logging_mixin.py:151} INFO - [2023-09-01T13:27:52.393+0900] {dag.py:2907} INFO - Sync 1 DAGs
[2023-09-01T13:27:52.403+0900] {logging_mixin.py:151} INFO - [2023-09-01T13:27:52.403+0900] {dag.py:3677} INFO - Setting next_dagrun for example_branch_labels to 2023-08-31T00:00:00+00:00, run_after=2023-09-01T00:00:00+00:00
[2023-09-01T13:27:52.413+0900] {processor.py:179} INFO - Processing /usr/local/lib/python3.8/dist-packages/airflow/example_dags/example_branch_labels.py took 0.047 seconds
[2023-09-01T13:28:37.181+0900] {processor.py:157} INFO - Started process (PID=15951) to work on /usr/local/lib/python3.8/dist-packages/airflow/example_dags/example_branch_labels.py
[2023-09-01T13:28:37.182+0900] {processor.py:829} INFO - Processing file /usr/local/lib/python3.8/dist-packages/airflow/example_dags/example_branch_labels.py for tasks to queue
[2023-09-01T13:28:37.184+0900] {logging_mixin.py:151} INFO - [2023-09-01T13:28:37.183+0900] {dagbag.py:539} INFO - Filling up the DagBag from /usr/local/lib/python3.8/dist-packages/airflow/example_dags/example_branch_labels.py
[2023-09-01T13:28:37.193+0900] {processor.py:839} INFO - DAG(s) dict_keys(['example_branch_labels']) retrieved from /usr/local/lib/python3.8/dist-packages/airflow/example_dags/example_branch_labels.py
[2023-09-01T13:28:37.210+0900] {logging_mixin.py:151} INFO - [2023-09-01T13:28:37.210+0900] {dag.py:2907} INFO - Sync 1 DAGs
[2023-09-01T13:28:37.223+0900] {logging_mixin.py:151} INFO - [2023-09-01T13:28:37.223+0900] {dag.py:3677} INFO - Setting next_dagrun for example_branch_labels to 2023-08-31T00:00:00+00:00, run_after=2023-09-01T00:00:00+00:00
[2023-09-01T13:28:37.234+0900] {processor.py:179} INFO - Processing /usr/local/lib/python3.8/dist-packages/airflow/example_dags/example_branch_labels.py took 0.059 seconds
[2023-09-01T13:29:25.337+0900] {processor.py:157} INFO - Started process (PID=16442) to work on /usr/local/lib/python3.8/dist-packages/airflow/example_dags/example_branch_labels.py
[2023-09-01T13:29:25.337+0900] {processor.py:829} INFO - Processing file /usr/local/lib/python3.8/dist-packages/airflow/example_dags/example_branch_labels.py for tasks to queue
[2023-09-01T13:29:25.338+0900] {logging_mixin.py:151} INFO - [2023-09-01T13:29:25.337+0900] {dagbag.py:539} INFO - Filling up the DagBag from /usr/local/lib/python3.8/dist-packages/airflow/example_dags/example_branch_labels.py
[2023-09-01T13:29:25.343+0900] {processor.py:839} INFO - DAG(s) dict_keys(['example_branch_labels']) retrieved from /usr/local/lib/python3.8/dist-packages/airflow/example_dags/example_branch_labels.py
[2023-09-01T13:29:25.354+0900] {logging_mixin.py:151} INFO - [2023-09-01T13:29:25.354+0900] {dag.py:2907} INFO - Sync 1 DAGs
[2023-09-01T13:29:25.364+0900] {logging_mixin.py:151} INFO - [2023-09-01T13:29:25.364+0900] {dag.py:3677} INFO - Setting next_dagrun for example_branch_labels to 2023-08-31T00:00:00+00:00, run_after=2023-09-01T00:00:00+00:00
[2023-09-01T13:29:25.375+0900] {processor.py:179} INFO - Processing /usr/local/lib/python3.8/dist-packages/airflow/example_dags/example_branch_labels.py took 0.040 seconds
[2023-09-01T13:30:13.183+0900] {processor.py:157} INFO - Started process (PID=16910) to work on /usr/local/lib/python3.8/dist-packages/airflow/example_dags/example_branch_labels.py
[2023-09-01T13:30:13.184+0900] {processor.py:829} INFO - Processing file /usr/local/lib/python3.8/dist-packages/airflow/example_dags/example_branch_labels.py for tasks to queue
[2023-09-01T13:30:13.184+0900] {logging_mixin.py:151} INFO - [2023-09-01T13:30:13.184+0900] {dagbag.py:539} INFO - Filling up the DagBag from /usr/local/lib/python3.8/dist-packages/airflow/example_dags/example_branch_labels.py
[2023-09-01T13:30:13.191+0900] {processor.py:839} INFO - DAG(s) dict_keys(['example_branch_labels']) retrieved from /usr/local/lib/python3.8/dist-packages/airflow/example_dags/example_branch_labels.py
[2023-09-01T13:30:13.203+0900] {logging_mixin.py:151} INFO - [2023-09-01T13:30:13.203+0900] {dag.py:2907} INFO - Sync 1 DAGs
[2023-09-01T13:30:13.214+0900] {logging_mixin.py:151} INFO - [2023-09-01T13:30:13.214+0900] {dag.py:3677} INFO - Setting next_dagrun for example_branch_labels to 2023-08-31T00:00:00+00:00, run_after=2023-09-01T00:00:00+00:00
[2023-09-01T13:30:13.224+0900] {processor.py:179} INFO - Processing /usr/local/lib/python3.8/dist-packages/airflow/example_dags/example_branch_labels.py took 0.044 seconds
[2023-09-01T13:30:57.182+0900] {processor.py:157} INFO - Started process (PID=17333) to work on /usr/local/lib/python3.8/dist-packages/airflow/example_dags/example_branch_labels.py
[2023-09-01T13:30:57.184+0900] {processor.py:829} INFO - Processing file /usr/local/lib/python3.8/dist-packages/airflow/example_dags/example_branch_labels.py for tasks to queue
[2023-09-01T13:30:57.186+0900] {logging_mixin.py:151} INFO - [2023-09-01T13:30:57.185+0900] {dagbag.py:539} INFO - Filling up the DagBag from /usr/local/lib/python3.8/dist-packages/airflow/example_dags/example_branch_labels.py
[2023-09-01T13:30:57.195+0900] {processor.py:839} INFO - DAG(s) dict_keys(['example_branch_labels']) retrieved from /usr/local/lib/python3.8/dist-packages/airflow/example_dags/example_branch_labels.py
[2023-09-01T13:30:57.212+0900] {logging_mixin.py:151} INFO - [2023-09-01T13:30:57.212+0900] {dag.py:2907} INFO - Sync 1 DAGs
[2023-09-01T13:30:57.225+0900] {logging_mixin.py:151} INFO - [2023-09-01T13:30:57.225+0900] {dag.py:3677} INFO - Setting next_dagrun for example_branch_labels to 2023-08-31T00:00:00+00:00, run_after=2023-09-01T00:00:00+00:00
[2023-09-01T13:30:57.236+0900] {processor.py:179} INFO - Processing /usr/local/lib/python3.8/dist-packages/airflow/example_dags/example_branch_labels.py took 0.059 seconds
[2023-09-01T13:31:39.085+0900] {processor.py:157} INFO - Started process (PID=17733) to work on /usr/local/lib/python3.8/dist-packages/airflow/example_dags/example_branch_labels.py
[2023-09-01T13:31:39.086+0900] {processor.py:829} INFO - Processing file /usr/local/lib/python3.8/dist-packages/airflow/example_dags/example_branch_labels.py for tasks to queue
[2023-09-01T13:31:39.087+0900] {logging_mixin.py:151} INFO - [2023-09-01T13:31:39.086+0900] {dagbag.py:539} INFO - Filling up the DagBag from /usr/local/lib/python3.8/dist-packages/airflow/example_dags/example_branch_labels.py
[2023-09-01T13:31:39.091+0900] {processor.py:839} INFO - DAG(s) dict_keys(['example_branch_labels']) retrieved from /usr/local/lib/python3.8/dist-packages/airflow/example_dags/example_branch_labels.py
[2023-09-01T13:31:39.099+0900] {logging_mixin.py:151} INFO - [2023-09-01T13:31:39.099+0900] {dag.py:2907} INFO - Sync 1 DAGs
[2023-09-01T13:31:39.107+0900] {logging_mixin.py:151} INFO - [2023-09-01T13:31:39.107+0900] {dag.py:3677} INFO - Setting next_dagrun for example_branch_labels to 2023-08-31T00:00:00+00:00, run_after=2023-09-01T00:00:00+00:00
[2023-09-01T13:31:39.117+0900] {processor.py:179} INFO - Processing /usr/local/lib/python3.8/dist-packages/airflow/example_dags/example_branch_labels.py took 0.033 seconds
[2023-09-01T13:32:25.107+0900] {processor.py:157} INFO - Started process (PID=18188) to work on /usr/local/lib/python3.8/dist-packages/airflow/example_dags/example_branch_labels.py
[2023-09-01T13:32:25.108+0900] {processor.py:829} INFO - Processing file /usr/local/lib/python3.8/dist-packages/airflow/example_dags/example_branch_labels.py for tasks to queue
[2023-09-01T13:32:25.109+0900] {logging_mixin.py:151} INFO - [2023-09-01T13:32:25.108+0900] {dagbag.py:539} INFO - Filling up the DagBag from /usr/local/lib/python3.8/dist-packages/airflow/example_dags/example_branch_labels.py
[2023-09-01T13:32:25.116+0900] {processor.py:839} INFO - DAG(s) dict_keys(['example_branch_labels']) retrieved from /usr/local/lib/python3.8/dist-packages/airflow/example_dags/example_branch_labels.py
[2023-09-01T13:32:25.130+0900] {logging_mixin.py:151} INFO - [2023-09-01T13:32:25.129+0900] {dag.py:2907} INFO - Sync 1 DAGs
[2023-09-01T13:32:25.141+0900] {logging_mixin.py:151} INFO - [2023-09-01T13:32:25.141+0900] {dag.py:3677} INFO - Setting next_dagrun for example_branch_labels to 2023-08-31T00:00:00+00:00, run_after=2023-09-01T00:00:00+00:00
[2023-09-01T13:32:25.151+0900] {processor.py:179} INFO - Processing /usr/local/lib/python3.8/dist-packages/airflow/example_dags/example_branch_labels.py took 0.047 seconds
[2023-09-01T13:33:08.781+0900] {processor.py:157} INFO - Started process (PID=18613) to work on /usr/local/lib/python3.8/dist-packages/airflow/example_dags/example_branch_labels.py
[2023-09-01T13:33:08.782+0900] {processor.py:829} INFO - Processing file /usr/local/lib/python3.8/dist-packages/airflow/example_dags/example_branch_labels.py for tasks to queue
[2023-09-01T13:33:08.784+0900] {logging_mixin.py:151} INFO - [2023-09-01T13:33:08.783+0900] {dagbag.py:539} INFO - Filling up the DagBag from /usr/local/lib/python3.8/dist-packages/airflow/example_dags/example_branch_labels.py
[2023-09-01T13:33:08.794+0900] {processor.py:839} INFO - DAG(s) dict_keys(['example_branch_labels']) retrieved from /usr/local/lib/python3.8/dist-packages/airflow/example_dags/example_branch_labels.py
[2023-09-01T13:33:08.811+0900] {logging_mixin.py:151} INFO - [2023-09-01T13:33:08.811+0900] {dag.py:2907} INFO - Sync 1 DAGs
[2023-09-01T13:33:08.823+0900] {logging_mixin.py:151} INFO - [2023-09-01T13:33:08.823+0900] {dag.py:3677} INFO - Setting next_dagrun for example_branch_labels to 2023-08-31T00:00:00+00:00, run_after=2023-09-01T00:00:00+00:00
[2023-09-01T13:33:08.834+0900] {processor.py:179} INFO - Processing /usr/local/lib/python3.8/dist-packages/airflow/example_dags/example_branch_labels.py took 0.058 seconds
[2023-09-01T13:33:57.749+0900] {processor.py:157} INFO - Started process (PID=19104) to work on /usr/local/lib/python3.8/dist-packages/airflow/example_dags/example_branch_labels.py
[2023-09-01T13:33:57.750+0900] {processor.py:829} INFO - Processing file /usr/local/lib/python3.8/dist-packages/airflow/example_dags/example_branch_labels.py for tasks to queue
[2023-09-01T13:33:57.750+0900] {logging_mixin.py:151} INFO - [2023-09-01T13:33:57.750+0900] {dagbag.py:539} INFO - Filling up the DagBag from /usr/local/lib/python3.8/dist-packages/airflow/example_dags/example_branch_labels.py
[2023-09-01T13:33:57.754+0900] {processor.py:839} INFO - DAG(s) dict_keys(['example_branch_labels']) retrieved from /usr/local/lib/python3.8/dist-packages/airflow/example_dags/example_branch_labels.py
[2023-09-01T13:33:57.763+0900] {logging_mixin.py:151} INFO - [2023-09-01T13:33:57.763+0900] {dag.py:2907} INFO - Sync 1 DAGs
[2023-09-01T13:33:57.771+0900] {logging_mixin.py:151} INFO - [2023-09-01T13:33:57.771+0900] {dag.py:3677} INFO - Setting next_dagrun for example_branch_labels to 2023-08-31T00:00:00+00:00, run_after=2023-09-01T00:00:00+00:00
[2023-09-01T13:33:57.780+0900] {processor.py:179} INFO - Processing /usr/local/lib/python3.8/dist-packages/airflow/example_dags/example_branch_labels.py took 0.033 seconds
[2023-09-01T13:34:43.502+0900] {processor.py:157} INFO - Started process (PID=19543) to work on /usr/local/lib/python3.8/dist-packages/airflow/example_dags/example_branch_labels.py
[2023-09-01T13:34:43.503+0900] {processor.py:829} INFO - Processing file /usr/local/lib/python3.8/dist-packages/airflow/example_dags/example_branch_labels.py for tasks to queue
[2023-09-01T13:34:43.504+0900] {logging_mixin.py:151} INFO - [2023-09-01T13:34:43.503+0900] {dagbag.py:539} INFO - Filling up the DagBag from /usr/local/lib/python3.8/dist-packages/airflow/example_dags/example_branch_labels.py
[2023-09-01T13:34:43.509+0900] {processor.py:839} INFO - DAG(s) dict_keys(['example_branch_labels']) retrieved from /usr/local/lib/python3.8/dist-packages/airflow/example_dags/example_branch_labels.py
[2023-09-01T13:34:43.520+0900] {logging_mixin.py:151} INFO - [2023-09-01T13:34:43.519+0900] {dag.py:2907} INFO - Sync 1 DAGs
[2023-09-01T13:34:43.529+0900] {logging_mixin.py:151} INFO - [2023-09-01T13:34:43.529+0900] {dag.py:3677} INFO - Setting next_dagrun for example_branch_labels to 2023-08-31T00:00:00+00:00, run_after=2023-09-01T00:00:00+00:00
[2023-09-01T13:34:43.539+0900] {processor.py:179} INFO - Processing /usr/local/lib/python3.8/dist-packages/airflow/example_dags/example_branch_labels.py took 0.039 seconds
[2023-09-01T13:35:26.216+0900] {processor.py:157} INFO - Started process (PID=19964) to work on /usr/local/lib/python3.8/dist-packages/airflow/example_dags/example_branch_labels.py
[2023-09-01T13:35:26.219+0900] {processor.py:829} INFO - Processing file /usr/local/lib/python3.8/dist-packages/airflow/example_dags/example_branch_labels.py for tasks to queue
[2023-09-01T13:35:26.221+0900] {logging_mixin.py:151} INFO - [2023-09-01T13:35:26.220+0900] {dagbag.py:539} INFO - Filling up the DagBag from /usr/local/lib/python3.8/dist-packages/airflow/example_dags/example_branch_labels.py
[2023-09-01T13:35:26.232+0900] {processor.py:839} INFO - DAG(s) dict_keys(['example_branch_labels']) retrieved from /usr/local/lib/python3.8/dist-packages/airflow/example_dags/example_branch_labels.py
[2023-09-01T13:35:26.249+0900] {logging_mixin.py:151} INFO - [2023-09-01T13:35:26.249+0900] {dag.py:2907} INFO - Sync 1 DAGs
[2023-09-01T13:35:26.262+0900] {logging_mixin.py:151} INFO - [2023-09-01T13:35:26.262+0900] {dag.py:3677} INFO - Setting next_dagrun for example_branch_labels to 2023-08-31T00:00:00+00:00, run_after=2023-09-01T00:00:00+00:00
[2023-09-01T13:35:26.272+0900] {processor.py:179} INFO - Processing /usr/local/lib/python3.8/dist-packages/airflow/example_dags/example_branch_labels.py took 0.062 seconds
[2023-09-01T13:36:10.566+0900] {processor.py:157} INFO - Started process (PID=20394) to work on /usr/local/lib/python3.8/dist-packages/airflow/example_dags/example_branch_labels.py
[2023-09-01T13:36:10.568+0900] {processor.py:829} INFO - Processing file /usr/local/lib/python3.8/dist-packages/airflow/example_dags/example_branch_labels.py for tasks to queue
[2023-09-01T13:36:10.570+0900] {logging_mixin.py:151} INFO - [2023-09-01T13:36:10.569+0900] {dagbag.py:539} INFO - Filling up the DagBag from /usr/local/lib/python3.8/dist-packages/airflow/example_dags/example_branch_labels.py
[2023-09-01T13:36:10.581+0900] {processor.py:839} INFO - DAG(s) dict_keys(['example_branch_labels']) retrieved from /usr/local/lib/python3.8/dist-packages/airflow/example_dags/example_branch_labels.py
[2023-09-01T13:36:10.597+0900] {logging_mixin.py:151} INFO - [2023-09-01T13:36:10.597+0900] {dag.py:2907} INFO - Sync 1 DAGs
[2023-09-01T13:36:10.613+0900] {logging_mixin.py:151} INFO - [2023-09-01T13:36:10.613+0900] {dag.py:3677} INFO - Setting next_dagrun for example_branch_labels to 2023-08-31T00:00:00+00:00, run_after=2023-09-01T00:00:00+00:00
[2023-09-01T13:36:10.624+0900] {processor.py:179} INFO - Processing /usr/local/lib/python3.8/dist-packages/airflow/example_dags/example_branch_labels.py took 0.063 seconds
[2023-09-01T13:36:59.018+0900] {processor.py:157} INFO - Started process (PID=20858) to work on /usr/local/lib/python3.8/dist-packages/airflow/example_dags/example_branch_labels.py
[2023-09-01T13:36:59.020+0900] {processor.py:829} INFO - Processing file /usr/local/lib/python3.8/dist-packages/airflow/example_dags/example_branch_labels.py for tasks to queue
[2023-09-01T13:36:59.021+0900] {logging_mixin.py:151} INFO - [2023-09-01T13:36:59.020+0900] {dagbag.py:539} INFO - Filling up the DagBag from /usr/local/lib/python3.8/dist-packages/airflow/example_dags/example_branch_labels.py
[2023-09-01T13:36:59.031+0900] {processor.py:839} INFO - DAG(s) dict_keys(['example_branch_labels']) retrieved from /usr/local/lib/python3.8/dist-packages/airflow/example_dags/example_branch_labels.py
[2023-09-01T13:36:59.049+0900] {logging_mixin.py:151} INFO - [2023-09-01T13:36:59.048+0900] {dag.py:2907} INFO - Sync 1 DAGs
[2023-09-01T13:36:59.061+0900] {logging_mixin.py:151} INFO - [2023-09-01T13:36:59.061+0900] {dag.py:3677} INFO - Setting next_dagrun for example_branch_labels to 2023-08-31T00:00:00+00:00, run_after=2023-09-01T00:00:00+00:00
[2023-09-01T13:36:59.073+0900] {processor.py:179} INFO - Processing /usr/local/lib/python3.8/dist-packages/airflow/example_dags/example_branch_labels.py took 0.060 seconds
[2023-09-01T13:37:44.995+0900] {processor.py:157} INFO - Started process (PID=21301) to work on /usr/local/lib/python3.8/dist-packages/airflow/example_dags/example_branch_labels.py
[2023-09-01T13:37:44.996+0900] {processor.py:829} INFO - Processing file /usr/local/lib/python3.8/dist-packages/airflow/example_dags/example_branch_labels.py for tasks to queue
[2023-09-01T13:37:44.997+0900] {logging_mixin.py:151} INFO - [2023-09-01T13:37:44.996+0900] {dagbag.py:539} INFO - Filling up the DagBag from /usr/local/lib/python3.8/dist-packages/airflow/example_dags/example_branch_labels.py
[2023-09-01T13:37:45.003+0900] {processor.py:839} INFO - DAG(s) dict_keys(['example_branch_labels']) retrieved from /usr/local/lib/python3.8/dist-packages/airflow/example_dags/example_branch_labels.py
[2023-09-01T13:37:45.013+0900] {logging_mixin.py:151} INFO - [2023-09-01T13:37:45.013+0900] {dag.py:2907} INFO - Sync 1 DAGs
[2023-09-01T13:37:45.022+0900] {logging_mixin.py:151} INFO - [2023-09-01T13:37:45.022+0900] {dag.py:3677} INFO - Setting next_dagrun for example_branch_labels to 2023-08-31T00:00:00+00:00, run_after=2023-09-01T00:00:00+00:00
[2023-09-01T13:37:45.032+0900] {processor.py:179} INFO - Processing /usr/local/lib/python3.8/dist-packages/airflow/example_dags/example_branch_labels.py took 0.039 seconds
[2023-09-01T13:38:29.645+0900] {processor.py:157} INFO - Started process (PID=21736) to work on /usr/local/lib/python3.8/dist-packages/airflow/example_dags/example_branch_labels.py
[2023-09-01T13:38:29.647+0900] {processor.py:829} INFO - Processing file /usr/local/lib/python3.8/dist-packages/airflow/example_dags/example_branch_labels.py for tasks to queue
[2023-09-01T13:38:29.648+0900] {logging_mixin.py:151} INFO - [2023-09-01T13:38:29.647+0900] {dagbag.py:539} INFO - Filling up the DagBag from /usr/local/lib/python3.8/dist-packages/airflow/example_dags/example_branch_labels.py
[2023-09-01T13:38:29.658+0900] {processor.py:839} INFO - DAG(s) dict_keys(['example_branch_labels']) retrieved from /usr/local/lib/python3.8/dist-packages/airflow/example_dags/example_branch_labels.py
[2023-09-01T13:38:29.674+0900] {logging_mixin.py:151} INFO - [2023-09-01T13:38:29.674+0900] {dag.py:2907} INFO - Sync 1 DAGs
[2023-09-01T13:38:29.687+0900] {logging_mixin.py:151} INFO - [2023-09-01T13:38:29.687+0900] {dag.py:3677} INFO - Setting next_dagrun for example_branch_labels to 2023-08-31T00:00:00+00:00, run_after=2023-09-01T00:00:00+00:00
[2023-09-01T13:38:29.697+0900] {processor.py:179} INFO - Processing /usr/local/lib/python3.8/dist-packages/airflow/example_dags/example_branch_labels.py took 0.058 seconds
