[2023-09-01T13:07:48.833+0900] {processor.py:157} INFO - Started process (PID=2131) to work on /usr/local/lib/python3.8/dist-packages/airflow/example_dags/example_params_trigger_ui.py
[2023-09-01T13:07:48.834+0900] {processor.py:829} INFO - Processing file /usr/local/lib/python3.8/dist-packages/airflow/example_dags/example_params_trigger_ui.py for tasks to queue
[2023-09-01T13:07:48.836+0900] {logging_mixin.py:151} INFO - [2023-09-01T13:07:48.835+0900] {dagbag.py:539} INFO - Filling up the DagBag from /usr/local/lib/python3.8/dist-packages/airflow/example_dags/example_params_trigger_ui.py
[2023-09-01T13:07:48.854+0900] {processor.py:839} INFO - DAG(s) dict_keys(['example_params_trigger_ui']) retrieved from /usr/local/lib/python3.8/dist-packages/airflow/example_dags/example_params_trigger_ui.py
[2023-09-01T13:07:48.918+0900] {logging_mixin.py:151} INFO - [2023-09-01T13:07:48.918+0900] {manager.py:501} INFO - Created Permission View: can delete on DAG:example_params_trigger_ui
[2023-09-01T13:07:48.925+0900] {logging_mixin.py:151} INFO - [2023-09-01T13:07:48.924+0900] {manager.py:501} INFO - Created Permission View: can read on DAG:example_params_trigger_ui
[2023-09-01T13:07:48.928+0900] {logging_mixin.py:151} INFO - [2023-09-01T13:07:48.928+0900] {manager.py:501} INFO - Created Permission View: can edit on DAG:example_params_trigger_ui
[2023-09-01T13:07:48.933+0900] {logging_mixin.py:151} INFO - [2023-09-01T13:07:48.932+0900] {dag.py:2907} INFO - Sync 1 DAGs
[2023-09-01T13:07:48.937+0900] {logging_mixin.py:151} INFO - [2023-09-01T13:07:48.937+0900] {dag.py:2929} INFO - Creating ORM DAG for example_params_trigger_ui
[2023-09-01T13:07:48.938+0900] {logging_mixin.py:151} INFO - [2023-09-01T13:07:48.938+0900] {dag.py:3677} INFO - Setting next_dagrun for example_params_trigger_ui to None, run_after=None
[2023-09-01T13:07:48.946+0900] {processor.py:179} INFO - Processing /usr/local/lib/python3.8/dist-packages/airflow/example_dags/example_params_trigger_ui.py took 0.118 seconds
[2023-09-01T13:08:35.474+0900] {processor.py:157} INFO - Started process (PID=3093) to work on /usr/local/lib/python3.8/dist-packages/airflow/example_dags/example_params_trigger_ui.py
[2023-09-01T13:08:35.475+0900] {processor.py:829} INFO - Processing file /usr/local/lib/python3.8/dist-packages/airflow/example_dags/example_params_trigger_ui.py for tasks to queue
[2023-09-01T13:08:35.476+0900] {logging_mixin.py:151} INFO - [2023-09-01T13:08:35.475+0900] {dagbag.py:539} INFO - Filling up the DagBag from /usr/local/lib/python3.8/dist-packages/airflow/example_dags/example_params_trigger_ui.py
[2023-09-01T13:08:35.489+0900] {processor.py:839} INFO - DAG(s) dict_keys(['example_params_trigger_ui']) retrieved from /usr/local/lib/python3.8/dist-packages/airflow/example_dags/example_params_trigger_ui.py
[2023-09-01T13:08:35.516+0900] {logging_mixin.py:151} INFO - [2023-09-01T13:08:35.516+0900] {dag.py:2907} INFO - Sync 1 DAGs
[2023-09-01T13:08:35.525+0900] {logging_mixin.py:151} INFO - [2023-09-01T13:08:35.524+0900] {dag.py:3677} INFO - Setting next_dagrun for example_params_trigger_ui to None, run_after=None
[2023-09-01T13:08:35.538+0900] {processor.py:179} INFO - Processing /usr/local/lib/python3.8/dist-packages/airflow/example_dags/example_params_trigger_ui.py took 0.067 seconds
[2023-09-01T13:09:32.250+0900] {processor.py:157} INFO - Started process (PID=4350) to work on /usr/local/lib/python3.8/dist-packages/airflow/example_dags/example_params_trigger_ui.py
[2023-09-01T13:09:32.253+0900] {processor.py:829} INFO - Processing file /usr/local/lib/python3.8/dist-packages/airflow/example_dags/example_params_trigger_ui.py for tasks to queue
[2023-09-01T13:09:32.255+0900] {logging_mixin.py:151} INFO - [2023-09-01T13:09:32.254+0900] {dagbag.py:539} INFO - Filling up the DagBag from /usr/local/lib/python3.8/dist-packages/airflow/example_dags/example_params_trigger_ui.py
[2023-09-01T13:09:32.277+0900] {processor.py:839} INFO - DAG(s) dict_keys(['example_params_trigger_ui']) retrieved from /usr/local/lib/python3.8/dist-packages/airflow/example_dags/example_params_trigger_ui.py
[2023-09-01T13:09:32.304+0900] {logging_mixin.py:151} INFO - [2023-09-01T13:09:32.304+0900] {dag.py:2907} INFO - Sync 1 DAGs
[2023-09-01T13:09:32.309+0900] {logging_mixin.py:151} INFO - [2023-09-01T13:09:32.309+0900] {dag.py:3677} INFO - Setting next_dagrun for example_params_trigger_ui to None, run_after=None
[2023-09-01T13:09:32.319+0900] {processor.py:179} INFO - Processing /usr/local/lib/python3.8/dist-packages/airflow/example_dags/example_params_trigger_ui.py took 0.074 seconds
[2023-09-01T13:10:19.050+0900] {processor.py:157} INFO - Started process (PID=4798) to work on /usr/local/lib/python3.8/dist-packages/airflow/example_dags/example_params_trigger_ui.py
[2023-09-01T13:10:19.053+0900] {processor.py:829} INFO - Processing file /usr/local/lib/python3.8/dist-packages/airflow/example_dags/example_params_trigger_ui.py for tasks to queue
[2023-09-01T13:10:19.054+0900] {logging_mixin.py:151} INFO - [2023-09-01T13:10:19.053+0900] {dagbag.py:539} INFO - Filling up the DagBag from /usr/local/lib/python3.8/dist-packages/airflow/example_dags/example_params_trigger_ui.py
[2023-09-01T13:10:19.075+0900] {processor.py:839} INFO - DAG(s) dict_keys(['example_params_trigger_ui']) retrieved from /usr/local/lib/python3.8/dist-packages/airflow/example_dags/example_params_trigger_ui.py
[2023-09-01T13:10:19.100+0900] {logging_mixin.py:151} INFO - [2023-09-01T13:10:19.100+0900] {dag.py:2907} INFO - Sync 1 DAGs
[2023-09-01T13:10:19.105+0900] {logging_mixin.py:151} INFO - [2023-09-01T13:10:19.105+0900] {dag.py:3677} INFO - Setting next_dagrun for example_params_trigger_ui to None, run_after=None
[2023-09-01T13:10:19.115+0900] {processor.py:179} INFO - Processing /usr/local/lib/python3.8/dist-packages/airflow/example_dags/example_params_trigger_ui.py took 0.070 seconds
[2023-09-01T13:11:05.608+0900] {processor.py:157} INFO - Started process (PID=5241) to work on /usr/local/lib/python3.8/dist-packages/airflow/example_dags/example_params_trigger_ui.py
[2023-09-01T13:11:05.610+0900] {processor.py:829} INFO - Processing file /usr/local/lib/python3.8/dist-packages/airflow/example_dags/example_params_trigger_ui.py for tasks to queue
[2023-09-01T13:11:05.612+0900] {logging_mixin.py:151} INFO - [2023-09-01T13:11:05.611+0900] {dagbag.py:539} INFO - Filling up the DagBag from /usr/local/lib/python3.8/dist-packages/airflow/example_dags/example_params_trigger_ui.py
[2023-09-01T13:11:05.633+0900] {processor.py:839} INFO - DAG(s) dict_keys(['example_params_trigger_ui']) retrieved from /usr/local/lib/python3.8/dist-packages/airflow/example_dags/example_params_trigger_ui.py
[2023-09-01T13:11:05.660+0900] {logging_mixin.py:151} INFO - [2023-09-01T13:11:05.660+0900] {dag.py:2907} INFO - Sync 1 DAGs
[2023-09-01T13:11:05.666+0900] {logging_mixin.py:151} INFO - [2023-09-01T13:11:05.666+0900] {dag.py:3677} INFO - Setting next_dagrun for example_params_trigger_ui to None, run_after=None
[2023-09-01T13:11:05.677+0900] {processor.py:179} INFO - Processing /usr/local/lib/python3.8/dist-packages/airflow/example_dags/example_params_trigger_ui.py took 0.073 seconds
[2023-09-01T13:13:05.068+0900] {processor.py:157} INFO - Started process (PID=5958) to work on /usr/local/lib/python3.8/dist-packages/airflow/example_dags/example_params_trigger_ui.py
[2023-09-01T13:13:05.069+0900] {processor.py:829} INFO - Processing file /usr/local/lib/python3.8/dist-packages/airflow/example_dags/example_params_trigger_ui.py for tasks to queue
[2023-09-01T13:13:05.071+0900] {logging_mixin.py:151} INFO - [2023-09-01T13:13:05.070+0900] {dagbag.py:539} INFO - Filling up the DagBag from /usr/local/lib/python3.8/dist-packages/airflow/example_dags/example_params_trigger_ui.py
[2023-09-01T13:13:05.090+0900] {processor.py:839} INFO - DAG(s) dict_keys(['example_params_trigger_ui']) retrieved from /usr/local/lib/python3.8/dist-packages/airflow/example_dags/example_params_trigger_ui.py
[2023-09-01T13:13:05.116+0900] {logging_mixin.py:151} INFO - [2023-09-01T13:13:05.116+0900] {dag.py:2907} INFO - Sync 1 DAGs
[2023-09-01T13:13:05.122+0900] {logging_mixin.py:151} INFO - [2023-09-01T13:13:05.122+0900] {dag.py:3677} INFO - Setting next_dagrun for example_params_trigger_ui to None, run_after=None
[2023-09-01T13:13:05.132+0900] {processor.py:179} INFO - Processing /usr/local/lib/python3.8/dist-packages/airflow/example_dags/example_params_trigger_ui.py took 0.069 seconds
[2023-09-01T13:13:48.124+0900] {processor.py:157} INFO - Started process (PID=6409) to work on /usr/local/lib/python3.8/dist-packages/airflow/example_dags/example_params_trigger_ui.py
[2023-09-01T13:13:48.125+0900] {processor.py:829} INFO - Processing file /usr/local/lib/python3.8/dist-packages/airflow/example_dags/example_params_trigger_ui.py for tasks to queue
[2023-09-01T13:13:48.125+0900] {logging_mixin.py:151} INFO - [2023-09-01T13:13:48.125+0900] {dagbag.py:539} INFO - Filling up the DagBag from /usr/local/lib/python3.8/dist-packages/airflow/example_dags/example_params_trigger_ui.py
[2023-09-01T13:13:48.136+0900] {processor.py:839} INFO - DAG(s) dict_keys(['example_params_trigger_ui']) retrieved from /usr/local/lib/python3.8/dist-packages/airflow/example_dags/example_params_trigger_ui.py
[2023-09-01T13:13:48.155+0900] {logging_mixin.py:151} INFO - [2023-09-01T13:13:48.155+0900] {dag.py:2907} INFO - Sync 1 DAGs
[2023-09-01T13:13:48.161+0900] {logging_mixin.py:151} INFO - [2023-09-01T13:13:48.160+0900] {dag.py:3677} INFO - Setting next_dagrun for example_params_trigger_ui to None, run_after=None
[2023-09-01T13:13:48.171+0900] {processor.py:179} INFO - Processing /usr/local/lib/python3.8/dist-packages/airflow/example_dags/example_params_trigger_ui.py took 0.049 seconds
[2023-09-01T13:14:32.289+0900] {processor.py:157} INFO - Started process (PID=7324) to work on /usr/local/lib/python3.8/dist-packages/airflow/example_dags/example_params_trigger_ui.py
[2023-09-01T13:14:32.291+0900] {processor.py:829} INFO - Processing file /usr/local/lib/python3.8/dist-packages/airflow/example_dags/example_params_trigger_ui.py for tasks to queue
[2023-09-01T13:14:32.292+0900] {logging_mixin.py:151} INFO - [2023-09-01T13:14:32.291+0900] {dagbag.py:539} INFO - Filling up the DagBag from /usr/local/lib/python3.8/dist-packages/airflow/example_dags/example_params_trigger_ui.py
[2023-09-01T13:14:32.313+0900] {processor.py:839} INFO - DAG(s) dict_keys(['example_params_trigger_ui']) retrieved from /usr/local/lib/python3.8/dist-packages/airflow/example_dags/example_params_trigger_ui.py
[2023-09-01T13:14:32.338+0900] {logging_mixin.py:151} INFO - [2023-09-01T13:14:32.338+0900] {dag.py:2907} INFO - Sync 1 DAGs
[2023-09-01T13:14:32.344+0900] {logging_mixin.py:151} INFO - [2023-09-01T13:14:32.344+0900] {dag.py:3677} INFO - Setting next_dagrun for example_params_trigger_ui to None, run_after=None
[2023-09-01T13:14:32.354+0900] {processor.py:179} INFO - Processing /usr/local/lib/python3.8/dist-packages/airflow/example_dags/example_params_trigger_ui.py took 0.069 seconds
[2023-09-01T13:15:16.386+0900] {processor.py:157} INFO - Started process (PID=7832) to work on /usr/local/lib/python3.8/dist-packages/airflow/example_dags/example_params_trigger_ui.py
[2023-09-01T13:15:16.388+0900] {processor.py:829} INFO - Processing file /usr/local/lib/python3.8/dist-packages/airflow/example_dags/example_params_trigger_ui.py for tasks to queue
[2023-09-01T13:15:16.389+0900] {logging_mixin.py:151} INFO - [2023-09-01T13:15:16.388+0900] {dagbag.py:539} INFO - Filling up the DagBag from /usr/local/lib/python3.8/dist-packages/airflow/example_dags/example_params_trigger_ui.py
[2023-09-01T13:15:16.409+0900] {processor.py:839} INFO - DAG(s) dict_keys(['example_params_trigger_ui']) retrieved from /usr/local/lib/python3.8/dist-packages/airflow/example_dags/example_params_trigger_ui.py
[2023-09-01T13:15:16.436+0900] {logging_mixin.py:151} INFO - [2023-09-01T13:15:16.436+0900] {dag.py:2907} INFO - Sync 1 DAGs
[2023-09-01T13:15:16.443+0900] {logging_mixin.py:151} INFO - [2023-09-01T13:15:16.443+0900] {dag.py:3677} INFO - Setting next_dagrun for example_params_trigger_ui to None, run_after=None
[2023-09-01T13:15:16.454+0900] {processor.py:179} INFO - Processing /usr/local/lib/python3.8/dist-packages/airflow/example_dags/example_params_trigger_ui.py took 0.072 seconds
[2023-09-01T13:16:03.915+0900] {processor.py:157} INFO - Started process (PID=8327) to work on /usr/local/lib/python3.8/dist-packages/airflow/example_dags/example_params_trigger_ui.py
[2023-09-01T13:16:03.916+0900] {processor.py:829} INFO - Processing file /usr/local/lib/python3.8/dist-packages/airflow/example_dags/example_params_trigger_ui.py for tasks to queue
[2023-09-01T13:16:03.918+0900] {logging_mixin.py:151} INFO - [2023-09-01T13:16:03.917+0900] {dagbag.py:539} INFO - Filling up the DagBag from /usr/local/lib/python3.8/dist-packages/airflow/example_dags/example_params_trigger_ui.py
[2023-09-01T13:16:03.937+0900] {processor.py:839} INFO - DAG(s) dict_keys(['example_params_trigger_ui']) retrieved from /usr/local/lib/python3.8/dist-packages/airflow/example_dags/example_params_trigger_ui.py
[2023-09-01T13:16:03.963+0900] {logging_mixin.py:151} INFO - [2023-09-01T13:16:03.962+0900] {dag.py:2907} INFO - Sync 1 DAGs
[2023-09-01T13:16:03.969+0900] {logging_mixin.py:151} INFO - [2023-09-01T13:16:03.968+0900] {dag.py:3677} INFO - Setting next_dagrun for example_params_trigger_ui to None, run_after=None
[2023-09-01T13:16:03.978+0900] {processor.py:179} INFO - Processing /usr/local/lib/python3.8/dist-packages/airflow/example_dags/example_params_trigger_ui.py took 0.069 seconds
[2023-09-01T13:16:47.282+0900] {processor.py:157} INFO - Started process (PID=8754) to work on /usr/local/lib/python3.8/dist-packages/airflow/example_dags/example_params_trigger_ui.py
[2023-09-01T13:16:47.284+0900] {processor.py:829} INFO - Processing file /usr/local/lib/python3.8/dist-packages/airflow/example_dags/example_params_trigger_ui.py for tasks to queue
[2023-09-01T13:16:47.286+0900] {logging_mixin.py:151} INFO - [2023-09-01T13:16:47.285+0900] {dagbag.py:539} INFO - Filling up the DagBag from /usr/local/lib/python3.8/dist-packages/airflow/example_dags/example_params_trigger_ui.py
[2023-09-01T13:16:47.305+0900] {processor.py:839} INFO - DAG(s) dict_keys(['example_params_trigger_ui']) retrieved from /usr/local/lib/python3.8/dist-packages/airflow/example_dags/example_params_trigger_ui.py
[2023-09-01T13:16:47.331+0900] {logging_mixin.py:151} INFO - [2023-09-01T13:16:47.331+0900] {dag.py:2907} INFO - Sync 1 DAGs
[2023-09-01T13:16:47.337+0900] {logging_mixin.py:151} INFO - [2023-09-01T13:16:47.337+0900] {dag.py:3677} INFO - Setting next_dagrun for example_params_trigger_ui to None, run_after=None
[2023-09-01T13:16:47.347+0900] {processor.py:179} INFO - Processing /usr/local/lib/python3.8/dist-packages/airflow/example_dags/example_params_trigger_ui.py took 0.070 seconds
[2023-09-01T13:17:35.917+0900] {processor.py:157} INFO - Started process (PID=9223) to work on /usr/local/lib/python3.8/dist-packages/airflow/example_dags/example_params_trigger_ui.py
[2023-09-01T13:17:35.918+0900] {processor.py:829} INFO - Processing file /usr/local/lib/python3.8/dist-packages/airflow/example_dags/example_params_trigger_ui.py for tasks to queue
[2023-09-01T13:17:35.919+0900] {logging_mixin.py:151} INFO - [2023-09-01T13:17:35.918+0900] {dagbag.py:539} INFO - Filling up the DagBag from /usr/local/lib/python3.8/dist-packages/airflow/example_dags/example_params_trigger_ui.py
[2023-09-01T13:17:35.937+0900] {processor.py:839} INFO - DAG(s) dict_keys(['example_params_trigger_ui']) retrieved from /usr/local/lib/python3.8/dist-packages/airflow/example_dags/example_params_trigger_ui.py
[2023-09-01T13:17:35.961+0900] {logging_mixin.py:151} INFO - [2023-09-01T13:17:35.961+0900] {dag.py:2907} INFO - Sync 1 DAGs
[2023-09-01T13:17:35.967+0900] {logging_mixin.py:151} INFO - [2023-09-01T13:17:35.967+0900] {dag.py:3677} INFO - Setting next_dagrun for example_params_trigger_ui to None, run_after=None
[2023-09-01T13:17:35.977+0900] {processor.py:179} INFO - Processing /usr/local/lib/python3.8/dist-packages/airflow/example_dags/example_params_trigger_ui.py took 0.065 seconds
[2023-09-01T13:18:21.894+0900] {processor.py:157} INFO - Started process (PID=9724) to work on /usr/local/lib/python3.8/dist-packages/airflow/example_dags/example_params_trigger_ui.py
[2023-09-01T13:18:21.894+0900] {processor.py:829} INFO - Processing file /usr/local/lib/python3.8/dist-packages/airflow/example_dags/example_params_trigger_ui.py for tasks to queue
[2023-09-01T13:18:21.895+0900] {logging_mixin.py:151} INFO - [2023-09-01T13:18:21.895+0900] {dagbag.py:539} INFO - Filling up the DagBag from /usr/local/lib/python3.8/dist-packages/airflow/example_dags/example_params_trigger_ui.py
[2023-09-01T13:18:21.912+0900] {processor.py:839} INFO - DAG(s) dict_keys(['example_params_trigger_ui']) retrieved from /usr/local/lib/python3.8/dist-packages/airflow/example_dags/example_params_trigger_ui.py
[2023-09-01T13:18:21.932+0900] {logging_mixin.py:151} INFO - [2023-09-01T13:18:21.932+0900] {dag.py:2907} INFO - Sync 1 DAGs
[2023-09-01T13:18:21.938+0900] {logging_mixin.py:151} INFO - [2023-09-01T13:18:21.938+0900] {dag.py:3677} INFO - Setting next_dagrun for example_params_trigger_ui to None, run_after=None
[2023-09-01T13:18:21.948+0900] {processor.py:179} INFO - Processing /usr/local/lib/python3.8/dist-packages/airflow/example_dags/example_params_trigger_ui.py took 0.057 seconds
[2023-09-01T13:19:06.731+0900] {processor.py:157} INFO - Started process (PID=10147) to work on /usr/local/lib/python3.8/dist-packages/airflow/example_dags/example_params_trigger_ui.py
[2023-09-01T13:19:06.732+0900] {processor.py:829} INFO - Processing file /usr/local/lib/python3.8/dist-packages/airflow/example_dags/example_params_trigger_ui.py for tasks to queue
[2023-09-01T13:19:06.733+0900] {logging_mixin.py:151} INFO - [2023-09-01T13:19:06.732+0900] {dagbag.py:539} INFO - Filling up the DagBag from /usr/local/lib/python3.8/dist-packages/airflow/example_dags/example_params_trigger_ui.py
[2023-09-01T13:19:06.747+0900] {processor.py:839} INFO - DAG(s) dict_keys(['example_params_trigger_ui']) retrieved from /usr/local/lib/python3.8/dist-packages/airflow/example_dags/example_params_trigger_ui.py
[2023-09-01T13:19:06.767+0900] {logging_mixin.py:151} INFO - [2023-09-01T13:19:06.767+0900] {dag.py:2907} INFO - Sync 1 DAGs
[2023-09-01T13:19:06.773+0900] {logging_mixin.py:151} INFO - [2023-09-01T13:19:06.773+0900] {dag.py:3677} INFO - Setting next_dagrun for example_params_trigger_ui to None, run_after=None
[2023-09-01T13:19:06.783+0900] {processor.py:179} INFO - Processing /usr/local/lib/python3.8/dist-packages/airflow/example_dags/example_params_trigger_ui.py took 0.055 seconds
[2023-09-01T13:19:50.825+0900] {processor.py:157} INFO - Started process (PID=10579) to work on /usr/local/lib/python3.8/dist-packages/airflow/example_dags/example_params_trigger_ui.py
[2023-09-01T13:19:50.827+0900] {processor.py:829} INFO - Processing file /usr/local/lib/python3.8/dist-packages/airflow/example_dags/example_params_trigger_ui.py for tasks to queue
[2023-09-01T13:19:50.829+0900] {logging_mixin.py:151} INFO - [2023-09-01T13:19:50.828+0900] {dagbag.py:539} INFO - Filling up the DagBag from /usr/local/lib/python3.8/dist-packages/airflow/example_dags/example_params_trigger_ui.py
[2023-09-01T13:19:50.847+0900] {processor.py:839} INFO - DAG(s) dict_keys(['example_params_trigger_ui']) retrieved from /usr/local/lib/python3.8/dist-packages/airflow/example_dags/example_params_trigger_ui.py
[2023-09-01T13:19:50.873+0900] {logging_mixin.py:151} INFO - [2023-09-01T13:19:50.873+0900] {dag.py:2907} INFO - Sync 1 DAGs
[2023-09-01T13:19:50.879+0900] {logging_mixin.py:151} INFO - [2023-09-01T13:19:50.879+0900] {dag.py:3677} INFO - Setting next_dagrun for example_params_trigger_ui to None, run_after=None
[2023-09-01T13:19:50.888+0900] {processor.py:179} INFO - Processing /usr/local/lib/python3.8/dist-packages/airflow/example_dags/example_params_trigger_ui.py took 0.068 seconds
[2023-09-01T13:20:33.406+0900] {processor.py:157} INFO - Started process (PID=10998) to work on /usr/local/lib/python3.8/dist-packages/airflow/example_dags/example_params_trigger_ui.py
[2023-09-01T13:20:33.408+0900] {processor.py:829} INFO - Processing file /usr/local/lib/python3.8/dist-packages/airflow/example_dags/example_params_trigger_ui.py for tasks to queue
[2023-09-01T13:20:33.409+0900] {logging_mixin.py:151} INFO - [2023-09-01T13:20:33.409+0900] {dagbag.py:539} INFO - Filling up the DagBag from /usr/local/lib/python3.8/dist-packages/airflow/example_dags/example_params_trigger_ui.py
[2023-09-01T13:20:33.421+0900] {processor.py:839} INFO - DAG(s) dict_keys(['example_params_trigger_ui']) retrieved from /usr/local/lib/python3.8/dist-packages/airflow/example_dags/example_params_trigger_ui.py
[2023-09-01T13:20:33.442+0900] {logging_mixin.py:151} INFO - [2023-09-01T13:20:33.441+0900] {dag.py:2907} INFO - Sync 1 DAGs
[2023-09-01T13:20:33.446+0900] {logging_mixin.py:151} INFO - [2023-09-01T13:20:33.446+0900] {dag.py:3677} INFO - Setting next_dagrun for example_params_trigger_ui to None, run_after=None
[2023-09-01T13:20:33.455+0900] {processor.py:179} INFO - Processing /usr/local/lib/python3.8/dist-packages/airflow/example_dags/example_params_trigger_ui.py took 0.052 seconds
[2023-09-01T13:21:26.427+0900] {processor.py:157} INFO - Started process (PID=11445) to work on /usr/local/lib/python3.8/dist-packages/airflow/example_dags/example_params_trigger_ui.py
[2023-09-01T13:21:26.428+0900] {processor.py:829} INFO - Processing file /usr/local/lib/python3.8/dist-packages/airflow/example_dags/example_params_trigger_ui.py for tasks to queue
[2023-09-01T13:21:26.430+0900] {logging_mixin.py:151} INFO - [2023-09-01T13:21:26.429+0900] {dagbag.py:539} INFO - Filling up the DagBag from /usr/local/lib/python3.8/dist-packages/airflow/example_dags/example_params_trigger_ui.py
[2023-09-01T13:21:26.447+0900] {processor.py:839} INFO - DAG(s) dict_keys(['example_params_trigger_ui']) retrieved from /usr/local/lib/python3.8/dist-packages/airflow/example_dags/example_params_trigger_ui.py
[2023-09-01T13:21:26.472+0900] {logging_mixin.py:151} INFO - [2023-09-01T13:21:26.472+0900] {dag.py:2907} INFO - Sync 1 DAGs
[2023-09-01T13:21:26.478+0900] {logging_mixin.py:151} INFO - [2023-09-01T13:21:26.478+0900] {dag.py:3677} INFO - Setting next_dagrun for example_params_trigger_ui to None, run_after=None
[2023-09-01T13:21:26.488+0900] {processor.py:179} INFO - Processing /usr/local/lib/python3.8/dist-packages/airflow/example_dags/example_params_trigger_ui.py took 0.065 seconds
[2023-09-01T13:22:19.006+0900] {processor.py:157} INFO - Started process (PID=11949) to work on /usr/local/lib/python3.8/dist-packages/airflow/example_dags/example_params_trigger_ui.py
[2023-09-01T13:22:19.007+0900] {processor.py:829} INFO - Processing file /usr/local/lib/python3.8/dist-packages/airflow/example_dags/example_params_trigger_ui.py for tasks to queue
[2023-09-01T13:22:19.008+0900] {logging_mixin.py:151} INFO - [2023-09-01T13:22:19.007+0900] {dagbag.py:539} INFO - Filling up the DagBag from /usr/local/lib/python3.8/dist-packages/airflow/example_dags/example_params_trigger_ui.py
[2023-09-01T13:22:19.026+0900] {processor.py:839} INFO - DAG(s) dict_keys(['example_params_trigger_ui']) retrieved from /usr/local/lib/python3.8/dist-packages/airflow/example_dags/example_params_trigger_ui.py
[2023-09-01T13:22:19.051+0900] {logging_mixin.py:151} INFO - [2023-09-01T13:22:19.051+0900] {dag.py:2907} INFO - Sync 1 DAGs
[2023-09-01T13:22:19.057+0900] {logging_mixin.py:151} INFO - [2023-09-01T13:22:19.056+0900] {dag.py:3677} INFO - Setting next_dagrun for example_params_trigger_ui to None, run_after=None
[2023-09-01T13:22:19.067+0900] {processor.py:179} INFO - Processing /usr/local/lib/python3.8/dist-packages/airflow/example_dags/example_params_trigger_ui.py took 0.066 seconds
[2023-09-01T13:23:07.553+0900] {processor.py:157} INFO - Started process (PID=12419) to work on /usr/local/lib/python3.8/dist-packages/airflow/example_dags/example_params_trigger_ui.py
[2023-09-01T13:23:07.554+0900] {processor.py:829} INFO - Processing file /usr/local/lib/python3.8/dist-packages/airflow/example_dags/example_params_trigger_ui.py for tasks to queue
[2023-09-01T13:23:07.556+0900] {logging_mixin.py:151} INFO - [2023-09-01T13:23:07.555+0900] {dagbag.py:539} INFO - Filling up the DagBag from /usr/local/lib/python3.8/dist-packages/airflow/example_dags/example_params_trigger_ui.py
[2023-09-01T13:23:07.575+0900] {processor.py:839} INFO - DAG(s) dict_keys(['example_params_trigger_ui']) retrieved from /usr/local/lib/python3.8/dist-packages/airflow/example_dags/example_params_trigger_ui.py
[2023-09-01T13:23:07.599+0900] {logging_mixin.py:151} INFO - [2023-09-01T13:23:07.598+0900] {dag.py:2907} INFO - Sync 1 DAGs
[2023-09-01T13:23:07.605+0900] {logging_mixin.py:151} INFO - [2023-09-01T13:23:07.604+0900] {dag.py:3677} INFO - Setting next_dagrun for example_params_trigger_ui to None, run_after=None
[2023-09-01T13:23:07.616+0900] {processor.py:179} INFO - Processing /usr/local/lib/python3.8/dist-packages/airflow/example_dags/example_params_trigger_ui.py took 0.068 seconds
[2023-09-01T13:23:49.950+0900] {processor.py:157} INFO - Started process (PID=12865) to work on /usr/local/lib/python3.8/dist-packages/airflow/example_dags/example_params_trigger_ui.py
[2023-09-01T13:23:49.951+0900] {processor.py:829} INFO - Processing file /usr/local/lib/python3.8/dist-packages/airflow/example_dags/example_params_trigger_ui.py for tasks to queue
[2023-09-01T13:23:49.953+0900] {logging_mixin.py:151} INFO - [2023-09-01T13:23:49.952+0900] {dagbag.py:539} INFO - Filling up the DagBag from /usr/local/lib/python3.8/dist-packages/airflow/example_dags/example_params_trigger_ui.py
[2023-09-01T13:23:49.972+0900] {processor.py:839} INFO - DAG(s) dict_keys(['example_params_trigger_ui']) retrieved from /usr/local/lib/python3.8/dist-packages/airflow/example_dags/example_params_trigger_ui.py
[2023-09-01T13:23:49.998+0900] {logging_mixin.py:151} INFO - [2023-09-01T13:23:49.998+0900] {dag.py:2907} INFO - Sync 1 DAGs
[2023-09-01T13:23:50.004+0900] {logging_mixin.py:151} INFO - [2023-09-01T13:23:50.004+0900] {dag.py:3677} INFO - Setting next_dagrun for example_params_trigger_ui to None, run_after=None
[2023-09-01T13:23:50.014+0900] {processor.py:179} INFO - Processing /usr/local/lib/python3.8/dist-packages/airflow/example_dags/example_params_trigger_ui.py took 0.069 seconds
[2023-09-01T13:24:38.858+0900] {processor.py:157} INFO - Started process (PID=13336) to work on /usr/local/lib/python3.8/dist-packages/airflow/example_dags/example_params_trigger_ui.py
[2023-09-01T13:24:38.859+0900] {processor.py:829} INFO - Processing file /usr/local/lib/python3.8/dist-packages/airflow/example_dags/example_params_trigger_ui.py for tasks to queue
[2023-09-01T13:24:38.861+0900] {logging_mixin.py:151} INFO - [2023-09-01T13:24:38.860+0900] {dagbag.py:539} INFO - Filling up the DagBag from /usr/local/lib/python3.8/dist-packages/airflow/example_dags/example_params_trigger_ui.py
[2023-09-01T13:24:38.881+0900] {processor.py:839} INFO - DAG(s) dict_keys(['example_params_trigger_ui']) retrieved from /usr/local/lib/python3.8/dist-packages/airflow/example_dags/example_params_trigger_ui.py
[2023-09-01T13:24:38.907+0900] {logging_mixin.py:151} INFO - [2023-09-01T13:24:38.907+0900] {dag.py:2907} INFO - Sync 1 DAGs
[2023-09-01T13:24:38.913+0900] {logging_mixin.py:151} INFO - [2023-09-01T13:24:38.913+0900] {dag.py:3677} INFO - Setting next_dagrun for example_params_trigger_ui to None, run_after=None
[2023-09-01T13:24:38.923+0900] {processor.py:179} INFO - Processing /usr/local/lib/python3.8/dist-packages/airflow/example_dags/example_params_trigger_ui.py took 0.071 seconds
[2023-09-01T13:26:12.288+0900] {processor.py:157} INFO - Started process (PID=14552) to work on /usr/local/lib/python3.8/dist-packages/airflow/example_dags/example_params_trigger_ui.py
[2023-09-01T13:26:12.290+0900] {processor.py:829} INFO - Processing file /usr/local/lib/python3.8/dist-packages/airflow/example_dags/example_params_trigger_ui.py for tasks to queue
[2023-09-01T13:26:12.291+0900] {logging_mixin.py:151} INFO - [2023-09-01T13:26:12.290+0900] {dagbag.py:539} INFO - Filling up the DagBag from /usr/local/lib/python3.8/dist-packages/airflow/example_dags/example_params_trigger_ui.py
[2023-09-01T13:26:12.304+0900] {processor.py:839} INFO - DAG(s) dict_keys(['example_params_trigger_ui']) retrieved from /usr/local/lib/python3.8/dist-packages/airflow/example_dags/example_params_trigger_ui.py
[2023-09-01T13:26:12.332+0900] {logging_mixin.py:151} INFO - [2023-09-01T13:26:12.332+0900] {dag.py:2907} INFO - Sync 1 DAGs
[2023-09-01T13:26:12.339+0900] {logging_mixin.py:151} INFO - [2023-09-01T13:26:12.339+0900] {dag.py:3677} INFO - Setting next_dagrun for example_params_trigger_ui to None, run_after=None
[2023-09-01T13:26:12.350+0900] {processor.py:179} INFO - Processing /usr/local/lib/python3.8/dist-packages/airflow/example_dags/example_params_trigger_ui.py took 0.065 seconds
[2023-09-01T13:26:55.918+0900] {processor.py:157} INFO - Started process (PID=14975) to work on /usr/local/lib/python3.8/dist-packages/airflow/example_dags/example_params_trigger_ui.py
[2023-09-01T13:26:55.919+0900] {processor.py:829} INFO - Processing file /usr/local/lib/python3.8/dist-packages/airflow/example_dags/example_params_trigger_ui.py for tasks to queue
[2023-09-01T13:26:55.921+0900] {logging_mixin.py:151} INFO - [2023-09-01T13:26:55.920+0900] {dagbag.py:539} INFO - Filling up the DagBag from /usr/local/lib/python3.8/dist-packages/airflow/example_dags/example_params_trigger_ui.py
[2023-09-01T13:26:55.939+0900] {processor.py:839} INFO - DAG(s) dict_keys(['example_params_trigger_ui']) retrieved from /usr/local/lib/python3.8/dist-packages/airflow/example_dags/example_params_trigger_ui.py
[2023-09-01T13:26:55.964+0900] {logging_mixin.py:151} INFO - [2023-09-01T13:26:55.964+0900] {dag.py:2907} INFO - Sync 1 DAGs
[2023-09-01T13:26:55.970+0900] {logging_mixin.py:151} INFO - [2023-09-01T13:26:55.970+0900] {dag.py:3677} INFO - Setting next_dagrun for example_params_trigger_ui to None, run_after=None
[2023-09-01T13:26:55.980+0900] {processor.py:179} INFO - Processing /usr/local/lib/python3.8/dist-packages/airflow/example_dags/example_params_trigger_ui.py took 0.066 seconds
[2023-09-01T13:27:42.241+0900] {processor.py:157} INFO - Started process (PID=15416) to work on /usr/local/lib/python3.8/dist-packages/airflow/example_dags/example_params_trigger_ui.py
[2023-09-01T13:27:42.242+0900] {processor.py:829} INFO - Processing file /usr/local/lib/python3.8/dist-packages/airflow/example_dags/example_params_trigger_ui.py for tasks to queue
[2023-09-01T13:27:42.244+0900] {logging_mixin.py:151} INFO - [2023-09-01T13:27:42.243+0900] {dagbag.py:539} INFO - Filling up the DagBag from /usr/local/lib/python3.8/dist-packages/airflow/example_dags/example_params_trigger_ui.py
[2023-09-01T13:27:42.260+0900] {processor.py:839} INFO - DAG(s) dict_keys(['example_params_trigger_ui']) retrieved from /usr/local/lib/python3.8/dist-packages/airflow/example_dags/example_params_trigger_ui.py
[2023-09-01T13:27:42.283+0900] {logging_mixin.py:151} INFO - [2023-09-01T13:27:42.283+0900] {dag.py:2907} INFO - Sync 1 DAGs
[2023-09-01T13:27:42.289+0900] {logging_mixin.py:151} INFO - [2023-09-01T13:27:42.289+0900] {dag.py:3677} INFO - Setting next_dagrun for example_params_trigger_ui to None, run_after=None
[2023-09-01T13:27:42.299+0900] {processor.py:179} INFO - Processing /usr/local/lib/python3.8/dist-packages/airflow/example_dags/example_params_trigger_ui.py took 0.062 seconds
[2023-09-01T13:28:26.264+0900] {processor.py:157} INFO - Started process (PID=15849) to work on /usr/local/lib/python3.8/dist-packages/airflow/example_dags/example_params_trigger_ui.py
[2023-09-01T13:28:26.265+0900] {processor.py:829} INFO - Processing file /usr/local/lib/python3.8/dist-packages/airflow/example_dags/example_params_trigger_ui.py for tasks to queue
[2023-09-01T13:28:26.266+0900] {logging_mixin.py:151} INFO - [2023-09-01T13:28:26.265+0900] {dagbag.py:539} INFO - Filling up the DagBag from /usr/local/lib/python3.8/dist-packages/airflow/example_dags/example_params_trigger_ui.py
[2023-09-01T13:28:26.284+0900] {processor.py:839} INFO - DAG(s) dict_keys(['example_params_trigger_ui']) retrieved from /usr/local/lib/python3.8/dist-packages/airflow/example_dags/example_params_trigger_ui.py
[2023-09-01T13:28:26.308+0900] {logging_mixin.py:151} INFO - [2023-09-01T13:28:26.308+0900] {dag.py:2907} INFO - Sync 1 DAGs
[2023-09-01T13:28:26.314+0900] {logging_mixin.py:151} INFO - [2023-09-01T13:28:26.314+0900] {dag.py:3677} INFO - Setting next_dagrun for example_params_trigger_ui to None, run_after=None
[2023-09-01T13:28:26.324+0900] {processor.py:179} INFO - Processing /usr/local/lib/python3.8/dist-packages/airflow/example_dags/example_params_trigger_ui.py took 0.066 seconds
[2023-09-01T13:29:11.029+0900] {processor.py:157} INFO - Started process (PID=16306) to work on /usr/local/lib/python3.8/dist-packages/airflow/example_dags/example_params_trigger_ui.py
[2023-09-01T13:29:11.032+0900] {processor.py:829} INFO - Processing file /usr/local/lib/python3.8/dist-packages/airflow/example_dags/example_params_trigger_ui.py for tasks to queue
[2023-09-01T13:29:11.033+0900] {logging_mixin.py:151} INFO - [2023-09-01T13:29:11.032+0900] {dagbag.py:539} INFO - Filling up the DagBag from /usr/local/lib/python3.8/dist-packages/airflow/example_dags/example_params_trigger_ui.py
[2023-09-01T13:29:11.053+0900] {processor.py:839} INFO - DAG(s) dict_keys(['example_params_trigger_ui']) retrieved from /usr/local/lib/python3.8/dist-packages/airflow/example_dags/example_params_trigger_ui.py
[2023-09-01T13:29:11.078+0900] {logging_mixin.py:151} INFO - [2023-09-01T13:29:11.078+0900] {dag.py:2907} INFO - Sync 1 DAGs
[2023-09-01T13:29:11.083+0900] {logging_mixin.py:151} INFO - [2023-09-01T13:29:11.083+0900] {dag.py:3677} INFO - Setting next_dagrun for example_params_trigger_ui to None, run_after=None
[2023-09-01T13:29:11.094+0900] {processor.py:179} INFO - Processing /usr/local/lib/python3.8/dist-packages/airflow/example_dags/example_params_trigger_ui.py took 0.070 seconds
[2023-09-01T13:29:56.262+0900] {processor.py:157} INFO - Started process (PID=16743) to work on /usr/local/lib/python3.8/dist-packages/airflow/example_dags/example_params_trigger_ui.py
[2023-09-01T13:29:56.264+0900] {processor.py:829} INFO - Processing file /usr/local/lib/python3.8/dist-packages/airflow/example_dags/example_params_trigger_ui.py for tasks to queue
[2023-09-01T13:29:56.266+0900] {logging_mixin.py:151} INFO - [2023-09-01T13:29:56.265+0900] {dagbag.py:539} INFO - Filling up the DagBag from /usr/local/lib/python3.8/dist-packages/airflow/example_dags/example_params_trigger_ui.py
[2023-09-01T13:29:56.287+0900] {processor.py:839} INFO - DAG(s) dict_keys(['example_params_trigger_ui']) retrieved from /usr/local/lib/python3.8/dist-packages/airflow/example_dags/example_params_trigger_ui.py
[2023-09-01T13:29:56.315+0900] {logging_mixin.py:151} INFO - [2023-09-01T13:29:56.314+0900] {dag.py:2907} INFO - Sync 1 DAGs
[2023-09-01T13:29:56.321+0900] {logging_mixin.py:151} INFO - [2023-09-01T13:29:56.321+0900] {dag.py:3677} INFO - Setting next_dagrun for example_params_trigger_ui to None, run_after=None
[2023-09-01T13:29:56.333+0900] {processor.py:179} INFO - Processing /usr/local/lib/python3.8/dist-packages/airflow/example_dags/example_params_trigger_ui.py took 0.076 seconds
[2023-09-01T13:30:43.614+0900] {processor.py:157} INFO - Started process (PID=17196) to work on /usr/local/lib/python3.8/dist-packages/airflow/example_dags/example_params_trigger_ui.py
[2023-09-01T13:30:43.617+0900] {processor.py:829} INFO - Processing file /usr/local/lib/python3.8/dist-packages/airflow/example_dags/example_params_trigger_ui.py for tasks to queue
[2023-09-01T13:30:43.619+0900] {logging_mixin.py:151} INFO - [2023-09-01T13:30:43.618+0900] {dagbag.py:539} INFO - Filling up the DagBag from /usr/local/lib/python3.8/dist-packages/airflow/example_dags/example_params_trigger_ui.py
[2023-09-01T13:30:43.641+0900] {processor.py:839} INFO - DAG(s) dict_keys(['example_params_trigger_ui']) retrieved from /usr/local/lib/python3.8/dist-packages/airflow/example_dags/example_params_trigger_ui.py
[2023-09-01T13:30:43.669+0900] {logging_mixin.py:151} INFO - [2023-09-01T13:30:43.668+0900] {dag.py:2907} INFO - Sync 1 DAGs
[2023-09-01T13:30:43.675+0900] {logging_mixin.py:151} INFO - [2023-09-01T13:30:43.675+0900] {dag.py:3677} INFO - Setting next_dagrun for example_params_trigger_ui to None, run_after=None
[2023-09-01T13:30:43.685+0900] {processor.py:179} INFO - Processing /usr/local/lib/python3.8/dist-packages/airflow/example_dags/example_params_trigger_ui.py took 0.076 seconds
[2023-09-01T13:31:27.645+0900] {processor.py:157} INFO - Started process (PID=17628) to work on /usr/local/lib/python3.8/dist-packages/airflow/example_dags/example_params_trigger_ui.py
[2023-09-01T13:31:27.646+0900] {processor.py:829} INFO - Processing file /usr/local/lib/python3.8/dist-packages/airflow/example_dags/example_params_trigger_ui.py for tasks to queue
[2023-09-01T13:31:27.647+0900] {logging_mixin.py:151} INFO - [2023-09-01T13:31:27.646+0900] {dagbag.py:539} INFO - Filling up the DagBag from /usr/local/lib/python3.8/dist-packages/airflow/example_dags/example_params_trigger_ui.py
[2023-09-01T13:31:27.667+0900] {processor.py:839} INFO - DAG(s) dict_keys(['example_params_trigger_ui']) retrieved from /usr/local/lib/python3.8/dist-packages/airflow/example_dags/example_params_trigger_ui.py
[2023-09-01T13:31:27.691+0900] {logging_mixin.py:151} INFO - [2023-09-01T13:31:27.691+0900] {dag.py:2907} INFO - Sync 1 DAGs
[2023-09-01T13:31:27.696+0900] {logging_mixin.py:151} INFO - [2023-09-01T13:31:27.696+0900] {dag.py:3677} INFO - Setting next_dagrun for example_params_trigger_ui to None, run_after=None
[2023-09-01T13:31:27.706+0900] {processor.py:179} INFO - Processing /usr/local/lib/python3.8/dist-packages/airflow/example_dags/example_params_trigger_ui.py took 0.066 seconds
[2023-09-01T13:32:12.278+0900] {processor.py:157} INFO - Started process (PID=18061) to work on /usr/local/lib/python3.8/dist-packages/airflow/example_dags/example_params_trigger_ui.py
[2023-09-01T13:32:12.280+0900] {processor.py:829} INFO - Processing file /usr/local/lib/python3.8/dist-packages/airflow/example_dags/example_params_trigger_ui.py for tasks to queue
[2023-09-01T13:32:12.281+0900] {logging_mixin.py:151} INFO - [2023-09-01T13:32:12.280+0900] {dagbag.py:539} INFO - Filling up the DagBag from /usr/local/lib/python3.8/dist-packages/airflow/example_dags/example_params_trigger_ui.py
[2023-09-01T13:32:12.300+0900] {processor.py:839} INFO - DAG(s) dict_keys(['example_params_trigger_ui']) retrieved from /usr/local/lib/python3.8/dist-packages/airflow/example_dags/example_params_trigger_ui.py
[2023-09-01T13:32:12.325+0900] {logging_mixin.py:151} INFO - [2023-09-01T13:32:12.325+0900] {dag.py:2907} INFO - Sync 1 DAGs
[2023-09-01T13:32:12.331+0900] {logging_mixin.py:151} INFO - [2023-09-01T13:32:12.331+0900] {dag.py:3677} INFO - Setting next_dagrun for example_params_trigger_ui to None, run_after=None
[2023-09-01T13:32:12.340+0900] {processor.py:179} INFO - Processing /usr/local/lib/python3.8/dist-packages/airflow/example_dags/example_params_trigger_ui.py took 0.067 seconds
[2023-09-01T13:32:57.341+0900] {processor.py:157} INFO - Started process (PID=18492) to work on /usr/local/lib/python3.8/dist-packages/airflow/example_dags/example_params_trigger_ui.py
[2023-09-01T13:32:57.343+0900] {processor.py:829} INFO - Processing file /usr/local/lib/python3.8/dist-packages/airflow/example_dags/example_params_trigger_ui.py for tasks to queue
[2023-09-01T13:32:57.344+0900] {logging_mixin.py:151} INFO - [2023-09-01T13:32:57.344+0900] {dagbag.py:539} INFO - Filling up the DagBag from /usr/local/lib/python3.8/dist-packages/airflow/example_dags/example_params_trigger_ui.py
[2023-09-01T13:32:57.362+0900] {processor.py:839} INFO - DAG(s) dict_keys(['example_params_trigger_ui']) retrieved from /usr/local/lib/python3.8/dist-packages/airflow/example_dags/example_params_trigger_ui.py
[2023-09-01T13:32:57.387+0900] {logging_mixin.py:151} INFO - [2023-09-01T13:32:57.387+0900] {dag.py:2907} INFO - Sync 1 DAGs
[2023-09-01T13:32:57.393+0900] {logging_mixin.py:151} INFO - [2023-09-01T13:32:57.393+0900] {dag.py:3677} INFO - Setting next_dagrun for example_params_trigger_ui to None, run_after=None
[2023-09-01T13:32:57.403+0900] {processor.py:179} INFO - Processing /usr/local/lib/python3.8/dist-packages/airflow/example_dags/example_params_trigger_ui.py took 0.067 seconds
[2023-09-01T13:33:44.124+0900] {processor.py:157} INFO - Started process (PID=18943) to work on /usr/local/lib/python3.8/dist-packages/airflow/example_dags/example_params_trigger_ui.py
[2023-09-01T13:33:44.125+0900] {processor.py:829} INFO - Processing file /usr/local/lib/python3.8/dist-packages/airflow/example_dags/example_params_trigger_ui.py for tasks to queue
[2023-09-01T13:33:44.127+0900] {logging_mixin.py:151} INFO - [2023-09-01T13:33:44.126+0900] {dagbag.py:539} INFO - Filling up the DagBag from /usr/local/lib/python3.8/dist-packages/airflow/example_dags/example_params_trigger_ui.py
[2023-09-01T13:33:44.147+0900] {processor.py:839} INFO - DAG(s) dict_keys(['example_params_trigger_ui']) retrieved from /usr/local/lib/python3.8/dist-packages/airflow/example_dags/example_params_trigger_ui.py
[2023-09-01T13:33:44.173+0900] {logging_mixin.py:151} INFO - [2023-09-01T13:33:44.173+0900] {dag.py:2907} INFO - Sync 1 DAGs
[2023-09-01T13:33:44.179+0900] {logging_mixin.py:151} INFO - [2023-09-01T13:33:44.179+0900] {dag.py:3677} INFO - Setting next_dagrun for example_params_trigger_ui to None, run_after=None
[2023-09-01T13:33:44.189+0900] {processor.py:179} INFO - Processing /usr/local/lib/python3.8/dist-packages/airflow/example_dags/example_params_trigger_ui.py took 0.071 seconds
[2023-09-01T13:34:27.995+0900] {processor.py:157} INFO - Started process (PID=19399) to work on /usr/local/lib/python3.8/dist-packages/airflow/example_dags/example_params_trigger_ui.py
[2023-09-01T13:34:27.997+0900] {processor.py:829} INFO - Processing file /usr/local/lib/python3.8/dist-packages/airflow/example_dags/example_params_trigger_ui.py for tasks to queue
[2023-09-01T13:34:27.998+0900] {logging_mixin.py:151} INFO - [2023-09-01T13:34:27.997+0900] {dagbag.py:539} INFO - Filling up the DagBag from /usr/local/lib/python3.8/dist-packages/airflow/example_dags/example_params_trigger_ui.py
[2023-09-01T13:34:28.018+0900] {processor.py:839} INFO - DAG(s) dict_keys(['example_params_trigger_ui']) retrieved from /usr/local/lib/python3.8/dist-packages/airflow/example_dags/example_params_trigger_ui.py
[2023-09-01T13:34:28.045+0900] {logging_mixin.py:151} INFO - [2023-09-01T13:34:28.044+0900] {dag.py:2907} INFO - Sync 1 DAGs
[2023-09-01T13:34:28.050+0900] {logging_mixin.py:151} INFO - [2023-09-01T13:34:28.050+0900] {dag.py:3677} INFO - Setting next_dagrun for example_params_trigger_ui to None, run_after=None
[2023-09-01T13:34:28.060+0900] {processor.py:179} INFO - Processing /usr/local/lib/python3.8/dist-packages/airflow/example_dags/example_params_trigger_ui.py took 0.069 seconds
[2023-09-01T13:35:13.218+0900] {processor.py:157} INFO - Started process (PID=19839) to work on /usr/local/lib/python3.8/dist-packages/airflow/example_dags/example_params_trigger_ui.py
[2023-09-01T13:35:13.221+0900] {processor.py:829} INFO - Processing file /usr/local/lib/python3.8/dist-packages/airflow/example_dags/example_params_trigger_ui.py for tasks to queue
[2023-09-01T13:35:13.222+0900] {logging_mixin.py:151} INFO - [2023-09-01T13:35:13.221+0900] {dagbag.py:539} INFO - Filling up the DagBag from /usr/local/lib/python3.8/dist-packages/airflow/example_dags/example_params_trigger_ui.py
[2023-09-01T13:35:13.243+0900] {processor.py:839} INFO - DAG(s) dict_keys(['example_params_trigger_ui']) retrieved from /usr/local/lib/python3.8/dist-packages/airflow/example_dags/example_params_trigger_ui.py
[2023-09-01T13:35:13.267+0900] {logging_mixin.py:151} INFO - [2023-09-01T13:35:13.267+0900] {dag.py:2907} INFO - Sync 1 DAGs
[2023-09-01T13:35:13.273+0900] {logging_mixin.py:151} INFO - [2023-09-01T13:35:13.273+0900] {dag.py:3677} INFO - Setting next_dagrun for example_params_trigger_ui to None, run_after=None
[2023-09-01T13:35:13.284+0900] {processor.py:179} INFO - Processing /usr/local/lib/python3.8/dist-packages/airflow/example_dags/example_params_trigger_ui.py took 0.070 seconds
[2023-09-01T13:35:55.271+0900] {processor.py:157} INFO - Started process (PID=20235) to work on /usr/local/lib/python3.8/dist-packages/airflow/example_dags/example_params_trigger_ui.py
[2023-09-01T13:35:55.273+0900] {processor.py:829} INFO - Processing file /usr/local/lib/python3.8/dist-packages/airflow/example_dags/example_params_trigger_ui.py for tasks to queue
[2023-09-01T13:35:55.274+0900] {logging_mixin.py:151} INFO - [2023-09-01T13:35:55.273+0900] {dagbag.py:539} INFO - Filling up the DagBag from /usr/local/lib/python3.8/dist-packages/airflow/example_dags/example_params_trigger_ui.py
[2023-09-01T13:35:55.293+0900] {processor.py:839} INFO - DAG(s) dict_keys(['example_params_trigger_ui']) retrieved from /usr/local/lib/python3.8/dist-packages/airflow/example_dags/example_params_trigger_ui.py
[2023-09-01T13:35:55.320+0900] {logging_mixin.py:151} INFO - [2023-09-01T13:35:55.319+0900] {dag.py:2907} INFO - Sync 1 DAGs
[2023-09-01T13:35:55.325+0900] {logging_mixin.py:151} INFO - [2023-09-01T13:35:55.325+0900] {dag.py:3677} INFO - Setting next_dagrun for example_params_trigger_ui to None, run_after=None
[2023-09-01T13:35:55.336+0900] {processor.py:179} INFO - Processing /usr/local/lib/python3.8/dist-packages/airflow/example_dags/example_params_trigger_ui.py took 0.069 seconds
[2023-09-01T13:36:45.503+0900] {processor.py:157} INFO - Started process (PID=20723) to work on /usr/local/lib/python3.8/dist-packages/airflow/example_dags/example_params_trigger_ui.py
[2023-09-01T13:36:45.504+0900] {processor.py:829} INFO - Processing file /usr/local/lib/python3.8/dist-packages/airflow/example_dags/example_params_trigger_ui.py for tasks to queue
[2023-09-01T13:36:45.506+0900] {logging_mixin.py:151} INFO - [2023-09-01T13:36:45.505+0900] {dagbag.py:539} INFO - Filling up the DagBag from /usr/local/lib/python3.8/dist-packages/airflow/example_dags/example_params_trigger_ui.py
[2023-09-01T13:36:45.524+0900] {processor.py:839} INFO - DAG(s) dict_keys(['example_params_trigger_ui']) retrieved from /usr/local/lib/python3.8/dist-packages/airflow/example_dags/example_params_trigger_ui.py
[2023-09-01T13:36:45.548+0900] {logging_mixin.py:151} INFO - [2023-09-01T13:36:45.548+0900] {dag.py:2907} INFO - Sync 1 DAGs
[2023-09-01T13:36:45.553+0900] {logging_mixin.py:151} INFO - [2023-09-01T13:36:45.553+0900] {dag.py:3677} INFO - Setting next_dagrun for example_params_trigger_ui to None, run_after=None
[2023-09-01T13:36:45.564+0900] {processor.py:179} INFO - Processing /usr/local/lib/python3.8/dist-packages/airflow/example_dags/example_params_trigger_ui.py took 0.065 seconds
[2023-09-01T13:37:29.400+0900] {processor.py:157} INFO - Started process (PID=21153) to work on /usr/local/lib/python3.8/dist-packages/airflow/example_dags/example_params_trigger_ui.py
[2023-09-01T13:37:29.402+0900] {processor.py:829} INFO - Processing file /usr/local/lib/python3.8/dist-packages/airflow/example_dags/example_params_trigger_ui.py for tasks to queue
[2023-09-01T13:37:29.404+0900] {logging_mixin.py:151} INFO - [2023-09-01T13:37:29.403+0900] {dagbag.py:539} INFO - Filling up the DagBag from /usr/local/lib/python3.8/dist-packages/airflow/example_dags/example_params_trigger_ui.py
[2023-09-01T13:37:29.422+0900] {processor.py:839} INFO - DAG(s) dict_keys(['example_params_trigger_ui']) retrieved from /usr/local/lib/python3.8/dist-packages/airflow/example_dags/example_params_trigger_ui.py
[2023-09-01T13:37:29.449+0900] {logging_mixin.py:151} INFO - [2023-09-01T13:37:29.449+0900] {dag.py:2907} INFO - Sync 1 DAGs
[2023-09-01T13:37:29.455+0900] {logging_mixin.py:151} INFO - [2023-09-01T13:37:29.455+0900] {dag.py:3677} INFO - Setting next_dagrun for example_params_trigger_ui to None, run_after=None
[2023-09-01T13:37:29.465+0900] {processor.py:179} INFO - Processing /usr/local/lib/python3.8/dist-packages/airflow/example_dags/example_params_trigger_ui.py took 0.070 seconds
[2023-09-01T13:38:15.898+0900] {processor.py:157} INFO - Started process (PID=21604) to work on /usr/local/lib/python3.8/dist-packages/airflow/example_dags/example_params_trigger_ui.py
[2023-09-01T13:38:15.899+0900] {processor.py:829} INFO - Processing file /usr/local/lib/python3.8/dist-packages/airflow/example_dags/example_params_trigger_ui.py for tasks to queue
[2023-09-01T13:38:15.900+0900] {logging_mixin.py:151} INFO - [2023-09-01T13:38:15.899+0900] {dagbag.py:539} INFO - Filling up the DagBag from /usr/local/lib/python3.8/dist-packages/airflow/example_dags/example_params_trigger_ui.py
[2023-09-01T13:38:15.911+0900] {processor.py:839} INFO - DAG(s) dict_keys(['example_params_trigger_ui']) retrieved from /usr/local/lib/python3.8/dist-packages/airflow/example_dags/example_params_trigger_ui.py
[2023-09-01T13:38:15.930+0900] {logging_mixin.py:151} INFO - [2023-09-01T13:38:15.930+0900] {dag.py:2907} INFO - Sync 1 DAGs
[2023-09-01T13:38:15.936+0900] {logging_mixin.py:151} INFO - [2023-09-01T13:38:15.936+0900] {dag.py:3677} INFO - Setting next_dagrun for example_params_trigger_ui to None, run_after=None
[2023-09-01T13:38:15.949+0900] {processor.py:179} INFO - Processing /usr/local/lib/python3.8/dist-packages/airflow/example_dags/example_params_trigger_ui.py took 0.054 seconds
[2023-09-01T13:39:00.293+0900] {processor.py:157} INFO - Started process (PID=22070) to work on /usr/local/lib/python3.8/dist-packages/airflow/example_dags/example_params_trigger_ui.py
[2023-09-01T13:39:00.294+0900] {processor.py:829} INFO - Processing file /usr/local/lib/python3.8/dist-packages/airflow/example_dags/example_params_trigger_ui.py for tasks to queue
[2023-09-01T13:39:00.295+0900] {logging_mixin.py:151} INFO - [2023-09-01T13:39:00.295+0900] {dagbag.py:539} INFO - Filling up the DagBag from /usr/local/lib/python3.8/dist-packages/airflow/example_dags/example_params_trigger_ui.py
[2023-09-01T13:39:00.314+0900] {processor.py:839} INFO - DAG(s) dict_keys(['example_params_trigger_ui']) retrieved from /usr/local/lib/python3.8/dist-packages/airflow/example_dags/example_params_trigger_ui.py
[2023-09-01T13:39:00.340+0900] {logging_mixin.py:151} INFO - [2023-09-01T13:39:00.340+0900] {dag.py:2907} INFO - Sync 1 DAGs
[2023-09-01T13:39:00.346+0900] {logging_mixin.py:151} INFO - [2023-09-01T13:39:00.346+0900] {dag.py:3677} INFO - Setting next_dagrun for example_params_trigger_ui to None, run_after=None
[2023-09-01T13:39:00.356+0900] {processor.py:179} INFO - Processing /usr/local/lib/python3.8/dist-packages/airflow/example_dags/example_params_trigger_ui.py took 0.068 seconds
