[2023-09-01T13:08:01.676+0900] {processor.py:157} INFO - Started process (PID=2249) to work on /usr/local/lib/python3.8/dist-packages/airflow/example_dags/example_dag_decorator.py
[2023-09-01T13:08:01.677+0900] {processor.py:829} INFO - Processing file /usr/local/lib/python3.8/dist-packages/airflow/example_dags/example_dag_decorator.py for tasks to queue
[2023-09-01T13:08:01.678+0900] {logging_mixin.py:151} INFO - [2023-09-01T13:08:01.677+0900] {dagbag.py:539} INFO - Filling up the DagBag from /usr/local/lib/python3.8/dist-packages/airflow/example_dags/example_dag_decorator.py
[2023-09-01T13:08:01.691+0900] {processor.py:839} INFO - DAG(s) dict_keys(['example_dag_decorator']) retrieved from /usr/local/lib/python3.8/dist-packages/airflow/example_dags/example_dag_decorator.py
[2023-09-01T13:08:01.747+0900] {logging_mixin.py:151} INFO - [2023-09-01T13:08:01.746+0900] {manager.py:501} INFO - Created Permission View: can delete on DAG:example_dag_decorator
[2023-09-01T13:08:01.751+0900] {logging_mixin.py:151} INFO - [2023-09-01T13:08:01.751+0900] {manager.py:501} INFO - Created Permission View: can read on DAG:example_dag_decorator
[2023-09-01T13:08:01.755+0900] {logging_mixin.py:151} INFO - [2023-09-01T13:08:01.754+0900] {manager.py:501} INFO - Created Permission View: can edit on DAG:example_dag_decorator
[2023-09-01T13:08:01.759+0900] {logging_mixin.py:151} INFO - [2023-09-01T13:08:01.759+0900] {dag.py:2907} INFO - Sync 1 DAGs
[2023-09-01T13:08:01.763+0900] {logging_mixin.py:151} INFO - [2023-09-01T13:08:01.763+0900] {dag.py:2929} INFO - Creating ORM DAG for example_dag_decorator
[2023-09-01T13:08:01.763+0900] {logging_mixin.py:151} INFO - [2023-09-01T13:08:01.763+0900] {dag.py:3677} INFO - Setting next_dagrun for example_dag_decorator to None, run_after=None
[2023-09-01T13:08:01.771+0900] {processor.py:179} INFO - Processing /usr/local/lib/python3.8/dist-packages/airflow/example_dags/example_dag_decorator.py took 0.098 seconds
[2023-09-01T13:08:59.021+0900] {processor.py:157} INFO - Started process (PID=4020) to work on /usr/local/lib/python3.8/dist-packages/airflow/example_dags/example_dag_decorator.py
[2023-09-01T13:08:59.023+0900] {processor.py:829} INFO - Processing file /usr/local/lib/python3.8/dist-packages/airflow/example_dags/example_dag_decorator.py for tasks to queue
[2023-09-01T13:08:59.024+0900] {logging_mixin.py:151} INFO - [2023-09-01T13:08:59.023+0900] {dagbag.py:539} INFO - Filling up the DagBag from /usr/local/lib/python3.8/dist-packages/airflow/example_dags/example_dag_decorator.py
[2023-09-01T13:08:59.032+0900] {processor.py:839} INFO - DAG(s) dict_keys(['example_dag_decorator']) retrieved from /usr/local/lib/python3.8/dist-packages/airflow/example_dags/example_dag_decorator.py
[2023-09-01T13:08:59.082+0900] {logging_mixin.py:151} INFO - [2023-09-01T13:08:59.081+0900] {dag.py:2907} INFO - Sync 1 DAGs
[2023-09-01T13:08:59.086+0900] {logging_mixin.py:151} INFO - [2023-09-01T13:08:59.086+0900] {dag.py:3677} INFO - Setting next_dagrun for example_dag_decorator to None, run_after=None
[2023-09-01T13:08:59.096+0900] {processor.py:179} INFO - Processing /usr/local/lib/python3.8/dist-packages/airflow/example_dags/example_dag_decorator.py took 0.077 seconds
[2023-09-01T13:09:46.551+0900] {processor.py:157} INFO - Started process (PID=4484) to work on /usr/local/lib/python3.8/dist-packages/airflow/example_dags/example_dag_decorator.py
[2023-09-01T13:09:46.553+0900] {processor.py:829} INFO - Processing file /usr/local/lib/python3.8/dist-packages/airflow/example_dags/example_dag_decorator.py for tasks to queue
[2023-09-01T13:09:46.554+0900] {logging_mixin.py:151} INFO - [2023-09-01T13:09:46.553+0900] {dagbag.py:539} INFO - Filling up the DagBag from /usr/local/lib/python3.8/dist-packages/airflow/example_dags/example_dag_decorator.py
[2023-09-01T13:09:46.568+0900] {processor.py:839} INFO - DAG(s) dict_keys(['example_dag_decorator']) retrieved from /usr/local/lib/python3.8/dist-packages/airflow/example_dags/example_dag_decorator.py
[2023-09-01T13:09:46.625+0900] {logging_mixin.py:151} INFO - [2023-09-01T13:09:46.625+0900] {dag.py:2907} INFO - Sync 1 DAGs
[2023-09-01T13:09:46.629+0900] {logging_mixin.py:151} INFO - [2023-09-01T13:09:46.629+0900] {dag.py:3677} INFO - Setting next_dagrun for example_dag_decorator to None, run_after=None
[2023-09-01T13:09:46.637+0900] {processor.py:179} INFO - Processing /usr/local/lib/python3.8/dist-packages/airflow/example_dags/example_dag_decorator.py took 0.091 seconds
[2023-09-01T13:10:35.333+0900] {processor.py:157} INFO - Started process (PID=4959) to work on /usr/local/lib/python3.8/dist-packages/airflow/example_dags/example_dag_decorator.py
[2023-09-01T13:10:35.335+0900] {processor.py:829} INFO - Processing file /usr/local/lib/python3.8/dist-packages/airflow/example_dags/example_dag_decorator.py for tasks to queue
[2023-09-01T13:10:35.336+0900] {logging_mixin.py:151} INFO - [2023-09-01T13:10:35.335+0900] {dagbag.py:539} INFO - Filling up the DagBag from /usr/local/lib/python3.8/dist-packages/airflow/example_dags/example_dag_decorator.py
[2023-09-01T13:10:35.353+0900] {processor.py:839} INFO - DAG(s) dict_keys(['example_dag_decorator']) retrieved from /usr/local/lib/python3.8/dist-packages/airflow/example_dags/example_dag_decorator.py
[2023-09-01T13:10:35.408+0900] {logging_mixin.py:151} INFO - [2023-09-01T13:10:35.408+0900] {dag.py:2907} INFO - Sync 1 DAGs
[2023-09-01T13:10:35.412+0900] {logging_mixin.py:151} INFO - [2023-09-01T13:10:35.412+0900] {dag.py:3677} INFO - Setting next_dagrun for example_dag_decorator to None, run_after=None
[2023-09-01T13:10:35.421+0900] {processor.py:179} INFO - Processing /usr/local/lib/python3.8/dist-packages/airflow/example_dags/example_dag_decorator.py took 0.094 seconds
[2023-09-01T13:11:24.865+0900] {processor.py:157} INFO - Started process (PID=5465) to work on /usr/local/lib/python3.8/dist-packages/airflow/example_dags/example_dag_decorator.py
[2023-09-01T13:11:24.867+0900] {processor.py:829} INFO - Processing file /usr/local/lib/python3.8/dist-packages/airflow/example_dags/example_dag_decorator.py for tasks to queue
[2023-09-01T13:11:24.879+0900] {logging_mixin.py:151} INFO - [2023-09-01T13:11:24.867+0900] {dagbag.py:539} INFO - Filling up the DagBag from /usr/local/lib/python3.8/dist-packages/airflow/example_dags/example_dag_decorator.py
[2023-09-01T13:11:24.896+0900] {processor.py:839} INFO - DAG(s) dict_keys(['example_dag_decorator']) retrieved from /usr/local/lib/python3.8/dist-packages/airflow/example_dags/example_dag_decorator.py
[2023-09-01T13:11:24.978+0900] {logging_mixin.py:151} INFO - [2023-09-01T13:11:24.978+0900] {dag.py:2907} INFO - Sync 1 DAGs
[2023-09-01T13:11:24.983+0900] {logging_mixin.py:151} INFO - [2023-09-01T13:11:24.983+0900] {dag.py:3677} INFO - Setting next_dagrun for example_dag_decorator to None, run_after=None
[2023-09-01T13:11:24.996+0900] {processor.py:179} INFO - Processing /usr/local/lib/python3.8/dist-packages/airflow/example_dags/example_dag_decorator.py took 0.134 seconds
[2023-09-01T13:13:15.243+0900] {processor.py:157} INFO - Started process (PID=6097) to work on /usr/local/lib/python3.8/dist-packages/airflow/example_dags/example_dag_decorator.py
[2023-09-01T13:13:15.244+0900] {processor.py:829} INFO - Processing file /usr/local/lib/python3.8/dist-packages/airflow/example_dags/example_dag_decorator.py for tasks to queue
[2023-09-01T13:13:15.246+0900] {logging_mixin.py:151} INFO - [2023-09-01T13:13:15.245+0900] {dagbag.py:539} INFO - Filling up the DagBag from /usr/local/lib/python3.8/dist-packages/airflow/example_dags/example_dag_decorator.py
[2023-09-01T13:13:15.261+0900] {processor.py:839} INFO - DAG(s) dict_keys(['example_dag_decorator']) retrieved from /usr/local/lib/python3.8/dist-packages/airflow/example_dags/example_dag_decorator.py
[2023-09-01T13:13:15.322+0900] {logging_mixin.py:151} INFO - [2023-09-01T13:13:15.322+0900] {dag.py:2907} INFO - Sync 1 DAGs
[2023-09-01T13:13:15.326+0900] {logging_mixin.py:151} INFO - [2023-09-01T13:13:15.326+0900] {dag.py:3677} INFO - Setting next_dagrun for example_dag_decorator to None, run_after=None
[2023-09-01T13:13:15.337+0900] {processor.py:179} INFO - Processing /usr/local/lib/python3.8/dist-packages/airflow/example_dags/example_dag_decorator.py took 0.099 seconds
[2023-09-01T13:14:00.420+0900] {processor.py:157} INFO - Started process (PID=6523) to work on /usr/local/lib/python3.8/dist-packages/airflow/example_dags/example_dag_decorator.py
[2023-09-01T13:14:00.421+0900] {processor.py:829} INFO - Processing file /usr/local/lib/python3.8/dist-packages/airflow/example_dags/example_dag_decorator.py for tasks to queue
[2023-09-01T13:14:00.421+0900] {logging_mixin.py:151} INFO - [2023-09-01T13:14:00.421+0900] {dagbag.py:539} INFO - Filling up the DagBag from /usr/local/lib/python3.8/dist-packages/airflow/example_dags/example_dag_decorator.py
[2023-09-01T13:14:00.432+0900] {processor.py:839} INFO - DAG(s) dict_keys(['example_dag_decorator']) retrieved from /usr/local/lib/python3.8/dist-packages/airflow/example_dags/example_dag_decorator.py
[2023-09-01T13:14:00.491+0900] {logging_mixin.py:151} INFO - [2023-09-01T13:14:00.491+0900] {dag.py:2907} INFO - Sync 1 DAGs
[2023-09-01T13:14:00.495+0900] {logging_mixin.py:151} INFO - [2023-09-01T13:14:00.495+0900] {dag.py:3677} INFO - Setting next_dagrun for example_dag_decorator to None, run_after=None
[2023-09-01T13:14:00.504+0900] {processor.py:179} INFO - Processing /usr/local/lib/python3.8/dist-packages/airflow/example_dags/example_dag_decorator.py took 0.086 seconds
[2023-09-01T13:14:43.705+0900] {processor.py:157} INFO - Started process (PID=7431) to work on /usr/local/lib/python3.8/dist-packages/airflow/example_dags/example_dag_decorator.py
[2023-09-01T13:14:43.706+0900] {processor.py:829} INFO - Processing file /usr/local/lib/python3.8/dist-packages/airflow/example_dags/example_dag_decorator.py for tasks to queue
[2023-09-01T13:14:43.707+0900] {logging_mixin.py:151} INFO - [2023-09-01T13:14:43.706+0900] {dagbag.py:539} INFO - Filling up the DagBag from /usr/local/lib/python3.8/dist-packages/airflow/example_dags/example_dag_decorator.py
[2023-09-01T13:14:43.720+0900] {processor.py:839} INFO - DAG(s) dict_keys(['example_dag_decorator']) retrieved from /usr/local/lib/python3.8/dist-packages/airflow/example_dags/example_dag_decorator.py
[2023-09-01T13:14:43.788+0900] {logging_mixin.py:151} INFO - [2023-09-01T13:14:43.788+0900] {dag.py:2907} INFO - Sync 1 DAGs
[2023-09-01T13:14:43.792+0900] {logging_mixin.py:151} INFO - [2023-09-01T13:14:43.792+0900] {dag.py:3677} INFO - Setting next_dagrun for example_dag_decorator to None, run_after=None
[2023-09-01T13:14:43.802+0900] {processor.py:179} INFO - Processing /usr/local/lib/python3.8/dist-packages/airflow/example_dags/example_dag_decorator.py took 0.102 seconds
[2023-09-01T13:15:27.773+0900] {processor.py:157} INFO - Started process (PID=7946) to work on /usr/local/lib/python3.8/dist-packages/airflow/example_dags/example_dag_decorator.py
[2023-09-01T13:15:27.774+0900] {processor.py:829} INFO - Processing file /usr/local/lib/python3.8/dist-packages/airflow/example_dags/example_dag_decorator.py for tasks to queue
[2023-09-01T13:15:27.775+0900] {logging_mixin.py:151} INFO - [2023-09-01T13:15:27.774+0900] {dagbag.py:539} INFO - Filling up the DagBag from /usr/local/lib/python3.8/dist-packages/airflow/example_dags/example_dag_decorator.py
[2023-09-01T13:15:27.790+0900] {processor.py:839} INFO - DAG(s) dict_keys(['example_dag_decorator']) retrieved from /usr/local/lib/python3.8/dist-packages/airflow/example_dags/example_dag_decorator.py
[2023-09-01T13:15:27.850+0900] {logging_mixin.py:151} INFO - [2023-09-01T13:15:27.850+0900] {dag.py:2907} INFO - Sync 1 DAGs
[2023-09-01T13:15:27.855+0900] {logging_mixin.py:151} INFO - [2023-09-01T13:15:27.855+0900] {dag.py:3677} INFO - Setting next_dagrun for example_dag_decorator to None, run_after=None
[2023-09-01T13:15:27.865+0900] {processor.py:179} INFO - Processing /usr/local/lib/python3.8/dist-packages/airflow/example_dags/example_dag_decorator.py took 0.096 seconds
[2023-09-01T13:16:14.682+0900] {processor.py:157} INFO - Started process (PID=8435) to work on /usr/local/lib/python3.8/dist-packages/airflow/example_dags/example_dag_decorator.py
[2023-09-01T13:16:14.683+0900] {processor.py:829} INFO - Processing file /usr/local/lib/python3.8/dist-packages/airflow/example_dags/example_dag_decorator.py for tasks to queue
[2023-09-01T13:16:14.684+0900] {logging_mixin.py:151} INFO - [2023-09-01T13:16:14.684+0900] {dagbag.py:539} INFO - Filling up the DagBag from /usr/local/lib/python3.8/dist-packages/airflow/example_dags/example_dag_decorator.py
[2023-09-01T13:16:14.701+0900] {processor.py:839} INFO - DAG(s) dict_keys(['example_dag_decorator']) retrieved from /usr/local/lib/python3.8/dist-packages/airflow/example_dags/example_dag_decorator.py
[2023-09-01T13:16:14.754+0900] {logging_mixin.py:151} INFO - [2023-09-01T13:16:14.753+0900] {dag.py:2907} INFO - Sync 1 DAGs
[2023-09-01T13:16:14.757+0900] {logging_mixin.py:151} INFO - [2023-09-01T13:16:14.757+0900] {dag.py:3677} INFO - Setting next_dagrun for example_dag_decorator to None, run_after=None
[2023-09-01T13:16:14.767+0900] {processor.py:179} INFO - Processing /usr/local/lib/python3.8/dist-packages/airflow/example_dags/example_dag_decorator.py took 0.090 seconds
[2023-09-01T13:16:59.579+0900] {processor.py:157} INFO - Started process (PID=8868) to work on /usr/local/lib/python3.8/dist-packages/airflow/example_dags/example_dag_decorator.py
[2023-09-01T13:16:59.580+0900] {processor.py:829} INFO - Processing file /usr/local/lib/python3.8/dist-packages/airflow/example_dags/example_dag_decorator.py for tasks to queue
[2023-09-01T13:16:59.582+0900] {logging_mixin.py:151} INFO - [2023-09-01T13:16:59.581+0900] {dagbag.py:539} INFO - Filling up the DagBag from /usr/local/lib/python3.8/dist-packages/airflow/example_dags/example_dag_decorator.py
[2023-09-01T13:16:59.597+0900] {processor.py:839} INFO - DAG(s) dict_keys(['example_dag_decorator']) retrieved from /usr/local/lib/python3.8/dist-packages/airflow/example_dags/example_dag_decorator.py
[2023-09-01T13:16:59.655+0900] {logging_mixin.py:151} INFO - [2023-09-01T13:16:59.655+0900] {dag.py:2907} INFO - Sync 1 DAGs
[2023-09-01T13:16:59.659+0900] {logging_mixin.py:151} INFO - [2023-09-01T13:16:59.659+0900] {dag.py:3677} INFO - Setting next_dagrun for example_dag_decorator to None, run_after=None
[2023-09-01T13:16:59.668+0900] {processor.py:179} INFO - Processing /usr/local/lib/python3.8/dist-packages/airflow/example_dags/example_dag_decorator.py took 0.094 seconds
[2023-09-01T13:17:46.727+0900] {processor.py:157} INFO - Started process (PID=9327) to work on /usr/local/lib/python3.8/dist-packages/airflow/example_dags/example_dag_decorator.py
[2023-09-01T13:17:46.728+0900] {processor.py:829} INFO - Processing file /usr/local/lib/python3.8/dist-packages/airflow/example_dags/example_dag_decorator.py for tasks to queue
[2023-09-01T13:17:46.730+0900] {logging_mixin.py:151} INFO - [2023-09-01T13:17:46.729+0900] {dagbag.py:539} INFO - Filling up the DagBag from /usr/local/lib/python3.8/dist-packages/airflow/example_dags/example_dag_decorator.py
[2023-09-01T13:17:46.745+0900] {processor.py:839} INFO - DAG(s) dict_keys(['example_dag_decorator']) retrieved from /usr/local/lib/python3.8/dist-packages/airflow/example_dags/example_dag_decorator.py
[2023-09-01T13:17:46.800+0900] {logging_mixin.py:151} INFO - [2023-09-01T13:17:46.800+0900] {dag.py:2907} INFO - Sync 1 DAGs
[2023-09-01T13:17:46.804+0900] {logging_mixin.py:151} INFO - [2023-09-01T13:17:46.804+0900] {dag.py:3677} INFO - Setting next_dagrun for example_dag_decorator to None, run_after=None
[2023-09-01T13:17:46.813+0900] {processor.py:179} INFO - Processing /usr/local/lib/python3.8/dist-packages/airflow/example_dags/example_dag_decorator.py took 0.091 seconds
[2023-09-01T13:18:33.413+0900] {processor.py:157} INFO - Started process (PID=9831) to work on /usr/local/lib/python3.8/dist-packages/airflow/example_dags/example_dag_decorator.py
[2023-09-01T13:18:33.414+0900] {processor.py:829} INFO - Processing file /usr/local/lib/python3.8/dist-packages/airflow/example_dags/example_dag_decorator.py for tasks to queue
[2023-09-01T13:18:33.416+0900] {logging_mixin.py:151} INFO - [2023-09-01T13:18:33.415+0900] {dagbag.py:539} INFO - Filling up the DagBag from /usr/local/lib/python3.8/dist-packages/airflow/example_dags/example_dag_decorator.py
[2023-09-01T13:18:33.432+0900] {processor.py:839} INFO - DAG(s) dict_keys(['example_dag_decorator']) retrieved from /usr/local/lib/python3.8/dist-packages/airflow/example_dags/example_dag_decorator.py
[2023-09-01T13:18:33.490+0900] {logging_mixin.py:151} INFO - [2023-09-01T13:18:33.490+0900] {dag.py:2907} INFO - Sync 1 DAGs
[2023-09-01T13:18:33.495+0900] {logging_mixin.py:151} INFO - [2023-09-01T13:18:33.495+0900] {dag.py:3677} INFO - Setting next_dagrun for example_dag_decorator to None, run_after=None
[2023-09-01T13:18:33.504+0900] {processor.py:179} INFO - Processing /usr/local/lib/python3.8/dist-packages/airflow/example_dags/example_dag_decorator.py took 0.097 seconds
[2023-09-01T13:19:17.682+0900] {processor.py:157} INFO - Started process (PID=10258) to work on /usr/local/lib/python3.8/dist-packages/airflow/example_dags/example_dag_decorator.py
[2023-09-01T13:19:17.683+0900] {processor.py:829} INFO - Processing file /usr/local/lib/python3.8/dist-packages/airflow/example_dags/example_dag_decorator.py for tasks to queue
[2023-09-01T13:19:17.684+0900] {logging_mixin.py:151} INFO - [2023-09-01T13:19:17.684+0900] {dagbag.py:539} INFO - Filling up the DagBag from /usr/local/lib/python3.8/dist-packages/airflow/example_dags/example_dag_decorator.py
[2023-09-01T13:19:17.701+0900] {processor.py:839} INFO - DAG(s) dict_keys(['example_dag_decorator']) retrieved from /usr/local/lib/python3.8/dist-packages/airflow/example_dags/example_dag_decorator.py
[2023-09-01T13:19:17.757+0900] {logging_mixin.py:151} INFO - [2023-09-01T13:19:17.757+0900] {dag.py:2907} INFO - Sync 1 DAGs
[2023-09-01T13:19:17.761+0900] {logging_mixin.py:151} INFO - [2023-09-01T13:19:17.761+0900] {dag.py:3677} INFO - Setting next_dagrun for example_dag_decorator to None, run_after=None
[2023-09-01T13:19:17.771+0900] {processor.py:179} INFO - Processing /usr/local/lib/python3.8/dist-packages/airflow/example_dags/example_dag_decorator.py took 0.095 seconds
[2023-09-01T13:20:03.119+0900] {processor.py:157} INFO - Started process (PID=10693) to work on /usr/local/lib/python3.8/dist-packages/airflow/example_dags/example_dag_decorator.py
[2023-09-01T13:20:03.120+0900] {processor.py:829} INFO - Processing file /usr/local/lib/python3.8/dist-packages/airflow/example_dags/example_dag_decorator.py for tasks to queue
[2023-09-01T13:20:03.122+0900] {logging_mixin.py:151} INFO - [2023-09-01T13:20:03.121+0900] {dagbag.py:539} INFO - Filling up the DagBag from /usr/local/lib/python3.8/dist-packages/airflow/example_dags/example_dag_decorator.py
[2023-09-01T13:20:03.134+0900] {processor.py:839} INFO - DAG(s) dict_keys(['example_dag_decorator']) retrieved from /usr/local/lib/python3.8/dist-packages/airflow/example_dags/example_dag_decorator.py
[2023-09-01T13:20:03.191+0900] {logging_mixin.py:151} INFO - [2023-09-01T13:20:03.191+0900] {dag.py:2907} INFO - Sync 1 DAGs
[2023-09-01T13:20:03.195+0900] {logging_mixin.py:151} INFO - [2023-09-01T13:20:03.195+0900] {dag.py:3677} INFO - Setting next_dagrun for example_dag_decorator to None, run_after=None
[2023-09-01T13:20:03.205+0900] {processor.py:179} INFO - Processing /usr/local/lib/python3.8/dist-packages/airflow/example_dags/example_dag_decorator.py took 0.091 seconds
[2023-09-01T13:20:59.847+0900] {processor.py:157} INFO - Started process (PID=11265) to work on /usr/local/lib/python3.8/dist-packages/airflow/example_dags/example_dag_decorator.py
[2023-09-01T13:20:59.848+0900] {processor.py:829} INFO - Processing file /usr/local/lib/python3.8/dist-packages/airflow/example_dags/example_dag_decorator.py for tasks to queue
[2023-09-01T13:20:59.850+0900] {logging_mixin.py:151} INFO - [2023-09-01T13:20:59.849+0900] {dagbag.py:539} INFO - Filling up the DagBag from /usr/local/lib/python3.8/dist-packages/airflow/example_dags/example_dag_decorator.py
[2023-09-01T13:20:59.864+0900] {processor.py:839} INFO - DAG(s) dict_keys(['example_dag_decorator']) retrieved from /usr/local/lib/python3.8/dist-packages/airflow/example_dags/example_dag_decorator.py
[2023-09-01T13:20:59.921+0900] {logging_mixin.py:151} INFO - [2023-09-01T13:20:59.921+0900] {dag.py:2907} INFO - Sync 1 DAGs
[2023-09-01T13:20:59.925+0900] {logging_mixin.py:151} INFO - [2023-09-01T13:20:59.925+0900] {dag.py:3677} INFO - Setting next_dagrun for example_dag_decorator to None, run_after=None
[2023-09-01T13:20:59.935+0900] {processor.py:179} INFO - Processing /usr/local/lib/python3.8/dist-packages/airflow/example_dags/example_dag_decorator.py took 0.093 seconds
[2023-09-01T13:22:01.970+0900] {processor.py:157} INFO - Started process (PID=11787) to work on /usr/local/lib/python3.8/dist-packages/airflow/example_dags/example_dag_decorator.py
[2023-09-01T13:22:01.973+0900] {processor.py:829} INFO - Processing file /usr/local/lib/python3.8/dist-packages/airflow/example_dags/example_dag_decorator.py for tasks to queue
[2023-09-01T13:22:01.974+0900] {logging_mixin.py:151} INFO - [2023-09-01T13:22:01.973+0900] {dagbag.py:539} INFO - Filling up the DagBag from /usr/local/lib/python3.8/dist-packages/airflow/example_dags/example_dag_decorator.py
[2023-09-01T13:22:01.988+0900] {processor.py:839} INFO - DAG(s) dict_keys(['example_dag_decorator']) retrieved from /usr/local/lib/python3.8/dist-packages/airflow/example_dags/example_dag_decorator.py
[2023-09-01T13:22:02.043+0900] {logging_mixin.py:151} INFO - [2023-09-01T13:22:02.043+0900] {dag.py:2907} INFO - Sync 1 DAGs
[2023-09-01T13:22:02.046+0900] {logging_mixin.py:151} INFO - [2023-09-01T13:22:02.046+0900] {dag.py:3677} INFO - Setting next_dagrun for example_dag_decorator to None, run_after=None
[2023-09-01T13:22:02.056+0900] {processor.py:179} INFO - Processing /usr/local/lib/python3.8/dist-packages/airflow/example_dags/example_dag_decorator.py took 0.091 seconds
[2023-09-01T13:22:44.771+0900] {processor.py:157} INFO - Started process (PID=12209) to work on /usr/local/lib/python3.8/dist-packages/airflow/example_dags/example_dag_decorator.py
[2023-09-01T13:22:44.773+0900] {processor.py:829} INFO - Processing file /usr/local/lib/python3.8/dist-packages/airflow/example_dags/example_dag_decorator.py for tasks to queue
[2023-09-01T13:22:44.774+0900] {logging_mixin.py:151} INFO - [2023-09-01T13:22:44.773+0900] {dagbag.py:539} INFO - Filling up the DagBag from /usr/local/lib/python3.8/dist-packages/airflow/example_dags/example_dag_decorator.py
[2023-09-01T13:22:44.785+0900] {processor.py:839} INFO - DAG(s) dict_keys(['example_dag_decorator']) retrieved from /usr/local/lib/python3.8/dist-packages/airflow/example_dags/example_dag_decorator.py
[2023-09-01T13:22:44.847+0900] {logging_mixin.py:151} INFO - [2023-09-01T13:22:44.847+0900] {dag.py:2907} INFO - Sync 1 DAGs
[2023-09-01T13:22:44.851+0900] {logging_mixin.py:151} INFO - [2023-09-01T13:22:44.851+0900] {dag.py:3677} INFO - Setting next_dagrun for example_dag_decorator to None, run_after=None
[2023-09-01T13:22:44.861+0900] {processor.py:179} INFO - Processing /usr/local/lib/python3.8/dist-packages/airflow/example_dags/example_dag_decorator.py took 0.096 seconds
[2023-09-01T13:23:28.440+0900] {processor.py:157} INFO - Started process (PID=12656) to work on /usr/local/lib/python3.8/dist-packages/airflow/example_dags/example_dag_decorator.py
[2023-09-01T13:23:28.442+0900] {processor.py:829} INFO - Processing file /usr/local/lib/python3.8/dist-packages/airflow/example_dags/example_dag_decorator.py for tasks to queue
[2023-09-01T13:23:28.444+0900] {logging_mixin.py:151} INFO - [2023-09-01T13:23:28.443+0900] {dagbag.py:539} INFO - Filling up the DagBag from /usr/local/lib/python3.8/dist-packages/airflow/example_dags/example_dag_decorator.py
[2023-09-01T13:23:28.458+0900] {processor.py:839} INFO - DAG(s) dict_keys(['example_dag_decorator']) retrieved from /usr/local/lib/python3.8/dist-packages/airflow/example_dags/example_dag_decorator.py
[2023-09-01T13:23:28.513+0900] {logging_mixin.py:151} INFO - [2023-09-01T13:23:28.513+0900] {dag.py:2907} INFO - Sync 1 DAGs
[2023-09-01T13:23:28.517+0900] {logging_mixin.py:151} INFO - [2023-09-01T13:23:28.517+0900] {dag.py:3677} INFO - Setting next_dagrun for example_dag_decorator to None, run_after=None
[2023-09-01T13:23:28.527+0900] {processor.py:179} INFO - Processing /usr/local/lib/python3.8/dist-packages/airflow/example_dags/example_dag_decorator.py took 0.091 seconds
[2023-09-01T13:24:12.713+0900] {processor.py:157} INFO - Started process (PID=13079) to work on /usr/local/lib/python3.8/dist-packages/airflow/example_dags/example_dag_decorator.py
[2023-09-01T13:24:12.715+0900] {processor.py:829} INFO - Processing file /usr/local/lib/python3.8/dist-packages/airflow/example_dags/example_dag_decorator.py for tasks to queue
[2023-09-01T13:24:12.717+0900] {logging_mixin.py:151} INFO - [2023-09-01T13:24:12.716+0900] {dagbag.py:539} INFO - Filling up the DagBag from /usr/local/lib/python3.8/dist-packages/airflow/example_dags/example_dag_decorator.py
[2023-09-01T13:24:12.733+0900] {processor.py:839} INFO - DAG(s) dict_keys(['example_dag_decorator']) retrieved from /usr/local/lib/python3.8/dist-packages/airflow/example_dags/example_dag_decorator.py
[2023-09-01T13:24:12.791+0900] {logging_mixin.py:151} INFO - [2023-09-01T13:24:12.791+0900] {dag.py:2907} INFO - Sync 1 DAGs
[2023-09-01T13:24:12.795+0900] {logging_mixin.py:151} INFO - [2023-09-01T13:24:12.795+0900] {dag.py:3677} INFO - Setting next_dagrun for example_dag_decorator to None, run_after=None
[2023-09-01T13:24:12.804+0900] {processor.py:179} INFO - Processing /usr/local/lib/python3.8/dist-packages/airflow/example_dags/example_dag_decorator.py took 0.096 seconds
[2023-09-01T13:25:00.546+0900] {processor.py:157} INFO - Started process (PID=13571) to work on /usr/local/lib/python3.8/dist-packages/airflow/example_dags/example_dag_decorator.py
[2023-09-01T13:25:00.548+0900] {processor.py:829} INFO - Processing file /usr/local/lib/python3.8/dist-packages/airflow/example_dags/example_dag_decorator.py for tasks to queue
[2023-09-01T13:25:00.550+0900] {logging_mixin.py:151} INFO - [2023-09-01T13:25:00.549+0900] {dagbag.py:539} INFO - Filling up the DagBag from /usr/local/lib/python3.8/dist-packages/airflow/example_dags/example_dag_decorator.py
[2023-09-01T13:25:00.568+0900] {processor.py:839} INFO - DAG(s) dict_keys(['example_dag_decorator']) retrieved from /usr/local/lib/python3.8/dist-packages/airflow/example_dags/example_dag_decorator.py
[2023-09-01T13:25:00.630+0900] {logging_mixin.py:151} INFO - [2023-09-01T13:25:00.630+0900] {dag.py:2907} INFO - Sync 1 DAGs
[2023-09-01T13:25:00.634+0900] {logging_mixin.py:151} INFO - [2023-09-01T13:25:00.634+0900] {dag.py:3677} INFO - Setting next_dagrun for example_dag_decorator to None, run_after=None
[2023-09-01T13:25:00.645+0900] {processor.py:179} INFO - Processing /usr/local/lib/python3.8/dist-packages/airflow/example_dags/example_dag_decorator.py took 0.102 seconds
[2023-09-01T13:26:24.596+0900] {processor.py:157} INFO - Started process (PID=14671) to work on /usr/local/lib/python3.8/dist-packages/airflow/example_dags/example_dag_decorator.py
[2023-09-01T13:26:24.598+0900] {processor.py:829} INFO - Processing file /usr/local/lib/python3.8/dist-packages/airflow/example_dags/example_dag_decorator.py for tasks to queue
[2023-09-01T13:26:24.600+0900] {logging_mixin.py:151} INFO - [2023-09-01T13:26:24.599+0900] {dagbag.py:539} INFO - Filling up the DagBag from /usr/local/lib/python3.8/dist-packages/airflow/example_dags/example_dag_decorator.py
[2023-09-01T13:26:24.615+0900] {processor.py:839} INFO - DAG(s) dict_keys(['example_dag_decorator']) retrieved from /usr/local/lib/python3.8/dist-packages/airflow/example_dags/example_dag_decorator.py
[2023-09-01T13:26:24.676+0900] {logging_mixin.py:151} INFO - [2023-09-01T13:26:24.676+0900] {dag.py:2907} INFO - Sync 1 DAGs
[2023-09-01T13:26:24.680+0900] {logging_mixin.py:151} INFO - [2023-09-01T13:26:24.680+0900] {dag.py:3677} INFO - Setting next_dagrun for example_dag_decorator to None, run_after=None
[2023-09-01T13:26:24.689+0900] {processor.py:179} INFO - Processing /usr/local/lib/python3.8/dist-packages/airflow/example_dags/example_dag_decorator.py took 0.099 seconds
[2023-09-01T13:27:09.661+0900] {processor.py:157} INFO - Started process (PID=15107) to work on /usr/local/lib/python3.8/dist-packages/airflow/example_dags/example_dag_decorator.py
[2023-09-01T13:27:09.662+0900] {processor.py:829} INFO - Processing file /usr/local/lib/python3.8/dist-packages/airflow/example_dags/example_dag_decorator.py for tasks to queue
[2023-09-01T13:27:09.663+0900] {logging_mixin.py:151} INFO - [2023-09-01T13:27:09.663+0900] {dagbag.py:539} INFO - Filling up the DagBag from /usr/local/lib/python3.8/dist-packages/airflow/example_dags/example_dag_decorator.py
[2023-09-01T13:27:09.672+0900] {processor.py:839} INFO - DAG(s) dict_keys(['example_dag_decorator']) retrieved from /usr/local/lib/python3.8/dist-packages/airflow/example_dags/example_dag_decorator.py
[2023-09-01T13:27:09.715+0900] {logging_mixin.py:151} INFO - [2023-09-01T13:27:09.715+0900] {dag.py:2907} INFO - Sync 1 DAGs
[2023-09-01T13:27:09.719+0900] {logging_mixin.py:151} INFO - [2023-09-01T13:27:09.719+0900] {dag.py:3677} INFO - Setting next_dagrun for example_dag_decorator to None, run_after=None
[2023-09-01T13:27:09.730+0900] {processor.py:179} INFO - Processing /usr/local/lib/python3.8/dist-packages/airflow/example_dags/example_dag_decorator.py took 0.072 seconds
[2023-09-01T13:27:53.700+0900] {processor.py:157} INFO - Started process (PID=15534) to work on /usr/local/lib/python3.8/dist-packages/airflow/example_dags/example_dag_decorator.py
[2023-09-01T13:27:53.701+0900] {processor.py:829} INFO - Processing file /usr/local/lib/python3.8/dist-packages/airflow/example_dags/example_dag_decorator.py for tasks to queue
[2023-09-01T13:27:53.703+0900] {logging_mixin.py:151} INFO - [2023-09-01T13:27:53.702+0900] {dagbag.py:539} INFO - Filling up the DagBag from /usr/local/lib/python3.8/dist-packages/airflow/example_dags/example_dag_decorator.py
[2023-09-01T13:27:53.718+0900] {processor.py:839} INFO - DAG(s) dict_keys(['example_dag_decorator']) retrieved from /usr/local/lib/python3.8/dist-packages/airflow/example_dags/example_dag_decorator.py
[2023-09-01T13:27:53.777+0900] {logging_mixin.py:151} INFO - [2023-09-01T13:27:53.777+0900] {dag.py:2907} INFO - Sync 1 DAGs
[2023-09-01T13:27:53.780+0900] {logging_mixin.py:151} INFO - [2023-09-01T13:27:53.780+0900] {dag.py:3677} INFO - Setting next_dagrun for example_dag_decorator to None, run_after=None
[2023-09-01T13:27:53.790+0900] {processor.py:179} INFO - Processing /usr/local/lib/python3.8/dist-packages/airflow/example_dags/example_dag_decorator.py took 0.095 seconds
[2023-09-01T13:28:38.886+0900] {processor.py:157} INFO - Started process (PID=15967) to work on /usr/local/lib/python3.8/dist-packages/airflow/example_dags/example_dag_decorator.py
[2023-09-01T13:28:38.888+0900] {processor.py:829} INFO - Processing file /usr/local/lib/python3.8/dist-packages/airflow/example_dags/example_dag_decorator.py for tasks to queue
[2023-09-01T13:28:38.889+0900] {logging_mixin.py:151} INFO - [2023-09-01T13:28:38.888+0900] {dagbag.py:539} INFO - Filling up the DagBag from /usr/local/lib/python3.8/dist-packages/airflow/example_dags/example_dag_decorator.py
[2023-09-01T13:28:38.906+0900] {processor.py:839} INFO - DAG(s) dict_keys(['example_dag_decorator']) retrieved from /usr/local/lib/python3.8/dist-packages/airflow/example_dags/example_dag_decorator.py
[2023-09-01T13:28:38.960+0900] {logging_mixin.py:151} INFO - [2023-09-01T13:28:38.959+0900] {dag.py:2907} INFO - Sync 1 DAGs
[2023-09-01T13:28:38.963+0900] {logging_mixin.py:151} INFO - [2023-09-01T13:28:38.963+0900] {dag.py:3677} INFO - Setting next_dagrun for example_dag_decorator to None, run_after=None
[2023-09-01T13:28:38.975+0900] {processor.py:179} INFO - Processing /usr/local/lib/python3.8/dist-packages/airflow/example_dags/example_dag_decorator.py took 0.094 seconds
[2023-09-01T13:29:26.731+0900] {processor.py:157} INFO - Started process (PID=16458) to work on /usr/local/lib/python3.8/dist-packages/airflow/example_dags/example_dag_decorator.py
[2023-09-01T13:29:26.732+0900] {processor.py:829} INFO - Processing file /usr/local/lib/python3.8/dist-packages/airflow/example_dags/example_dag_decorator.py for tasks to queue
[2023-09-01T13:29:26.733+0900] {logging_mixin.py:151} INFO - [2023-09-01T13:29:26.732+0900] {dagbag.py:539} INFO - Filling up the DagBag from /usr/local/lib/python3.8/dist-packages/airflow/example_dags/example_dag_decorator.py
[2023-09-01T13:29:26.746+0900] {processor.py:839} INFO - DAG(s) dict_keys(['example_dag_decorator']) retrieved from /usr/local/lib/python3.8/dist-packages/airflow/example_dags/example_dag_decorator.py
[2023-09-01T13:29:26.803+0900] {logging_mixin.py:151} INFO - [2023-09-01T13:29:26.803+0900] {dag.py:2907} INFO - Sync 1 DAGs
[2023-09-01T13:29:26.808+0900] {logging_mixin.py:151} INFO - [2023-09-01T13:29:26.808+0900] {dag.py:3677} INFO - Setting next_dagrun for example_dag_decorator to None, run_after=None
[2023-09-01T13:29:26.818+0900] {processor.py:179} INFO - Processing /usr/local/lib/python3.8/dist-packages/airflow/example_dags/example_dag_decorator.py took 0.091 seconds
[2023-09-01T13:30:15.479+0900] {processor.py:157} INFO - Started process (PID=16932) to work on /usr/local/lib/python3.8/dist-packages/airflow/example_dags/example_dag_decorator.py
[2023-09-01T13:30:15.482+0900] {processor.py:829} INFO - Processing file /usr/local/lib/python3.8/dist-packages/airflow/example_dags/example_dag_decorator.py for tasks to queue
[2023-09-01T13:30:15.483+0900] {logging_mixin.py:151} INFO - [2023-09-01T13:30:15.482+0900] {dagbag.py:539} INFO - Filling up the DagBag from /usr/local/lib/python3.8/dist-packages/airflow/example_dags/example_dag_decorator.py
[2023-09-01T13:30:15.499+0900] {processor.py:839} INFO - DAG(s) dict_keys(['example_dag_decorator']) retrieved from /usr/local/lib/python3.8/dist-packages/airflow/example_dags/example_dag_decorator.py
[2023-09-01T13:30:15.561+0900] {logging_mixin.py:151} INFO - [2023-09-01T13:30:15.561+0900] {dag.py:2907} INFO - Sync 1 DAGs
[2023-09-01T13:30:15.565+0900] {logging_mixin.py:151} INFO - [2023-09-01T13:30:15.565+0900] {dag.py:3677} INFO - Setting next_dagrun for example_dag_decorator to None, run_after=None
[2023-09-01T13:30:15.575+0900] {processor.py:179} INFO - Processing /usr/local/lib/python3.8/dist-packages/airflow/example_dags/example_dag_decorator.py took 0.102 seconds
[2023-09-01T13:30:57.908+0900] {processor.py:157} INFO - Started process (PID=17342) to work on /usr/local/lib/python3.8/dist-packages/airflow/example_dags/example_dag_decorator.py
[2023-09-01T13:30:57.911+0900] {processor.py:829} INFO - Processing file /usr/local/lib/python3.8/dist-packages/airflow/example_dags/example_dag_decorator.py for tasks to queue
[2023-09-01T13:30:57.912+0900] {logging_mixin.py:151} INFO - [2023-09-01T13:30:57.911+0900] {dagbag.py:539} INFO - Filling up the DagBag from /usr/local/lib/python3.8/dist-packages/airflow/example_dags/example_dag_decorator.py
[2023-09-01T13:30:57.923+0900] {processor.py:839} INFO - DAG(s) dict_keys(['example_dag_decorator']) retrieved from /usr/local/lib/python3.8/dist-packages/airflow/example_dags/example_dag_decorator.py
[2023-09-01T13:30:57.976+0900] {logging_mixin.py:151} INFO - [2023-09-01T13:30:57.976+0900] {dag.py:2907} INFO - Sync 1 DAGs
[2023-09-01T13:30:57.980+0900] {logging_mixin.py:151} INFO - [2023-09-01T13:30:57.980+0900] {dag.py:3677} INFO - Setting next_dagrun for example_dag_decorator to None, run_after=None
[2023-09-01T13:30:57.991+0900] {processor.py:179} INFO - Processing /usr/local/lib/python3.8/dist-packages/airflow/example_dags/example_dag_decorator.py took 0.086 seconds
[2023-09-01T13:31:41.395+0900] {processor.py:157} INFO - Started process (PID=17756) to work on /usr/local/lib/python3.8/dist-packages/airflow/example_dags/example_dag_decorator.py
[2023-09-01T13:31:41.397+0900] {processor.py:829} INFO - Processing file /usr/local/lib/python3.8/dist-packages/airflow/example_dags/example_dag_decorator.py for tasks to queue
[2023-09-01T13:31:41.399+0900] {logging_mixin.py:151} INFO - [2023-09-01T13:31:41.398+0900] {dagbag.py:539} INFO - Filling up the DagBag from /usr/local/lib/python3.8/dist-packages/airflow/example_dags/example_dag_decorator.py
[2023-09-01T13:31:41.415+0900] {processor.py:839} INFO - DAG(s) dict_keys(['example_dag_decorator']) retrieved from /usr/local/lib/python3.8/dist-packages/airflow/example_dags/example_dag_decorator.py
[2023-09-01T13:31:41.470+0900] {logging_mixin.py:151} INFO - [2023-09-01T13:31:41.470+0900] {dag.py:2907} INFO - Sync 1 DAGs
[2023-09-01T13:31:41.474+0900] {logging_mixin.py:151} INFO - [2023-09-01T13:31:41.474+0900] {dag.py:3677} INFO - Setting next_dagrun for example_dag_decorator to None, run_after=None
[2023-09-01T13:31:41.484+0900] {processor.py:179} INFO - Processing /usr/local/lib/python3.8/dist-packages/airflow/example_dags/example_dag_decorator.py took 0.095 seconds
[2023-09-01T13:32:26.431+0900] {processor.py:157} INFO - Started process (PID=18197) to work on /usr/local/lib/python3.8/dist-packages/airflow/example_dags/example_dag_decorator.py
[2023-09-01T13:32:26.432+0900] {processor.py:829} INFO - Processing file /usr/local/lib/python3.8/dist-packages/airflow/example_dags/example_dag_decorator.py for tasks to queue
[2023-09-01T13:32:26.434+0900] {logging_mixin.py:151} INFO - [2023-09-01T13:32:26.433+0900] {dagbag.py:539} INFO - Filling up the DagBag from /usr/local/lib/python3.8/dist-packages/airflow/example_dags/example_dag_decorator.py
[2023-09-01T13:32:26.449+0900] {processor.py:839} INFO - DAG(s) dict_keys(['example_dag_decorator']) retrieved from /usr/local/lib/python3.8/dist-packages/airflow/example_dags/example_dag_decorator.py
[2023-09-01T13:32:26.505+0900] {logging_mixin.py:151} INFO - [2023-09-01T13:32:26.505+0900] {dag.py:2907} INFO - Sync 1 DAGs
[2023-09-01T13:32:26.509+0900] {logging_mixin.py:151} INFO - [2023-09-01T13:32:26.509+0900] {dag.py:3677} INFO - Setting next_dagrun for example_dag_decorator to None, run_after=None
[2023-09-01T13:32:26.519+0900] {processor.py:179} INFO - Processing /usr/local/lib/python3.8/dist-packages/airflow/example_dags/example_dag_decorator.py took 0.094 seconds
[2023-09-01T13:33:11.078+0900] {processor.py:157} INFO - Started process (PID=18632) to work on /usr/local/lib/python3.8/dist-packages/airflow/example_dags/example_dag_decorator.py
[2023-09-01T13:33:11.079+0900] {processor.py:829} INFO - Processing file /usr/local/lib/python3.8/dist-packages/airflow/example_dags/example_dag_decorator.py for tasks to queue
[2023-09-01T13:33:11.081+0900] {logging_mixin.py:151} INFO - [2023-09-01T13:33:11.080+0900] {dagbag.py:539} INFO - Filling up the DagBag from /usr/local/lib/python3.8/dist-packages/airflow/example_dags/example_dag_decorator.py
[2023-09-01T13:33:11.096+0900] {processor.py:839} INFO - DAG(s) dict_keys(['example_dag_decorator']) retrieved from /usr/local/lib/python3.8/dist-packages/airflow/example_dags/example_dag_decorator.py
[2023-09-01T13:33:11.154+0900] {logging_mixin.py:151} INFO - [2023-09-01T13:33:11.154+0900] {dag.py:2907} INFO - Sync 1 DAGs
[2023-09-01T13:33:11.159+0900] {logging_mixin.py:151} INFO - [2023-09-01T13:33:11.159+0900] {dag.py:3677} INFO - Setting next_dagrun for example_dag_decorator to None, run_after=None
[2023-09-01T13:33:11.169+0900] {processor.py:179} INFO - Processing /usr/local/lib/python3.8/dist-packages/airflow/example_dags/example_dag_decorator.py took 0.096 seconds
[2023-09-01T13:33:59.268+0900] {processor.py:157} INFO - Started process (PID=19120) to work on /usr/local/lib/python3.8/dist-packages/airflow/example_dags/example_dag_decorator.py
[2023-09-01T13:33:59.269+0900] {processor.py:829} INFO - Processing file /usr/local/lib/python3.8/dist-packages/airflow/example_dags/example_dag_decorator.py for tasks to queue
[2023-09-01T13:33:59.271+0900] {logging_mixin.py:151} INFO - [2023-09-01T13:33:59.270+0900] {dagbag.py:539} INFO - Filling up the DagBag from /usr/local/lib/python3.8/dist-packages/airflow/example_dags/example_dag_decorator.py
[2023-09-01T13:33:59.287+0900] {processor.py:839} INFO - DAG(s) dict_keys(['example_dag_decorator']) retrieved from /usr/local/lib/python3.8/dist-packages/airflow/example_dags/example_dag_decorator.py
[2023-09-01T13:33:59.342+0900] {logging_mixin.py:151} INFO - [2023-09-01T13:33:59.342+0900] {dag.py:2907} INFO - Sync 1 DAGs
[2023-09-01T13:33:59.346+0900] {logging_mixin.py:151} INFO - [2023-09-01T13:33:59.346+0900] {dag.py:3677} INFO - Setting next_dagrun for example_dag_decorator to None, run_after=None
[2023-09-01T13:33:59.356+0900] {processor.py:179} INFO - Processing /usr/local/lib/python3.8/dist-packages/airflow/example_dags/example_dag_decorator.py took 0.094 seconds
[2023-09-01T13:34:44.788+0900] {processor.py:157} INFO - Started process (PID=19556) to work on /usr/local/lib/python3.8/dist-packages/airflow/example_dags/example_dag_decorator.py
[2023-09-01T13:34:44.789+0900] {processor.py:829} INFO - Processing file /usr/local/lib/python3.8/dist-packages/airflow/example_dags/example_dag_decorator.py for tasks to queue
[2023-09-01T13:34:44.790+0900] {logging_mixin.py:151} INFO - [2023-09-01T13:34:44.789+0900] {dagbag.py:539} INFO - Filling up the DagBag from /usr/local/lib/python3.8/dist-packages/airflow/example_dags/example_dag_decorator.py
[2023-09-01T13:34:44.804+0900] {processor.py:839} INFO - DAG(s) dict_keys(['example_dag_decorator']) retrieved from /usr/local/lib/python3.8/dist-packages/airflow/example_dags/example_dag_decorator.py
[2023-09-01T13:34:44.860+0900] {logging_mixin.py:151} INFO - [2023-09-01T13:34:44.860+0900] {dag.py:2907} INFO - Sync 1 DAGs
[2023-09-01T13:34:44.864+0900] {logging_mixin.py:151} INFO - [2023-09-01T13:34:44.864+0900] {dag.py:3677} INFO - Setting next_dagrun for example_dag_decorator to None, run_after=None
[2023-09-01T13:34:44.875+0900] {processor.py:179} INFO - Processing /usr/local/lib/python3.8/dist-packages/airflow/example_dags/example_dag_decorator.py took 0.091 seconds
[2023-09-01T13:35:27.764+0900] {processor.py:157} INFO - Started process (PID=19979) to work on /usr/local/lib/python3.8/dist-packages/airflow/example_dags/example_dag_decorator.py
[2023-09-01T13:35:27.765+0900] {processor.py:829} INFO - Processing file /usr/local/lib/python3.8/dist-packages/airflow/example_dags/example_dag_decorator.py for tasks to queue
[2023-09-01T13:35:27.766+0900] {logging_mixin.py:151} INFO - [2023-09-01T13:35:27.766+0900] {dagbag.py:539} INFO - Filling up the DagBag from /usr/local/lib/python3.8/dist-packages/airflow/example_dags/example_dag_decorator.py
[2023-09-01T13:35:27.779+0900] {processor.py:839} INFO - DAG(s) dict_keys(['example_dag_decorator']) retrieved from /usr/local/lib/python3.8/dist-packages/airflow/example_dags/example_dag_decorator.py
[2023-09-01T13:35:27.842+0900] {logging_mixin.py:151} INFO - [2023-09-01T13:35:27.842+0900] {dag.py:2907} INFO - Sync 1 DAGs
[2023-09-01T13:35:27.846+0900] {logging_mixin.py:151} INFO - [2023-09-01T13:35:27.846+0900] {dag.py:3677} INFO - Setting next_dagrun for example_dag_decorator to None, run_after=None
[2023-09-01T13:35:27.856+0900] {processor.py:179} INFO - Processing /usr/local/lib/python3.8/dist-packages/airflow/example_dags/example_dag_decorator.py took 0.095 seconds
[2023-09-01T13:36:12.443+0900] {processor.py:157} INFO - Started process (PID=20413) to work on /usr/local/lib/python3.8/dist-packages/airflow/example_dags/example_dag_decorator.py
[2023-09-01T13:36:12.444+0900] {processor.py:829} INFO - Processing file /usr/local/lib/python3.8/dist-packages/airflow/example_dags/example_dag_decorator.py for tasks to queue
[2023-09-01T13:36:12.445+0900] {logging_mixin.py:151} INFO - [2023-09-01T13:36:12.444+0900] {dagbag.py:539} INFO - Filling up the DagBag from /usr/local/lib/python3.8/dist-packages/airflow/example_dags/example_dag_decorator.py
[2023-09-01T13:36:12.460+0900] {processor.py:839} INFO - DAG(s) dict_keys(['example_dag_decorator']) retrieved from /usr/local/lib/python3.8/dist-packages/airflow/example_dags/example_dag_decorator.py
[2023-09-01T13:36:12.517+0900] {logging_mixin.py:151} INFO - [2023-09-01T13:36:12.517+0900] {dag.py:2907} INFO - Sync 1 DAGs
[2023-09-01T13:36:12.521+0900] {logging_mixin.py:151} INFO - [2023-09-01T13:36:12.521+0900] {dag.py:3677} INFO - Setting next_dagrun for example_dag_decorator to None, run_after=None
[2023-09-01T13:36:12.530+0900] {processor.py:179} INFO - Processing /usr/local/lib/python3.8/dist-packages/airflow/example_dags/example_dag_decorator.py took 0.092 seconds
[2023-09-01T13:37:00.874+0900] {processor.py:157} INFO - Started process (PID=20877) to work on /usr/local/lib/python3.8/dist-packages/airflow/example_dags/example_dag_decorator.py
[2023-09-01T13:37:00.875+0900] {processor.py:829} INFO - Processing file /usr/local/lib/python3.8/dist-packages/airflow/example_dags/example_dag_decorator.py for tasks to queue
[2023-09-01T13:37:00.877+0900] {logging_mixin.py:151} INFO - [2023-09-01T13:37:00.876+0900] {dagbag.py:539} INFO - Filling up the DagBag from /usr/local/lib/python3.8/dist-packages/airflow/example_dags/example_dag_decorator.py
[2023-09-01T13:37:00.891+0900] {processor.py:839} INFO - DAG(s) dict_keys(['example_dag_decorator']) retrieved from /usr/local/lib/python3.8/dist-packages/airflow/example_dags/example_dag_decorator.py
[2023-09-01T13:37:00.949+0900] {logging_mixin.py:151} INFO - [2023-09-01T13:37:00.949+0900] {dag.py:2907} INFO - Sync 1 DAGs
[2023-09-01T13:37:00.953+0900] {logging_mixin.py:151} INFO - [2023-09-01T13:37:00.953+0900] {dag.py:3677} INFO - Setting next_dagrun for example_dag_decorator to None, run_after=None
[2023-09-01T13:37:00.964+0900] {processor.py:179} INFO - Processing /usr/local/lib/python3.8/dist-packages/airflow/example_dags/example_dag_decorator.py took 0.095 seconds
[2023-09-01T13:37:46.405+0900] {processor.py:157} INFO - Started process (PID=21313) to work on /usr/local/lib/python3.8/dist-packages/airflow/example_dags/example_dag_decorator.py
[2023-09-01T13:37:46.406+0900] {processor.py:829} INFO - Processing file /usr/local/lib/python3.8/dist-packages/airflow/example_dags/example_dag_decorator.py for tasks to queue
[2023-09-01T13:37:46.407+0900] {logging_mixin.py:151} INFO - [2023-09-01T13:37:46.406+0900] {dagbag.py:539} INFO - Filling up the DagBag from /usr/local/lib/python3.8/dist-packages/airflow/example_dags/example_dag_decorator.py
[2023-09-01T13:37:46.419+0900] {processor.py:839} INFO - DAG(s) dict_keys(['example_dag_decorator']) retrieved from /usr/local/lib/python3.8/dist-packages/airflow/example_dags/example_dag_decorator.py
[2023-09-01T13:37:46.469+0900] {logging_mixin.py:151} INFO - [2023-09-01T13:37:46.469+0900] {dag.py:2907} INFO - Sync 1 DAGs
[2023-09-01T13:37:46.473+0900] {logging_mixin.py:151} INFO - [2023-09-01T13:37:46.473+0900] {dag.py:3677} INFO - Setting next_dagrun for example_dag_decorator to None, run_after=None
[2023-09-01T13:37:46.483+0900] {processor.py:179} INFO - Processing /usr/local/lib/python3.8/dist-packages/airflow/example_dags/example_dag_decorator.py took 0.082 seconds
[2023-09-01T13:38:31.376+0900] {processor.py:157} INFO - Started process (PID=21751) to work on /usr/local/lib/python3.8/dist-packages/airflow/example_dags/example_dag_decorator.py
[2023-09-01T13:38:31.377+0900] {processor.py:829} INFO - Processing file /usr/local/lib/python3.8/dist-packages/airflow/example_dags/example_dag_decorator.py for tasks to queue
[2023-09-01T13:38:31.379+0900] {logging_mixin.py:151} INFO - [2023-09-01T13:38:31.378+0900] {dagbag.py:539} INFO - Filling up the DagBag from /usr/local/lib/python3.8/dist-packages/airflow/example_dags/example_dag_decorator.py
[2023-09-01T13:38:31.394+0900] {processor.py:839} INFO - DAG(s) dict_keys(['example_dag_decorator']) retrieved from /usr/local/lib/python3.8/dist-packages/airflow/example_dags/example_dag_decorator.py
[2023-09-01T13:38:31.448+0900] {logging_mixin.py:151} INFO - [2023-09-01T13:38:31.448+0900] {dag.py:2907} INFO - Sync 1 DAGs
[2023-09-01T13:38:31.452+0900] {logging_mixin.py:151} INFO - [2023-09-01T13:38:31.452+0900] {dag.py:3677} INFO - Setting next_dagrun for example_dag_decorator to None, run_after=None
[2023-09-01T13:38:31.461+0900] {processor.py:179} INFO - Processing /usr/local/lib/python3.8/dist-packages/airflow/example_dags/example_dag_decorator.py took 0.090 seconds
