[2023-09-01T13:07:56.921+0900] {processor.py:157} INFO - Started process (PID=2207) to work on /usr/local/lib/python3.8/dist-packages/airflow/example_dags/example_branch_python_dop_operator_3.py
[2023-09-01T13:07:56.922+0900] {processor.py:829} INFO - Processing file /usr/local/lib/python3.8/dist-packages/airflow/example_dags/example_branch_python_dop_operator_3.py for tasks to queue
[2023-09-01T13:07:56.923+0900] {logging_mixin.py:151} INFO - [2023-09-01T13:07:56.922+0900] {dagbag.py:539} INFO - Filling up the DagBag from /usr/local/lib/python3.8/dist-packages/airflow/example_dags/example_branch_python_dop_operator_3.py
[2023-09-01T13:07:56.931+0900] {processor.py:839} INFO - DAG(s) dict_keys(['example_branch_dop_operator_v3']) retrieved from /usr/local/lib/python3.8/dist-packages/airflow/example_dags/example_branch_python_dop_operator_3.py
[2023-09-01T13:07:56.984+0900] {logging_mixin.py:151} INFO - [2023-09-01T13:07:56.984+0900] {manager.py:501} INFO - Created Permission View: can delete on DAG:example_branch_dop_operator_v3
[2023-09-01T13:07:56.988+0900] {logging_mixin.py:151} INFO - [2023-09-01T13:07:56.988+0900] {manager.py:501} INFO - Created Permission View: can read on DAG:example_branch_dop_operator_v3
[2023-09-01T13:07:56.991+0900] {logging_mixin.py:151} INFO - [2023-09-01T13:07:56.991+0900] {manager.py:501} INFO - Created Permission View: can edit on DAG:example_branch_dop_operator_v3
[2023-09-01T13:07:56.995+0900] {logging_mixin.py:151} INFO - [2023-09-01T13:07:56.995+0900] {dag.py:2907} INFO - Sync 1 DAGs
[2023-09-01T13:07:56.999+0900] {logging_mixin.py:151} INFO - [2023-09-01T13:07:56.999+0900] {dag.py:2929} INFO - Creating ORM DAG for example_branch_dop_operator_v3
[2023-09-01T13:07:57.004+0900] {logging_mixin.py:151} INFO - [2023-09-01T13:07:57.004+0900] {dag.py:3677} INFO - Setting next_dagrun for example_branch_dop_operator_v3 to 2023-09-01T04:06:00+00:00, run_after=2023-09-01T04:07:00+00:00
[2023-09-01T13:07:57.013+0900] {processor.py:179} INFO - Processing /usr/local/lib/python3.8/dist-packages/airflow/example_dags/example_branch_python_dop_operator_3.py took 0.093 seconds
[2023-09-01T13:08:56.192+0900] {processor.py:157} INFO - Started process (PID=3994) to work on /usr/local/lib/python3.8/dist-packages/airflow/example_dags/example_branch_python_dop_operator_3.py
[2023-09-01T13:08:56.194+0900] {processor.py:829} INFO - Processing file /usr/local/lib/python3.8/dist-packages/airflow/example_dags/example_branch_python_dop_operator_3.py for tasks to queue
[2023-09-01T13:08:56.196+0900] {logging_mixin.py:151} INFO - [2023-09-01T13:08:56.195+0900] {dagbag.py:539} INFO - Filling up the DagBag from /usr/local/lib/python3.8/dist-packages/airflow/example_dags/example_branch_python_dop_operator_3.py
[2023-09-01T13:08:56.207+0900] {processor.py:839} INFO - DAG(s) dict_keys(['example_branch_dop_operator_v3']) retrieved from /usr/local/lib/python3.8/dist-packages/airflow/example_dags/example_branch_python_dop_operator_3.py
[2023-09-01T13:08:56.222+0900] {logging_mixin.py:151} INFO - [2023-09-01T13:08:56.222+0900] {dag.py:2907} INFO - Sync 1 DAGs
[2023-09-01T13:08:56.237+0900] {logging_mixin.py:151} INFO - [2023-09-01T13:08:56.237+0900] {dag.py:3677} INFO - Setting next_dagrun for example_branch_dop_operator_v3 to 2023-09-01T04:07:00+00:00, run_after=2023-09-01T04:08:00+00:00
[2023-09-01T13:08:56.248+0900] {processor.py:179} INFO - Processing /usr/local/lib/python3.8/dist-packages/airflow/example_dags/example_branch_python_dop_operator_3.py took 0.062 seconds
[2023-09-01T13:09:42.551+0900] {processor.py:157} INFO - Started process (PID=4446) to work on /usr/local/lib/python3.8/dist-packages/airflow/example_dags/example_branch_python_dop_operator_3.py
[2023-09-01T13:09:42.553+0900] {processor.py:829} INFO - Processing file /usr/local/lib/python3.8/dist-packages/airflow/example_dags/example_branch_python_dop_operator_3.py for tasks to queue
[2023-09-01T13:09:42.555+0900] {logging_mixin.py:151} INFO - [2023-09-01T13:09:42.554+0900] {dagbag.py:539} INFO - Filling up the DagBag from /usr/local/lib/python3.8/dist-packages/airflow/example_dags/example_branch_python_dop_operator_3.py
[2023-09-01T13:09:42.566+0900] {processor.py:839} INFO - DAG(s) dict_keys(['example_branch_dop_operator_v3']) retrieved from /usr/local/lib/python3.8/dist-packages/airflow/example_dags/example_branch_python_dop_operator_3.py
[2023-09-01T13:09:42.582+0900] {logging_mixin.py:151} INFO - [2023-09-01T13:09:42.582+0900] {dag.py:2907} INFO - Sync 1 DAGs
[2023-09-01T13:09:42.597+0900] {logging_mixin.py:151} INFO - [2023-09-01T13:09:42.597+0900] {dag.py:3677} INFO - Setting next_dagrun for example_branch_dop_operator_v3 to 2023-09-01T04:08:00+00:00, run_after=2023-09-01T04:09:00+00:00
[2023-09-01T13:09:42.608+0900] {processor.py:179} INFO - Processing /usr/local/lib/python3.8/dist-packages/airflow/example_dags/example_branch_python_dop_operator_3.py took 0.063 seconds
[2023-09-01T13:10:31.695+0900] {processor.py:157} INFO - Started process (PID=4925) to work on /usr/local/lib/python3.8/dist-packages/airflow/example_dags/example_branch_python_dop_operator_3.py
[2023-09-01T13:10:31.696+0900] {processor.py:829} INFO - Processing file /usr/local/lib/python3.8/dist-packages/airflow/example_dags/example_branch_python_dop_operator_3.py for tasks to queue
[2023-09-01T13:10:31.697+0900] {logging_mixin.py:151} INFO - [2023-09-01T13:10:31.697+0900] {dagbag.py:539} INFO - Filling up the DagBag from /usr/local/lib/python3.8/dist-packages/airflow/example_dags/example_branch_python_dop_operator_3.py
[2023-09-01T13:10:31.707+0900] {processor.py:839} INFO - DAG(s) dict_keys(['example_branch_dop_operator_v3']) retrieved from /usr/local/lib/python3.8/dist-packages/airflow/example_dags/example_branch_python_dop_operator_3.py
[2023-09-01T13:10:31.722+0900] {logging_mixin.py:151} INFO - [2023-09-01T13:10:31.722+0900] {dag.py:2907} INFO - Sync 1 DAGs
[2023-09-01T13:10:31.736+0900] {logging_mixin.py:151} INFO - [2023-09-01T13:10:31.736+0900] {dag.py:3677} INFO - Setting next_dagrun for example_branch_dop_operator_v3 to 2023-09-01T04:09:00+00:00, run_after=2023-09-01T04:10:00+00:00
[2023-09-01T13:10:31.747+0900] {processor.py:179} INFO - Processing /usr/local/lib/python3.8/dist-packages/airflow/example_dags/example_branch_python_dop_operator_3.py took 0.056 seconds
[2023-09-01T13:11:19.610+0900] {processor.py:157} INFO - Started process (PID=5408) to work on /usr/local/lib/python3.8/dist-packages/airflow/example_dags/example_branch_python_dop_operator_3.py
[2023-09-01T13:11:19.612+0900] {processor.py:829} INFO - Processing file /usr/local/lib/python3.8/dist-packages/airflow/example_dags/example_branch_python_dop_operator_3.py for tasks to queue
[2023-09-01T13:11:19.614+0900] {logging_mixin.py:151} INFO - [2023-09-01T13:11:19.613+0900] {dagbag.py:539} INFO - Filling up the DagBag from /usr/local/lib/python3.8/dist-packages/airflow/example_dags/example_branch_python_dop_operator_3.py
[2023-09-01T13:11:19.626+0900] {processor.py:839} INFO - DAG(s) dict_keys(['example_branch_dop_operator_v3']) retrieved from /usr/local/lib/python3.8/dist-packages/airflow/example_dags/example_branch_python_dop_operator_3.py
[2023-09-01T13:11:19.643+0900] {logging_mixin.py:151} INFO - [2023-09-01T13:11:19.642+0900] {dag.py:2907} INFO - Sync 1 DAGs
[2023-09-01T13:11:19.660+0900] {logging_mixin.py:151} INFO - [2023-09-01T13:11:19.659+0900] {dag.py:3677} INFO - Setting next_dagrun for example_branch_dop_operator_v3 to 2023-09-01T04:10:00+00:00, run_after=2023-09-01T04:11:00+00:00
[2023-09-01T13:11:19.671+0900] {processor.py:179} INFO - Processing /usr/local/lib/python3.8/dist-packages/airflow/example_dags/example_branch_python_dop_operator_3.py took 0.066 seconds
[2023-09-01T13:13:11.543+0900] {processor.py:157} INFO - Started process (PID=6039) to work on /usr/local/lib/python3.8/dist-packages/airflow/example_dags/example_branch_python_dop_operator_3.py
[2023-09-01T13:13:11.544+0900] {processor.py:829} INFO - Processing file /usr/local/lib/python3.8/dist-packages/airflow/example_dags/example_branch_python_dop_operator_3.py for tasks to queue
[2023-09-01T13:13:11.545+0900] {logging_mixin.py:151} INFO - [2023-09-01T13:13:11.545+0900] {dagbag.py:539} INFO - Filling up the DagBag from /usr/local/lib/python3.8/dist-packages/airflow/example_dags/example_branch_python_dop_operator_3.py
[2023-09-01T13:13:11.558+0900] {processor.py:839} INFO - DAG(s) dict_keys(['example_branch_dop_operator_v3']) retrieved from /usr/local/lib/python3.8/dist-packages/airflow/example_dags/example_branch_python_dop_operator_3.py
[2023-09-01T13:13:11.573+0900] {logging_mixin.py:151} INFO - [2023-09-01T13:13:11.572+0900] {dag.py:2907} INFO - Sync 1 DAGs
[2023-09-01T13:13:11.586+0900] {logging_mixin.py:151} INFO - [2023-09-01T13:13:11.586+0900] {dag.py:3677} INFO - Setting next_dagrun for example_branch_dop_operator_v3 to 2023-09-01T04:12:00+00:00, run_after=2023-09-01T04:13:00+00:00
[2023-09-01T13:13:11.597+0900] {processor.py:179} INFO - Processing /usr/local/lib/python3.8/dist-packages/airflow/example_dags/example_branch_python_dop_operator_3.py took 0.060 seconds
[2023-09-01T13:13:55.988+0900] {processor.py:157} INFO - Started process (PID=6481) to work on /usr/local/lib/python3.8/dist-packages/airflow/example_dags/example_branch_python_dop_operator_3.py
[2023-09-01T13:13:55.990+0900] {processor.py:829} INFO - Processing file /usr/local/lib/python3.8/dist-packages/airflow/example_dags/example_branch_python_dop_operator_3.py for tasks to queue
[2023-09-01T13:13:55.992+0900] {logging_mixin.py:151} INFO - [2023-09-01T13:13:55.991+0900] {dagbag.py:539} INFO - Filling up the DagBag from /usr/local/lib/python3.8/dist-packages/airflow/example_dags/example_branch_python_dop_operator_3.py
[2023-09-01T13:13:56.003+0900] {processor.py:839} INFO - DAG(s) dict_keys(['example_branch_dop_operator_v3']) retrieved from /usr/local/lib/python3.8/dist-packages/airflow/example_dags/example_branch_python_dop_operator_3.py
[2023-09-01T13:13:56.017+0900] {logging_mixin.py:151} INFO - [2023-09-01T13:13:56.017+0900] {dag.py:2907} INFO - Sync 1 DAGs
[2023-09-01T13:13:56.031+0900] {logging_mixin.py:151} INFO - [2023-09-01T13:13:56.031+0900] {dag.py:3677} INFO - Setting next_dagrun for example_branch_dop_operator_v3 to 2023-09-01T04:12:00+00:00, run_after=2023-09-01T04:13:00+00:00
[2023-09-01T13:13:56.041+0900] {processor.py:179} INFO - Processing /usr/local/lib/python3.8/dist-packages/airflow/example_dags/example_branch_python_dop_operator_3.py took 0.058 seconds
[2023-09-01T13:14:39.969+0900] {processor.py:157} INFO - Started process (PID=7394) to work on /usr/local/lib/python3.8/dist-packages/airflow/example_dags/example_branch_python_dop_operator_3.py
[2023-09-01T13:14:39.970+0900] {processor.py:829} INFO - Processing file /usr/local/lib/python3.8/dist-packages/airflow/example_dags/example_branch_python_dop_operator_3.py for tasks to queue
[2023-09-01T13:14:39.972+0900] {logging_mixin.py:151} INFO - [2023-09-01T13:14:39.971+0900] {dagbag.py:539} INFO - Filling up the DagBag from /usr/local/lib/python3.8/dist-packages/airflow/example_dags/example_branch_python_dop_operator_3.py
[2023-09-01T13:14:39.983+0900] {processor.py:839} INFO - DAG(s) dict_keys(['example_branch_dop_operator_v3']) retrieved from /usr/local/lib/python3.8/dist-packages/airflow/example_dags/example_branch_python_dop_operator_3.py
[2023-09-01T13:14:39.999+0900] {logging_mixin.py:151} INFO - [2023-09-01T13:14:39.999+0900] {dag.py:2907} INFO - Sync 1 DAGs
[2023-09-01T13:14:40.014+0900] {logging_mixin.py:151} INFO - [2023-09-01T13:14:40.013+0900] {dag.py:3677} INFO - Setting next_dagrun for example_branch_dop_operator_v3 to 2023-09-01T04:13:00+00:00, run_after=2023-09-01T04:14:00+00:00
[2023-09-01T13:14:40.025+0900] {processor.py:179} INFO - Processing /usr/local/lib/python3.8/dist-packages/airflow/example_dags/example_branch_python_dop_operator_3.py took 0.059 seconds
[2023-09-01T13:15:23.777+0900] {processor.py:157} INFO - Started process (PID=7908) to work on /usr/local/lib/python3.8/dist-packages/airflow/example_dags/example_branch_python_dop_operator_3.py
[2023-09-01T13:15:23.779+0900] {processor.py:829} INFO - Processing file /usr/local/lib/python3.8/dist-packages/airflow/example_dags/example_branch_python_dop_operator_3.py for tasks to queue
[2023-09-01T13:15:23.781+0900] {logging_mixin.py:151} INFO - [2023-09-01T13:15:23.780+0900] {dagbag.py:539} INFO - Filling up the DagBag from /usr/local/lib/python3.8/dist-packages/airflow/example_dags/example_branch_python_dop_operator_3.py
[2023-09-01T13:15:23.792+0900] {processor.py:839} INFO - DAG(s) dict_keys(['example_branch_dop_operator_v3']) retrieved from /usr/local/lib/python3.8/dist-packages/airflow/example_dags/example_branch_python_dop_operator_3.py
[2023-09-01T13:15:23.808+0900] {logging_mixin.py:151} INFO - [2023-09-01T13:15:23.807+0900] {dag.py:2907} INFO - Sync 1 DAGs
[2023-09-01T13:15:23.823+0900] {logging_mixin.py:151} INFO - [2023-09-01T13:15:23.823+0900] {dag.py:3677} INFO - Setting next_dagrun for example_branch_dop_operator_v3 to 2023-09-01T04:14:00+00:00, run_after=2023-09-01T04:15:00+00:00
[2023-09-01T13:15:23.840+0900] {processor.py:179} INFO - Processing /usr/local/lib/python3.8/dist-packages/airflow/example_dags/example_branch_python_dop_operator_3.py took 0.068 seconds
[2023-09-01T13:16:10.720+0900] {processor.py:157} INFO - Started process (PID=8397) to work on /usr/local/lib/python3.8/dist-packages/airflow/example_dags/example_branch_python_dop_operator_3.py
[2023-09-01T13:16:10.721+0900] {processor.py:829} INFO - Processing file /usr/local/lib/python3.8/dist-packages/airflow/example_dags/example_branch_python_dop_operator_3.py for tasks to queue
[2023-09-01T13:16:10.722+0900] {logging_mixin.py:151} INFO - [2023-09-01T13:16:10.721+0900] {dagbag.py:539} INFO - Filling up the DagBag from /usr/local/lib/python3.8/dist-packages/airflow/example_dags/example_branch_python_dop_operator_3.py
[2023-09-01T13:16:10.729+0900] {processor.py:839} INFO - DAG(s) dict_keys(['example_branch_dop_operator_v3']) retrieved from /usr/local/lib/python3.8/dist-packages/airflow/example_dags/example_branch_python_dop_operator_3.py
[2023-09-01T13:16:10.739+0900] {logging_mixin.py:151} INFO - [2023-09-01T13:16:10.739+0900] {dag.py:2907} INFO - Sync 1 DAGs
[2023-09-01T13:16:10.751+0900] {logging_mixin.py:151} INFO - [2023-09-01T13:16:10.750+0900] {dag.py:3677} INFO - Setting next_dagrun for example_branch_dop_operator_v3 to 2023-09-01T04:15:00+00:00, run_after=2023-09-01T04:16:00+00:00
[2023-09-01T13:16:10.760+0900] {processor.py:179} INFO - Processing /usr/local/lib/python3.8/dist-packages/airflow/example_dags/example_branch_python_dop_operator_3.py took 0.042 seconds
[2023-09-01T13:16:55.278+0900] {processor.py:157} INFO - Started process (PID=8826) to work on /usr/local/lib/python3.8/dist-packages/airflow/example_dags/example_branch_python_dop_operator_3.py
[2023-09-01T13:16:55.280+0900] {processor.py:829} INFO - Processing file /usr/local/lib/python3.8/dist-packages/airflow/example_dags/example_branch_python_dop_operator_3.py for tasks to queue
[2023-09-01T13:16:55.282+0900] {logging_mixin.py:151} INFO - [2023-09-01T13:16:55.281+0900] {dagbag.py:539} INFO - Filling up the DagBag from /usr/local/lib/python3.8/dist-packages/airflow/example_dags/example_branch_python_dop_operator_3.py
[2023-09-01T13:16:55.295+0900] {processor.py:839} INFO - DAG(s) dict_keys(['example_branch_dop_operator_v3']) retrieved from /usr/local/lib/python3.8/dist-packages/airflow/example_dags/example_branch_python_dop_operator_3.py
[2023-09-01T13:16:55.311+0900] {logging_mixin.py:151} INFO - [2023-09-01T13:16:55.310+0900] {dag.py:2907} INFO - Sync 1 DAGs
[2023-09-01T13:16:55.326+0900] {logging_mixin.py:151} INFO - [2023-09-01T13:16:55.326+0900] {dag.py:3677} INFO - Setting next_dagrun for example_branch_dop_operator_v3 to 2023-09-01T04:15:00+00:00, run_after=2023-09-01T04:16:00+00:00
[2023-09-01T13:16:55.337+0900] {processor.py:179} INFO - Processing /usr/local/lib/python3.8/dist-packages/airflow/example_dags/example_branch_python_dop_operator_3.py took 0.065 seconds
[2023-09-01T13:17:42.781+0900] {processor.py:157} INFO - Started process (PID=9289) to work on /usr/local/lib/python3.8/dist-packages/airflow/example_dags/example_branch_python_dop_operator_3.py
[2023-09-01T13:17:42.783+0900] {processor.py:829} INFO - Processing file /usr/local/lib/python3.8/dist-packages/airflow/example_dags/example_branch_python_dop_operator_3.py for tasks to queue
[2023-09-01T13:17:42.785+0900] {logging_mixin.py:151} INFO - [2023-09-01T13:17:42.783+0900] {dagbag.py:539} INFO - Filling up the DagBag from /usr/local/lib/python3.8/dist-packages/airflow/example_dags/example_branch_python_dop_operator_3.py
[2023-09-01T13:17:42.798+0900] {processor.py:839} INFO - DAG(s) dict_keys(['example_branch_dop_operator_v3']) retrieved from /usr/local/lib/python3.8/dist-packages/airflow/example_dags/example_branch_python_dop_operator_3.py
[2023-09-01T13:17:42.814+0900] {logging_mixin.py:151} INFO - [2023-09-01T13:17:42.814+0900] {dag.py:2907} INFO - Sync 1 DAGs
[2023-09-01T13:17:42.829+0900] {logging_mixin.py:151} INFO - [2023-09-01T13:17:42.828+0900] {dag.py:3677} INFO - Setting next_dagrun for example_branch_dop_operator_v3 to 2023-09-01T04:16:00+00:00, run_after=2023-09-01T04:17:00+00:00
[2023-09-01T13:17:42.839+0900] {processor.py:179} INFO - Processing /usr/local/lib/python3.8/dist-packages/airflow/example_dags/example_branch_python_dop_operator_3.py took 0.063 seconds
[2023-09-01T13:18:29.633+0900] {processor.py:157} INFO - Started process (PID=9796) to work on /usr/local/lib/python3.8/dist-packages/airflow/example_dags/example_branch_python_dop_operator_3.py
[2023-09-01T13:18:29.634+0900] {processor.py:829} INFO - Processing file /usr/local/lib/python3.8/dist-packages/airflow/example_dags/example_branch_python_dop_operator_3.py for tasks to queue
[2023-09-01T13:18:29.635+0900] {logging_mixin.py:151} INFO - [2023-09-01T13:18:29.635+0900] {dagbag.py:539} INFO - Filling up the DagBag from /usr/local/lib/python3.8/dist-packages/airflow/example_dags/example_branch_python_dop_operator_3.py
[2023-09-01T13:18:29.641+0900] {processor.py:839} INFO - DAG(s) dict_keys(['example_branch_dop_operator_v3']) retrieved from /usr/local/lib/python3.8/dist-packages/airflow/example_dags/example_branch_python_dop_operator_3.py
[2023-09-01T13:18:29.651+0900] {logging_mixin.py:151} INFO - [2023-09-01T13:18:29.651+0900] {dag.py:2907} INFO - Sync 1 DAGs
[2023-09-01T13:18:29.661+0900] {logging_mixin.py:151} INFO - [2023-09-01T13:18:29.661+0900] {dag.py:3677} INFO - Setting next_dagrun for example_branch_dop_operator_v3 to 2023-09-01T04:17:00+00:00, run_after=2023-09-01T04:18:00+00:00
[2023-09-01T13:18:29.670+0900] {processor.py:179} INFO - Processing /usr/local/lib/python3.8/dist-packages/airflow/example_dags/example_branch_python_dop_operator_3.py took 0.039 seconds
[2023-09-01T13:19:14.593+0900] {processor.py:157} INFO - Started process (PID=10225) to work on /usr/local/lib/python3.8/dist-packages/airflow/example_dags/example_branch_python_dop_operator_3.py
[2023-09-01T13:19:14.595+0900] {processor.py:829} INFO - Processing file /usr/local/lib/python3.8/dist-packages/airflow/example_dags/example_branch_python_dop_operator_3.py for tasks to queue
[2023-09-01T13:19:14.597+0900] {logging_mixin.py:151} INFO - [2023-09-01T13:19:14.596+0900] {dagbag.py:539} INFO - Filling up the DagBag from /usr/local/lib/python3.8/dist-packages/airflow/example_dags/example_branch_python_dop_operator_3.py
[2023-09-01T13:19:14.609+0900] {processor.py:839} INFO - DAG(s) dict_keys(['example_branch_dop_operator_v3']) retrieved from /usr/local/lib/python3.8/dist-packages/airflow/example_dags/example_branch_python_dop_operator_3.py
[2023-09-01T13:19:14.624+0900] {logging_mixin.py:151} INFO - [2023-09-01T13:19:14.624+0900] {dag.py:2907} INFO - Sync 1 DAGs
[2023-09-01T13:19:14.639+0900] {logging_mixin.py:151} INFO - [2023-09-01T13:19:14.639+0900] {dag.py:3677} INFO - Setting next_dagrun for example_branch_dop_operator_v3 to 2023-09-01T04:18:00+00:00, run_after=2023-09-01T04:19:00+00:00
[2023-09-01T13:19:14.649+0900] {processor.py:179} INFO - Processing /usr/local/lib/python3.8/dist-packages/airflow/example_dags/example_branch_python_dop_operator_3.py took 0.061 seconds
[2023-09-01T13:19:59.213+0900] {processor.py:157} INFO - Started process (PID=10655) to work on /usr/local/lib/python3.8/dist-packages/airflow/example_dags/example_branch_python_dop_operator_3.py
[2023-09-01T13:19:59.214+0900] {processor.py:829} INFO - Processing file /usr/local/lib/python3.8/dist-packages/airflow/example_dags/example_branch_python_dop_operator_3.py for tasks to queue
[2023-09-01T13:19:59.216+0900] {logging_mixin.py:151} INFO - [2023-09-01T13:19:59.215+0900] {dagbag.py:539} INFO - Filling up the DagBag from /usr/local/lib/python3.8/dist-packages/airflow/example_dags/example_branch_python_dop_operator_3.py
[2023-09-01T13:19:59.229+0900] {processor.py:839} INFO - DAG(s) dict_keys(['example_branch_dop_operator_v3']) retrieved from /usr/local/lib/python3.8/dist-packages/airflow/example_dags/example_branch_python_dop_operator_3.py
[2023-09-01T13:19:59.245+0900] {logging_mixin.py:151} INFO - [2023-09-01T13:19:59.245+0900] {dag.py:2907} INFO - Sync 1 DAGs
[2023-09-01T13:19:59.259+0900] {logging_mixin.py:151} INFO - [2023-09-01T13:19:59.259+0900] {dag.py:3677} INFO - Setting next_dagrun for example_branch_dop_operator_v3 to 2023-09-01T04:18:00+00:00, run_after=2023-09-01T04:19:00+00:00
[2023-09-01T13:19:59.270+0900] {processor.py:179} INFO - Processing /usr/local/lib/python3.8/dist-packages/airflow/example_dags/example_branch_python_dop_operator_3.py took 0.063 seconds
[2023-09-01T13:20:42.038+0900] {processor.py:157} INFO - Started process (PID=11101) to work on /usr/local/lib/python3.8/dist-packages/airflow/example_dags/example_branch_python_dop_operator_3.py
[2023-09-01T13:20:42.039+0900] {processor.py:829} INFO - Processing file /usr/local/lib/python3.8/dist-packages/airflow/example_dags/example_branch_python_dop_operator_3.py for tasks to queue
[2023-09-01T13:20:42.040+0900] {logging_mixin.py:151} INFO - [2023-09-01T13:20:42.039+0900] {dagbag.py:539} INFO - Filling up the DagBag from /usr/local/lib/python3.8/dist-packages/airflow/example_dags/example_branch_python_dop_operator_3.py
[2023-09-01T13:20:42.052+0900] {processor.py:839} INFO - DAG(s) dict_keys(['example_branch_dop_operator_v3']) retrieved from /usr/local/lib/python3.8/dist-packages/airflow/example_dags/example_branch_python_dop_operator_3.py
[2023-09-01T13:20:42.068+0900] {logging_mixin.py:151} INFO - [2023-09-01T13:20:42.067+0900] {dag.py:2907} INFO - Sync 1 DAGs
[2023-09-01T13:20:42.082+0900] {logging_mixin.py:151} INFO - [2023-09-01T13:20:42.082+0900] {dag.py:3677} INFO - Setting next_dagrun for example_branch_dop_operator_v3 to 2023-09-01T04:19:00+00:00, run_after=2023-09-01T04:20:00+00:00
[2023-09-01T13:20:42.095+0900] {processor.py:179} INFO - Processing /usr/local/lib/python3.8/dist-packages/airflow/example_dags/example_branch_python_dop_operator_3.py took 0.064 seconds
[2023-09-01T13:21:47.063+0900] {processor.py:157} INFO - Started process (PID=11649) to work on /usr/local/lib/python3.8/dist-packages/airflow/example_dags/example_branch_python_dop_operator_3.py
[2023-09-01T13:21:47.065+0900] {processor.py:829} INFO - Processing file /usr/local/lib/python3.8/dist-packages/airflow/example_dags/example_branch_python_dop_operator_3.py for tasks to queue
[2023-09-01T13:21:47.066+0900] {logging_mixin.py:151} INFO - [2023-09-01T13:21:47.065+0900] {dagbag.py:539} INFO - Filling up the DagBag from /usr/local/lib/python3.8/dist-packages/airflow/example_dags/example_branch_python_dop_operator_3.py
[2023-09-01T13:21:47.079+0900] {processor.py:839} INFO - DAG(s) dict_keys(['example_branch_dop_operator_v3']) retrieved from /usr/local/lib/python3.8/dist-packages/airflow/example_dags/example_branch_python_dop_operator_3.py
[2023-09-01T13:21:47.095+0900] {logging_mixin.py:151} INFO - [2023-09-01T13:21:47.095+0900] {dag.py:2907} INFO - Sync 1 DAGs
[2023-09-01T13:21:47.110+0900] {logging_mixin.py:151} INFO - [2023-09-01T13:21:47.110+0900] {dag.py:3677} INFO - Setting next_dagrun for example_branch_dop_operator_v3 to 2023-09-01T04:20:00+00:00, run_after=2023-09-01T04:21:00+00:00
[2023-09-01T13:21:47.122+0900] {processor.py:179} INFO - Processing /usr/local/lib/python3.8/dist-packages/airflow/example_dags/example_branch_python_dop_operator_3.py took 0.065 seconds
[2023-09-01T13:22:31.222+0900] {processor.py:157} INFO - Started process (PID=12080) to work on /usr/local/lib/python3.8/dist-packages/airflow/example_dags/example_branch_python_dop_operator_3.py
[2023-09-01T13:22:31.224+0900] {processor.py:829} INFO - Processing file /usr/local/lib/python3.8/dist-packages/airflow/example_dags/example_branch_python_dop_operator_3.py for tasks to queue
[2023-09-01T13:22:31.225+0900] {logging_mixin.py:151} INFO - [2023-09-01T13:22:31.225+0900] {dagbag.py:539} INFO - Filling up the DagBag from /usr/local/lib/python3.8/dist-packages/airflow/example_dags/example_branch_python_dop_operator_3.py
[2023-09-01T13:22:31.241+0900] {processor.py:839} INFO - DAG(s) dict_keys(['example_branch_dop_operator_v3']) retrieved from /usr/local/lib/python3.8/dist-packages/airflow/example_dags/example_branch_python_dop_operator_3.py
[2023-09-01T13:22:31.258+0900] {logging_mixin.py:151} INFO - [2023-09-01T13:22:31.258+0900] {dag.py:2907} INFO - Sync 1 DAGs
[2023-09-01T13:22:31.275+0900] {logging_mixin.py:151} INFO - [2023-09-01T13:22:31.275+0900] {dag.py:3677} INFO - Setting next_dagrun for example_branch_dop_operator_v3 to 2023-09-01T04:21:00+00:00, run_after=2023-09-01T04:22:00+00:00
[2023-09-01T13:22:31.287+0900] {processor.py:179} INFO - Processing /usr/local/lib/python3.8/dist-packages/airflow/example_dags/example_branch_python_dop_operator_3.py took 0.069 seconds
[2023-09-01T13:23:14.418+0900] {processor.py:157} INFO - Started process (PID=12485) to work on /usr/local/lib/python3.8/dist-packages/airflow/example_dags/example_branch_python_dop_operator_3.py
[2023-09-01T13:23:14.419+0900] {processor.py:829} INFO - Processing file /usr/local/lib/python3.8/dist-packages/airflow/example_dags/example_branch_python_dop_operator_3.py for tasks to queue
[2023-09-01T13:23:14.421+0900] {logging_mixin.py:151} INFO - [2023-09-01T13:23:14.420+0900] {dagbag.py:539} INFO - Filling up the DagBag from /usr/local/lib/python3.8/dist-packages/airflow/example_dags/example_branch_python_dop_operator_3.py
[2023-09-01T13:23:14.433+0900] {processor.py:839} INFO - DAG(s) dict_keys(['example_branch_dop_operator_v3']) retrieved from /usr/local/lib/python3.8/dist-packages/airflow/example_dags/example_branch_python_dop_operator_3.py
[2023-09-01T13:23:14.449+0900] {logging_mixin.py:151} INFO - [2023-09-01T13:23:14.448+0900] {dag.py:2907} INFO - Sync 1 DAGs
[2023-09-01T13:23:14.463+0900] {logging_mixin.py:151} INFO - [2023-09-01T13:23:14.463+0900] {dag.py:3677} INFO - Setting next_dagrun for example_branch_dop_operator_v3 to 2023-09-01T04:22:00+00:00, run_after=2023-09-01T04:23:00+00:00
[2023-09-01T13:23:14.474+0900] {processor.py:179} INFO - Processing /usr/local/lib/python3.8/dist-packages/airflow/example_dags/example_branch_python_dop_operator_3.py took 0.062 seconds
[2023-09-01T13:24:09.433+0900] {processor.py:157} INFO - Started process (PID=13044) to work on /usr/local/lib/python3.8/dist-packages/airflow/example_dags/example_branch_python_dop_operator_3.py
[2023-09-01T13:24:09.435+0900] {processor.py:829} INFO - Processing file /usr/local/lib/python3.8/dist-packages/airflow/example_dags/example_branch_python_dop_operator_3.py for tasks to queue
[2023-09-01T13:24:09.436+0900] {logging_mixin.py:151} INFO - [2023-09-01T13:24:09.435+0900] {dagbag.py:539} INFO - Filling up the DagBag from /usr/local/lib/python3.8/dist-packages/airflow/example_dags/example_branch_python_dop_operator_3.py
[2023-09-01T13:24:09.448+0900] {processor.py:839} INFO - DAG(s) dict_keys(['example_branch_dop_operator_v3']) retrieved from /usr/local/lib/python3.8/dist-packages/airflow/example_dags/example_branch_python_dop_operator_3.py
[2023-09-01T13:24:09.463+0900] {logging_mixin.py:151} INFO - [2023-09-01T13:24:09.463+0900] {dag.py:2907} INFO - Sync 1 DAGs
[2023-09-01T13:24:09.479+0900] {logging_mixin.py:151} INFO - [2023-09-01T13:24:09.479+0900] {dag.py:3677} INFO - Setting next_dagrun for example_branch_dop_operator_v3 to 2023-09-01T04:23:00+00:00, run_after=2023-09-01T04:24:00+00:00
[2023-09-01T13:24:09.491+0900] {processor.py:179} INFO - Processing /usr/local/lib/python3.8/dist-packages/airflow/example_dags/example_branch_python_dop_operator_3.py took 0.063 seconds
[2023-09-01T13:24:56.617+0900] {processor.py:157} INFO - Started process (PID=13533) to work on /usr/local/lib/python3.8/dist-packages/airflow/example_dags/example_branch_python_dop_operator_3.py
[2023-09-01T13:24:56.619+0900] {processor.py:829} INFO - Processing file /usr/local/lib/python3.8/dist-packages/airflow/example_dags/example_branch_python_dop_operator_3.py for tasks to queue
[2023-09-01T13:24:56.621+0900] {logging_mixin.py:151} INFO - [2023-09-01T13:24:56.620+0900] {dagbag.py:539} INFO - Filling up the DagBag from /usr/local/lib/python3.8/dist-packages/airflow/example_dags/example_branch_python_dop_operator_3.py
[2023-09-01T13:24:56.628+0900] {processor.py:839} INFO - DAG(s) dict_keys(['example_branch_dop_operator_v3']) retrieved from /usr/local/lib/python3.8/dist-packages/airflow/example_dags/example_branch_python_dop_operator_3.py
[2023-09-01T13:24:56.640+0900] {logging_mixin.py:151} INFO - [2023-09-01T13:24:56.640+0900] {dag.py:2907} INFO - Sync 1 DAGs
[2023-09-01T13:24:56.655+0900] {logging_mixin.py:151} INFO - [2023-09-01T13:24:56.655+0900] {dag.py:3677} INFO - Setting next_dagrun for example_branch_dop_operator_v3 to 2023-09-01T04:23:00+00:00, run_after=2023-09-01T04:24:00+00:00
[2023-09-01T13:24:56.666+0900] {processor.py:179} INFO - Processing /usr/local/lib/python3.8/dist-packages/airflow/example_dags/example_branch_python_dop_operator_3.py took 0.051 seconds
[2023-09-01T13:26:20.016+0900] {processor.py:157} INFO - Started process (PID=14623) to work on /usr/local/lib/python3.8/dist-packages/airflow/example_dags/example_branch_python_dop_operator_3.py
[2023-09-01T13:26:20.019+0900] {processor.py:829} INFO - Processing file /usr/local/lib/python3.8/dist-packages/airflow/example_dags/example_branch_python_dop_operator_3.py for tasks to queue
[2023-09-01T13:26:20.020+0900] {logging_mixin.py:151} INFO - [2023-09-01T13:26:20.019+0900] {dagbag.py:539} INFO - Filling up the DagBag from /usr/local/lib/python3.8/dist-packages/airflow/example_dags/example_branch_python_dop_operator_3.py
[2023-09-01T13:26:20.032+0900] {processor.py:839} INFO - DAG(s) dict_keys(['example_branch_dop_operator_v3']) retrieved from /usr/local/lib/python3.8/dist-packages/airflow/example_dags/example_branch_python_dop_operator_3.py
[2023-09-01T13:26:20.047+0900] {logging_mixin.py:151} INFO - [2023-09-01T13:26:20.046+0900] {dag.py:2907} INFO - Sync 1 DAGs
[2023-09-01T13:26:20.061+0900] {logging_mixin.py:151} INFO - [2023-09-01T13:26:20.061+0900] {dag.py:3677} INFO - Setting next_dagrun for example_branch_dop_operator_v3 to 2023-09-01T04:25:00+00:00, run_after=2023-09-01T04:26:00+00:00
[2023-09-01T13:26:20.071+0900] {processor.py:179} INFO - Processing /usr/local/lib/python3.8/dist-packages/airflow/example_dags/example_branch_python_dop_operator_3.py took 0.059 seconds
[2023-09-01T13:27:05.676+0900] {processor.py:157} INFO - Started process (PID=15069) to work on /usr/local/lib/python3.8/dist-packages/airflow/example_dags/example_branch_python_dop_operator_3.py
[2023-09-01T13:27:05.677+0900] {processor.py:829} INFO - Processing file /usr/local/lib/python3.8/dist-packages/airflow/example_dags/example_branch_python_dop_operator_3.py for tasks to queue
[2023-09-01T13:27:05.679+0900] {logging_mixin.py:151} INFO - [2023-09-01T13:27:05.678+0900] {dagbag.py:539} INFO - Filling up the DagBag from /usr/local/lib/python3.8/dist-packages/airflow/example_dags/example_branch_python_dop_operator_3.py
[2023-09-01T13:27:05.690+0900] {processor.py:839} INFO - DAG(s) dict_keys(['example_branch_dop_operator_v3']) retrieved from /usr/local/lib/python3.8/dist-packages/airflow/example_dags/example_branch_python_dop_operator_3.py
[2023-09-01T13:27:05.705+0900] {logging_mixin.py:151} INFO - [2023-09-01T13:27:05.705+0900] {dag.py:2907} INFO - Sync 1 DAGs
[2023-09-01T13:27:05.720+0900] {logging_mixin.py:151} INFO - [2023-09-01T13:27:05.720+0900] {dag.py:3677} INFO - Setting next_dagrun for example_branch_dop_operator_v3 to 2023-09-01T04:26:00+00:00, run_after=2023-09-01T04:27:00+00:00
[2023-09-01T13:27:05.730+0900] {processor.py:179} INFO - Processing /usr/local/lib/python3.8/dist-packages/airflow/example_dags/example_branch_python_dop_operator_3.py took 0.059 seconds
[2023-09-01T13:27:50.847+0900] {processor.py:157} INFO - Started process (PID=15498) to work on /usr/local/lib/python3.8/dist-packages/airflow/example_dags/example_branch_python_dop_operator_3.py
[2023-09-01T13:27:50.849+0900] {processor.py:829} INFO - Processing file /usr/local/lib/python3.8/dist-packages/airflow/example_dags/example_branch_python_dop_operator_3.py for tasks to queue
[2023-09-01T13:27:50.850+0900] {logging_mixin.py:151} INFO - [2023-09-01T13:27:50.850+0900] {dagbag.py:539} INFO - Filling up the DagBag from /usr/local/lib/python3.8/dist-packages/airflow/example_dags/example_branch_python_dop_operator_3.py
[2023-09-01T13:27:50.858+0900] {processor.py:839} INFO - DAG(s) dict_keys(['example_branch_dop_operator_v3']) retrieved from /usr/local/lib/python3.8/dist-packages/airflow/example_dags/example_branch_python_dop_operator_3.py
[2023-09-01T13:27:50.869+0900] {logging_mixin.py:151} INFO - [2023-09-01T13:27:50.869+0900] {dag.py:2907} INFO - Sync 1 DAGs
[2023-09-01T13:27:50.880+0900] {logging_mixin.py:151} INFO - [2023-09-01T13:27:50.880+0900] {dag.py:3677} INFO - Setting next_dagrun for example_branch_dop_operator_v3 to 2023-09-01T04:26:00+00:00, run_after=2023-09-01T04:27:00+00:00
[2023-09-01T13:27:50.889+0900] {processor.py:179} INFO - Processing /usr/local/lib/python3.8/dist-packages/airflow/example_dags/example_branch_python_dop_operator_3.py took 0.046 seconds
[2023-09-01T13:28:34.885+0900] {processor.py:157} INFO - Started process (PID=15929) to work on /usr/local/lib/python3.8/dist-packages/airflow/example_dags/example_branch_python_dop_operator_3.py
[2023-09-01T13:28:34.887+0900] {processor.py:829} INFO - Processing file /usr/local/lib/python3.8/dist-packages/airflow/example_dags/example_branch_python_dop_operator_3.py for tasks to queue
[2023-09-01T13:28:34.889+0900] {logging_mixin.py:151} INFO - [2023-09-01T13:28:34.888+0900] {dagbag.py:539} INFO - Filling up the DagBag from /usr/local/lib/python3.8/dist-packages/airflow/example_dags/example_branch_python_dop_operator_3.py
[2023-09-01T13:28:34.900+0900] {processor.py:839} INFO - DAG(s) dict_keys(['example_branch_dop_operator_v3']) retrieved from /usr/local/lib/python3.8/dist-packages/airflow/example_dags/example_branch_python_dop_operator_3.py
[2023-09-01T13:28:34.915+0900] {logging_mixin.py:151} INFO - [2023-09-01T13:28:34.915+0900] {dag.py:2907} INFO - Sync 1 DAGs
[2023-09-01T13:28:34.929+0900] {logging_mixin.py:151} INFO - [2023-09-01T13:28:34.929+0900] {dag.py:3677} INFO - Setting next_dagrun for example_branch_dop_operator_v3 to 2023-09-01T04:27:00+00:00, run_after=2023-09-01T04:28:00+00:00
[2023-09-01T13:28:34.939+0900] {processor.py:179} INFO - Processing /usr/local/lib/python3.8/dist-packages/airflow/example_dags/example_branch_python_dop_operator_3.py took 0.059 seconds
[2023-09-01T13:29:23.627+0900] {processor.py:157} INFO - Started process (PID=16430) to work on /usr/local/lib/python3.8/dist-packages/airflow/example_dags/example_branch_python_dop_operator_3.py
[2023-09-01T13:29:23.629+0900] {processor.py:829} INFO - Processing file /usr/local/lib/python3.8/dist-packages/airflow/example_dags/example_branch_python_dop_operator_3.py for tasks to queue
[2023-09-01T13:29:23.630+0900] {logging_mixin.py:151} INFO - [2023-09-01T13:29:23.629+0900] {dagbag.py:539} INFO - Filling up the DagBag from /usr/local/lib/python3.8/dist-packages/airflow/example_dags/example_branch_python_dop_operator_3.py
[2023-09-01T13:29:23.639+0900] {processor.py:839} INFO - DAG(s) dict_keys(['example_branch_dop_operator_v3']) retrieved from /usr/local/lib/python3.8/dist-packages/airflow/example_dags/example_branch_python_dop_operator_3.py
[2023-09-01T13:29:23.654+0900] {logging_mixin.py:151} INFO - [2023-09-01T13:29:23.654+0900] {dag.py:2907} INFO - Sync 1 DAGs
[2023-09-01T13:29:23.668+0900] {logging_mixin.py:151} INFO - [2023-09-01T13:29:23.668+0900] {dag.py:3677} INFO - Setting next_dagrun for example_branch_dop_operator_v3 to 2023-09-01T04:28:00+00:00, run_after=2023-09-01T04:29:00+00:00
[2023-09-01T13:29:23.680+0900] {processor.py:179} INFO - Processing /usr/local/lib/python3.8/dist-packages/airflow/example_dags/example_branch_python_dop_operator_3.py took 0.057 seconds
[2023-09-01T13:30:11.640+0900] {processor.py:157} INFO - Started process (PID=16894) to work on /usr/local/lib/python3.8/dist-packages/airflow/example_dags/example_branch_python_dop_operator_3.py
[2023-09-01T13:30:11.641+0900] {processor.py:829} INFO - Processing file /usr/local/lib/python3.8/dist-packages/airflow/example_dags/example_branch_python_dop_operator_3.py for tasks to queue
[2023-09-01T13:30:11.643+0900] {logging_mixin.py:151} INFO - [2023-09-01T13:30:11.642+0900] {dagbag.py:539} INFO - Filling up the DagBag from /usr/local/lib/python3.8/dist-packages/airflow/example_dags/example_branch_python_dop_operator_3.py
[2023-09-01T13:30:11.655+0900] {processor.py:839} INFO - DAG(s) dict_keys(['example_branch_dop_operator_v3']) retrieved from /usr/local/lib/python3.8/dist-packages/airflow/example_dags/example_branch_python_dop_operator_3.py
[2023-09-01T13:30:11.673+0900] {logging_mixin.py:151} INFO - [2023-09-01T13:30:11.673+0900] {dag.py:2907} INFO - Sync 1 DAGs
[2023-09-01T13:30:11.689+0900] {logging_mixin.py:151} INFO - [2023-09-01T13:30:11.688+0900] {dag.py:3677} INFO - Setting next_dagrun for example_branch_dop_operator_v3 to 2023-09-01T04:29:00+00:00, run_after=2023-09-01T04:30:00+00:00
[2023-09-01T13:30:11.699+0900] {processor.py:179} INFO - Processing /usr/local/lib/python3.8/dist-packages/airflow/example_dags/example_branch_python_dop_operator_3.py took 0.063 seconds
[2023-09-01T13:30:54.892+0900] {processor.py:157} INFO - Started process (PID=17314) to work on /usr/local/lib/python3.8/dist-packages/airflow/example_dags/example_branch_python_dop_operator_3.py
[2023-09-01T13:30:54.895+0900] {processor.py:829} INFO - Processing file /usr/local/lib/python3.8/dist-packages/airflow/example_dags/example_branch_python_dop_operator_3.py for tasks to queue
[2023-09-01T13:30:54.897+0900] {logging_mixin.py:151} INFO - [2023-09-01T13:30:54.896+0900] {dagbag.py:539} INFO - Filling up the DagBag from /usr/local/lib/python3.8/dist-packages/airflow/example_dags/example_branch_python_dop_operator_3.py
[2023-09-01T13:30:54.908+0900] {processor.py:839} INFO - DAG(s) dict_keys(['example_branch_dop_operator_v3']) retrieved from /usr/local/lib/python3.8/dist-packages/airflow/example_dags/example_branch_python_dop_operator_3.py
[2023-09-01T13:30:54.926+0900] {logging_mixin.py:151} INFO - [2023-09-01T13:30:54.926+0900] {dag.py:2907} INFO - Sync 1 DAGs
[2023-09-01T13:30:54.941+0900] {logging_mixin.py:151} INFO - [2023-09-01T13:30:54.941+0900] {dag.py:3677} INFO - Setting next_dagrun for example_branch_dop_operator_v3 to 2023-09-01T04:29:00+00:00, run_after=2023-09-01T04:30:00+00:00
[2023-09-01T13:30:54.953+0900] {processor.py:179} INFO - Processing /usr/local/lib/python3.8/dist-packages/airflow/example_dags/example_branch_python_dop_operator_3.py took 0.068 seconds
[2023-09-01T13:31:37.786+0900] {processor.py:157} INFO - Started process (PID=17724) to work on /usr/local/lib/python3.8/dist-packages/airflow/example_dags/example_branch_python_dop_operator_3.py
[2023-09-01T13:31:37.786+0900] {processor.py:829} INFO - Processing file /usr/local/lib/python3.8/dist-packages/airflow/example_dags/example_branch_python_dop_operator_3.py for tasks to queue
[2023-09-01T13:31:37.787+0900] {logging_mixin.py:151} INFO - [2023-09-01T13:31:37.787+0900] {dagbag.py:539} INFO - Filling up the DagBag from /usr/local/lib/python3.8/dist-packages/airflow/example_dags/example_branch_python_dop_operator_3.py
[2023-09-01T13:31:37.793+0900] {processor.py:839} INFO - DAG(s) dict_keys(['example_branch_dop_operator_v3']) retrieved from /usr/local/lib/python3.8/dist-packages/airflow/example_dags/example_branch_python_dop_operator_3.py
[2023-09-01T13:31:37.802+0900] {logging_mixin.py:151} INFO - [2023-09-01T13:31:37.802+0900] {dag.py:2907} INFO - Sync 1 DAGs
[2023-09-01T13:31:37.813+0900] {logging_mixin.py:151} INFO - [2023-09-01T13:31:37.813+0900] {dag.py:3677} INFO - Setting next_dagrun for example_branch_dop_operator_v3 to 2023-09-01T04:30:00+00:00, run_after=2023-09-01T04:31:00+00:00
[2023-09-01T13:31:37.823+0900] {processor.py:179} INFO - Processing /usr/local/lib/python3.8/dist-packages/airflow/example_dags/example_branch_python_dop_operator_3.py took 0.040 seconds
[2023-09-01T13:32:23.589+0900] {processor.py:157} INFO - Started process (PID=18169) to work on /usr/local/lib/python3.8/dist-packages/airflow/example_dags/example_branch_python_dop_operator_3.py
[2023-09-01T13:32:23.591+0900] {processor.py:829} INFO - Processing file /usr/local/lib/python3.8/dist-packages/airflow/example_dags/example_branch_python_dop_operator_3.py for tasks to queue
[2023-09-01T13:32:23.592+0900] {logging_mixin.py:151} INFO - [2023-09-01T13:32:23.591+0900] {dagbag.py:539} INFO - Filling up the DagBag from /usr/local/lib/python3.8/dist-packages/airflow/example_dags/example_branch_python_dop_operator_3.py
[2023-09-01T13:32:23.604+0900] {processor.py:839} INFO - DAG(s) dict_keys(['example_branch_dop_operator_v3']) retrieved from /usr/local/lib/python3.8/dist-packages/airflow/example_dags/example_branch_python_dop_operator_3.py
[2023-09-01T13:32:23.620+0900] {logging_mixin.py:151} INFO - [2023-09-01T13:32:23.620+0900] {dag.py:2907} INFO - Sync 1 DAGs
[2023-09-01T13:32:23.636+0900] {logging_mixin.py:151} INFO - [2023-09-01T13:32:23.636+0900] {dag.py:3677} INFO - Setting next_dagrun for example_branch_dop_operator_v3 to 2023-09-01T04:31:00+00:00, run_after=2023-09-01T04:32:00+00:00
[2023-09-01T13:32:23.647+0900] {processor.py:179} INFO - Processing /usr/local/lib/python3.8/dist-packages/airflow/example_dags/example_branch_python_dop_operator_3.py took 0.063 seconds
[2023-09-01T13:33:06.478+0900] {processor.py:157} INFO - Started process (PID=18591) to work on /usr/local/lib/python3.8/dist-packages/airflow/example_dags/example_branch_python_dop_operator_3.py
[2023-09-01T13:33:06.480+0900] {processor.py:829} INFO - Processing file /usr/local/lib/python3.8/dist-packages/airflow/example_dags/example_branch_python_dop_operator_3.py for tasks to queue
[2023-09-01T13:33:06.482+0900] {logging_mixin.py:151} INFO - [2023-09-01T13:33:06.480+0900] {dagbag.py:539} INFO - Filling up the DagBag from /usr/local/lib/python3.8/dist-packages/airflow/example_dags/example_branch_python_dop_operator_3.py
[2023-09-01T13:33:06.489+0900] {processor.py:839} INFO - DAG(s) dict_keys(['example_branch_dop_operator_v3']) retrieved from /usr/local/lib/python3.8/dist-packages/airflow/example_dags/example_branch_python_dop_operator_3.py
[2023-09-01T13:33:06.501+0900] {logging_mixin.py:151} INFO - [2023-09-01T13:33:06.500+0900] {dag.py:2907} INFO - Sync 1 DAGs
[2023-09-01T13:33:06.515+0900] {logging_mixin.py:151} INFO - [2023-09-01T13:33:06.515+0900] {dag.py:3677} INFO - Setting next_dagrun for example_branch_dop_operator_v3 to 2023-09-01T04:32:00+00:00, run_after=2023-09-01T04:33:00+00:00
[2023-09-01T13:33:06.527+0900] {processor.py:179} INFO - Processing /usr/local/lib/python3.8/dist-packages/airflow/example_dags/example_branch_python_dop_operator_3.py took 0.052 seconds
[2023-09-01T13:33:56.464+0900] {processor.py:157} INFO - Started process (PID=19095) to work on /usr/local/lib/python3.8/dist-packages/airflow/example_dags/example_branch_python_dop_operator_3.py
[2023-09-01T13:33:56.466+0900] {processor.py:829} INFO - Processing file /usr/local/lib/python3.8/dist-packages/airflow/example_dags/example_branch_python_dop_operator_3.py for tasks to queue
[2023-09-01T13:33:56.467+0900] {logging_mixin.py:151} INFO - [2023-09-01T13:33:56.466+0900] {dagbag.py:539} INFO - Filling up the DagBag from /usr/local/lib/python3.8/dist-packages/airflow/example_dags/example_branch_python_dop_operator_3.py
[2023-09-01T13:33:56.477+0900] {processor.py:839} INFO - DAG(s) dict_keys(['example_branch_dop_operator_v3']) retrieved from /usr/local/lib/python3.8/dist-packages/airflow/example_dags/example_branch_python_dop_operator_3.py
[2023-09-01T13:33:56.494+0900] {logging_mixin.py:151} INFO - [2023-09-01T13:33:56.493+0900] {dag.py:2907} INFO - Sync 1 DAGs
[2023-09-01T13:33:56.508+0900] {logging_mixin.py:151} INFO - [2023-09-01T13:33:56.508+0900] {dag.py:3677} INFO - Setting next_dagrun for example_branch_dop_operator_v3 to 2023-09-01T04:32:00+00:00, run_after=2023-09-01T04:33:00+00:00
[2023-09-01T13:33:56.519+0900] {processor.py:179} INFO - Processing /usr/local/lib/python3.8/dist-packages/airflow/example_dags/example_branch_python_dop_operator_3.py took 0.060 seconds
[2023-09-01T13:34:41.232+0900] {processor.py:157} INFO - Started process (PID=19521) to work on /usr/local/lib/python3.8/dist-packages/airflow/example_dags/example_branch_python_dop_operator_3.py
[2023-09-01T13:34:41.233+0900] {processor.py:829} INFO - Processing file /usr/local/lib/python3.8/dist-packages/airflow/example_dags/example_branch_python_dop_operator_3.py for tasks to queue
[2023-09-01T13:34:41.235+0900] {logging_mixin.py:151} INFO - [2023-09-01T13:34:41.234+0900] {dagbag.py:539} INFO - Filling up the DagBag from /usr/local/lib/python3.8/dist-packages/airflow/example_dags/example_branch_python_dop_operator_3.py
[2023-09-01T13:34:41.246+0900] {processor.py:839} INFO - DAG(s) dict_keys(['example_branch_dop_operator_v3']) retrieved from /usr/local/lib/python3.8/dist-packages/airflow/example_dags/example_branch_python_dop_operator_3.py
[2023-09-01T13:34:41.261+0900] {logging_mixin.py:151} INFO - [2023-09-01T13:34:41.261+0900] {dag.py:2907} INFO - Sync 1 DAGs
[2023-09-01T13:34:41.277+0900] {logging_mixin.py:151} INFO - [2023-09-01T13:34:41.277+0900] {dag.py:3677} INFO - Setting next_dagrun for example_branch_dop_operator_v3 to 2023-09-01T04:33:00+00:00, run_after=2023-09-01T04:34:00+00:00
[2023-09-01T13:34:41.290+0900] {processor.py:179} INFO - Processing /usr/local/lib/python3.8/dist-packages/airflow/example_dags/example_branch_python_dop_operator_3.py took 0.063 seconds
[2023-09-01T13:35:24.531+0900] {processor.py:157} INFO - Started process (PID=19948) to work on /usr/local/lib/python3.8/dist-packages/airflow/example_dags/example_branch_python_dop_operator_3.py
[2023-09-01T13:35:24.532+0900] {processor.py:829} INFO - Processing file /usr/local/lib/python3.8/dist-packages/airflow/example_dags/example_branch_python_dop_operator_3.py for tasks to queue
[2023-09-01T13:35:24.533+0900] {logging_mixin.py:151} INFO - [2023-09-01T13:35:24.533+0900] {dagbag.py:539} INFO - Filling up the DagBag from /usr/local/lib/python3.8/dist-packages/airflow/example_dags/example_branch_python_dop_operator_3.py
[2023-09-01T13:35:24.542+0900] {processor.py:839} INFO - DAG(s) dict_keys(['example_branch_dop_operator_v3']) retrieved from /usr/local/lib/python3.8/dist-packages/airflow/example_dags/example_branch_python_dop_operator_3.py
[2023-09-01T13:35:24.557+0900] {logging_mixin.py:151} INFO - [2023-09-01T13:35:24.557+0900] {dag.py:2907} INFO - Sync 1 DAGs
[2023-09-01T13:35:24.574+0900] {logging_mixin.py:151} INFO - [2023-09-01T13:35:24.574+0900] {dag.py:3677} INFO - Setting next_dagrun for example_branch_dop_operator_v3 to 2023-09-01T04:34:00+00:00, run_after=2023-09-01T04:35:00+00:00
[2023-09-01T13:35:24.586+0900] {processor.py:179} INFO - Processing /usr/local/lib/python3.8/dist-packages/airflow/example_dags/example_branch_python_dop_operator_3.py took 0.057 seconds
[2023-09-01T13:36:08.276+0900] {processor.py:157} INFO - Started process (PID=20375) to work on /usr/local/lib/python3.8/dist-packages/airflow/example_dags/example_branch_python_dop_operator_3.py
[2023-09-01T13:36:08.278+0900] {processor.py:829} INFO - Processing file /usr/local/lib/python3.8/dist-packages/airflow/example_dags/example_branch_python_dop_operator_3.py for tasks to queue
[2023-09-01T13:36:08.279+0900] {logging_mixin.py:151} INFO - [2023-09-01T13:36:08.278+0900] {dagbag.py:539} INFO - Filling up the DagBag from /usr/local/lib/python3.8/dist-packages/airflow/example_dags/example_branch_python_dop_operator_3.py
[2023-09-01T13:36:08.288+0900] {processor.py:839} INFO - DAG(s) dict_keys(['example_branch_dop_operator_v3']) retrieved from /usr/local/lib/python3.8/dist-packages/airflow/example_dags/example_branch_python_dop_operator_3.py
[2023-09-01T13:36:08.300+0900] {logging_mixin.py:151} INFO - [2023-09-01T13:36:08.300+0900] {dag.py:2907} INFO - Sync 1 DAGs
[2023-09-01T13:36:08.313+0900] {logging_mixin.py:151} INFO - [2023-09-01T13:36:08.313+0900] {dag.py:3677} INFO - Setting next_dagrun for example_branch_dop_operator_v3 to 2023-09-01T04:35:00+00:00, run_after=2023-09-01T04:36:00+00:00
[2023-09-01T13:36:08.323+0900] {processor.py:179} INFO - Processing /usr/local/lib/python3.8/dist-packages/airflow/example_dags/example_branch_python_dop_operator_3.py took 0.051 seconds
[2023-09-01T13:36:57.491+0900] {processor.py:157} INFO - Started process (PID=20835) to work on /usr/local/lib/python3.8/dist-packages/airflow/example_dags/example_branch_python_dop_operator_3.py
[2023-09-01T13:36:57.492+0900] {processor.py:829} INFO - Processing file /usr/local/lib/python3.8/dist-packages/airflow/example_dags/example_branch_python_dop_operator_3.py for tasks to queue
[2023-09-01T13:36:57.494+0900] {logging_mixin.py:151} INFO - [2023-09-01T13:36:57.493+0900] {dagbag.py:539} INFO - Filling up the DagBag from /usr/local/lib/python3.8/dist-packages/airflow/example_dags/example_branch_python_dop_operator_3.py
[2023-09-01T13:36:57.505+0900] {processor.py:839} INFO - DAG(s) dict_keys(['example_branch_dop_operator_v3']) retrieved from /usr/local/lib/python3.8/dist-packages/airflow/example_dags/example_branch_python_dop_operator_3.py
[2023-09-01T13:36:57.519+0900] {logging_mixin.py:151} INFO - [2023-09-01T13:36:57.519+0900] {dag.py:2907} INFO - Sync 1 DAGs
[2023-09-01T13:36:57.533+0900] {logging_mixin.py:151} INFO - [2023-09-01T13:36:57.533+0900] {dag.py:3677} INFO - Setting next_dagrun for example_branch_dop_operator_v3 to 2023-09-01T04:35:00+00:00, run_after=2023-09-01T04:36:00+00:00
[2023-09-01T13:36:57.544+0900] {processor.py:179} INFO - Processing /usr/local/lib/python3.8/dist-packages/airflow/example_dags/example_branch_python_dop_operator_3.py took 0.058 seconds
[2023-09-01T13:37:43.013+0900] {processor.py:157} INFO - Started process (PID=21282) to work on /usr/local/lib/python3.8/dist-packages/airflow/example_dags/example_branch_python_dop_operator_3.py
[2023-09-01T13:37:43.014+0900] {processor.py:829} INFO - Processing file /usr/local/lib/python3.8/dist-packages/airflow/example_dags/example_branch_python_dop_operator_3.py for tasks to queue
[2023-09-01T13:37:43.015+0900] {logging_mixin.py:151} INFO - [2023-09-01T13:37:43.015+0900] {dagbag.py:539} INFO - Filling up the DagBag from /usr/local/lib/python3.8/dist-packages/airflow/example_dags/example_branch_python_dop_operator_3.py
[2023-09-01T13:37:43.025+0900] {processor.py:839} INFO - DAG(s) dict_keys(['example_branch_dop_operator_v3']) retrieved from /usr/local/lib/python3.8/dist-packages/airflow/example_dags/example_branch_python_dop_operator_3.py
[2023-09-01T13:37:43.038+0900] {logging_mixin.py:151} INFO - [2023-09-01T13:37:43.038+0900] {dag.py:2907} INFO - Sync 1 DAGs
[2023-09-01T13:37:43.050+0900] {logging_mixin.py:151} INFO - [2023-09-01T13:37:43.050+0900] {dag.py:3677} INFO - Setting next_dagrun for example_branch_dop_operator_v3 to 2023-09-01T04:36:00+00:00, run_after=2023-09-01T04:37:00+00:00
[2023-09-01T13:37:43.060+0900] {processor.py:179} INFO - Processing /usr/local/lib/python3.8/dist-packages/airflow/example_dags/example_branch_python_dop_operator_3.py took 0.050 seconds
[2023-09-01T13:38:27.358+0900] {processor.py:157} INFO - Started process (PID=21713) to work on /usr/local/lib/python3.8/dist-packages/airflow/example_dags/example_branch_python_dop_operator_3.py
[2023-09-01T13:38:27.360+0900] {processor.py:829} INFO - Processing file /usr/local/lib/python3.8/dist-packages/airflow/example_dags/example_branch_python_dop_operator_3.py for tasks to queue
[2023-09-01T13:38:27.361+0900] {logging_mixin.py:151} INFO - [2023-09-01T13:38:27.360+0900] {dagbag.py:539} INFO - Filling up the DagBag from /usr/local/lib/python3.8/dist-packages/airflow/example_dags/example_branch_python_dop_operator_3.py
[2023-09-01T13:38:27.373+0900] {processor.py:839} INFO - DAG(s) dict_keys(['example_branch_dop_operator_v3']) retrieved from /usr/local/lib/python3.8/dist-packages/airflow/example_dags/example_branch_python_dop_operator_3.py
[2023-09-01T13:38:27.389+0900] {logging_mixin.py:151} INFO - [2023-09-01T13:38:27.389+0900] {dag.py:2907} INFO - Sync 1 DAGs
[2023-09-01T13:38:27.404+0900] {logging_mixin.py:151} INFO - [2023-09-01T13:38:27.404+0900] {dag.py:3677} INFO - Setting next_dagrun for example_branch_dop_operator_v3 to 2023-09-01T04:37:00+00:00, run_after=2023-09-01T04:38:00+00:00
[2023-09-01T13:38:27.416+0900] {processor.py:179} INFO - Processing /usr/local/lib/python3.8/dist-packages/airflow/example_dags/example_branch_python_dop_operator_3.py took 0.063 seconds
