[2023-09-01T13:07:56.583+0900] {processor.py:157} INFO - Started process (PID=2203) to work on /usr/local/lib/python3.8/dist-packages/airflow/example_dags/example_branch_datetime_operator.py
[2023-09-01T13:07:56.583+0900] {processor.py:829} INFO - Processing file /usr/local/lib/python3.8/dist-packages/airflow/example_dags/example_branch_datetime_operator.py for tasks to queue
[2023-09-01T13:07:56.585+0900] {logging_mixin.py:151} INFO - [2023-09-01T13:07:56.584+0900] {dagbag.py:539} INFO - Filling up the DagBag from /usr/local/lib/python3.8/dist-packages/airflow/example_dags/example_branch_datetime_operator.py
[2023-09-01T13:07:56.593+0900] {processor.py:839} INFO - DAG(s) dict_keys(['example_branch_datetime_operator', 'example_branch_datetime_operator_3', 'example_branch_datetime_operator_2']) retrieved from /usr/local/lib/python3.8/dist-packages/airflow/example_dags/example_branch_datetime_operator.py
[2023-09-01T13:07:56.640+0900] {logging_mixin.py:151} INFO - [2023-09-01T13:07:56.640+0900] {manager.py:501} INFO - Created Permission View: can delete on DAG:example_branch_datetime_operator
[2023-09-01T13:07:56.645+0900] {logging_mixin.py:151} INFO - [2023-09-01T13:07:56.644+0900] {manager.py:501} INFO - Created Permission View: can read on DAG:example_branch_datetime_operator
[2023-09-01T13:07:56.647+0900] {logging_mixin.py:151} INFO - [2023-09-01T13:07:56.647+0900] {manager.py:501} INFO - Created Permission View: can edit on DAG:example_branch_datetime_operator
[2023-09-01T13:07:56.657+0900] {logging_mixin.py:151} INFO - [2023-09-01T13:07:56.657+0900] {manager.py:501} INFO - Created Permission View: can delete on DAG:example_branch_datetime_operator_3
[2023-09-01T13:07:56.660+0900] {logging_mixin.py:151} INFO - [2023-09-01T13:07:56.660+0900] {manager.py:501} INFO - Created Permission View: can read on DAG:example_branch_datetime_operator_3
[2023-09-01T13:07:56.663+0900] {logging_mixin.py:151} INFO - [2023-09-01T13:07:56.663+0900] {manager.py:501} INFO - Created Permission View: can edit on DAG:example_branch_datetime_operator_3
[2023-09-01T13:07:56.671+0900] {logging_mixin.py:151} INFO - [2023-09-01T13:07:56.671+0900] {manager.py:501} INFO - Created Permission View: can delete on DAG:example_branch_datetime_operator_2
[2023-09-01T13:07:56.674+0900] {logging_mixin.py:151} INFO - [2023-09-01T13:07:56.674+0900] {manager.py:501} INFO - Created Permission View: can read on DAG:example_branch_datetime_operator_2
[2023-09-01T13:07:56.676+0900] {logging_mixin.py:151} INFO - [2023-09-01T13:07:56.676+0900] {manager.py:501} INFO - Created Permission View: can edit on DAG:example_branch_datetime_operator_2
[2023-09-01T13:07:56.678+0900] {logging_mixin.py:151} INFO - [2023-09-01T13:07:56.678+0900] {dag.py:2907} INFO - Sync 3 DAGs
[2023-09-01T13:07:56.682+0900] {logging_mixin.py:151} INFO - [2023-09-01T13:07:56.682+0900] {dag.py:2929} INFO - Creating ORM DAG for example_branch_datetime_operator_3
[2023-09-01T13:07:56.683+0900] {logging_mixin.py:151} INFO - [2023-09-01T13:07:56.683+0900] {dag.py:2929} INFO - Creating ORM DAG for example_branch_datetime_operator_2
[2023-09-01T13:07:56.683+0900] {logging_mixin.py:151} INFO - [2023-09-01T13:07:56.683+0900] {dag.py:2929} INFO - Creating ORM DAG for example_branch_datetime_operator
[2023-09-01T13:07:56.686+0900] {logging_mixin.py:151} INFO - [2023-09-01T13:07:56.686+0900] {dag.py:3677} INFO - Setting next_dagrun for example_branch_datetime_operator to 2023-08-31T00:00:00+00:00, run_after=2023-09-01T00:00:00+00:00
[2023-09-01T13:07:56.687+0900] {logging_mixin.py:151} INFO - [2023-09-01T13:07:56.687+0900] {dag.py:3677} INFO - Setting next_dagrun for example_branch_datetime_operator_2 to 2023-08-31T00:00:00+00:00, run_after=2023-09-01T00:00:00+00:00
[2023-09-01T13:07:56.688+0900] {logging_mixin.py:151} INFO - [2023-09-01T13:07:56.688+0900] {dag.py:3677} INFO - Setting next_dagrun for example_branch_datetime_operator_3 to 2023-08-31T00:00:00+00:00, run_after=2023-09-01T00:00:00+00:00
[2023-09-01T13:07:56.696+0900] {processor.py:179} INFO - Processing /usr/local/lib/python3.8/dist-packages/airflow/example_dags/example_branch_datetime_operator.py took 0.116 seconds
[2023-09-01T13:08:55.053+0900] {processor.py:157} INFO - Started process (PID=3985) to work on /usr/local/lib/python3.8/dist-packages/airflow/example_dags/example_branch_datetime_operator.py
[2023-09-01T13:08:55.055+0900] {processor.py:829} INFO - Processing file /usr/local/lib/python3.8/dist-packages/airflow/example_dags/example_branch_datetime_operator.py for tasks to queue
[2023-09-01T13:08:55.057+0900] {logging_mixin.py:151} INFO - [2023-09-01T13:08:55.056+0900] {dagbag.py:539} INFO - Filling up the DagBag from /usr/local/lib/python3.8/dist-packages/airflow/example_dags/example_branch_datetime_operator.py
[2023-09-01T13:08:55.069+0900] {processor.py:839} INFO - DAG(s) dict_keys(['example_branch_datetime_operator', 'example_branch_datetime_operator_3', 'example_branch_datetime_operator_2']) retrieved from /usr/local/lib/python3.8/dist-packages/airflow/example_dags/example_branch_datetime_operator.py
[2023-09-01T13:08:55.088+0900] {logging_mixin.py:151} INFO - [2023-09-01T13:08:55.088+0900] {dag.py:2907} INFO - Sync 3 DAGs
[2023-09-01T13:08:55.100+0900] {logging_mixin.py:151} INFO - [2023-09-01T13:08:55.100+0900] {dag.py:3677} INFO - Setting next_dagrun for example_branch_datetime_operator to 2023-08-31T00:00:00+00:00, run_after=2023-09-01T00:00:00+00:00
[2023-09-01T13:08:55.102+0900] {logging_mixin.py:151} INFO - [2023-09-01T13:08:55.102+0900] {dag.py:3677} INFO - Setting next_dagrun for example_branch_datetime_operator_2 to 2023-08-31T00:00:00+00:00, run_after=2023-09-01T00:00:00+00:00
[2023-09-01T13:08:55.103+0900] {logging_mixin.py:151} INFO - [2023-09-01T13:08:55.103+0900] {dag.py:3677} INFO - Setting next_dagrun for example_branch_datetime_operator_3 to 2023-08-31T00:00:00+00:00, run_after=2023-09-01T00:00:00+00:00
[2023-09-01T13:08:55.114+0900] {processor.py:179} INFO - Processing /usr/local/lib/python3.8/dist-packages/airflow/example_dags/example_branch_datetime_operator.py took 0.066 seconds
[2023-09-01T13:09:41.401+0900] {processor.py:157} INFO - Started process (PID=4435) to work on /usr/local/lib/python3.8/dist-packages/airflow/example_dags/example_branch_datetime_operator.py
[2023-09-01T13:09:41.404+0900] {processor.py:829} INFO - Processing file /usr/local/lib/python3.8/dist-packages/airflow/example_dags/example_branch_datetime_operator.py for tasks to queue
[2023-09-01T13:09:41.405+0900] {logging_mixin.py:151} INFO - [2023-09-01T13:09:41.404+0900] {dagbag.py:539} INFO - Filling up the DagBag from /usr/local/lib/python3.8/dist-packages/airflow/example_dags/example_branch_datetime_operator.py
[2023-09-01T13:09:41.417+0900] {processor.py:839} INFO - DAG(s) dict_keys(['example_branch_datetime_operator', 'example_branch_datetime_operator_2', 'example_branch_datetime_operator_3']) retrieved from /usr/local/lib/python3.8/dist-packages/airflow/example_dags/example_branch_datetime_operator.py
[2023-09-01T13:09:41.430+0900] {logging_mixin.py:151} INFO - [2023-09-01T13:09:41.430+0900] {dag.py:2907} INFO - Sync 3 DAGs
[2023-09-01T13:09:41.441+0900] {logging_mixin.py:151} INFO - [2023-09-01T13:09:41.441+0900] {dag.py:3677} INFO - Setting next_dagrun for example_branch_datetime_operator to 2023-08-31T00:00:00+00:00, run_after=2023-09-01T00:00:00+00:00
[2023-09-01T13:09:41.443+0900] {logging_mixin.py:151} INFO - [2023-09-01T13:09:41.443+0900] {dag.py:3677} INFO - Setting next_dagrun for example_branch_datetime_operator_2 to 2023-08-31T00:00:00+00:00, run_after=2023-09-01T00:00:00+00:00
[2023-09-01T13:09:41.445+0900] {logging_mixin.py:151} INFO - [2023-09-01T13:09:41.444+0900] {dag.py:3677} INFO - Setting next_dagrun for example_branch_datetime_operator_3 to 2023-08-31T00:00:00+00:00, run_after=2023-09-01T00:00:00+00:00
[2023-09-01T13:09:41.453+0900] {processor.py:179} INFO - Processing /usr/local/lib/python3.8/dist-packages/airflow/example_dags/example_branch_datetime_operator.py took 0.056 seconds
[2023-09-01T13:10:31.398+0900] {processor.py:157} INFO - Started process (PID=4924) to work on /usr/local/lib/python3.8/dist-packages/airflow/example_dags/example_branch_datetime_operator.py
[2023-09-01T13:10:31.401+0900] {processor.py:829} INFO - Processing file /usr/local/lib/python3.8/dist-packages/airflow/example_dags/example_branch_datetime_operator.py for tasks to queue
[2023-09-01T13:10:31.402+0900] {logging_mixin.py:151} INFO - [2023-09-01T13:10:31.401+0900] {dagbag.py:539} INFO - Filling up the DagBag from /usr/local/lib/python3.8/dist-packages/airflow/example_dags/example_branch_datetime_operator.py
[2023-09-01T13:10:31.414+0900] {processor.py:839} INFO - DAG(s) dict_keys(['example_branch_datetime_operator', 'example_branch_datetime_operator_3', 'example_branch_datetime_operator_2']) retrieved from /usr/local/lib/python3.8/dist-packages/airflow/example_dags/example_branch_datetime_operator.py
[2023-09-01T13:10:31.435+0900] {logging_mixin.py:151} INFO - [2023-09-01T13:10:31.434+0900] {dag.py:2907} INFO - Sync 3 DAGs
[2023-09-01T13:10:31.447+0900] {logging_mixin.py:151} INFO - [2023-09-01T13:10:31.447+0900] {dag.py:3677} INFO - Setting next_dagrun for example_branch_datetime_operator to 2023-08-31T00:00:00+00:00, run_after=2023-09-01T00:00:00+00:00
[2023-09-01T13:10:31.449+0900] {logging_mixin.py:151} INFO - [2023-09-01T13:10:31.449+0900] {dag.py:3677} INFO - Setting next_dagrun for example_branch_datetime_operator_2 to 2023-08-31T00:00:00+00:00, run_after=2023-09-01T00:00:00+00:00
[2023-09-01T13:10:31.450+0900] {logging_mixin.py:151} INFO - [2023-09-01T13:10:31.450+0900] {dag.py:3677} INFO - Setting next_dagrun for example_branch_datetime_operator_3 to 2023-08-31T00:00:00+00:00, run_after=2023-09-01T00:00:00+00:00
[2023-09-01T13:10:31.459+0900] {processor.py:179} INFO - Processing /usr/local/lib/python3.8/dist-packages/airflow/example_dags/example_branch_datetime_operator.py took 0.066 seconds
[2023-09-01T13:11:18.442+0900] {processor.py:157} INFO - Started process (PID=5400) to work on /usr/local/lib/python3.8/dist-packages/airflow/example_dags/example_branch_datetime_operator.py
[2023-09-01T13:11:18.443+0900] {processor.py:829} INFO - Processing file /usr/local/lib/python3.8/dist-packages/airflow/example_dags/example_branch_datetime_operator.py for tasks to queue
[2023-09-01T13:11:18.444+0900] {logging_mixin.py:151} INFO - [2023-09-01T13:11:18.443+0900] {dagbag.py:539} INFO - Filling up the DagBag from /usr/local/lib/python3.8/dist-packages/airflow/example_dags/example_branch_datetime_operator.py
[2023-09-01T13:11:18.452+0900] {processor.py:839} INFO - DAG(s) dict_keys(['example_branch_datetime_operator_2', 'example_branch_datetime_operator', 'example_branch_datetime_operator_3']) retrieved from /usr/local/lib/python3.8/dist-packages/airflow/example_dags/example_branch_datetime_operator.py
[2023-09-01T13:11:18.471+0900] {logging_mixin.py:151} INFO - [2023-09-01T13:11:18.471+0900] {dag.py:2907} INFO - Sync 3 DAGs
[2023-09-01T13:11:18.485+0900] {logging_mixin.py:151} INFO - [2023-09-01T13:11:18.485+0900] {dag.py:3677} INFO - Setting next_dagrun for example_branch_datetime_operator to 2023-08-31T00:00:00+00:00, run_after=2023-09-01T00:00:00+00:00
[2023-09-01T13:11:18.486+0900] {logging_mixin.py:151} INFO - [2023-09-01T13:11:18.486+0900] {dag.py:3677} INFO - Setting next_dagrun for example_branch_datetime_operator_2 to 2023-08-31T00:00:00+00:00, run_after=2023-09-01T00:00:00+00:00
[2023-09-01T13:11:18.487+0900] {logging_mixin.py:151} INFO - [2023-09-01T13:11:18.487+0900] {dag.py:3677} INFO - Setting next_dagrun for example_branch_datetime_operator_3 to 2023-08-31T00:00:00+00:00, run_after=2023-09-01T00:00:00+00:00
[2023-09-01T13:11:18.496+0900] {processor.py:179} INFO - Processing /usr/local/lib/python3.8/dist-packages/airflow/example_dags/example_branch_datetime_operator.py took 0.058 seconds
[2023-09-01T13:13:10.391+0900] {processor.py:157} INFO - Started process (PID=6017) to work on /usr/local/lib/python3.8/dist-packages/airflow/example_dags/example_branch_datetime_operator.py
[2023-09-01T13:13:10.392+0900] {processor.py:829} INFO - Processing file /usr/local/lib/python3.8/dist-packages/airflow/example_dags/example_branch_datetime_operator.py for tasks to queue
[2023-09-01T13:13:10.394+0900] {logging_mixin.py:151} INFO - [2023-09-01T13:13:10.393+0900] {dagbag.py:539} INFO - Filling up the DagBag from /usr/local/lib/python3.8/dist-packages/airflow/example_dags/example_branch_datetime_operator.py
[2023-09-01T13:13:10.407+0900] {processor.py:839} INFO - DAG(s) dict_keys(['example_branch_datetime_operator_3', 'example_branch_datetime_operator', 'example_branch_datetime_operator_2']) retrieved from /usr/local/lib/python3.8/dist-packages/airflow/example_dags/example_branch_datetime_operator.py
[2023-09-01T13:13:10.427+0900] {logging_mixin.py:151} INFO - [2023-09-01T13:13:10.427+0900] {dag.py:2907} INFO - Sync 3 DAGs
[2023-09-01T13:13:10.439+0900] {logging_mixin.py:151} INFO - [2023-09-01T13:13:10.439+0900] {dag.py:3677} INFO - Setting next_dagrun for example_branch_datetime_operator to 2023-08-31T00:00:00+00:00, run_after=2023-09-01T00:00:00+00:00
[2023-09-01T13:13:10.441+0900] {logging_mixin.py:151} INFO - [2023-09-01T13:13:10.441+0900] {dag.py:3677} INFO - Setting next_dagrun for example_branch_datetime_operator_2 to 2023-08-31T00:00:00+00:00, run_after=2023-09-01T00:00:00+00:00
[2023-09-01T13:13:10.442+0900] {logging_mixin.py:151} INFO - [2023-09-01T13:13:10.442+0900] {dag.py:3677} INFO - Setting next_dagrun for example_branch_datetime_operator_3 to 2023-08-31T00:00:00+00:00, run_after=2023-09-01T00:00:00+00:00
[2023-09-01T13:13:10.452+0900] {processor.py:179} INFO - Processing /usr/local/lib/python3.8/dist-packages/airflow/example_dags/example_branch_datetime_operator.py took 0.066 seconds
[2023-09-01T13:13:55.272+0900] {processor.py:157} INFO - Started process (PID=6474) to work on /usr/local/lib/python3.8/dist-packages/airflow/example_dags/example_branch_datetime_operator.py
[2023-09-01T13:13:55.273+0900] {processor.py:829} INFO - Processing file /usr/local/lib/python3.8/dist-packages/airflow/example_dags/example_branch_datetime_operator.py for tasks to queue
[2023-09-01T13:13:55.274+0900] {logging_mixin.py:151} INFO - [2023-09-01T13:13:55.273+0900] {dagbag.py:539} INFO - Filling up the DagBag from /usr/local/lib/python3.8/dist-packages/airflow/example_dags/example_branch_datetime_operator.py
[2023-09-01T13:13:55.286+0900] {processor.py:839} INFO - DAG(s) dict_keys(['example_branch_datetime_operator_3', 'example_branch_datetime_operator_2', 'example_branch_datetime_operator']) retrieved from /usr/local/lib/python3.8/dist-packages/airflow/example_dags/example_branch_datetime_operator.py
[2023-09-01T13:13:55.307+0900] {logging_mixin.py:151} INFO - [2023-09-01T13:13:55.306+0900] {dag.py:2907} INFO - Sync 3 DAGs
[2023-09-01T13:13:55.319+0900] {logging_mixin.py:151} INFO - [2023-09-01T13:13:55.319+0900] {dag.py:3677} INFO - Setting next_dagrun for example_branch_datetime_operator to 2023-08-31T00:00:00+00:00, run_after=2023-09-01T00:00:00+00:00
[2023-09-01T13:13:55.321+0900] {logging_mixin.py:151} INFO - [2023-09-01T13:13:55.321+0900] {dag.py:3677} INFO - Setting next_dagrun for example_branch_datetime_operator_2 to 2023-08-31T00:00:00+00:00, run_after=2023-09-01T00:00:00+00:00
[2023-09-01T13:13:55.322+0900] {logging_mixin.py:151} INFO - [2023-09-01T13:13:55.322+0900] {dag.py:3677} INFO - Setting next_dagrun for example_branch_datetime_operator_3 to 2023-08-31T00:00:00+00:00, run_after=2023-09-01T00:00:00+00:00
[2023-09-01T13:13:55.333+0900] {processor.py:179} INFO - Processing /usr/local/lib/python3.8/dist-packages/airflow/example_dags/example_branch_datetime_operator.py took 0.066 seconds
[2023-09-01T13:14:38.823+0900] {processor.py:157} INFO - Started process (PID=7386) to work on /usr/local/lib/python3.8/dist-packages/airflow/example_dags/example_branch_datetime_operator.py
[2023-09-01T13:14:38.824+0900] {processor.py:829} INFO - Processing file /usr/local/lib/python3.8/dist-packages/airflow/example_dags/example_branch_datetime_operator.py for tasks to queue
[2023-09-01T13:14:38.825+0900] {logging_mixin.py:151} INFO - [2023-09-01T13:14:38.824+0900] {dagbag.py:539} INFO - Filling up the DagBag from /usr/local/lib/python3.8/dist-packages/airflow/example_dags/example_branch_datetime_operator.py
[2023-09-01T13:14:38.835+0900] {processor.py:839} INFO - DAG(s) dict_keys(['example_branch_datetime_operator', 'example_branch_datetime_operator_2', 'example_branch_datetime_operator_3']) retrieved from /usr/local/lib/python3.8/dist-packages/airflow/example_dags/example_branch_datetime_operator.py
[2023-09-01T13:14:38.849+0900] {logging_mixin.py:151} INFO - [2023-09-01T13:14:38.849+0900] {dag.py:2907} INFO - Sync 3 DAGs
[2023-09-01T13:14:38.860+0900] {logging_mixin.py:151} INFO - [2023-09-01T13:14:38.860+0900] {dag.py:3677} INFO - Setting next_dagrun for example_branch_datetime_operator to 2023-08-31T00:00:00+00:00, run_after=2023-09-01T00:00:00+00:00
[2023-09-01T13:14:38.862+0900] {logging_mixin.py:151} INFO - [2023-09-01T13:14:38.862+0900] {dag.py:3677} INFO - Setting next_dagrun for example_branch_datetime_operator_2 to 2023-08-31T00:00:00+00:00, run_after=2023-09-01T00:00:00+00:00
[2023-09-01T13:14:38.863+0900] {logging_mixin.py:151} INFO - [2023-09-01T13:14:38.863+0900] {dag.py:3677} INFO - Setting next_dagrun for example_branch_datetime_operator_3 to 2023-08-31T00:00:00+00:00, run_after=2023-09-01T00:00:00+00:00
[2023-09-01T13:14:38.873+0900] {processor.py:179} INFO - Processing /usr/local/lib/python3.8/dist-packages/airflow/example_dags/example_branch_datetime_operator.py took 0.054 seconds
[2023-09-01T13:15:22.630+0900] {processor.py:157} INFO - Started process (PID=7900) to work on /usr/local/lib/python3.8/dist-packages/airflow/example_dags/example_branch_datetime_operator.py
[2023-09-01T13:15:22.631+0900] {processor.py:829} INFO - Processing file /usr/local/lib/python3.8/dist-packages/airflow/example_dags/example_branch_datetime_operator.py for tasks to queue
[2023-09-01T13:15:22.633+0900] {logging_mixin.py:151} INFO - [2023-09-01T13:15:22.632+0900] {dagbag.py:539} INFO - Filling up the DagBag from /usr/local/lib/python3.8/dist-packages/airflow/example_dags/example_branch_datetime_operator.py
[2023-09-01T13:15:22.645+0900] {processor.py:839} INFO - DAG(s) dict_keys(['example_branch_datetime_operator_3', 'example_branch_datetime_operator_2', 'example_branch_datetime_operator']) retrieved from /usr/local/lib/python3.8/dist-packages/airflow/example_dags/example_branch_datetime_operator.py
[2023-09-01T13:15:22.666+0900] {logging_mixin.py:151} INFO - [2023-09-01T13:15:22.665+0900] {dag.py:2907} INFO - Sync 3 DAGs
[2023-09-01T13:15:22.678+0900] {logging_mixin.py:151} INFO - [2023-09-01T13:15:22.677+0900] {dag.py:3677} INFO - Setting next_dagrun for example_branch_datetime_operator to 2023-08-31T00:00:00+00:00, run_after=2023-09-01T00:00:00+00:00
[2023-09-01T13:15:22.680+0900] {logging_mixin.py:151} INFO - [2023-09-01T13:15:22.680+0900] {dag.py:3677} INFO - Setting next_dagrun for example_branch_datetime_operator_2 to 2023-08-31T00:00:00+00:00, run_after=2023-09-01T00:00:00+00:00
[2023-09-01T13:15:22.681+0900] {logging_mixin.py:151} INFO - [2023-09-01T13:15:22.681+0900] {dag.py:3677} INFO - Setting next_dagrun for example_branch_datetime_operator_3 to 2023-08-31T00:00:00+00:00, run_after=2023-09-01T00:00:00+00:00
[2023-09-01T13:15:22.690+0900] {processor.py:179} INFO - Processing /usr/local/lib/python3.8/dist-packages/airflow/example_dags/example_branch_datetime_operator.py took 0.066 seconds
[2023-09-01T13:16:10.516+0900] {processor.py:157} INFO - Started process (PID=8396) to work on /usr/local/lib/python3.8/dist-packages/airflow/example_dags/example_branch_datetime_operator.py
[2023-09-01T13:16:10.518+0900] {processor.py:829} INFO - Processing file /usr/local/lib/python3.8/dist-packages/airflow/example_dags/example_branch_datetime_operator.py for tasks to queue
[2023-09-01T13:16:10.519+0900] {logging_mixin.py:151} INFO - [2023-09-01T13:16:10.518+0900] {dagbag.py:539} INFO - Filling up the DagBag from /usr/local/lib/python3.8/dist-packages/airflow/example_dags/example_branch_datetime_operator.py
[2023-09-01T13:16:10.532+0900] {processor.py:839} INFO - DAG(s) dict_keys(['example_branch_datetime_operator', 'example_branch_datetime_operator_3', 'example_branch_datetime_operator_2']) retrieved from /usr/local/lib/python3.8/dist-packages/airflow/example_dags/example_branch_datetime_operator.py
[2023-09-01T13:16:10.550+0900] {logging_mixin.py:151} INFO - [2023-09-01T13:16:10.550+0900] {dag.py:2907} INFO - Sync 3 DAGs
[2023-09-01T13:16:10.562+0900] {logging_mixin.py:151} INFO - [2023-09-01T13:16:10.562+0900] {dag.py:3677} INFO - Setting next_dagrun for example_branch_datetime_operator to 2023-08-31T00:00:00+00:00, run_after=2023-09-01T00:00:00+00:00
[2023-09-01T13:16:10.564+0900] {logging_mixin.py:151} INFO - [2023-09-01T13:16:10.564+0900] {dag.py:3677} INFO - Setting next_dagrun for example_branch_datetime_operator_2 to 2023-08-31T00:00:00+00:00, run_after=2023-09-01T00:00:00+00:00
[2023-09-01T13:16:10.565+0900] {logging_mixin.py:151} INFO - [2023-09-01T13:16:10.565+0900] {dag.py:3677} INFO - Setting next_dagrun for example_branch_datetime_operator_3 to 2023-08-31T00:00:00+00:00, run_after=2023-09-01T00:00:00+00:00
[2023-09-01T13:16:10.575+0900] {processor.py:179} INFO - Processing /usr/local/lib/python3.8/dist-packages/airflow/example_dags/example_branch_datetime_operator.py took 0.064 seconds
[2023-09-01T13:16:54.709+0900] {processor.py:157} INFO - Started process (PID=8825) to work on /usr/local/lib/python3.8/dist-packages/airflow/example_dags/example_branch_datetime_operator.py
[2023-09-01T13:16:54.710+0900] {processor.py:829} INFO - Processing file /usr/local/lib/python3.8/dist-packages/airflow/example_dags/example_branch_datetime_operator.py for tasks to queue
[2023-09-01T13:16:54.712+0900] {logging_mixin.py:151} INFO - [2023-09-01T13:16:54.711+0900] {dagbag.py:539} INFO - Filling up the DagBag from /usr/local/lib/python3.8/dist-packages/airflow/example_dags/example_branch_datetime_operator.py
[2023-09-01T13:16:54.722+0900] {processor.py:839} INFO - DAG(s) dict_keys(['example_branch_datetime_operator_2', 'example_branch_datetime_operator', 'example_branch_datetime_operator_3']) retrieved from /usr/local/lib/python3.8/dist-packages/airflow/example_dags/example_branch_datetime_operator.py
[2023-09-01T13:16:54.739+0900] {logging_mixin.py:151} INFO - [2023-09-01T13:16:54.739+0900] {dag.py:2907} INFO - Sync 3 DAGs
[2023-09-01T13:16:54.750+0900] {logging_mixin.py:151} INFO - [2023-09-01T13:16:54.749+0900] {dag.py:3677} INFO - Setting next_dagrun for example_branch_datetime_operator to 2023-08-31T00:00:00+00:00, run_after=2023-09-01T00:00:00+00:00
[2023-09-01T13:16:54.751+0900] {logging_mixin.py:151} INFO - [2023-09-01T13:16:54.751+0900] {dag.py:3677} INFO - Setting next_dagrun for example_branch_datetime_operator_2 to 2023-08-31T00:00:00+00:00, run_after=2023-09-01T00:00:00+00:00
[2023-09-01T13:16:54.752+0900] {logging_mixin.py:151} INFO - [2023-09-01T13:16:54.752+0900] {dag.py:3677} INFO - Setting next_dagrun for example_branch_datetime_operator_3 to 2023-08-31T00:00:00+00:00, run_after=2023-09-01T00:00:00+00:00
[2023-09-01T13:16:54.762+0900] {processor.py:179} INFO - Processing /usr/local/lib/python3.8/dist-packages/airflow/example_dags/example_branch_datetime_operator.py took 0.057 seconds
[2023-09-01T13:17:41.625+0900] {processor.py:157} INFO - Started process (PID=9278) to work on /usr/local/lib/python3.8/dist-packages/airflow/example_dags/example_branch_datetime_operator.py
[2023-09-01T13:17:41.627+0900] {processor.py:829} INFO - Processing file /usr/local/lib/python3.8/dist-packages/airflow/example_dags/example_branch_datetime_operator.py for tasks to queue
[2023-09-01T13:17:41.628+0900] {logging_mixin.py:151} INFO - [2023-09-01T13:17:41.627+0900] {dagbag.py:539} INFO - Filling up the DagBag from /usr/local/lib/python3.8/dist-packages/airflow/example_dags/example_branch_datetime_operator.py
[2023-09-01T13:17:41.640+0900] {processor.py:839} INFO - DAG(s) dict_keys(['example_branch_datetime_operator_3', 'example_branch_datetime_operator', 'example_branch_datetime_operator_2']) retrieved from /usr/local/lib/python3.8/dist-packages/airflow/example_dags/example_branch_datetime_operator.py
[2023-09-01T13:17:41.659+0900] {logging_mixin.py:151} INFO - [2023-09-01T13:17:41.659+0900] {dag.py:2907} INFO - Sync 3 DAGs
[2023-09-01T13:17:41.670+0900] {logging_mixin.py:151} INFO - [2023-09-01T13:17:41.670+0900] {dag.py:3677} INFO - Setting next_dagrun for example_branch_datetime_operator to 2023-08-31T00:00:00+00:00, run_after=2023-09-01T00:00:00+00:00
[2023-09-01T13:17:41.672+0900] {logging_mixin.py:151} INFO - [2023-09-01T13:17:41.672+0900] {dag.py:3677} INFO - Setting next_dagrun for example_branch_datetime_operator_2 to 2023-08-31T00:00:00+00:00, run_after=2023-09-01T00:00:00+00:00
[2023-09-01T13:17:41.673+0900] {logging_mixin.py:151} INFO - [2023-09-01T13:17:41.673+0900] {dag.py:3677} INFO - Setting next_dagrun for example_branch_datetime_operator_3 to 2023-08-31T00:00:00+00:00, run_after=2023-09-01T00:00:00+00:00
[2023-09-01T13:17:41.682+0900] {processor.py:179} INFO - Processing /usr/local/lib/python3.8/dist-packages/airflow/example_dags/example_branch_datetime_operator.py took 0.062 seconds
[2023-09-01T13:18:28.503+0900] {processor.py:157} INFO - Started process (PID=9785) to work on /usr/local/lib/python3.8/dist-packages/airflow/example_dags/example_branch_datetime_operator.py
[2023-09-01T13:18:28.504+0900] {processor.py:829} INFO - Processing file /usr/local/lib/python3.8/dist-packages/airflow/example_dags/example_branch_datetime_operator.py for tasks to queue
[2023-09-01T13:18:28.505+0900] {logging_mixin.py:151} INFO - [2023-09-01T13:18:28.504+0900] {dagbag.py:539} INFO - Filling up the DagBag from /usr/local/lib/python3.8/dist-packages/airflow/example_dags/example_branch_datetime_operator.py
[2023-09-01T13:18:28.517+0900] {processor.py:839} INFO - DAG(s) dict_keys(['example_branch_datetime_operator', 'example_branch_datetime_operator_3', 'example_branch_datetime_operator_2']) retrieved from /usr/local/lib/python3.8/dist-packages/airflow/example_dags/example_branch_datetime_operator.py
[2023-09-01T13:18:28.538+0900] {logging_mixin.py:151} INFO - [2023-09-01T13:18:28.538+0900] {dag.py:2907} INFO - Sync 3 DAGs
[2023-09-01T13:18:28.551+0900] {logging_mixin.py:151} INFO - [2023-09-01T13:18:28.551+0900] {dag.py:3677} INFO - Setting next_dagrun for example_branch_datetime_operator to 2023-08-31T00:00:00+00:00, run_after=2023-09-01T00:00:00+00:00
[2023-09-01T13:18:28.553+0900] {logging_mixin.py:151} INFO - [2023-09-01T13:18:28.553+0900] {dag.py:3677} INFO - Setting next_dagrun for example_branch_datetime_operator_2 to 2023-08-31T00:00:00+00:00, run_after=2023-09-01T00:00:00+00:00
[2023-09-01T13:18:28.554+0900] {logging_mixin.py:151} INFO - [2023-09-01T13:18:28.554+0900] {dag.py:3677} INFO - Setting next_dagrun for example_branch_datetime_operator_3 to 2023-08-31T00:00:00+00:00, run_after=2023-09-01T00:00:00+00:00
[2023-09-01T13:18:28.564+0900] {processor.py:179} INFO - Processing /usr/local/lib/python3.8/dist-packages/airflow/example_dags/example_branch_datetime_operator.py took 0.067 seconds
[2023-09-01T13:19:13.445+0900] {processor.py:157} INFO - Started process (PID=10217) to work on /usr/local/lib/python3.8/dist-packages/airflow/example_dags/example_branch_datetime_operator.py
[2023-09-01T13:19:13.447+0900] {processor.py:829} INFO - Processing file /usr/local/lib/python3.8/dist-packages/airflow/example_dags/example_branch_datetime_operator.py for tasks to queue
[2023-09-01T13:19:13.449+0900] {logging_mixin.py:151} INFO - [2023-09-01T13:19:13.448+0900] {dagbag.py:539} INFO - Filling up the DagBag from /usr/local/lib/python3.8/dist-packages/airflow/example_dags/example_branch_datetime_operator.py
[2023-09-01T13:19:13.462+0900] {processor.py:839} INFO - DAG(s) dict_keys(['example_branch_datetime_operator_2', 'example_branch_datetime_operator', 'example_branch_datetime_operator_3']) retrieved from /usr/local/lib/python3.8/dist-packages/airflow/example_dags/example_branch_datetime_operator.py
[2023-09-01T13:19:13.480+0900] {logging_mixin.py:151} INFO - [2023-09-01T13:19:13.480+0900] {dag.py:2907} INFO - Sync 3 DAGs
[2023-09-01T13:19:13.492+0900] {logging_mixin.py:151} INFO - [2023-09-01T13:19:13.492+0900] {dag.py:3677} INFO - Setting next_dagrun for example_branch_datetime_operator to 2023-08-31T00:00:00+00:00, run_after=2023-09-01T00:00:00+00:00
[2023-09-01T13:19:13.494+0900] {logging_mixin.py:151} INFO - [2023-09-01T13:19:13.494+0900] {dag.py:3677} INFO - Setting next_dagrun for example_branch_datetime_operator_2 to 2023-08-31T00:00:00+00:00, run_after=2023-09-01T00:00:00+00:00
[2023-09-01T13:19:13.495+0900] {logging_mixin.py:151} INFO - [2023-09-01T13:19:13.494+0900] {dag.py:3677} INFO - Setting next_dagrun for example_branch_datetime_operator_3 to 2023-08-31T00:00:00+00:00, run_after=2023-09-01T00:00:00+00:00
[2023-09-01T13:19:13.505+0900] {processor.py:179} INFO - Processing /usr/local/lib/python3.8/dist-packages/airflow/example_dags/example_branch_datetime_operator.py took 0.065 seconds
[2023-09-01T13:19:58.070+0900] {processor.py:157} INFO - Started process (PID=10644) to work on /usr/local/lib/python3.8/dist-packages/airflow/example_dags/example_branch_datetime_operator.py
[2023-09-01T13:19:58.071+0900] {processor.py:829} INFO - Processing file /usr/local/lib/python3.8/dist-packages/airflow/example_dags/example_branch_datetime_operator.py for tasks to queue
[2023-09-01T13:19:58.073+0900] {logging_mixin.py:151} INFO - [2023-09-01T13:19:58.072+0900] {dagbag.py:539} INFO - Filling up the DagBag from /usr/local/lib/python3.8/dist-packages/airflow/example_dags/example_branch_datetime_operator.py
[2023-09-01T13:19:58.085+0900] {processor.py:839} INFO - DAG(s) dict_keys(['example_branch_datetime_operator_3', 'example_branch_datetime_operator_2', 'example_branch_datetime_operator']) retrieved from /usr/local/lib/python3.8/dist-packages/airflow/example_dags/example_branch_datetime_operator.py
[2023-09-01T13:19:58.104+0900] {logging_mixin.py:151} INFO - [2023-09-01T13:19:58.104+0900] {dag.py:2907} INFO - Sync 3 DAGs
[2023-09-01T13:19:58.115+0900] {logging_mixin.py:151} INFO - [2023-09-01T13:19:58.115+0900] {dag.py:3677} INFO - Setting next_dagrun for example_branch_datetime_operator to 2023-08-31T00:00:00+00:00, run_after=2023-09-01T00:00:00+00:00
[2023-09-01T13:19:58.117+0900] {logging_mixin.py:151} INFO - [2023-09-01T13:19:58.117+0900] {dag.py:3677} INFO - Setting next_dagrun for example_branch_datetime_operator_2 to 2023-08-31T00:00:00+00:00, run_after=2023-09-01T00:00:00+00:00
[2023-09-01T13:19:58.118+0900] {logging_mixin.py:151} INFO - [2023-09-01T13:19:58.118+0900] {dag.py:3677} INFO - Setting next_dagrun for example_branch_datetime_operator_3 to 2023-08-31T00:00:00+00:00, run_after=2023-09-01T00:00:00+00:00
[2023-09-01T13:19:58.129+0900] {processor.py:179} INFO - Processing /usr/local/lib/python3.8/dist-packages/airflow/example_dags/example_branch_datetime_operator.py took 0.064 seconds
[2023-09-01T13:20:41.438+0900] {processor.py:157} INFO - Started process (PID=11090) to work on /usr/local/lib/python3.8/dist-packages/airflow/example_dags/example_branch_datetime_operator.py
[2023-09-01T13:20:41.440+0900] {processor.py:829} INFO - Processing file /usr/local/lib/python3.8/dist-packages/airflow/example_dags/example_branch_datetime_operator.py for tasks to queue
[2023-09-01T13:20:41.441+0900] {logging_mixin.py:151} INFO - [2023-09-01T13:20:41.440+0900] {dagbag.py:539} INFO - Filling up the DagBag from /usr/local/lib/python3.8/dist-packages/airflow/example_dags/example_branch_datetime_operator.py
[2023-09-01T13:20:41.455+0900] {processor.py:839} INFO - DAG(s) dict_keys(['example_branch_datetime_operator_3', 'example_branch_datetime_operator', 'example_branch_datetime_operator_2']) retrieved from /usr/local/lib/python3.8/dist-packages/airflow/example_dags/example_branch_datetime_operator.py
[2023-09-01T13:20:41.476+0900] {logging_mixin.py:151} INFO - [2023-09-01T13:20:41.476+0900] {dag.py:2907} INFO - Sync 3 DAGs
[2023-09-01T13:20:41.490+0900] {logging_mixin.py:151} INFO - [2023-09-01T13:20:41.490+0900] {dag.py:3677} INFO - Setting next_dagrun for example_branch_datetime_operator to 2023-08-31T00:00:00+00:00, run_after=2023-09-01T00:00:00+00:00
[2023-09-01T13:20:41.492+0900] {logging_mixin.py:151} INFO - [2023-09-01T13:20:41.492+0900] {dag.py:3677} INFO - Setting next_dagrun for example_branch_datetime_operator_2 to 2023-08-31T00:00:00+00:00, run_after=2023-09-01T00:00:00+00:00
[2023-09-01T13:20:41.494+0900] {logging_mixin.py:151} INFO - [2023-09-01T13:20:41.494+0900] {dag.py:3677} INFO - Setting next_dagrun for example_branch_datetime_operator_3 to 2023-08-31T00:00:00+00:00, run_after=2023-09-01T00:00:00+00:00
[2023-09-01T13:20:41.503+0900] {processor.py:179} INFO - Processing /usr/local/lib/python3.8/dist-packages/airflow/example_dags/example_branch_datetime_operator.py took 0.070 seconds
[2023-09-01T13:21:46.498+0900] {processor.py:157} INFO - Started process (PID=11641) to work on /usr/local/lib/python3.8/dist-packages/airflow/example_dags/example_branch_datetime_operator.py
[2023-09-01T13:21:46.500+0900] {processor.py:829} INFO - Processing file /usr/local/lib/python3.8/dist-packages/airflow/example_dags/example_branch_datetime_operator.py for tasks to queue
[2023-09-01T13:21:46.501+0900] {logging_mixin.py:151} INFO - [2023-09-01T13:21:46.500+0900] {dagbag.py:539} INFO - Filling up the DagBag from /usr/local/lib/python3.8/dist-packages/airflow/example_dags/example_branch_datetime_operator.py
[2023-09-01T13:21:46.514+0900] {processor.py:839} INFO - DAG(s) dict_keys(['example_branch_datetime_operator', 'example_branch_datetime_operator_2', 'example_branch_datetime_operator_3']) retrieved from /usr/local/lib/python3.8/dist-packages/airflow/example_dags/example_branch_datetime_operator.py
[2023-09-01T13:21:46.533+0900] {logging_mixin.py:151} INFO - [2023-09-01T13:21:46.533+0900] {dag.py:2907} INFO - Sync 3 DAGs
[2023-09-01T13:21:46.546+0900] {logging_mixin.py:151} INFO - [2023-09-01T13:21:46.546+0900] {dag.py:3677} INFO - Setting next_dagrun for example_branch_datetime_operator to 2023-08-31T00:00:00+00:00, run_after=2023-09-01T00:00:00+00:00
[2023-09-01T13:21:46.548+0900] {logging_mixin.py:151} INFO - [2023-09-01T13:21:46.548+0900] {dag.py:3677} INFO - Setting next_dagrun for example_branch_datetime_operator_2 to 2023-08-31T00:00:00+00:00, run_after=2023-09-01T00:00:00+00:00
[2023-09-01T13:21:46.549+0900] {logging_mixin.py:151} INFO - [2023-09-01T13:21:46.549+0900] {dag.py:3677} INFO - Setting next_dagrun for example_branch_datetime_operator_3 to 2023-08-31T00:00:00+00:00, run_after=2023-09-01T00:00:00+00:00
[2023-09-01T13:21:46.558+0900] {processor.py:179} INFO - Processing /usr/local/lib/python3.8/dist-packages/airflow/example_dags/example_branch_datetime_operator.py took 0.065 seconds
[2023-09-01T13:22:30.463+0900] {processor.py:157} INFO - Started process (PID=12065) to work on /usr/local/lib/python3.8/dist-packages/airflow/example_dags/example_branch_datetime_operator.py
[2023-09-01T13:22:30.464+0900] {processor.py:829} INFO - Processing file /usr/local/lib/python3.8/dist-packages/airflow/example_dags/example_branch_datetime_operator.py for tasks to queue
[2023-09-01T13:22:30.466+0900] {logging_mixin.py:151} INFO - [2023-09-01T13:22:30.465+0900] {dagbag.py:539} INFO - Filling up the DagBag from /usr/local/lib/python3.8/dist-packages/airflow/example_dags/example_branch_datetime_operator.py
[2023-09-01T13:22:30.485+0900] {processor.py:839} INFO - DAG(s) dict_keys(['example_branch_datetime_operator', 'example_branch_datetime_operator_2', 'example_branch_datetime_operator_3']) retrieved from /usr/local/lib/python3.8/dist-packages/airflow/example_dags/example_branch_datetime_operator.py
[2023-09-01T13:22:30.504+0900] {logging_mixin.py:151} INFO - [2023-09-01T13:22:30.504+0900] {dag.py:2907} INFO - Sync 3 DAGs
[2023-09-01T13:22:30.516+0900] {logging_mixin.py:151} INFO - [2023-09-01T13:22:30.516+0900] {dag.py:3677} INFO - Setting next_dagrun for example_branch_datetime_operator to 2023-08-31T00:00:00+00:00, run_after=2023-09-01T00:00:00+00:00
[2023-09-01T13:22:30.518+0900] {logging_mixin.py:151} INFO - [2023-09-01T13:22:30.518+0900] {dag.py:3677} INFO - Setting next_dagrun for example_branch_datetime_operator_2 to 2023-08-31T00:00:00+00:00, run_after=2023-09-01T00:00:00+00:00
[2023-09-01T13:22:30.520+0900] {logging_mixin.py:151} INFO - [2023-09-01T13:22:30.519+0900] {dag.py:3677} INFO - Setting next_dagrun for example_branch_datetime_operator_3 to 2023-08-31T00:00:00+00:00, run_after=2023-09-01T00:00:00+00:00
[2023-09-01T13:22:30.528+0900] {processor.py:179} INFO - Processing /usr/local/lib/python3.8/dist-packages/airflow/example_dags/example_branch_datetime_operator.py took 0.071 seconds
[2023-09-01T13:23:13.303+0900] {processor.py:157} INFO - Started process (PID=12477) to work on /usr/local/lib/python3.8/dist-packages/airflow/example_dags/example_branch_datetime_operator.py
[2023-09-01T13:23:13.305+0900] {processor.py:829} INFO - Processing file /usr/local/lib/python3.8/dist-packages/airflow/example_dags/example_branch_datetime_operator.py for tasks to queue
[2023-09-01T13:23:13.307+0900] {logging_mixin.py:151} INFO - [2023-09-01T13:23:13.306+0900] {dagbag.py:539} INFO - Filling up the DagBag from /usr/local/lib/python3.8/dist-packages/airflow/example_dags/example_branch_datetime_operator.py
[2023-09-01T13:23:13.322+0900] {processor.py:839} INFO - DAG(s) dict_keys(['example_branch_datetime_operator', 'example_branch_datetime_operator_2', 'example_branch_datetime_operator_3']) retrieved from /usr/local/lib/python3.8/dist-packages/airflow/example_dags/example_branch_datetime_operator.py
[2023-09-01T13:23:13.339+0900] {logging_mixin.py:151} INFO - [2023-09-01T13:23:13.339+0900] {dag.py:2907} INFO - Sync 3 DAGs
[2023-09-01T13:23:13.351+0900] {logging_mixin.py:151} INFO - [2023-09-01T13:23:13.350+0900] {dag.py:3677} INFO - Setting next_dagrun for example_branch_datetime_operator to 2023-08-31T00:00:00+00:00, run_after=2023-09-01T00:00:00+00:00
[2023-09-01T13:23:13.352+0900] {logging_mixin.py:151} INFO - [2023-09-01T13:23:13.352+0900] {dag.py:3677} INFO - Setting next_dagrun for example_branch_datetime_operator_2 to 2023-08-31T00:00:00+00:00, run_after=2023-09-01T00:00:00+00:00
[2023-09-01T13:23:13.353+0900] {logging_mixin.py:151} INFO - [2023-09-01T13:23:13.353+0900] {dag.py:3677} INFO - Setting next_dagrun for example_branch_datetime_operator_3 to 2023-08-31T00:00:00+00:00, run_after=2023-09-01T00:00:00+00:00
[2023-09-01T13:23:13.362+0900] {processor.py:179} INFO - Processing /usr/local/lib/python3.8/dist-packages/airflow/example_dags/example_branch_datetime_operator.py took 0.064 seconds
[2023-09-01T13:23:56.834+0900] {processor.py:157} INFO - Started process (PID=12930) to work on /usr/local/lib/python3.8/dist-packages/airflow/example_dags/example_branch_datetime_operator.py
[2023-09-01T13:23:56.836+0900] {processor.py:829} INFO - Processing file /usr/local/lib/python3.8/dist-packages/airflow/example_dags/example_branch_datetime_operator.py for tasks to queue
[2023-09-01T13:23:56.837+0900] {logging_mixin.py:151} INFO - [2023-09-01T13:23:56.837+0900] {dagbag.py:539} INFO - Filling up the DagBag from /usr/local/lib/python3.8/dist-packages/airflow/example_dags/example_branch_datetime_operator.py
[2023-09-01T13:23:56.850+0900] {processor.py:839} INFO - DAG(s) dict_keys(['example_branch_datetime_operator_3', 'example_branch_datetime_operator_2', 'example_branch_datetime_operator']) retrieved from /usr/local/lib/python3.8/dist-packages/airflow/example_dags/example_branch_datetime_operator.py
[2023-09-01T13:23:56.869+0900] {logging_mixin.py:151} INFO - [2023-09-01T13:23:56.869+0900] {dag.py:2907} INFO - Sync 3 DAGs
[2023-09-01T13:23:56.881+0900] {logging_mixin.py:151} INFO - [2023-09-01T13:23:56.881+0900] {dag.py:3677} INFO - Setting next_dagrun for example_branch_datetime_operator to 2023-08-31T00:00:00+00:00, run_after=2023-09-01T00:00:00+00:00
[2023-09-01T13:23:56.883+0900] {logging_mixin.py:151} INFO - [2023-09-01T13:23:56.883+0900] {dag.py:3677} INFO - Setting next_dagrun for example_branch_datetime_operator_2 to 2023-08-31T00:00:00+00:00, run_after=2023-09-01T00:00:00+00:00
[2023-09-01T13:23:56.884+0900] {logging_mixin.py:151} INFO - [2023-09-01T13:23:56.884+0900] {dag.py:3677} INFO - Setting next_dagrun for example_branch_datetime_operator_3 to 2023-08-31T00:00:00+00:00, run_after=2023-09-01T00:00:00+00:00
[2023-09-01T13:23:56.893+0900] {processor.py:179} INFO - Processing /usr/local/lib/python3.8/dist-packages/airflow/example_dags/example_branch_datetime_operator.py took 0.064 seconds
[2023-09-01T13:24:45.398+0900] {processor.py:157} INFO - Started process (PID=13428) to work on /usr/local/lib/python3.8/dist-packages/airflow/example_dags/example_branch_datetime_operator.py
[2023-09-01T13:24:45.399+0900] {processor.py:829} INFO - Processing file /usr/local/lib/python3.8/dist-packages/airflow/example_dags/example_branch_datetime_operator.py for tasks to queue
[2023-09-01T13:24:45.400+0900] {logging_mixin.py:151} INFO - [2023-09-01T13:24:45.399+0900] {dagbag.py:539} INFO - Filling up the DagBag from /usr/local/lib/python3.8/dist-packages/airflow/example_dags/example_branch_datetime_operator.py
[2023-09-01T13:24:45.410+0900] {processor.py:839} INFO - DAG(s) dict_keys(['example_branch_datetime_operator_3', 'example_branch_datetime_operator_2', 'example_branch_datetime_operator']) retrieved from /usr/local/lib/python3.8/dist-packages/airflow/example_dags/example_branch_datetime_operator.py
[2023-09-01T13:24:45.424+0900] {logging_mixin.py:151} INFO - [2023-09-01T13:24:45.424+0900] {dag.py:2907} INFO - Sync 3 DAGs
[2023-09-01T13:24:45.436+0900] {logging_mixin.py:151} INFO - [2023-09-01T13:24:45.436+0900] {dag.py:3677} INFO - Setting next_dagrun for example_branch_datetime_operator to 2023-08-31T00:00:00+00:00, run_after=2023-09-01T00:00:00+00:00
[2023-09-01T13:24:45.438+0900] {logging_mixin.py:151} INFO - [2023-09-01T13:24:45.438+0900] {dag.py:3677} INFO - Setting next_dagrun for example_branch_datetime_operator_2 to 2023-08-31T00:00:00+00:00, run_after=2023-09-01T00:00:00+00:00
[2023-09-01T13:24:45.439+0900] {logging_mixin.py:151} INFO - [2023-09-01T13:24:45.439+0900] {dag.py:3677} INFO - Setting next_dagrun for example_branch_datetime_operator_3 to 2023-08-31T00:00:00+00:00, run_after=2023-09-01T00:00:00+00:00
[2023-09-01T13:24:45.448+0900] {processor.py:179} INFO - Processing /usr/local/lib/python3.8/dist-packages/airflow/example_dags/example_branch_datetime_operator.py took 0.054 seconds
[2023-09-01T13:26:19.463+0900] {processor.py:157} INFO - Started process (PID=14622) to work on /usr/local/lib/python3.8/dist-packages/airflow/example_dags/example_branch_datetime_operator.py
[2023-09-01T13:26:19.464+0900] {processor.py:829} INFO - Processing file /usr/local/lib/python3.8/dist-packages/airflow/example_dags/example_branch_datetime_operator.py for tasks to queue
[2023-09-01T13:26:19.466+0900] {logging_mixin.py:151} INFO - [2023-09-01T13:26:19.465+0900] {dagbag.py:539} INFO - Filling up the DagBag from /usr/local/lib/python3.8/dist-packages/airflow/example_dags/example_branch_datetime_operator.py
[2023-09-01T13:26:19.478+0900] {processor.py:839} INFO - DAG(s) dict_keys(['example_branch_datetime_operator', 'example_branch_datetime_operator_3', 'example_branch_datetime_operator_2']) retrieved from /usr/local/lib/python3.8/dist-packages/airflow/example_dags/example_branch_datetime_operator.py
[2023-09-01T13:26:19.496+0900] {logging_mixin.py:151} INFO - [2023-09-01T13:26:19.496+0900] {dag.py:2907} INFO - Sync 3 DAGs
[2023-09-01T13:26:19.508+0900] {logging_mixin.py:151} INFO - [2023-09-01T13:26:19.508+0900] {dag.py:3677} INFO - Setting next_dagrun for example_branch_datetime_operator to 2023-08-31T00:00:00+00:00, run_after=2023-09-01T00:00:00+00:00
[2023-09-01T13:26:19.510+0900] {logging_mixin.py:151} INFO - [2023-09-01T13:26:19.510+0900] {dag.py:3677} INFO - Setting next_dagrun for example_branch_datetime_operator_2 to 2023-08-31T00:00:00+00:00, run_after=2023-09-01T00:00:00+00:00
[2023-09-01T13:26:19.511+0900] {logging_mixin.py:151} INFO - [2023-09-01T13:26:19.511+0900] {dag.py:3677} INFO - Setting next_dagrun for example_branch_datetime_operator_3 to 2023-08-31T00:00:00+00:00, run_after=2023-09-01T00:00:00+00:00
[2023-09-01T13:26:19.519+0900] {processor.py:179} INFO - Processing /usr/local/lib/python3.8/dist-packages/airflow/example_dags/example_branch_datetime_operator.py took 0.061 seconds
[2023-09-01T13:27:04.533+0900] {processor.py:157} INFO - Started process (PID=15058) to work on /usr/local/lib/python3.8/dist-packages/airflow/example_dags/example_branch_datetime_operator.py
[2023-09-01T13:27:04.536+0900] {processor.py:829} INFO - Processing file /usr/local/lib/python3.8/dist-packages/airflow/example_dags/example_branch_datetime_operator.py for tasks to queue
[2023-09-01T13:27:04.537+0900] {logging_mixin.py:151} INFO - [2023-09-01T13:27:04.536+0900] {dagbag.py:539} INFO - Filling up the DagBag from /usr/local/lib/python3.8/dist-packages/airflow/example_dags/example_branch_datetime_operator.py
[2023-09-01T13:27:04.547+0900] {processor.py:839} INFO - DAG(s) dict_keys(['example_branch_datetime_operator_3', 'example_branch_datetime_operator_2', 'example_branch_datetime_operator']) retrieved from /usr/local/lib/python3.8/dist-packages/airflow/example_dags/example_branch_datetime_operator.py
[2023-09-01T13:27:04.558+0900] {logging_mixin.py:151} INFO - [2023-09-01T13:27:04.558+0900] {dag.py:2907} INFO - Sync 3 DAGs
[2023-09-01T13:27:04.568+0900] {logging_mixin.py:151} INFO - [2023-09-01T13:27:04.568+0900] {dag.py:3677} INFO - Setting next_dagrun for example_branch_datetime_operator to 2023-08-31T00:00:00+00:00, run_after=2023-09-01T00:00:00+00:00
[2023-09-01T13:27:04.570+0900] {logging_mixin.py:151} INFO - [2023-09-01T13:27:04.570+0900] {dag.py:3677} INFO - Setting next_dagrun for example_branch_datetime_operator_2 to 2023-08-31T00:00:00+00:00, run_after=2023-09-01T00:00:00+00:00
[2023-09-01T13:27:04.571+0900] {logging_mixin.py:151} INFO - [2023-09-01T13:27:04.571+0900] {dag.py:3677} INFO - Setting next_dagrun for example_branch_datetime_operator_3 to 2023-08-31T00:00:00+00:00, run_after=2023-09-01T00:00:00+00:00
[2023-09-01T13:27:04.579+0900] {processor.py:179} INFO - Processing /usr/local/lib/python3.8/dist-packages/airflow/example_dags/example_branch_datetime_operator.py took 0.051 seconds
[2023-09-01T13:27:49.717+0900] {processor.py:157} INFO - Started process (PID=15487) to work on /usr/local/lib/python3.8/dist-packages/airflow/example_dags/example_branch_datetime_operator.py
[2023-09-01T13:27:49.719+0900] {processor.py:829} INFO - Processing file /usr/local/lib/python3.8/dist-packages/airflow/example_dags/example_branch_datetime_operator.py for tasks to queue
[2023-09-01T13:27:49.720+0900] {logging_mixin.py:151} INFO - [2023-09-01T13:27:49.719+0900] {dagbag.py:539} INFO - Filling up the DagBag from /usr/local/lib/python3.8/dist-packages/airflow/example_dags/example_branch_datetime_operator.py
[2023-09-01T13:27:49.732+0900] {processor.py:839} INFO - DAG(s) dict_keys(['example_branch_datetime_operator', 'example_branch_datetime_operator_3', 'example_branch_datetime_operator_2']) retrieved from /usr/local/lib/python3.8/dist-packages/airflow/example_dags/example_branch_datetime_operator.py
[2023-09-01T13:27:49.752+0900] {logging_mixin.py:151} INFO - [2023-09-01T13:27:49.752+0900] {dag.py:2907} INFO - Sync 3 DAGs
[2023-09-01T13:27:49.763+0900] {logging_mixin.py:151} INFO - [2023-09-01T13:27:49.763+0900] {dag.py:3677} INFO - Setting next_dagrun for example_branch_datetime_operator to 2023-08-31T00:00:00+00:00, run_after=2023-09-01T00:00:00+00:00
[2023-09-01T13:27:49.765+0900] {logging_mixin.py:151} INFO - [2023-09-01T13:27:49.765+0900] {dag.py:3677} INFO - Setting next_dagrun for example_branch_datetime_operator_2 to 2023-08-31T00:00:00+00:00, run_after=2023-09-01T00:00:00+00:00
[2023-09-01T13:27:49.766+0900] {logging_mixin.py:151} INFO - [2023-09-01T13:27:49.766+0900] {dag.py:3677} INFO - Setting next_dagrun for example_branch_datetime_operator_3 to 2023-08-31T00:00:00+00:00, run_after=2023-09-01T00:00:00+00:00
[2023-09-01T13:27:49.775+0900] {processor.py:179} INFO - Processing /usr/local/lib/python3.8/dist-packages/airflow/example_dags/example_branch_datetime_operator.py took 0.062 seconds
[2023-09-01T13:28:33.733+0900] {processor.py:157} INFO - Started process (PID=15914) to work on /usr/local/lib/python3.8/dist-packages/airflow/example_dags/example_branch_datetime_operator.py
[2023-09-01T13:28:33.734+0900] {processor.py:829} INFO - Processing file /usr/local/lib/python3.8/dist-packages/airflow/example_dags/example_branch_datetime_operator.py for tasks to queue
[2023-09-01T13:28:33.736+0900] {logging_mixin.py:151} INFO - [2023-09-01T13:28:33.735+0900] {dagbag.py:539} INFO - Filling up the DagBag from /usr/local/lib/python3.8/dist-packages/airflow/example_dags/example_branch_datetime_operator.py
[2023-09-01T13:28:33.749+0900] {processor.py:839} INFO - DAG(s) dict_keys(['example_branch_datetime_operator', 'example_branch_datetime_operator_2', 'example_branch_datetime_operator_3']) retrieved from /usr/local/lib/python3.8/dist-packages/airflow/example_dags/example_branch_datetime_operator.py
[2023-09-01T13:28:33.768+0900] {logging_mixin.py:151} INFO - [2023-09-01T13:28:33.768+0900] {dag.py:2907} INFO - Sync 3 DAGs
[2023-09-01T13:28:33.780+0900] {logging_mixin.py:151} INFO - [2023-09-01T13:28:33.780+0900] {dag.py:3677} INFO - Setting next_dagrun for example_branch_datetime_operator to 2023-08-31T00:00:00+00:00, run_after=2023-09-01T00:00:00+00:00
[2023-09-01T13:28:33.782+0900] {logging_mixin.py:151} INFO - [2023-09-01T13:28:33.782+0900] {dag.py:3677} INFO - Setting next_dagrun for example_branch_datetime_operator_2 to 2023-08-31T00:00:00+00:00, run_after=2023-09-01T00:00:00+00:00
[2023-09-01T13:28:33.783+0900] {logging_mixin.py:151} INFO - [2023-09-01T13:28:33.783+0900] {dag.py:3677} INFO - Setting next_dagrun for example_branch_datetime_operator_3 to 2023-08-31T00:00:00+00:00, run_after=2023-09-01T00:00:00+00:00
[2023-09-01T13:28:33.792+0900] {processor.py:179} INFO - Processing /usr/local/lib/python3.8/dist-packages/airflow/example_dags/example_branch_datetime_operator.py took 0.064 seconds
[2023-09-01T13:29:22.487+0900] {processor.py:157} INFO - Started process (PID=16419) to work on /usr/local/lib/python3.8/dist-packages/airflow/example_dags/example_branch_datetime_operator.py
[2023-09-01T13:29:22.489+0900] {processor.py:829} INFO - Processing file /usr/local/lib/python3.8/dist-packages/airflow/example_dags/example_branch_datetime_operator.py for tasks to queue
[2023-09-01T13:29:22.490+0900] {logging_mixin.py:151} INFO - [2023-09-01T13:29:22.489+0900] {dagbag.py:539} INFO - Filling up the DagBag from /usr/local/lib/python3.8/dist-packages/airflow/example_dags/example_branch_datetime_operator.py
[2023-09-01T13:29:22.500+0900] {processor.py:839} INFO - DAG(s) dict_keys(['example_branch_datetime_operator_2', 'example_branch_datetime_operator', 'example_branch_datetime_operator_3']) retrieved from /usr/local/lib/python3.8/dist-packages/airflow/example_dags/example_branch_datetime_operator.py
[2023-09-01T13:29:22.520+0900] {logging_mixin.py:151} INFO - [2023-09-01T13:29:22.520+0900] {dag.py:2907} INFO - Sync 3 DAGs
[2023-09-01T13:29:22.534+0900] {logging_mixin.py:151} INFO - [2023-09-01T13:29:22.534+0900] {dag.py:3677} INFO - Setting next_dagrun for example_branch_datetime_operator to 2023-08-31T00:00:00+00:00, run_after=2023-09-01T00:00:00+00:00
[2023-09-01T13:29:22.536+0900] {logging_mixin.py:151} INFO - [2023-09-01T13:29:22.536+0900] {dag.py:3677} INFO - Setting next_dagrun for example_branch_datetime_operator_2 to 2023-08-31T00:00:00+00:00, run_after=2023-09-01T00:00:00+00:00
[2023-09-01T13:29:22.537+0900] {logging_mixin.py:151} INFO - [2023-09-01T13:29:22.537+0900] {dag.py:3677} INFO - Setting next_dagrun for example_branch_datetime_operator_3 to 2023-08-31T00:00:00+00:00, run_after=2023-09-01T00:00:00+00:00
[2023-09-01T13:29:22.547+0900] {processor.py:179} INFO - Processing /usr/local/lib/python3.8/dist-packages/airflow/example_dags/example_branch_datetime_operator.py took 0.064 seconds
[2023-09-01T13:30:11.087+0900] {processor.py:157} INFO - Started process (PID=16886) to work on /usr/local/lib/python3.8/dist-packages/airflow/example_dags/example_branch_datetime_operator.py
[2023-09-01T13:30:11.088+0900] {processor.py:829} INFO - Processing file /usr/local/lib/python3.8/dist-packages/airflow/example_dags/example_branch_datetime_operator.py for tasks to queue
[2023-09-01T13:30:11.089+0900] {logging_mixin.py:151} INFO - [2023-09-01T13:30:11.088+0900] {dagbag.py:539} INFO - Filling up the DagBag from /usr/local/lib/python3.8/dist-packages/airflow/example_dags/example_branch_datetime_operator.py
[2023-09-01T13:30:11.100+0900] {processor.py:839} INFO - DAG(s) dict_keys(['example_branch_datetime_operator_2', 'example_branch_datetime_operator_3', 'example_branch_datetime_operator']) retrieved from /usr/local/lib/python3.8/dist-packages/airflow/example_dags/example_branch_datetime_operator.py
[2023-09-01T13:30:11.120+0900] {logging_mixin.py:151} INFO - [2023-09-01T13:30:11.120+0900] {dag.py:2907} INFO - Sync 3 DAGs
[2023-09-01T13:30:11.132+0900] {logging_mixin.py:151} INFO - [2023-09-01T13:30:11.132+0900] {dag.py:3677} INFO - Setting next_dagrun for example_branch_datetime_operator to 2023-08-31T00:00:00+00:00, run_after=2023-09-01T00:00:00+00:00
[2023-09-01T13:30:11.134+0900] {logging_mixin.py:151} INFO - [2023-09-01T13:30:11.134+0900] {dag.py:3677} INFO - Setting next_dagrun for example_branch_datetime_operator_2 to 2023-08-31T00:00:00+00:00, run_after=2023-09-01T00:00:00+00:00
[2023-09-01T13:30:11.135+0900] {logging_mixin.py:151} INFO - [2023-09-01T13:30:11.135+0900] {dag.py:3677} INFO - Setting next_dagrun for example_branch_datetime_operator_3 to 2023-08-31T00:00:00+00:00, run_after=2023-09-01T00:00:00+00:00
[2023-09-01T13:30:11.144+0900] {processor.py:179} INFO - Processing /usr/local/lib/python3.8/dist-packages/airflow/example_dags/example_branch_datetime_operator.py took 0.062 seconds
[2023-09-01T13:30:53.736+0900] {processor.py:157} INFO - Started process (PID=17297) to work on /usr/local/lib/python3.8/dist-packages/airflow/example_dags/example_branch_datetime_operator.py
[2023-09-01T13:30:53.737+0900] {processor.py:829} INFO - Processing file /usr/local/lib/python3.8/dist-packages/airflow/example_dags/example_branch_datetime_operator.py for tasks to queue
[2023-09-01T13:30:53.738+0900] {logging_mixin.py:151} INFO - [2023-09-01T13:30:53.737+0900] {dagbag.py:539} INFO - Filling up the DagBag from /usr/local/lib/python3.8/dist-packages/airflow/example_dags/example_branch_datetime_operator.py
[2023-09-01T13:30:53.745+0900] {processor.py:839} INFO - DAG(s) dict_keys(['example_branch_datetime_operator_3', 'example_branch_datetime_operator_2', 'example_branch_datetime_operator']) retrieved from /usr/local/lib/python3.8/dist-packages/airflow/example_dags/example_branch_datetime_operator.py
[2023-09-01T13:30:53.759+0900] {logging_mixin.py:151} INFO - [2023-09-01T13:30:53.759+0900] {dag.py:2907} INFO - Sync 3 DAGs
[2023-09-01T13:30:53.770+0900] {logging_mixin.py:151} INFO - [2023-09-01T13:30:53.770+0900] {dag.py:3677} INFO - Setting next_dagrun for example_branch_datetime_operator to 2023-08-31T00:00:00+00:00, run_after=2023-09-01T00:00:00+00:00
[2023-09-01T13:30:53.772+0900] {logging_mixin.py:151} INFO - [2023-09-01T13:30:53.772+0900] {dag.py:3677} INFO - Setting next_dagrun for example_branch_datetime_operator_2 to 2023-08-31T00:00:00+00:00, run_after=2023-09-01T00:00:00+00:00
[2023-09-01T13:30:53.773+0900] {logging_mixin.py:151} INFO - [2023-09-01T13:30:53.773+0900] {dag.py:3677} INFO - Setting next_dagrun for example_branch_datetime_operator_3 to 2023-08-31T00:00:00+00:00, run_after=2023-09-01T00:00:00+00:00
[2023-09-01T13:30:53.782+0900] {processor.py:179} INFO - Processing /usr/local/lib/python3.8/dist-packages/airflow/example_dags/example_branch_datetime_operator.py took 0.048 seconds
[2023-09-01T13:31:36.654+0900] {processor.py:157} INFO - Started process (PID=17713) to work on /usr/local/lib/python3.8/dist-packages/airflow/example_dags/example_branch_datetime_operator.py
[2023-09-01T13:31:36.656+0900] {processor.py:829} INFO - Processing file /usr/local/lib/python3.8/dist-packages/airflow/example_dags/example_branch_datetime_operator.py for tasks to queue
[2023-09-01T13:31:36.657+0900] {logging_mixin.py:151} INFO - [2023-09-01T13:31:36.656+0900] {dagbag.py:539} INFO - Filling up the DagBag from /usr/local/lib/python3.8/dist-packages/airflow/example_dags/example_branch_datetime_operator.py
[2023-09-01T13:31:36.671+0900] {processor.py:839} INFO - DAG(s) dict_keys(['example_branch_datetime_operator_2', 'example_branch_datetime_operator_3', 'example_branch_datetime_operator']) retrieved from /usr/local/lib/python3.8/dist-packages/airflow/example_dags/example_branch_datetime_operator.py
[2023-09-01T13:31:36.693+0900] {logging_mixin.py:151} INFO - [2023-09-01T13:31:36.693+0900] {dag.py:2907} INFO - Sync 3 DAGs
[2023-09-01T13:31:36.707+0900] {logging_mixin.py:151} INFO - [2023-09-01T13:31:36.707+0900] {dag.py:3677} INFO - Setting next_dagrun for example_branch_datetime_operator to 2023-08-31T00:00:00+00:00, run_after=2023-09-01T00:00:00+00:00
[2023-09-01T13:31:36.709+0900] {logging_mixin.py:151} INFO - [2023-09-01T13:31:36.709+0900] {dag.py:3677} INFO - Setting next_dagrun for example_branch_datetime_operator_2 to 2023-08-31T00:00:00+00:00, run_after=2023-09-01T00:00:00+00:00
[2023-09-01T13:31:36.710+0900] {logging_mixin.py:151} INFO - [2023-09-01T13:31:36.710+0900] {dag.py:3677} INFO - Setting next_dagrun for example_branch_datetime_operator_3 to 2023-08-31T00:00:00+00:00, run_after=2023-09-01T00:00:00+00:00
[2023-09-01T13:31:36.720+0900] {processor.py:179} INFO - Processing /usr/local/lib/python3.8/dist-packages/airflow/example_dags/example_branch_datetime_operator.py took 0.071 seconds
[2023-09-01T13:32:22.446+0900] {processor.py:157} INFO - Started process (PID=18158) to work on /usr/local/lib/python3.8/dist-packages/airflow/example_dags/example_branch_datetime_operator.py
[2023-09-01T13:32:22.448+0900] {processor.py:829} INFO - Processing file /usr/local/lib/python3.8/dist-packages/airflow/example_dags/example_branch_datetime_operator.py for tasks to queue
[2023-09-01T13:32:22.450+0900] {logging_mixin.py:151} INFO - [2023-09-01T13:32:22.449+0900] {dagbag.py:539} INFO - Filling up the DagBag from /usr/local/lib/python3.8/dist-packages/airflow/example_dags/example_branch_datetime_operator.py
[2023-09-01T13:32:22.462+0900] {processor.py:839} INFO - DAG(s) dict_keys(['example_branch_datetime_operator_2', 'example_branch_datetime_operator_3', 'example_branch_datetime_operator']) retrieved from /usr/local/lib/python3.8/dist-packages/airflow/example_dags/example_branch_datetime_operator.py
[2023-09-01T13:32:22.480+0900] {logging_mixin.py:151} INFO - [2023-09-01T13:32:22.479+0900] {dag.py:2907} INFO - Sync 3 DAGs
[2023-09-01T13:32:22.491+0900] {logging_mixin.py:151} INFO - [2023-09-01T13:32:22.491+0900] {dag.py:3677} INFO - Setting next_dagrun for example_branch_datetime_operator to 2023-08-31T00:00:00+00:00, run_after=2023-09-01T00:00:00+00:00
[2023-09-01T13:32:22.493+0900] {logging_mixin.py:151} INFO - [2023-09-01T13:32:22.493+0900] {dag.py:3677} INFO - Setting next_dagrun for example_branch_datetime_operator_2 to 2023-08-31T00:00:00+00:00, run_after=2023-09-01T00:00:00+00:00
[2023-09-01T13:32:22.494+0900] {logging_mixin.py:151} INFO - [2023-09-01T13:32:22.494+0900] {dag.py:3677} INFO - Setting next_dagrun for example_branch_datetime_operator_3 to 2023-08-31T00:00:00+00:00, run_after=2023-09-01T00:00:00+00:00
[2023-09-01T13:32:22.503+0900] {processor.py:179} INFO - Processing /usr/local/lib/python3.8/dist-packages/airflow/example_dags/example_branch_datetime_operator.py took 0.062 seconds
[2023-09-01T13:33:05.710+0900] {processor.py:157} INFO - Started process (PID=18583) to work on /usr/local/lib/python3.8/dist-packages/airflow/example_dags/example_branch_datetime_operator.py
[2023-09-01T13:33:05.712+0900] {processor.py:829} INFO - Processing file /usr/local/lib/python3.8/dist-packages/airflow/example_dags/example_branch_datetime_operator.py for tasks to queue
[2023-09-01T13:33:05.714+0900] {logging_mixin.py:151} INFO - [2023-09-01T13:33:05.713+0900] {dagbag.py:539} INFO - Filling up the DagBag from /usr/local/lib/python3.8/dist-packages/airflow/example_dags/example_branch_datetime_operator.py
[2023-09-01T13:33:05.723+0900] {processor.py:839} INFO - DAG(s) dict_keys(['example_branch_datetime_operator', 'example_branch_datetime_operator_2', 'example_branch_datetime_operator_3']) retrieved from /usr/local/lib/python3.8/dist-packages/airflow/example_dags/example_branch_datetime_operator.py
[2023-09-01T13:33:05.740+0900] {logging_mixin.py:151} INFO - [2023-09-01T13:33:05.740+0900] {dag.py:2907} INFO - Sync 3 DAGs
[2023-09-01T13:33:05.754+0900] {logging_mixin.py:151} INFO - [2023-09-01T13:33:05.754+0900] {dag.py:3677} INFO - Setting next_dagrun for example_branch_datetime_operator to 2023-08-31T00:00:00+00:00, run_after=2023-09-01T00:00:00+00:00
[2023-09-01T13:33:05.756+0900] {logging_mixin.py:151} INFO - [2023-09-01T13:33:05.756+0900] {dag.py:3677} INFO - Setting next_dagrun for example_branch_datetime_operator_2 to 2023-08-31T00:00:00+00:00, run_after=2023-09-01T00:00:00+00:00
[2023-09-01T13:33:05.757+0900] {logging_mixin.py:151} INFO - [2023-09-01T13:33:05.757+0900] {dag.py:3677} INFO - Setting next_dagrun for example_branch_datetime_operator_3 to 2023-08-31T00:00:00+00:00, run_after=2023-09-01T00:00:00+00:00
[2023-09-01T13:33:05.767+0900] {processor.py:179} INFO - Processing /usr/local/lib/python3.8/dist-packages/airflow/example_dags/example_branch_datetime_operator.py took 0.062 seconds
[2023-09-01T13:33:56.064+0900] {processor.py:157} INFO - Started process (PID=19085) to work on /usr/local/lib/python3.8/dist-packages/airflow/example_dags/example_branch_datetime_operator.py
[2023-09-01T13:33:56.065+0900] {processor.py:829} INFO - Processing file /usr/local/lib/python3.8/dist-packages/airflow/example_dags/example_branch_datetime_operator.py for tasks to queue
[2023-09-01T13:33:56.066+0900] {logging_mixin.py:151} INFO - [2023-09-01T13:33:56.065+0900] {dagbag.py:539} INFO - Filling up the DagBag from /usr/local/lib/python3.8/dist-packages/airflow/example_dags/example_branch_datetime_operator.py
[2023-09-01T13:33:56.072+0900] {processor.py:839} INFO - DAG(s) dict_keys(['example_branch_datetime_operator_3', 'example_branch_datetime_operator_2', 'example_branch_datetime_operator']) retrieved from /usr/local/lib/python3.8/dist-packages/airflow/example_dags/example_branch_datetime_operator.py
[2023-09-01T13:33:56.084+0900] {logging_mixin.py:151} INFO - [2023-09-01T13:33:56.084+0900] {dag.py:2907} INFO - Sync 3 DAGs
[2023-09-01T13:33:56.094+0900] {logging_mixin.py:151} INFO - [2023-09-01T13:33:56.094+0900] {dag.py:3677} INFO - Setting next_dagrun for example_branch_datetime_operator to 2023-08-31T00:00:00+00:00, run_after=2023-09-01T00:00:00+00:00
[2023-09-01T13:33:56.095+0900] {logging_mixin.py:151} INFO - [2023-09-01T13:33:56.095+0900] {dag.py:3677} INFO - Setting next_dagrun for example_branch_datetime_operator_2 to 2023-08-31T00:00:00+00:00, run_after=2023-09-01T00:00:00+00:00
[2023-09-01T13:33:56.096+0900] {logging_mixin.py:151} INFO - [2023-09-01T13:33:56.096+0900] {dag.py:3677} INFO - Setting next_dagrun for example_branch_datetime_operator_3 to 2023-08-31T00:00:00+00:00, run_after=2023-09-01T00:00:00+00:00
[2023-09-01T13:33:56.104+0900] {processor.py:179} INFO - Processing /usr/local/lib/python3.8/dist-packages/airflow/example_dags/example_branch_datetime_operator.py took 0.043 seconds
[2023-09-01T13:34:40.089+0900] {processor.py:157} INFO - Started process (PID=19513) to work on /usr/local/lib/python3.8/dist-packages/airflow/example_dags/example_branch_datetime_operator.py
[2023-09-01T13:34:40.090+0900] {processor.py:829} INFO - Processing file /usr/local/lib/python3.8/dist-packages/airflow/example_dags/example_branch_datetime_operator.py for tasks to queue
[2023-09-01T13:34:40.091+0900] {logging_mixin.py:151} INFO - [2023-09-01T13:34:40.090+0900] {dagbag.py:539} INFO - Filling up the DagBag from /usr/local/lib/python3.8/dist-packages/airflow/example_dags/example_branch_datetime_operator.py
[2023-09-01T13:34:40.097+0900] {processor.py:839} INFO - DAG(s) dict_keys(['example_branch_datetime_operator', 'example_branch_datetime_operator_3', 'example_branch_datetime_operator_2']) retrieved from /usr/local/lib/python3.8/dist-packages/airflow/example_dags/example_branch_datetime_operator.py
[2023-09-01T13:34:40.110+0900] {logging_mixin.py:151} INFO - [2023-09-01T13:34:40.110+0900] {dag.py:2907} INFO - Sync 3 DAGs
[2023-09-01T13:34:40.119+0900] {logging_mixin.py:151} INFO - [2023-09-01T13:34:40.119+0900] {dag.py:3677} INFO - Setting next_dagrun for example_branch_datetime_operator to 2023-08-31T00:00:00+00:00, run_after=2023-09-01T00:00:00+00:00
[2023-09-01T13:34:40.121+0900] {logging_mixin.py:151} INFO - [2023-09-01T13:34:40.121+0900] {dag.py:3677} INFO - Setting next_dagrun for example_branch_datetime_operator_2 to 2023-08-31T00:00:00+00:00, run_after=2023-09-01T00:00:00+00:00
[2023-09-01T13:34:40.122+0900] {logging_mixin.py:151} INFO - [2023-09-01T13:34:40.122+0900] {dag.py:3677} INFO - Setting next_dagrun for example_branch_datetime_operator_3 to 2023-08-31T00:00:00+00:00, run_after=2023-09-01T00:00:00+00:00
[2023-09-01T13:34:40.130+0900] {processor.py:179} INFO - Processing /usr/local/lib/python3.8/dist-packages/airflow/example_dags/example_branch_datetime_operator.py took 0.043 seconds
[2023-09-01T13:35:23.383+0900] {processor.py:157} INFO - Started process (PID=19937) to work on /usr/local/lib/python3.8/dist-packages/airflow/example_dags/example_branch_datetime_operator.py
[2023-09-01T13:35:23.384+0900] {processor.py:829} INFO - Processing file /usr/local/lib/python3.8/dist-packages/airflow/example_dags/example_branch_datetime_operator.py for tasks to queue
[2023-09-01T13:35:23.385+0900] {logging_mixin.py:151} INFO - [2023-09-01T13:35:23.384+0900] {dagbag.py:539} INFO - Filling up the DagBag from /usr/local/lib/python3.8/dist-packages/airflow/example_dags/example_branch_datetime_operator.py
[2023-09-01T13:35:23.395+0900] {processor.py:839} INFO - DAG(s) dict_keys(['example_branch_datetime_operator_3', 'example_branch_datetime_operator_2', 'example_branch_datetime_operator']) retrieved from /usr/local/lib/python3.8/dist-packages/airflow/example_dags/example_branch_datetime_operator.py
[2023-09-01T13:35:23.416+0900] {logging_mixin.py:151} INFO - [2023-09-01T13:35:23.416+0900] {dag.py:2907} INFO - Sync 3 DAGs
[2023-09-01T13:35:23.430+0900] {logging_mixin.py:151} INFO - [2023-09-01T13:35:23.430+0900] {dag.py:3677} INFO - Setting next_dagrun for example_branch_datetime_operator to 2023-08-31T00:00:00+00:00, run_after=2023-09-01T00:00:00+00:00
[2023-09-01T13:35:23.432+0900] {logging_mixin.py:151} INFO - [2023-09-01T13:35:23.432+0900] {dag.py:3677} INFO - Setting next_dagrun for example_branch_datetime_operator_2 to 2023-08-31T00:00:00+00:00, run_after=2023-09-01T00:00:00+00:00
[2023-09-01T13:35:23.434+0900] {logging_mixin.py:151} INFO - [2023-09-01T13:35:23.433+0900] {dag.py:3677} INFO - Setting next_dagrun for example_branch_datetime_operator_3 to 2023-08-31T00:00:00+00:00, run_after=2023-09-01T00:00:00+00:00
[2023-09-01T13:35:23.444+0900] {processor.py:179} INFO - Processing /usr/local/lib/python3.8/dist-packages/airflow/example_dags/example_branch_datetime_operator.py took 0.064 seconds
[2023-09-01T13:36:07.291+0900] {processor.py:157} INFO - Started process (PID=20364) to work on /usr/local/lib/python3.8/dist-packages/airflow/example_dags/example_branch_datetime_operator.py
[2023-09-01T13:36:07.293+0900] {processor.py:829} INFO - Processing file /usr/local/lib/python3.8/dist-packages/airflow/example_dags/example_branch_datetime_operator.py for tasks to queue
[2023-09-01T13:36:07.294+0900] {logging_mixin.py:151} INFO - [2023-09-01T13:36:07.293+0900] {dagbag.py:539} INFO - Filling up the DagBag from /usr/local/lib/python3.8/dist-packages/airflow/example_dags/example_branch_datetime_operator.py
[2023-09-01T13:36:07.307+0900] {processor.py:839} INFO - DAG(s) dict_keys(['example_branch_datetime_operator', 'example_branch_datetime_operator_3', 'example_branch_datetime_operator_2']) retrieved from /usr/local/lib/python3.8/dist-packages/airflow/example_dags/example_branch_datetime_operator.py
[2023-09-01T13:36:07.326+0900] {logging_mixin.py:151} INFO - [2023-09-01T13:36:07.326+0900] {dag.py:2907} INFO - Sync 3 DAGs
[2023-09-01T13:36:07.338+0900] {logging_mixin.py:151} INFO - [2023-09-01T13:36:07.338+0900] {dag.py:3677} INFO - Setting next_dagrun for example_branch_datetime_operator to 2023-08-31T00:00:00+00:00, run_after=2023-09-01T00:00:00+00:00
[2023-09-01T13:36:07.340+0900] {logging_mixin.py:151} INFO - [2023-09-01T13:36:07.340+0900] {dag.py:3677} INFO - Setting next_dagrun for example_branch_datetime_operator_2 to 2023-08-31T00:00:00+00:00, run_after=2023-09-01T00:00:00+00:00
[2023-09-01T13:36:07.341+0900] {logging_mixin.py:151} INFO - [2023-09-01T13:36:07.341+0900] {dag.py:3677} INFO - Setting next_dagrun for example_branch_datetime_operator_3 to 2023-08-31T00:00:00+00:00, run_after=2023-09-01T00:00:00+00:00
[2023-09-01T13:36:07.351+0900] {processor.py:179} INFO - Processing /usr/local/lib/python3.8/dist-packages/airflow/example_dags/example_branch_datetime_operator.py took 0.064 seconds
[2023-09-01T13:36:56.926+0900] {processor.py:157} INFO - Started process (PID=20830) to work on /usr/local/lib/python3.8/dist-packages/airflow/example_dags/example_branch_datetime_operator.py
[2023-09-01T13:36:56.928+0900] {processor.py:829} INFO - Processing file /usr/local/lib/python3.8/dist-packages/airflow/example_dags/example_branch_datetime_operator.py for tasks to queue
[2023-09-01T13:36:56.929+0900] {logging_mixin.py:151} INFO - [2023-09-01T13:36:56.928+0900] {dagbag.py:539} INFO - Filling up the DagBag from /usr/local/lib/python3.8/dist-packages/airflow/example_dags/example_branch_datetime_operator.py
[2023-09-01T13:36:56.942+0900] {processor.py:839} INFO - DAG(s) dict_keys(['example_branch_datetime_operator_3', 'example_branch_datetime_operator_2', 'example_branch_datetime_operator']) retrieved from /usr/local/lib/python3.8/dist-packages/airflow/example_dags/example_branch_datetime_operator.py
[2023-09-01T13:36:56.961+0900] {logging_mixin.py:151} INFO - [2023-09-01T13:36:56.960+0900] {dag.py:2907} INFO - Sync 3 DAGs
[2023-09-01T13:36:56.973+0900] {logging_mixin.py:151} INFO - [2023-09-01T13:36:56.972+0900] {dag.py:3677} INFO - Setting next_dagrun for example_branch_datetime_operator to 2023-08-31T00:00:00+00:00, run_after=2023-09-01T00:00:00+00:00
[2023-09-01T13:36:56.975+0900] {logging_mixin.py:151} INFO - [2023-09-01T13:36:56.975+0900] {dag.py:3677} INFO - Setting next_dagrun for example_branch_datetime_operator_2 to 2023-08-31T00:00:00+00:00, run_after=2023-09-01T00:00:00+00:00
[2023-09-01T13:36:56.976+0900] {logging_mixin.py:151} INFO - [2023-09-01T13:36:56.975+0900] {dag.py:3677} INFO - Setting next_dagrun for example_branch_datetime_operator_3 to 2023-08-31T00:00:00+00:00, run_after=2023-09-01T00:00:00+00:00
[2023-09-01T13:36:56.985+0900] {processor.py:179} INFO - Processing /usr/local/lib/python3.8/dist-packages/airflow/example_dags/example_branch_datetime_operator.py took 0.064 seconds
[2023-09-01T13:37:41.881+0900] {processor.py:157} INFO - Started process (PID=21267) to work on /usr/local/lib/python3.8/dist-packages/airflow/example_dags/example_branch_datetime_operator.py
[2023-09-01T13:37:41.883+0900] {processor.py:829} INFO - Processing file /usr/local/lib/python3.8/dist-packages/airflow/example_dags/example_branch_datetime_operator.py for tasks to queue
[2023-09-01T13:37:41.884+0900] {logging_mixin.py:151} INFO - [2023-09-01T13:37:41.883+0900] {dagbag.py:539} INFO - Filling up the DagBag from /usr/local/lib/python3.8/dist-packages/airflow/example_dags/example_branch_datetime_operator.py
[2023-09-01T13:37:41.895+0900] {processor.py:839} INFO - DAG(s) dict_keys(['example_branch_datetime_operator', 'example_branch_datetime_operator_2', 'example_branch_datetime_operator_3']) retrieved from /usr/local/lib/python3.8/dist-packages/airflow/example_dags/example_branch_datetime_operator.py
[2023-09-01T13:37:41.914+0900] {logging_mixin.py:151} INFO - [2023-09-01T13:37:41.914+0900] {dag.py:2907} INFO - Sync 3 DAGs
[2023-09-01T13:37:41.925+0900] {logging_mixin.py:151} INFO - [2023-09-01T13:37:41.925+0900] {dag.py:3677} INFO - Setting next_dagrun for example_branch_datetime_operator to 2023-08-31T00:00:00+00:00, run_after=2023-09-01T00:00:00+00:00
[2023-09-01T13:37:41.927+0900] {logging_mixin.py:151} INFO - [2023-09-01T13:37:41.927+0900] {dag.py:3677} INFO - Setting next_dagrun for example_branch_datetime_operator_2 to 2023-08-31T00:00:00+00:00, run_after=2023-09-01T00:00:00+00:00
[2023-09-01T13:37:41.928+0900] {logging_mixin.py:151} INFO - [2023-09-01T13:37:41.928+0900] {dag.py:3677} INFO - Setting next_dagrun for example_branch_datetime_operator_3 to 2023-08-31T00:00:00+00:00, run_after=2023-09-01T00:00:00+00:00
[2023-09-01T13:37:41.938+0900] {processor.py:179} INFO - Processing /usr/local/lib/python3.8/dist-packages/airflow/example_dags/example_branch_datetime_operator.py took 0.062 seconds
[2023-09-01T13:38:26.204+0900] {processor.py:157} INFO - Started process (PID=21705) to work on /usr/local/lib/python3.8/dist-packages/airflow/example_dags/example_branch_datetime_operator.py
[2023-09-01T13:38:26.206+0900] {processor.py:829} INFO - Processing file /usr/local/lib/python3.8/dist-packages/airflow/example_dags/example_branch_datetime_operator.py for tasks to queue
[2023-09-01T13:38:26.208+0900] {logging_mixin.py:151} INFO - [2023-09-01T13:38:26.207+0900] {dagbag.py:539} INFO - Filling up the DagBag from /usr/local/lib/python3.8/dist-packages/airflow/example_dags/example_branch_datetime_operator.py
[2023-09-01T13:38:26.220+0900] {processor.py:839} INFO - DAG(s) dict_keys(['example_branch_datetime_operator_3', 'example_branch_datetime_operator', 'example_branch_datetime_operator_2']) retrieved from /usr/local/lib/python3.8/dist-packages/airflow/example_dags/example_branch_datetime_operator.py
[2023-09-01T13:38:26.237+0900] {logging_mixin.py:151} INFO - [2023-09-01T13:38:26.237+0900] {dag.py:2907} INFO - Sync 3 DAGs
[2023-09-01T13:38:26.248+0900] {logging_mixin.py:151} INFO - [2023-09-01T13:38:26.248+0900] {dag.py:3677} INFO - Setting next_dagrun for example_branch_datetime_operator to 2023-08-31T00:00:00+00:00, run_after=2023-09-01T00:00:00+00:00
[2023-09-01T13:38:26.250+0900] {logging_mixin.py:151} INFO - [2023-09-01T13:38:26.250+0900] {dag.py:3677} INFO - Setting next_dagrun for example_branch_datetime_operator_2 to 2023-08-31T00:00:00+00:00, run_after=2023-09-01T00:00:00+00:00
[2023-09-01T13:38:26.251+0900] {logging_mixin.py:151} INFO - [2023-09-01T13:38:26.251+0900] {dag.py:3677} INFO - Setting next_dagrun for example_branch_datetime_operator_3 to 2023-08-31T00:00:00+00:00, run_after=2023-09-01T00:00:00+00:00
[2023-09-01T13:38:26.260+0900] {processor.py:179} INFO - Processing /usr/local/lib/python3.8/dist-packages/airflow/example_dags/example_branch_datetime_operator.py took 0.061 seconds
