[2023-09-01T13:07:45.232+0900] {processor.py:157} INFO - Started process (PID=2098) to work on /usr/local/lib/python3.8/dist-packages/airflow/example_dags/example_nested_branch_dag.py
[2023-09-01T13:07:45.233+0900] {processor.py:829} INFO - Processing file /usr/local/lib/python3.8/dist-packages/airflow/example_dags/example_nested_branch_dag.py for tasks to queue
[2023-09-01T13:07:45.234+0900] {logging_mixin.py:151} INFO - [2023-09-01T13:07:45.234+0900] {dagbag.py:539} INFO - Filling up the DagBag from /usr/local/lib/python3.8/dist-packages/airflow/example_dags/example_nested_branch_dag.py
[2023-09-01T13:07:45.248+0900] {processor.py:839} INFO - DAG(s) dict_keys(['example_nested_branch_dag']) retrieved from /usr/local/lib/python3.8/dist-packages/airflow/example_dags/example_nested_branch_dag.py
[2023-09-01T13:07:45.304+0900] {logging_mixin.py:151} INFO - [2023-09-01T13:07:45.304+0900] {manager.py:501} INFO - Created Permission View: can delete on DAG:example_nested_branch_dag
[2023-09-01T13:07:45.309+0900] {logging_mixin.py:151} INFO - [2023-09-01T13:07:45.309+0900] {manager.py:501} INFO - Created Permission View: can read on DAG:example_nested_branch_dag
[2023-09-01T13:07:45.312+0900] {logging_mixin.py:151} INFO - [2023-09-01T13:07:45.312+0900] {manager.py:501} INFO - Created Permission View: can edit on DAG:example_nested_branch_dag
[2023-09-01T13:07:45.316+0900] {logging_mixin.py:151} INFO - [2023-09-01T13:07:45.316+0900] {dag.py:2907} INFO - Sync 1 DAGs
[2023-09-01T13:07:45.320+0900] {logging_mixin.py:151} INFO - [2023-09-01T13:07:45.320+0900] {dag.py:2929} INFO - Creating ORM DAG for example_nested_branch_dag
[2023-09-01T13:07:45.324+0900] {logging_mixin.py:151} INFO - [2023-09-01T13:07:45.324+0900] {dag.py:3677} INFO - Setting next_dagrun for example_nested_branch_dag to 2023-08-31T00:00:00+00:00, run_after=2023-09-01T00:00:00+00:00
[2023-09-01T13:07:45.333+0900] {processor.py:179} INFO - Processing /usr/local/lib/python3.8/dist-packages/airflow/example_dags/example_nested_branch_dag.py took 0.106 seconds
[2023-09-01T13:08:32.078+0900] {processor.py:157} INFO - Started process (PID=3009) to work on /usr/local/lib/python3.8/dist-packages/airflow/example_dags/example_nested_branch_dag.py
[2023-09-01T13:08:32.080+0900] {processor.py:829} INFO - Processing file /usr/local/lib/python3.8/dist-packages/airflow/example_dags/example_nested_branch_dag.py for tasks to queue
[2023-09-01T13:08:32.082+0900] {logging_mixin.py:151} INFO - [2023-09-01T13:08:32.081+0900] {dagbag.py:539} INFO - Filling up the DagBag from /usr/local/lib/python3.8/dist-packages/airflow/example_dags/example_nested_branch_dag.py
[2023-09-01T13:08:32.091+0900] {processor.py:839} INFO - DAG(s) dict_keys(['example_nested_branch_dag']) retrieved from /usr/local/lib/python3.8/dist-packages/airflow/example_dags/example_nested_branch_dag.py
[2023-09-01T13:08:32.108+0900] {logging_mixin.py:151} INFO - [2023-09-01T13:08:32.107+0900] {dag.py:2907} INFO - Sync 1 DAGs
[2023-09-01T13:08:32.121+0900] {logging_mixin.py:151} INFO - [2023-09-01T13:08:32.121+0900] {dag.py:3677} INFO - Setting next_dagrun for example_nested_branch_dag to 2023-08-31T00:00:00+00:00, run_after=2023-09-01T00:00:00+00:00
[2023-09-01T13:08:32.133+0900] {processor.py:179} INFO - Processing /usr/local/lib/python3.8/dist-packages/airflow/example_dags/example_nested_branch_dag.py took 0.058 seconds
[2023-09-01T13:09:20.773+0900] {processor.py:157} INFO - Started process (PID=4241) to work on /usr/local/lib/python3.8/dist-packages/airflow/example_dags/example_nested_branch_dag.py
[2023-09-01T13:09:20.775+0900] {processor.py:829} INFO - Processing file /usr/local/lib/python3.8/dist-packages/airflow/example_dags/example_nested_branch_dag.py for tasks to queue
[2023-09-01T13:09:20.776+0900] {logging_mixin.py:151} INFO - [2023-09-01T13:09:20.775+0900] {dagbag.py:539} INFO - Filling up the DagBag from /usr/local/lib/python3.8/dist-packages/airflow/example_dags/example_nested_branch_dag.py
[2023-09-01T13:09:20.789+0900] {processor.py:839} INFO - DAG(s) dict_keys(['example_nested_branch_dag']) retrieved from /usr/local/lib/python3.8/dist-packages/airflow/example_dags/example_nested_branch_dag.py
[2023-09-01T13:09:20.806+0900] {logging_mixin.py:151} INFO - [2023-09-01T13:09:20.806+0900] {dag.py:2907} INFO - Sync 1 DAGs
[2023-09-01T13:09:20.818+0900] {logging_mixin.py:151} INFO - [2023-09-01T13:09:20.818+0900] {dag.py:3677} INFO - Setting next_dagrun for example_nested_branch_dag to 2023-08-31T00:00:00+00:00, run_after=2023-09-01T00:00:00+00:00
[2023-09-01T13:09:20.828+0900] {processor.py:179} INFO - Processing /usr/local/lib/python3.8/dist-packages/airflow/example_dags/example_nested_branch_dag.py took 0.060 seconds
[2023-09-01T13:10:07.165+0900] {processor.py:157} INFO - Started process (PID=4678) to work on /usr/local/lib/python3.8/dist-packages/airflow/example_dags/example_nested_branch_dag.py
[2023-09-01T13:10:07.167+0900] {processor.py:829} INFO - Processing file /usr/local/lib/python3.8/dist-packages/airflow/example_dags/example_nested_branch_dag.py for tasks to queue
[2023-09-01T13:10:07.168+0900] {logging_mixin.py:151} INFO - [2023-09-01T13:10:07.167+0900] {dagbag.py:539} INFO - Filling up the DagBag from /usr/local/lib/python3.8/dist-packages/airflow/example_dags/example_nested_branch_dag.py
[2023-09-01T13:10:07.180+0900] {processor.py:839} INFO - DAG(s) dict_keys(['example_nested_branch_dag']) retrieved from /usr/local/lib/python3.8/dist-packages/airflow/example_dags/example_nested_branch_dag.py
[2023-09-01T13:10:07.198+0900] {logging_mixin.py:151} INFO - [2023-09-01T13:10:07.197+0900] {dag.py:2907} INFO - Sync 1 DAGs
[2023-09-01T13:10:07.212+0900] {logging_mixin.py:151} INFO - [2023-09-01T13:10:07.212+0900] {dag.py:3677} INFO - Setting next_dagrun for example_nested_branch_dag to 2023-08-31T00:00:00+00:00, run_after=2023-09-01T00:00:00+00:00
[2023-09-01T13:10:07.224+0900] {processor.py:179} INFO - Processing /usr/local/lib/python3.8/dist-packages/airflow/example_dags/example_nested_branch_dag.py took 0.063 seconds
[2023-09-01T13:10:54.620+0900] {processor.py:157} INFO - Started process (PID=5142) to work on /usr/local/lib/python3.8/dist-packages/airflow/example_dags/example_nested_branch_dag.py
[2023-09-01T13:10:54.621+0900] {processor.py:829} INFO - Processing file /usr/local/lib/python3.8/dist-packages/airflow/example_dags/example_nested_branch_dag.py for tasks to queue
[2023-09-01T13:10:54.623+0900] {logging_mixin.py:151} INFO - [2023-09-01T13:10:54.622+0900] {dagbag.py:539} INFO - Filling up the DagBag from /usr/local/lib/python3.8/dist-packages/airflow/example_dags/example_nested_branch_dag.py
[2023-09-01T13:10:54.636+0900] {processor.py:839} INFO - DAG(s) dict_keys(['example_nested_branch_dag']) retrieved from /usr/local/lib/python3.8/dist-packages/airflow/example_dags/example_nested_branch_dag.py
[2023-09-01T13:10:54.652+0900] {logging_mixin.py:151} INFO - [2023-09-01T13:10:54.652+0900] {dag.py:2907} INFO - Sync 1 DAGs
[2023-09-01T13:10:54.664+0900] {logging_mixin.py:151} INFO - [2023-09-01T13:10:54.664+0900] {dag.py:3677} INFO - Setting next_dagrun for example_nested_branch_dag to 2023-08-31T00:00:00+00:00, run_after=2023-09-01T00:00:00+00:00
[2023-09-01T13:10:54.675+0900] {processor.py:179} INFO - Processing /usr/local/lib/python3.8/dist-packages/airflow/example_dags/example_nested_branch_dag.py took 0.060 seconds
[2023-09-01T13:12:40.476+0900] {processor.py:157} INFO - Started process (PID=5697) to work on /usr/local/lib/python3.8/dist-packages/airflow/example_dags/example_nested_branch_dag.py
[2023-09-01T13:12:40.478+0900] {processor.py:829} INFO - Processing file /usr/local/lib/python3.8/dist-packages/airflow/example_dags/example_nested_branch_dag.py for tasks to queue
[2023-09-01T13:12:40.480+0900] {logging_mixin.py:151} INFO - [2023-09-01T13:12:40.478+0900] {dagbag.py:539} INFO - Filling up the DagBag from /usr/local/lib/python3.8/dist-packages/airflow/example_dags/example_nested_branch_dag.py
[2023-09-01T13:12:40.492+0900] {processor.py:839} INFO - DAG(s) dict_keys(['example_nested_branch_dag']) retrieved from /usr/local/lib/python3.8/dist-packages/airflow/example_dags/example_nested_branch_dag.py
[2023-09-01T13:12:40.509+0900] {logging_mixin.py:151} INFO - [2023-09-01T13:12:40.509+0900] {dag.py:2907} INFO - Sync 1 DAGs
[2023-09-01T13:12:40.523+0900] {logging_mixin.py:151} INFO - [2023-09-01T13:12:40.523+0900] {dag.py:3677} INFO - Setting next_dagrun for example_nested_branch_dag to 2023-08-31T00:00:00+00:00, run_after=2023-09-01T00:00:00+00:00
[2023-09-01T13:12:40.534+0900] {processor.py:179} INFO - Processing /usr/local/lib/python3.8/dist-packages/airflow/example_dags/example_nested_branch_dag.py took 0.062 seconds
[2023-09-01T13:13:30.682+0900] {processor.py:157} INFO - Started process (PID=6242) to work on /usr/local/lib/python3.8/dist-packages/airflow/example_dags/example_nested_branch_dag.py
[2023-09-01T13:13:30.683+0900] {processor.py:829} INFO - Processing file /usr/local/lib/python3.8/dist-packages/airflow/example_dags/example_nested_branch_dag.py for tasks to queue
[2023-09-01T13:13:30.685+0900] {logging_mixin.py:151} INFO - [2023-09-01T13:13:30.684+0900] {dagbag.py:539} INFO - Filling up the DagBag from /usr/local/lib/python3.8/dist-packages/airflow/example_dags/example_nested_branch_dag.py
[2023-09-01T13:13:30.696+0900] {processor.py:839} INFO - DAG(s) dict_keys(['example_nested_branch_dag']) retrieved from /usr/local/lib/python3.8/dist-packages/airflow/example_dags/example_nested_branch_dag.py
[2023-09-01T13:13:30.711+0900] {logging_mixin.py:151} INFO - [2023-09-01T13:13:30.711+0900] {dag.py:2907} INFO - Sync 1 DAGs
[2023-09-01T13:13:30.724+0900] {logging_mixin.py:151} INFO - [2023-09-01T13:13:30.724+0900] {dag.py:3677} INFO - Setting next_dagrun for example_nested_branch_dag to 2023-08-31T00:00:00+00:00, run_after=2023-09-01T00:00:00+00:00
[2023-09-01T13:13:30.741+0900] {processor.py:179} INFO - Processing /usr/local/lib/python3.8/dist-packages/airflow/example_dags/example_nested_branch_dag.py took 0.064 seconds
[2023-09-01T13:14:11.826+0900] {processor.py:157} INFO - Started process (PID=6642) to work on /usr/local/lib/python3.8/dist-packages/airflow/example_dags/example_nested_branch_dag.py
[2023-09-01T13:14:11.827+0900] {processor.py:829} INFO - Processing file /usr/local/lib/python3.8/dist-packages/airflow/example_dags/example_nested_branch_dag.py for tasks to queue
[2023-09-01T13:14:11.828+0900] {logging_mixin.py:151} INFO - [2023-09-01T13:14:11.827+0900] {dagbag.py:539} INFO - Filling up the DagBag from /usr/local/lib/python3.8/dist-packages/airflow/example_dags/example_nested_branch_dag.py
[2023-09-01T13:14:11.835+0900] {processor.py:839} INFO - DAG(s) dict_keys(['example_nested_branch_dag']) retrieved from /usr/local/lib/python3.8/dist-packages/airflow/example_dags/example_nested_branch_dag.py
[2023-09-01T13:14:11.847+0900] {logging_mixin.py:151} INFO - [2023-09-01T13:14:11.847+0900] {dag.py:2907} INFO - Sync 1 DAGs
[2023-09-01T13:14:11.858+0900] {logging_mixin.py:151} INFO - [2023-09-01T13:14:11.858+0900] {dag.py:3677} INFO - Setting next_dagrun for example_nested_branch_dag to 2023-08-31T00:00:00+00:00, run_after=2023-09-01T00:00:00+00:00
[2023-09-01T13:14:11.868+0900] {processor.py:179} INFO - Processing /usr/local/lib/python3.8/dist-packages/airflow/example_dags/example_nested_branch_dag.py took 0.046 seconds
[2023-09-01T13:14:56.736+0900] {processor.py:157} INFO - Started process (PID=7604) to work on /usr/local/lib/python3.8/dist-packages/airflow/example_dags/example_nested_branch_dag.py
[2023-09-01T13:14:56.737+0900] {processor.py:829} INFO - Processing file /usr/local/lib/python3.8/dist-packages/airflow/example_dags/example_nested_branch_dag.py for tasks to queue
[2023-09-01T13:14:56.738+0900] {logging_mixin.py:151} INFO - [2023-09-01T13:14:56.737+0900] {dagbag.py:539} INFO - Filling up the DagBag from /usr/local/lib/python3.8/dist-packages/airflow/example_dags/example_nested_branch_dag.py
[2023-09-01T13:14:56.751+0900] {processor.py:839} INFO - DAG(s) dict_keys(['example_nested_branch_dag']) retrieved from /usr/local/lib/python3.8/dist-packages/airflow/example_dags/example_nested_branch_dag.py
[2023-09-01T13:14:56.767+0900] {logging_mixin.py:151} INFO - [2023-09-01T13:14:56.767+0900] {dag.py:2907} INFO - Sync 1 DAGs
[2023-09-01T13:14:56.780+0900] {logging_mixin.py:151} INFO - [2023-09-01T13:14:56.780+0900] {dag.py:3677} INFO - Setting next_dagrun for example_nested_branch_dag to 2023-08-31T00:00:00+00:00, run_after=2023-09-01T00:00:00+00:00
[2023-09-01T13:14:56.791+0900] {processor.py:179} INFO - Processing /usr/local/lib/python3.8/dist-packages/airflow/example_dags/example_nested_branch_dag.py took 0.060 seconds
[2023-09-01T13:15:40.480+0900] {processor.py:157} INFO - Started process (PID=8110) to work on /usr/local/lib/python3.8/dist-packages/airflow/example_dags/example_nested_branch_dag.py
[2023-09-01T13:15:40.481+0900] {processor.py:829} INFO - Processing file /usr/local/lib/python3.8/dist-packages/airflow/example_dags/example_nested_branch_dag.py for tasks to queue
[2023-09-01T13:15:40.482+0900] {logging_mixin.py:151} INFO - [2023-09-01T13:15:40.482+0900] {dagbag.py:539} INFO - Filling up the DagBag from /usr/local/lib/python3.8/dist-packages/airflow/example_dags/example_nested_branch_dag.py
[2023-09-01T13:15:40.492+0900] {processor.py:839} INFO - DAG(s) dict_keys(['example_nested_branch_dag']) retrieved from /usr/local/lib/python3.8/dist-packages/airflow/example_dags/example_nested_branch_dag.py
[2023-09-01T13:15:40.508+0900] {logging_mixin.py:151} INFO - [2023-09-01T13:15:40.508+0900] {dag.py:2907} INFO - Sync 1 DAGs
[2023-09-01T13:15:40.520+0900] {logging_mixin.py:151} INFO - [2023-09-01T13:15:40.520+0900] {dag.py:3677} INFO - Setting next_dagrun for example_nested_branch_dag to 2023-08-31T00:00:00+00:00, run_after=2023-09-01T00:00:00+00:00
[2023-09-01T13:15:40.531+0900] {processor.py:179} INFO - Processing /usr/local/lib/python3.8/dist-packages/airflow/example_dags/example_nested_branch_dag.py took 0.056 seconds
[2023-09-01T13:16:28.068+0900] {processor.py:157} INFO - Started process (PID=8574) to work on /usr/local/lib/python3.8/dist-packages/airflow/example_dags/example_nested_branch_dag.py
[2023-09-01T13:16:28.069+0900] {processor.py:829} INFO - Processing file /usr/local/lib/python3.8/dist-packages/airflow/example_dags/example_nested_branch_dag.py for tasks to queue
[2023-09-01T13:16:28.070+0900] {logging_mixin.py:151} INFO - [2023-09-01T13:16:28.070+0900] {dagbag.py:539} INFO - Filling up the DagBag from /usr/local/lib/python3.8/dist-packages/airflow/example_dags/example_nested_branch_dag.py
[2023-09-01T13:16:28.080+0900] {processor.py:839} INFO - DAG(s) dict_keys(['example_nested_branch_dag']) retrieved from /usr/local/lib/python3.8/dist-packages/airflow/example_dags/example_nested_branch_dag.py
[2023-09-01T13:16:28.094+0900] {logging_mixin.py:151} INFO - [2023-09-01T13:16:28.093+0900] {dag.py:2907} INFO - Sync 1 DAGs
[2023-09-01T13:16:28.104+0900] {logging_mixin.py:151} INFO - [2023-09-01T13:16:28.104+0900] {dag.py:3677} INFO - Setting next_dagrun for example_nested_branch_dag to 2023-08-31T00:00:00+00:00, run_after=2023-09-01T00:00:00+00:00
[2023-09-01T13:16:28.114+0900] {processor.py:179} INFO - Processing /usr/local/lib/python3.8/dist-packages/airflow/example_dags/example_nested_branch_dag.py took 0.050 seconds
[2023-09-01T13:17:11.894+0900] {processor.py:157} INFO - Started process (PID=8993) to work on /usr/local/lib/python3.8/dist-packages/airflow/example_dags/example_nested_branch_dag.py
[2023-09-01T13:17:11.896+0900] {processor.py:829} INFO - Processing file /usr/local/lib/python3.8/dist-packages/airflow/example_dags/example_nested_branch_dag.py for tasks to queue
[2023-09-01T13:17:11.897+0900] {logging_mixin.py:151} INFO - [2023-09-01T13:17:11.896+0900] {dagbag.py:539} INFO - Filling up the DagBag from /usr/local/lib/python3.8/dist-packages/airflow/example_dags/example_nested_branch_dag.py
[2023-09-01T13:17:11.910+0900] {processor.py:839} INFO - DAG(s) dict_keys(['example_nested_branch_dag']) retrieved from /usr/local/lib/python3.8/dist-packages/airflow/example_dags/example_nested_branch_dag.py
[2023-09-01T13:17:11.926+0900] {logging_mixin.py:151} INFO - [2023-09-01T13:17:11.926+0900] {dag.py:2907} INFO - Sync 1 DAGs
[2023-09-01T13:17:11.938+0900] {logging_mixin.py:151} INFO - [2023-09-01T13:17:11.938+0900] {dag.py:3677} INFO - Setting next_dagrun for example_nested_branch_dag to 2023-08-31T00:00:00+00:00, run_after=2023-09-01T00:00:00+00:00
[2023-09-01T13:17:11.948+0900] {processor.py:179} INFO - Processing /usr/local/lib/python3.8/dist-packages/airflow/example_dags/example_nested_branch_dag.py took 0.059 seconds
[2023-09-01T13:17:59.187+0900] {processor.py:157} INFO - Started process (PID=9464) to work on /usr/local/lib/python3.8/dist-packages/airflow/example_dags/example_nested_branch_dag.py
[2023-09-01T13:17:59.188+0900] {processor.py:829} INFO - Processing file /usr/local/lib/python3.8/dist-packages/airflow/example_dags/example_nested_branch_dag.py for tasks to queue
[2023-09-01T13:17:59.189+0900] {logging_mixin.py:151} INFO - [2023-09-01T13:17:59.189+0900] {dagbag.py:539} INFO - Filling up the DagBag from /usr/local/lib/python3.8/dist-packages/airflow/example_dags/example_nested_branch_dag.py
[2023-09-01T13:17:59.200+0900] {processor.py:839} INFO - DAG(s) dict_keys(['example_nested_branch_dag']) retrieved from /usr/local/lib/python3.8/dist-packages/airflow/example_dags/example_nested_branch_dag.py
[2023-09-01T13:17:59.214+0900] {logging_mixin.py:151} INFO - [2023-09-01T13:17:59.214+0900] {dag.py:2907} INFO - Sync 1 DAGs
[2023-09-01T13:17:59.227+0900] {logging_mixin.py:151} INFO - [2023-09-01T13:17:59.227+0900] {dag.py:3677} INFO - Setting next_dagrun for example_nested_branch_dag to 2023-08-31T00:00:00+00:00, run_after=2023-09-01T00:00:00+00:00
[2023-09-01T13:17:59.240+0900] {processor.py:179} INFO - Processing /usr/local/lib/python3.8/dist-packages/airflow/example_dags/example_nested_branch_dag.py took 0.056 seconds
[2023-09-01T13:18:43.824+0900] {processor.py:157} INFO - Started process (PID=9926) to work on /usr/local/lib/python3.8/dist-packages/airflow/example_dags/example_nested_branch_dag.py
[2023-09-01T13:18:43.825+0900] {processor.py:829} INFO - Processing file /usr/local/lib/python3.8/dist-packages/airflow/example_dags/example_nested_branch_dag.py for tasks to queue
[2023-09-01T13:18:43.827+0900] {logging_mixin.py:151} INFO - [2023-09-01T13:18:43.826+0900] {dagbag.py:539} INFO - Filling up the DagBag from /usr/local/lib/python3.8/dist-packages/airflow/example_dags/example_nested_branch_dag.py
[2023-09-01T13:18:43.839+0900] {processor.py:839} INFO - DAG(s) dict_keys(['example_nested_branch_dag']) retrieved from /usr/local/lib/python3.8/dist-packages/airflow/example_dags/example_nested_branch_dag.py
[2023-09-01T13:18:43.855+0900] {logging_mixin.py:151} INFO - [2023-09-01T13:18:43.854+0900] {dag.py:2907} INFO - Sync 1 DAGs
[2023-09-01T13:18:43.866+0900] {logging_mixin.py:151} INFO - [2023-09-01T13:18:43.866+0900] {dag.py:3677} INFO - Setting next_dagrun for example_nested_branch_dag to 2023-08-31T00:00:00+00:00, run_after=2023-09-01T00:00:00+00:00
[2023-09-01T13:18:43.878+0900] {processor.py:179} INFO - Processing /usr/local/lib/python3.8/dist-packages/airflow/example_dags/example_nested_branch_dag.py took 0.058 seconds
[2023-09-01T13:19:29.563+0900] {processor.py:157} INFO - Started process (PID=10374) to work on /usr/local/lib/python3.8/dist-packages/airflow/example_dags/example_nested_branch_dag.py
[2023-09-01T13:19:29.564+0900] {processor.py:829} INFO - Processing file /usr/local/lib/python3.8/dist-packages/airflow/example_dags/example_nested_branch_dag.py for tasks to queue
[2023-09-01T13:19:29.566+0900] {logging_mixin.py:151} INFO - [2023-09-01T13:19:29.565+0900] {dagbag.py:539} INFO - Filling up the DagBag from /usr/local/lib/python3.8/dist-packages/airflow/example_dags/example_nested_branch_dag.py
[2023-09-01T13:19:29.579+0900] {processor.py:839} INFO - DAG(s) dict_keys(['example_nested_branch_dag']) retrieved from /usr/local/lib/python3.8/dist-packages/airflow/example_dags/example_nested_branch_dag.py
[2023-09-01T13:19:29.595+0900] {logging_mixin.py:151} INFO - [2023-09-01T13:19:29.595+0900] {dag.py:2907} INFO - Sync 1 DAGs
[2023-09-01T13:19:29.606+0900] {logging_mixin.py:151} INFO - [2023-09-01T13:19:29.606+0900] {dag.py:3677} INFO - Setting next_dagrun for example_nested_branch_dag to 2023-08-31T00:00:00+00:00, run_after=2023-09-01T00:00:00+00:00
[2023-09-01T13:19:29.617+0900] {processor.py:179} INFO - Processing /usr/local/lib/python3.8/dist-packages/airflow/example_dags/example_nested_branch_dag.py took 0.059 seconds
[2023-09-01T13:20:12.399+0900] {processor.py:157} INFO - Started process (PID=10787) to work on /usr/local/lib/python3.8/dist-packages/airflow/example_dags/example_nested_branch_dag.py
[2023-09-01T13:20:12.400+0900] {processor.py:829} INFO - Processing file /usr/local/lib/python3.8/dist-packages/airflow/example_dags/example_nested_branch_dag.py for tasks to queue
[2023-09-01T13:20:12.402+0900] {logging_mixin.py:151} INFO - [2023-09-01T13:20:12.401+0900] {dagbag.py:539} INFO - Filling up the DagBag from /usr/local/lib/python3.8/dist-packages/airflow/example_dags/example_nested_branch_dag.py
[2023-09-01T13:20:12.414+0900] {processor.py:839} INFO - DAG(s) dict_keys(['example_nested_branch_dag']) retrieved from /usr/local/lib/python3.8/dist-packages/airflow/example_dags/example_nested_branch_dag.py
[2023-09-01T13:20:12.428+0900] {logging_mixin.py:151} INFO - [2023-09-01T13:20:12.428+0900] {dag.py:2907} INFO - Sync 1 DAGs
[2023-09-01T13:20:12.441+0900] {logging_mixin.py:151} INFO - [2023-09-01T13:20:12.441+0900] {dag.py:3677} INFO - Setting next_dagrun for example_nested_branch_dag to 2023-08-31T00:00:00+00:00, run_after=2023-09-01T00:00:00+00:00
[2023-09-01T13:20:12.452+0900] {processor.py:179} INFO - Processing /usr/local/lib/python3.8/dist-packages/airflow/example_dags/example_nested_branch_dag.py took 0.058 seconds
[2023-09-01T13:20:56.982+0900] {processor.py:157} INFO - Started process (PID=11238) to work on /usr/local/lib/python3.8/dist-packages/airflow/example_dags/example_nested_branch_dag.py
[2023-09-01T13:20:56.984+0900] {processor.py:829} INFO - Processing file /usr/local/lib/python3.8/dist-packages/airflow/example_dags/example_nested_branch_dag.py for tasks to queue
[2023-09-01T13:20:56.986+0900] {logging_mixin.py:151} INFO - [2023-09-01T13:20:56.985+0900] {dagbag.py:539} INFO - Filling up the DagBag from /usr/local/lib/python3.8/dist-packages/airflow/example_dags/example_nested_branch_dag.py
[2023-09-01T13:20:56.998+0900] {processor.py:839} INFO - DAG(s) dict_keys(['example_nested_branch_dag']) retrieved from /usr/local/lib/python3.8/dist-packages/airflow/example_dags/example_nested_branch_dag.py
[2023-09-01T13:20:57.013+0900] {logging_mixin.py:151} INFO - [2023-09-01T13:20:57.013+0900] {dag.py:2907} INFO - Sync 1 DAGs
[2023-09-01T13:20:57.025+0900] {logging_mixin.py:151} INFO - [2023-09-01T13:20:57.025+0900] {dag.py:3677} INFO - Setting next_dagrun for example_nested_branch_dag to 2023-08-31T00:00:00+00:00, run_after=2023-09-01T00:00:00+00:00
[2023-09-01T13:20:57.035+0900] {processor.py:179} INFO - Processing /usr/local/lib/python3.8/dist-packages/airflow/example_dags/example_nested_branch_dag.py took 0.059 seconds
[2023-09-01T13:21:39.052+0900] {processor.py:157} INFO - Started process (PID=11572) to work on /usr/local/lib/python3.8/dist-packages/airflow/example_dags/example_nested_branch_dag.py
[2023-09-01T13:21:39.054+0900] {processor.py:829} INFO - Processing file /usr/local/lib/python3.8/dist-packages/airflow/example_dags/example_nested_branch_dag.py for tasks to queue
[2023-09-01T13:21:39.055+0900] {logging_mixin.py:151} INFO - [2023-09-01T13:21:39.054+0900] {dagbag.py:539} INFO - Filling up the DagBag from /usr/local/lib/python3.8/dist-packages/airflow/example_dags/example_nested_branch_dag.py
[2023-09-01T13:21:39.068+0900] {processor.py:839} INFO - DAG(s) dict_keys(['example_nested_branch_dag']) retrieved from /usr/local/lib/python3.8/dist-packages/airflow/example_dags/example_nested_branch_dag.py
[2023-09-01T13:21:39.084+0900] {logging_mixin.py:151} INFO - [2023-09-01T13:21:39.083+0900] {dag.py:2907} INFO - Sync 1 DAGs
[2023-09-01T13:21:39.096+0900] {logging_mixin.py:151} INFO - [2023-09-01T13:21:39.096+0900] {dag.py:3677} INFO - Setting next_dagrun for example_nested_branch_dag to 2023-08-31T00:00:00+00:00, run_after=2023-09-01T00:00:00+00:00
[2023-09-01T13:21:39.106+0900] {processor.py:179} INFO - Processing /usr/local/lib/python3.8/dist-packages/airflow/example_dags/example_nested_branch_dag.py took 0.059 seconds
[2023-09-01T13:22:23.007+0900] {processor.py:157} INFO - Started process (PID=11992) to work on /usr/local/lib/python3.8/dist-packages/airflow/example_dags/example_nested_branch_dag.py
[2023-09-01T13:22:23.009+0900] {processor.py:829} INFO - Processing file /usr/local/lib/python3.8/dist-packages/airflow/example_dags/example_nested_branch_dag.py for tasks to queue
[2023-09-01T13:22:23.011+0900] {logging_mixin.py:151} INFO - [2023-09-01T13:22:23.010+0900] {dagbag.py:539} INFO - Filling up the DagBag from /usr/local/lib/python3.8/dist-packages/airflow/example_dags/example_nested_branch_dag.py
[2023-09-01T13:22:23.023+0900] {processor.py:839} INFO - DAG(s) dict_keys(['example_nested_branch_dag']) retrieved from /usr/local/lib/python3.8/dist-packages/airflow/example_dags/example_nested_branch_dag.py
[2023-09-01T13:22:23.039+0900] {logging_mixin.py:151} INFO - [2023-09-01T13:22:23.038+0900] {dag.py:2907} INFO - Sync 1 DAGs
[2023-09-01T13:22:23.051+0900] {logging_mixin.py:151} INFO - [2023-09-01T13:22:23.051+0900] {dag.py:3677} INFO - Setting next_dagrun for example_nested_branch_dag to 2023-08-31T00:00:00+00:00, run_after=2023-09-01T00:00:00+00:00
[2023-09-01T13:22:23.060+0900] {processor.py:179} INFO - Processing /usr/local/lib/python3.8/dist-packages/airflow/example_dags/example_nested_branch_dag.py took 0.059 seconds
[2023-09-01T13:23:05.271+0900] {processor.py:157} INFO - Started process (PID=12400) to work on /usr/local/lib/python3.8/dist-packages/airflow/example_dags/example_nested_branch_dag.py
[2023-09-01T13:23:05.272+0900] {processor.py:829} INFO - Processing file /usr/local/lib/python3.8/dist-packages/airflow/example_dags/example_nested_branch_dag.py for tasks to queue
[2023-09-01T13:23:05.274+0900] {logging_mixin.py:151} INFO - [2023-09-01T13:23:05.273+0900] {dagbag.py:539} INFO - Filling up the DagBag from /usr/local/lib/python3.8/dist-packages/airflow/example_dags/example_nested_branch_dag.py
[2023-09-01T13:23:05.287+0900] {processor.py:839} INFO - DAG(s) dict_keys(['example_nested_branch_dag']) retrieved from /usr/local/lib/python3.8/dist-packages/airflow/example_dags/example_nested_branch_dag.py
[2023-09-01T13:23:05.303+0900] {logging_mixin.py:151} INFO - [2023-09-01T13:23:05.303+0900] {dag.py:2907} INFO - Sync 1 DAGs
[2023-09-01T13:23:05.315+0900] {logging_mixin.py:151} INFO - [2023-09-01T13:23:05.315+0900] {dag.py:3677} INFO - Setting next_dagrun for example_nested_branch_dag to 2023-08-31T00:00:00+00:00, run_after=2023-09-01T00:00:00+00:00
[2023-09-01T13:23:05.326+0900] {processor.py:179} INFO - Processing /usr/local/lib/python3.8/dist-packages/airflow/example_dags/example_nested_branch_dag.py took 0.061 seconds
[2023-09-01T13:23:46.512+0900] {processor.py:157} INFO - Started process (PID=12835) to work on /usr/local/lib/python3.8/dist-packages/airflow/example_dags/example_nested_branch_dag.py
[2023-09-01T13:23:46.513+0900] {processor.py:829} INFO - Processing file /usr/local/lib/python3.8/dist-packages/airflow/example_dags/example_nested_branch_dag.py for tasks to queue
[2023-09-01T13:23:46.515+0900] {logging_mixin.py:151} INFO - [2023-09-01T13:23:46.514+0900] {dagbag.py:539} INFO - Filling up the DagBag from /usr/local/lib/python3.8/dist-packages/airflow/example_dags/example_nested_branch_dag.py
[2023-09-01T13:23:46.526+0900] {processor.py:839} INFO - DAG(s) dict_keys(['example_nested_branch_dag']) retrieved from /usr/local/lib/python3.8/dist-packages/airflow/example_dags/example_nested_branch_dag.py
[2023-09-01T13:23:46.542+0900] {logging_mixin.py:151} INFO - [2023-09-01T13:23:46.542+0900] {dag.py:2907} INFO - Sync 1 DAGs
[2023-09-01T13:23:46.553+0900] {logging_mixin.py:151} INFO - [2023-09-01T13:23:46.553+0900] {dag.py:3677} INFO - Setting next_dagrun for example_nested_branch_dag to 2023-08-31T00:00:00+00:00, run_after=2023-09-01T00:00:00+00:00
[2023-09-01T13:23:46.564+0900] {processor.py:179} INFO - Processing /usr/local/lib/python3.8/dist-packages/airflow/example_dags/example_nested_branch_dag.py took 0.057 seconds
[2023-09-01T13:24:35.405+0900] {processor.py:157} INFO - Started process (PID=13309) to work on /usr/local/lib/python3.8/dist-packages/airflow/example_dags/example_nested_branch_dag.py
[2023-09-01T13:24:35.407+0900] {processor.py:829} INFO - Processing file /usr/local/lib/python3.8/dist-packages/airflow/example_dags/example_nested_branch_dag.py for tasks to queue
[2023-09-01T13:24:35.408+0900] {logging_mixin.py:151} INFO - [2023-09-01T13:24:35.407+0900] {dagbag.py:539} INFO - Filling up the DagBag from /usr/local/lib/python3.8/dist-packages/airflow/example_dags/example_nested_branch_dag.py
[2023-09-01T13:24:35.421+0900] {processor.py:839} INFO - DAG(s) dict_keys(['example_nested_branch_dag']) retrieved from /usr/local/lib/python3.8/dist-packages/airflow/example_dags/example_nested_branch_dag.py
[2023-09-01T13:24:35.437+0900] {logging_mixin.py:151} INFO - [2023-09-01T13:24:35.437+0900] {dag.py:2907} INFO - Sync 1 DAGs
[2023-09-01T13:24:35.449+0900] {logging_mixin.py:151} INFO - [2023-09-01T13:24:35.449+0900] {dag.py:3677} INFO - Setting next_dagrun for example_nested_branch_dag to 2023-08-31T00:00:00+00:00, run_after=2023-09-01T00:00:00+00:00
[2023-09-01T13:24:35.460+0900] {processor.py:179} INFO - Processing /usr/local/lib/python3.8/dist-packages/airflow/example_dags/example_nested_branch_dag.py took 0.060 seconds
[2023-09-01T13:26:09.716+0900] {processor.py:157} INFO - Started process (PID=14525) to work on /usr/local/lib/python3.8/dist-packages/airflow/example_dags/example_nested_branch_dag.py
[2023-09-01T13:26:09.717+0900] {processor.py:829} INFO - Processing file /usr/local/lib/python3.8/dist-packages/airflow/example_dags/example_nested_branch_dag.py for tasks to queue
[2023-09-01T13:26:09.718+0900] {logging_mixin.py:151} INFO - [2023-09-01T13:26:09.717+0900] {dagbag.py:539} INFO - Filling up the DagBag from /usr/local/lib/python3.8/dist-packages/airflow/example_dags/example_nested_branch_dag.py
[2023-09-01T13:26:09.730+0900] {processor.py:839} INFO - DAG(s) dict_keys(['example_nested_branch_dag']) retrieved from /usr/local/lib/python3.8/dist-packages/airflow/example_dags/example_nested_branch_dag.py
[2023-09-01T13:26:09.745+0900] {logging_mixin.py:151} INFO - [2023-09-01T13:26:09.745+0900] {dag.py:2907} INFO - Sync 1 DAGs
[2023-09-01T13:26:09.758+0900] {logging_mixin.py:151} INFO - [2023-09-01T13:26:09.758+0900] {dag.py:3677} INFO - Setting next_dagrun for example_nested_branch_dag to 2023-08-31T00:00:00+00:00, run_after=2023-09-01T00:00:00+00:00
[2023-09-01T13:26:09.768+0900] {processor.py:179} INFO - Processing /usr/local/lib/python3.8/dist-packages/airflow/example_dags/example_nested_branch_dag.py took 0.055 seconds
[2023-09-01T13:26:53.074+0900] {processor.py:157} INFO - Started process (PID=14945) to work on /usr/local/lib/python3.8/dist-packages/airflow/example_dags/example_nested_branch_dag.py
[2023-09-01T13:26:53.077+0900] {processor.py:829} INFO - Processing file /usr/local/lib/python3.8/dist-packages/airflow/example_dags/example_nested_branch_dag.py for tasks to queue
[2023-09-01T13:26:53.079+0900] {logging_mixin.py:151} INFO - [2023-09-01T13:26:53.078+0900] {dagbag.py:539} INFO - Filling up the DagBag from /usr/local/lib/python3.8/dist-packages/airflow/example_dags/example_nested_branch_dag.py
[2023-09-01T13:26:53.092+0900] {processor.py:839} INFO - DAG(s) dict_keys(['example_nested_branch_dag']) retrieved from /usr/local/lib/python3.8/dist-packages/airflow/example_dags/example_nested_branch_dag.py
[2023-09-01T13:26:53.108+0900] {logging_mixin.py:151} INFO - [2023-09-01T13:26:53.108+0900] {dag.py:2907} INFO - Sync 1 DAGs
[2023-09-01T13:26:53.120+0900] {logging_mixin.py:151} INFO - [2023-09-01T13:26:53.120+0900] {dag.py:3677} INFO - Setting next_dagrun for example_nested_branch_dag to 2023-08-31T00:00:00+00:00, run_after=2023-09-01T00:00:00+00:00
[2023-09-01T13:26:53.131+0900] {processor.py:179} INFO - Processing /usr/local/lib/python3.8/dist-packages/airflow/example_dags/example_nested_branch_dag.py took 0.062 seconds
[2023-09-01T13:27:37.126+0900] {processor.py:157} INFO - Started process (PID=15369) to work on /usr/local/lib/python3.8/dist-packages/airflow/example_dags/example_nested_branch_dag.py
[2023-09-01T13:27:37.127+0900] {processor.py:829} INFO - Processing file /usr/local/lib/python3.8/dist-packages/airflow/example_dags/example_nested_branch_dag.py for tasks to queue
[2023-09-01T13:27:37.129+0900] {logging_mixin.py:151} INFO - [2023-09-01T13:27:37.128+0900] {dagbag.py:539} INFO - Filling up the DagBag from /usr/local/lib/python3.8/dist-packages/airflow/example_dags/example_nested_branch_dag.py
[2023-09-01T13:27:37.141+0900] {processor.py:839} INFO - DAG(s) dict_keys(['example_nested_branch_dag']) retrieved from /usr/local/lib/python3.8/dist-packages/airflow/example_dags/example_nested_branch_dag.py
[2023-09-01T13:27:37.157+0900] {logging_mixin.py:151} INFO - [2023-09-01T13:27:37.157+0900] {dag.py:2907} INFO - Sync 1 DAGs
[2023-09-01T13:27:37.169+0900] {logging_mixin.py:151} INFO - [2023-09-01T13:27:37.169+0900] {dag.py:3677} INFO - Setting next_dagrun for example_nested_branch_dag to 2023-08-31T00:00:00+00:00, run_after=2023-09-01T00:00:00+00:00
[2023-09-01T13:27:37.180+0900] {processor.py:179} INFO - Processing /usr/local/lib/python3.8/dist-packages/airflow/example_dags/example_nested_branch_dag.py took 0.059 seconds
[2023-09-01T13:28:21.673+0900] {processor.py:157} INFO - Started process (PID=15807) to work on /usr/local/lib/python3.8/dist-packages/airflow/example_dags/example_nested_branch_dag.py
[2023-09-01T13:28:21.674+0900] {processor.py:829} INFO - Processing file /usr/local/lib/python3.8/dist-packages/airflow/example_dags/example_nested_branch_dag.py for tasks to queue
[2023-09-01T13:28:21.675+0900] {logging_mixin.py:151} INFO - [2023-09-01T13:28:21.674+0900] {dagbag.py:539} INFO - Filling up the DagBag from /usr/local/lib/python3.8/dist-packages/airflow/example_dags/example_nested_branch_dag.py
[2023-09-01T13:28:21.683+0900] {processor.py:839} INFO - DAG(s) dict_keys(['example_nested_branch_dag']) retrieved from /usr/local/lib/python3.8/dist-packages/airflow/example_dags/example_nested_branch_dag.py
[2023-09-01T13:28:21.694+0900] {logging_mixin.py:151} INFO - [2023-09-01T13:28:21.694+0900] {dag.py:2907} INFO - Sync 1 DAGs
[2023-09-01T13:28:21.704+0900] {logging_mixin.py:151} INFO - [2023-09-01T13:28:21.704+0900] {dag.py:3677} INFO - Setting next_dagrun for example_nested_branch_dag to 2023-08-31T00:00:00+00:00, run_after=2023-09-01T00:00:00+00:00
[2023-09-01T13:28:21.713+0900] {processor.py:179} INFO - Processing /usr/local/lib/python3.8/dist-packages/airflow/example_dags/example_nested_branch_dag.py took 0.043 seconds
[2023-09-01T13:29:08.146+0900] {processor.py:157} INFO - Started process (PID=16279) to work on /usr/local/lib/python3.8/dist-packages/airflow/example_dags/example_nested_branch_dag.py
[2023-09-01T13:29:08.147+0900] {processor.py:829} INFO - Processing file /usr/local/lib/python3.8/dist-packages/airflow/example_dags/example_nested_branch_dag.py for tasks to queue
[2023-09-01T13:29:08.149+0900] {logging_mixin.py:151} INFO - [2023-09-01T13:29:08.148+0900] {dagbag.py:539} INFO - Filling up the DagBag from /usr/local/lib/python3.8/dist-packages/airflow/example_dags/example_nested_branch_dag.py
[2023-09-01T13:29:08.161+0900] {processor.py:839} INFO - DAG(s) dict_keys(['example_nested_branch_dag']) retrieved from /usr/local/lib/python3.8/dist-packages/airflow/example_dags/example_nested_branch_dag.py
[2023-09-01T13:29:08.176+0900] {logging_mixin.py:151} INFO - [2023-09-01T13:29:08.176+0900] {dag.py:2907} INFO - Sync 1 DAGs
[2023-09-01T13:29:08.188+0900] {logging_mixin.py:151} INFO - [2023-09-01T13:29:08.188+0900] {dag.py:3677} INFO - Setting next_dagrun for example_nested_branch_dag to 2023-08-31T00:00:00+00:00, run_after=2023-09-01T00:00:00+00:00
[2023-09-01T13:29:08.198+0900] {processor.py:179} INFO - Processing /usr/local/lib/python3.8/dist-packages/airflow/example_dags/example_nested_branch_dag.py took 0.058 seconds
[2023-09-01T13:29:52.917+0900] {processor.py:157} INFO - Started process (PID=16704) to work on /usr/local/lib/python3.8/dist-packages/airflow/example_dags/example_nested_branch_dag.py
[2023-09-01T13:29:52.918+0900] {processor.py:829} INFO - Processing file /usr/local/lib/python3.8/dist-packages/airflow/example_dags/example_nested_branch_dag.py for tasks to queue
[2023-09-01T13:29:52.919+0900] {logging_mixin.py:151} INFO - [2023-09-01T13:29:52.918+0900] {dagbag.py:539} INFO - Filling up the DagBag from /usr/local/lib/python3.8/dist-packages/airflow/example_dags/example_nested_branch_dag.py
[2023-09-01T13:29:52.930+0900] {processor.py:839} INFO - DAG(s) dict_keys(['example_nested_branch_dag']) retrieved from /usr/local/lib/python3.8/dist-packages/airflow/example_dags/example_nested_branch_dag.py
[2023-09-01T13:29:52.945+0900] {logging_mixin.py:151} INFO - [2023-09-01T13:29:52.945+0900] {dag.py:2907} INFO - Sync 1 DAGs
[2023-09-01T13:29:52.959+0900] {logging_mixin.py:151} INFO - [2023-09-01T13:29:52.959+0900] {dag.py:3677} INFO - Setting next_dagrun for example_nested_branch_dag to 2023-08-31T00:00:00+00:00, run_after=2023-09-01T00:00:00+00:00
[2023-09-01T13:29:52.971+0900] {processor.py:179} INFO - Processing /usr/local/lib/python3.8/dist-packages/airflow/example_dags/example_nested_branch_dag.py took 0.058 seconds
[2023-09-01T13:30:40.755+0900] {processor.py:157} INFO - Started process (PID=17172) to work on /usr/local/lib/python3.8/dist-packages/airflow/example_dags/example_nested_branch_dag.py
[2023-09-01T13:30:40.756+0900] {processor.py:829} INFO - Processing file /usr/local/lib/python3.8/dist-packages/airflow/example_dags/example_nested_branch_dag.py for tasks to queue
[2023-09-01T13:30:40.757+0900] {logging_mixin.py:151} INFO - [2023-09-01T13:30:40.756+0900] {dagbag.py:539} INFO - Filling up the DagBag from /usr/local/lib/python3.8/dist-packages/airflow/example_dags/example_nested_branch_dag.py
[2023-09-01T13:30:40.771+0900] {processor.py:839} INFO - DAG(s) dict_keys(['example_nested_branch_dag']) retrieved from /usr/local/lib/python3.8/dist-packages/airflow/example_dags/example_nested_branch_dag.py
[2023-09-01T13:30:40.786+0900] {logging_mixin.py:151} INFO - [2023-09-01T13:30:40.786+0900] {dag.py:2907} INFO - Sync 1 DAGs
[2023-09-01T13:30:40.799+0900] {logging_mixin.py:151} INFO - [2023-09-01T13:30:40.799+0900] {dag.py:3677} INFO - Setting next_dagrun for example_nested_branch_dag to 2023-08-31T00:00:00+00:00, run_after=2023-09-01T00:00:00+00:00
[2023-09-01T13:30:40.811+0900] {processor.py:179} INFO - Processing /usr/local/lib/python3.8/dist-packages/airflow/example_dags/example_nested_branch_dag.py took 0.060 seconds
[2023-09-01T13:31:24.205+0900] {processor.py:157} INFO - Started process (PID=17595) to work on /usr/local/lib/python3.8/dist-packages/airflow/example_dags/example_nested_branch_dag.py
[2023-09-01T13:31:24.207+0900] {processor.py:829} INFO - Processing file /usr/local/lib/python3.8/dist-packages/airflow/example_dags/example_nested_branch_dag.py for tasks to queue
[2023-09-01T13:31:24.208+0900] {logging_mixin.py:151} INFO - [2023-09-01T13:31:24.207+0900] {dagbag.py:539} INFO - Filling up the DagBag from /usr/local/lib/python3.8/dist-packages/airflow/example_dags/example_nested_branch_dag.py
[2023-09-01T13:31:24.221+0900] {processor.py:839} INFO - DAG(s) dict_keys(['example_nested_branch_dag']) retrieved from /usr/local/lib/python3.8/dist-packages/airflow/example_dags/example_nested_branch_dag.py
[2023-09-01T13:31:24.236+0900] {logging_mixin.py:151} INFO - [2023-09-01T13:31:24.236+0900] {dag.py:2907} INFO - Sync 1 DAGs
[2023-09-01T13:31:24.247+0900] {logging_mixin.py:151} INFO - [2023-09-01T13:31:24.247+0900] {dag.py:3677} INFO - Setting next_dagrun for example_nested_branch_dag to 2023-08-31T00:00:00+00:00, run_after=2023-09-01T00:00:00+00:00
[2023-09-01T13:31:24.258+0900] {processor.py:179} INFO - Processing /usr/local/lib/python3.8/dist-packages/airflow/example_dags/example_nested_branch_dag.py took 0.058 seconds
[2023-09-01T13:32:09.413+0900] {processor.py:157} INFO - Started process (PID=18034) to work on /usr/local/lib/python3.8/dist-packages/airflow/example_dags/example_nested_branch_dag.py
[2023-09-01T13:32:09.414+0900] {processor.py:829} INFO - Processing file /usr/local/lib/python3.8/dist-packages/airflow/example_dags/example_nested_branch_dag.py for tasks to queue
[2023-09-01T13:32:09.415+0900] {logging_mixin.py:151} INFO - [2023-09-01T13:32:09.415+0900] {dagbag.py:539} INFO - Filling up the DagBag from /usr/local/lib/python3.8/dist-packages/airflow/example_dags/example_nested_branch_dag.py
[2023-09-01T13:32:09.427+0900] {processor.py:839} INFO - DAG(s) dict_keys(['example_nested_branch_dag']) retrieved from /usr/local/lib/python3.8/dist-packages/airflow/example_dags/example_nested_branch_dag.py
[2023-09-01T13:32:09.445+0900] {logging_mixin.py:151} INFO - [2023-09-01T13:32:09.445+0900] {dag.py:2907} INFO - Sync 1 DAGs
[2023-09-01T13:32:09.459+0900] {logging_mixin.py:151} INFO - [2023-09-01T13:32:09.459+0900] {dag.py:3677} INFO - Setting next_dagrun for example_nested_branch_dag to 2023-08-31T00:00:00+00:00, run_after=2023-09-01T00:00:00+00:00
[2023-09-01T13:32:09.470+0900] {processor.py:179} INFO - Processing /usr/local/lib/python3.8/dist-packages/airflow/example_dags/example_nested_branch_dag.py took 0.061 seconds
[2023-09-01T13:32:54.462+0900] {processor.py:157} INFO - Started process (PID=18464) to work on /usr/local/lib/python3.8/dist-packages/airflow/example_dags/example_nested_branch_dag.py
[2023-09-01T13:32:54.463+0900] {processor.py:829} INFO - Processing file /usr/local/lib/python3.8/dist-packages/airflow/example_dags/example_nested_branch_dag.py for tasks to queue
[2023-09-01T13:32:54.465+0900] {logging_mixin.py:151} INFO - [2023-09-01T13:32:54.464+0900] {dagbag.py:539} INFO - Filling up the DagBag from /usr/local/lib/python3.8/dist-packages/airflow/example_dags/example_nested_branch_dag.py
[2023-09-01T13:32:54.477+0900] {processor.py:839} INFO - DAG(s) dict_keys(['example_nested_branch_dag']) retrieved from /usr/local/lib/python3.8/dist-packages/airflow/example_dags/example_nested_branch_dag.py
[2023-09-01T13:32:54.494+0900] {logging_mixin.py:151} INFO - [2023-09-01T13:32:54.493+0900] {dag.py:2907} INFO - Sync 1 DAGs
[2023-09-01T13:32:54.507+0900] {logging_mixin.py:151} INFO - [2023-09-01T13:32:54.507+0900] {dag.py:3677} INFO - Setting next_dagrun for example_nested_branch_dag to 2023-08-31T00:00:00+00:00, run_after=2023-09-01T00:00:00+00:00
[2023-09-01T13:32:54.518+0900] {processor.py:179} INFO - Processing /usr/local/lib/python3.8/dist-packages/airflow/example_dags/example_nested_branch_dag.py took 0.060 seconds
[2023-09-01T13:33:41.908+0900] {processor.py:157} INFO - Started process (PID=18923) to work on /usr/local/lib/python3.8/dist-packages/airflow/example_dags/example_nested_branch_dag.py
[2023-09-01T13:33:41.910+0900] {processor.py:829} INFO - Processing file /usr/local/lib/python3.8/dist-packages/airflow/example_dags/example_nested_branch_dag.py for tasks to queue
[2023-09-01T13:33:41.912+0900] {logging_mixin.py:151} INFO - [2023-09-01T13:33:41.911+0900] {dagbag.py:539} INFO - Filling up the DagBag from /usr/local/lib/python3.8/dist-packages/airflow/example_dags/example_nested_branch_dag.py
[2023-09-01T13:33:41.924+0900] {processor.py:839} INFO - DAG(s) dict_keys(['example_nested_branch_dag']) retrieved from /usr/local/lib/python3.8/dist-packages/airflow/example_dags/example_nested_branch_dag.py
[2023-09-01T13:33:41.940+0900] {logging_mixin.py:151} INFO - [2023-09-01T13:33:41.940+0900] {dag.py:2907} INFO - Sync 1 DAGs
[2023-09-01T13:33:41.952+0900] {logging_mixin.py:151} INFO - [2023-09-01T13:33:41.952+0900] {dag.py:3677} INFO - Setting next_dagrun for example_nested_branch_dag to 2023-08-31T00:00:00+00:00, run_after=2023-09-01T00:00:00+00:00
[2023-09-01T13:33:41.962+0900] {processor.py:179} INFO - Processing /usr/local/lib/python3.8/dist-packages/airflow/example_dags/example_nested_branch_dag.py took 0.059 seconds
[2023-09-01T13:34:24.557+0900] {processor.py:157} INFO - Started process (PID=19366) to work on /usr/local/lib/python3.8/dist-packages/airflow/example_dags/example_nested_branch_dag.py
[2023-09-01T13:34:24.558+0900] {processor.py:829} INFO - Processing file /usr/local/lib/python3.8/dist-packages/airflow/example_dags/example_nested_branch_dag.py for tasks to queue
[2023-09-01T13:34:24.558+0900] {logging_mixin.py:151} INFO - [2023-09-01T13:34:24.558+0900] {dagbag.py:539} INFO - Filling up the DagBag from /usr/local/lib/python3.8/dist-packages/airflow/example_dags/example_nested_branch_dag.py
[2023-09-01T13:34:24.565+0900] {processor.py:839} INFO - DAG(s) dict_keys(['example_nested_branch_dag']) retrieved from /usr/local/lib/python3.8/dist-packages/airflow/example_dags/example_nested_branch_dag.py
[2023-09-01T13:34:24.576+0900] {logging_mixin.py:151} INFO - [2023-09-01T13:34:24.575+0900] {dag.py:2907} INFO - Sync 1 DAGs
[2023-09-01T13:34:24.584+0900] {logging_mixin.py:151} INFO - [2023-09-01T13:34:24.584+0900] {dag.py:3677} INFO - Setting next_dagrun for example_nested_branch_dag to 2023-08-31T00:00:00+00:00, run_after=2023-09-01T00:00:00+00:00
[2023-09-01T13:34:24.593+0900] {processor.py:179} INFO - Processing /usr/local/lib/python3.8/dist-packages/airflow/example_dags/example_nested_branch_dag.py took 0.039 seconds
[2023-09-01T13:35:09.760+0900] {processor.py:157} INFO - Started process (PID=19805) to work on /usr/local/lib/python3.8/dist-packages/airflow/example_dags/example_nested_branch_dag.py
[2023-09-01T13:35:09.760+0900] {processor.py:829} INFO - Processing file /usr/local/lib/python3.8/dist-packages/airflow/example_dags/example_nested_branch_dag.py for tasks to queue
[2023-09-01T13:35:09.761+0900] {logging_mixin.py:151} INFO - [2023-09-01T13:35:09.761+0900] {dagbag.py:539} INFO - Filling up the DagBag from /usr/local/lib/python3.8/dist-packages/airflow/example_dags/example_nested_branch_dag.py
[2023-09-01T13:35:09.769+0900] {processor.py:839} INFO - DAG(s) dict_keys(['example_nested_branch_dag']) retrieved from /usr/local/lib/python3.8/dist-packages/airflow/example_dags/example_nested_branch_dag.py
[2023-09-01T13:35:09.779+0900] {logging_mixin.py:151} INFO - [2023-09-01T13:35:09.779+0900] {dag.py:2907} INFO - Sync 1 DAGs
[2023-09-01T13:35:09.793+0900] {logging_mixin.py:151} INFO - [2023-09-01T13:35:09.793+0900] {dag.py:3677} INFO - Setting next_dagrun for example_nested_branch_dag to 2023-08-31T00:00:00+00:00, run_after=2023-09-01T00:00:00+00:00
[2023-09-01T13:35:09.805+0900] {processor.py:179} INFO - Processing /usr/local/lib/python3.8/dist-packages/airflow/example_dags/example_nested_branch_dag.py took 0.047 seconds
[2023-09-01T13:35:51.818+0900] {processor.py:157} INFO - Started process (PID=20206) to work on /usr/local/lib/python3.8/dist-packages/airflow/example_dags/example_nested_branch_dag.py
[2023-09-01T13:35:51.819+0900] {processor.py:829} INFO - Processing file /usr/local/lib/python3.8/dist-packages/airflow/example_dags/example_nested_branch_dag.py for tasks to queue
[2023-09-01T13:35:51.821+0900] {logging_mixin.py:151} INFO - [2023-09-01T13:35:51.820+0900] {dagbag.py:539} INFO - Filling up the DagBag from /usr/local/lib/python3.8/dist-packages/airflow/example_dags/example_nested_branch_dag.py
[2023-09-01T13:35:51.835+0900] {processor.py:839} INFO - DAG(s) dict_keys(['example_nested_branch_dag']) retrieved from /usr/local/lib/python3.8/dist-packages/airflow/example_dags/example_nested_branch_dag.py
[2023-09-01T13:35:51.852+0900] {logging_mixin.py:151} INFO - [2023-09-01T13:35:51.852+0900] {dag.py:2907} INFO - Sync 1 DAGs
[2023-09-01T13:35:51.865+0900] {logging_mixin.py:151} INFO - [2023-09-01T13:35:51.865+0900] {dag.py:3677} INFO - Setting next_dagrun for example_nested_branch_dag to 2023-08-31T00:00:00+00:00, run_after=2023-09-01T00:00:00+00:00
[2023-09-01T13:35:51.876+0900] {processor.py:179} INFO - Processing /usr/local/lib/python3.8/dist-packages/airflow/example_dags/example_nested_branch_dag.py took 0.062 seconds
[2023-09-01T13:36:42.067+0900] {processor.py:157} INFO - Started process (PID=20689) to work on /usr/local/lib/python3.8/dist-packages/airflow/example_dags/example_nested_branch_dag.py
[2023-09-01T13:36:42.069+0900] {processor.py:829} INFO - Processing file /usr/local/lib/python3.8/dist-packages/airflow/example_dags/example_nested_branch_dag.py for tasks to queue
[2023-09-01T13:36:42.070+0900] {logging_mixin.py:151} INFO - [2023-09-01T13:36:42.069+0900] {dagbag.py:539} INFO - Filling up the DagBag from /usr/local/lib/python3.8/dist-packages/airflow/example_dags/example_nested_branch_dag.py
[2023-09-01T13:36:42.082+0900] {processor.py:839} INFO - DAG(s) dict_keys(['example_nested_branch_dag']) retrieved from /usr/local/lib/python3.8/dist-packages/airflow/example_dags/example_nested_branch_dag.py
[2023-09-01T13:36:42.099+0900] {logging_mixin.py:151} INFO - [2023-09-01T13:36:42.099+0900] {dag.py:2907} INFO - Sync 1 DAGs
[2023-09-01T13:36:42.112+0900] {logging_mixin.py:151} INFO - [2023-09-01T13:36:42.112+0900] {dag.py:3677} INFO - Setting next_dagrun for example_nested_branch_dag to 2023-08-31T00:00:00+00:00, run_after=2023-09-01T00:00:00+00:00
[2023-09-01T13:36:42.123+0900] {processor.py:179} INFO - Processing /usr/local/lib/python3.8/dist-packages/airflow/example_dags/example_nested_branch_dag.py took 0.061 seconds
[2023-09-01T13:37:26.687+0900] {processor.py:157} INFO - Started process (PID=21126) to work on /usr/local/lib/python3.8/dist-packages/airflow/example_dags/example_nested_branch_dag.py
[2023-09-01T13:37:26.688+0900] {processor.py:829} INFO - Processing file /usr/local/lib/python3.8/dist-packages/airflow/example_dags/example_nested_branch_dag.py for tasks to queue
[2023-09-01T13:37:26.690+0900] {logging_mixin.py:151} INFO - [2023-09-01T13:37:26.689+0900] {dagbag.py:539} INFO - Filling up the DagBag from /usr/local/lib/python3.8/dist-packages/airflow/example_dags/example_nested_branch_dag.py
[2023-09-01T13:37:26.702+0900] {processor.py:839} INFO - DAG(s) dict_keys(['example_nested_branch_dag']) retrieved from /usr/local/lib/python3.8/dist-packages/airflow/example_dags/example_nested_branch_dag.py
[2023-09-01T13:37:26.718+0900] {logging_mixin.py:151} INFO - [2023-09-01T13:37:26.718+0900] {dag.py:2907} INFO - Sync 1 DAGs
[2023-09-01T13:37:26.730+0900] {logging_mixin.py:151} INFO - [2023-09-01T13:37:26.730+0900] {dag.py:3677} INFO - Setting next_dagrun for example_nested_branch_dag to 2023-08-31T00:00:00+00:00, run_after=2023-09-01T00:00:00+00:00
[2023-09-01T13:37:26.741+0900] {processor.py:179} INFO - Processing /usr/local/lib/python3.8/dist-packages/airflow/example_dags/example_nested_branch_dag.py took 0.059 seconds
[2023-09-01T13:38:13.488+0900] {processor.py:157} INFO - Started process (PID=21581) to work on /usr/local/lib/python3.8/dist-packages/airflow/example_dags/example_nested_branch_dag.py
[2023-09-01T13:38:13.489+0900] {processor.py:829} INFO - Processing file /usr/local/lib/python3.8/dist-packages/airflow/example_dags/example_nested_branch_dag.py for tasks to queue
[2023-09-01T13:38:13.491+0900] {logging_mixin.py:151} INFO - [2023-09-01T13:38:13.490+0900] {dagbag.py:539} INFO - Filling up the DagBag from /usr/local/lib/python3.8/dist-packages/airflow/example_dags/example_nested_branch_dag.py
[2023-09-01T13:38:13.503+0900] {processor.py:839} INFO - DAG(s) dict_keys(['example_nested_branch_dag']) retrieved from /usr/local/lib/python3.8/dist-packages/airflow/example_dags/example_nested_branch_dag.py
[2023-09-01T13:38:13.519+0900] {logging_mixin.py:151} INFO - [2023-09-01T13:38:13.519+0900] {dag.py:2907} INFO - Sync 1 DAGs
[2023-09-01T13:38:13.532+0900] {logging_mixin.py:151} INFO - [2023-09-01T13:38:13.532+0900] {dag.py:3677} INFO - Setting next_dagrun for example_nested_branch_dag to 2023-08-31T00:00:00+00:00, run_after=2023-09-01T00:00:00+00:00
[2023-09-01T13:38:13.544+0900] {processor.py:179} INFO - Processing /usr/local/lib/python3.8/dist-packages/airflow/example_dags/example_nested_branch_dag.py took 0.061 seconds
[2023-09-01T13:38:56.832+0900] {processor.py:157} INFO - Started process (PID=22017) to work on /usr/local/lib/python3.8/dist-packages/airflow/example_dags/example_nested_branch_dag.py
[2023-09-01T13:38:56.833+0900] {processor.py:829} INFO - Processing file /usr/local/lib/python3.8/dist-packages/airflow/example_dags/example_nested_branch_dag.py for tasks to queue
[2023-09-01T13:38:56.835+0900] {logging_mixin.py:151} INFO - [2023-09-01T13:38:56.834+0900] {dagbag.py:539} INFO - Filling up the DagBag from /usr/local/lib/python3.8/dist-packages/airflow/example_dags/example_nested_branch_dag.py
[2023-09-01T13:38:56.848+0900] {processor.py:839} INFO - DAG(s) dict_keys(['example_nested_branch_dag']) retrieved from /usr/local/lib/python3.8/dist-packages/airflow/example_dags/example_nested_branch_dag.py
[2023-09-01T13:38:56.866+0900] {logging_mixin.py:151} INFO - [2023-09-01T13:38:56.866+0900] {dag.py:2907} INFO - Sync 1 DAGs
[2023-09-01T13:38:56.880+0900] {logging_mixin.py:151} INFO - [2023-09-01T13:38:56.880+0900] {dag.py:3677} INFO - Setting next_dagrun for example_nested_branch_dag to 2023-08-31T00:00:00+00:00, run_after=2023-09-01T00:00:00+00:00
[2023-09-01T13:38:56.891+0900] {processor.py:179} INFO - Processing /usr/local/lib/python3.8/dist-packages/airflow/example_dags/example_nested_branch_dag.py took 0.066 seconds
