[2023-09-01T13:07:18.573+0900] {processor.py:157} INFO - Started process (PID=1216) to work on /usr/local/lib/python3.8/dist-packages/airflow/example_dags/tutorial_taskflow_api_virtualenv.py
[2023-09-01T13:07:18.573+0900] {processor.py:829} INFO - Processing file /usr/local/lib/python3.8/dist-packages/airflow/example_dags/tutorial_taskflow_api_virtualenv.py for tasks to queue
[2023-09-01T13:07:18.574+0900] {logging_mixin.py:151} INFO - [2023-09-01T13:07:18.573+0900] {dagbag.py:539} INFO - Filling up the DagBag from /usr/local/lib/python3.8/dist-packages/airflow/example_dags/tutorial_taskflow_api_virtualenv.py
[2023-09-01T13:07:18.576+0900] {logging_mixin.py:151} INFO - [2023-09-01T13:07:18.576+0900] {tutorial_taskflow_api_virtualenv.py:29} WARNING - The tutorial_taskflow_api_virtualenv example DAG requires virtualenv, please install it.
[2023-09-01T13:07:18.576+0900] {processor.py:841} WARNING - No viable dags retrieved from /usr/local/lib/python3.8/dist-packages/airflow/example_dags/tutorial_taskflow_api_virtualenv.py
[2023-09-01T13:07:18.584+0900] {processor.py:179} INFO - Processing /usr/local/lib/python3.8/dist-packages/airflow/example_dags/tutorial_taskflow_api_virtualenv.py took 0.014 seconds
[2023-09-01T13:08:09.617+0900] {processor.py:157} INFO - Started process (PID=2333) to work on /usr/local/lib/python3.8/dist-packages/airflow/example_dags/tutorial_taskflow_api_virtualenv.py
[2023-09-01T13:08:09.618+0900] {processor.py:829} INFO - Processing file /usr/local/lib/python3.8/dist-packages/airflow/example_dags/tutorial_taskflow_api_virtualenv.py for tasks to queue
[2023-09-01T13:08:09.619+0900] {logging_mixin.py:151} INFO - [2023-09-01T13:08:09.618+0900] {dagbag.py:539} INFO - Filling up the DagBag from /usr/local/lib/python3.8/dist-packages/airflow/example_dags/tutorial_taskflow_api_virtualenv.py
[2023-09-01T13:08:09.621+0900] {logging_mixin.py:151} INFO - [2023-09-01T13:08:09.621+0900] {tutorial_taskflow_api_virtualenv.py:29} WARNING - The tutorial_taskflow_api_virtualenv example DAG requires virtualenv, please install it.
[2023-09-01T13:08:09.621+0900] {processor.py:841} WARNING - No viable dags retrieved from /usr/local/lib/python3.8/dist-packages/airflow/example_dags/tutorial_taskflow_api_virtualenv.py
[2023-09-01T13:08:09.626+0900] {processor.py:179} INFO - Processing /usr/local/lib/python3.8/dist-packages/airflow/example_dags/tutorial_taskflow_api_virtualenv.py took 0.013 seconds
[2023-09-01T13:08:48.260+0900] {processor.py:157} INFO - Started process (PID=3848) to work on /usr/local/lib/python3.8/dist-packages/airflow/example_dags/tutorial_taskflow_api_virtualenv.py
[2023-09-01T13:08:48.262+0900] {processor.py:829} INFO - Processing file /usr/local/lib/python3.8/dist-packages/airflow/example_dags/tutorial_taskflow_api_virtualenv.py for tasks to queue
[2023-09-01T13:08:48.264+0900] {logging_mixin.py:151} INFO - [2023-09-01T13:08:48.263+0900] {dagbag.py:539} INFO - Filling up the DagBag from /usr/local/lib/python3.8/dist-packages/airflow/example_dags/tutorial_taskflow_api_virtualenv.py
[2023-09-01T13:08:48.267+0900] {logging_mixin.py:151} INFO - [2023-09-01T13:08:48.267+0900] {tutorial_taskflow_api_virtualenv.py:29} WARNING - The tutorial_taskflow_api_virtualenv example DAG requires virtualenv, please install it.
[2023-09-01T13:08:48.267+0900] {processor.py:841} WARNING - No viable dags retrieved from /usr/local/lib/python3.8/dist-packages/airflow/example_dags/tutorial_taskflow_api_virtualenv.py
[2023-09-01T13:08:48.276+0900] {processor.py:179} INFO - Processing /usr/local/lib/python3.8/dist-packages/airflow/example_dags/tutorial_taskflow_api_virtualenv.py took 0.019 seconds
[2023-09-01T13:09:25.915+0900] {processor.py:157} INFO - Started process (PID=4293) to work on /usr/local/lib/python3.8/dist-packages/airflow/example_dags/tutorial_taskflow_api_virtualenv.py
[2023-09-01T13:09:25.917+0900] {processor.py:829} INFO - Processing file /usr/local/lib/python3.8/dist-packages/airflow/example_dags/tutorial_taskflow_api_virtualenv.py for tasks to queue
[2023-09-01T13:09:25.919+0900] {logging_mixin.py:151} INFO - [2023-09-01T13:09:25.918+0900] {dagbag.py:539} INFO - Filling up the DagBag from /usr/local/lib/python3.8/dist-packages/airflow/example_dags/tutorial_taskflow_api_virtualenv.py
[2023-09-01T13:09:25.924+0900] {logging_mixin.py:151} INFO - [2023-09-01T13:09:25.923+0900] {tutorial_taskflow_api_virtualenv.py:29} WARNING - The tutorial_taskflow_api_virtualenv example DAG requires virtualenv, please install it.
[2023-09-01T13:09:25.924+0900] {processor.py:841} WARNING - No viable dags retrieved from /usr/local/lib/python3.8/dist-packages/airflow/example_dags/tutorial_taskflow_api_virtualenv.py
[2023-09-01T13:09:25.936+0900] {processor.py:179} INFO - Processing /usr/local/lib/python3.8/dist-packages/airflow/example_dags/tutorial_taskflow_api_virtualenv.py took 0.027 seconds
[2023-09-01T13:10:11.094+0900] {processor.py:157} INFO - Started process (PID=4724) to work on /usr/local/lib/python3.8/dist-packages/airflow/example_dags/tutorial_taskflow_api_virtualenv.py
[2023-09-01T13:10:11.096+0900] {processor.py:829} INFO - Processing file /usr/local/lib/python3.8/dist-packages/airflow/example_dags/tutorial_taskflow_api_virtualenv.py for tasks to queue
[2023-09-01T13:10:11.097+0900] {logging_mixin.py:151} INFO - [2023-09-01T13:10:11.096+0900] {dagbag.py:539} INFO - Filling up the DagBag from /usr/local/lib/python3.8/dist-packages/airflow/example_dags/tutorial_taskflow_api_virtualenv.py
[2023-09-01T13:10:11.102+0900] {logging_mixin.py:151} INFO - [2023-09-01T13:10:11.101+0900] {tutorial_taskflow_api_virtualenv.py:29} WARNING - The tutorial_taskflow_api_virtualenv example DAG requires virtualenv, please install it.
[2023-09-01T13:10:11.102+0900] {processor.py:841} WARNING - No viable dags retrieved from /usr/local/lib/python3.8/dist-packages/airflow/example_dags/tutorial_taskflow_api_virtualenv.py
[2023-09-01T13:10:11.113+0900] {processor.py:179} INFO - Processing /usr/local/lib/python3.8/dist-packages/airflow/example_dags/tutorial_taskflow_api_virtualenv.py took 0.024 seconds
[2023-09-01T13:10:43.150+0900] {processor.py:157} INFO - Started process (PID=5032) to work on /usr/local/lib/python3.8/dist-packages/airflow/example_dags/tutorial_taskflow_api_virtualenv.py
[2023-09-01T13:10:43.151+0900] {processor.py:829} INFO - Processing file /usr/local/lib/python3.8/dist-packages/airflow/example_dags/tutorial_taskflow_api_virtualenv.py for tasks to queue
[2023-09-01T13:10:43.153+0900] {logging_mixin.py:151} INFO - [2023-09-01T13:10:43.152+0900] {dagbag.py:539} INFO - Filling up the DagBag from /usr/local/lib/python3.8/dist-packages/airflow/example_dags/tutorial_taskflow_api_virtualenv.py
[2023-09-01T13:10:43.157+0900] {logging_mixin.py:151} INFO - [2023-09-01T13:10:43.156+0900] {tutorial_taskflow_api_virtualenv.py:29} WARNING - The tutorial_taskflow_api_virtualenv example DAG requires virtualenv, please install it.
[2023-09-01T13:10:43.157+0900] {processor.py:841} WARNING - No viable dags retrieved from /usr/local/lib/python3.8/dist-packages/airflow/example_dags/tutorial_taskflow_api_virtualenv.py
[2023-09-01T13:10:43.168+0900] {processor.py:179} INFO - Processing /usr/local/lib/python3.8/dist-packages/airflow/example_dags/tutorial_taskflow_api_virtualenv.py took 0.023 seconds
[2023-09-01T13:11:30.925+0900] {processor.py:157} INFO - Started process (PID=5522) to work on /usr/local/lib/python3.8/dist-packages/airflow/example_dags/tutorial_taskflow_api_virtualenv.py
[2023-09-01T13:11:30.928+0900] {processor.py:829} INFO - Processing file /usr/local/lib/python3.8/dist-packages/airflow/example_dags/tutorial_taskflow_api_virtualenv.py for tasks to queue
[2023-09-01T13:11:30.930+0900] {logging_mixin.py:151} INFO - [2023-09-01T13:11:30.929+0900] {dagbag.py:539} INFO - Filling up the DagBag from /usr/local/lib/python3.8/dist-packages/airflow/example_dags/tutorial_taskflow_api_virtualenv.py
[2023-09-01T13:11:30.933+0900] {logging_mixin.py:151} INFO - [2023-09-01T13:11:30.933+0900] {tutorial_taskflow_api_virtualenv.py:29} WARNING - The tutorial_taskflow_api_virtualenv example DAG requires virtualenv, please install it.
[2023-09-01T13:11:30.933+0900] {processor.py:841} WARNING - No viable dags retrieved from /usr/local/lib/python3.8/dist-packages/airflow/example_dags/tutorial_taskflow_api_virtualenv.py
[2023-09-01T13:11:30.944+0900] {processor.py:179} INFO - Processing /usr/local/lib/python3.8/dist-packages/airflow/example_dags/tutorial_taskflow_api_virtualenv.py took 0.024 seconds
[2023-09-01T13:12:44.457+0900] {processor.py:157} INFO - Started process (PID=5764) to work on /usr/local/lib/python3.8/dist-packages/airflow/example_dags/tutorial_taskflow_api_virtualenv.py
[2023-09-01T13:12:44.458+0900] {processor.py:829} INFO - Processing file /usr/local/lib/python3.8/dist-packages/airflow/example_dags/tutorial_taskflow_api_virtualenv.py for tasks to queue
[2023-09-01T13:12:44.460+0900] {logging_mixin.py:151} INFO - [2023-09-01T13:12:44.459+0900] {dagbag.py:539} INFO - Filling up the DagBag from /usr/local/lib/python3.8/dist-packages/airflow/example_dags/tutorial_taskflow_api_virtualenv.py
[2023-09-01T13:12:44.463+0900] {logging_mixin.py:151} INFO - [2023-09-01T13:12:44.463+0900] {tutorial_taskflow_api_virtualenv.py:29} WARNING - The tutorial_taskflow_api_virtualenv example DAG requires virtualenv, please install it.
[2023-09-01T13:12:44.463+0900] {processor.py:841} WARNING - No viable dags retrieved from /usr/local/lib/python3.8/dist-packages/airflow/example_dags/tutorial_taskflow_api_virtualenv.py
[2023-09-01T13:12:44.473+0900] {processor.py:179} INFO - Processing /usr/local/lib/python3.8/dist-packages/airflow/example_dags/tutorial_taskflow_api_virtualenv.py took 0.019 seconds
[2023-09-01T13:13:22.649+0900] {processor.py:157} INFO - Started process (PID=6168) to work on /usr/local/lib/python3.8/dist-packages/airflow/example_dags/tutorial_taskflow_api_virtualenv.py
[2023-09-01T13:13:22.650+0900] {processor.py:829} INFO - Processing file /usr/local/lib/python3.8/dist-packages/airflow/example_dags/tutorial_taskflow_api_virtualenv.py for tasks to queue
[2023-09-01T13:13:22.651+0900] {logging_mixin.py:151} INFO - [2023-09-01T13:13:22.650+0900] {dagbag.py:539} INFO - Filling up the DagBag from /usr/local/lib/python3.8/dist-packages/airflow/example_dags/tutorial_taskflow_api_virtualenv.py
[2023-09-01T13:13:22.653+0900] {logging_mixin.py:151} INFO - [2023-09-01T13:13:22.653+0900] {tutorial_taskflow_api_virtualenv.py:29} WARNING - The tutorial_taskflow_api_virtualenv example DAG requires virtualenv, please install it.
[2023-09-01T13:13:22.653+0900] {processor.py:841} WARNING - No viable dags retrieved from /usr/local/lib/python3.8/dist-packages/airflow/example_dags/tutorial_taskflow_api_virtualenv.py
[2023-09-01T13:13:22.659+0900] {processor.py:179} INFO - Processing /usr/local/lib/python3.8/dist-packages/airflow/example_dags/tutorial_taskflow_api_virtualenv.py took 0.012 seconds
[2023-09-01T13:14:05.003+0900] {processor.py:157} INFO - Started process (PID=6564) to work on /usr/local/lib/python3.8/dist-packages/airflow/example_dags/tutorial_taskflow_api_virtualenv.py
[2023-09-01T13:14:05.004+0900] {processor.py:829} INFO - Processing file /usr/local/lib/python3.8/dist-packages/airflow/example_dags/tutorial_taskflow_api_virtualenv.py for tasks to queue
[2023-09-01T13:14:05.005+0900] {logging_mixin.py:151} INFO - [2023-09-01T13:14:05.005+0900] {dagbag.py:539} INFO - Filling up the DagBag from /usr/local/lib/python3.8/dist-packages/airflow/example_dags/tutorial_taskflow_api_virtualenv.py
[2023-09-01T13:14:05.008+0900] {logging_mixin.py:151} INFO - [2023-09-01T13:14:05.008+0900] {tutorial_taskflow_api_virtualenv.py:29} WARNING - The tutorial_taskflow_api_virtualenv example DAG requires virtualenv, please install it.
[2023-09-01T13:14:05.008+0900] {processor.py:841} WARNING - No viable dags retrieved from /usr/local/lib/python3.8/dist-packages/airflow/example_dags/tutorial_taskflow_api_virtualenv.py
[2023-09-01T13:14:05.017+0900] {processor.py:179} INFO - Processing /usr/local/lib/python3.8/dist-packages/airflow/example_dags/tutorial_taskflow_api_virtualenv.py took 0.019 seconds
[2023-09-01T13:14:47.727+0900] {processor.py:157} INFO - Started process (PID=7466) to work on /usr/local/lib/python3.8/dist-packages/airflow/example_dags/tutorial_taskflow_api_virtualenv.py
[2023-09-01T13:14:47.729+0900] {processor.py:829} INFO - Processing file /usr/local/lib/python3.8/dist-packages/airflow/example_dags/tutorial_taskflow_api_virtualenv.py for tasks to queue
[2023-09-01T13:14:47.731+0900] {logging_mixin.py:151} INFO - [2023-09-01T13:14:47.730+0900] {dagbag.py:539} INFO - Filling up the DagBag from /usr/local/lib/python3.8/dist-packages/airflow/example_dags/tutorial_taskflow_api_virtualenv.py
[2023-09-01T13:14:47.735+0900] {logging_mixin.py:151} INFO - [2023-09-01T13:14:47.735+0900] {tutorial_taskflow_api_virtualenv.py:29} WARNING - The tutorial_taskflow_api_virtualenv example DAG requires virtualenv, please install it.
[2023-09-01T13:14:47.735+0900] {processor.py:841} WARNING - No viable dags retrieved from /usr/local/lib/python3.8/dist-packages/airflow/example_dags/tutorial_taskflow_api_virtualenv.py
[2023-09-01T13:14:47.747+0900] {processor.py:179} INFO - Processing /usr/local/lib/python3.8/dist-packages/airflow/example_dags/tutorial_taskflow_api_virtualenv.py took 0.024 seconds
[2023-09-01T13:15:31.524+0900] {processor.py:157} INFO - Started process (PID=8023) to work on /usr/local/lib/python3.8/dist-packages/airflow/example_dags/tutorial_taskflow_api_virtualenv.py
[2023-09-01T13:15:31.528+0900] {processor.py:829} INFO - Processing file /usr/local/lib/python3.8/dist-packages/airflow/example_dags/tutorial_taskflow_api_virtualenv.py for tasks to queue
[2023-09-01T13:15:31.529+0900] {logging_mixin.py:151} INFO - [2023-09-01T13:15:31.528+0900] {dagbag.py:539} INFO - Filling up the DagBag from /usr/local/lib/python3.8/dist-packages/airflow/example_dags/tutorial_taskflow_api_virtualenv.py
[2023-09-01T13:15:31.533+0900] {logging_mixin.py:151} INFO - [2023-09-01T13:15:31.533+0900] {tutorial_taskflow_api_virtualenv.py:29} WARNING - The tutorial_taskflow_api_virtualenv example DAG requires virtualenv, please install it.
[2023-09-01T13:15:31.533+0900] {processor.py:841} WARNING - No viable dags retrieved from /usr/local/lib/python3.8/dist-packages/airflow/example_dags/tutorial_taskflow_api_virtualenv.py
[2023-09-01T13:15:31.540+0900] {processor.py:179} INFO - Processing /usr/local/lib/python3.8/dist-packages/airflow/example_dags/tutorial_taskflow_api_virtualenv.py took 0.022 seconds
[2023-09-01T13:16:16.986+0900] {processor.py:157} INFO - Started process (PID=8458) to work on /usr/local/lib/python3.8/dist-packages/airflow/example_dags/tutorial_taskflow_api_virtualenv.py
[2023-09-01T13:16:16.988+0900] {processor.py:829} INFO - Processing file /usr/local/lib/python3.8/dist-packages/airflow/example_dags/tutorial_taskflow_api_virtualenv.py for tasks to queue
[2023-09-01T13:16:16.989+0900] {logging_mixin.py:151} INFO - [2023-09-01T13:16:16.989+0900] {dagbag.py:539} INFO - Filling up the DagBag from /usr/local/lib/python3.8/dist-packages/airflow/example_dags/tutorial_taskflow_api_virtualenv.py
[2023-09-01T13:16:16.993+0900] {logging_mixin.py:151} INFO - [2023-09-01T13:16:16.993+0900] {tutorial_taskflow_api_virtualenv.py:29} WARNING - The tutorial_taskflow_api_virtualenv example DAG requires virtualenv, please install it.
[2023-09-01T13:16:16.994+0900] {processor.py:841} WARNING - No viable dags retrieved from /usr/local/lib/python3.8/dist-packages/airflow/example_dags/tutorial_taskflow_api_virtualenv.py
[2023-09-01T13:16:17.004+0900] {processor.py:179} INFO - Processing /usr/local/lib/python3.8/dist-packages/airflow/example_dags/tutorial_taskflow_api_virtualenv.py took 0.023 seconds
[2023-09-01T13:17:00.116+0900] {processor.py:157} INFO - Started process (PID=8872) to work on /usr/local/lib/python3.8/dist-packages/airflow/example_dags/tutorial_taskflow_api_virtualenv.py
[2023-09-01T13:17:00.117+0900] {processor.py:829} INFO - Processing file /usr/local/lib/python3.8/dist-packages/airflow/example_dags/tutorial_taskflow_api_virtualenv.py for tasks to queue
[2023-09-01T13:17:00.119+0900] {logging_mixin.py:151} INFO - [2023-09-01T13:17:00.118+0900] {dagbag.py:539} INFO - Filling up the DagBag from /usr/local/lib/python3.8/dist-packages/airflow/example_dags/tutorial_taskflow_api_virtualenv.py
[2023-09-01T13:17:00.123+0900] {logging_mixin.py:151} INFO - [2023-09-01T13:17:00.122+0900] {tutorial_taskflow_api_virtualenv.py:29} WARNING - The tutorial_taskflow_api_virtualenv example DAG requires virtualenv, please install it.
[2023-09-01T13:17:00.123+0900] {processor.py:841} WARNING - No viable dags retrieved from /usr/local/lib/python3.8/dist-packages/airflow/example_dags/tutorial_taskflow_api_virtualenv.py
[2023-09-01T13:17:00.131+0900] {processor.py:179} INFO - Processing /usr/local/lib/python3.8/dist-packages/airflow/example_dags/tutorial_taskflow_api_virtualenv.py took 0.017 seconds
[2023-09-01T13:17:32.465+0900] {processor.py:157} INFO - Started process (PID=9193) to work on /usr/local/lib/python3.8/dist-packages/airflow/example_dags/tutorial_taskflow_api_virtualenv.py
[2023-09-01T13:17:32.466+0900] {processor.py:829} INFO - Processing file /usr/local/lib/python3.8/dist-packages/airflow/example_dags/tutorial_taskflow_api_virtualenv.py for tasks to queue
[2023-09-01T13:17:32.468+0900] {logging_mixin.py:151} INFO - [2023-09-01T13:17:32.467+0900] {dagbag.py:539} INFO - Filling up the DagBag from /usr/local/lib/python3.8/dist-packages/airflow/example_dags/tutorial_taskflow_api_virtualenv.py
[2023-09-01T13:17:32.472+0900] {logging_mixin.py:151} INFO - [2023-09-01T13:17:32.472+0900] {tutorial_taskflow_api_virtualenv.py:29} WARNING - The tutorial_taskflow_api_virtualenv example DAG requires virtualenv, please install it.
[2023-09-01T13:17:32.472+0900] {processor.py:841} WARNING - No viable dags retrieved from /usr/local/lib/python3.8/dist-packages/airflow/example_dags/tutorial_taskflow_api_virtualenv.py
[2023-09-01T13:17:32.483+0900] {processor.py:179} INFO - Processing /usr/local/lib/python3.8/dist-packages/airflow/example_dags/tutorial_taskflow_api_virtualenv.py took 0.023 seconds
[2023-09-01T13:18:04.975+0900] {processor.py:157} INFO - Started process (PID=9521) to work on /usr/local/lib/python3.8/dist-packages/airflow/example_dags/tutorial_taskflow_api_virtualenv.py
[2023-09-01T13:18:04.977+0900] {processor.py:829} INFO - Processing file /usr/local/lib/python3.8/dist-packages/airflow/example_dags/tutorial_taskflow_api_virtualenv.py for tasks to queue
[2023-09-01T13:18:04.980+0900] {logging_mixin.py:151} INFO - [2023-09-01T13:18:04.978+0900] {dagbag.py:539} INFO - Filling up the DagBag from /usr/local/lib/python3.8/dist-packages/airflow/example_dags/tutorial_taskflow_api_virtualenv.py
[2023-09-01T13:18:04.986+0900] {logging_mixin.py:151} INFO - [2023-09-01T13:18:04.986+0900] {tutorial_taskflow_api_virtualenv.py:29} WARNING - The tutorial_taskflow_api_virtualenv example DAG requires virtualenv, please install it.
[2023-09-01T13:18:04.986+0900] {processor.py:841} WARNING - No viable dags retrieved from /usr/local/lib/python3.8/dist-packages/airflow/example_dags/tutorial_taskflow_api_virtualenv.py
[2023-09-01T13:18:04.999+0900] {processor.py:179} INFO - Processing /usr/local/lib/python3.8/dist-packages/airflow/example_dags/tutorial_taskflow_api_virtualenv.py took 0.031 seconds
[2023-09-01T13:18:48.537+0900] {processor.py:157} INFO - Started process (PID=9975) to work on /usr/local/lib/python3.8/dist-packages/airflow/example_dags/tutorial_taskflow_api_virtualenv.py
[2023-09-01T13:18:48.540+0900] {processor.py:829} INFO - Processing file /usr/local/lib/python3.8/dist-packages/airflow/example_dags/tutorial_taskflow_api_virtualenv.py for tasks to queue
[2023-09-01T13:18:48.541+0900] {logging_mixin.py:151} INFO - [2023-09-01T13:18:48.540+0900] {dagbag.py:539} INFO - Filling up the DagBag from /usr/local/lib/python3.8/dist-packages/airflow/example_dags/tutorial_taskflow_api_virtualenv.py
[2023-09-01T13:18:48.545+0900] {logging_mixin.py:151} INFO - [2023-09-01T13:18:48.545+0900] {tutorial_taskflow_api_virtualenv.py:29} WARNING - The tutorial_taskflow_api_virtualenv example DAG requires virtualenv, please install it.
[2023-09-01T13:18:48.546+0900] {processor.py:841} WARNING - No viable dags retrieved from /usr/local/lib/python3.8/dist-packages/airflow/example_dags/tutorial_taskflow_api_virtualenv.py
[2023-09-01T13:18:48.557+0900] {processor.py:179} INFO - Processing /usr/local/lib/python3.8/dist-packages/airflow/example_dags/tutorial_taskflow_api_virtualenv.py took 0.024 seconds
[2023-09-01T13:19:19.865+0900] {processor.py:157} INFO - Started process (PID=10279) to work on /usr/local/lib/python3.8/dist-packages/airflow/example_dags/tutorial_taskflow_api_virtualenv.py
[2023-09-01T13:19:19.866+0900] {processor.py:829} INFO - Processing file /usr/local/lib/python3.8/dist-packages/airflow/example_dags/tutorial_taskflow_api_virtualenv.py for tasks to queue
[2023-09-01T13:19:19.867+0900] {logging_mixin.py:151} INFO - [2023-09-01T13:19:19.867+0900] {dagbag.py:539} INFO - Filling up the DagBag from /usr/local/lib/python3.8/dist-packages/airflow/example_dags/tutorial_taskflow_api_virtualenv.py
[2023-09-01T13:19:19.870+0900] {logging_mixin.py:151} INFO - [2023-09-01T13:19:19.870+0900] {tutorial_taskflow_api_virtualenv.py:29} WARNING - The tutorial_taskflow_api_virtualenv example DAG requires virtualenv, please install it.
[2023-09-01T13:19:19.870+0900] {processor.py:841} WARNING - No viable dags retrieved from /usr/local/lib/python3.8/dist-packages/airflow/example_dags/tutorial_taskflow_api_virtualenv.py
[2023-09-01T13:19:19.880+0900] {processor.py:179} INFO - Processing /usr/local/lib/python3.8/dist-packages/airflow/example_dags/tutorial_taskflow_api_virtualenv.py took 0.019 seconds
[2023-09-01T13:20:05.399+0900] {processor.py:157} INFO - Started process (PID=10715) to work on /usr/local/lib/python3.8/dist-packages/airflow/example_dags/tutorial_taskflow_api_virtualenv.py
[2023-09-01T13:20:05.401+0900] {processor.py:829} INFO - Processing file /usr/local/lib/python3.8/dist-packages/airflow/example_dags/tutorial_taskflow_api_virtualenv.py for tasks to queue
[2023-09-01T13:20:05.402+0900] {logging_mixin.py:151} INFO - [2023-09-01T13:20:05.401+0900] {dagbag.py:539} INFO - Filling up the DagBag from /usr/local/lib/python3.8/dist-packages/airflow/example_dags/tutorial_taskflow_api_virtualenv.py
[2023-09-01T13:20:05.406+0900] {logging_mixin.py:151} INFO - [2023-09-01T13:20:05.406+0900] {tutorial_taskflow_api_virtualenv.py:29} WARNING - The tutorial_taskflow_api_virtualenv example DAG requires virtualenv, please install it.
[2023-09-01T13:20:05.406+0900] {processor.py:841} WARNING - No viable dags retrieved from /usr/local/lib/python3.8/dist-packages/airflow/example_dags/tutorial_taskflow_api_virtualenv.py
[2023-09-01T13:20:05.417+0900] {processor.py:179} INFO - Processing /usr/local/lib/python3.8/dist-packages/airflow/example_dags/tutorial_taskflow_api_virtualenv.py took 0.021 seconds
[2023-09-01T13:20:47.406+0900] {processor.py:157} INFO - Started process (PID=11147) to work on /usr/local/lib/python3.8/dist-packages/airflow/example_dags/tutorial_taskflow_api_virtualenv.py
[2023-09-01T13:20:47.407+0900] {processor.py:829} INFO - Processing file /usr/local/lib/python3.8/dist-packages/airflow/example_dags/tutorial_taskflow_api_virtualenv.py for tasks to queue
[2023-09-01T13:20:47.408+0900] {logging_mixin.py:151} INFO - [2023-09-01T13:20:47.408+0900] {dagbag.py:539} INFO - Filling up the DagBag from /usr/local/lib/python3.8/dist-packages/airflow/example_dags/tutorial_taskflow_api_virtualenv.py
[2023-09-01T13:20:47.413+0900] {logging_mixin.py:151} INFO - [2023-09-01T13:20:47.413+0900] {tutorial_taskflow_api_virtualenv.py:29} WARNING - The tutorial_taskflow_api_virtualenv example DAG requires virtualenv, please install it.
[2023-09-01T13:20:47.413+0900] {processor.py:841} WARNING - No viable dags retrieved from /usr/local/lib/python3.8/dist-packages/airflow/example_dags/tutorial_taskflow_api_virtualenv.py
[2023-09-01T13:20:47.424+0900] {processor.py:179} INFO - Processing /usr/local/lib/python3.8/dist-packages/airflow/example_dags/tutorial_taskflow_api_virtualenv.py took 0.023 seconds
[2023-09-01T13:21:29.869+0900] {processor.py:157} INFO - Started process (PID=11488) to work on /usr/local/lib/python3.8/dist-packages/airflow/example_dags/tutorial_taskflow_api_virtualenv.py
[2023-09-01T13:21:29.870+0900] {processor.py:829} INFO - Processing file /usr/local/lib/python3.8/dist-packages/airflow/example_dags/tutorial_taskflow_api_virtualenv.py for tasks to queue
[2023-09-01T13:21:29.871+0900] {logging_mixin.py:151} INFO - [2023-09-01T13:21:29.870+0900] {dagbag.py:539} INFO - Filling up the DagBag from /usr/local/lib/python3.8/dist-packages/airflow/example_dags/tutorial_taskflow_api_virtualenv.py
[2023-09-01T13:21:29.873+0900] {logging_mixin.py:151} INFO - [2023-09-01T13:21:29.873+0900] {tutorial_taskflow_api_virtualenv.py:29} WARNING - The tutorial_taskflow_api_virtualenv example DAG requires virtualenv, please install it.
[2023-09-01T13:21:29.874+0900] {processor.py:841} WARNING - No viable dags retrieved from /usr/local/lib/python3.8/dist-packages/airflow/example_dags/tutorial_taskflow_api_virtualenv.py
[2023-09-01T13:21:29.881+0900] {processor.py:179} INFO - Processing /usr/local/lib/python3.8/dist-packages/airflow/example_dags/tutorial_taskflow_api_virtualenv.py took 0.014 seconds
[2023-09-01T13:22:07.117+0900] {processor.py:157} INFO - Started process (PID=11836) to work on /usr/local/lib/python3.8/dist-packages/airflow/example_dags/tutorial_taskflow_api_virtualenv.py
[2023-09-01T13:22:07.118+0900] {processor.py:829} INFO - Processing file /usr/local/lib/python3.8/dist-packages/airflow/example_dags/tutorial_taskflow_api_virtualenv.py for tasks to queue
[2023-09-01T13:22:07.120+0900] {logging_mixin.py:151} INFO - [2023-09-01T13:22:07.119+0900] {dagbag.py:539} INFO - Filling up the DagBag from /usr/local/lib/python3.8/dist-packages/airflow/example_dags/tutorial_taskflow_api_virtualenv.py
[2023-09-01T13:22:07.124+0900] {logging_mixin.py:151} INFO - [2023-09-01T13:22:07.124+0900] {tutorial_taskflow_api_virtualenv.py:29} WARNING - The tutorial_taskflow_api_virtualenv example DAG requires virtualenv, please install it.
[2023-09-01T13:22:07.124+0900] {processor.py:841} WARNING - No viable dags retrieved from /usr/local/lib/python3.8/dist-packages/airflow/example_dags/tutorial_taskflow_api_virtualenv.py
[2023-09-01T13:22:07.136+0900] {processor.py:179} INFO - Processing /usr/local/lib/python3.8/dist-packages/airflow/example_dags/tutorial_taskflow_api_virtualenv.py took 0.023 seconds
[2023-09-01T13:22:49.928+0900] {processor.py:157} INFO - Started process (PID=12256) to work on /usr/local/lib/python3.8/dist-packages/airflow/example_dags/tutorial_taskflow_api_virtualenv.py
[2023-09-01T13:22:49.929+0900] {processor.py:829} INFO - Processing file /usr/local/lib/python3.8/dist-packages/airflow/example_dags/tutorial_taskflow_api_virtualenv.py for tasks to queue
[2023-09-01T13:22:49.930+0900] {logging_mixin.py:151} INFO - [2023-09-01T13:22:49.929+0900] {dagbag.py:539} INFO - Filling up the DagBag from /usr/local/lib/python3.8/dist-packages/airflow/example_dags/tutorial_taskflow_api_virtualenv.py
[2023-09-01T13:22:49.934+0900] {logging_mixin.py:151} INFO - [2023-09-01T13:22:49.933+0900] {tutorial_taskflow_api_virtualenv.py:29} WARNING - The tutorial_taskflow_api_virtualenv example DAG requires virtualenv, please install it.
[2023-09-01T13:22:49.934+0900] {processor.py:841} WARNING - No viable dags retrieved from /usr/local/lib/python3.8/dist-packages/airflow/example_dags/tutorial_taskflow_api_virtualenv.py
[2023-09-01T13:22:49.946+0900] {processor.py:179} INFO - Processing /usr/local/lib/python3.8/dist-packages/airflow/example_dags/tutorial_taskflow_api_virtualenv.py took 0.023 seconds
[2023-09-01T13:23:32.111+0900] {processor.py:157} INFO - Started process (PID=12698) to work on /usr/local/lib/python3.8/dist-packages/airflow/example_dags/tutorial_taskflow_api_virtualenv.py
[2023-09-01T13:23:32.114+0900] {processor.py:829} INFO - Processing file /usr/local/lib/python3.8/dist-packages/airflow/example_dags/tutorial_taskflow_api_virtualenv.py for tasks to queue
[2023-09-01T13:23:32.115+0900] {logging_mixin.py:151} INFO - [2023-09-01T13:23:32.114+0900] {dagbag.py:539} INFO - Filling up the DagBag from /usr/local/lib/python3.8/dist-packages/airflow/example_dags/tutorial_taskflow_api_virtualenv.py
[2023-09-01T13:23:32.120+0900] {logging_mixin.py:151} INFO - [2023-09-01T13:23:32.120+0900] {tutorial_taskflow_api_virtualenv.py:29} WARNING - The tutorial_taskflow_api_virtualenv example DAG requires virtualenv, please install it.
[2023-09-01T13:23:32.120+0900] {processor.py:841} WARNING - No viable dags retrieved from /usr/local/lib/python3.8/dist-packages/airflow/example_dags/tutorial_taskflow_api_virtualenv.py
[2023-09-01T13:23:32.132+0900] {processor.py:179} INFO - Processing /usr/local/lib/python3.8/dist-packages/airflow/example_dags/tutorial_taskflow_api_virtualenv.py took 0.027 seconds
[2023-09-01T13:24:16.268+0900] {processor.py:157} INFO - Started process (PID=13109) to work on /usr/local/lib/python3.8/dist-packages/airflow/example_dags/tutorial_taskflow_api_virtualenv.py
[2023-09-01T13:24:16.271+0900] {processor.py:829} INFO - Processing file /usr/local/lib/python3.8/dist-packages/airflow/example_dags/tutorial_taskflow_api_virtualenv.py for tasks to queue
[2023-09-01T13:24:16.272+0900] {logging_mixin.py:151} INFO - [2023-09-01T13:24:16.271+0900] {dagbag.py:539} INFO - Filling up the DagBag from /usr/local/lib/python3.8/dist-packages/airflow/example_dags/tutorial_taskflow_api_virtualenv.py
[2023-09-01T13:24:16.276+0900] {logging_mixin.py:151} INFO - [2023-09-01T13:24:16.276+0900] {tutorial_taskflow_api_virtualenv.py:29} WARNING - The tutorial_taskflow_api_virtualenv example DAG requires virtualenv, please install it.
[2023-09-01T13:24:16.276+0900] {processor.py:841} WARNING - No viable dags retrieved from /usr/local/lib/python3.8/dist-packages/airflow/example_dags/tutorial_taskflow_api_virtualenv.py
[2023-09-01T13:24:16.287+0900] {processor.py:179} INFO - Processing /usr/local/lib/python3.8/dist-packages/airflow/example_dags/tutorial_taskflow_api_virtualenv.py took 0.023 seconds
[2023-09-01T13:24:48.143+0900] {processor.py:157} INFO - Started process (PID=13452) to work on /usr/local/lib/python3.8/dist-packages/airflow/example_dags/tutorial_taskflow_api_virtualenv.py
[2023-09-01T13:24:48.145+0900] {processor.py:829} INFO - Processing file /usr/local/lib/python3.8/dist-packages/airflow/example_dags/tutorial_taskflow_api_virtualenv.py for tasks to queue
[2023-09-01T13:24:48.147+0900] {logging_mixin.py:151} INFO - [2023-09-01T13:24:48.146+0900] {dagbag.py:539} INFO - Filling up the DagBag from /usr/local/lib/python3.8/dist-packages/airflow/example_dags/tutorial_taskflow_api_virtualenv.py
[2023-09-01T13:24:48.158+0900] {logging_mixin.py:151} INFO - [2023-09-01T13:24:48.158+0900] {tutorial_taskflow_api_virtualenv.py:29} WARNING - The tutorial_taskflow_api_virtualenv example DAG requires virtualenv, please install it.
[2023-09-01T13:24:48.160+0900] {processor.py:841} WARNING - No viable dags retrieved from /usr/local/lib/python3.8/dist-packages/airflow/example_dags/tutorial_taskflow_api_virtualenv.py
[2023-09-01T13:24:48.192+0900] {processor.py:179} INFO - Processing /usr/local/lib/python3.8/dist-packages/airflow/example_dags/tutorial_taskflow_api_virtualenv.py took 0.056 seconds
[2023-09-01T13:25:46.699+0900] {processor.py:157} INFO - Started process (PID=14270) to work on /usr/local/lib/python3.8/dist-packages/airflow/example_dags/tutorial_taskflow_api_virtualenv.py
[2023-09-01T13:25:46.701+0900] {processor.py:829} INFO - Processing file /usr/local/lib/python3.8/dist-packages/airflow/example_dags/tutorial_taskflow_api_virtualenv.py for tasks to queue
[2023-09-01T13:25:46.703+0900] {logging_mixin.py:151} INFO - [2023-09-01T13:25:46.701+0900] {dagbag.py:539} INFO - Filling up the DagBag from /usr/local/lib/python3.8/dist-packages/airflow/example_dags/tutorial_taskflow_api_virtualenv.py
[2023-09-01T13:25:46.707+0900] {logging_mixin.py:151} INFO - [2023-09-01T13:25:46.707+0900] {tutorial_taskflow_api_virtualenv.py:29} WARNING - The tutorial_taskflow_api_virtualenv example DAG requires virtualenv, please install it.
[2023-09-01T13:25:46.707+0900] {processor.py:841} WARNING - No viable dags retrieved from /usr/local/lib/python3.8/dist-packages/airflow/example_dags/tutorial_taskflow_api_virtualenv.py
[2023-09-01T13:25:46.718+0900] {processor.py:179} INFO - Processing /usr/local/lib/python3.8/dist-packages/airflow/example_dags/tutorial_taskflow_api_virtualenv.py took 0.024 seconds
[2023-09-01T13:26:29.746+0900] {processor.py:157} INFO - Started process (PID=14717) to work on /usr/local/lib/python3.8/dist-packages/airflow/example_dags/tutorial_taskflow_api_virtualenv.py
[2023-09-01T13:26:29.747+0900] {processor.py:829} INFO - Processing file /usr/local/lib/python3.8/dist-packages/airflow/example_dags/tutorial_taskflow_api_virtualenv.py for tasks to queue
[2023-09-01T13:26:29.749+0900] {logging_mixin.py:151} INFO - [2023-09-01T13:26:29.748+0900] {dagbag.py:539} INFO - Filling up the DagBag from /usr/local/lib/python3.8/dist-packages/airflow/example_dags/tutorial_taskflow_api_virtualenv.py
[2023-09-01T13:26:29.753+0900] {logging_mixin.py:151} INFO - [2023-09-01T13:26:29.753+0900] {tutorial_taskflow_api_virtualenv.py:29} WARNING - The tutorial_taskflow_api_virtualenv example DAG requires virtualenv, please install it.
[2023-09-01T13:26:29.753+0900] {processor.py:841} WARNING - No viable dags retrieved from /usr/local/lib/python3.8/dist-packages/airflow/example_dags/tutorial_taskflow_api_virtualenv.py
[2023-09-01T13:26:29.765+0900] {processor.py:179} INFO - Processing /usr/local/lib/python3.8/dist-packages/airflow/example_dags/tutorial_taskflow_api_virtualenv.py took 0.024 seconds
[2023-09-01T13:27:12.528+0900] {processor.py:157} INFO - Started process (PID=15135) to work on /usr/local/lib/python3.8/dist-packages/airflow/example_dags/tutorial_taskflow_api_virtualenv.py
[2023-09-01T13:27:12.531+0900] {processor.py:829} INFO - Processing file /usr/local/lib/python3.8/dist-packages/airflow/example_dags/tutorial_taskflow_api_virtualenv.py for tasks to queue
[2023-09-01T13:27:12.532+0900] {logging_mixin.py:151} INFO - [2023-09-01T13:27:12.531+0900] {dagbag.py:539} INFO - Filling up the DagBag from /usr/local/lib/python3.8/dist-packages/airflow/example_dags/tutorial_taskflow_api_virtualenv.py
[2023-09-01T13:27:12.537+0900] {logging_mixin.py:151} INFO - [2023-09-01T13:27:12.536+0900] {tutorial_taskflow_api_virtualenv.py:29} WARNING - The tutorial_taskflow_api_virtualenv example DAG requires virtualenv, please install it.
[2023-09-01T13:27:12.537+0900] {processor.py:841} WARNING - No viable dags retrieved from /usr/local/lib/python3.8/dist-packages/airflow/example_dags/tutorial_taskflow_api_virtualenv.py
[2023-09-01T13:27:12.549+0900] {processor.py:179} INFO - Processing /usr/local/lib/python3.8/dist-packages/airflow/example_dags/tutorial_taskflow_api_virtualenv.py took 0.027 seconds
[2023-09-01T13:27:57.701+0900] {processor.py:157} INFO - Started process (PID=15572) to work on /usr/local/lib/python3.8/dist-packages/airflow/example_dags/tutorial_taskflow_api_virtualenv.py
[2023-09-01T13:27:57.703+0900] {processor.py:829} INFO - Processing file /usr/local/lib/python3.8/dist-packages/airflow/example_dags/tutorial_taskflow_api_virtualenv.py for tasks to queue
[2023-09-01T13:27:57.704+0900] {logging_mixin.py:151} INFO - [2023-09-01T13:27:57.703+0900] {dagbag.py:539} INFO - Filling up the DagBag from /usr/local/lib/python3.8/dist-packages/airflow/example_dags/tutorial_taskflow_api_virtualenv.py
[2023-09-01T13:27:57.708+0900] {logging_mixin.py:151} INFO - [2023-09-01T13:27:57.708+0900] {tutorial_taskflow_api_virtualenv.py:29} WARNING - The tutorial_taskflow_api_virtualenv example DAG requires virtualenv, please install it.
[2023-09-01T13:27:57.708+0900] {processor.py:841} WARNING - No viable dags retrieved from /usr/local/lib/python3.8/dist-packages/airflow/example_dags/tutorial_taskflow_api_virtualenv.py
[2023-09-01T13:27:57.719+0900] {processor.py:179} INFO - Processing /usr/local/lib/python3.8/dist-packages/airflow/example_dags/tutorial_taskflow_api_virtualenv.py took 0.023 seconds
[2023-09-01T13:28:44.143+0900] {processor.py:157} INFO - Started process (PID=16013) to work on /usr/local/lib/python3.8/dist-packages/airflow/example_dags/tutorial_taskflow_api_virtualenv.py
[2023-09-01T13:28:44.145+0900] {processor.py:829} INFO - Processing file /usr/local/lib/python3.8/dist-packages/airflow/example_dags/tutorial_taskflow_api_virtualenv.py for tasks to queue
[2023-09-01T13:28:44.146+0900] {logging_mixin.py:151} INFO - [2023-09-01T13:28:44.145+0900] {dagbag.py:539} INFO - Filling up the DagBag from /usr/local/lib/python3.8/dist-packages/airflow/example_dags/tutorial_taskflow_api_virtualenv.py
[2023-09-01T13:28:44.150+0900] {logging_mixin.py:151} INFO - [2023-09-01T13:28:44.150+0900] {tutorial_taskflow_api_virtualenv.py:29} WARNING - The tutorial_taskflow_api_virtualenv example DAG requires virtualenv, please install it.
[2023-09-01T13:28:44.150+0900] {processor.py:841} WARNING - No viable dags retrieved from /usr/local/lib/python3.8/dist-packages/airflow/example_dags/tutorial_taskflow_api_virtualenv.py
[2023-09-01T13:28:44.163+0900] {processor.py:179} INFO - Processing /usr/local/lib/python3.8/dist-packages/airflow/example_dags/tutorial_taskflow_api_virtualenv.py took 0.025 seconds
[2023-09-01T13:29:17.311+0900] {processor.py:157} INFO - Started process (PID=16367) to work on /usr/local/lib/python3.8/dist-packages/airflow/example_dags/tutorial_taskflow_api_virtualenv.py
[2023-09-01T13:29:17.312+0900] {processor.py:829} INFO - Processing file /usr/local/lib/python3.8/dist-packages/airflow/example_dags/tutorial_taskflow_api_virtualenv.py for tasks to queue
[2023-09-01T13:29:17.313+0900] {logging_mixin.py:151} INFO - [2023-09-01T13:29:17.312+0900] {dagbag.py:539} INFO - Filling up the DagBag from /usr/local/lib/python3.8/dist-packages/airflow/example_dags/tutorial_taskflow_api_virtualenv.py
[2023-09-01T13:29:17.315+0900] {logging_mixin.py:151} INFO - [2023-09-01T13:29:17.315+0900] {tutorial_taskflow_api_virtualenv.py:29} WARNING - The tutorial_taskflow_api_virtualenv example DAG requires virtualenv, please install it.
[2023-09-01T13:29:17.315+0900] {processor.py:841} WARNING - No viable dags retrieved from /usr/local/lib/python3.8/dist-packages/airflow/example_dags/tutorial_taskflow_api_virtualenv.py
[2023-09-01T13:29:17.322+0900] {processor.py:179} INFO - Processing /usr/local/lib/python3.8/dist-packages/airflow/example_dags/tutorial_taskflow_api_virtualenv.py took 0.014 seconds
[2023-09-01T13:30:03.046+0900] {processor.py:157} INFO - Started process (PID=16811) to work on /usr/local/lib/python3.8/dist-packages/airflow/example_dags/tutorial_taskflow_api_virtualenv.py
[2023-09-01T13:30:03.048+0900] {processor.py:829} INFO - Processing file /usr/local/lib/python3.8/dist-packages/airflow/example_dags/tutorial_taskflow_api_virtualenv.py for tasks to queue
[2023-09-01T13:30:03.049+0900] {logging_mixin.py:151} INFO - [2023-09-01T13:30:03.048+0900] {dagbag.py:539} INFO - Filling up the DagBag from /usr/local/lib/python3.8/dist-packages/airflow/example_dags/tutorial_taskflow_api_virtualenv.py
[2023-09-01T13:30:03.052+0900] {logging_mixin.py:151} INFO - [2023-09-01T13:30:03.051+0900] {tutorial_taskflow_api_virtualenv.py:29} WARNING - The tutorial_taskflow_api_virtualenv example DAG requires virtualenv, please install it.
[2023-09-01T13:30:03.052+0900] {processor.py:841} WARNING - No viable dags retrieved from /usr/local/lib/python3.8/dist-packages/airflow/example_dags/tutorial_taskflow_api_virtualenv.py
[2023-09-01T13:30:03.059+0900] {processor.py:179} INFO - Processing /usr/local/lib/python3.8/dist-packages/airflow/example_dags/tutorial_taskflow_api_virtualenv.py took 0.016 seconds
[2023-09-01T13:30:35.752+0900] {processor.py:157} INFO - Started process (PID=17126) to work on /usr/local/lib/python3.8/dist-packages/airflow/example_dags/tutorial_taskflow_api_virtualenv.py
[2023-09-01T13:30:35.752+0900] {processor.py:829} INFO - Processing file /usr/local/lib/python3.8/dist-packages/airflow/example_dags/tutorial_taskflow_api_virtualenv.py for tasks to queue
[2023-09-01T13:30:35.753+0900] {logging_mixin.py:151} INFO - [2023-09-01T13:30:35.753+0900] {dagbag.py:539} INFO - Filling up the DagBag from /usr/local/lib/python3.8/dist-packages/airflow/example_dags/tutorial_taskflow_api_virtualenv.py
[2023-09-01T13:30:35.755+0900] {logging_mixin.py:151} INFO - [2023-09-01T13:30:35.755+0900] {tutorial_taskflow_api_virtualenv.py:29} WARNING - The tutorial_taskflow_api_virtualenv example DAG requires virtualenv, please install it.
[2023-09-01T13:30:35.755+0900] {processor.py:841} WARNING - No viable dags retrieved from /usr/local/lib/python3.8/dist-packages/airflow/example_dags/tutorial_taskflow_api_virtualenv.py
[2023-09-01T13:30:35.761+0900] {processor.py:179} INFO - Processing /usr/local/lib/python3.8/dist-packages/airflow/example_dags/tutorial_taskflow_api_virtualenv.py took 0.012 seconds
[2023-09-01T13:31:16.377+0900] {processor.py:157} INFO - Started process (PID=17520) to work on /usr/local/lib/python3.8/dist-packages/airflow/example_dags/tutorial_taskflow_api_virtualenv.py
[2023-09-01T13:31:16.380+0900] {processor.py:829} INFO - Processing file /usr/local/lib/python3.8/dist-packages/airflow/example_dags/tutorial_taskflow_api_virtualenv.py for tasks to queue
[2023-09-01T13:31:16.382+0900] {logging_mixin.py:151} INFO - [2023-09-01T13:31:16.380+0900] {dagbag.py:539} INFO - Filling up the DagBag from /usr/local/lib/python3.8/dist-packages/airflow/example_dags/tutorial_taskflow_api_virtualenv.py
[2023-09-01T13:31:16.386+0900] {logging_mixin.py:151} INFO - [2023-09-01T13:31:16.386+0900] {tutorial_taskflow_api_virtualenv.py:29} WARNING - The tutorial_taskflow_api_virtualenv example DAG requires virtualenv, please install it.
[2023-09-01T13:31:16.386+0900] {processor.py:841} WARNING - No viable dags retrieved from /usr/local/lib/python3.8/dist-packages/airflow/example_dags/tutorial_taskflow_api_virtualenv.py
[2023-09-01T13:31:16.398+0900] {processor.py:179} INFO - Processing /usr/local/lib/python3.8/dist-packages/airflow/example_dags/tutorial_taskflow_api_virtualenv.py took 0.027 seconds
[2023-09-01T13:31:59.642+0900] {processor.py:157} INFO - Started process (PID=17937) to work on /usr/local/lib/python3.8/dist-packages/airflow/example_dags/tutorial_taskflow_api_virtualenv.py
[2023-09-01T13:31:59.644+0900] {processor.py:829} INFO - Processing file /usr/local/lib/python3.8/dist-packages/airflow/example_dags/tutorial_taskflow_api_virtualenv.py for tasks to queue
[2023-09-01T13:31:59.646+0900] {logging_mixin.py:151} INFO - [2023-09-01T13:31:59.644+0900] {dagbag.py:539} INFO - Filling up the DagBag from /usr/local/lib/python3.8/dist-packages/airflow/example_dags/tutorial_taskflow_api_virtualenv.py
[2023-09-01T13:31:59.650+0900] {logging_mixin.py:151} INFO - [2023-09-01T13:31:59.650+0900] {tutorial_taskflow_api_virtualenv.py:29} WARNING - The tutorial_taskflow_api_virtualenv example DAG requires virtualenv, please install it.
[2023-09-01T13:31:59.650+0900] {processor.py:841} WARNING - No viable dags retrieved from /usr/local/lib/python3.8/dist-packages/airflow/example_dags/tutorial_taskflow_api_virtualenv.py
[2023-09-01T13:31:59.661+0900] {processor.py:179} INFO - Processing /usr/local/lib/python3.8/dist-packages/airflow/example_dags/tutorial_taskflow_api_virtualenv.py took 0.023 seconds
[2023-09-01T13:32:45.387+0900] {processor.py:157} INFO - Started process (PID=18377) to work on /usr/local/lib/python3.8/dist-packages/airflow/example_dags/tutorial_taskflow_api_virtualenv.py
[2023-09-01T13:32:45.387+0900] {processor.py:829} INFO - Processing file /usr/local/lib/python3.8/dist-packages/airflow/example_dags/tutorial_taskflow_api_virtualenv.py for tasks to queue
[2023-09-01T13:32:45.388+0900] {logging_mixin.py:151} INFO - [2023-09-01T13:32:45.388+0900] {dagbag.py:539} INFO - Filling up the DagBag from /usr/local/lib/python3.8/dist-packages/airflow/example_dags/tutorial_taskflow_api_virtualenv.py
[2023-09-01T13:32:45.391+0900] {logging_mixin.py:151} INFO - [2023-09-01T13:32:45.391+0900] {tutorial_taskflow_api_virtualenv.py:29} WARNING - The tutorial_taskflow_api_virtualenv example DAG requires virtualenv, please install it.
[2023-09-01T13:32:45.392+0900] {processor.py:841} WARNING - No viable dags retrieved from /usr/local/lib/python3.8/dist-packages/airflow/example_dags/tutorial_taskflow_api_virtualenv.py
[2023-09-01T13:32:45.402+0900] {processor.py:179} INFO - Processing /usr/local/lib/python3.8/dist-packages/airflow/example_dags/tutorial_taskflow_api_virtualenv.py took 0.019 seconds
[2023-09-01T13:33:31.249+0900] {processor.py:157} INFO - Started process (PID=18824) to work on /usr/local/lib/python3.8/dist-packages/airflow/example_dags/tutorial_taskflow_api_virtualenv.py
[2023-09-01T13:33:31.250+0900] {processor.py:829} INFO - Processing file /usr/local/lib/python3.8/dist-packages/airflow/example_dags/tutorial_taskflow_api_virtualenv.py for tasks to queue
[2023-09-01T13:33:31.251+0900] {logging_mixin.py:151} INFO - [2023-09-01T13:33:31.251+0900] {dagbag.py:539} INFO - Filling up the DagBag from /usr/local/lib/python3.8/dist-packages/airflow/example_dags/tutorial_taskflow_api_virtualenv.py
[2023-09-01T13:33:31.253+0900] {logging_mixin.py:151} INFO - [2023-09-01T13:33:31.253+0900] {tutorial_taskflow_api_virtualenv.py:29} WARNING - The tutorial_taskflow_api_virtualenv example DAG requires virtualenv, please install it.
[2023-09-01T13:33:31.254+0900] {processor.py:841} WARNING - No viable dags retrieved from /usr/local/lib/python3.8/dist-packages/airflow/example_dags/tutorial_taskflow_api_virtualenv.py
[2023-09-01T13:33:31.260+0900] {processor.py:179} INFO - Processing /usr/local/lib/python3.8/dist-packages/airflow/example_dags/tutorial_taskflow_api_virtualenv.py took 0.013 seconds
[2023-09-01T13:34:03.992+0900] {processor.py:157} INFO - Started process (PID=19161) to work on /usr/local/lib/python3.8/dist-packages/airflow/example_dags/tutorial_taskflow_api_virtualenv.py
[2023-09-01T13:34:03.993+0900] {processor.py:829} INFO - Processing file /usr/local/lib/python3.8/dist-packages/airflow/example_dags/tutorial_taskflow_api_virtualenv.py for tasks to queue
[2023-09-01T13:34:03.995+0900] {logging_mixin.py:151} INFO - [2023-09-01T13:34:03.994+0900] {dagbag.py:539} INFO - Filling up the DagBag from /usr/local/lib/python3.8/dist-packages/airflow/example_dags/tutorial_taskflow_api_virtualenv.py
[2023-09-01T13:34:03.999+0900] {logging_mixin.py:151} INFO - [2023-09-01T13:34:03.999+0900] {tutorial_taskflow_api_virtualenv.py:29} WARNING - The tutorial_taskflow_api_virtualenv example DAG requires virtualenv, please install it.
[2023-09-01T13:34:03.999+0900] {processor.py:841} WARNING - No viable dags retrieved from /usr/local/lib/python3.8/dist-packages/airflow/example_dags/tutorial_taskflow_api_virtualenv.py
[2023-09-01T13:34:04.011+0900] {processor.py:179} INFO - Processing /usr/local/lib/python3.8/dist-packages/airflow/example_dags/tutorial_taskflow_api_virtualenv.py took 0.024 seconds
[2023-09-01T13:34:47.152+0900] {processor.py:157} INFO - Started process (PID=19579) to work on /usr/local/lib/python3.8/dist-packages/airflow/example_dags/tutorial_taskflow_api_virtualenv.py
[2023-09-01T13:34:47.153+0900] {processor.py:829} INFO - Processing file /usr/local/lib/python3.8/dist-packages/airflow/example_dags/tutorial_taskflow_api_virtualenv.py for tasks to queue
[2023-09-01T13:34:47.154+0900] {logging_mixin.py:151} INFO - [2023-09-01T13:34:47.154+0900] {dagbag.py:539} INFO - Filling up the DagBag from /usr/local/lib/python3.8/dist-packages/airflow/example_dags/tutorial_taskflow_api_virtualenv.py
[2023-09-01T13:34:47.158+0900] {logging_mixin.py:151} INFO - [2023-09-01T13:34:47.158+0900] {tutorial_taskflow_api_virtualenv.py:29} WARNING - The tutorial_taskflow_api_virtualenv example DAG requires virtualenv, please install it.
[2023-09-01T13:34:47.158+0900] {processor.py:841} WARNING - No viable dags retrieved from /usr/local/lib/python3.8/dist-packages/airflow/example_dags/tutorial_taskflow_api_virtualenv.py
[2023-09-01T13:34:47.169+0900] {processor.py:179} INFO - Processing /usr/local/lib/python3.8/dist-packages/airflow/example_dags/tutorial_taskflow_api_virtualenv.py took 0.020 seconds
[2023-09-01T13:35:30.052+0900] {processor.py:157} INFO - Started process (PID=19998) to work on /usr/local/lib/python3.8/dist-packages/airflow/example_dags/tutorial_taskflow_api_virtualenv.py
[2023-09-01T13:35:30.053+0900] {processor.py:829} INFO - Processing file /usr/local/lib/python3.8/dist-packages/airflow/example_dags/tutorial_taskflow_api_virtualenv.py for tasks to queue
[2023-09-01T13:35:30.053+0900] {logging_mixin.py:151} INFO - [2023-09-01T13:35:30.053+0900] {dagbag.py:539} INFO - Filling up the DagBag from /usr/local/lib/python3.8/dist-packages/airflow/example_dags/tutorial_taskflow_api_virtualenv.py
[2023-09-01T13:35:30.055+0900] {logging_mixin.py:151} INFO - [2023-09-01T13:35:30.055+0900] {tutorial_taskflow_api_virtualenv.py:29} WARNING - The tutorial_taskflow_api_virtualenv example DAG requires virtualenv, please install it.
[2023-09-01T13:35:30.055+0900] {processor.py:841} WARNING - No viable dags retrieved from /usr/local/lib/python3.8/dist-packages/airflow/example_dags/tutorial_taskflow_api_virtualenv.py
[2023-09-01T13:35:30.063+0900] {processor.py:179} INFO - Processing /usr/local/lib/python3.8/dist-packages/airflow/example_dags/tutorial_taskflow_api_virtualenv.py took 0.014 seconds
[2023-09-01T13:36:16.428+0900] {processor.py:157} INFO - Started process (PID=20451) to work on /usr/local/lib/python3.8/dist-packages/airflow/example_dags/tutorial_taskflow_api_virtualenv.py
[2023-09-01T13:36:16.431+0900] {processor.py:829} INFO - Processing file /usr/local/lib/python3.8/dist-packages/airflow/example_dags/tutorial_taskflow_api_virtualenv.py for tasks to queue
[2023-09-01T13:36:16.432+0900] {logging_mixin.py:151} INFO - [2023-09-01T13:36:16.431+0900] {dagbag.py:539} INFO - Filling up the DagBag from /usr/local/lib/python3.8/dist-packages/airflow/example_dags/tutorial_taskflow_api_virtualenv.py
[2023-09-01T13:36:16.436+0900] {logging_mixin.py:151} INFO - [2023-09-01T13:36:16.436+0900] {tutorial_taskflow_api_virtualenv.py:29} WARNING - The tutorial_taskflow_api_virtualenv example DAG requires virtualenv, please install it.
[2023-09-01T13:36:16.437+0900] {processor.py:841} WARNING - No viable dags retrieved from /usr/local/lib/python3.8/dist-packages/airflow/example_dags/tutorial_taskflow_api_virtualenv.py
[2023-09-01T13:36:16.447+0900] {processor.py:179} INFO - Processing /usr/local/lib/python3.8/dist-packages/airflow/example_dags/tutorial_taskflow_api_virtualenv.py took 0.022 seconds
[2023-09-01T13:36:48.851+0900] {processor.py:157} INFO - Started process (PID=20755) to work on /usr/local/lib/python3.8/dist-packages/airflow/example_dags/tutorial_taskflow_api_virtualenv.py
[2023-09-01T13:36:48.852+0900] {processor.py:829} INFO - Processing file /usr/local/lib/python3.8/dist-packages/airflow/example_dags/tutorial_taskflow_api_virtualenv.py for tasks to queue
[2023-09-01T13:36:48.853+0900] {logging_mixin.py:151} INFO - [2023-09-01T13:36:48.853+0900] {dagbag.py:539} INFO - Filling up the DagBag from /usr/local/lib/python3.8/dist-packages/airflow/example_dags/tutorial_taskflow_api_virtualenv.py
[2023-09-01T13:36:48.857+0900] {logging_mixin.py:151} INFO - [2023-09-01T13:36:48.857+0900] {tutorial_taskflow_api_virtualenv.py:29} WARNING - The tutorial_taskflow_api_virtualenv example DAG requires virtualenv, please install it.
[2023-09-01T13:36:48.857+0900] {processor.py:841} WARNING - No viable dags retrieved from /usr/local/lib/python3.8/dist-packages/airflow/example_dags/tutorial_taskflow_api_virtualenv.py
[2023-09-01T13:36:48.867+0900] {processor.py:179} INFO - Processing /usr/local/lib/python3.8/dist-packages/airflow/example_dags/tutorial_taskflow_api_virtualenv.py took 0.021 seconds
[2023-09-01T13:37:34.707+0900] {processor.py:157} INFO - Started process (PID=21200) to work on /usr/local/lib/python3.8/dist-packages/airflow/example_dags/tutorial_taskflow_api_virtualenv.py
[2023-09-01T13:37:34.709+0900] {processor.py:829} INFO - Processing file /usr/local/lib/python3.8/dist-packages/airflow/example_dags/tutorial_taskflow_api_virtualenv.py for tasks to queue
[2023-09-01T13:37:34.711+0900] {logging_mixin.py:151} INFO - [2023-09-01T13:37:34.710+0900] {dagbag.py:539} INFO - Filling up the DagBag from /usr/local/lib/python3.8/dist-packages/airflow/example_dags/tutorial_taskflow_api_virtualenv.py
[2023-09-01T13:37:34.715+0900] {logging_mixin.py:151} INFO - [2023-09-01T13:37:34.715+0900] {tutorial_taskflow_api_virtualenv.py:29} WARNING - The tutorial_taskflow_api_virtualenv example DAG requires virtualenv, please install it.
[2023-09-01T13:37:34.715+0900] {processor.py:841} WARNING - No viable dags retrieved from /usr/local/lib/python3.8/dist-packages/airflow/example_dags/tutorial_taskflow_api_virtualenv.py
[2023-09-01T13:37:34.725+0900] {processor.py:179} INFO - Processing /usr/local/lib/python3.8/dist-packages/airflow/example_dags/tutorial_taskflow_api_virtualenv.py took 0.023 seconds
[2023-09-01T13:38:18.986+0900] {processor.py:157} INFO - Started process (PID=21636) to work on /usr/local/lib/python3.8/dist-packages/airflow/example_dags/tutorial_taskflow_api_virtualenv.py
[2023-09-01T13:38:18.987+0900] {processor.py:829} INFO - Processing file /usr/local/lib/python3.8/dist-packages/airflow/example_dags/tutorial_taskflow_api_virtualenv.py for tasks to queue
[2023-09-01T13:38:18.988+0900] {logging_mixin.py:151} INFO - [2023-09-01T13:38:18.988+0900] {dagbag.py:539} INFO - Filling up the DagBag from /usr/local/lib/python3.8/dist-packages/airflow/example_dags/tutorial_taskflow_api_virtualenv.py
[2023-09-01T13:38:18.992+0900] {logging_mixin.py:151} INFO - [2023-09-01T13:38:18.992+0900] {tutorial_taskflow_api_virtualenv.py:29} WARNING - The tutorial_taskflow_api_virtualenv example DAG requires virtualenv, please install it.
[2023-09-01T13:38:18.992+0900] {processor.py:841} WARNING - No viable dags retrieved from /usr/local/lib/python3.8/dist-packages/airflow/example_dags/tutorial_taskflow_api_virtualenv.py
[2023-09-01T13:38:19.003+0900] {processor.py:179} INFO - Processing /usr/local/lib/python3.8/dist-packages/airflow/example_dags/tutorial_taskflow_api_virtualenv.py took 0.022 seconds
