[2023-09-01T13:07:19.735+0900] {processor.py:157} INFO - Started process (PID=1235) to work on /usr/local/lib/python3.8/dist-packages/airflow/example_dags/tutorial_taskflow_api.py
[2023-09-01T13:07:19.735+0900] {processor.py:829} INFO - Processing file /usr/local/lib/python3.8/dist-packages/airflow/example_dags/tutorial_taskflow_api.py for tasks to queue
[2023-09-01T13:07:19.737+0900] {logging_mixin.py:151} INFO - [2023-09-01T13:07:19.736+0900] {dagbag.py:539} INFO - Filling up the DagBag from /usr/local/lib/python3.8/dist-packages/airflow/example_dags/tutorial_taskflow_api.py
[2023-09-01T13:07:19.747+0900] {processor.py:839} INFO - DAG(s) dict_keys(['tutorial_taskflow_api']) retrieved from /usr/local/lib/python3.8/dist-packages/airflow/example_dags/tutorial_taskflow_api.py
[2023-09-01T13:07:19.857+0900] {logging_mixin.py:151} INFO - [2023-09-01T13:07:19.857+0900] {manager.py:501} INFO - Created Permission View: can delete on DAG:tutorial_taskflow_api
[2023-09-01T13:07:19.864+0900] {logging_mixin.py:151} INFO - [2023-09-01T13:07:19.863+0900] {manager.py:501} INFO - Created Permission View: can read on DAG:tutorial_taskflow_api
[2023-09-01T13:07:19.867+0900] {logging_mixin.py:151} INFO - [2023-09-01T13:07:19.867+0900] {manager.py:501} INFO - Created Permission View: can edit on DAG:tutorial_taskflow_api
[2023-09-01T13:07:19.873+0900] {logging_mixin.py:151} INFO - [2023-09-01T13:07:19.873+0900] {dag.py:2907} INFO - Sync 1 DAGs
[2023-09-01T13:07:19.877+0900] {logging_mixin.py:151} INFO - [2023-09-01T13:07:19.877+0900] {dag.py:2929} INFO - Creating ORM DAG for tutorial_taskflow_api
[2023-09-01T13:07:19.877+0900] {logging_mixin.py:151} INFO - [2023-09-01T13:07:19.877+0900] {dag.py:3677} INFO - Setting next_dagrun for tutorial_taskflow_api to None, run_after=None
[2023-09-01T13:07:19.886+0900] {processor.py:179} INFO - Processing /usr/local/lib/python3.8/dist-packages/airflow/example_dags/tutorial_taskflow_api.py took 0.156 seconds
[2023-09-01T13:08:10.791+0900] {processor.py:157} INFO - Started process (PID=2341) to work on /usr/local/lib/python3.8/dist-packages/airflow/example_dags/tutorial_taskflow_api.py
[2023-09-01T13:08:10.793+0900] {processor.py:829} INFO - Processing file /usr/local/lib/python3.8/dist-packages/airflow/example_dags/tutorial_taskflow_api.py for tasks to queue
[2023-09-01T13:08:10.794+0900] {logging_mixin.py:151} INFO - [2023-09-01T13:08:10.793+0900] {dagbag.py:539} INFO - Filling up the DagBag from /usr/local/lib/python3.8/dist-packages/airflow/example_dags/tutorial_taskflow_api.py
[2023-09-01T13:08:10.803+0900] {processor.py:839} INFO - DAG(s) dict_keys(['tutorial_taskflow_api']) retrieved from /usr/local/lib/python3.8/dist-packages/airflow/example_dags/tutorial_taskflow_api.py
[2023-09-01T13:08:10.818+0900] {logging_mixin.py:151} INFO - [2023-09-01T13:08:10.818+0900] {dag.py:2907} INFO - Sync 1 DAGs
[2023-09-01T13:08:10.827+0900] {logging_mixin.py:151} INFO - [2023-09-01T13:08:10.827+0900] {dag.py:3677} INFO - Setting next_dagrun for tutorial_taskflow_api to None, run_after=None
[2023-09-01T13:08:10.838+0900] {processor.py:179} INFO - Processing /usr/local/lib/python3.8/dist-packages/airflow/example_dags/tutorial_taskflow_api.py took 0.052 seconds
[2023-09-01T13:08:48.740+0900] {processor.py:157} INFO - Started process (PID=3862) to work on /usr/local/lib/python3.8/dist-packages/airflow/example_dags/tutorial_taskflow_api.py
[2023-09-01T13:08:48.742+0900] {processor.py:829} INFO - Processing file /usr/local/lib/python3.8/dist-packages/airflow/example_dags/tutorial_taskflow_api.py for tasks to queue
[2023-09-01T13:08:48.743+0900] {logging_mixin.py:151} INFO - [2023-09-01T13:08:48.742+0900] {dagbag.py:539} INFO - Filling up the DagBag from /usr/local/lib/python3.8/dist-packages/airflow/example_dags/tutorial_taskflow_api.py
[2023-09-01T13:08:48.753+0900] {processor.py:839} INFO - DAG(s) dict_keys(['tutorial_taskflow_api']) retrieved from /usr/local/lib/python3.8/dist-packages/airflow/example_dags/tutorial_taskflow_api.py
[2023-09-01T13:08:48.772+0900] {logging_mixin.py:151} INFO - [2023-09-01T13:08:48.771+0900] {dag.py:2907} INFO - Sync 1 DAGs
[2023-09-01T13:08:48.781+0900] {logging_mixin.py:151} INFO - [2023-09-01T13:08:48.780+0900] {dag.py:3677} INFO - Setting next_dagrun for tutorial_taskflow_api to None, run_after=None
[2023-09-01T13:08:48.793+0900] {processor.py:179} INFO - Processing /usr/local/lib/python3.8/dist-packages/airflow/example_dags/tutorial_taskflow_api.py took 0.057 seconds
[2023-09-01T13:09:27.050+0900] {processor.py:157} INFO - Started process (PID=4304) to work on /usr/local/lib/python3.8/dist-packages/airflow/example_dags/tutorial_taskflow_api.py
[2023-09-01T13:09:27.051+0900] {processor.py:829} INFO - Processing file /usr/local/lib/python3.8/dist-packages/airflow/example_dags/tutorial_taskflow_api.py for tasks to queue
[2023-09-01T13:09:27.051+0900] {logging_mixin.py:151} INFO - [2023-09-01T13:09:27.051+0900] {dagbag.py:539} INFO - Filling up the DagBag from /usr/local/lib/python3.8/dist-packages/airflow/example_dags/tutorial_taskflow_api.py
[2023-09-01T13:09:27.056+0900] {processor.py:839} INFO - DAG(s) dict_keys(['tutorial_taskflow_api']) retrieved from /usr/local/lib/python3.8/dist-packages/airflow/example_dags/tutorial_taskflow_api.py
[2023-09-01T13:09:27.065+0900] {logging_mixin.py:151} INFO - [2023-09-01T13:09:27.065+0900] {dag.py:2907} INFO - Sync 1 DAGs
[2023-09-01T13:09:27.071+0900] {logging_mixin.py:151} INFO - [2023-09-01T13:09:27.071+0900] {dag.py:3677} INFO - Setting next_dagrun for tutorial_taskflow_api to None, run_after=None
[2023-09-01T13:09:27.080+0900] {processor.py:179} INFO - Processing /usr/local/lib/python3.8/dist-packages/airflow/example_dags/tutorial_taskflow_api.py took 0.032 seconds
[2023-09-01T13:10:12.246+0900] {processor.py:157} INFO - Started process (PID=4735) to work on /usr/local/lib/python3.8/dist-packages/airflow/example_dags/tutorial_taskflow_api.py
[2023-09-01T13:10:12.247+0900] {processor.py:829} INFO - Processing file /usr/local/lib/python3.8/dist-packages/airflow/example_dags/tutorial_taskflow_api.py for tasks to queue
[2023-09-01T13:10:12.248+0900] {logging_mixin.py:151} INFO - [2023-09-01T13:10:12.248+0900] {dagbag.py:539} INFO - Filling up the DagBag from /usr/local/lib/python3.8/dist-packages/airflow/example_dags/tutorial_taskflow_api.py
[2023-09-01T13:10:12.256+0900] {processor.py:839} INFO - DAG(s) dict_keys(['tutorial_taskflow_api']) retrieved from /usr/local/lib/python3.8/dist-packages/airflow/example_dags/tutorial_taskflow_api.py
[2023-09-01T13:10:12.270+0900] {logging_mixin.py:151} INFO - [2023-09-01T13:10:12.270+0900] {dag.py:2907} INFO - Sync 1 DAGs
[2023-09-01T13:10:12.277+0900] {logging_mixin.py:151} INFO - [2023-09-01T13:10:12.276+0900] {dag.py:3677} INFO - Setting next_dagrun for tutorial_taskflow_api to None, run_after=None
[2023-09-01T13:10:12.288+0900] {processor.py:179} INFO - Processing /usr/local/lib/python3.8/dist-packages/airflow/example_dags/tutorial_taskflow_api.py took 0.047 seconds
[2023-09-01T13:10:56.927+0900] {processor.py:157} INFO - Started process (PID=5161) to work on /usr/local/lib/python3.8/dist-packages/airflow/example_dags/tutorial_taskflow_api.py
[2023-09-01T13:10:56.929+0900] {processor.py:829} INFO - Processing file /usr/local/lib/python3.8/dist-packages/airflow/example_dags/tutorial_taskflow_api.py for tasks to queue
[2023-09-01T13:10:56.930+0900] {logging_mixin.py:151} INFO - [2023-09-01T13:10:56.929+0900] {dagbag.py:539} INFO - Filling up the DagBag from /usr/local/lib/python3.8/dist-packages/airflow/example_dags/tutorial_taskflow_api.py
[2023-09-01T13:10:56.939+0900] {processor.py:839} INFO - DAG(s) dict_keys(['tutorial_taskflow_api']) retrieved from /usr/local/lib/python3.8/dist-packages/airflow/example_dags/tutorial_taskflow_api.py
[2023-09-01T13:10:56.955+0900] {logging_mixin.py:151} INFO - [2023-09-01T13:10:56.955+0900] {dag.py:2907} INFO - Sync 1 DAGs
[2023-09-01T13:10:56.963+0900] {logging_mixin.py:151} INFO - [2023-09-01T13:10:56.963+0900] {dag.py:3677} INFO - Setting next_dagrun for tutorial_taskflow_api to None, run_after=None
[2023-09-01T13:10:56.975+0900] {processor.py:179} INFO - Processing /usr/local/lib/python3.8/dist-packages/airflow/example_dags/tutorial_taskflow_api.py took 0.053 seconds
[2023-09-01T13:11:32.082+0900] {processor.py:157} INFO - Started process (PID=5530) to work on /usr/local/lib/python3.8/dist-packages/airflow/example_dags/tutorial_taskflow_api.py
[2023-09-01T13:11:32.084+0900] {processor.py:829} INFO - Processing file /usr/local/lib/python3.8/dist-packages/airflow/example_dags/tutorial_taskflow_api.py for tasks to queue
[2023-09-01T13:11:32.085+0900] {logging_mixin.py:151} INFO - [2023-09-01T13:11:32.085+0900] {dagbag.py:539} INFO - Filling up the DagBag from /usr/local/lib/python3.8/dist-packages/airflow/example_dags/tutorial_taskflow_api.py
[2023-09-01T13:11:32.096+0900] {processor.py:839} INFO - DAG(s) dict_keys(['tutorial_taskflow_api']) retrieved from /usr/local/lib/python3.8/dist-packages/airflow/example_dags/tutorial_taskflow_api.py
[2023-09-01T13:11:32.114+0900] {logging_mixin.py:151} INFO - [2023-09-01T13:11:32.114+0900] {dag.py:2907} INFO - Sync 1 DAGs
[2023-09-01T13:11:32.123+0900] {logging_mixin.py:151} INFO - [2023-09-01T13:11:32.123+0900] {dag.py:3677} INFO - Setting next_dagrun for tutorial_taskflow_api to None, run_after=None
[2023-09-01T13:11:32.136+0900] {processor.py:179} INFO - Processing /usr/local/lib/python3.8/dist-packages/airflow/example_dags/tutorial_taskflow_api.py took 0.060 seconds
[2023-09-01T13:12:45.108+0900] {processor.py:157} INFO - Started process (PID=5768) to work on /usr/local/lib/python3.8/dist-packages/airflow/example_dags/tutorial_taskflow_api.py
[2023-09-01T13:12:45.110+0900] {processor.py:829} INFO - Processing file /usr/local/lib/python3.8/dist-packages/airflow/example_dags/tutorial_taskflow_api.py for tasks to queue
[2023-09-01T13:12:45.111+0900] {logging_mixin.py:151} INFO - [2023-09-01T13:12:45.110+0900] {dagbag.py:539} INFO - Filling up the DagBag from /usr/local/lib/python3.8/dist-packages/airflow/example_dags/tutorial_taskflow_api.py
[2023-09-01T13:12:45.120+0900] {processor.py:839} INFO - DAG(s) dict_keys(['tutorial_taskflow_api']) retrieved from /usr/local/lib/python3.8/dist-packages/airflow/example_dags/tutorial_taskflow_api.py
[2023-09-01T13:12:45.137+0900] {logging_mixin.py:151} INFO - [2023-09-01T13:12:45.137+0900] {dag.py:2907} INFO - Sync 1 DAGs
[2023-09-01T13:12:45.145+0900] {logging_mixin.py:151} INFO - [2023-09-01T13:12:45.145+0900] {dag.py:3677} INFO - Setting next_dagrun for tutorial_taskflow_api to None, run_after=None
[2023-09-01T13:12:45.158+0900] {processor.py:179} INFO - Processing /usr/local/lib/python3.8/dist-packages/airflow/example_dags/tutorial_taskflow_api.py took 0.055 seconds
[2023-09-01T13:13:23.803+0900] {processor.py:157} INFO - Started process (PID=6176) to work on /usr/local/lib/python3.8/dist-packages/airflow/example_dags/tutorial_taskflow_api.py
[2023-09-01T13:13:23.804+0900] {processor.py:829} INFO - Processing file /usr/local/lib/python3.8/dist-packages/airflow/example_dags/tutorial_taskflow_api.py for tasks to queue
[2023-09-01T13:13:23.806+0900] {logging_mixin.py:151} INFO - [2023-09-01T13:13:23.805+0900] {dagbag.py:539} INFO - Filling up the DagBag from /usr/local/lib/python3.8/dist-packages/airflow/example_dags/tutorial_taskflow_api.py
[2023-09-01T13:13:23.815+0900] {processor.py:839} INFO - DAG(s) dict_keys(['tutorial_taskflow_api']) retrieved from /usr/local/lib/python3.8/dist-packages/airflow/example_dags/tutorial_taskflow_api.py
[2023-09-01T13:13:23.830+0900] {logging_mixin.py:151} INFO - [2023-09-01T13:13:23.830+0900] {dag.py:2907} INFO - Sync 1 DAGs
[2023-09-01T13:13:23.838+0900] {logging_mixin.py:151} INFO - [2023-09-01T13:13:23.838+0900] {dag.py:3677} INFO - Setting next_dagrun for tutorial_taskflow_api to None, run_after=None
[2023-09-01T13:13:23.851+0900] {processor.py:179} INFO - Processing /usr/local/lib/python3.8/dist-packages/airflow/example_dags/tutorial_taskflow_api.py took 0.053 seconds
[2023-09-01T13:14:05.560+0900] {processor.py:157} INFO - Started process (PID=6569) to work on /usr/local/lib/python3.8/dist-packages/airflow/example_dags/tutorial_taskflow_api.py
[2023-09-01T13:14:05.560+0900] {processor.py:829} INFO - Processing file /usr/local/lib/python3.8/dist-packages/airflow/example_dags/tutorial_taskflow_api.py for tasks to queue
[2023-09-01T13:14:05.561+0900] {logging_mixin.py:151} INFO - [2023-09-01T13:14:05.561+0900] {dagbag.py:539} INFO - Filling up the DagBag from /usr/local/lib/python3.8/dist-packages/airflow/example_dags/tutorial_taskflow_api.py
[2023-09-01T13:14:05.567+0900] {processor.py:839} INFO - DAG(s) dict_keys(['tutorial_taskflow_api']) retrieved from /usr/local/lib/python3.8/dist-packages/airflow/example_dags/tutorial_taskflow_api.py
[2023-09-01T13:14:05.577+0900] {logging_mixin.py:151} INFO - [2023-09-01T13:14:05.577+0900] {dag.py:2907} INFO - Sync 1 DAGs
[2023-09-01T13:14:05.583+0900] {logging_mixin.py:151} INFO - [2023-09-01T13:14:05.583+0900] {dag.py:3677} INFO - Setting next_dagrun for tutorial_taskflow_api to None, run_after=None
[2023-09-01T13:14:05.605+0900] {processor.py:179} INFO - Processing /usr/local/lib/python3.8/dist-packages/airflow/example_dags/tutorial_taskflow_api.py took 0.049 seconds
[2023-09-01T13:14:48.886+0900] {processor.py:157} INFO - Started process (PID=7481) to work on /usr/local/lib/python3.8/dist-packages/airflow/example_dags/tutorial_taskflow_api.py
[2023-09-01T13:14:48.887+0900] {processor.py:829} INFO - Processing file /usr/local/lib/python3.8/dist-packages/airflow/example_dags/tutorial_taskflow_api.py for tasks to queue
[2023-09-01T13:14:48.888+0900] {logging_mixin.py:151} INFO - [2023-09-01T13:14:48.888+0900] {dagbag.py:539} INFO - Filling up the DagBag from /usr/local/lib/python3.8/dist-packages/airflow/example_dags/tutorial_taskflow_api.py
[2023-09-01T13:14:48.895+0900] {processor.py:839} INFO - DAG(s) dict_keys(['tutorial_taskflow_api']) retrieved from /usr/local/lib/python3.8/dist-packages/airflow/example_dags/tutorial_taskflow_api.py
[2023-09-01T13:14:48.911+0900] {logging_mixin.py:151} INFO - [2023-09-01T13:14:48.910+0900] {dag.py:2907} INFO - Sync 1 DAGs
[2023-09-01T13:14:48.920+0900] {logging_mixin.py:151} INFO - [2023-09-01T13:14:48.920+0900] {dag.py:3677} INFO - Setting next_dagrun for tutorial_taskflow_api to None, run_after=None
[2023-09-01T13:14:48.935+0900] {processor.py:179} INFO - Processing /usr/local/lib/python3.8/dist-packages/airflow/example_dags/tutorial_taskflow_api.py took 0.051 seconds
[2023-09-01T13:15:32.674+0900] {processor.py:157} INFO - Started process (PID=8037) to work on /usr/local/lib/python3.8/dist-packages/airflow/example_dags/tutorial_taskflow_api.py
[2023-09-01T13:15:32.675+0900] {processor.py:829} INFO - Processing file /usr/local/lib/python3.8/dist-packages/airflow/example_dags/tutorial_taskflow_api.py for tasks to queue
[2023-09-01T13:15:32.676+0900] {logging_mixin.py:151} INFO - [2023-09-01T13:15:32.675+0900] {dagbag.py:539} INFO - Filling up the DagBag from /usr/local/lib/python3.8/dist-packages/airflow/example_dags/tutorial_taskflow_api.py
[2023-09-01T13:15:32.682+0900] {processor.py:839} INFO - DAG(s) dict_keys(['tutorial_taskflow_api']) retrieved from /usr/local/lib/python3.8/dist-packages/airflow/example_dags/tutorial_taskflow_api.py
[2023-09-01T13:15:32.697+0900] {logging_mixin.py:151} INFO - [2023-09-01T13:15:32.697+0900] {dag.py:2907} INFO - Sync 1 DAGs
[2023-09-01T13:15:32.706+0900] {logging_mixin.py:151} INFO - [2023-09-01T13:15:32.706+0900] {dag.py:3677} INFO - Setting next_dagrun for tutorial_taskflow_api to None, run_after=None
[2023-09-01T13:15:32.720+0900] {processor.py:179} INFO - Processing /usr/local/lib/python3.8/dist-packages/airflow/example_dags/tutorial_taskflow_api.py took 0.049 seconds
[2023-09-01T13:16:17.933+0900] {processor.py:157} INFO - Started process (PID=8478) to work on /usr/local/lib/python3.8/dist-packages/airflow/example_dags/tutorial_taskflow_api.py
[2023-09-01T13:16:17.934+0900] {processor.py:829} INFO - Processing file /usr/local/lib/python3.8/dist-packages/airflow/example_dags/tutorial_taskflow_api.py for tasks to queue
[2023-09-01T13:16:17.936+0900] {logging_mixin.py:151} INFO - [2023-09-01T13:16:17.935+0900] {dagbag.py:539} INFO - Filling up the DagBag from /usr/local/lib/python3.8/dist-packages/airflow/example_dags/tutorial_taskflow_api.py
[2023-09-01T13:16:17.945+0900] {processor.py:839} INFO - DAG(s) dict_keys(['tutorial_taskflow_api']) retrieved from /usr/local/lib/python3.8/dist-packages/airflow/example_dags/tutorial_taskflow_api.py
[2023-09-01T13:16:17.960+0900] {logging_mixin.py:151} INFO - [2023-09-01T13:16:17.960+0900] {dag.py:2907} INFO - Sync 1 DAGs
[2023-09-01T13:16:17.968+0900] {logging_mixin.py:151} INFO - [2023-09-01T13:16:17.968+0900] {dag.py:3677} INFO - Setting next_dagrun for tutorial_taskflow_api to None, run_after=None
[2023-09-01T13:16:17.980+0900] {processor.py:179} INFO - Processing /usr/local/lib/python3.8/dist-packages/airflow/example_dags/tutorial_taskflow_api.py took 0.052 seconds
[2023-09-01T13:17:00.432+0900] {processor.py:157} INFO - Started process (PID=8877) to work on /usr/local/lib/python3.8/dist-packages/airflow/example_dags/tutorial_taskflow_api.py
[2023-09-01T13:17:00.434+0900] {processor.py:829} INFO - Processing file /usr/local/lib/python3.8/dist-packages/airflow/example_dags/tutorial_taskflow_api.py for tasks to queue
[2023-09-01T13:17:00.436+0900] {logging_mixin.py:151} INFO - [2023-09-01T13:17:00.435+0900] {dagbag.py:539} INFO - Filling up the DagBag from /usr/local/lib/python3.8/dist-packages/airflow/example_dags/tutorial_taskflow_api.py
[2023-09-01T13:17:00.444+0900] {processor.py:839} INFO - DAG(s) dict_keys(['tutorial_taskflow_api']) retrieved from /usr/local/lib/python3.8/dist-packages/airflow/example_dags/tutorial_taskflow_api.py
[2023-09-01T13:17:00.461+0900] {logging_mixin.py:151} INFO - [2023-09-01T13:17:00.461+0900] {dag.py:2907} INFO - Sync 1 DAGs
[2023-09-01T13:17:00.469+0900] {logging_mixin.py:151} INFO - [2023-09-01T13:17:00.469+0900] {dag.py:3677} INFO - Setting next_dagrun for tutorial_taskflow_api to None, run_after=None
[2023-09-01T13:17:00.481+0900] {processor.py:179} INFO - Processing /usr/local/lib/python3.8/dist-packages/airflow/example_dags/tutorial_taskflow_api.py took 0.055 seconds
[2023-09-01T13:17:33.624+0900] {processor.py:157} INFO - Started process (PID=9201) to work on /usr/local/lib/python3.8/dist-packages/airflow/example_dags/tutorial_taskflow_api.py
[2023-09-01T13:17:33.625+0900] {processor.py:829} INFO - Processing file /usr/local/lib/python3.8/dist-packages/airflow/example_dags/tutorial_taskflow_api.py for tasks to queue
[2023-09-01T13:17:33.626+0900] {logging_mixin.py:151} INFO - [2023-09-01T13:17:33.625+0900] {dagbag.py:539} INFO - Filling up the DagBag from /usr/local/lib/python3.8/dist-packages/airflow/example_dags/tutorial_taskflow_api.py
[2023-09-01T13:17:33.635+0900] {processor.py:839} INFO - DAG(s) dict_keys(['tutorial_taskflow_api']) retrieved from /usr/local/lib/python3.8/dist-packages/airflow/example_dags/tutorial_taskflow_api.py
[2023-09-01T13:17:33.652+0900] {logging_mixin.py:151} INFO - [2023-09-01T13:17:33.652+0900] {dag.py:2907} INFO - Sync 1 DAGs
[2023-09-01T13:17:33.660+0900] {logging_mixin.py:151} INFO - [2023-09-01T13:17:33.659+0900] {dag.py:3677} INFO - Setting next_dagrun for tutorial_taskflow_api to None, run_after=None
[2023-09-01T13:17:33.673+0900] {processor.py:179} INFO - Processing /usr/local/lib/python3.8/dist-packages/airflow/example_dags/tutorial_taskflow_api.py took 0.054 seconds
[2023-09-01T13:18:06.137+0900] {processor.py:157} INFO - Started process (PID=9529) to work on /usr/local/lib/python3.8/dist-packages/airflow/example_dags/tutorial_taskflow_api.py
[2023-09-01T13:18:06.140+0900] {processor.py:829} INFO - Processing file /usr/local/lib/python3.8/dist-packages/airflow/example_dags/tutorial_taskflow_api.py for tasks to queue
[2023-09-01T13:18:06.142+0900] {logging_mixin.py:151} INFO - [2023-09-01T13:18:06.141+0900] {dagbag.py:539} INFO - Filling up the DagBag from /usr/local/lib/python3.8/dist-packages/airflow/example_dags/tutorial_taskflow_api.py
[2023-09-01T13:18:06.154+0900] {processor.py:839} INFO - DAG(s) dict_keys(['tutorial_taskflow_api']) retrieved from /usr/local/lib/python3.8/dist-packages/airflow/example_dags/tutorial_taskflow_api.py
[2023-09-01T13:18:06.171+0900] {logging_mixin.py:151} INFO - [2023-09-01T13:18:06.171+0900] {dag.py:2907} INFO - Sync 1 DAGs
[2023-09-01T13:18:06.178+0900] {logging_mixin.py:151} INFO - [2023-09-01T13:18:06.178+0900] {dag.py:3677} INFO - Setting next_dagrun for tutorial_taskflow_api to None, run_after=None
[2023-09-01T13:18:06.190+0900] {processor.py:179} INFO - Processing /usr/local/lib/python3.8/dist-packages/airflow/example_dags/tutorial_taskflow_api.py took 0.060 seconds
[2023-09-01T13:18:48.982+0900] {processor.py:157} INFO - Started process (PID=9976) to work on /usr/local/lib/python3.8/dist-packages/airflow/example_dags/tutorial_taskflow_api.py
[2023-09-01T13:18:48.984+0900] {processor.py:829} INFO - Processing file /usr/local/lib/python3.8/dist-packages/airflow/example_dags/tutorial_taskflow_api.py for tasks to queue
[2023-09-01T13:18:48.986+0900] {logging_mixin.py:151} INFO - [2023-09-01T13:18:48.985+0900] {dagbag.py:539} INFO - Filling up the DagBag from /usr/local/lib/python3.8/dist-packages/airflow/example_dags/tutorial_taskflow_api.py
[2023-09-01T13:18:48.995+0900] {processor.py:839} INFO - DAG(s) dict_keys(['tutorial_taskflow_api']) retrieved from /usr/local/lib/python3.8/dist-packages/airflow/example_dags/tutorial_taskflow_api.py
[2023-09-01T13:18:49.010+0900] {logging_mixin.py:151} INFO - [2023-09-01T13:18:49.010+0900] {dag.py:2907} INFO - Sync 1 DAGs
[2023-09-01T13:18:49.018+0900] {logging_mixin.py:151} INFO - [2023-09-01T13:18:49.018+0900] {dag.py:3677} INFO - Setting next_dagrun for tutorial_taskflow_api to None, run_after=None
[2023-09-01T13:18:49.028+0900] {processor.py:179} INFO - Processing /usr/local/lib/python3.8/dist-packages/airflow/example_dags/tutorial_taskflow_api.py took 0.053 seconds
[2023-09-01T13:19:35.141+0900] {processor.py:157} INFO - Started process (PID=10428) to work on /usr/local/lib/python3.8/dist-packages/airflow/example_dags/tutorial_taskflow_api.py
[2023-09-01T13:19:35.142+0900] {processor.py:829} INFO - Processing file /usr/local/lib/python3.8/dist-packages/airflow/example_dags/tutorial_taskflow_api.py for tasks to queue
[2023-09-01T13:19:35.144+0900] {logging_mixin.py:151} INFO - [2023-09-01T13:19:35.143+0900] {dagbag.py:539} INFO - Filling up the DagBag from /usr/local/lib/python3.8/dist-packages/airflow/example_dags/tutorial_taskflow_api.py
[2023-09-01T13:19:35.153+0900] {processor.py:839} INFO - DAG(s) dict_keys(['tutorial_taskflow_api']) retrieved from /usr/local/lib/python3.8/dist-packages/airflow/example_dags/tutorial_taskflow_api.py
[2023-09-01T13:19:35.169+0900] {logging_mixin.py:151} INFO - [2023-09-01T13:19:35.169+0900] {dag.py:2907} INFO - Sync 1 DAGs
[2023-09-01T13:19:35.178+0900] {logging_mixin.py:151} INFO - [2023-09-01T13:19:35.177+0900] {dag.py:3677} INFO - Setting next_dagrun for tutorial_taskflow_api to None, run_after=None
[2023-09-01T13:19:35.190+0900] {processor.py:179} INFO - Processing /usr/local/lib/python3.8/dist-packages/airflow/example_dags/tutorial_taskflow_api.py took 0.054 seconds
[2023-09-01T13:20:17.118+0900] {processor.py:157} INFO - Started process (PID=10832) to work on /usr/local/lib/python3.8/dist-packages/airflow/example_dags/tutorial_taskflow_api.py
[2023-09-01T13:20:17.119+0900] {processor.py:829} INFO - Processing file /usr/local/lib/python3.8/dist-packages/airflow/example_dags/tutorial_taskflow_api.py for tasks to queue
[2023-09-01T13:20:17.121+0900] {logging_mixin.py:151} INFO - [2023-09-01T13:20:17.120+0900] {dagbag.py:539} INFO - Filling up the DagBag from /usr/local/lib/python3.8/dist-packages/airflow/example_dags/tutorial_taskflow_api.py
[2023-09-01T13:20:17.129+0900] {processor.py:839} INFO - DAG(s) dict_keys(['tutorial_taskflow_api']) retrieved from /usr/local/lib/python3.8/dist-packages/airflow/example_dags/tutorial_taskflow_api.py
[2023-09-01T13:20:17.145+0900] {logging_mixin.py:151} INFO - [2023-09-01T13:20:17.145+0900] {dag.py:2907} INFO - Sync 1 DAGs
[2023-09-01T13:20:17.154+0900] {logging_mixin.py:151} INFO - [2023-09-01T13:20:17.154+0900] {dag.py:3677} INFO - Setting next_dagrun for tutorial_taskflow_api to None, run_after=None
[2023-09-01T13:20:17.165+0900] {processor.py:179} INFO - Processing /usr/local/lib/python3.8/dist-packages/airflow/example_dags/tutorial_taskflow_api.py took 0.052 seconds
[2023-09-01T13:21:04.862+0900] {processor.py:157} INFO - Started process (PID=11314) to work on /usr/local/lib/python3.8/dist-packages/airflow/example_dags/tutorial_taskflow_api.py
[2023-09-01T13:21:04.863+0900] {processor.py:829} INFO - Processing file /usr/local/lib/python3.8/dist-packages/airflow/example_dags/tutorial_taskflow_api.py for tasks to queue
[2023-09-01T13:21:04.865+0900] {logging_mixin.py:151} INFO - [2023-09-01T13:21:04.864+0900] {dagbag.py:539} INFO - Filling up the DagBag from /usr/local/lib/python3.8/dist-packages/airflow/example_dags/tutorial_taskflow_api.py
[2023-09-01T13:21:04.872+0900] {processor.py:839} INFO - DAG(s) dict_keys(['tutorial_taskflow_api']) retrieved from /usr/local/lib/python3.8/dist-packages/airflow/example_dags/tutorial_taskflow_api.py
[2023-09-01T13:21:04.887+0900] {logging_mixin.py:151} INFO - [2023-09-01T13:21:04.887+0900] {dag.py:2907} INFO - Sync 1 DAGs
[2023-09-01T13:21:04.894+0900] {logging_mixin.py:151} INFO - [2023-09-01T13:21:04.894+0900] {dag.py:3677} INFO - Setting next_dagrun for tutorial_taskflow_api to None, run_after=None
[2023-09-01T13:21:04.908+0900] {processor.py:179} INFO - Processing /usr/local/lib/python3.8/dist-packages/airflow/example_dags/tutorial_taskflow_api.py took 0.050 seconds
[2023-09-01T13:21:51.888+0900] {processor.py:157} INFO - Started process (PID=11692) to work on /usr/local/lib/python3.8/dist-packages/airflow/example_dags/tutorial_taskflow_api.py
[2023-09-01T13:21:51.890+0900] {processor.py:829} INFO - Processing file /usr/local/lib/python3.8/dist-packages/airflow/example_dags/tutorial_taskflow_api.py for tasks to queue
[2023-09-01T13:21:51.892+0900] {logging_mixin.py:151} INFO - [2023-09-01T13:21:51.891+0900] {dagbag.py:539} INFO - Filling up the DagBag from /usr/local/lib/python3.8/dist-packages/airflow/example_dags/tutorial_taskflow_api.py
[2023-09-01T13:21:51.902+0900] {processor.py:839} INFO - DAG(s) dict_keys(['tutorial_taskflow_api']) retrieved from /usr/local/lib/python3.8/dist-packages/airflow/example_dags/tutorial_taskflow_api.py
[2023-09-01T13:21:51.922+0900] {logging_mixin.py:151} INFO - [2023-09-01T13:21:51.921+0900] {dag.py:2907} INFO - Sync 1 DAGs
[2023-09-01T13:21:51.931+0900] {logging_mixin.py:151} INFO - [2023-09-01T13:21:51.931+0900] {dag.py:3677} INFO - Setting next_dagrun for tutorial_taskflow_api to None, run_after=None
[2023-09-01T13:21:51.943+0900] {processor.py:179} INFO - Processing /usr/local/lib/python3.8/dist-packages/airflow/example_dags/tutorial_taskflow_api.py took 0.062 seconds
[2023-09-01T13:22:35.591+0900] {processor.py:157} INFO - Started process (PID=12121) to work on /usr/local/lib/python3.8/dist-packages/airflow/example_dags/tutorial_taskflow_api.py
[2023-09-01T13:22:35.591+0900] {processor.py:829} INFO - Processing file /usr/local/lib/python3.8/dist-packages/airflow/example_dags/tutorial_taskflow_api.py for tasks to queue
[2023-09-01T13:22:35.592+0900] {logging_mixin.py:151} INFO - [2023-09-01T13:22:35.592+0900] {dagbag.py:539} INFO - Filling up the DagBag from /usr/local/lib/python3.8/dist-packages/airflow/example_dags/tutorial_taskflow_api.py
[2023-09-01T13:22:35.595+0900] {processor.py:839} INFO - DAG(s) dict_keys(['tutorial_taskflow_api']) retrieved from /usr/local/lib/python3.8/dist-packages/airflow/example_dags/tutorial_taskflow_api.py
[2023-09-01T13:22:35.605+0900] {logging_mixin.py:151} INFO - [2023-09-01T13:22:35.605+0900] {dag.py:2907} INFO - Sync 1 DAGs
[2023-09-01T13:22:35.611+0900] {logging_mixin.py:151} INFO - [2023-09-01T13:22:35.611+0900] {dag.py:3677} INFO - Setting next_dagrun for tutorial_taskflow_api to None, run_after=None
[2023-09-01T13:22:35.620+0900] {processor.py:179} INFO - Processing /usr/local/lib/python3.8/dist-packages/airflow/example_dags/tutorial_taskflow_api.py took 0.031 seconds
[2023-09-01T13:23:18.776+0900] {processor.py:157} INFO - Started process (PID=12532) to work on /usr/local/lib/python3.8/dist-packages/airflow/example_dags/tutorial_taskflow_api.py
[2023-09-01T13:23:18.777+0900] {processor.py:829} INFO - Processing file /usr/local/lib/python3.8/dist-packages/airflow/example_dags/tutorial_taskflow_api.py for tasks to queue
[2023-09-01T13:23:18.777+0900] {logging_mixin.py:151} INFO - [2023-09-01T13:23:18.777+0900] {dagbag.py:539} INFO - Filling up the DagBag from /usr/local/lib/python3.8/dist-packages/airflow/example_dags/tutorial_taskflow_api.py
[2023-09-01T13:23:18.781+0900] {processor.py:839} INFO - DAG(s) dict_keys(['tutorial_taskflow_api']) retrieved from /usr/local/lib/python3.8/dist-packages/airflow/example_dags/tutorial_taskflow_api.py
[2023-09-01T13:23:18.788+0900] {logging_mixin.py:151} INFO - [2023-09-01T13:23:18.788+0900] {dag.py:2907} INFO - Sync 1 DAGs
[2023-09-01T13:23:18.793+0900] {logging_mixin.py:151} INFO - [2023-09-01T13:23:18.793+0900] {dag.py:3677} INFO - Setting next_dagrun for tutorial_taskflow_api to None, run_after=None
[2023-09-01T13:23:18.803+0900] {processor.py:179} INFO - Processing /usr/local/lib/python3.8/dist-packages/airflow/example_dags/tutorial_taskflow_api.py took 0.028 seconds
[2023-09-01T13:23:59.879+0900] {processor.py:157} INFO - Started process (PID=12957) to work on /usr/local/lib/python3.8/dist-packages/airflow/example_dags/tutorial_taskflow_api.py
[2023-09-01T13:23:59.881+0900] {processor.py:829} INFO - Processing file /usr/local/lib/python3.8/dist-packages/airflow/example_dags/tutorial_taskflow_api.py for tasks to queue
[2023-09-01T13:23:59.883+0900] {logging_mixin.py:151} INFO - [2023-09-01T13:23:59.881+0900] {dagbag.py:539} INFO - Filling up the DagBag from /usr/local/lib/python3.8/dist-packages/airflow/example_dags/tutorial_taskflow_api.py
[2023-09-01T13:23:59.891+0900] {processor.py:839} INFO - DAG(s) dict_keys(['tutorial_taskflow_api']) retrieved from /usr/local/lib/python3.8/dist-packages/airflow/example_dags/tutorial_taskflow_api.py
[2023-09-01T13:23:59.908+0900] {logging_mixin.py:151} INFO - [2023-09-01T13:23:59.908+0900] {dag.py:2907} INFO - Sync 1 DAGs
[2023-09-01T13:23:59.916+0900] {logging_mixin.py:151} INFO - [2023-09-01T13:23:59.916+0900] {dag.py:3677} INFO - Setting next_dagrun for tutorial_taskflow_api to None, run_after=None
[2023-09-01T13:23:59.928+0900] {processor.py:179} INFO - Processing /usr/local/lib/python3.8/dist-packages/airflow/example_dags/tutorial_taskflow_api.py took 0.054 seconds
[2023-09-01T13:24:32.712+0900] {processor.py:157} INFO - Started process (PID=13279) to work on /usr/local/lib/python3.8/dist-packages/airflow/example_dags/tutorial_taskflow_api.py
[2023-09-01T13:24:32.712+0900] {processor.py:829} INFO - Processing file /usr/local/lib/python3.8/dist-packages/airflow/example_dags/tutorial_taskflow_api.py for tasks to queue
[2023-09-01T13:24:32.714+0900] {logging_mixin.py:151} INFO - [2023-09-01T13:24:32.713+0900] {dagbag.py:539} INFO - Filling up the DagBag from /usr/local/lib/python3.8/dist-packages/airflow/example_dags/tutorial_taskflow_api.py
[2023-09-01T13:24:32.720+0900] {processor.py:839} INFO - DAG(s) dict_keys(['tutorial_taskflow_api']) retrieved from /usr/local/lib/python3.8/dist-packages/airflow/example_dags/tutorial_taskflow_api.py
[2023-09-01T13:24:32.737+0900] {logging_mixin.py:151} INFO - [2023-09-01T13:24:32.737+0900] {dag.py:2907} INFO - Sync 1 DAGs
[2023-09-01T13:24:32.746+0900] {logging_mixin.py:151} INFO - [2023-09-01T13:24:32.746+0900] {dag.py:3677} INFO - Setting next_dagrun for tutorial_taskflow_api to None, run_after=None
[2023-09-01T13:24:32.759+0900] {processor.py:179} INFO - Processing /usr/local/lib/python3.8/dist-packages/airflow/example_dags/tutorial_taskflow_api.py took 0.053 seconds
[2023-09-01T13:25:47.858+0900] {processor.py:157} INFO - Started process (PID=14281) to work on /usr/local/lib/python3.8/dist-packages/airflow/example_dags/tutorial_taskflow_api.py
[2023-09-01T13:25:47.860+0900] {processor.py:829} INFO - Processing file /usr/local/lib/python3.8/dist-packages/airflow/example_dags/tutorial_taskflow_api.py for tasks to queue
[2023-09-01T13:25:47.861+0900] {logging_mixin.py:151} INFO - [2023-09-01T13:25:47.860+0900] {dagbag.py:539} INFO - Filling up the DagBag from /usr/local/lib/python3.8/dist-packages/airflow/example_dags/tutorial_taskflow_api.py
[2023-09-01T13:25:47.870+0900] {processor.py:839} INFO - DAG(s) dict_keys(['tutorial_taskflow_api']) retrieved from /usr/local/lib/python3.8/dist-packages/airflow/example_dags/tutorial_taskflow_api.py
[2023-09-01T13:25:47.888+0900] {logging_mixin.py:151} INFO - [2023-09-01T13:25:47.888+0900] {dag.py:2907} INFO - Sync 1 DAGs
[2023-09-01T13:25:47.896+0900] {logging_mixin.py:151} INFO - [2023-09-01T13:25:47.896+0900] {dag.py:3677} INFO - Setting next_dagrun for tutorial_taskflow_api to None, run_after=None
[2023-09-01T13:25:47.910+0900] {processor.py:179} INFO - Processing /usr/local/lib/python3.8/dist-packages/airflow/example_dags/tutorial_taskflow_api.py took 0.058 seconds
[2023-09-01T13:26:30.170+0900] {processor.py:157} INFO - Started process (PID=14718) to work on /usr/local/lib/python3.8/dist-packages/airflow/example_dags/tutorial_taskflow_api.py
[2023-09-01T13:26:30.172+0900] {processor.py:829} INFO - Processing file /usr/local/lib/python3.8/dist-packages/airflow/example_dags/tutorial_taskflow_api.py for tasks to queue
[2023-09-01T13:26:30.173+0900] {logging_mixin.py:151} INFO - [2023-09-01T13:26:30.172+0900] {dagbag.py:539} INFO - Filling up the DagBag from /usr/local/lib/python3.8/dist-packages/airflow/example_dags/tutorial_taskflow_api.py
[2023-09-01T13:26:30.181+0900] {processor.py:839} INFO - DAG(s) dict_keys(['tutorial_taskflow_api']) retrieved from /usr/local/lib/python3.8/dist-packages/airflow/example_dags/tutorial_taskflow_api.py
[2023-09-01T13:26:30.196+0900] {logging_mixin.py:151} INFO - [2023-09-01T13:26:30.196+0900] {dag.py:2907} INFO - Sync 1 DAGs
[2023-09-01T13:26:30.204+0900] {logging_mixin.py:151} INFO - [2023-09-01T13:26:30.204+0900] {dag.py:3677} INFO - Setting next_dagrun for tutorial_taskflow_api to None, run_after=None
[2023-09-01T13:26:30.215+0900] {processor.py:179} INFO - Processing /usr/local/lib/python3.8/dist-packages/airflow/example_dags/tutorial_taskflow_api.py took 0.050 seconds
[2023-09-01T13:27:13.688+0900] {processor.py:157} INFO - Started process (PID=15143) to work on /usr/local/lib/python3.8/dist-packages/airflow/example_dags/tutorial_taskflow_api.py
[2023-09-01T13:27:13.690+0900] {processor.py:829} INFO - Processing file /usr/local/lib/python3.8/dist-packages/airflow/example_dags/tutorial_taskflow_api.py for tasks to queue
[2023-09-01T13:27:13.692+0900] {logging_mixin.py:151} INFO - [2023-09-01T13:27:13.691+0900] {dagbag.py:539} INFO - Filling up the DagBag from /usr/local/lib/python3.8/dist-packages/airflow/example_dags/tutorial_taskflow_api.py
[2023-09-01T13:27:13.702+0900] {processor.py:839} INFO - DAG(s) dict_keys(['tutorial_taskflow_api']) retrieved from /usr/local/lib/python3.8/dist-packages/airflow/example_dags/tutorial_taskflow_api.py
[2023-09-01T13:27:13.718+0900] {logging_mixin.py:151} INFO - [2023-09-01T13:27:13.718+0900] {dag.py:2907} INFO - Sync 1 DAGs
[2023-09-01T13:27:13.726+0900] {logging_mixin.py:151} INFO - [2023-09-01T13:27:13.725+0900] {dag.py:3677} INFO - Setting next_dagrun for tutorial_taskflow_api to None, run_after=None
[2023-09-01T13:27:13.738+0900] {processor.py:179} INFO - Processing /usr/local/lib/python3.8/dist-packages/airflow/example_dags/tutorial_taskflow_api.py took 0.055 seconds
[2023-09-01T13:27:58.870+0900] {processor.py:157} INFO - Started process (PID=15580) to work on /usr/local/lib/python3.8/dist-packages/airflow/example_dags/tutorial_taskflow_api.py
[2023-09-01T13:27:58.873+0900] {processor.py:829} INFO - Processing file /usr/local/lib/python3.8/dist-packages/airflow/example_dags/tutorial_taskflow_api.py for tasks to queue
[2023-09-01T13:27:58.874+0900] {logging_mixin.py:151} INFO - [2023-09-01T13:27:58.873+0900] {dagbag.py:539} INFO - Filling up the DagBag from /usr/local/lib/python3.8/dist-packages/airflow/example_dags/tutorial_taskflow_api.py
[2023-09-01T13:27:58.882+0900] {processor.py:839} INFO - DAG(s) dict_keys(['tutorial_taskflow_api']) retrieved from /usr/local/lib/python3.8/dist-packages/airflow/example_dags/tutorial_taskflow_api.py
[2023-09-01T13:27:58.896+0900] {logging_mixin.py:151} INFO - [2023-09-01T13:27:58.896+0900] {dag.py:2907} INFO - Sync 1 DAGs
[2023-09-01T13:27:58.904+0900] {logging_mixin.py:151} INFO - [2023-09-01T13:27:58.904+0900] {dag.py:3677} INFO - Setting next_dagrun for tutorial_taskflow_api to None, run_after=None
[2023-09-01T13:27:58.915+0900] {processor.py:179} INFO - Processing /usr/local/lib/python3.8/dist-packages/airflow/example_dags/tutorial_taskflow_api.py took 0.049 seconds
[2023-09-01T13:28:45.243+0900] {processor.py:157} INFO - Started process (PID=16027) to work on /usr/local/lib/python3.8/dist-packages/airflow/example_dags/tutorial_taskflow_api.py
[2023-09-01T13:28:45.244+0900] {processor.py:829} INFO - Processing file /usr/local/lib/python3.8/dist-packages/airflow/example_dags/tutorial_taskflow_api.py for tasks to queue
[2023-09-01T13:28:45.246+0900] {logging_mixin.py:151} INFO - [2023-09-01T13:28:45.245+0900] {dagbag.py:539} INFO - Filling up the DagBag from /usr/local/lib/python3.8/dist-packages/airflow/example_dags/tutorial_taskflow_api.py
[2023-09-01T13:28:45.254+0900] {processor.py:839} INFO - DAG(s) dict_keys(['tutorial_taskflow_api']) retrieved from /usr/local/lib/python3.8/dist-packages/airflow/example_dags/tutorial_taskflow_api.py
[2023-09-01T13:28:45.269+0900] {logging_mixin.py:151} INFO - [2023-09-01T13:28:45.269+0900] {dag.py:2907} INFO - Sync 1 DAGs
[2023-09-01T13:28:45.277+0900] {logging_mixin.py:151} INFO - [2023-09-01T13:28:45.277+0900] {dag.py:3677} INFO - Setting next_dagrun for tutorial_taskflow_api to None, run_after=None
[2023-09-01T13:28:45.289+0900] {processor.py:179} INFO - Processing /usr/local/lib/python3.8/dist-packages/airflow/example_dags/tutorial_taskflow_api.py took 0.051 seconds
[2023-09-01T13:29:30.175+0900] {processor.py:157} INFO - Started process (PID=16491) to work on /usr/local/lib/python3.8/dist-packages/airflow/example_dags/tutorial_taskflow_api.py
[2023-09-01T13:29:30.177+0900] {processor.py:829} INFO - Processing file /usr/local/lib/python3.8/dist-packages/airflow/example_dags/tutorial_taskflow_api.py for tasks to queue
[2023-09-01T13:29:30.178+0900] {logging_mixin.py:151} INFO - [2023-09-01T13:29:30.177+0900] {dagbag.py:539} INFO - Filling up the DagBag from /usr/local/lib/python3.8/dist-packages/airflow/example_dags/tutorial_taskflow_api.py
[2023-09-01T13:29:30.186+0900] {processor.py:839} INFO - DAG(s) dict_keys(['tutorial_taskflow_api']) retrieved from /usr/local/lib/python3.8/dist-packages/airflow/example_dags/tutorial_taskflow_api.py
[2023-09-01T13:29:30.203+0900] {logging_mixin.py:151} INFO - [2023-09-01T13:29:30.203+0900] {dag.py:2907} INFO - Sync 1 DAGs
[2023-09-01T13:29:30.211+0900] {logging_mixin.py:151} INFO - [2023-09-01T13:29:30.210+0900] {dag.py:3677} INFO - Setting next_dagrun for tutorial_taskflow_api to None, run_after=None
[2023-09-01T13:29:30.222+0900] {processor.py:179} INFO - Processing /usr/local/lib/python3.8/dist-packages/airflow/example_dags/tutorial_taskflow_api.py took 0.052 seconds
[2023-09-01T13:30:04.210+0900] {processor.py:157} INFO - Started process (PID=16823) to work on /usr/local/lib/python3.8/dist-packages/airflow/example_dags/tutorial_taskflow_api.py
[2023-09-01T13:30:04.212+0900] {processor.py:829} INFO - Processing file /usr/local/lib/python3.8/dist-packages/airflow/example_dags/tutorial_taskflow_api.py for tasks to queue
[2023-09-01T13:30:04.213+0900] {logging_mixin.py:151} INFO - [2023-09-01T13:30:04.212+0900] {dagbag.py:539} INFO - Filling up the DagBag from /usr/local/lib/python3.8/dist-packages/airflow/example_dags/tutorial_taskflow_api.py
[2023-09-01T13:30:04.222+0900] {processor.py:839} INFO - DAG(s) dict_keys(['tutorial_taskflow_api']) retrieved from /usr/local/lib/python3.8/dist-packages/airflow/example_dags/tutorial_taskflow_api.py
[2023-09-01T13:30:04.237+0900] {logging_mixin.py:151} INFO - [2023-09-01T13:30:04.237+0900] {dag.py:2907} INFO - Sync 1 DAGs
[2023-09-01T13:30:04.244+0900] {logging_mixin.py:151} INFO - [2023-09-01T13:30:04.244+0900] {dag.py:3677} INFO - Setting next_dagrun for tutorial_taskflow_api to None, run_after=None
[2023-09-01T13:30:04.256+0900] {processor.py:179} INFO - Processing /usr/local/lib/python3.8/dist-packages/airflow/example_dags/tutorial_taskflow_api.py took 0.051 seconds
[2023-09-01T13:30:47.614+0900] {processor.py:157} INFO - Started process (PID=17235) to work on /usr/local/lib/python3.8/dist-packages/airflow/example_dags/tutorial_taskflow_api.py
[2023-09-01T13:30:47.615+0900] {processor.py:829} INFO - Processing file /usr/local/lib/python3.8/dist-packages/airflow/example_dags/tutorial_taskflow_api.py for tasks to queue
[2023-09-01T13:30:47.617+0900] {logging_mixin.py:151} INFO - [2023-09-01T13:30:47.616+0900] {dagbag.py:539} INFO - Filling up the DagBag from /usr/local/lib/python3.8/dist-packages/airflow/example_dags/tutorial_taskflow_api.py
[2023-09-01T13:30:47.624+0900] {processor.py:839} INFO - DAG(s) dict_keys(['tutorial_taskflow_api']) retrieved from /usr/local/lib/python3.8/dist-packages/airflow/example_dags/tutorial_taskflow_api.py
[2023-09-01T13:30:47.639+0900] {logging_mixin.py:151} INFO - [2023-09-01T13:30:47.639+0900] {dag.py:2907} INFO - Sync 1 DAGs
[2023-09-01T13:30:47.648+0900] {logging_mixin.py:151} INFO - [2023-09-01T13:30:47.647+0900] {dag.py:3677} INFO - Setting next_dagrun for tutorial_taskflow_api to None, run_after=None
[2023-09-01T13:30:47.660+0900] {processor.py:179} INFO - Processing /usr/local/lib/python3.8/dist-packages/airflow/example_dags/tutorial_taskflow_api.py took 0.051 seconds
[2023-09-01T13:31:28.806+0900] {processor.py:157} INFO - Started process (PID=17637) to work on /usr/local/lib/python3.8/dist-packages/airflow/example_dags/tutorial_taskflow_api.py
[2023-09-01T13:31:28.808+0900] {processor.py:829} INFO - Processing file /usr/local/lib/python3.8/dist-packages/airflow/example_dags/tutorial_taskflow_api.py for tasks to queue
[2023-09-01T13:31:28.809+0900] {logging_mixin.py:151} INFO - [2023-09-01T13:31:28.808+0900] {dagbag.py:539} INFO - Filling up the DagBag from /usr/local/lib/python3.8/dist-packages/airflow/example_dags/tutorial_taskflow_api.py
[2023-09-01T13:31:28.817+0900] {processor.py:839} INFO - DAG(s) dict_keys(['tutorial_taskflow_api']) retrieved from /usr/local/lib/python3.8/dist-packages/airflow/example_dags/tutorial_taskflow_api.py
[2023-09-01T13:31:28.833+0900] {logging_mixin.py:151} INFO - [2023-09-01T13:31:28.833+0900] {dag.py:2907} INFO - Sync 1 DAGs
[2023-09-01T13:31:28.841+0900] {logging_mixin.py:151} INFO - [2023-09-01T13:31:28.841+0900] {dag.py:3677} INFO - Setting next_dagrun for tutorial_taskflow_api to None, run_after=None
[2023-09-01T13:31:28.852+0900] {processor.py:179} INFO - Processing /usr/local/lib/python3.8/dist-packages/airflow/example_dags/tutorial_taskflow_api.py took 0.051 seconds
[2023-09-01T13:32:00.816+0900] {processor.py:157} INFO - Started process (PID=17951) to work on /usr/local/lib/python3.8/dist-packages/airflow/example_dags/tutorial_taskflow_api.py
[2023-09-01T13:32:00.817+0900] {processor.py:829} INFO - Processing file /usr/local/lib/python3.8/dist-packages/airflow/example_dags/tutorial_taskflow_api.py for tasks to queue
[2023-09-01T13:32:00.819+0900] {logging_mixin.py:151} INFO - [2023-09-01T13:32:00.818+0900] {dagbag.py:539} INFO - Filling up the DagBag from /usr/local/lib/python3.8/dist-packages/airflow/example_dags/tutorial_taskflow_api.py
[2023-09-01T13:32:00.827+0900] {processor.py:839} INFO - DAG(s) dict_keys(['tutorial_taskflow_api']) retrieved from /usr/local/lib/python3.8/dist-packages/airflow/example_dags/tutorial_taskflow_api.py
[2023-09-01T13:32:00.842+0900] {logging_mixin.py:151} INFO - [2023-09-01T13:32:00.841+0900] {dag.py:2907} INFO - Sync 1 DAGs
[2023-09-01T13:32:00.850+0900] {logging_mixin.py:151} INFO - [2023-09-01T13:32:00.850+0900] {dag.py:3677} INFO - Setting next_dagrun for tutorial_taskflow_api to None, run_after=None
[2023-09-01T13:32:00.861+0900] {processor.py:179} INFO - Processing /usr/local/lib/python3.8/dist-packages/airflow/example_dags/tutorial_taskflow_api.py took 0.050 seconds
[2023-09-01T13:32:45.898+0900] {processor.py:157} INFO - Started process (PID=18381) to work on /usr/local/lib/python3.8/dist-packages/airflow/example_dags/tutorial_taskflow_api.py
[2023-09-01T13:32:45.900+0900] {processor.py:829} INFO - Processing file /usr/local/lib/python3.8/dist-packages/airflow/example_dags/tutorial_taskflow_api.py for tasks to queue
[2023-09-01T13:32:45.902+0900] {logging_mixin.py:151} INFO - [2023-09-01T13:32:45.901+0900] {dagbag.py:539} INFO - Filling up the DagBag from /usr/local/lib/python3.8/dist-packages/airflow/example_dags/tutorial_taskflow_api.py
[2023-09-01T13:32:45.912+0900] {processor.py:839} INFO - DAG(s) dict_keys(['tutorial_taskflow_api']) retrieved from /usr/local/lib/python3.8/dist-packages/airflow/example_dags/tutorial_taskflow_api.py
[2023-09-01T13:32:45.929+0900] {logging_mixin.py:151} INFO - [2023-09-01T13:32:45.928+0900] {dag.py:2907} INFO - Sync 1 DAGs
[2023-09-01T13:32:45.937+0900] {logging_mixin.py:151} INFO - [2023-09-01T13:32:45.937+0900] {dag.py:3677} INFO - Setting next_dagrun for tutorial_taskflow_api to None, run_after=None
[2023-09-01T13:32:45.949+0900] {processor.py:179} INFO - Processing /usr/local/lib/python3.8/dist-packages/airflow/example_dags/tutorial_taskflow_api.py took 0.057 seconds
[2023-09-01T13:33:32.246+0900] {processor.py:157} INFO - Started process (PID=18832) to work on /usr/local/lib/python3.8/dist-packages/airflow/example_dags/tutorial_taskflow_api.py
[2023-09-01T13:33:32.247+0900] {processor.py:829} INFO - Processing file /usr/local/lib/python3.8/dist-packages/airflow/example_dags/tutorial_taskflow_api.py for tasks to queue
[2023-09-01T13:33:32.249+0900] {logging_mixin.py:151} INFO - [2023-09-01T13:33:32.248+0900] {dagbag.py:539} INFO - Filling up the DagBag from /usr/local/lib/python3.8/dist-packages/airflow/example_dags/tutorial_taskflow_api.py
[2023-09-01T13:33:32.256+0900] {processor.py:839} INFO - DAG(s) dict_keys(['tutorial_taskflow_api']) retrieved from /usr/local/lib/python3.8/dist-packages/airflow/example_dags/tutorial_taskflow_api.py
[2023-09-01T13:33:32.273+0900] {logging_mixin.py:151} INFO - [2023-09-01T13:33:32.273+0900] {dag.py:2907} INFO - Sync 1 DAGs
[2023-09-01T13:33:32.281+0900] {logging_mixin.py:151} INFO - [2023-09-01T13:33:32.281+0900] {dag.py:3677} INFO - Setting next_dagrun for tutorial_taskflow_api to None, run_after=None
[2023-09-01T13:33:32.293+0900] {processor.py:179} INFO - Processing /usr/local/lib/python3.8/dist-packages/airflow/example_dags/tutorial_taskflow_api.py took 0.052 seconds
[2023-09-01T13:34:05.158+0900] {processor.py:157} INFO - Started process (PID=19172) to work on /usr/local/lib/python3.8/dist-packages/airflow/example_dags/tutorial_taskflow_api.py
[2023-09-01T13:34:05.159+0900] {processor.py:829} INFO - Processing file /usr/local/lib/python3.8/dist-packages/airflow/example_dags/tutorial_taskflow_api.py for tasks to queue
[2023-09-01T13:34:05.161+0900] {logging_mixin.py:151} INFO - [2023-09-01T13:34:05.160+0900] {dagbag.py:539} INFO - Filling up the DagBag from /usr/local/lib/python3.8/dist-packages/airflow/example_dags/tutorial_taskflow_api.py
[2023-09-01T13:34:05.169+0900] {processor.py:839} INFO - DAG(s) dict_keys(['tutorial_taskflow_api']) retrieved from /usr/local/lib/python3.8/dist-packages/airflow/example_dags/tutorial_taskflow_api.py
[2023-09-01T13:34:05.185+0900] {logging_mixin.py:151} INFO - [2023-09-01T13:34:05.185+0900] {dag.py:2907} INFO - Sync 1 DAGs
[2023-09-01T13:34:05.193+0900] {logging_mixin.py:151} INFO - [2023-09-01T13:34:05.193+0900] {dag.py:3677} INFO - Setting next_dagrun for tutorial_taskflow_api to None, run_after=None
[2023-09-01T13:34:05.204+0900] {processor.py:179} INFO - Processing /usr/local/lib/python3.8/dist-packages/airflow/example_dags/tutorial_taskflow_api.py took 0.052 seconds
[2023-09-01T13:34:47.827+0900] {processor.py:157} INFO - Started process (PID=19587) to work on /usr/local/lib/python3.8/dist-packages/airflow/example_dags/tutorial_taskflow_api.py
[2023-09-01T13:34:47.828+0900] {processor.py:829} INFO - Processing file /usr/local/lib/python3.8/dist-packages/airflow/example_dags/tutorial_taskflow_api.py for tasks to queue
[2023-09-01T13:34:47.829+0900] {logging_mixin.py:151} INFO - [2023-09-01T13:34:47.828+0900] {dagbag.py:539} INFO - Filling up the DagBag from /usr/local/lib/python3.8/dist-packages/airflow/example_dags/tutorial_taskflow_api.py
[2023-09-01T13:34:47.836+0900] {processor.py:839} INFO - DAG(s) dict_keys(['tutorial_taskflow_api']) retrieved from /usr/local/lib/python3.8/dist-packages/airflow/example_dags/tutorial_taskflow_api.py
[2023-09-01T13:34:47.852+0900] {logging_mixin.py:151} INFO - [2023-09-01T13:34:47.852+0900] {dag.py:2907} INFO - Sync 1 DAGs
[2023-09-01T13:34:47.861+0900] {logging_mixin.py:151} INFO - [2023-09-01T13:34:47.861+0900] {dag.py:3677} INFO - Setting next_dagrun for tutorial_taskflow_api to None, run_after=None
[2023-09-01T13:34:47.877+0900] {processor.py:179} INFO - Processing /usr/local/lib/python3.8/dist-packages/airflow/example_dags/tutorial_taskflow_api.py took 0.054 seconds
[2023-09-01T13:35:31.225+0900] {processor.py:157} INFO - Started process (PID=20013) to work on /usr/local/lib/python3.8/dist-packages/airflow/example_dags/tutorial_taskflow_api.py
[2023-09-01T13:35:31.227+0900] {processor.py:829} INFO - Processing file /usr/local/lib/python3.8/dist-packages/airflow/example_dags/tutorial_taskflow_api.py for tasks to queue
[2023-09-01T13:35:31.228+0900] {logging_mixin.py:151} INFO - [2023-09-01T13:35:31.227+0900] {dagbag.py:539} INFO - Filling up the DagBag from /usr/local/lib/python3.8/dist-packages/airflow/example_dags/tutorial_taskflow_api.py
[2023-09-01T13:35:31.236+0900] {processor.py:839} INFO - DAG(s) dict_keys(['tutorial_taskflow_api']) retrieved from /usr/local/lib/python3.8/dist-packages/airflow/example_dags/tutorial_taskflow_api.py
[2023-09-01T13:35:31.246+0900] {logging_mixin.py:151} INFO - [2023-09-01T13:35:31.246+0900] {dag.py:2907} INFO - Sync 1 DAGs
[2023-09-01T13:35:31.254+0900] {logging_mixin.py:151} INFO - [2023-09-01T13:35:31.254+0900] {dag.py:3677} INFO - Setting next_dagrun for tutorial_taskflow_api to None, run_after=None
[2023-09-01T13:35:31.267+0900] {processor.py:179} INFO - Processing /usr/local/lib/python3.8/dist-packages/airflow/example_dags/tutorial_taskflow_api.py took 0.044 seconds
[2023-09-01T13:36:17.609+0900] {processor.py:157} INFO - Started process (PID=20459) to work on /usr/local/lib/python3.8/dist-packages/airflow/example_dags/tutorial_taskflow_api.py
[2023-09-01T13:36:17.610+0900] {processor.py:829} INFO - Processing file /usr/local/lib/python3.8/dist-packages/airflow/example_dags/tutorial_taskflow_api.py for tasks to queue
[2023-09-01T13:36:17.612+0900] {logging_mixin.py:151} INFO - [2023-09-01T13:36:17.611+0900] {dagbag.py:539} INFO - Filling up the DagBag from /usr/local/lib/python3.8/dist-packages/airflow/example_dags/tutorial_taskflow_api.py
[2023-09-01T13:36:17.621+0900] {processor.py:839} INFO - DAG(s) dict_keys(['tutorial_taskflow_api']) retrieved from /usr/local/lib/python3.8/dist-packages/airflow/example_dags/tutorial_taskflow_api.py
[2023-09-01T13:36:17.636+0900] {logging_mixin.py:151} INFO - [2023-09-01T13:36:17.636+0900] {dag.py:2907} INFO - Sync 1 DAGs
[2023-09-01T13:36:17.645+0900] {logging_mixin.py:151} INFO - [2023-09-01T13:36:17.645+0900] {dag.py:3677} INFO - Setting next_dagrun for tutorial_taskflow_api to None, run_after=None
[2023-09-01T13:36:17.656+0900] {processor.py:179} INFO - Processing /usr/local/lib/python3.8/dist-packages/airflow/example_dags/tutorial_taskflow_api.py took 0.054 seconds
[2023-09-01T13:37:02.638+0900] {processor.py:157} INFO - Started process (PID=20893) to work on /usr/local/lib/python3.8/dist-packages/airflow/example_dags/tutorial_taskflow_api.py
[2023-09-01T13:37:02.639+0900] {processor.py:829} INFO - Processing file /usr/local/lib/python3.8/dist-packages/airflow/example_dags/tutorial_taskflow_api.py for tasks to queue
[2023-09-01T13:37:02.641+0900] {logging_mixin.py:151} INFO - [2023-09-01T13:37:02.640+0900] {dagbag.py:539} INFO - Filling up the DagBag from /usr/local/lib/python3.8/dist-packages/airflow/example_dags/tutorial_taskflow_api.py
[2023-09-01T13:37:02.650+0900] {processor.py:839} INFO - DAG(s) dict_keys(['tutorial_taskflow_api']) retrieved from /usr/local/lib/python3.8/dist-packages/airflow/example_dags/tutorial_taskflow_api.py
[2023-09-01T13:37:02.667+0900] {logging_mixin.py:151} INFO - [2023-09-01T13:37:02.666+0900] {dag.py:2907} INFO - Sync 1 DAGs
[2023-09-01T13:37:02.676+0900] {logging_mixin.py:151} INFO - [2023-09-01T13:37:02.676+0900] {dag.py:3677} INFO - Setting next_dagrun for tutorial_taskflow_api to None, run_after=None
[2023-09-01T13:37:02.689+0900] {processor.py:179} INFO - Processing /usr/local/lib/python3.8/dist-packages/airflow/example_dags/tutorial_taskflow_api.py took 0.057 seconds
[2023-09-01T13:37:48.244+0900] {processor.py:157} INFO - Started process (PID=21329) to work on /usr/local/lib/python3.8/dist-packages/airflow/example_dags/tutorial_taskflow_api.py
[2023-09-01T13:37:48.246+0900] {processor.py:829} INFO - Processing file /usr/local/lib/python3.8/dist-packages/airflow/example_dags/tutorial_taskflow_api.py for tasks to queue
[2023-09-01T13:37:48.248+0900] {logging_mixin.py:151} INFO - [2023-09-01T13:37:48.247+0900] {dagbag.py:539} INFO - Filling up the DagBag from /usr/local/lib/python3.8/dist-packages/airflow/example_dags/tutorial_taskflow_api.py
[2023-09-01T13:37:48.256+0900] {processor.py:839} INFO - DAG(s) dict_keys(['tutorial_taskflow_api']) retrieved from /usr/local/lib/python3.8/dist-packages/airflow/example_dags/tutorial_taskflow_api.py
[2023-09-01T13:37:48.273+0900] {logging_mixin.py:151} INFO - [2023-09-01T13:37:48.273+0900] {dag.py:2907} INFO - Sync 1 DAGs
[2023-09-01T13:37:48.281+0900] {logging_mixin.py:151} INFO - [2023-09-01T13:37:48.281+0900] {dag.py:3677} INFO - Setting next_dagrun for tutorial_taskflow_api to None, run_after=None
[2023-09-01T13:37:48.293+0900] {processor.py:179} INFO - Processing /usr/local/lib/python3.8/dist-packages/airflow/example_dags/tutorial_taskflow_api.py took 0.053 seconds
[2023-09-01T13:38:19.914+0900] {processor.py:157} INFO - Started process (PID=21644) to work on /usr/local/lib/python3.8/dist-packages/airflow/example_dags/tutorial_taskflow_api.py
[2023-09-01T13:38:19.915+0900] {processor.py:829} INFO - Processing file /usr/local/lib/python3.8/dist-packages/airflow/example_dags/tutorial_taskflow_api.py for tasks to queue
[2023-09-01T13:38:19.917+0900] {logging_mixin.py:151} INFO - [2023-09-01T13:38:19.916+0900] {dagbag.py:539} INFO - Filling up the DagBag from /usr/local/lib/python3.8/dist-packages/airflow/example_dags/tutorial_taskflow_api.py
[2023-09-01T13:38:19.926+0900] {processor.py:839} INFO - DAG(s) dict_keys(['tutorial_taskflow_api']) retrieved from /usr/local/lib/python3.8/dist-packages/airflow/example_dags/tutorial_taskflow_api.py
[2023-09-01T13:38:19.942+0900] {logging_mixin.py:151} INFO - [2023-09-01T13:38:19.942+0900] {dag.py:2907} INFO - Sync 1 DAGs
[2023-09-01T13:38:19.950+0900] {logging_mixin.py:151} INFO - [2023-09-01T13:38:19.950+0900] {dag.py:3677} INFO - Setting next_dagrun for tutorial_taskflow_api to None, run_after=None
[2023-09-01T13:38:19.961+0900] {processor.py:179} INFO - Processing /usr/local/lib/python3.8/dist-packages/airflow/example_dags/tutorial_taskflow_api.py took 0.052 seconds
