[2023-09-01T13:07:17.315+0900] {processor.py:157} INFO - Started process (PID=1195) to work on /usr/local/lib/python3.8/dist-packages/airflow/example_dags/tutorial_dag.py
[2023-09-01T13:07:17.315+0900] {processor.py:829} INFO - Processing file /usr/local/lib/python3.8/dist-packages/airflow/example_dags/tutorial_dag.py for tasks to queue
[2023-09-01T13:07:17.316+0900] {logging_mixin.py:151} INFO - [2023-09-01T13:07:17.316+0900] {dagbag.py:539} INFO - Filling up the DagBag from /usr/local/lib/python3.8/dist-packages/airflow/example_dags/tutorial_dag.py
[2023-09-01T13:07:17.326+0900] {processor.py:839} INFO - DAG(s) dict_keys(['tutorial_dag']) retrieved from /usr/local/lib/python3.8/dist-packages/airflow/example_dags/tutorial_dag.py
[2023-09-01T13:07:17.471+0900] {logging_mixin.py:151} INFO - [2023-09-01T13:07:17.471+0900] {manager.py:501} INFO - Created Permission View: can delete on DAG:tutorial_dag
[2023-09-01T13:07:17.475+0900] {logging_mixin.py:151} INFO - [2023-09-01T13:07:17.475+0900] {manager.py:501} INFO - Created Permission View: can read on DAG:tutorial_dag
[2023-09-01T13:07:17.478+0900] {logging_mixin.py:151} INFO - [2023-09-01T13:07:17.478+0900] {manager.py:501} INFO - Created Permission View: can edit on DAG:tutorial_dag
[2023-09-01T13:07:17.484+0900] {logging_mixin.py:151} INFO - [2023-09-01T13:07:17.484+0900] {dag.py:2907} INFO - Sync 1 DAGs
[2023-09-01T13:07:17.488+0900] {logging_mixin.py:151} INFO - [2023-09-01T13:07:17.488+0900] {dag.py:2929} INFO - Creating ORM DAG for tutorial_dag
[2023-09-01T13:07:17.488+0900] {logging_mixin.py:151} INFO - [2023-09-01T13:07:17.488+0900] {dag.py:3677} INFO - Setting next_dagrun for tutorial_dag to None, run_after=None
[2023-09-01T13:07:17.496+0900] {processor.py:179} INFO - Processing /usr/local/lib/python3.8/dist-packages/airflow/example_dags/tutorial_dag.py took 0.183 seconds
[2023-09-01T13:08:08.478+0900] {processor.py:157} INFO - Started process (PID=2313) to work on /usr/local/lib/python3.8/dist-packages/airflow/example_dags/tutorial_dag.py
[2023-09-01T13:08:08.479+0900] {processor.py:829} INFO - Processing file /usr/local/lib/python3.8/dist-packages/airflow/example_dags/tutorial_dag.py for tasks to queue
[2023-09-01T13:08:08.480+0900] {logging_mixin.py:151} INFO - [2023-09-01T13:08:08.479+0900] {dagbag.py:539} INFO - Filling up the DagBag from /usr/local/lib/python3.8/dist-packages/airflow/example_dags/tutorial_dag.py
[2023-09-01T13:08:08.485+0900] {processor.py:839} INFO - DAG(s) dict_keys(['tutorial_dag']) retrieved from /usr/local/lib/python3.8/dist-packages/airflow/example_dags/tutorial_dag.py
[2023-09-01T13:08:08.497+0900] {logging_mixin.py:151} INFO - [2023-09-01T13:08:08.497+0900] {dag.py:2907} INFO - Sync 1 DAGs
[2023-09-01T13:08:08.505+0900] {logging_mixin.py:151} INFO - [2023-09-01T13:08:08.505+0900] {dag.py:3677} INFO - Setting next_dagrun for tutorial_dag to None, run_after=None
[2023-09-01T13:08:08.519+0900] {processor.py:179} INFO - Processing /usr/local/lib/python3.8/dist-packages/airflow/example_dags/tutorial_dag.py took 0.044 seconds
[2023-09-01T13:08:47.110+0900] {processor.py:157} INFO - Started process (PID=3797) to work on /usr/local/lib/python3.8/dist-packages/airflow/example_dags/tutorial_dag.py
[2023-09-01T13:08:47.112+0900] {processor.py:829} INFO - Processing file /usr/local/lib/python3.8/dist-packages/airflow/example_dags/tutorial_dag.py for tasks to queue
[2023-09-01T13:08:47.113+0900] {logging_mixin.py:151} INFO - [2023-09-01T13:08:47.112+0900] {dagbag.py:539} INFO - Filling up the DagBag from /usr/local/lib/python3.8/dist-packages/airflow/example_dags/tutorial_dag.py
[2023-09-01T13:08:47.122+0900] {processor.py:839} INFO - DAG(s) dict_keys(['tutorial_dag']) retrieved from /usr/local/lib/python3.8/dist-packages/airflow/example_dags/tutorial_dag.py
[2023-09-01T13:08:47.134+0900] {logging_mixin.py:151} INFO - [2023-09-01T13:08:47.134+0900] {dag.py:2907} INFO - Sync 1 DAGs
[2023-09-01T13:08:47.148+0900] {logging_mixin.py:151} INFO - [2023-09-01T13:08:47.148+0900] {dag.py:3677} INFO - Setting next_dagrun for tutorial_dag to None, run_after=None
[2023-09-01T13:08:47.168+0900] {processor.py:179} INFO - Processing /usr/local/lib/python3.8/dist-packages/airflow/example_dags/tutorial_dag.py took 0.062 seconds
[2023-09-01T13:09:24.770+0900] {processor.py:157} INFO - Started process (PID=4279) to work on /usr/local/lib/python3.8/dist-packages/airflow/example_dags/tutorial_dag.py
[2023-09-01T13:09:24.771+0900] {processor.py:829} INFO - Processing file /usr/local/lib/python3.8/dist-packages/airflow/example_dags/tutorial_dag.py for tasks to queue
[2023-09-01T13:09:24.773+0900] {logging_mixin.py:151} INFO - [2023-09-01T13:09:24.772+0900] {dagbag.py:539} INFO - Filling up the DagBag from /usr/local/lib/python3.8/dist-packages/airflow/example_dags/tutorial_dag.py
[2023-09-01T13:09:24.780+0900] {processor.py:839} INFO - DAG(s) dict_keys(['tutorial_dag']) retrieved from /usr/local/lib/python3.8/dist-packages/airflow/example_dags/tutorial_dag.py
[2023-09-01T13:09:24.796+0900] {logging_mixin.py:151} INFO - [2023-09-01T13:09:24.796+0900] {dag.py:2907} INFO - Sync 1 DAGs
[2023-09-01T13:09:24.804+0900] {logging_mixin.py:151} INFO - [2023-09-01T13:09:24.804+0900] {dag.py:3677} INFO - Setting next_dagrun for tutorial_dag to None, run_after=None
[2023-09-01T13:09:24.817+0900] {processor.py:179} INFO - Processing /usr/local/lib/python3.8/dist-packages/airflow/example_dags/tutorial_dag.py took 0.054 seconds
[2023-09-01T13:10:09.953+0900] {processor.py:157} INFO - Started process (PID=4704) to work on /usr/local/lib/python3.8/dist-packages/airflow/example_dags/tutorial_dag.py
[2023-09-01T13:10:09.954+0900] {processor.py:829} INFO - Processing file /usr/local/lib/python3.8/dist-packages/airflow/example_dags/tutorial_dag.py for tasks to queue
[2023-09-01T13:10:09.955+0900] {logging_mixin.py:151} INFO - [2023-09-01T13:10:09.955+0900] {dagbag.py:539} INFO - Filling up the DagBag from /usr/local/lib/python3.8/dist-packages/airflow/example_dags/tutorial_dag.py
[2023-09-01T13:10:09.962+0900] {processor.py:839} INFO - DAG(s) dict_keys(['tutorial_dag']) retrieved from /usr/local/lib/python3.8/dist-packages/airflow/example_dags/tutorial_dag.py
[2023-09-01T13:10:09.977+0900] {logging_mixin.py:151} INFO - [2023-09-01T13:10:09.976+0900] {dag.py:2907} INFO - Sync 1 DAGs
[2023-09-01T13:10:09.985+0900] {logging_mixin.py:151} INFO - [2023-09-01T13:10:09.985+0900] {dag.py:3677} INFO - Setting next_dagrun for tutorial_dag to None, run_after=None
[2023-09-01T13:10:09.997+0900] {processor.py:179} INFO - Processing /usr/local/lib/python3.8/dist-packages/airflow/example_dags/tutorial_dag.py took 0.048 seconds
[2023-09-01T13:10:41.999+0900] {processor.py:157} INFO - Started process (PID=5024) to work on /usr/local/lib/python3.8/dist-packages/airflow/example_dags/tutorial_dag.py
[2023-09-01T13:10:42.000+0900] {processor.py:829} INFO - Processing file /usr/local/lib/python3.8/dist-packages/airflow/example_dags/tutorial_dag.py for tasks to queue
[2023-09-01T13:10:42.002+0900] {logging_mixin.py:151} INFO - [2023-09-01T13:10:42.001+0900] {dagbag.py:539} INFO - Filling up the DagBag from /usr/local/lib/python3.8/dist-packages/airflow/example_dags/tutorial_dag.py
[2023-09-01T13:10:42.010+0900] {processor.py:839} INFO - DAG(s) dict_keys(['tutorial_dag']) retrieved from /usr/local/lib/python3.8/dist-packages/airflow/example_dags/tutorial_dag.py
[2023-09-01T13:10:42.027+0900] {logging_mixin.py:151} INFO - [2023-09-01T13:10:42.027+0900] {dag.py:2907} INFO - Sync 1 DAGs
[2023-09-01T13:10:42.036+0900] {logging_mixin.py:151} INFO - [2023-09-01T13:10:42.035+0900] {dag.py:3677} INFO - Setting next_dagrun for tutorial_dag to None, run_after=None
[2023-09-01T13:10:42.047+0900] {processor.py:179} INFO - Processing /usr/local/lib/python3.8/dist-packages/airflow/example_dags/tutorial_dag.py took 0.053 seconds
[2023-09-01T13:11:14.079+0900] {processor.py:157} INFO - Started process (PID=5329) to work on /usr/local/lib/python3.8/dist-packages/airflow/example_dags/tutorial_dag.py
[2023-09-01T13:11:14.080+0900] {processor.py:829} INFO - Processing file /usr/local/lib/python3.8/dist-packages/airflow/example_dags/tutorial_dag.py for tasks to queue
[2023-09-01T13:11:14.082+0900] {logging_mixin.py:151} INFO - [2023-09-01T13:11:14.081+0900] {dagbag.py:539} INFO - Filling up the DagBag from /usr/local/lib/python3.8/dist-packages/airflow/example_dags/tutorial_dag.py
[2023-09-01T13:11:14.090+0900] {processor.py:839} INFO - DAG(s) dict_keys(['tutorial_dag']) retrieved from /usr/local/lib/python3.8/dist-packages/airflow/example_dags/tutorial_dag.py
[2023-09-01T13:11:14.110+0900] {logging_mixin.py:151} INFO - [2023-09-01T13:11:14.109+0900] {dag.py:2907} INFO - Sync 1 DAGs
[2023-09-01T13:11:14.118+0900] {logging_mixin.py:151} INFO - [2023-09-01T13:11:14.118+0900] {dag.py:3677} INFO - Setting next_dagrun for tutorial_dag to None, run_after=None
[2023-09-01T13:11:14.133+0900] {processor.py:179} INFO - Processing /usr/local/lib/python3.8/dist-packages/airflow/example_dags/tutorial_dag.py took 0.060 seconds
[2023-09-01T13:12:43.316+0900] {processor.py:157} INFO - Started process (PID=5727) to work on /usr/local/lib/python3.8/dist-packages/airflow/example_dags/tutorial_dag.py
[2023-09-01T13:12:43.318+0900] {processor.py:829} INFO - Processing file /usr/local/lib/python3.8/dist-packages/airflow/example_dags/tutorial_dag.py for tasks to queue
[2023-09-01T13:12:43.318+0900] {logging_mixin.py:151} INFO - [2023-09-01T13:12:43.318+0900] {dagbag.py:539} INFO - Filling up the DagBag from /usr/local/lib/python3.8/dist-packages/airflow/example_dags/tutorial_dag.py
[2023-09-01T13:12:43.322+0900] {processor.py:839} INFO - DAG(s) dict_keys(['tutorial_dag']) retrieved from /usr/local/lib/python3.8/dist-packages/airflow/example_dags/tutorial_dag.py
[2023-09-01T13:12:43.332+0900] {logging_mixin.py:151} INFO - [2023-09-01T13:12:43.332+0900] {dag.py:2907} INFO - Sync 1 DAGs
[2023-09-01T13:12:43.337+0900] {logging_mixin.py:151} INFO - [2023-09-01T13:12:43.337+0900] {dag.py:3677} INFO - Setting next_dagrun for tutorial_dag to None, run_after=None
[2023-09-01T13:12:43.346+0900] {processor.py:179} INFO - Processing /usr/local/lib/python3.8/dist-packages/airflow/example_dags/tutorial_dag.py took 0.033 seconds
[2023-09-01T13:13:21.522+0900] {processor.py:157} INFO - Started process (PID=6157) to work on /usr/local/lib/python3.8/dist-packages/airflow/example_dags/tutorial_dag.py
[2023-09-01T13:13:21.524+0900] {processor.py:829} INFO - Processing file /usr/local/lib/python3.8/dist-packages/airflow/example_dags/tutorial_dag.py for tasks to queue
[2023-09-01T13:13:21.525+0900] {logging_mixin.py:151} INFO - [2023-09-01T13:13:21.524+0900] {dagbag.py:539} INFO - Filling up the DagBag from /usr/local/lib/python3.8/dist-packages/airflow/example_dags/tutorial_dag.py
[2023-09-01T13:13:21.532+0900] {processor.py:839} INFO - DAG(s) dict_keys(['tutorial_dag']) retrieved from /usr/local/lib/python3.8/dist-packages/airflow/example_dags/tutorial_dag.py
[2023-09-01T13:13:21.548+0900] {logging_mixin.py:151} INFO - [2023-09-01T13:13:21.548+0900] {dag.py:2907} INFO - Sync 1 DAGs
[2023-09-01T13:13:21.556+0900] {logging_mixin.py:151} INFO - [2023-09-01T13:13:21.556+0900] {dag.py:3677} INFO - Setting next_dagrun for tutorial_dag to None, run_after=None
[2023-09-01T13:13:21.569+0900] {processor.py:179} INFO - Processing /usr/local/lib/python3.8/dist-packages/airflow/example_dags/tutorial_dag.py took 0.051 seconds
[2023-09-01T13:14:03.859+0900] {processor.py:157} INFO - Started process (PID=6556) to work on /usr/local/lib/python3.8/dist-packages/airflow/example_dags/tutorial_dag.py
[2023-09-01T13:14:03.860+0900] {processor.py:829} INFO - Processing file /usr/local/lib/python3.8/dist-packages/airflow/example_dags/tutorial_dag.py for tasks to queue
[2023-09-01T13:14:03.862+0900] {logging_mixin.py:151} INFO - [2023-09-01T13:14:03.861+0900] {dagbag.py:539} INFO - Filling up the DagBag from /usr/local/lib/python3.8/dist-packages/airflow/example_dags/tutorial_dag.py
[2023-09-01T13:14:03.869+0900] {processor.py:839} INFO - DAG(s) dict_keys(['tutorial_dag']) retrieved from /usr/local/lib/python3.8/dist-packages/airflow/example_dags/tutorial_dag.py
[2023-09-01T13:14:03.886+0900] {logging_mixin.py:151} INFO - [2023-09-01T13:14:03.886+0900] {dag.py:2907} INFO - Sync 1 DAGs
[2023-09-01T13:14:03.895+0900] {logging_mixin.py:151} INFO - [2023-09-01T13:14:03.895+0900] {dag.py:3677} INFO - Setting next_dagrun for tutorial_dag to None, run_after=None
[2023-09-01T13:14:03.909+0900] {processor.py:179} INFO - Processing /usr/local/lib/python3.8/dist-packages/airflow/example_dags/tutorial_dag.py took 0.054 seconds
[2023-09-01T13:14:46.579+0900] {processor.py:157} INFO - Started process (PID=7455) to work on /usr/local/lib/python3.8/dist-packages/airflow/example_dags/tutorial_dag.py
[2023-09-01T13:14:46.580+0900] {processor.py:829} INFO - Processing file /usr/local/lib/python3.8/dist-packages/airflow/example_dags/tutorial_dag.py for tasks to queue
[2023-09-01T13:14:46.582+0900] {logging_mixin.py:151} INFO - [2023-09-01T13:14:46.581+0900] {dagbag.py:539} INFO - Filling up the DagBag from /usr/local/lib/python3.8/dist-packages/airflow/example_dags/tutorial_dag.py
[2023-09-01T13:14:46.588+0900] {processor.py:839} INFO - DAG(s) dict_keys(['tutorial_dag']) retrieved from /usr/local/lib/python3.8/dist-packages/airflow/example_dags/tutorial_dag.py
[2023-09-01T13:14:46.605+0900] {logging_mixin.py:151} INFO - [2023-09-01T13:14:46.605+0900] {dag.py:2907} INFO - Sync 1 DAGs
[2023-09-01T13:14:46.615+0900] {logging_mixin.py:151} INFO - [2023-09-01T13:14:46.615+0900] {dag.py:3677} INFO - Setting next_dagrun for tutorial_dag to None, run_after=None
[2023-09-01T13:14:46.630+0900] {processor.py:179} INFO - Processing /usr/local/lib/python3.8/dist-packages/airflow/example_dags/tutorial_dag.py took 0.055 seconds
[2023-09-01T13:15:30.379+0900] {processor.py:157} INFO - Started process (PID=7989) to work on /usr/local/lib/python3.8/dist-packages/airflow/example_dags/tutorial_dag.py
[2023-09-01T13:15:30.381+0900] {processor.py:829} INFO - Processing file /usr/local/lib/python3.8/dist-packages/airflow/example_dags/tutorial_dag.py for tasks to queue
[2023-09-01T13:15:30.382+0900] {logging_mixin.py:151} INFO - [2023-09-01T13:15:30.381+0900] {dagbag.py:539} INFO - Filling up the DagBag from /usr/local/lib/python3.8/dist-packages/airflow/example_dags/tutorial_dag.py
[2023-09-01T13:15:30.388+0900] {processor.py:839} INFO - DAG(s) dict_keys(['tutorial_dag']) retrieved from /usr/local/lib/python3.8/dist-packages/airflow/example_dags/tutorial_dag.py
[2023-09-01T13:15:30.403+0900] {logging_mixin.py:151} INFO - [2023-09-01T13:15:30.403+0900] {dag.py:2907} INFO - Sync 1 DAGs
[2023-09-01T13:15:30.411+0900] {logging_mixin.py:151} INFO - [2023-09-01T13:15:30.411+0900] {dag.py:3677} INFO - Setting next_dagrun for tutorial_dag to None, run_after=None
[2023-09-01T13:15:30.423+0900] {processor.py:179} INFO - Processing /usr/local/lib/python3.8/dist-packages/airflow/example_dags/tutorial_dag.py took 0.051 seconds
[2023-09-01T13:16:01.853+0900] {processor.py:157} INFO - Started process (PID=8308) to work on /usr/local/lib/python3.8/dist-packages/airflow/example_dags/tutorial_dag.py
[2023-09-01T13:16:01.854+0900] {processor.py:829} INFO - Processing file /usr/local/lib/python3.8/dist-packages/airflow/example_dags/tutorial_dag.py for tasks to queue
[2023-09-01T13:16:01.856+0900] {logging_mixin.py:151} INFO - [2023-09-01T13:16:01.855+0900] {dagbag.py:539} INFO - Filling up the DagBag from /usr/local/lib/python3.8/dist-packages/airflow/example_dags/tutorial_dag.py
[2023-09-01T13:16:01.863+0900] {processor.py:839} INFO - DAG(s) dict_keys(['tutorial_dag']) retrieved from /usr/local/lib/python3.8/dist-packages/airflow/example_dags/tutorial_dag.py
[2023-09-01T13:16:01.881+0900] {logging_mixin.py:151} INFO - [2023-09-01T13:16:01.881+0900] {dag.py:2907} INFO - Sync 1 DAGs
[2023-09-01T13:16:01.891+0900] {logging_mixin.py:151} INFO - [2023-09-01T13:16:01.890+0900] {dag.py:3677} INFO - Setting next_dagrun for tutorial_dag to None, run_after=None
[2023-09-01T13:16:01.904+0900] {processor.py:179} INFO - Processing /usr/local/lib/python3.8/dist-packages/airflow/example_dags/tutorial_dag.py took 0.056 seconds
[2023-09-01T13:16:44.971+0900] {processor.py:157} INFO - Started process (PID=8731) to work on /usr/local/lib/python3.8/dist-packages/airflow/example_dags/tutorial_dag.py
[2023-09-01T13:16:44.972+0900] {processor.py:829} INFO - Processing file /usr/local/lib/python3.8/dist-packages/airflow/example_dags/tutorial_dag.py for tasks to queue
[2023-09-01T13:16:44.974+0900] {logging_mixin.py:151} INFO - [2023-09-01T13:16:44.973+0900] {dagbag.py:539} INFO - Filling up the DagBag from /usr/local/lib/python3.8/dist-packages/airflow/example_dags/tutorial_dag.py
[2023-09-01T13:16:44.981+0900] {processor.py:839} INFO - DAG(s) dict_keys(['tutorial_dag']) retrieved from /usr/local/lib/python3.8/dist-packages/airflow/example_dags/tutorial_dag.py
[2023-09-01T13:16:44.996+0900] {logging_mixin.py:151} INFO - [2023-09-01T13:16:44.995+0900] {dag.py:2907} INFO - Sync 1 DAGs
[2023-09-01T13:16:45.003+0900] {logging_mixin.py:151} INFO - [2023-09-01T13:16:45.003+0900] {dag.py:3677} INFO - Setting next_dagrun for tutorial_dag to None, run_after=None
[2023-09-01T13:16:45.015+0900] {processor.py:179} INFO - Processing /usr/local/lib/python3.8/dist-packages/airflow/example_dags/tutorial_dag.py took 0.049 seconds
[2023-09-01T13:17:18.203+0900] {processor.py:157} INFO - Started process (PID=9059) to work on /usr/local/lib/python3.8/dist-packages/airflow/example_dags/tutorial_dag.py
[2023-09-01T13:17:18.205+0900] {processor.py:829} INFO - Processing file /usr/local/lib/python3.8/dist-packages/airflow/example_dags/tutorial_dag.py for tasks to queue
[2023-09-01T13:17:18.206+0900] {logging_mixin.py:151} INFO - [2023-09-01T13:17:18.205+0900] {dagbag.py:539} INFO - Filling up the DagBag from /usr/local/lib/python3.8/dist-packages/airflow/example_dags/tutorial_dag.py
[2023-09-01T13:17:18.214+0900] {processor.py:839} INFO - DAG(s) dict_keys(['tutorial_dag']) retrieved from /usr/local/lib/python3.8/dist-packages/airflow/example_dags/tutorial_dag.py
[2023-09-01T13:17:18.231+0900] {logging_mixin.py:151} INFO - [2023-09-01T13:17:18.231+0900] {dag.py:2907} INFO - Sync 1 DAGs
[2023-09-01T13:17:18.240+0900] {logging_mixin.py:151} INFO - [2023-09-01T13:17:18.240+0900] {dag.py:3677} INFO - Setting next_dagrun for tutorial_dag to None, run_after=None
[2023-09-01T13:17:18.252+0900] {processor.py:179} INFO - Processing /usr/local/lib/python3.8/dist-packages/airflow/example_dags/tutorial_dag.py took 0.055 seconds
[2023-09-01T13:18:03.820+0900] {processor.py:157} INFO - Started process (PID=9510) to work on /usr/local/lib/python3.8/dist-packages/airflow/example_dags/tutorial_dag.py
[2023-09-01T13:18:03.823+0900] {processor.py:829} INFO - Processing file /usr/local/lib/python3.8/dist-packages/airflow/example_dags/tutorial_dag.py for tasks to queue
[2023-09-01T13:18:03.824+0900] {logging_mixin.py:151} INFO - [2023-09-01T13:18:03.824+0900] {dagbag.py:539} INFO - Filling up the DagBag from /usr/local/lib/python3.8/dist-packages/airflow/example_dags/tutorial_dag.py
[2023-09-01T13:18:03.831+0900] {processor.py:839} INFO - DAG(s) dict_keys(['tutorial_dag']) retrieved from /usr/local/lib/python3.8/dist-packages/airflow/example_dags/tutorial_dag.py
[2023-09-01T13:18:03.846+0900] {logging_mixin.py:151} INFO - [2023-09-01T13:18:03.846+0900] {dag.py:2907} INFO - Sync 1 DAGs
[2023-09-01T13:18:03.853+0900] {logging_mixin.py:151} INFO - [2023-09-01T13:18:03.853+0900] {dag.py:3677} INFO - Setting next_dagrun for tutorial_dag to None, run_after=None
[2023-09-01T13:18:03.864+0900] {processor.py:179} INFO - Processing /usr/local/lib/python3.8/dist-packages/airflow/example_dags/tutorial_dag.py took 0.049 seconds
[2023-09-01T13:18:34.660+0900] {processor.py:157} INFO - Started process (PID=9842) to work on /usr/local/lib/python3.8/dist-packages/airflow/example_dags/tutorial_dag.py
[2023-09-01T13:18:34.660+0900] {processor.py:829} INFO - Processing file /usr/local/lib/python3.8/dist-packages/airflow/example_dags/tutorial_dag.py for tasks to queue
[2023-09-01T13:18:34.662+0900] {logging_mixin.py:151} INFO - [2023-09-01T13:18:34.661+0900] {dagbag.py:539} INFO - Filling up the DagBag from /usr/local/lib/python3.8/dist-packages/airflow/example_dags/tutorial_dag.py
[2023-09-01T13:18:34.668+0900] {processor.py:839} INFO - DAG(s) dict_keys(['tutorial_dag']) retrieved from /usr/local/lib/python3.8/dist-packages/airflow/example_dags/tutorial_dag.py
[2023-09-01T13:18:34.682+0900] {logging_mixin.py:151} INFO - [2023-09-01T13:18:34.682+0900] {dag.py:2907} INFO - Sync 1 DAGs
[2023-09-01T13:18:34.689+0900] {logging_mixin.py:151} INFO - [2023-09-01T13:18:34.689+0900] {dag.py:3677} INFO - Setting next_dagrun for tutorial_dag to None, run_after=None
[2023-09-01T13:18:34.700+0900] {processor.py:179} INFO - Processing /usr/local/lib/python3.8/dist-packages/airflow/example_dags/tutorial_dag.py took 0.044 seconds
[2023-09-01T13:19:18.932+0900] {processor.py:157} INFO - Started process (PID=10269) to work on /usr/local/lib/python3.8/dist-packages/airflow/example_dags/tutorial_dag.py
[2023-09-01T13:19:18.935+0900] {processor.py:829} INFO - Processing file /usr/local/lib/python3.8/dist-packages/airflow/example_dags/tutorial_dag.py for tasks to queue
[2023-09-01T13:19:18.936+0900] {logging_mixin.py:151} INFO - [2023-09-01T13:19:18.935+0900] {dagbag.py:539} INFO - Filling up the DagBag from /usr/local/lib/python3.8/dist-packages/airflow/example_dags/tutorial_dag.py
[2023-09-01T13:19:18.943+0900] {processor.py:839} INFO - DAG(s) dict_keys(['tutorial_dag']) retrieved from /usr/local/lib/python3.8/dist-packages/airflow/example_dags/tutorial_dag.py
[2023-09-01T13:19:18.959+0900] {logging_mixin.py:151} INFO - [2023-09-01T13:19:18.959+0900] {dag.py:2907} INFO - Sync 1 DAGs
[2023-09-01T13:19:18.969+0900] {logging_mixin.py:151} INFO - [2023-09-01T13:19:18.969+0900] {dag.py:3677} INFO - Setting next_dagrun for tutorial_dag to None, run_after=None
[2023-09-01T13:19:18.982+0900] {processor.py:179} INFO - Processing /usr/local/lib/python3.8/dist-packages/airflow/example_dags/tutorial_dag.py took 0.056 seconds
[2023-09-01T13:19:49.109+0900] {processor.py:157} INFO - Started process (PID=10559) to work on /usr/local/lib/python3.8/dist-packages/airflow/example_dags/tutorial_dag.py
[2023-09-01T13:19:49.110+0900] {processor.py:829} INFO - Processing file /usr/local/lib/python3.8/dist-packages/airflow/example_dags/tutorial_dag.py for tasks to queue
[2023-09-01T13:19:49.111+0900] {logging_mixin.py:151} INFO - [2023-09-01T13:19:49.111+0900] {dagbag.py:539} INFO - Filling up the DagBag from /usr/local/lib/python3.8/dist-packages/airflow/example_dags/tutorial_dag.py
[2023-09-01T13:19:49.117+0900] {processor.py:839} INFO - DAG(s) dict_keys(['tutorial_dag']) retrieved from /usr/local/lib/python3.8/dist-packages/airflow/example_dags/tutorial_dag.py
[2023-09-01T13:19:49.133+0900] {logging_mixin.py:151} INFO - [2023-09-01T13:19:49.133+0900] {dag.py:2907} INFO - Sync 1 DAGs
[2023-09-01T13:19:49.141+0900] {logging_mixin.py:151} INFO - [2023-09-01T13:19:49.141+0900] {dag.py:3677} INFO - Setting next_dagrun for tutorial_dag to None, run_after=None
[2023-09-01T13:19:49.154+0900] {processor.py:179} INFO - Processing /usr/local/lib/python3.8/dist-packages/airflow/example_dags/tutorial_dag.py took 0.049 seconds
[2023-09-01T13:20:31.300+0900] {processor.py:157} INFO - Started process (PID=10971) to work on /usr/local/lib/python3.8/dist-packages/airflow/example_dags/tutorial_dag.py
[2023-09-01T13:20:31.302+0900] {processor.py:829} INFO - Processing file /usr/local/lib/python3.8/dist-packages/airflow/example_dags/tutorial_dag.py for tasks to queue
[2023-09-01T13:20:31.303+0900] {logging_mixin.py:151} INFO - [2023-09-01T13:20:31.302+0900] {dagbag.py:539} INFO - Filling up the DagBag from /usr/local/lib/python3.8/dist-packages/airflow/example_dags/tutorial_dag.py
[2023-09-01T13:20:31.310+0900] {processor.py:839} INFO - DAG(s) dict_keys(['tutorial_dag']) retrieved from /usr/local/lib/python3.8/dist-packages/airflow/example_dags/tutorial_dag.py
[2023-09-01T13:20:31.327+0900] {logging_mixin.py:151} INFO - [2023-09-01T13:20:31.327+0900] {dag.py:2907} INFO - Sync 1 DAGs
[2023-09-01T13:20:31.335+0900] {logging_mixin.py:151} INFO - [2023-09-01T13:20:31.335+0900] {dag.py:3677} INFO - Setting next_dagrun for tutorial_dag to None, run_after=None
[2023-09-01T13:20:31.348+0900] {processor.py:179} INFO - Processing /usr/local/lib/python3.8/dist-packages/airflow/example_dags/tutorial_dag.py took 0.054 seconds
[2023-09-01T13:21:03.722+0900] {processor.py:157} INFO - Started process (PID=11299) to work on /usr/local/lib/python3.8/dist-packages/airflow/example_dags/tutorial_dag.py
[2023-09-01T13:21:03.723+0900] {processor.py:829} INFO - Processing file /usr/local/lib/python3.8/dist-packages/airflow/example_dags/tutorial_dag.py for tasks to queue
[2023-09-01T13:21:03.725+0900] {logging_mixin.py:151} INFO - [2023-09-01T13:21:03.724+0900] {dagbag.py:539} INFO - Filling up the DagBag from /usr/local/lib/python3.8/dist-packages/airflow/example_dags/tutorial_dag.py
[2023-09-01T13:21:03.733+0900] {processor.py:839} INFO - DAG(s) dict_keys(['tutorial_dag']) retrieved from /usr/local/lib/python3.8/dist-packages/airflow/example_dags/tutorial_dag.py
[2023-09-01T13:21:03.749+0900] {logging_mixin.py:151} INFO - [2023-09-01T13:21:03.749+0900] {dag.py:2907} INFO - Sync 1 DAGs
[2023-09-01T13:21:03.758+0900] {logging_mixin.py:151} INFO - [2023-09-01T13:21:03.758+0900] {dag.py:3677} INFO - Setting next_dagrun for tutorial_dag to None, run_after=None
[2023-09-01T13:21:03.769+0900] {processor.py:179} INFO - Processing /usr/local/lib/python3.8/dist-packages/airflow/example_dags/tutorial_dag.py took 0.053 seconds
[2023-09-01T13:21:50.730+0900] {processor.py:157} INFO - Started process (PID=11684) to work on /usr/local/lib/python3.8/dist-packages/airflow/example_dags/tutorial_dag.py
[2023-09-01T13:21:50.732+0900] {processor.py:829} INFO - Processing file /usr/local/lib/python3.8/dist-packages/airflow/example_dags/tutorial_dag.py for tasks to queue
[2023-09-01T13:21:50.733+0900] {logging_mixin.py:151} INFO - [2023-09-01T13:21:50.732+0900] {dagbag.py:539} INFO - Filling up the DagBag from /usr/local/lib/python3.8/dist-packages/airflow/example_dags/tutorial_dag.py
[2023-09-01T13:21:50.738+0900] {processor.py:839} INFO - DAG(s) dict_keys(['tutorial_dag']) retrieved from /usr/local/lib/python3.8/dist-packages/airflow/example_dags/tutorial_dag.py
[2023-09-01T13:21:50.749+0900] {logging_mixin.py:151} INFO - [2023-09-01T13:21:50.749+0900] {dag.py:2907} INFO - Sync 1 DAGs
[2023-09-01T13:21:50.754+0900] {logging_mixin.py:151} INFO - [2023-09-01T13:21:50.754+0900] {dag.py:3677} INFO - Setting next_dagrun for tutorial_dag to None, run_after=None
[2023-09-01T13:21:50.764+0900] {processor.py:179} INFO - Processing /usr/local/lib/python3.8/dist-packages/airflow/example_dags/tutorial_dag.py took 0.036 seconds
[2023-09-01T13:22:34.462+0900] {processor.py:157} INFO - Started process (PID=12110) to work on /usr/local/lib/python3.8/dist-packages/airflow/example_dags/tutorial_dag.py
[2023-09-01T13:22:34.465+0900] {processor.py:829} INFO - Processing file /usr/local/lib/python3.8/dist-packages/airflow/example_dags/tutorial_dag.py for tasks to queue
[2023-09-01T13:22:34.466+0900] {logging_mixin.py:151} INFO - [2023-09-01T13:22:34.465+0900] {dagbag.py:539} INFO - Filling up the DagBag from /usr/local/lib/python3.8/dist-packages/airflow/example_dags/tutorial_dag.py
[2023-09-01T13:22:34.471+0900] {processor.py:839} INFO - DAG(s) dict_keys(['tutorial_dag']) retrieved from /usr/local/lib/python3.8/dist-packages/airflow/example_dags/tutorial_dag.py
[2023-09-01T13:22:34.481+0900] {logging_mixin.py:151} INFO - [2023-09-01T13:22:34.481+0900] {dag.py:2907} INFO - Sync 1 DAGs
[2023-09-01T13:22:34.487+0900] {logging_mixin.py:151} INFO - [2023-09-01T13:22:34.487+0900] {dag.py:3677} INFO - Setting next_dagrun for tutorial_dag to None, run_after=None
[2023-09-01T13:22:34.500+0900] {processor.py:179} INFO - Processing /usr/local/lib/python3.8/dist-packages/airflow/example_dags/tutorial_dag.py took 0.041 seconds
[2023-09-01T13:23:17.850+0900] {processor.py:157} INFO - Started process (PID=12521) to work on /usr/local/lib/python3.8/dist-packages/airflow/example_dags/tutorial_dag.py
[2023-09-01T13:23:17.853+0900] {processor.py:829} INFO - Processing file /usr/local/lib/python3.8/dist-packages/airflow/example_dags/tutorial_dag.py for tasks to queue
[2023-09-01T13:23:17.855+0900] {logging_mixin.py:151} INFO - [2023-09-01T13:23:17.854+0900] {dagbag.py:539} INFO - Filling up the DagBag from /usr/local/lib/python3.8/dist-packages/airflow/example_dags/tutorial_dag.py
[2023-09-01T13:23:17.862+0900] {processor.py:839} INFO - DAG(s) dict_keys(['tutorial_dag']) retrieved from /usr/local/lib/python3.8/dist-packages/airflow/example_dags/tutorial_dag.py
[2023-09-01T13:23:17.878+0900] {logging_mixin.py:151} INFO - [2023-09-01T13:23:17.878+0900] {dag.py:2907} INFO - Sync 1 DAGs
[2023-09-01T13:23:17.886+0900] {logging_mixin.py:151} INFO - [2023-09-01T13:23:17.886+0900] {dag.py:3677} INFO - Setting next_dagrun for tutorial_dag to None, run_after=None
[2023-09-01T13:23:17.896+0900] {processor.py:179} INFO - Processing /usr/local/lib/python3.8/dist-packages/airflow/example_dags/tutorial_dag.py took 0.052 seconds
[2023-09-01T13:23:58.728+0900] {processor.py:157} INFO - Started process (PID=12949) to work on /usr/local/lib/python3.8/dist-packages/airflow/example_dags/tutorial_dag.py
[2023-09-01T13:23:58.729+0900] {processor.py:829} INFO - Processing file /usr/local/lib/python3.8/dist-packages/airflow/example_dags/tutorial_dag.py for tasks to queue
[2023-09-01T13:23:58.730+0900] {logging_mixin.py:151} INFO - [2023-09-01T13:23:58.730+0900] {dagbag.py:539} INFO - Filling up the DagBag from /usr/local/lib/python3.8/dist-packages/airflow/example_dags/tutorial_dag.py
[2023-09-01T13:23:58.738+0900] {processor.py:839} INFO - DAG(s) dict_keys(['tutorial_dag']) retrieved from /usr/local/lib/python3.8/dist-packages/airflow/example_dags/tutorial_dag.py
[2023-09-01T13:23:58.755+0900] {logging_mixin.py:151} INFO - [2023-09-01T13:23:58.754+0900] {dag.py:2907} INFO - Sync 1 DAGs
[2023-09-01T13:23:58.762+0900] {logging_mixin.py:151} INFO - [2023-09-01T13:23:58.762+0900] {dag.py:3677} INFO - Setting next_dagrun for tutorial_dag to None, run_after=None
[2023-09-01T13:23:58.774+0900] {processor.py:179} INFO - Processing /usr/local/lib/python3.8/dist-packages/airflow/example_dags/tutorial_dag.py took 0.052 seconds
[2023-09-01T13:24:31.543+0900] {processor.py:157} INFO - Started process (PID=13264) to work on /usr/local/lib/python3.8/dist-packages/airflow/example_dags/tutorial_dag.py
[2023-09-01T13:24:31.543+0900] {processor.py:829} INFO - Processing file /usr/local/lib/python3.8/dist-packages/airflow/example_dags/tutorial_dag.py for tasks to queue
[2023-09-01T13:24:31.544+0900] {logging_mixin.py:151} INFO - [2023-09-01T13:24:31.544+0900] {dagbag.py:539} INFO - Filling up the DagBag from /usr/local/lib/python3.8/dist-packages/airflow/example_dags/tutorial_dag.py
[2023-09-01T13:24:31.547+0900] {processor.py:839} INFO - DAG(s) dict_keys(['tutorial_dag']) retrieved from /usr/local/lib/python3.8/dist-packages/airflow/example_dags/tutorial_dag.py
[2023-09-01T13:24:31.557+0900] {logging_mixin.py:151} INFO - [2023-09-01T13:24:31.557+0900] {dag.py:2907} INFO - Sync 1 DAGs
[2023-09-01T13:24:31.563+0900] {logging_mixin.py:151} INFO - [2023-09-01T13:24:31.562+0900] {dag.py:3677} INFO - Setting next_dagrun for tutorial_dag to None, run_after=None
[2023-09-01T13:24:31.572+0900] {processor.py:179} INFO - Processing /usr/local/lib/python3.8/dist-packages/airflow/example_dags/tutorial_dag.py took 0.032 seconds
[2023-09-01T13:25:02.301+0900] {processor.py:157} INFO - Started process (PID=13587) to work on /usr/local/lib/python3.8/dist-packages/airflow/example_dags/tutorial_dag.py
[2023-09-01T13:25:02.302+0900] {processor.py:829} INFO - Processing file /usr/local/lib/python3.8/dist-packages/airflow/example_dags/tutorial_dag.py for tasks to queue
[2023-09-01T13:25:02.303+0900] {logging_mixin.py:151} INFO - [2023-09-01T13:25:02.302+0900] {dagbag.py:539} INFO - Filling up the DagBag from /usr/local/lib/python3.8/dist-packages/airflow/example_dags/tutorial_dag.py
[2023-09-01T13:25:02.307+0900] {processor.py:839} INFO - DAG(s) dict_keys(['tutorial_dag']) retrieved from /usr/local/lib/python3.8/dist-packages/airflow/example_dags/tutorial_dag.py
[2023-09-01T13:25:02.318+0900] {logging_mixin.py:151} INFO - [2023-09-01T13:25:02.318+0900] {dag.py:2907} INFO - Sync 1 DAGs
[2023-09-01T13:25:02.325+0900] {logging_mixin.py:151} INFO - [2023-09-01T13:25:02.325+0900] {dag.py:3677} INFO - Setting next_dagrun for tutorial_dag to None, run_after=None
[2023-09-01T13:25:02.335+0900] {processor.py:179} INFO - Processing /usr/local/lib/python3.8/dist-packages/airflow/example_dags/tutorial_dag.py took 0.036 seconds
[2023-09-01T13:25:46.352+0900] {processor.py:157} INFO - Started process (PID=14265) to work on /usr/local/lib/python3.8/dist-packages/airflow/example_dags/tutorial_dag.py
[2023-09-01T13:25:46.354+0900] {processor.py:829} INFO - Processing file /usr/local/lib/python3.8/dist-packages/airflow/example_dags/tutorial_dag.py for tasks to queue
[2023-09-01T13:25:46.356+0900] {logging_mixin.py:151} INFO - [2023-09-01T13:25:46.354+0900] {dagbag.py:539} INFO - Filling up the DagBag from /usr/local/lib/python3.8/dist-packages/airflow/example_dags/tutorial_dag.py
[2023-09-01T13:25:46.363+0900] {processor.py:839} INFO - DAG(s) dict_keys(['tutorial_dag']) retrieved from /usr/local/lib/python3.8/dist-packages/airflow/example_dags/tutorial_dag.py
[2023-09-01T13:25:46.380+0900] {logging_mixin.py:151} INFO - [2023-09-01T13:25:46.380+0900] {dag.py:2907} INFO - Sync 1 DAGs
[2023-09-01T13:25:46.389+0900] {logging_mixin.py:151} INFO - [2023-09-01T13:25:46.389+0900] {dag.py:3677} INFO - Setting next_dagrun for tutorial_dag to None, run_after=None
[2023-09-01T13:25:46.403+0900] {processor.py:179} INFO - Processing /usr/local/lib/python3.8/dist-packages/airflow/example_dags/tutorial_dag.py took 0.057 seconds
[2023-09-01T13:26:28.596+0900] {processor.py:157} INFO - Started process (PID=14709) to work on /usr/local/lib/python3.8/dist-packages/airflow/example_dags/tutorial_dag.py
[2023-09-01T13:26:28.598+0900] {processor.py:829} INFO - Processing file /usr/local/lib/python3.8/dist-packages/airflow/example_dags/tutorial_dag.py for tasks to queue
[2023-09-01T13:26:28.599+0900] {logging_mixin.py:151} INFO - [2023-09-01T13:26:28.598+0900] {dagbag.py:539} INFO - Filling up the DagBag from /usr/local/lib/python3.8/dist-packages/airflow/example_dags/tutorial_dag.py
[2023-09-01T13:26:28.605+0900] {processor.py:839} INFO - DAG(s) dict_keys(['tutorial_dag']) retrieved from /usr/local/lib/python3.8/dist-packages/airflow/example_dags/tutorial_dag.py
[2023-09-01T13:26:28.621+0900] {logging_mixin.py:151} INFO - [2023-09-01T13:26:28.621+0900] {dag.py:2907} INFO - Sync 1 DAGs
[2023-09-01T13:26:28.628+0900] {logging_mixin.py:151} INFO - [2023-09-01T13:26:28.628+0900] {dag.py:3677} INFO - Setting next_dagrun for tutorial_dag to None, run_after=None
[2023-09-01T13:26:28.640+0900] {processor.py:179} INFO - Processing /usr/local/lib/python3.8/dist-packages/airflow/example_dags/tutorial_dag.py took 0.048 seconds
[2023-09-01T13:27:11.377+0900] {processor.py:157} INFO - Started process (PID=15124) to work on /usr/local/lib/python3.8/dist-packages/airflow/example_dags/tutorial_dag.py
[2023-09-01T13:27:11.379+0900] {processor.py:829} INFO - Processing file /usr/local/lib/python3.8/dist-packages/airflow/example_dags/tutorial_dag.py for tasks to queue
[2023-09-01T13:27:11.380+0900] {logging_mixin.py:151} INFO - [2023-09-01T13:27:11.379+0900] {dagbag.py:539} INFO - Filling up the DagBag from /usr/local/lib/python3.8/dist-packages/airflow/example_dags/tutorial_dag.py
[2023-09-01T13:27:11.387+0900] {processor.py:839} INFO - DAG(s) dict_keys(['tutorial_dag']) retrieved from /usr/local/lib/python3.8/dist-packages/airflow/example_dags/tutorial_dag.py
[2023-09-01T13:27:11.403+0900] {logging_mixin.py:151} INFO - [2023-09-01T13:27:11.403+0900] {dag.py:2907} INFO - Sync 1 DAGs
[2023-09-01T13:27:11.411+0900] {logging_mixin.py:151} INFO - [2023-09-01T13:27:11.411+0900] {dag.py:3677} INFO - Setting next_dagrun for tutorial_dag to None, run_after=None
[2023-09-01T13:27:11.422+0900] {processor.py:179} INFO - Processing /usr/local/lib/python3.8/dist-packages/airflow/example_dags/tutorial_dag.py took 0.050 seconds
[2023-09-01T13:27:57.094+0900] {processor.py:157} INFO - Started process (PID=15564) to work on /usr/local/lib/python3.8/dist-packages/airflow/example_dags/tutorial_dag.py
[2023-09-01T13:27:57.095+0900] {processor.py:829} INFO - Processing file /usr/local/lib/python3.8/dist-packages/airflow/example_dags/tutorial_dag.py for tasks to queue
[2023-09-01T13:27:57.096+0900] {logging_mixin.py:151} INFO - [2023-09-01T13:27:57.096+0900] {dagbag.py:539} INFO - Filling up the DagBag from /usr/local/lib/python3.8/dist-packages/airflow/example_dags/tutorial_dag.py
[2023-09-01T13:27:57.100+0900] {processor.py:839} INFO - DAG(s) dict_keys(['tutorial_dag']) retrieved from /usr/local/lib/python3.8/dist-packages/airflow/example_dags/tutorial_dag.py
[2023-09-01T13:27:57.111+0900] {logging_mixin.py:151} INFO - [2023-09-01T13:27:57.111+0900] {dag.py:2907} INFO - Sync 1 DAGs
[2023-09-01T13:27:57.117+0900] {logging_mixin.py:151} INFO - [2023-09-01T13:27:57.117+0900] {dag.py:3677} INFO - Setting next_dagrun for tutorial_dag to None, run_after=None
[2023-09-01T13:27:57.127+0900] {processor.py:179} INFO - Processing /usr/local/lib/python3.8/dist-packages/airflow/example_dags/tutorial_dag.py took 0.036 seconds
[2023-09-01T13:28:43.142+0900] {processor.py:157} INFO - Started process (PID=16005) to work on /usr/local/lib/python3.8/dist-packages/airflow/example_dags/tutorial_dag.py
[2023-09-01T13:28:43.143+0900] {processor.py:829} INFO - Processing file /usr/local/lib/python3.8/dist-packages/airflow/example_dags/tutorial_dag.py for tasks to queue
[2023-09-01T13:28:43.144+0900] {logging_mixin.py:151} INFO - [2023-09-01T13:28:43.143+0900] {dagbag.py:539} INFO - Filling up the DagBag from /usr/local/lib/python3.8/dist-packages/airflow/example_dags/tutorial_dag.py
[2023-09-01T13:28:43.151+0900] {processor.py:839} INFO - DAG(s) dict_keys(['tutorial_dag']) retrieved from /usr/local/lib/python3.8/dist-packages/airflow/example_dags/tutorial_dag.py
[2023-09-01T13:28:43.167+0900] {logging_mixin.py:151} INFO - [2023-09-01T13:28:43.167+0900] {dag.py:2907} INFO - Sync 1 DAGs
[2023-09-01T13:28:43.175+0900] {logging_mixin.py:151} INFO - [2023-09-01T13:28:43.175+0900] {dag.py:3677} INFO - Setting next_dagrun for tutorial_dag to None, run_after=None
[2023-09-01T13:28:43.187+0900] {processor.py:179} INFO - Processing /usr/local/lib/python3.8/dist-packages/airflow/example_dags/tutorial_dag.py took 0.050 seconds
[2023-09-01T13:29:16.185+0900] {processor.py:157} INFO - Started process (PID=16356) to work on /usr/local/lib/python3.8/dist-packages/airflow/example_dags/tutorial_dag.py
[2023-09-01T13:29:16.187+0900] {processor.py:829} INFO - Processing file /usr/local/lib/python3.8/dist-packages/airflow/example_dags/tutorial_dag.py for tasks to queue
[2023-09-01T13:29:16.189+0900] {logging_mixin.py:151} INFO - [2023-09-01T13:29:16.188+0900] {dagbag.py:539} INFO - Filling up the DagBag from /usr/local/lib/python3.8/dist-packages/airflow/example_dags/tutorial_dag.py
[2023-09-01T13:29:16.196+0900] {processor.py:839} INFO - DAG(s) dict_keys(['tutorial_dag']) retrieved from /usr/local/lib/python3.8/dist-packages/airflow/example_dags/tutorial_dag.py
[2023-09-01T13:29:16.213+0900] {logging_mixin.py:151} INFO - [2023-09-01T13:29:16.213+0900] {dag.py:2907} INFO - Sync 1 DAGs
[2023-09-01T13:29:16.221+0900] {logging_mixin.py:151} INFO - [2023-09-01T13:29:16.220+0900] {dag.py:3677} INFO - Setting next_dagrun for tutorial_dag to None, run_after=None
[2023-09-01T13:29:16.233+0900] {processor.py:179} INFO - Processing /usr/local/lib/python3.8/dist-packages/airflow/example_dags/tutorial_dag.py took 0.052 seconds
[2023-09-01T13:30:02.550+0900] {processor.py:157} INFO - Started process (PID=16810) to work on /usr/local/lib/python3.8/dist-packages/airflow/example_dags/tutorial_dag.py
[2023-09-01T13:30:02.551+0900] {processor.py:829} INFO - Processing file /usr/local/lib/python3.8/dist-packages/airflow/example_dags/tutorial_dag.py for tasks to queue
[2023-09-01T13:30:02.551+0900] {logging_mixin.py:151} INFO - [2023-09-01T13:30:02.551+0900] {dagbag.py:539} INFO - Filling up the DagBag from /usr/local/lib/python3.8/dist-packages/airflow/example_dags/tutorial_dag.py
[2023-09-01T13:30:02.555+0900] {processor.py:839} INFO - DAG(s) dict_keys(['tutorial_dag']) retrieved from /usr/local/lib/python3.8/dist-packages/airflow/example_dags/tutorial_dag.py
[2023-09-01T13:30:02.565+0900] {logging_mixin.py:151} INFO - [2023-09-01T13:30:02.565+0900] {dag.py:2907} INFO - Sync 1 DAGs
[2023-09-01T13:30:02.570+0900] {logging_mixin.py:151} INFO - [2023-09-01T13:30:02.570+0900] {dag.py:3677} INFO - Setting next_dagrun for tutorial_dag to None, run_after=None
[2023-09-01T13:30:02.579+0900] {processor.py:179} INFO - Processing /usr/local/lib/python3.8/dist-packages/airflow/example_dags/tutorial_dag.py took 0.032 seconds
[2023-09-01T13:30:34.607+0900] {processor.py:157} INFO - Started process (PID=17112) to work on /usr/local/lib/python3.8/dist-packages/airflow/example_dags/tutorial_dag.py
[2023-09-01T13:30:34.608+0900] {processor.py:829} INFO - Processing file /usr/local/lib/python3.8/dist-packages/airflow/example_dags/tutorial_dag.py for tasks to queue
[2023-09-01T13:30:34.610+0900] {logging_mixin.py:151} INFO - [2023-09-01T13:30:34.609+0900] {dagbag.py:539} INFO - Filling up the DagBag from /usr/local/lib/python3.8/dist-packages/airflow/example_dags/tutorial_dag.py
[2023-09-01T13:30:34.616+0900] {processor.py:839} INFO - DAG(s) dict_keys(['tutorial_dag']) retrieved from /usr/local/lib/python3.8/dist-packages/airflow/example_dags/tutorial_dag.py
[2023-09-01T13:30:34.631+0900] {logging_mixin.py:151} INFO - [2023-09-01T13:30:34.631+0900] {dag.py:2907} INFO - Sync 1 DAGs
[2023-09-01T13:30:34.640+0900] {logging_mixin.py:151} INFO - [2023-09-01T13:30:34.639+0900] {dag.py:3677} INFO - Setting next_dagrun for tutorial_dag to None, run_after=None
[2023-09-01T13:30:34.652+0900] {processor.py:179} INFO - Processing /usr/local/lib/python3.8/dist-packages/airflow/example_dags/tutorial_dag.py took 0.049 seconds
[2023-09-01T13:31:15.221+0900] {processor.py:157} INFO - Started process (PID=17512) to work on /usr/local/lib/python3.8/dist-packages/airflow/example_dags/tutorial_dag.py
[2023-09-01T13:31:15.224+0900] {processor.py:829} INFO - Processing file /usr/local/lib/python3.8/dist-packages/airflow/example_dags/tutorial_dag.py for tasks to queue
[2023-09-01T13:31:15.226+0900] {logging_mixin.py:151} INFO - [2023-09-01T13:31:15.225+0900] {dagbag.py:539} INFO - Filling up the DagBag from /usr/local/lib/python3.8/dist-packages/airflow/example_dags/tutorial_dag.py
[2023-09-01T13:31:15.235+0900] {processor.py:839} INFO - DAG(s) dict_keys(['tutorial_dag']) retrieved from /usr/local/lib/python3.8/dist-packages/airflow/example_dags/tutorial_dag.py
[2023-09-01T13:31:15.249+0900] {logging_mixin.py:151} INFO - [2023-09-01T13:31:15.249+0900] {dag.py:2907} INFO - Sync 1 DAGs
[2023-09-01T13:31:15.256+0900] {logging_mixin.py:151} INFO - [2023-09-01T13:31:15.256+0900] {dag.py:3677} INFO - Setting next_dagrun for tutorial_dag to None, run_after=None
[2023-09-01T13:31:15.265+0900] {processor.py:179} INFO - Processing /usr/local/lib/python3.8/dist-packages/airflow/example_dags/tutorial_dag.py took 0.050 seconds
[2023-09-01T13:31:59.239+0900] {processor.py:157} INFO - Started process (PID=17932) to work on /usr/local/lib/python3.8/dist-packages/airflow/example_dags/tutorial_dag.py
[2023-09-01T13:31:59.242+0900] {processor.py:829} INFO - Processing file /usr/local/lib/python3.8/dist-packages/airflow/example_dags/tutorial_dag.py for tasks to queue
[2023-09-01T13:31:59.244+0900] {logging_mixin.py:151} INFO - [2023-09-01T13:31:59.243+0900] {dagbag.py:539} INFO - Filling up the DagBag from /usr/local/lib/python3.8/dist-packages/airflow/example_dags/tutorial_dag.py
[2023-09-01T13:31:59.251+0900] {processor.py:839} INFO - DAG(s) dict_keys(['tutorial_dag']) retrieved from /usr/local/lib/python3.8/dist-packages/airflow/example_dags/tutorial_dag.py
[2023-09-01T13:31:59.267+0900] {logging_mixin.py:151} INFO - [2023-09-01T13:31:59.267+0900] {dag.py:2907} INFO - Sync 1 DAGs
[2023-09-01T13:31:59.275+0900] {logging_mixin.py:151} INFO - [2023-09-01T13:31:59.275+0900] {dag.py:3677} INFO - Setting next_dagrun for tutorial_dag to None, run_after=None
[2023-09-01T13:31:59.287+0900] {processor.py:179} INFO - Processing /usr/local/lib/python3.8/dist-packages/airflow/example_dags/tutorial_dag.py took 0.054 seconds
[2023-09-01T13:32:29.529+0900] {processor.py:157} INFO - Started process (PID=18227) to work on /usr/local/lib/python3.8/dist-packages/airflow/example_dags/tutorial_dag.py
[2023-09-01T13:32:29.530+0900] {processor.py:829} INFO - Processing file /usr/local/lib/python3.8/dist-packages/airflow/example_dags/tutorial_dag.py for tasks to queue
[2023-09-01T13:32:29.532+0900] {logging_mixin.py:151} INFO - [2023-09-01T13:32:29.531+0900] {dagbag.py:539} INFO - Filling up the DagBag from /usr/local/lib/python3.8/dist-packages/airflow/example_dags/tutorial_dag.py
[2023-09-01T13:32:29.538+0900] {processor.py:839} INFO - DAG(s) dict_keys(['tutorial_dag']) retrieved from /usr/local/lib/python3.8/dist-packages/airflow/example_dags/tutorial_dag.py
[2023-09-01T13:32:29.553+0900] {logging_mixin.py:151} INFO - [2023-09-01T13:32:29.553+0900] {dag.py:2907} INFO - Sync 1 DAGs
[2023-09-01T13:32:29.562+0900] {logging_mixin.py:151} INFO - [2023-09-01T13:32:29.562+0900] {dag.py:3677} INFO - Setting next_dagrun for tutorial_dag to None, run_after=None
[2023-09-01T13:32:29.576+0900] {processor.py:179} INFO - Processing /usr/local/lib/python3.8/dist-packages/airflow/example_dags/tutorial_dag.py took 0.051 seconds
[2023-09-01T13:33:13.816+0900] {processor.py:157} INFO - Started process (PID=18659) to work on /usr/local/lib/python3.8/dist-packages/airflow/example_dags/tutorial_dag.py
[2023-09-01T13:33:13.818+0900] {processor.py:829} INFO - Processing file /usr/local/lib/python3.8/dist-packages/airflow/example_dags/tutorial_dag.py for tasks to queue
[2023-09-01T13:33:13.820+0900] {logging_mixin.py:151} INFO - [2023-09-01T13:33:13.819+0900] {dagbag.py:539} INFO - Filling up the DagBag from /usr/local/lib/python3.8/dist-packages/airflow/example_dags/tutorial_dag.py
[2023-09-01T13:33:13.827+0900] {processor.py:839} INFO - DAG(s) dict_keys(['tutorial_dag']) retrieved from /usr/local/lib/python3.8/dist-packages/airflow/example_dags/tutorial_dag.py
[2023-09-01T13:33:13.844+0900] {logging_mixin.py:151} INFO - [2023-09-01T13:33:13.844+0900] {dag.py:2907} INFO - Sync 1 DAGs
[2023-09-01T13:33:13.852+0900] {logging_mixin.py:151} INFO - [2023-09-01T13:33:13.852+0900] {dag.py:3677} INFO - Setting next_dagrun for tutorial_dag to None, run_after=None
[2023-09-01T13:33:13.863+0900] {processor.py:179} INFO - Processing /usr/local/lib/python3.8/dist-packages/airflow/example_dags/tutorial_dag.py took 0.053 seconds
[2023-09-01T13:33:47.467+0900] {processor.py:157} INFO - Started process (PID=18996) to work on /usr/local/lib/python3.8/dist-packages/airflow/example_dags/tutorial_dag.py
[2023-09-01T13:33:47.468+0900] {processor.py:829} INFO - Processing file /usr/local/lib/python3.8/dist-packages/airflow/example_dags/tutorial_dag.py for tasks to queue
[2023-09-01T13:33:47.469+0900] {logging_mixin.py:151} INFO - [2023-09-01T13:33:47.468+0900] {dagbag.py:539} INFO - Filling up the DagBag from /usr/local/lib/python3.8/dist-packages/airflow/example_dags/tutorial_dag.py
[2023-09-01T13:33:47.476+0900] {processor.py:839} INFO - DAG(s) dict_keys(['tutorial_dag']) retrieved from /usr/local/lib/python3.8/dist-packages/airflow/example_dags/tutorial_dag.py
[2023-09-01T13:33:47.492+0900] {logging_mixin.py:151} INFO - [2023-09-01T13:33:47.492+0900] {dag.py:2907} INFO - Sync 1 DAGs
[2023-09-01T13:33:47.500+0900] {logging_mixin.py:151} INFO - [2023-09-01T13:33:47.500+0900] {dag.py:3677} INFO - Setting next_dagrun for tutorial_dag to None, run_after=None
[2023-09-01T13:33:47.511+0900] {processor.py:179} INFO - Processing /usr/local/lib/python3.8/dist-packages/airflow/example_dags/tutorial_dag.py took 0.049 seconds
[2023-09-01T13:34:30.817+0900] {processor.py:157} INFO - Started process (PID=19426) to work on /usr/local/lib/python3.8/dist-packages/airflow/example_dags/tutorial_dag.py
[2023-09-01T13:34:30.818+0900] {processor.py:829} INFO - Processing file /usr/local/lib/python3.8/dist-packages/airflow/example_dags/tutorial_dag.py for tasks to queue
[2023-09-01T13:34:30.820+0900] {logging_mixin.py:151} INFO - [2023-09-01T13:34:30.819+0900] {dagbag.py:539} INFO - Filling up the DagBag from /usr/local/lib/python3.8/dist-packages/airflow/example_dags/tutorial_dag.py
[2023-09-01T13:34:30.827+0900] {processor.py:839} INFO - DAG(s) dict_keys(['tutorial_dag']) retrieved from /usr/local/lib/python3.8/dist-packages/airflow/example_dags/tutorial_dag.py
[2023-09-01T13:34:30.844+0900] {logging_mixin.py:151} INFO - [2023-09-01T13:34:30.844+0900] {dag.py:2907} INFO - Sync 1 DAGs
[2023-09-01T13:34:30.852+0900] {logging_mixin.py:151} INFO - [2023-09-01T13:34:30.852+0900] {dag.py:3677} INFO - Setting next_dagrun for tutorial_dag to None, run_after=None
[2023-09-01T13:34:30.864+0900] {processor.py:179} INFO - Processing /usr/local/lib/python3.8/dist-packages/airflow/example_dags/tutorial_dag.py took 0.053 seconds
[2023-09-01T13:35:01.068+0900] {processor.py:157} INFO - Started process (PID=19718) to work on /usr/local/lib/python3.8/dist-packages/airflow/example_dags/tutorial_dag.py
[2023-09-01T13:35:01.070+0900] {processor.py:829} INFO - Processing file /usr/local/lib/python3.8/dist-packages/airflow/example_dags/tutorial_dag.py for tasks to queue
[2023-09-01T13:35:01.072+0900] {logging_mixin.py:151} INFO - [2023-09-01T13:35:01.070+0900] {dagbag.py:539} INFO - Filling up the DagBag from /usr/local/lib/python3.8/dist-packages/airflow/example_dags/tutorial_dag.py
[2023-09-01T13:35:01.079+0900] {processor.py:839} INFO - DAG(s) dict_keys(['tutorial_dag']) retrieved from /usr/local/lib/python3.8/dist-packages/airflow/example_dags/tutorial_dag.py
[2023-09-01T13:35:01.098+0900] {logging_mixin.py:151} INFO - [2023-09-01T13:35:01.098+0900] {dag.py:2907} INFO - Sync 1 DAGs
[2023-09-01T13:35:01.107+0900] {logging_mixin.py:151} INFO - [2023-09-01T13:35:01.107+0900] {dag.py:3677} INFO - Setting next_dagrun for tutorial_dag to None, run_after=None
[2023-09-01T13:35:01.120+0900] {processor.py:179} INFO - Processing /usr/local/lib/python3.8/dist-packages/airflow/example_dags/tutorial_dag.py took 0.057 seconds
[2023-09-01T13:35:43.968+0900] {processor.py:157} INFO - Started process (PID=20131) to work on /usr/local/lib/python3.8/dist-packages/airflow/example_dags/tutorial_dag.py
[2023-09-01T13:35:43.973+0900] {processor.py:829} INFO - Processing file /usr/local/lib/python3.8/dist-packages/airflow/example_dags/tutorial_dag.py for tasks to queue
[2023-09-01T13:35:43.977+0900] {logging_mixin.py:151} INFO - [2023-09-01T13:35:43.975+0900] {dagbag.py:539} INFO - Filling up the DagBag from /usr/local/lib/python3.8/dist-packages/airflow/example_dags/tutorial_dag.py
[2023-09-01T13:35:43.992+0900] {processor.py:839} INFO - DAG(s) dict_keys(['tutorial_dag']) retrieved from /usr/local/lib/python3.8/dist-packages/airflow/example_dags/tutorial_dag.py
[2023-09-01T13:35:44.018+0900] {logging_mixin.py:151} INFO - [2023-09-01T13:35:44.018+0900] {dag.py:2907} INFO - Sync 1 DAGs
[2023-09-01T13:35:44.028+0900] {logging_mixin.py:151} INFO - [2023-09-01T13:35:44.028+0900] {dag.py:3677} INFO - Setting next_dagrun for tutorial_dag to None, run_after=None
[2023-09-01T13:35:44.041+0900] {processor.py:179} INFO - Processing /usr/local/lib/python3.8/dist-packages/airflow/example_dags/tutorial_dag.py took 0.084 seconds
[2023-09-01T13:36:15.447+0900] {processor.py:157} INFO - Started process (PID=20440) to work on /usr/local/lib/python3.8/dist-packages/airflow/example_dags/tutorial_dag.py
[2023-09-01T13:36:15.450+0900] {processor.py:829} INFO - Processing file /usr/local/lib/python3.8/dist-packages/airflow/example_dags/tutorial_dag.py for tasks to queue
[2023-09-01T13:36:15.451+0900] {logging_mixin.py:151} INFO - [2023-09-01T13:36:15.450+0900] {dagbag.py:539} INFO - Filling up the DagBag from /usr/local/lib/python3.8/dist-packages/airflow/example_dags/tutorial_dag.py
[2023-09-01T13:36:15.458+0900] {processor.py:839} INFO - DAG(s) dict_keys(['tutorial_dag']) retrieved from /usr/local/lib/python3.8/dist-packages/airflow/example_dags/tutorial_dag.py
[2023-09-01T13:36:15.475+0900] {logging_mixin.py:151} INFO - [2023-09-01T13:36:15.475+0900] {dag.py:2907} INFO - Sync 1 DAGs
[2023-09-01T13:36:15.483+0900] {logging_mixin.py:151} INFO - [2023-09-01T13:36:15.483+0900] {dag.py:3677} INFO - Setting next_dagrun for tutorial_dag to None, run_after=None
[2023-09-01T13:36:15.495+0900] {processor.py:179} INFO - Processing /usr/local/lib/python3.8/dist-packages/airflow/example_dags/tutorial_dag.py took 0.054 seconds
[2023-09-01T13:36:48.104+0900] {processor.py:157} INFO - Started process (PID=20747) to work on /usr/local/lib/python3.8/dist-packages/airflow/example_dags/tutorial_dag.py
[2023-09-01T13:36:48.106+0900] {processor.py:829} INFO - Processing file /usr/local/lib/python3.8/dist-packages/airflow/example_dags/tutorial_dag.py for tasks to queue
[2023-09-01T13:36:48.107+0900] {logging_mixin.py:151} INFO - [2023-09-01T13:36:48.106+0900] {dagbag.py:539} INFO - Filling up the DagBag from /usr/local/lib/python3.8/dist-packages/airflow/example_dags/tutorial_dag.py
[2023-09-01T13:36:48.115+0900] {processor.py:839} INFO - DAG(s) dict_keys(['tutorial_dag']) retrieved from /usr/local/lib/python3.8/dist-packages/airflow/example_dags/tutorial_dag.py
[2023-09-01T13:36:48.135+0900] {logging_mixin.py:151} INFO - [2023-09-01T13:36:48.135+0900] {dag.py:2907} INFO - Sync 1 DAGs
[2023-09-01T13:36:48.145+0900] {logging_mixin.py:151} INFO - [2023-09-01T13:36:48.144+0900] {dag.py:3677} INFO - Setting next_dagrun for tutorial_dag to None, run_after=None
[2023-09-01T13:36:48.161+0900] {processor.py:179} INFO - Processing /usr/local/lib/python3.8/dist-packages/airflow/example_dags/tutorial_dag.py took 0.062 seconds
[2023-09-01T13:37:33.560+0900] {processor.py:157} INFO - Started process (PID=21191) to work on /usr/local/lib/python3.8/dist-packages/airflow/example_dags/tutorial_dag.py
[2023-09-01T13:37:33.562+0900] {processor.py:829} INFO - Processing file /usr/local/lib/python3.8/dist-packages/airflow/example_dags/tutorial_dag.py for tasks to queue
[2023-09-01T13:37:33.564+0900] {logging_mixin.py:151} INFO - [2023-09-01T13:37:33.563+0900] {dagbag.py:539} INFO - Filling up the DagBag from /usr/local/lib/python3.8/dist-packages/airflow/example_dags/tutorial_dag.py
[2023-09-01T13:37:33.572+0900] {processor.py:839} INFO - DAG(s) dict_keys(['tutorial_dag']) retrieved from /usr/local/lib/python3.8/dist-packages/airflow/example_dags/tutorial_dag.py
[2023-09-01T13:37:33.592+0900] {logging_mixin.py:151} INFO - [2023-09-01T13:37:33.592+0900] {dag.py:2907} INFO - Sync 1 DAGs
[2023-09-01T13:37:33.602+0900] {logging_mixin.py:151} INFO - [2023-09-01T13:37:33.602+0900] {dag.py:3677} INFO - Setting next_dagrun for tutorial_dag to None, run_after=None
[2023-09-01T13:37:33.617+0900] {processor.py:179} INFO - Processing /usr/local/lib/python3.8/dist-packages/airflow/example_dags/tutorial_dag.py took 0.063 seconds
[2023-09-01T13:38:05.616+0900] {processor.py:157} INFO - Started process (PID=21504) to work on /usr/local/lib/python3.8/dist-packages/airflow/example_dags/tutorial_dag.py
[2023-09-01T13:38:05.618+0900] {processor.py:829} INFO - Processing file /usr/local/lib/python3.8/dist-packages/airflow/example_dags/tutorial_dag.py for tasks to queue
[2023-09-01T13:38:05.619+0900] {logging_mixin.py:151} INFO - [2023-09-01T13:38:05.618+0900] {dagbag.py:539} INFO - Filling up the DagBag from /usr/local/lib/python3.8/dist-packages/airflow/example_dags/tutorial_dag.py
[2023-09-01T13:38:05.625+0900] {processor.py:839} INFO - DAG(s) dict_keys(['tutorial_dag']) retrieved from /usr/local/lib/python3.8/dist-packages/airflow/example_dags/tutorial_dag.py
[2023-09-01T13:38:05.639+0900] {logging_mixin.py:151} INFO - [2023-09-01T13:38:05.638+0900] {dag.py:2907} INFO - Sync 1 DAGs
[2023-09-01T13:38:05.646+0900] {logging_mixin.py:151} INFO - [2023-09-01T13:38:05.646+0900] {dag.py:3677} INFO - Setting next_dagrun for tutorial_dag to None, run_after=None
[2023-09-01T13:38:05.658+0900] {processor.py:179} INFO - Processing /usr/local/lib/python3.8/dist-packages/airflow/example_dags/tutorial_dag.py took 0.046 seconds
[2023-09-01T13:38:48.396+0900] {processor.py:157} INFO - Started process (PID=21941) to work on /usr/local/lib/python3.8/dist-packages/airflow/example_dags/tutorial_dag.py
[2023-09-01T13:38:48.397+0900] {processor.py:829} INFO - Processing file /usr/local/lib/python3.8/dist-packages/airflow/example_dags/tutorial_dag.py for tasks to queue
[2023-09-01T13:38:48.398+0900] {logging_mixin.py:151} INFO - [2023-09-01T13:38:48.398+0900] {dagbag.py:539} INFO - Filling up the DagBag from /usr/local/lib/python3.8/dist-packages/airflow/example_dags/tutorial_dag.py
[2023-09-01T13:38:48.405+0900] {processor.py:839} INFO - DAG(s) dict_keys(['tutorial_dag']) retrieved from /usr/local/lib/python3.8/dist-packages/airflow/example_dags/tutorial_dag.py
[2023-09-01T13:38:48.420+0900] {logging_mixin.py:151} INFO - [2023-09-01T13:38:48.420+0900] {dag.py:2907} INFO - Sync 1 DAGs
[2023-09-01T13:38:48.428+0900] {logging_mixin.py:151} INFO - [2023-09-01T13:38:48.428+0900] {dag.py:3677} INFO - Setting next_dagrun for tutorial_dag to None, run_after=None
[2023-09-01T13:38:48.440+0900] {processor.py:179} INFO - Processing /usr/local/lib/python3.8/dist-packages/airflow/example_dags/tutorial_dag.py took 0.049 seconds
